11/27/2022 21:02:11:INFO: start.
11/27/2022 21:02:11:INFO: --------hyper-arguments for this training.--------
11/27/2022 21:02:11:INFO: Namespace(answer_strategy='inter_logits_core_token', batch_size=16, dataset='rest16', eval_pre_epochs=1, learning_rate=1e-05, log_file=None, model_type='WT2ABSA_Mean', patience=5, pre_trained_model='pretrainedmodels/bert-base-cased', save_best_model=False, seed=985, total_epochs=20)
11/27/2022 21:02:11:INFO: ----------dataset files------------
11/27/2022 21:02:11:INFO: {'train': '../WordTrans2ABSA/dataset/rest16/train.json', 'dev': '../WordTrans2ABSA/dataset/rest16/dev.json', 'test': '../WordTrans2ABSA/dataset/rest16/test.json'}
11/27/2022 21:02:13:WARNING: Using custom data configuration default-b3ccb5991d649a97
11/27/2022 21:02:13:WARNING: Reusing dataset json (C:\Users\Super-IdoI\.cache\huggingface\datasets\json\default-b3ccb5991d649a97\0.0.0\45636811569ec4a6630521c18235dfbbab83b7ab572e3393c5ba68ccabe98264)
11/27/2022 21:02:13:INFO: -----------------------------------
11/27/2022 21:02:13:INFO: {'I-POS': ['good', 'clever', 'excellent', 'effectual', 'beautiful', 'nice', 'useful', 'well', 'fantastic'], 'I-NEU': ['Michael', 'John', 'David', 'Thomas', 'Martin', 'Paul'], 'I-NEG': ['bad', 'terrible', 'awful', 'badly', 'terrible', 'poor', 'unfortunate', 'harmful', 'dirty', 'sorry']}
11/27/2022 21:02:13:INFO: -----------------------------------
11/27/2022 21:02:13:INFO: {'O': 0, 'I-POS': 1, 'I-NEU': 2, 'I-NEG': 3}
11/27/2022 21:02:13:INFO: {0: 'O', 1: 'I-POS', 2: 'I-NEU', 3: 'I-NEG'}
11/27/2022 21:02:15:INFO: -----------------------------------
11/27/2022 21:02:15:INFO: {'I-POS': 28996, 'I-NEU': 28997, 'I-NEG': 28998}
11/27/2022 21:02:15:INFO: {28996: 'I-POS', 28997: 'I-NEU', 28998: 'I-NEG'}
11/27/2022 21:02:15:INFO: start preprocess dataset.
11/27/2022 21:02:15:WARNING: Loading cached processed dataset at C:\Users\Super-IdoI\.cache\huggingface\datasets\json\default-b3ccb5991d649a97\0.0.0\45636811569ec4a6630521c18235dfbbab83b7ab572e3393c5ba68ccabe98264\cache-f1bb314958e44bf4.arrow
11/27/2022 21:02:15:WARNING: Loading cached processed dataset at C:\Users\Super-IdoI\.cache\huggingface\datasets\json\default-b3ccb5991d649a97\0.0.0\45636811569ec4a6630521c18235dfbbab83b7ab572e3393c5ba68ccabe98264\cache-838bab541e3a74ec.arrow
11/27/2022 21:02:15:INFO: dataset preprocess finished.
11/27/2022 21:02:15:INFO: Train: 1113, Dev: 118, Test: 418.
11/27/2022 21:02:15:INFO: dataloader prepare finished.
11/27/2022 21:02:15:INFO: ***** Start Training *****
11/27/2022 21:02:15:INFO: Total Epochs: 20
11/27/2022 21:02:15:INFO: validate on per-1 epochs.
11/27/2022 21:02:15:INFO: Training Samples Count: 1113.
11/27/2022 21:02:15:INFO: Batch Size: 16, 每轮 70 Batch.
11/27/2022 21:02:15:INFO: Learning Rate: 1e-05
11/27/2022 21:02:15:INFO: --------------Epoch. 1.---------------
11/27/2022 21:02:23:INFO: [Epoch. 1.]: 100%|| 70/70 [00:07<00:00,  9.40it/s, avg_loss=1.03]
11/27/2022 21:02:23:INFO: Epoch 1, average loss: 1.030654958316258
11/27/2022 21:02:23:INFO: --------------Evaluate on Epoch. 1.---------------
11/27/2022 21:02:23:INFO: tensor([28996, 28997, 28998], device='cuda:0')
11/27/2022 21:02:23:INFO: **********Results Comparison**********
11/27/2022 21:02:23:INFO: 真实标签: 
 [1, 3, 3, 1, 1, 1, 1, 1, 1, 1, 1, 1, 1, 1, 2, 3, 1, 1, 1, 3, 1, 1, 3, 2, 1, 1, 1, 3, 1, 3, 3, 3, 1, 2, 3, 1, 1, 1, 1, 3, 3, 1, 1, 1, 1, 3, 1, 3, 1, 1, 1, 1, 2, 3, 1, 1, 1, 1, 1, 1, 1, 1, 1, 3, 1, 1, 1, 1, 1, 1, 1, 1, 1, 3, 3, 1, 1, 1, 1, 3, 2, 2, 1, 1, 1, 3, 3, 1, 1, 1, 1, 1, 1, 1, 3, 1, 1, 1, 1, 1, 1, 3, 1, 1, 2, 1, 1, 1, 1, 1, 3, 1, 1, 1, 3, 1, 1, 1]
11/27/2022 21:02:23:INFO: 预测标签: 
 [1, 1, 1, 1, 1, 1, 1, 1, 1, 1, 1, 1, 1, 1, 1, 1, 1, 1, 1, 1, 1, 1, 1, 1, 1, 1, 1, 1, 1, 1, 1, 1, 1, 1, 1, 1, 1, 1, 1, 1, 1, 1, 1, 1, 1, 1, 1, 1, 1, 1, 1, 1, 1, 1, 1, 1, 1, 1, 1, 1, 1, 1, 1, 1, 1, 1, 1, 1, 1, 1, 1, 1, 1, 1, 1, 1, 1, 1, 1, 1, 1, 1, 1, 1, 1, 1, 1, 1, 1, 1, 1, 1, 1, 1, 1, 1, 1, 1, 1, 1, 1, 1, 1, 1, 1, 1, 1, 1, 1, 1, 1, 1, 1, 1, 1, 1, 1, 1]
11/27/2022 21:02:23:INFO: ---------Evaluated Metrics----------
11/27/2022 21:02:23:INFO: Accuracy: 0.7288135593220338.
11/27/2022 21:02:23:INFO: Macro Precision: 0.24293785310734461.
11/27/2022 21:02:23:INFO: Macro Recall: 0.3333333333333333.
11/27/2022 21:02:23:INFO: Macro F1 score: 0.28104575163398693.
11/27/2022 21:02:23:INFO: ---------confusion_matrix----------
11/27/2022 21:02:23:INFO: 
[[86  0  0]
 [ 7  0  0]
 [25  0  0]]
11/27/2022 21:02:23:INFO: 模型效果验证详情: {'位置第一个显示标签': 1, '其他位置有情感标签': 0, '全句没有情感标签': 0}.
11/27/2022 21:02:23:INFO: ----------------------Evaluate finished.------------------------
11/27/2022 21:02:23:INFO: --------------Epoch. 2.---------------
11/27/2022 21:02:30:INFO: [Epoch. 2.]: 100%|| 70/70 [00:07<00:00,  9.54it/s, avg_loss=0.502]
11/27/2022 21:02:30:INFO: Epoch 2, average loss: 0.5017785866345678
11/27/2022 21:02:30:INFO: --------------Evaluate on Epoch. 2.---------------
11/27/2022 21:02:30:INFO: tensor([28996, 28997, 28998], device='cuda:0')
11/27/2022 21:02:31:INFO: **********Results Comparison**********
11/27/2022 21:02:31:INFO: 真实标签: 
 [1, 3, 3, 1, 1, 1, 1, 1, 1, 1, 1, 1, 1, 1, 2, 3, 1, 1, 1, 3, 1, 1, 3, 2, 1, 1, 1, 3, 1, 3, 3, 3, 1, 2, 3, 1, 1, 1, 1, 3, 3, 1, 1, 1, 1, 3, 1, 3, 1, 1, 1, 1, 2, 3, 1, 1, 1, 1, 1, 1, 1, 1, 1, 3, 1, 1, 1, 1, 1, 1, 1, 1, 1, 3, 3, 1, 1, 1, 1, 3, 2, 2, 1, 1, 1, 3, 3, 1, 1, 1, 1, 1, 1, 1, 3, 1, 1, 1, 1, 1, 1, 3, 1, 1, 2, 1, 1, 1, 1, 1, 3, 1, 1, 1, 3, 1, 1, 1]
11/27/2022 21:02:31:INFO: 预测标签: 
 [1, 1, 3, 1, 1, 1, 1, 1, 1, 1, 1, 1, 1, 1, 1, 1, 1, 1, 1, 1, 1, 1, 1, 3, 1, 1, 1, 1, 1, 1, 3, 3, 1, 1, 1, 1, 1, 1, 1, 1, 1, 1, 1, 1, 1, 1, 1, 1, 1, 1, 1, 1, 1, 1, 1, 1, 1, 1, 1, 1, 1, 1, 1, 1, 1, 1, 1, 1, 1, 1, 1, 1, 1, 1, 3, 1, 1, 1, 1, 1, 1, 1, 1, 1, 1, 1, 1, 1, 1, 1, 1, 1, 1, 1, 1, 1, 3, 1, 1, 1, 1, 1, 1, 1, 1, 1, 1, 1, 1, 1, 1, 1, 1, 1, 1, 1, 1, 1]
11/27/2022 21:02:31:INFO: ---------Evaluated Metrics----------
11/27/2022 21:02:31:INFO: Accuracy: 0.7542372881355932.
11/27/2022 21:02:31:INFO: Macro Precision: 0.47519841269841273.
11/27/2022 21:02:31:INFO: Macro Recall: 0.3827906976744186.
11/27/2022 21:02:31:INFO: Macro F1 score: 0.3722167915716303.
11/27/2022 21:02:31:INFO: ---------confusion_matrix----------
11/27/2022 21:02:31:INFO: 
[[85  0  1]
 [ 6  0  1]
 [21  0  4]]
11/27/2022 21:02:31:INFO: 模型效果验证详情: {'位置第一个显示标签': 69, '其他位置有情感标签': 0, '全句没有情感标签': 0}.
11/27/2022 21:02:31:INFO: ----------------------Evaluate finished.------------------------
11/27/2022 21:02:31:INFO: --------------Epoch. 3.---------------
11/27/2022 21:02:38:INFO: [Epoch. 3.]: 100%|| 70/70 [00:07<00:00,  9.51it/s, avg_loss=0.286]
11/27/2022 21:02:38:INFO: Epoch 3, average loss: 0.2858236595988274
11/27/2022 21:02:38:INFO: --------------Evaluate on Epoch. 3.---------------
11/27/2022 21:02:38:INFO: tensor([28996, 28997, 28998], device='cuda:0')
11/27/2022 21:02:38:INFO: **********Results Comparison**********
11/27/2022 21:02:38:INFO: 真实标签: 
 [1, 3, 3, 1, 1, 1, 1, 1, 1, 1, 1, 1, 1, 1, 2, 3, 1, 1, 1, 3, 1, 1, 3, 2, 1, 1, 1, 3, 1, 3, 3, 3, 1, 2, 3, 1, 1, 1, 1, 3, 3, 1, 1, 1, 1, 3, 1, 3, 1, 1, 1, 1, 2, 3, 1, 1, 1, 1, 1, 1, 1, 1, 1, 3, 1, 1, 1, 1, 1, 1, 1, 1, 1, 3, 3, 1, 1, 1, 1, 3, 2, 2, 1, 1, 1, 3, 3, 1, 1, 1, 1, 1, 1, 1, 3, 1, 1, 1, 1, 1, 1, 3, 1, 1, 2, 1, 1, 1, 1, 1, 3, 1, 1, 1, 3, 1, 1, 1]
11/27/2022 21:02:38:INFO: 预测标签: 
 [1, 3, 3, 1, 1, 1, 1, 1, 1, 1, 1, 1, 1, 1, 3, 3, 3, 1, 1, 3, 1, 1, 3, 3, 1, 1, 1, 3, 1, 3, 3, 3, 1, 1, 1, 1, 1, 3, 1, 3, 3, 1, 1, 1, 1, 1, 1, 1, 3, 1, 1, 1, 1, 1, 1, 1, 1, 1, 1, 1, 1, 1, 1, 1, 1, 1, 3, 1, 1, 1, 1, 1, 1, 3, 3, 1, 1, 1, 1, 1, 1, 1, 1, 1, 1, 3, 3, 1, 1, 1, 1, 1, 1, 1, 1, 1, 3, 1, 1, 1, 1, 3, 1, 1, 1, 1, 1, 1, 1, 1, 3, 1, 1, 1, 3, 1, 1, 1]
11/27/2022 21:02:38:INFO: ---------Evaluated Metrics----------
11/27/2022 21:02:38:INFO: Accuracy: 0.8389830508474576.
11/27/2022 21:02:38:INFO: Macro Precision: 0.5303225806451612.
11/27/2022 21:02:38:INFO: Macro Recall: 0.553953488372093.
11/27/2022 21:02:38:INFO: Macro F1 score: 0.5416759776536313.
11/27/2022 21:02:38:INFO: ---------confusion_matrix----------
11/27/2022 21:02:38:INFO: 
[[81  0  5]
 [ 5  0  2]
 [ 7  0 18]]
11/27/2022 21:02:38:INFO: 模型效果验证详情: {'位置第一个显示标签': 87, '其他位置有情感标签': 0, '全句没有情感标签': 0}.
11/27/2022 21:02:38:INFO: ----------------------Evaluate finished.------------------------
11/27/2022 21:02:38:INFO: --------------Epoch. 4.---------------
11/27/2022 21:02:46:INFO: [Epoch. 4.]: 100%|| 70/70 [00:07<00:00,  9.62it/s, avg_loss=0.176]
11/27/2022 21:02:46:INFO: Epoch 4, average loss: 0.1760700846357005
11/27/2022 21:02:46:INFO: --------------Evaluate on Epoch. 4.---------------
11/27/2022 21:02:46:INFO: tensor([28996, 28997, 28998], device='cuda:0')
11/27/2022 21:02:46:INFO: **********Results Comparison**********
11/27/2022 21:02:46:INFO: 真实标签: 
 [1, 3, 3, 1, 1, 1, 1, 1, 1, 1, 1, 1, 1, 1, 2, 3, 1, 1, 1, 3, 1, 1, 3, 2, 1, 1, 1, 3, 1, 3, 3, 3, 1, 2, 3, 1, 1, 1, 1, 3, 3, 1, 1, 1, 1, 3, 1, 3, 1, 1, 1, 1, 2, 3, 1, 1, 1, 1, 1, 1, 1, 1, 1, 3, 1, 1, 1, 1, 1, 1, 1, 1, 1, 3, 3, 1, 1, 1, 1, 3, 2, 2, 1, 1, 1, 3, 3, 1, 1, 1, 1, 1, 1, 1, 3, 1, 1, 1, 1, 1, 1, 3, 1, 1, 2, 1, 1, 1, 1, 1, 3, 1, 1, 1, 3, 1, 1, 1]
11/27/2022 21:02:46:INFO: 预测标签: 
 [1, 3, 3, 1, 1, 1, 1, 1, 1, 1, 1, 1, 1, 1, 3, 3, 3, 1, 1, 3, 1, 1, 3, 3, 1, 1, 1, 3, 1, 2, 3, 3, 1, 1, 1, 1, 1, 3, 1, 3, 3, 1, 1, 1, 1, 3, 1, 3, 3, 1, 1, 1, 1, 1, 1, 1, 1, 1, 1, 1, 1, 1, 1, 1, 1, 1, 3, 1, 1, 1, 1, 1, 1, 3, 3, 1, 1, 1, 1, 3, 1, 1, 1, 1, 1, 3, 3, 1, 1, 1, 1, 1, 1, 1, 1, 1, 3, 1, 1, 1, 1, 3, 1, 1, 1, 1, 1, 1, 1, 1, 3, 1, 1, 1, 3, 1, 1, 1]
11/27/2022 21:02:46:INFO: ---------Evaluated Metrics----------
11/27/2022 21:02:46:INFO: Accuracy: 0.8559322033898306.
11/27/2022 21:02:46:INFO: Macro Precision: 0.5469135802469136.
11/27/2022 21:02:46:INFO: Macro Recall: 0.5806201550387597.
11/27/2022 21:02:46:INFO: Macro F1 score: 0.5632284382284382.
11/27/2022 21:02:46:INFO: ---------confusion_matrix----------
11/27/2022 21:02:46:INFO: 
[[81  0  5]
 [ 5  0  2]
 [ 4  1 20]]
11/27/2022 21:02:46:INFO: 模型效果验证详情: {'位置第一个显示标签': 99, '其他位置有情感标签': 0, '全句没有情感标签': 0}.
11/27/2022 21:02:46:INFO: ----------------------Evaluate finished.------------------------
11/27/2022 21:02:46:INFO: --------------Epoch. 5.---------------
11/27/2022 21:02:53:INFO: [Epoch. 5.]: 100%|| 70/70 [00:07<00:00,  9.72it/s, avg_loss=0.122]
11/27/2022 21:02:53:INFO: Epoch 5, average loss: 0.12185338575925146
11/27/2022 21:02:53:INFO: --------------Evaluate on Epoch. 5.---------------
11/27/2022 21:02:53:INFO: tensor([28996, 28997, 28998], device='cuda:0')
11/27/2022 21:02:53:INFO: **********Results Comparison**********
11/27/2022 21:02:53:INFO: 真实标签: 
 [1, 3, 3, 1, 1, 1, 1, 1, 1, 1, 1, 1, 1, 1, 2, 3, 1, 1, 1, 3, 1, 1, 3, 2, 1, 1, 1, 3, 1, 3, 3, 3, 1, 2, 3, 1, 1, 1, 1, 3, 3, 1, 1, 1, 1, 3, 1, 3, 1, 1, 1, 1, 2, 3, 1, 1, 1, 1, 1, 1, 1, 1, 1, 3, 1, 1, 1, 1, 1, 1, 1, 1, 1, 3, 3, 1, 1, 1, 1, 3, 2, 2, 1, 1, 1, 3, 3, 1, 1, 1, 1, 1, 1, 1, 3, 1, 1, 1, 1, 1, 1, 3, 1, 1, 2, 1, 1, 1, 1, 1, 3, 1, 1, 1, 3, 1, 1, 1]
11/27/2022 21:02:53:INFO: 预测标签: 
 [1, 1, 3, 1, 1, 1, 1, 1, 1, 1, 1, 1, 1, 1, 3, 3, 1, 1, 1, 1, 1, 1, 3, 1, 1, 1, 1, 3, 1, 2, 3, 3, 1, 1, 1, 1, 1, 3, 1, 1, 3, 1, 1, 1, 1, 1, 1, 1, 1, 1, 1, 1, 1, 1, 1, 1, 1, 1, 1, 1, 1, 1, 1, 1, 1, 1, 1, 1, 1, 1, 1, 1, 1, 3, 3, 1, 1, 1, 1, 3, 1, 1, 1, 1, 1, 2, 3, 1, 1, 1, 1, 1, 1, 1, 1, 1, 3, 1, 1, 1, 1, 3, 1, 1, 1, 1, 1, 1, 1, 1, 3, 1, 1, 1, 1, 1, 1, 1]
11/27/2022 21:02:53:INFO: ---------Evaluated Metrics----------
11/27/2022 21:02:53:INFO: Accuracy: 0.8220338983050848.
11/27/2022 21:02:53:INFO: Macro Precision: 0.5508333333333333.
11/27/2022 21:02:53:INFO: Macro Recall: 0.4989147286821705.
11/27/2022 21:02:53:INFO: Macro F1 score: 0.5124573826383425.
11/27/2022 21:02:53:INFO: ---------confusion_matrix----------
11/27/2022 21:02:53:INFO: 
[[84  0  2]
 [ 6  0  1]
 [10  2 13]]
11/27/2022 21:02:53:INFO: 模型效果验证详情: {'位置第一个显示标签': 93, '其他位置有情感标签': 0, '全句没有情感标签': 0}.
11/27/2022 21:02:53:INFO: ----------------------Evaluate finished.------------------------
11/27/2022 21:02:53:INFO: --------------Epoch. 6.---------------
11/27/2022 21:03:00:INFO: [Epoch. 6.]: 100%|| 70/70 [00:07<00:00,  9.70it/s, avg_loss=0.0964]
11/27/2022 21:03:00:INFO: Epoch 6, average loss: 0.09638718638036932
11/27/2022 21:03:00:INFO: --------------Evaluate on Epoch. 6.---------------
11/27/2022 21:03:00:INFO: tensor([28996, 28997, 28998], device='cuda:0')
11/27/2022 21:03:01:INFO: **********Results Comparison**********
11/27/2022 21:03:01:INFO: 真实标签: 
 [1, 3, 3, 1, 1, 1, 1, 1, 1, 1, 1, 1, 1, 1, 2, 3, 1, 1, 1, 3, 1, 1, 3, 2, 1, 1, 1, 3, 1, 3, 3, 3, 1, 2, 3, 1, 1, 1, 1, 3, 3, 1, 1, 1, 1, 3, 1, 3, 1, 1, 1, 1, 2, 3, 1, 1, 1, 1, 1, 1, 1, 1, 1, 3, 1, 1, 1, 1, 1, 1, 1, 1, 1, 3, 3, 1, 1, 1, 1, 3, 2, 2, 1, 1, 1, 3, 3, 1, 1, 1, 1, 1, 1, 1, 3, 1, 1, 1, 1, 1, 1, 3, 1, 1, 2, 1, 1, 1, 1, 1, 3, 1, 1, 1, 3, 1, 1, 1]
11/27/2022 21:03:01:INFO: 预测标签: 
 [1, 3, 3, 1, 1, 1, 1, 1, 1, 1, 1, 1, 1, 1, 3, 3, 3, 1, 1, 3, 1, 1, 3, 3, 1, 1, 1, 3, 1, 3, 3, 3, 1, 1, 1, 1, 1, 3, 1, 3, 3, 1, 1, 1, 1, 3, 1, 3, 3, 1, 1, 1, 1, 1, 1, 1, 1, 1, 1, 1, 1, 1, 1, 1, 1, 1, 3, 1, 1, 1, 1, 1, 1, 3, 3, 1, 1, 1, 1, 3, 1, 1, 1, 1, 1, 3, 3, 1, 1, 1, 1, 1, 1, 1, 1, 1, 3, 1, 1, 1, 1, 3, 1, 1, 1, 1, 1, 1, 1, 1, 3, 1, 1, 1, 3, 1, 1, 1]
11/27/2022 21:03:01:INFO: ---------Evaluated Metrics----------
11/27/2022 21:03:01:INFO: Accuracy: 0.864406779661017.
11/27/2022 21:03:01:INFO: Macro Precision: 0.5499999999999999.
11/27/2022 21:03:01:INFO: Macro Recall: 0.593953488372093.
11/27/2022 21:03:01:INFO: Macro F1 score: 0.5709691252144083.
11/27/2022 21:03:01:INFO: ---------confusion_matrix----------
11/27/2022 21:03:01:INFO: 
[[81  0  5]
 [ 5  0  2]
 [ 4  0 21]]
11/27/2022 21:03:01:INFO: 模型效果验证详情: {'位置第一个显示标签': 96, '其他位置有情感标签': 0, '全句没有情感标签': 0}.
11/27/2022 21:03:01:INFO: ----------------------Evaluate finished.------------------------
11/27/2022 21:03:01:INFO: --------------Epoch. 7.---------------
11/27/2022 21:03:08:INFO: [Epoch. 7.]: 100%|| 70/70 [00:07<00:00,  9.55it/s, avg_loss=0.076]
11/27/2022 21:03:08:INFO: Epoch 7, average loss: 0.07603505732757705
11/27/2022 21:03:08:INFO: --------------Evaluate on Epoch. 7.---------------
11/27/2022 21:03:08:INFO: tensor([28996, 28997, 28998], device='cuda:0')
11/27/2022 21:03:08:INFO: **********Results Comparison**********
11/27/2022 21:03:08:INFO: 真实标签: 
 [1, 3, 3, 1, 1, 1, 1, 1, 1, 1, 1, 1, 1, 1, 2, 3, 1, 1, 1, 3, 1, 1, 3, 2, 1, 1, 1, 3, 1, 3, 3, 3, 1, 2, 3, 1, 1, 1, 1, 3, 3, 1, 1, 1, 1, 3, 1, 3, 1, 1, 1, 1, 2, 3, 1, 1, 1, 1, 1, 1, 1, 1, 1, 3, 1, 1, 1, 1, 1, 1, 1, 1, 1, 3, 3, 1, 1, 1, 1, 3, 2, 2, 1, 1, 1, 3, 3, 1, 1, 1, 1, 1, 1, 1, 3, 1, 1, 1, 1, 1, 1, 3, 1, 1, 2, 1, 1, 1, 1, 1, 3, 1, 1, 1, 3, 1, 1, 1]
11/27/2022 21:03:08:INFO: 预测标签: 
 [1, 3, 3, 1, 1, 1, 1, 1, 1, 1, 1, 1, 1, 1, 3, 3, 1, 1, 1, 3, 1, 1, 3, 1, 1, 1, 1, 3, 1, 2, 3, 3, 1, 1, 1, 1, 1, 3, 1, 3, 3, 1, 1, 1, 1, 3, 1, 2, 1, 1, 1, 1, 1, 1, 1, 1, 1, 1, 1, 1, 1, 1, 1, 1, 1, 1, 1, 1, 1, 1, 1, 1, 1, 3, 3, 1, 1, 1, 1, 3, 1, 2, 1, 1, 1, 3, 3, 1, 1, 1, 1, 1, 1, 1, 1, 1, 3, 1, 1, 1, 1, 3, 1, 1, 1, 1, 1, 1, 1, 1, 3, 1, 1, 1, 1, 1, 1, 1]
11/27/2022 21:03:08:INFO: ---------Evaluated Metrics----------
11/27/2022 21:03:08:INFO: Accuracy: 0.8728813559322034.
11/27/2022 21:03:08:INFO: Macro Precision: 0.6946977372509288.
11/27/2022 21:03:08:INFO: Macro Recall: 0.6132004429678848.
11/27/2022 21:03:08:INFO: Macro F1 score: 0.638647342995169.
11/27/2022 21:03:08:INFO: ---------confusion_matrix----------
11/27/2022 21:03:08:INFO: 
[[84  0  2]
 [ 5  1  1]
 [ 5  2 18]]
11/27/2022 21:03:08:INFO: 模型效果验证详情: {'位置第一个显示标签': 97, '其他位置有情感标签': 0, '全句没有情感标签': 0}.
11/27/2022 21:03:08:INFO: ----------------------Evaluate finished.------------------------
11/27/2022 21:03:08:INFO: --------------Epoch. 8.---------------
11/27/2022 21:03:16:INFO: [Epoch. 8.]: 100%|| 70/70 [00:07<00:00,  9.54it/s, avg_loss=0.0612]
11/27/2022 21:03:16:INFO: Epoch 8, average loss: 0.06117248000311
11/27/2022 21:03:16:INFO: --------------Evaluate on Epoch. 8.---------------
11/27/2022 21:03:16:INFO: tensor([28996, 28997, 28998], device='cuda:0')
11/27/2022 21:03:16:INFO: **********Results Comparison**********
11/27/2022 21:03:16:INFO: 真实标签: 
 [1, 3, 3, 1, 1, 1, 1, 1, 1, 1, 1, 1, 1, 1, 2, 3, 1, 1, 1, 3, 1, 1, 3, 2, 1, 1, 1, 3, 1, 3, 3, 3, 1, 2, 3, 1, 1, 1, 1, 3, 3, 1, 1, 1, 1, 3, 1, 3, 1, 1, 1, 1, 2, 3, 1, 1, 1, 1, 1, 1, 1, 1, 1, 3, 1, 1, 1, 1, 1, 1, 1, 1, 1, 3, 3, 1, 1, 1, 1, 3, 2, 2, 1, 1, 1, 3, 3, 1, 1, 1, 1, 1, 1, 1, 3, 1, 1, 1, 1, 1, 1, 3, 1, 1, 2, 1, 1, 1, 1, 1, 3, 1, 1, 1, 3, 1, 1, 1]
11/27/2022 21:03:16:INFO: 预测标签: 
 [1, 3, 3, 1, 1, 1, 1, 1, 1, 1, 1, 1, 1, 1, 3, 3, 1, 1, 1, 3, 1, 1, 3, 3, 1, 1, 1, 3, 1, 2, 3, 3, 1, 1, 1, 1, 1, 3, 1, 3, 3, 1, 1, 1, 1, 3, 1, 3, 3, 1, 1, 1, 1, 1, 1, 1, 1, 1, 1, 1, 1, 1, 1, 1, 1, 1, 3, 1, 1, 1, 1, 1, 1, 3, 3, 1, 1, 1, 1, 3, 1, 2, 1, 1, 1, 3, 3, 1, 1, 1, 1, 1, 1, 1, 3, 1, 3, 1, 1, 1, 1, 3, 1, 1, 1, 1, 1, 1, 1, 1, 3, 1, 1, 1, 3, 1, 1, 1]
11/27/2022 21:03:16:INFO: ---------Evaluated Metrics----------
11/27/2022 21:03:16:INFO: Accuracy: 0.8813559322033898.
11/27/2022 21:03:16:INFO: Macro Precision: 0.7330420307948398.
11/27/2022 21:03:16:INFO: Macro Recall: 0.6454485049833888.
11/27/2022 21:03:16:INFO: Macro F1 score: 0.6556857956857958.
11/27/2022 21:03:16:INFO: ---------confusion_matrix----------
11/27/2022 21:03:16:INFO: 
[[82  0  4]
 [ 4  1  2]
 [ 3  1 21]]
11/27/2022 21:03:16:INFO: 模型效果验证详情: {'位置第一个显示标签': 100, '其他位置有情感标签': 0, '全句没有情感标签': 0}.
11/27/2022 21:03:16:INFO: ----------------------Evaluate finished.------------------------
11/27/2022 21:03:16:INFO: --------------Epoch. 9.---------------
11/27/2022 21:03:23:INFO: [Epoch. 9.]: 100%|| 70/70 [00:07<00:00,  9.55it/s, avg_loss=0.0525]
11/27/2022 21:03:23:INFO: Epoch 9, average loss: 0.05246109709675823
11/27/2022 21:03:23:INFO: --------------Evaluate on Epoch. 9.---------------
11/27/2022 21:03:23:INFO: tensor([28996, 28997, 28998], device='cuda:0')
11/27/2022 21:03:23:INFO: **********Results Comparison**********
11/27/2022 21:03:23:INFO: 真实标签: 
 [1, 3, 3, 1, 1, 1, 1, 1, 1, 1, 1, 1, 1, 1, 2, 3, 1, 1, 1, 3, 1, 1, 3, 2, 1, 1, 1, 3, 1, 3, 3, 3, 1, 2, 3, 1, 1, 1, 1, 3, 3, 1, 1, 1, 1, 3, 1, 3, 1, 1, 1, 1, 2, 3, 1, 1, 1, 1, 1, 1, 1, 1, 1, 3, 1, 1, 1, 1, 1, 1, 1, 1, 1, 3, 3, 1, 1, 1, 1, 3, 2, 2, 1, 1, 1, 3, 3, 1, 1, 1, 1, 1, 1, 1, 3, 1, 1, 1, 1, 1, 1, 3, 1, 1, 2, 1, 1, 1, 1, 1, 3, 1, 1, 1, 3, 1, 1, 1]
11/27/2022 21:03:23:INFO: 预测标签: 
 [1, 3, 3, 1, 1, 1, 1, 1, 1, 1, 1, 1, 1, 1, 3, 3, 1, 1, 1, 3, 1, 1, 3, 1, 1, 1, 1, 3, 1, 2, 3, 3, 1, 1, 1, 1, 1, 3, 1, 3, 3, 1, 1, 1, 1, 3, 1, 3, 1, 1, 1, 1, 1, 1, 1, 1, 1, 1, 1, 1, 1, 1, 1, 1, 1, 1, 3, 1, 1, 1, 1, 1, 1, 3, 3, 1, 1, 1, 1, 3, 1, 2, 1, 1, 1, 3, 3, 1, 1, 1, 1, 1, 1, 1, 3, 1, 3, 1, 1, 1, 1, 3, 1, 1, 1, 1, 1, 1, 1, 1, 3, 1, 1, 1, 3, 1, 1, 1]
11/27/2022 21:03:23:INFO: ---------Evaluated Metrics----------
11/27/2022 21:03:23:INFO: Accuracy: 0.8898305084745762.
11/27/2022 21:03:23:INFO: Macro Precision: 0.7506959706959706.
11/27/2022 21:03:23:INFO: Macro Recall: 0.6493244739756369.
11/27/2022 21:03:23:INFO: Macro F1 score: 0.666691776522285.
11/27/2022 21:03:23:INFO: ---------confusion_matrix----------
11/27/2022 21:03:23:INFO: 
[[83  0  3]
 [ 5  1  1]
 [ 3  1 21]]
11/27/2022 21:03:23:INFO: 模型效果验证详情: {'位置第一个显示标签': 94, '其他位置有情感标签': 0, '全句没有情感标签': 0}.
11/27/2022 21:03:23:INFO: ----------------------Evaluate finished.------------------------
11/27/2022 21:03:23:INFO: --------------Epoch. 10.---------------
11/27/2022 21:03:31:INFO: [Epoch. 10.]: 100%|| 70/70 [00:07<00:00,  9.49it/s, avg_loss=0.0444]
11/27/2022 21:03:31:INFO: Epoch 10, average loss: 0.04443753989679473
11/27/2022 21:03:31:INFO: --------------Evaluate on Epoch. 10.---------------
11/27/2022 21:03:31:INFO: tensor([28996, 28997, 28998], device='cuda:0')
11/27/2022 21:03:31:INFO: **********Results Comparison**********
11/27/2022 21:03:31:INFO: 真实标签: 
 [1, 3, 3, 1, 1, 1, 1, 1, 1, 1, 1, 1, 1, 1, 2, 3, 1, 1, 1, 3, 1, 1, 3, 2, 1, 1, 1, 3, 1, 3, 3, 3, 1, 2, 3, 1, 1, 1, 1, 3, 3, 1, 1, 1, 1, 3, 1, 3, 1, 1, 1, 1, 2, 3, 1, 1, 1, 1, 1, 1, 1, 1, 1, 3, 1, 1, 1, 1, 1, 1, 1, 1, 1, 3, 3, 1, 1, 1, 1, 3, 2, 2, 1, 1, 1, 3, 3, 1, 1, 1, 1, 1, 1, 1, 3, 1, 1, 1, 1, 1, 1, 3, 1, 1, 2, 1, 1, 1, 1, 1, 3, 1, 1, 1, 3, 1, 1, 1]
11/27/2022 21:03:31:INFO: 预测标签: 
 [1, 3, 3, 1, 1, 1, 1, 1, 1, 1, 1, 1, 1, 1, 3, 3, 1, 1, 1, 3, 1, 1, 3, 3, 1, 1, 1, 3, 1, 2, 3, 3, 1, 1, 1, 1, 1, 3, 1, 3, 3, 1, 1, 1, 1, 3, 1, 3, 3, 1, 1, 1, 1, 1, 1, 1, 1, 1, 1, 1, 1, 1, 1, 1, 1, 1, 3, 1, 1, 1, 1, 1, 1, 3, 3, 1, 1, 3, 1, 3, 1, 2, 1, 1, 1, 3, 3, 1, 1, 1, 1, 1, 1, 1, 3, 1, 3, 1, 1, 1, 1, 3, 1, 1, 1, 1, 1, 1, 1, 1, 3, 1, 1, 1, 3, 1, 1, 1]
11/27/2022 21:03:31:INFO: ---------Evaluated Metrics----------
11/27/2022 21:03:31:INFO: Accuracy: 0.8728813559322034.
11/27/2022 21:03:31:INFO: Macro Precision: 0.7234848484848485.
11/27/2022 21:03:31:INFO: Macro Recall: 0.6415725359911407.
11/27/2022 21:03:31:INFO: Macro F1 score: 0.6485698450565075.
11/27/2022 21:03:31:INFO: ---------confusion_matrix----------
11/27/2022 21:03:31:INFO: 
[[81  0  5]
 [ 4  1  2]
 [ 3  1 21]]
11/27/2022 21:03:31:INFO: 模型效果验证详情: {'位置第一个显示标签': 100, '其他位置有情感标签': 0, '全句没有情感标签': 0}.
11/27/2022 21:03:31:INFO: ----------------------Evaluate finished.------------------------
11/27/2022 21:03:31:INFO: --------------Epoch. 11.---------------
11/27/2022 21:03:38:INFO: [Epoch. 11.]: 100%|| 70/70 [00:07<00:00,  9.60it/s, avg_loss=0.0388]
11/27/2022 21:03:38:INFO: Epoch 11, average loss: 0.03883713223040104
11/27/2022 21:03:38:INFO: --------------Evaluate on Epoch. 11.---------------
11/27/2022 21:03:38:INFO: tensor([28996, 28997, 28998], device='cuda:0')
11/27/2022 21:03:39:INFO: **********Results Comparison**********
11/27/2022 21:03:39:INFO: 真实标签: 
 [1, 3, 3, 1, 1, 1, 1, 1, 1, 1, 1, 1, 1, 1, 2, 3, 1, 1, 1, 3, 1, 1, 3, 2, 1, 1, 1, 3, 1, 3, 3, 3, 1, 2, 3, 1, 1, 1, 1, 3, 3, 1, 1, 1, 1, 3, 1, 3, 1, 1, 1, 1, 2, 3, 1, 1, 1, 1, 1, 1, 1, 1, 1, 3, 1, 1, 1, 1, 1, 1, 1, 1, 1, 3, 3, 1, 1, 1, 1, 3, 2, 2, 1, 1, 1, 3, 3, 1, 1, 1, 1, 1, 1, 1, 3, 1, 1, 1, 1, 1, 1, 3, 1, 1, 2, 1, 1, 1, 1, 1, 3, 1, 1, 1, 3, 1, 1, 1]
11/27/2022 21:03:39:INFO: 预测标签: 
 [1, 3, 3, 1, 1, 1, 1, 1, 1, 1, 1, 1, 1, 1, 3, 3, 1, 1, 1, 3, 1, 1, 3, 1, 1, 1, 1, 3, 1, 2, 3, 3, 1, 1, 1, 1, 1, 3, 1, 3, 3, 1, 1, 1, 1, 3, 1, 3, 1, 1, 1, 1, 1, 1, 1, 1, 1, 1, 1, 1, 1, 1, 1, 1, 1, 1, 3, 1, 1, 1, 1, 1, 1, 3, 3, 1, 1, 1, 1, 3, 1, 2, 1, 1, 1, 3, 3, 1, 1, 1, 1, 1, 1, 1, 3, 1, 3, 1, 1, 1, 1, 3, 1, 1, 1, 1, 1, 1, 1, 1, 3, 1, 1, 1, 1, 1, 1, 1]
11/27/2022 21:03:39:INFO: ---------Evaluated Metrics----------
11/27/2022 21:03:39:INFO: Accuracy: 0.8813559322033898.
11/27/2022 21:03:39:INFO: Macro Precision: 0.7451690821256038.
11/27/2022 21:03:39:INFO: Macro Recall: 0.6359911406423034.
11/27/2022 21:03:39:INFO: Macro F1 score: 0.6570443408324628.
11/27/2022 21:03:39:INFO: ---------confusion_matrix----------
11/27/2022 21:03:39:INFO: 
[[83  0  3]
 [ 5  1  1]
 [ 4  1 20]]
11/27/2022 21:03:39:INFO: 模型效果验证详情: {'位置第一个显示标签': 98, '其他位置有情感标签': 0, '全句没有情感标签': 0}.
11/27/2022 21:03:39:INFO: ----------------------Evaluate finished.------------------------
11/27/2022 21:03:39:INFO: --------------Epoch. 12.---------------
11/27/2022 21:03:46:INFO: [Epoch. 12.]: 100%|| 70/70 [00:07<00:00,  9.54it/s, avg_loss=0.0345]
11/27/2022 21:03:46:INFO: Epoch 12, average loss: 0.034472915862819975
11/27/2022 21:03:46:INFO: --------------Evaluate on Epoch. 12.---------------
11/27/2022 21:03:46:INFO: tensor([28996, 28997, 28998], device='cuda:0')
11/27/2022 21:03:46:INFO: **********Results Comparison**********
11/27/2022 21:03:46:INFO: 真实标签: 
 [1, 3, 3, 1, 1, 1, 1, 1, 1, 1, 1, 1, 1, 1, 2, 3, 1, 1, 1, 3, 1, 1, 3, 2, 1, 1, 1, 3, 1, 3, 3, 3, 1, 2, 3, 1, 1, 1, 1, 3, 3, 1, 1, 1, 1, 3, 1, 3, 1, 1, 1, 1, 2, 3, 1, 1, 1, 1, 1, 1, 1, 1, 1, 3, 1, 1, 1, 1, 1, 1, 1, 1, 1, 3, 3, 1, 1, 1, 1, 3, 2, 2, 1, 1, 1, 3, 3, 1, 1, 1, 1, 1, 1, 1, 3, 1, 1, 1, 1, 1, 1, 3, 1, 1, 2, 1, 1, 1, 1, 1, 3, 1, 1, 1, 3, 1, 1, 1]
11/27/2022 21:03:46:INFO: 预测标签: 
 [1, 3, 3, 1, 1, 1, 1, 1, 1, 1, 1, 1, 1, 1, 3, 3, 1, 1, 1, 3, 1, 1, 3, 1, 1, 1, 1, 3, 1, 2, 3, 3, 1, 1, 1, 1, 1, 3, 1, 3, 3, 1, 1, 1, 1, 3, 1, 2, 1, 1, 1, 1, 1, 1, 1, 1, 1, 1, 1, 1, 1, 1, 1, 1, 1, 1, 3, 1, 1, 1, 1, 1, 1, 3, 3, 1, 1, 3, 1, 3, 1, 2, 1, 1, 1, 3, 3, 1, 1, 1, 1, 1, 1, 1, 3, 1, 3, 1, 1, 1, 1, 3, 1, 1, 1, 1, 1, 1, 1, 1, 3, 1, 1, 1, 1, 1, 1, 1]
11/27/2022 21:03:46:INFO: ---------Evaluated Metrics----------
11/27/2022 21:03:46:INFO: Accuracy: 0.864406779661017.
11/27/2022 21:03:46:INFO: Macro Precision: 0.6753663003663003.
11/27/2022 21:03:46:INFO: Macro Recall: 0.6187818383167221.
11/27/2022 21:03:46:INFO: Macro F1 score: 0.6340212921326723.
11/27/2022 21:03:46:INFO: ---------confusion_matrix----------
11/27/2022 21:03:46:INFO: 
[[82  0  4]
 [ 5  1  1]
 [ 4  2 19]]
11/27/2022 21:03:46:INFO: 模型效果验证详情: {'位置第一个显示标签': 99, '其他位置有情感标签': 0, '全句没有情感标签': 0}.
11/27/2022 21:03:46:INFO: ----------------------Evaluate finished.------------------------
11/27/2022 21:03:46:INFO: --------------Epoch. 13.---------------
11/27/2022 21:03:53:INFO: [Epoch. 13.]: 100%|| 70/70 [00:07<00:00,  9.55it/s, avg_loss=0.0318]
11/27/2022 21:03:53:INFO: Epoch 13, average loss: 0.03182749801448413
11/27/2022 21:03:53:INFO: --------------Evaluate on Epoch. 13.---------------
11/27/2022 21:03:53:INFO: tensor([28996, 28997, 28998], device='cuda:0')
11/27/2022 21:03:54:INFO: **********Results Comparison**********
11/27/2022 21:03:54:INFO: 真实标签: 
 [1, 3, 3, 1, 1, 1, 1, 1, 1, 1, 1, 1, 1, 1, 2, 3, 1, 1, 1, 3, 1, 1, 3, 2, 1, 1, 1, 3, 1, 3, 3, 3, 1, 2, 3, 1, 1, 1, 1, 3, 3, 1, 1, 1, 1, 3, 1, 3, 1, 1, 1, 1, 2, 3, 1, 1, 1, 1, 1, 1, 1, 1, 1, 3, 1, 1, 1, 1, 1, 1, 1, 1, 1, 3, 3, 1, 1, 1, 1, 3, 2, 2, 1, 1, 1, 3, 3, 1, 1, 1, 1, 1, 1, 1, 3, 1, 1, 1, 1, 1, 1, 3, 1, 1, 2, 1, 1, 1, 1, 1, 3, 1, 1, 1, 3, 1, 1, 1]
11/27/2022 21:03:54:INFO: 预测标签: 
 [1, 3, 3, 1, 1, 1, 1, 1, 1, 1, 1, 1, 1, 1, 3, 3, 1, 1, 1, 3, 1, 1, 3, 1, 1, 1, 1, 3, 1, 2, 3, 3, 1, 1, 1, 1, 1, 3, 1, 3, 3, 1, 1, 1, 1, 3, 1, 3, 1, 1, 1, 1, 1, 1, 1, 1, 1, 1, 1, 1, 1, 1, 1, 1, 1, 1, 3, 1, 1, 1, 1, 1, 1, 3, 3, 1, 1, 1, 1, 3, 1, 2, 1, 1, 1, 3, 3, 1, 1, 1, 1, 1, 1, 1, 3, 1, 3, 1, 1, 1, 1, 3, 1, 1, 1, 1, 1, 1, 1, 1, 3, 1, 1, 1, 1, 1, 1, 1]
11/27/2022 21:03:54:INFO: ---------Evaluated Metrics----------
11/27/2022 21:03:54:INFO: Accuracy: 0.8813559322033898.
11/27/2022 21:03:54:INFO: Macro Precision: 0.7451690821256038.
11/27/2022 21:03:54:INFO: Macro Recall: 0.6359911406423034.
11/27/2022 21:03:54:INFO: Macro F1 score: 0.6570443408324628.
11/27/2022 21:03:54:INFO: ---------confusion_matrix----------
11/27/2022 21:03:54:INFO: 
[[83  0  3]
 [ 5  1  1]
 [ 4  1 20]]
11/27/2022 21:03:54:INFO: 模型效果验证详情: {'位置第一个显示标签': 100, '其他位置有情感标签': 0, '全句没有情感标签': 0}.
11/27/2022 21:03:54:INFO: ----------------------Evaluate finished.------------------------
11/27/2022 21:03:54:INFO: --------------Epoch. 14.---------------
11/27/2022 21:04:01:INFO: [Epoch. 14.]: 100%|| 70/70 [00:07<00:00,  9.59it/s, avg_loss=0.0283]
11/27/2022 21:04:01:INFO: Epoch 14, average loss: 0.028306021288569485
11/27/2022 21:04:01:INFO: --------------Evaluate on Epoch. 14.---------------
11/27/2022 21:04:01:INFO: tensor([28996, 28997, 28998], device='cuda:0')
11/27/2022 21:04:01:INFO: **********Results Comparison**********
11/27/2022 21:04:01:INFO: 真实标签: 
 [1, 3, 3, 1, 1, 1, 1, 1, 1, 1, 1, 1, 1, 1, 2, 3, 1, 1, 1, 3, 1, 1, 3, 2, 1, 1, 1, 3, 1, 3, 3, 3, 1, 2, 3, 1, 1, 1, 1, 3, 3, 1, 1, 1, 1, 3, 1, 3, 1, 1, 1, 1, 2, 3, 1, 1, 1, 1, 1, 1, 1, 1, 1, 3, 1, 1, 1, 1, 1, 1, 1, 1, 1, 3, 3, 1, 1, 1, 1, 3, 2, 2, 1, 1, 1, 3, 3, 1, 1, 1, 1, 1, 1, 1, 3, 1, 1, 1, 1, 1, 1, 3, 1, 1, 2, 1, 1, 1, 1, 1, 3, 1, 1, 1, 3, 1, 1, 1]
11/27/2022 21:04:01:INFO: 预测标签: 
 [1, 3, 3, 1, 1, 1, 1, 1, 1, 1, 1, 1, 1, 1, 3, 3, 1, 1, 1, 3, 1, 1, 3, 1, 1, 1, 1, 3, 1, 2, 3, 3, 1, 1, 1, 1, 1, 3, 1, 3, 3, 1, 1, 1, 1, 3, 1, 3, 1, 1, 1, 1, 1, 1, 1, 1, 1, 1, 1, 1, 1, 1, 1, 1, 1, 1, 3, 1, 1, 1, 1, 1, 1, 3, 3, 1, 1, 3, 1, 3, 1, 2, 1, 1, 1, 3, 3, 1, 1, 1, 1, 1, 1, 1, 3, 1, 3, 1, 1, 1, 1, 3, 1, 1, 1, 1, 1, 1, 1, 1, 3, 1, 1, 1, 3, 1, 1, 1]
11/27/2022 21:04:01:INFO: ---------Evaluated Metrics----------
11/27/2022 21:04:01:INFO: Accuracy: 0.8813559322033898.
11/27/2022 21:04:01:INFO: Macro Precision: 0.7396011396011396.
11/27/2022 21:04:01:INFO: Macro Recall: 0.6454485049833888.
11/27/2022 21:04:01:INFO: Macro F1 score: 0.6591899386017034.
11/27/2022 21:04:01:INFO: ---------confusion_matrix----------
11/27/2022 21:04:01:INFO: 
[[82  0  4]
 [ 5  1  1]
 [ 3  1 21]]
11/27/2022 21:04:01:INFO: 模型效果验证详情: {'位置第一个显示标签': 100, '其他位置有情感标签': 0, '全句没有情感标签': 0}.
11/27/2022 21:04:01:INFO: ----------------------Evaluate finished.------------------------
11/27/2022 21:04:01:INFO: --------------Epoch. 15.---------------
11/27/2022 21:04:09:INFO: [Epoch. 15.]: 100%|| 70/70 [00:07<00:00,  9.56it/s, avg_loss=0.0265]
11/27/2022 21:04:09:INFO: Epoch 15, average loss: 0.026450764161667653
11/27/2022 21:04:09:INFO: --------------Evaluate on Epoch. 15.---------------
11/27/2022 21:04:09:INFO: tensor([28996, 28997, 28998], device='cuda:0')
11/27/2022 21:04:09:INFO: **********Results Comparison**********
11/27/2022 21:04:09:INFO: 真实标签: 
 [1, 3, 3, 1, 1, 1, 1, 1, 1, 1, 1, 1, 1, 1, 2, 3, 1, 1, 1, 3, 1, 1, 3, 2, 1, 1, 1, 3, 1, 3, 3, 3, 1, 2, 3, 1, 1, 1, 1, 3, 3, 1, 1, 1, 1, 3, 1, 3, 1, 1, 1, 1, 2, 3, 1, 1, 1, 1, 1, 1, 1, 1, 1, 3, 1, 1, 1, 1, 1, 1, 1, 1, 1, 3, 3, 1, 1, 1, 1, 3, 2, 2, 1, 1, 1, 3, 3, 1, 1, 1, 1, 1, 1, 1, 3, 1, 1, 1, 1, 1, 1, 3, 1, 1, 2, 1, 1, 1, 1, 1, 3, 1, 1, 1, 3, 1, 1, 1]
11/27/2022 21:04:09:INFO: 预测标签: 
 [1, 3, 3, 1, 1, 1, 1, 1, 1, 1, 1, 1, 1, 1, 3, 3, 1, 1, 1, 3, 1, 1, 3, 1, 1, 1, 1, 3, 1, 2, 3, 3, 1, 1, 1, 1, 1, 3, 1, 3, 3, 1, 1, 1, 1, 3, 1, 3, 1, 1, 1, 1, 1, 1, 1, 1, 1, 1, 1, 1, 1, 1, 1, 1, 1, 1, 3, 1, 1, 1, 1, 1, 1, 3, 3, 1, 1, 3, 1, 3, 1, 2, 1, 1, 1, 3, 3, 1, 1, 1, 1, 1, 1, 1, 3, 1, 3, 1, 1, 1, 1, 3, 1, 1, 1, 1, 1, 1, 1, 1, 3, 1, 1, 1, 3, 1, 1, 1]
11/27/2022 21:04:09:INFO: ---------Evaluated Metrics----------
11/27/2022 21:04:09:INFO: Accuracy: 0.8813559322033898.
11/27/2022 21:04:09:INFO: Macro Precision: 0.7396011396011396.
11/27/2022 21:04:09:INFO: Macro Recall: 0.6454485049833888.
11/27/2022 21:04:09:INFO: Macro F1 score: 0.6591899386017034.
11/27/2022 21:04:09:INFO: ---------confusion_matrix----------
11/27/2022 21:04:09:INFO: 
[[82  0  4]
 [ 5  1  1]
 [ 3  1 21]]
11/27/2022 21:04:09:INFO: 模型效果验证详情: {'位置第一个显示标签': 98, '其他位置有情感标签': 0, '全句没有情感标签': 0}.
11/27/2022 21:04:09:INFO: ----------------------Evaluate finished.------------------------
11/27/2022 21:04:09:INFO: Based on [10.th Epoch] best_accuracy: 0.8898305084745762.
11/27/2022 21:04:09:INFO: latest 5 epochs not seen performance increased, early stop.
11/27/2022 21:04:09:INFO: ********** Best Results on Dev Dataset **********
11/27/2022 21:04:09:INFO: Best Accuracy: 0.8898305084745762.
11/27/2022 21:04:09:INFO: Best Macro Precision: 0.7506959706959706.
11/27/2022 21:04:09:INFO: Best Macro Recall: 0.6493244739756369.
11/27/2022 21:04:09:INFO: Best Macro F1 score: 0.666691776522285.
11/27/2022 21:04:09:INFO: ***** Training Over *****
11/27/2022 21:04:09:INFO: --------------Testing ...---------------
11/27/2022 21:04:09:INFO: tensor([28996, 28997, 28998], device='cuda:0')
11/27/2022 21:04:10:INFO: **********Results Comparison**********
11/27/2022 21:04:10:INFO: 真实标签: 
 [1, 2, 1, 1, 1, 1, 1, 3, 1, 1, 1, 1, 3, 3, 1, 1, 3, 3, 3, 1, 1, 1, 1, 1, 1, 1, 1, 1, 1, 1, 1, 1, 1, 1, 1, 3, 3, 1, 3, 1, 3, 3, 1, 1, 1, 1, 3, 1, 3, 1, 1, 1, 1, 1, 1, 3, 1, 1, 1, 1, 1, 1, 1, 1, 1, 1, 1, 1, 1, 1, 1, 1, 3, 2, 2, 1, 2, 2, 3, 3, 2, 1, 1, 1, 1, 1, 1, 1, 1, 1, 1, 1, 1, 1, 1, 1, 1, 1, 1, 3, 1, 1, 1, 1, 1, 1, 1, 1, 1, 1, 1, 1, 1, 1, 1, 1, 1, 1, 1, 1, 1, 1, 1, 1, 1, 1, 3, 1, 1, 3, 3, 1, 1, 1, 1, 1, 1, 1, 1, 1, 3, 3, 3, 3, 3, 3, 3, 1, 1, 1, 1, 1, 1, 1, 1, 1, 1, 1, 1, 1, 3, 1, 1, 1, 1, 1, 1, 1, 1, 1, 1, 1, 1, 1, 1, 1, 1, 1, 1, 1, 1, 1, 1, 1, 1, 1, 1, 1, 1, 2, 1, 3, 3, 3, 3, 1, 1, 1, 1, 1, 1, 1, 1, 1, 1, 1, 1, 1, 1, 3, 2, 2, 1, 1, 1, 1, 1, 1, 1, 3, 3, 3, 1, 1, 1, 2, 1, 1, 1, 1, 1, 1, 2, 3, 3, 3, 1, 3, 3, 3, 3, 1, 1, 1, 1, 1, 1, 1, 3, 3, 1, 1, 1, 1, 1, 1, 1, 1, 1, 1, 1, 1, 1, 1, 1, 1, 1, 3, 1, 3, 2, 3, 2, 1, 1, 1, 1, 1, 1, 1, 2, 3, 1, 1, 3, 3, 3, 1, 1, 1, 1, 1, 1, 1, 1, 1, 1, 1, 1, 1, 1, 1, 1, 1, 1, 1, 1, 2, 1, 1, 2, 2, 1, 1, 1, 2, 3, 1, 1, 1, 1, 1, 1, 3, 3, 1, 2, 3, 1, 1, 1, 1, 1, 1, 1, 1, 1, 1, 1, 2, 1, 1, 1, 1, 1, 1, 1, 3, 3, 3, 3, 3, 1, 1, 1, 1, 1, 1, 1, 1, 1, 1, 2, 1, 1, 1, 1, 1, 1, 1, 1, 1, 2, 2, 1, 1, 1, 1, 3, 3, 1, 1, 1, 1, 2, 1, 3, 3, 1, 1, 1, 1, 1, 2, 1, 3, 3, 1, 1, 3, 3, 3, 3, 3, 1, 1, 1, 1, 1, 1, 1, 1, 1, 1, 1, 1, 1, 1]
11/27/2022 21:04:10:INFO: 预测标签: 
 [1, 1, 1, 3, 1, 1, 1, 1, 1, 1, 1, 1, 3, 3, 1, 3, 3, 3, 3, 1, 1, 1, 1, 1, 1, 1, 1, 1, 1, 1, 1, 1, 1, 1, 1, 1, 3, 1, 3, 1, 3, 3, 1, 3, 1, 1, 3, 1, 3, 1, 1, 3, 2, 1, 1, 3, 1, 1, 1, 1, 1, 1, 1, 1, 1, 1, 1, 1, 1, 1, 1, 1, 3, 1, 1, 1, 3, 3, 3, 3, 1, 1, 1, 1, 1, 1, 1, 1, 1, 1, 1, 1, 1, 1, 1, 1, 1, 1, 3, 3, 1, 1, 1, 1, 1, 1, 1, 1, 1, 1, 1, 1, 1, 1, 1, 3, 1, 1, 1, 1, 1, 1, 1, 1, 1, 1, 3, 1, 1, 3, 3, 1, 1, 1, 3, 1, 1, 1, 1, 3, 3, 3, 3, 3, 3, 3, 1, 1, 1, 1, 1, 1, 1, 1, 1, 1, 1, 2, 1, 1, 3, 1, 1, 1, 1, 1, 1, 1, 1, 1, 1, 1, 1, 1, 1, 1, 1, 1, 1, 1, 1, 1, 1, 1, 1, 1, 1, 1, 1, 1, 1, 1, 3, 1, 3, 1, 1, 1, 1, 1, 3, 1, 1, 1, 1, 1, 1, 1, 1, 3, 1, 3, 1, 1, 1, 1, 1, 1, 1, 1, 1, 1, 1, 1, 1, 3, 1, 1, 1, 1, 1, 3, 1, 3, 3, 1, 1, 3, 1, 3, 3, 1, 1, 1, 1, 1, 1, 1, 3, 1, 3, 1, 1, 1, 1, 1, 1, 1, 1, 1, 1, 1, 1, 1, 1, 1, 1, 3, 1, 3, 3, 3, 2, 1, 1, 1, 1, 1, 1, 1, 1, 3, 1, 1, 3, 3, 3, 1, 1, 1, 1, 1, 1, 1, 1, 1, 1, 1, 1, 1, 1, 1, 1, 1, 1, 1, 1, 3, 1, 1, 1, 1, 1, 1, 1, 3, 3, 1, 1, 1, 1, 1, 1, 3, 3, 1, 3, 3, 1, 1, 1, 1, 1, 1, 1, 1, 1, 1, 1, 1, 3, 1, 1, 1, 3, 1, 1, 3, 1, 1, 3, 1, 1, 1, 1, 1, 1, 1, 1, 1, 1, 1, 1, 1, 1, 1, 1, 1, 1, 1, 1, 1, 1, 1, 1, 1, 1, 1, 3, 3, 1, 1, 1, 1, 1, 1, 3, 3, 3, 1, 1, 1, 3, 2, 1, 1, 3, 1, 1, 1, 3, 3, 1, 1, 1, 1, 1, 1, 1, 1, 1, 1, 1, 1, 1, 1, 1, 1]
11/27/2022 21:04:10:INFO: ---------Evaluated Metrics----------
11/27/2022 21:04:10:INFO: Accuracy: 0.861244019138756.
11/27/2022 21:04:10:INFO: Macro Precision: 0.7023046398046399.
11/27/2022 21:04:10:INFO: Macro Recall: 0.5934332191780821.
11/27/2022 21:04:10:INFO: Macro F1 score: 0.5967294478265632.
11/27/2022 21:04:10:INFO: ---------confusion_matrix----------
11/27/2022 21:04:10:INFO: 
[[303   2  15]
 [ 15   2   8]
 [ 18   0  55]]
11/27/2022 21:04:10:INFO: 模型效果验证详情: {'位置第一个显示标签': 304, '其他位置有情感标签': 0, '全句没有情感标签': 0}.
11/27/2022 21:04:10:INFO: ----------------------Testing finished.------------------------
11/27/2022 21:04:10:INFO: bengio.
