11/27/2022 20:55:24:INFO: start.
11/27/2022 20:55:24:INFO: --------hyper-arguments for this training.--------
11/27/2022 20:55:24:INFO: Namespace(answer_strategy='inter_logits_core_token', batch_size=16, dataset='rest16', eval_pre_epochs=1, learning_rate=1e-05, log_file=None, model_type='WT2ABSA_Mean', patience=5, pre_trained_model='pretrainedmodels/bert-base-cased', save_best_model=False, seed=985, total_epochs=20)
11/27/2022 20:55:24:INFO: ----------dataset files------------
11/27/2022 20:55:24:INFO: {'train': '../WordTrans2ABSA/dataset/rest16/train.json', 'dev': '../WordTrans2ABSA/dataset/rest16/dev.json', 'test': '../WordTrans2ABSA/dataset/rest16/test.json'}
11/27/2022 20:55:26:WARNING: Using custom data configuration default-b3ccb5991d649a97
11/27/2022 20:55:26:INFO: -----------------------------------
11/27/2022 20:55:26:INFO: {'I-POS': ['good', 'clever', 'excellent', 'effectual', 'beautiful', 'nice', 'useful', 'well', 'fantastic'], 'I-NEU': ['Michael', 'John', 'David', 'Thomas', 'Martin', 'Paul'], 'I-NEG': ['bad', 'terrible', 'awful', 'badly', 'terrible', 'poor', 'unfortunate', 'harmful', 'dirty', 'sorry']}
11/27/2022 20:55:26:INFO: -----------------------------------
11/27/2022 20:55:26:INFO: {'O': 0, 'I-POS': 1, 'I-NEU': 2, 'I-NEG': 3}
11/27/2022 20:55:26:INFO: {0: 'O', 1: 'I-POS', 2: 'I-NEU', 3: 'I-NEG'}
11/27/2022 20:55:29:INFO: -----------------------------------
11/27/2022 20:55:29:INFO: {'I-POS': 28996, 'I-NEU': 28997, 'I-NEG': 28998}
11/27/2022 20:55:29:INFO: {28996: 'I-POS', 28997: 'I-NEU', 28998: 'I-NEG'}
11/27/2022 20:55:29:INFO: start preprocess dataset.
11/27/2022 20:55:29:INFO: dataset preprocess finished.
11/27/2022 20:55:29:INFO: Train: 1113, Dev: 118, Test: 418.
11/27/2022 20:55:29:INFO: dataloader prepare finished.
11/27/2022 20:55:29:INFO: ***** Start Training *****
11/27/2022 20:55:29:INFO: Total Epochs: 20
11/27/2022 20:55:29:INFO: validate on per-1 epochs.
11/27/2022 20:55:29:INFO: Training Samples Count: 1113.
11/27/2022 20:55:29:INFO: Batch Size: 16, 每轮 70 Batch.
11/27/2022 20:55:29:INFO: Learning Rate: 1e-05
11/27/2022 20:55:29:INFO: --------------Epoch. 1.---------------
11/27/2022 20:55:36:INFO: [Epoch. 1.]: 100%|| 70/70 [00:07<00:00,  9.31it/s, avg_loss=1.03]
11/27/2022 20:55:36:INFO: Epoch 1, average loss: 1.030654958316258
11/27/2022 20:55:36:INFO: --------------Evaluate on Epoch. 1.---------------
11/27/2022 20:55:36:INFO: tensor([28996, 28997, 28998], device='cuda:0')
11/27/2022 20:55:36:INFO: **********Results Comparison**********
11/27/2022 20:55:36:INFO: 真实标签: 
 [1, 3, 3, 1, 1, 1, 1, 1, 1, 1, 1, 1, 1, 1, 2, 3, 1, 1, 1, 3, 1, 1, 3, 2, 1, 1, 1, 3, 1, 3, 3, 3, 1, 2, 3, 1, 1, 1, 1, 3, 3, 1, 1, 1, 1, 3, 1, 3, 1, 1, 1, 1, 2, 3, 1, 1, 1, 1, 1, 1, 1, 1, 1, 3, 1, 1, 1, 1, 1, 1, 1, 1, 1, 3, 3, 1, 1, 1, 1, 3, 2, 2, 1, 1, 1, 3, 3, 1, 1, 1, 1, 1, 1, 1, 3, 1, 1, 1, 1, 1, 1, 3, 1, 1, 2, 1, 1, 1, 1, 1, 3, 1, 1, 1, 3, 1, 1, 1]
11/27/2022 20:55:36:INFO: 预测标签: 
 [1, 1, 1, 1, 1, 1, 1, 1, 1, 1, 1, 1, 1, 1, 1, 1, 1, 1, 1, 1, 1, 1, 1, 1, 1, 1, 1, 1, 1, 1, 1, 1, 1, 1, 1, 1, 1, 1, 1, 1, 1, 1, 1, 1, 1, 1, 1, 1, 1, 1, 1, 1, 1, 1, 1, 1, 1, 1, 1, 1, 1, 1, 1, 1, 1, 1, 1, 1, 1, 1, 1, 1, 1, 1, 1, 1, 1, 1, 1, 1, 1, 1, 1, 1, 1, 1, 1, 1, 1, 1, 1, 1, 1, 1, 1, 1, 1, 1, 1, 1, 1, 1, 1, 1, 1, 1, 1, 1, 1, 1, 1, 1, 1, 1, 1, 1, 1, 1]
11/27/2022 20:55:36:INFO: ---------Evaluated Metrics----------
11/27/2022 20:55:36:INFO: Accuracy: 0.7288135593220338.
11/27/2022 20:55:36:INFO: Macro Precision: 0.24293785310734461.
11/27/2022 20:55:36:INFO: Macro Recall: 0.3333333333333333.
11/27/2022 20:55:36:INFO: Macro F1 score: 0.28104575163398693.
11/27/2022 20:55:36:INFO: ---------confusion_matrix----------
11/27/2022 20:55:36:INFO: 
[[86  0  0]
 [ 7  0  0]
 [25  0  0]]
11/27/2022 20:55:36:INFO: 模型效果验证详情: {'位置第一个显示标签': 1, '其他位置有情感标签': 0, '全句没有情感标签': 0}.
11/27/2022 20:55:36:INFO: ----------------------Evaluate finished.------------------------
11/27/2022 20:55:36:INFO: --------------Epoch. 2.---------------
11/27/2022 20:55:44:INFO: [Epoch. 2.]: 100%|| 70/70 [00:07<00:00,  9.48it/s, avg_loss=0.502]
11/27/2022 20:55:44:INFO: Epoch 2, average loss: 0.5017785866345678
11/27/2022 20:55:44:INFO: --------------Evaluate on Epoch. 2.---------------
11/27/2022 20:55:44:INFO: tensor([28996, 28997, 28998], device='cuda:0')
11/27/2022 20:55:44:INFO: **********Results Comparison**********
11/27/2022 20:55:44:INFO: 真实标签: 
 [1, 3, 3, 1, 1, 1, 1, 1, 1, 1, 1, 1, 1, 1, 2, 3, 1, 1, 1, 3, 1, 1, 3, 2, 1, 1, 1, 3, 1, 3, 3, 3, 1, 2, 3, 1, 1, 1, 1, 3, 3, 1, 1, 1, 1, 3, 1, 3, 1, 1, 1, 1, 2, 3, 1, 1, 1, 1, 1, 1, 1, 1, 1, 3, 1, 1, 1, 1, 1, 1, 1, 1, 1, 3, 3, 1, 1, 1, 1, 3, 2, 2, 1, 1, 1, 3, 3, 1, 1, 1, 1, 1, 1, 1, 3, 1, 1, 1, 1, 1, 1, 3, 1, 1, 2, 1, 1, 1, 1, 1, 3, 1, 1, 1, 3, 1, 1, 1]
11/27/2022 20:55:44:INFO: 预测标签: 
 [1, 1, 3, 1, 1, 1, 1, 1, 1, 1, 1, 1, 1, 1, 1, 1, 1, 1, 1, 1, 1, 1, 1, 3, 1, 1, 1, 1, 1, 1, 3, 3, 1, 1, 1, 1, 1, 1, 1, 1, 1, 1, 1, 1, 1, 1, 1, 1, 1, 1, 1, 1, 1, 1, 1, 1, 1, 1, 1, 1, 1, 1, 1, 1, 1, 1, 1, 1, 1, 1, 1, 1, 1, 1, 3, 1, 1, 1, 1, 1, 1, 1, 1, 1, 1, 1, 1, 1, 1, 1, 1, 1, 1, 1, 1, 1, 3, 1, 1, 1, 1, 1, 1, 1, 1, 1, 1, 1, 1, 1, 1, 1, 1, 1, 1, 1, 1, 1]
11/27/2022 20:55:44:INFO: ---------Evaluated Metrics----------
11/27/2022 20:55:44:INFO: Accuracy: 0.7542372881355932.
11/27/2022 20:55:44:INFO: Macro Precision: 0.47519841269841273.
11/27/2022 20:55:44:INFO: Macro Recall: 0.3827906976744186.
11/27/2022 20:55:44:INFO: Macro F1 score: 0.3722167915716303.
11/27/2022 20:55:44:INFO: ---------confusion_matrix----------
11/27/2022 20:55:44:INFO: 
[[85  0  1]
 [ 6  0  1]
 [21  0  4]]
11/27/2022 20:55:44:INFO: 模型效果验证详情: {'位置第一个显示标签': 69, '其他位置有情感标签': 0, '全句没有情感标签': 0}.
11/27/2022 20:55:44:INFO: ----------------------Evaluate finished.------------------------
11/27/2022 20:55:44:INFO: --------------Epoch. 3.---------------
11/27/2022 20:55:51:INFO: [Epoch. 3.]: 100%|| 70/70 [00:07<00:00,  9.50it/s, avg_loss=0.286]
11/27/2022 20:55:51:INFO: Epoch 3, average loss: 0.2858236595988274
11/27/2022 20:55:51:INFO: --------------Evaluate on Epoch. 3.---------------
11/27/2022 20:55:51:INFO: tensor([28996, 28997, 28998], device='cuda:0')
11/27/2022 20:55:52:INFO: **********Results Comparison**********
11/27/2022 20:55:52:INFO: 真实标签: 
 [1, 3, 3, 1, 1, 1, 1, 1, 1, 1, 1, 1, 1, 1, 2, 3, 1, 1, 1, 3, 1, 1, 3, 2, 1, 1, 1, 3, 1, 3, 3, 3, 1, 2, 3, 1, 1, 1, 1, 3, 3, 1, 1, 1, 1, 3, 1, 3, 1, 1, 1, 1, 2, 3, 1, 1, 1, 1, 1, 1, 1, 1, 1, 3, 1, 1, 1, 1, 1, 1, 1, 1, 1, 3, 3, 1, 1, 1, 1, 3, 2, 2, 1, 1, 1, 3, 3, 1, 1, 1, 1, 1, 1, 1, 3, 1, 1, 1, 1, 1, 1, 3, 1, 1, 2, 1, 1, 1, 1, 1, 3, 1, 1, 1, 3, 1, 1, 1]
11/27/2022 20:55:52:INFO: 预测标签: 
 [1, 3, 3, 1, 1, 1, 1, 1, 1, 1, 1, 1, 1, 1, 3, 3, 3, 1, 1, 3, 1, 1, 3, 3, 1, 1, 1, 3, 1, 3, 3, 3, 1, 1, 1, 1, 1, 3, 1, 3, 3, 1, 1, 1, 1, 1, 1, 1, 3, 1, 1, 1, 1, 1, 1, 1, 1, 1, 1, 1, 1, 1, 1, 1, 1, 1, 3, 1, 1, 1, 1, 1, 1, 3, 3, 1, 1, 1, 1, 1, 1, 1, 1, 1, 1, 3, 3, 1, 1, 1, 1, 1, 1, 1, 1, 1, 3, 1, 1, 1, 1, 3, 1, 1, 1, 1, 1, 1, 1, 1, 3, 1, 1, 1, 3, 1, 1, 1]
11/27/2022 20:55:52:INFO: ---------Evaluated Metrics----------
11/27/2022 20:55:52:INFO: Accuracy: 0.8389830508474576.
11/27/2022 20:55:52:INFO: Macro Precision: 0.5303225806451612.
11/27/2022 20:55:52:INFO: Macro Recall: 0.553953488372093.
11/27/2022 20:55:52:INFO: Macro F1 score: 0.5416759776536313.
11/27/2022 20:55:52:INFO: ---------confusion_matrix----------
11/27/2022 20:55:52:INFO: 
[[81  0  5]
 [ 5  0  2]
 [ 7  0 18]]
11/27/2022 20:55:52:INFO: 模型效果验证详情: {'位置第一个显示标签': 87, '其他位置有情感标签': 0, '全句没有情感标签': 0}.
11/27/2022 20:55:52:INFO: ----------------------Evaluate finished.------------------------
11/27/2022 20:55:52:INFO: --------------Epoch. 4.---------------
11/27/2022 20:55:59:INFO: [Epoch. 4.]: 100%|| 70/70 [00:07<00:00,  9.64it/s, avg_loss=0.176]
11/27/2022 20:55:59:INFO: Epoch 4, average loss: 0.1760700846357005
11/27/2022 20:55:59:INFO: --------------Evaluate on Epoch. 4.---------------
11/27/2022 20:55:59:INFO: tensor([28996, 28997, 28998], device='cuda:0')
11/27/2022 20:55:59:INFO: **********Results Comparison**********
11/27/2022 20:55:59:INFO: 真实标签: 
 [1, 3, 3, 1, 1, 1, 1, 1, 1, 1, 1, 1, 1, 1, 2, 3, 1, 1, 1, 3, 1, 1, 3, 2, 1, 1, 1, 3, 1, 3, 3, 3, 1, 2, 3, 1, 1, 1, 1, 3, 3, 1, 1, 1, 1, 3, 1, 3, 1, 1, 1, 1, 2, 3, 1, 1, 1, 1, 1, 1, 1, 1, 1, 3, 1, 1, 1, 1, 1, 1, 1, 1, 1, 3, 3, 1, 1, 1, 1, 3, 2, 2, 1, 1, 1, 3, 3, 1, 1, 1, 1, 1, 1, 1, 3, 1, 1, 1, 1, 1, 1, 3, 1, 1, 2, 1, 1, 1, 1, 1, 3, 1, 1, 1, 3, 1, 1, 1]
11/27/2022 20:55:59:INFO: 预测标签: 
 [1, 3, 3, 1, 1, 1, 1, 1, 1, 1, 1, 1, 1, 1, 3, 3, 3, 1, 1, 3, 1, 1, 3, 3, 1, 1, 1, 3, 1, 2, 3, 3, 1, 1, 1, 1, 1, 3, 1, 3, 3, 1, 1, 1, 1, 3, 1, 3, 3, 1, 1, 1, 1, 1, 1, 1, 1, 1, 1, 1, 1, 1, 1, 1, 1, 1, 3, 1, 1, 1, 1, 1, 1, 3, 3, 1, 1, 1, 1, 3, 1, 1, 1, 1, 1, 3, 3, 1, 1, 1, 1, 1, 1, 1, 1, 1, 3, 1, 1, 1, 1, 3, 1, 1, 1, 1, 1, 1, 1, 1, 3, 1, 1, 1, 3, 1, 1, 1]
11/27/2022 20:55:59:INFO: ---------Evaluated Metrics----------
11/27/2022 20:55:59:INFO: Accuracy: 0.8559322033898306.
11/27/2022 20:55:59:INFO: Macro Precision: 0.5469135802469136.
11/27/2022 20:55:59:INFO: Macro Recall: 0.5806201550387597.
11/27/2022 20:55:59:INFO: Macro F1 score: 0.5632284382284382.
11/27/2022 20:55:59:INFO: ---------confusion_matrix----------
11/27/2022 20:55:59:INFO: 
[[81  0  5]
 [ 5  0  2]
 [ 4  1 20]]
11/27/2022 20:55:59:INFO: 模型效果验证详情: {'位置第一个显示标签': 99, '其他位置有情感标签': 0, '全句没有情感标签': 0}.
11/27/2022 20:55:59:INFO: ----------------------Evaluate finished.------------------------
11/27/2022 20:55:59:INFO: --------------Epoch. 5.---------------
11/27/2022 20:56:06:INFO: [Epoch. 5.]: 100%|| 70/70 [00:07<00:00,  9.71it/s, avg_loss=0.122]
11/27/2022 20:56:06:INFO: Epoch 5, average loss: 0.12185338575925146
11/27/2022 20:56:06:INFO: --------------Evaluate on Epoch. 5.---------------
11/27/2022 20:56:06:INFO: tensor([28996, 28997, 28998], device='cuda:0')
11/27/2022 20:56:07:INFO: **********Results Comparison**********
11/27/2022 20:56:07:INFO: 真实标签: 
 [1, 3, 3, 1, 1, 1, 1, 1, 1, 1, 1, 1, 1, 1, 2, 3, 1, 1, 1, 3, 1, 1, 3, 2, 1, 1, 1, 3, 1, 3, 3, 3, 1, 2, 3, 1, 1, 1, 1, 3, 3, 1, 1, 1, 1, 3, 1, 3, 1, 1, 1, 1, 2, 3, 1, 1, 1, 1, 1, 1, 1, 1, 1, 3, 1, 1, 1, 1, 1, 1, 1, 1, 1, 3, 3, 1, 1, 1, 1, 3, 2, 2, 1, 1, 1, 3, 3, 1, 1, 1, 1, 1, 1, 1, 3, 1, 1, 1, 1, 1, 1, 3, 1, 1, 2, 1, 1, 1, 1, 1, 3, 1, 1, 1, 3, 1, 1, 1]
11/27/2022 20:56:07:INFO: 预测标签: 
 [1, 1, 3, 1, 1, 1, 1, 1, 1, 1, 1, 1, 1, 1, 3, 3, 1, 1, 1, 1, 1, 1, 3, 1, 1, 1, 1, 3, 1, 2, 3, 3, 1, 1, 1, 1, 1, 3, 1, 1, 3, 1, 1, 1, 1, 1, 1, 1, 1, 1, 1, 1, 1, 1, 1, 1, 1, 1, 1, 1, 1, 1, 1, 1, 1, 1, 1, 1, 1, 1, 1, 1, 1, 3, 3, 1, 1, 1, 1, 3, 1, 1, 1, 1, 1, 2, 3, 1, 1, 1, 1, 1, 1, 1, 1, 1, 3, 1, 1, 1, 1, 3, 1, 1, 1, 1, 1, 1, 1, 1, 3, 1, 1, 1, 1, 1, 1, 1]
11/27/2022 20:56:07:INFO: ---------Evaluated Metrics----------
11/27/2022 20:56:07:INFO: Accuracy: 0.8220338983050848.
11/27/2022 20:56:07:INFO: Macro Precision: 0.5508333333333333.
11/27/2022 20:56:07:INFO: Macro Recall: 0.4989147286821705.
11/27/2022 20:56:07:INFO: Macro F1 score: 0.5124573826383425.
11/27/2022 20:56:07:INFO: ---------confusion_matrix----------
11/27/2022 20:56:07:INFO: 
[[84  0  2]
 [ 6  0  1]
 [10  2 13]]
11/27/2022 20:56:07:INFO: 模型效果验证详情: {'位置第一个显示标签': 93, '其他位置有情感标签': 0, '全句没有情感标签': 0}.
11/27/2022 20:56:07:INFO: ----------------------Evaluate finished.------------------------
11/27/2022 20:56:07:INFO: --------------Epoch. 6.---------------
11/27/2022 20:56:14:INFO: [Epoch. 6.]: 100%|| 70/70 [00:07<00:00,  9.72it/s, avg_loss=0.0964]
11/27/2022 20:56:14:INFO: Epoch 6, average loss: 0.09638718068599701
11/27/2022 20:56:14:INFO: --------------Evaluate on Epoch. 6.---------------
11/27/2022 20:56:14:INFO: tensor([28996, 28997, 28998], device='cuda:0')
11/27/2022 20:56:14:INFO: **********Results Comparison**********
11/27/2022 20:56:14:INFO: 真实标签: 
 [1, 3, 3, 1, 1, 1, 1, 1, 1, 1, 1, 1, 1, 1, 2, 3, 1, 1, 1, 3, 1, 1, 3, 2, 1, 1, 1, 3, 1, 3, 3, 3, 1, 2, 3, 1, 1, 1, 1, 3, 3, 1, 1, 1, 1, 3, 1, 3, 1, 1, 1, 1, 2, 3, 1, 1, 1, 1, 1, 1, 1, 1, 1, 3, 1, 1, 1, 1, 1, 1, 1, 1, 1, 3, 3, 1, 1, 1, 1, 3, 2, 2, 1, 1, 1, 3, 3, 1, 1, 1, 1, 1, 1, 1, 3, 1, 1, 1, 1, 1, 1, 3, 1, 1, 2, 1, 1, 1, 1, 1, 3, 1, 1, 1, 3, 1, 1, 1]
11/27/2022 20:56:14:INFO: 预测标签: 
 [1, 3, 3, 1, 1, 1, 1, 1, 1, 1, 1, 1, 1, 1, 3, 3, 3, 1, 1, 3, 1, 1, 3, 3, 1, 1, 1, 3, 1, 3, 3, 3, 1, 1, 1, 1, 1, 3, 1, 3, 3, 1, 1, 1, 1, 3, 1, 3, 3, 1, 1, 1, 1, 1, 1, 1, 1, 1, 1, 1, 1, 1, 1, 1, 1, 1, 3, 1, 1, 1, 1, 1, 1, 3, 3, 1, 1, 1, 1, 3, 1, 1, 1, 1, 1, 3, 3, 1, 1, 1, 1, 1, 1, 1, 1, 1, 3, 1, 1, 1, 1, 3, 1, 1, 1, 1, 1, 1, 1, 1, 3, 1, 1, 1, 3, 1, 1, 1]
11/27/2022 20:56:14:INFO: ---------Evaluated Metrics----------
11/27/2022 20:56:14:INFO: Accuracy: 0.864406779661017.
11/27/2022 20:56:14:INFO: Macro Precision: 0.5499999999999999.
11/27/2022 20:56:14:INFO: Macro Recall: 0.593953488372093.
11/27/2022 20:56:14:INFO: Macro F1 score: 0.5709691252144083.
11/27/2022 20:56:14:INFO: ---------confusion_matrix----------
11/27/2022 20:56:14:INFO: 
[[81  0  5]
 [ 5  0  2]
 [ 4  0 21]]
11/27/2022 20:56:14:INFO: 模型效果验证详情: {'位置第一个显示标签': 96, '其他位置有情感标签': 0, '全句没有情感标签': 0}.
11/27/2022 20:56:14:INFO: ----------------------Evaluate finished.------------------------
11/27/2022 20:56:14:INFO: --------------Epoch. 7.---------------
11/27/2022 20:56:21:INFO: [Epoch. 7.]: 100%|| 70/70 [00:07<00:00,  9.57it/s, avg_loss=0.076]
11/27/2022 20:56:21:INFO: Epoch 7, average loss: 0.07603504208049604
11/27/2022 20:56:21:INFO: --------------Evaluate on Epoch. 7.---------------
11/27/2022 20:56:21:INFO: tensor([28996, 28997, 28998], device='cuda:0')
11/27/2022 20:56:22:INFO: **********Results Comparison**********
11/27/2022 20:56:22:INFO: 真实标签: 
 [1, 3, 3, 1, 1, 1, 1, 1, 1, 1, 1, 1, 1, 1, 2, 3, 1, 1, 1, 3, 1, 1, 3, 2, 1, 1, 1, 3, 1, 3, 3, 3, 1, 2, 3, 1, 1, 1, 1, 3, 3, 1, 1, 1, 1, 3, 1, 3, 1, 1, 1, 1, 2, 3, 1, 1, 1, 1, 1, 1, 1, 1, 1, 3, 1, 1, 1, 1, 1, 1, 1, 1, 1, 3, 3, 1, 1, 1, 1, 3, 2, 2, 1, 1, 1, 3, 3, 1, 1, 1, 1, 1, 1, 1, 3, 1, 1, 1, 1, 1, 1, 3, 1, 1, 2, 1, 1, 1, 1, 1, 3, 1, 1, 1, 3, 1, 1, 1]
11/27/2022 20:56:22:INFO: 预测标签: 
 [1, 3, 3, 1, 1, 1, 1, 1, 1, 1, 1, 1, 1, 1, 3, 3, 1, 1, 1, 3, 1, 1, 3, 1, 1, 1, 1, 3, 1, 2, 3, 3, 1, 1, 1, 1, 1, 3, 1, 3, 3, 1, 1, 1, 1, 3, 1, 2, 1, 1, 1, 1, 1, 1, 1, 1, 1, 1, 1, 1, 1, 1, 1, 1, 1, 1, 1, 1, 1, 1, 1, 1, 1, 3, 3, 1, 1, 1, 1, 3, 1, 2, 1, 1, 1, 3, 3, 1, 1, 1, 1, 1, 1, 1, 1, 1, 3, 1, 1, 1, 1, 3, 1, 1, 1, 1, 1, 1, 1, 1, 3, 1, 1, 1, 1, 1, 1, 1]
11/27/2022 20:56:22:INFO: ---------Evaluated Metrics----------
11/27/2022 20:56:22:INFO: Accuracy: 0.8728813559322034.
11/27/2022 20:56:22:INFO: Macro Precision: 0.6946977372509288.
11/27/2022 20:56:22:INFO: Macro Recall: 0.6132004429678848.
11/27/2022 20:56:22:INFO: Macro F1 score: 0.638647342995169.
11/27/2022 20:56:22:INFO: ---------confusion_matrix----------
11/27/2022 20:56:22:INFO: 
[[84  0  2]
 [ 5  1  1]
 [ 5  2 18]]
11/27/2022 20:56:22:INFO: 模型效果验证详情: {'位置第一个显示标签': 97, '其他位置有情感标签': 0, '全句没有情感标签': 0}.
11/27/2022 20:56:22:INFO: ----------------------Evaluate finished.------------------------
11/27/2022 20:56:22:INFO: --------------Epoch. 8.---------------
11/27/2022 20:56:29:INFO: [Epoch. 8.]: 100%|| 70/70 [00:07<00:00,  9.52it/s, avg_loss=0.0612]
11/27/2022 20:56:29:INFO: Epoch 8, average loss: 0.0611724941059947
11/27/2022 20:56:29:INFO: --------------Evaluate on Epoch. 8.---------------
11/27/2022 20:56:29:INFO: tensor([28996, 28997, 28998], device='cuda:0')
11/27/2022 20:56:29:INFO: **********Results Comparison**********
11/27/2022 20:56:29:INFO: 真实标签: 
 [1, 3, 3, 1, 1, 1, 1, 1, 1, 1, 1, 1, 1, 1, 2, 3, 1, 1, 1, 3, 1, 1, 3, 2, 1, 1, 1, 3, 1, 3, 3, 3, 1, 2, 3, 1, 1, 1, 1, 3, 3, 1, 1, 1, 1, 3, 1, 3, 1, 1, 1, 1, 2, 3, 1, 1, 1, 1, 1, 1, 1, 1, 1, 3, 1, 1, 1, 1, 1, 1, 1, 1, 1, 3, 3, 1, 1, 1, 1, 3, 2, 2, 1, 1, 1, 3, 3, 1, 1, 1, 1, 1, 1, 1, 3, 1, 1, 1, 1, 1, 1, 3, 1, 1, 2, 1, 1, 1, 1, 1, 3, 1, 1, 1, 3, 1, 1, 1]
11/27/2022 20:56:29:INFO: 预测标签: 
 [1, 3, 3, 1, 1, 1, 1, 1, 1, 1, 1, 1, 1, 1, 3, 3, 1, 1, 1, 3, 1, 1, 3, 3, 1, 1, 1, 3, 1, 2, 3, 3, 1, 1, 1, 1, 1, 3, 1, 3, 3, 1, 1, 1, 1, 3, 1, 3, 3, 1, 1, 1, 1, 1, 1, 1, 1, 1, 1, 1, 1, 1, 1, 1, 1, 1, 3, 1, 1, 1, 1, 1, 1, 3, 3, 1, 1, 1, 1, 3, 1, 2, 1, 1, 1, 3, 3, 1, 1, 1, 1, 1, 1, 1, 3, 1, 3, 1, 1, 1, 1, 3, 1, 1, 1, 1, 1, 1, 1, 1, 3, 1, 1, 1, 3, 1, 1, 1]
11/27/2022 20:56:29:INFO: ---------Evaluated Metrics----------
11/27/2022 20:56:29:INFO: Accuracy: 0.8813559322033898.
11/27/2022 20:56:29:INFO: Macro Precision: 0.7330420307948398.
11/27/2022 20:56:29:INFO: Macro Recall: 0.6454485049833888.
11/27/2022 20:56:29:INFO: Macro F1 score: 0.6556857956857958.
11/27/2022 20:56:29:INFO: ---------confusion_matrix----------
11/27/2022 20:56:29:INFO: 
[[82  0  4]
 [ 4  1  2]
 [ 3  1 21]]
11/27/2022 20:56:29:INFO: 模型效果验证详情: {'位置第一个显示标签': 100, '其他位置有情感标签': 0, '全句没有情感标签': 0}.
11/27/2022 20:56:29:INFO: ----------------------Evaluate finished.------------------------
11/27/2022 20:56:29:INFO: --------------Epoch. 9.---------------
11/27/2022 20:56:37:INFO: [Epoch. 9.]: 100%|| 70/70 [00:07<00:00,  9.53it/s, avg_loss=0.0525]
11/27/2022 20:56:37:INFO: Epoch 9, average loss: 0.05246109869331121
11/27/2022 20:56:37:INFO: --------------Evaluate on Epoch. 9.---------------
11/27/2022 20:56:37:INFO: tensor([28996, 28997, 28998], device='cuda:0')
11/27/2022 20:56:37:INFO: **********Results Comparison**********
11/27/2022 20:56:37:INFO: 真实标签: 
 [1, 3, 3, 1, 1, 1, 1, 1, 1, 1, 1, 1, 1, 1, 2, 3, 1, 1, 1, 3, 1, 1, 3, 2, 1, 1, 1, 3, 1, 3, 3, 3, 1, 2, 3, 1, 1, 1, 1, 3, 3, 1, 1, 1, 1, 3, 1, 3, 1, 1, 1, 1, 2, 3, 1, 1, 1, 1, 1, 1, 1, 1, 1, 3, 1, 1, 1, 1, 1, 1, 1, 1, 1, 3, 3, 1, 1, 1, 1, 3, 2, 2, 1, 1, 1, 3, 3, 1, 1, 1, 1, 1, 1, 1, 3, 1, 1, 1, 1, 1, 1, 3, 1, 1, 2, 1, 1, 1, 1, 1, 3, 1, 1, 1, 3, 1, 1, 1]
11/27/2022 20:56:37:INFO: 预测标签: 
 [1, 3, 3, 1, 1, 1, 1, 1, 1, 1, 1, 1, 1, 1, 3, 3, 1, 1, 1, 3, 1, 1, 3, 1, 1, 1, 1, 3, 1, 2, 3, 3, 1, 1, 1, 1, 1, 3, 1, 3, 3, 1, 1, 1, 1, 3, 1, 3, 1, 1, 1, 1, 1, 1, 1, 1, 1, 1, 1, 1, 1, 1, 1, 1, 1, 1, 3, 1, 1, 1, 1, 1, 1, 3, 3, 1, 1, 1, 1, 3, 1, 2, 1, 1, 1, 3, 3, 1, 1, 1, 1, 1, 1, 1, 3, 1, 3, 1, 1, 1, 1, 3, 1, 1, 1, 1, 1, 1, 1, 1, 3, 1, 1, 1, 3, 1, 1, 1]
11/27/2022 20:56:37:INFO: ---------Evaluated Metrics----------
11/27/2022 20:56:37:INFO: Accuracy: 0.8898305084745762.
11/27/2022 20:56:37:INFO: Macro Precision: 0.7506959706959706.
11/27/2022 20:56:37:INFO: Macro Recall: 0.6493244739756369.
11/27/2022 20:56:37:INFO: Macro F1 score: 0.666691776522285.
11/27/2022 20:56:37:INFO: ---------confusion_matrix----------
11/27/2022 20:56:37:INFO: 
[[83  0  3]
 [ 5  1  1]
 [ 3  1 21]]
11/27/2022 20:56:37:INFO: 模型效果验证详情: {'位置第一个显示标签': 94, '其他位置有情感标签': 0, '全句没有情感标签': 0}.
11/27/2022 20:56:37:INFO: ----------------------Evaluate finished.------------------------
11/27/2022 20:56:37:INFO: --------------Epoch. 10.---------------
11/27/2022 20:56:44:INFO: [Epoch. 10.]: 100%|| 70/70 [00:07<00:00,  9.44it/s, avg_loss=0.0444]
11/27/2022 20:56:44:INFO: Epoch 10, average loss: 0.04443755085979189
11/27/2022 20:56:44:INFO: --------------Evaluate on Epoch. 10.---------------
11/27/2022 20:56:44:INFO: tensor([28996, 28997, 28998], device='cuda:0')
11/27/2022 20:56:44:INFO: **********Results Comparison**********
11/27/2022 20:56:44:INFO: 真实标签: 
 [1, 3, 3, 1, 1, 1, 1, 1, 1, 1, 1, 1, 1, 1, 2, 3, 1, 1, 1, 3, 1, 1, 3, 2, 1, 1, 1, 3, 1, 3, 3, 3, 1, 2, 3, 1, 1, 1, 1, 3, 3, 1, 1, 1, 1, 3, 1, 3, 1, 1, 1, 1, 2, 3, 1, 1, 1, 1, 1, 1, 1, 1, 1, 3, 1, 1, 1, 1, 1, 1, 1, 1, 1, 3, 3, 1, 1, 1, 1, 3, 2, 2, 1, 1, 1, 3, 3, 1, 1, 1, 1, 1, 1, 1, 3, 1, 1, 1, 1, 1, 1, 3, 1, 1, 2, 1, 1, 1, 1, 1, 3, 1, 1, 1, 3, 1, 1, 1]
11/27/2022 20:56:44:INFO: 预测标签: 
 [1, 3, 3, 1, 1, 1, 1, 1, 1, 1, 1, 1, 1, 1, 3, 3, 1, 1, 1, 3, 1, 1, 3, 3, 1, 1, 1, 3, 1, 2, 3, 3, 1, 1, 1, 1, 1, 3, 1, 3, 3, 1, 1, 1, 1, 3, 1, 3, 3, 1, 1, 1, 1, 1, 1, 1, 1, 1, 1, 1, 1, 1, 1, 1, 1, 1, 3, 1, 1, 1, 1, 1, 1, 3, 3, 1, 1, 3, 1, 3, 1, 2, 1, 1, 1, 3, 3, 1, 1, 1, 1, 1, 1, 1, 3, 1, 3, 1, 1, 1, 1, 3, 1, 1, 1, 1, 1, 1, 1, 1, 3, 1, 1, 1, 3, 1, 1, 1]
11/27/2022 20:56:44:INFO: ---------Evaluated Metrics----------
11/27/2022 20:56:44:INFO: Accuracy: 0.8728813559322034.
11/27/2022 20:56:44:INFO: Macro Precision: 0.7234848484848485.
11/27/2022 20:56:44:INFO: Macro Recall: 0.6415725359911407.
11/27/2022 20:56:44:INFO: Macro F1 score: 0.6485698450565075.
11/27/2022 20:56:44:INFO: ---------confusion_matrix----------
11/27/2022 20:56:44:INFO: 
[[81  0  5]
 [ 4  1  2]
 [ 3  1 21]]
11/27/2022 20:56:44:INFO: 模型效果验证详情: {'位置第一个显示标签': 100, '其他位置有情感标签': 0, '全句没有情感标签': 0}.
11/27/2022 20:56:44:INFO: ----------------------Evaluate finished.------------------------
11/27/2022 20:56:44:INFO: --------------Epoch. 11.---------------
11/27/2022 20:56:52:INFO: [Epoch. 11.]: 100%|| 70/70 [00:07<00:00,  9.59it/s, avg_loss=0.0388]
11/27/2022 20:56:52:INFO: Epoch 11, average loss: 0.038837150031966826
11/27/2022 20:56:52:INFO: --------------Evaluate on Epoch. 11.---------------
11/27/2022 20:56:52:INFO: tensor([28996, 28997, 28998], device='cuda:0')
11/27/2022 20:56:52:INFO: **********Results Comparison**********
11/27/2022 20:56:52:INFO: 真实标签: 
 [1, 3, 3, 1, 1, 1, 1, 1, 1, 1, 1, 1, 1, 1, 2, 3, 1, 1, 1, 3, 1, 1, 3, 2, 1, 1, 1, 3, 1, 3, 3, 3, 1, 2, 3, 1, 1, 1, 1, 3, 3, 1, 1, 1, 1, 3, 1, 3, 1, 1, 1, 1, 2, 3, 1, 1, 1, 1, 1, 1, 1, 1, 1, 3, 1, 1, 1, 1, 1, 1, 1, 1, 1, 3, 3, 1, 1, 1, 1, 3, 2, 2, 1, 1, 1, 3, 3, 1, 1, 1, 1, 1, 1, 1, 3, 1, 1, 1, 1, 1, 1, 3, 1, 1, 2, 1, 1, 1, 1, 1, 3, 1, 1, 1, 3, 1, 1, 1]
11/27/2022 20:56:52:INFO: 预测标签: 
 [1, 3, 3, 1, 1, 1, 1, 1, 1, 1, 1, 1, 1, 1, 3, 3, 1, 1, 1, 3, 1, 1, 3, 1, 1, 1, 1, 3, 1, 2, 3, 3, 1, 1, 1, 1, 1, 3, 1, 3, 3, 1, 1, 1, 1, 3, 1, 3, 1, 1, 1, 1, 1, 1, 1, 1, 1, 1, 1, 1, 1, 1, 1, 1, 1, 1, 3, 1, 1, 1, 1, 1, 1, 3, 3, 1, 1, 1, 1, 3, 1, 2, 1, 1, 1, 3, 3, 1, 1, 1, 1, 1, 1, 1, 3, 1, 3, 1, 1, 1, 1, 3, 1, 1, 1, 1, 1, 1, 1, 1, 3, 1, 1, 1, 1, 1, 1, 1]
11/27/2022 20:56:52:INFO: ---------Evaluated Metrics----------
11/27/2022 20:56:52:INFO: Accuracy: 0.8813559322033898.
11/27/2022 20:56:52:INFO: Macro Precision: 0.7451690821256038.
11/27/2022 20:56:52:INFO: Macro Recall: 0.6359911406423034.
11/27/2022 20:56:52:INFO: Macro F1 score: 0.6570443408324628.
11/27/2022 20:56:52:INFO: ---------confusion_matrix----------
11/27/2022 20:56:52:INFO: 
[[83  0  3]
 [ 5  1  1]
 [ 4  1 20]]
11/27/2022 20:56:52:INFO: 模型效果验证详情: {'位置第一个显示标签': 98, '其他位置有情感标签': 0, '全句没有情感标签': 0}.
11/27/2022 20:56:52:INFO: ----------------------Evaluate finished.------------------------
11/27/2022 20:56:52:INFO: --------------Epoch. 12.---------------
11/27/2022 20:56:59:INFO: [Epoch. 12.]: 100%|| 70/70 [00:07<00:00,  9.57it/s, avg_loss=0.0345]
11/27/2022 20:56:59:INFO: Epoch 12, average loss: 0.03447292239538261
11/27/2022 20:56:59:INFO: --------------Evaluate on Epoch. 12.---------------
11/27/2022 20:56:59:INFO: tensor([28996, 28997, 28998], device='cuda:0')
11/27/2022 20:57:00:INFO: **********Results Comparison**********
11/27/2022 20:57:00:INFO: 真实标签: 
 [1, 3, 3, 1, 1, 1, 1, 1, 1, 1, 1, 1, 1, 1, 2, 3, 1, 1, 1, 3, 1, 1, 3, 2, 1, 1, 1, 3, 1, 3, 3, 3, 1, 2, 3, 1, 1, 1, 1, 3, 3, 1, 1, 1, 1, 3, 1, 3, 1, 1, 1, 1, 2, 3, 1, 1, 1, 1, 1, 1, 1, 1, 1, 3, 1, 1, 1, 1, 1, 1, 1, 1, 1, 3, 3, 1, 1, 1, 1, 3, 2, 2, 1, 1, 1, 3, 3, 1, 1, 1, 1, 1, 1, 1, 3, 1, 1, 1, 1, 1, 1, 3, 1, 1, 2, 1, 1, 1, 1, 1, 3, 1, 1, 1, 3, 1, 1, 1]
11/27/2022 20:57:00:INFO: 预测标签: 
 [1, 3, 3, 1, 1, 1, 1, 1, 1, 1, 1, 1, 1, 1, 3, 3, 1, 1, 1, 3, 1, 1, 3, 1, 1, 1, 1, 3, 1, 2, 3, 3, 1, 1, 1, 1, 1, 3, 1, 3, 3, 1, 1, 1, 1, 3, 1, 2, 1, 1, 1, 1, 1, 1, 1, 1, 1, 1, 1, 1, 1, 1, 1, 1, 1, 1, 3, 1, 1, 1, 1, 1, 1, 3, 3, 1, 1, 3, 1, 3, 1, 2, 1, 1, 1, 3, 3, 1, 1, 1, 1, 1, 1, 1, 3, 1, 3, 1, 1, 1, 1, 3, 1, 1, 1, 1, 1, 1, 1, 1, 3, 1, 1, 1, 1, 1, 1, 1]
11/27/2022 20:57:00:INFO: ---------Evaluated Metrics----------
11/27/2022 20:57:00:INFO: Accuracy: 0.864406779661017.
11/27/2022 20:57:00:INFO: Macro Precision: 0.6753663003663003.
11/27/2022 20:57:00:INFO: Macro Recall: 0.6187818383167221.
11/27/2022 20:57:00:INFO: Macro F1 score: 0.6340212921326723.
11/27/2022 20:57:00:INFO: ---------confusion_matrix----------
11/27/2022 20:57:00:INFO: 
[[82  0  4]
 [ 5  1  1]
 [ 4  2 19]]
11/27/2022 20:57:00:INFO: 模型效果验证详情: {'位置第一个显示标签': 99, '其他位置有情感标签': 0, '全句没有情感标签': 0}.
11/27/2022 20:57:00:INFO: ----------------------Evaluate finished.------------------------
11/27/2022 20:57:00:INFO: --------------Epoch. 13.---------------
11/27/2022 20:57:07:INFO: [Epoch. 13.]: 100%|| 70/70 [00:07<00:00,  9.57it/s, avg_loss=0.0318]
11/27/2022 20:57:07:INFO: Epoch 13, average loss: 0.03182750468009284
11/27/2022 20:57:07:INFO: --------------Evaluate on Epoch. 13.---------------
11/27/2022 20:57:07:INFO: tensor([28996, 28997, 28998], device='cuda:0')
11/27/2022 20:57:07:INFO: **********Results Comparison**********
11/27/2022 20:57:07:INFO: 真实标签: 
 [1, 3, 3, 1, 1, 1, 1, 1, 1, 1, 1, 1, 1, 1, 2, 3, 1, 1, 1, 3, 1, 1, 3, 2, 1, 1, 1, 3, 1, 3, 3, 3, 1, 2, 3, 1, 1, 1, 1, 3, 3, 1, 1, 1, 1, 3, 1, 3, 1, 1, 1, 1, 2, 3, 1, 1, 1, 1, 1, 1, 1, 1, 1, 3, 1, 1, 1, 1, 1, 1, 1, 1, 1, 3, 3, 1, 1, 1, 1, 3, 2, 2, 1, 1, 1, 3, 3, 1, 1, 1, 1, 1, 1, 1, 3, 1, 1, 1, 1, 1, 1, 3, 1, 1, 2, 1, 1, 1, 1, 1, 3, 1, 1, 1, 3, 1, 1, 1]
11/27/2022 20:57:07:INFO: 预测标签: 
 [1, 3, 3, 1, 1, 1, 1, 1, 1, 1, 1, 1, 1, 1, 3, 3, 1, 1, 1, 3, 1, 1, 3, 1, 1, 1, 1, 3, 1, 2, 3, 3, 1, 1, 1, 1, 1, 3, 1, 3, 3, 1, 1, 1, 1, 3, 1, 3, 1, 1, 1, 1, 1, 1, 1, 1, 1, 1, 1, 1, 1, 1, 1, 1, 1, 1, 3, 1, 1, 1, 1, 1, 1, 3, 3, 1, 1, 1, 1, 3, 1, 2, 1, 1, 1, 3, 3, 1, 1, 1, 1, 1, 1, 1, 3, 1, 3, 1, 1, 1, 1, 3, 1, 1, 1, 1, 1, 1, 1, 1, 3, 1, 1, 1, 1, 1, 1, 1]
11/27/2022 20:57:07:INFO: ---------Evaluated Metrics----------
11/27/2022 20:57:07:INFO: Accuracy: 0.8813559322033898.
11/27/2022 20:57:07:INFO: Macro Precision: 0.7451690821256038.
11/27/2022 20:57:07:INFO: Macro Recall: 0.6359911406423034.
11/27/2022 20:57:07:INFO: Macro F1 score: 0.6570443408324628.
11/27/2022 20:57:07:INFO: ---------confusion_matrix----------
11/27/2022 20:57:07:INFO: 
[[83  0  3]
 [ 5  1  1]
 [ 4  1 20]]
11/27/2022 20:57:07:INFO: 模型效果验证详情: {'位置第一个显示标签': 100, '其他位置有情感标签': 0, '全句没有情感标签': 0}.
11/27/2022 20:57:07:INFO: ----------------------Evaluate finished.------------------------
11/27/2022 20:57:07:INFO: --------------Epoch. 14.---------------
11/27/2022 20:57:14:INFO: [Epoch. 14.]: 100%|| 70/70 [00:07<00:00,  9.61it/s, avg_loss=0.0283]
11/27/2022 20:57:14:INFO: Epoch 14, average loss: 0.02830600943416357
11/27/2022 20:57:14:INFO: --------------Evaluate on Epoch. 14.---------------
11/27/2022 20:57:14:INFO: tensor([28996, 28997, 28998], device='cuda:0')
11/27/2022 20:57:15:INFO: **********Results Comparison**********
11/27/2022 20:57:15:INFO: 真实标签: 
 [1, 3, 3, 1, 1, 1, 1, 1, 1, 1, 1, 1, 1, 1, 2, 3, 1, 1, 1, 3, 1, 1, 3, 2, 1, 1, 1, 3, 1, 3, 3, 3, 1, 2, 3, 1, 1, 1, 1, 3, 3, 1, 1, 1, 1, 3, 1, 3, 1, 1, 1, 1, 2, 3, 1, 1, 1, 1, 1, 1, 1, 1, 1, 3, 1, 1, 1, 1, 1, 1, 1, 1, 1, 3, 3, 1, 1, 1, 1, 3, 2, 2, 1, 1, 1, 3, 3, 1, 1, 1, 1, 1, 1, 1, 3, 1, 1, 1, 1, 1, 1, 3, 1, 1, 2, 1, 1, 1, 1, 1, 3, 1, 1, 1, 3, 1, 1, 1]
11/27/2022 20:57:15:INFO: 预测标签: 
 [1, 3, 3, 1, 1, 1, 1, 1, 1, 1, 1, 1, 1, 1, 3, 3, 1, 1, 1, 3, 1, 1, 3, 1, 1, 1, 1, 3, 1, 2, 3, 3, 1, 1, 1, 1, 1, 3, 1, 3, 3, 1, 1, 1, 1, 3, 1, 3, 1, 1, 1, 1, 1, 1, 1, 1, 1, 1, 1, 1, 1, 1, 1, 1, 1, 1, 3, 1, 1, 1, 1, 1, 1, 3, 3, 1, 1, 3, 1, 3, 1, 2, 1, 1, 1, 3, 3, 1, 1, 1, 1, 1, 1, 1, 3, 1, 3, 1, 1, 1, 1, 3, 1, 1, 1, 1, 1, 1, 1, 1, 3, 1, 1, 1, 3, 1, 1, 1]
11/27/2022 20:57:15:INFO: ---------Evaluated Metrics----------
11/27/2022 20:57:15:INFO: Accuracy: 0.8813559322033898.
11/27/2022 20:57:15:INFO: Macro Precision: 0.7396011396011396.
11/27/2022 20:57:15:INFO: Macro Recall: 0.6454485049833888.
11/27/2022 20:57:15:INFO: Macro F1 score: 0.6591899386017034.
11/27/2022 20:57:15:INFO: ---------confusion_matrix----------
11/27/2022 20:57:15:INFO: 
[[82  0  4]
 [ 5  1  1]
 [ 3  1 21]]
11/27/2022 20:57:15:INFO: 模型效果验证详情: {'位置第一个显示标签': 100, '其他位置有情感标签': 0, '全句没有情感标签': 0}.
11/27/2022 20:57:15:INFO: ----------------------Evaluate finished.------------------------
11/27/2022 20:57:15:INFO: --------------Epoch. 15.---------------
11/27/2022 20:57:22:INFO: [Epoch. 15.]: 100%|| 70/70 [00:07<00:00,  9.56it/s, avg_loss=0.0265]
11/27/2022 20:57:22:INFO: Epoch 15, average loss: 0.026450757269880602
11/27/2022 20:57:22:INFO: --------------Evaluate on Epoch. 15.---------------
11/27/2022 20:57:22:INFO: tensor([28996, 28997, 28998], device='cuda:0')
11/27/2022 20:57:22:INFO: **********Results Comparison**********
11/27/2022 20:57:22:INFO: 真实标签: 
 [1, 3, 3, 1, 1, 1, 1, 1, 1, 1, 1, 1, 1, 1, 2, 3, 1, 1, 1, 3, 1, 1, 3, 2, 1, 1, 1, 3, 1, 3, 3, 3, 1, 2, 3, 1, 1, 1, 1, 3, 3, 1, 1, 1, 1, 3, 1, 3, 1, 1, 1, 1, 2, 3, 1, 1, 1, 1, 1, 1, 1, 1, 1, 3, 1, 1, 1, 1, 1, 1, 1, 1, 1, 3, 3, 1, 1, 1, 1, 3, 2, 2, 1, 1, 1, 3, 3, 1, 1, 1, 1, 1, 1, 1, 3, 1, 1, 1, 1, 1, 1, 3, 1, 1, 2, 1, 1, 1, 1, 1, 3, 1, 1, 1, 3, 1, 1, 1]
11/27/2022 20:57:22:INFO: 预测标签: 
 [1, 3, 3, 1, 1, 1, 1, 1, 1, 1, 1, 1, 1, 1, 3, 3, 1, 1, 1, 3, 1, 1, 3, 1, 1, 1, 1, 3, 1, 2, 3, 3, 1, 1, 1, 1, 1, 3, 1, 3, 3, 1, 1, 1, 1, 3, 1, 3, 1, 1, 1, 1, 1, 1, 1, 1, 1, 1, 1, 1, 1, 1, 1, 1, 1, 1, 3, 1, 1, 1, 1, 1, 1, 3, 3, 1, 1, 3, 1, 3, 1, 2, 1, 1, 1, 3, 3, 1, 1, 1, 1, 1, 1, 1, 3, 1, 3, 1, 1, 1, 1, 3, 1, 1, 1, 1, 1, 1, 1, 1, 3, 1, 1, 1, 3, 1, 1, 1]
11/27/2022 20:57:22:INFO: ---------Evaluated Metrics----------
11/27/2022 20:57:22:INFO: Accuracy: 0.8813559322033898.
11/27/2022 20:57:22:INFO: Macro Precision: 0.7396011396011396.
11/27/2022 20:57:22:INFO: Macro Recall: 0.6454485049833888.
11/27/2022 20:57:22:INFO: Macro F1 score: 0.6591899386017034.
11/27/2022 20:57:22:INFO: ---------confusion_matrix----------
11/27/2022 20:57:22:INFO: 
[[82  0  4]
 [ 5  1  1]
 [ 3  1 21]]
11/27/2022 20:57:22:INFO: 模型效果验证详情: {'位置第一个显示标签': 98, '其他位置有情感标签': 0, '全句没有情感标签': 0}.
11/27/2022 20:57:22:INFO: ----------------------Evaluate finished.------------------------
11/27/2022 20:57:22:INFO: Based on [10.th Epoch] best_accuracy: 0.8898305084745762.
11/27/2022 20:57:22:INFO: latest 5 epochs not seen performance increased, early stop.
11/27/2022 20:57:22:INFO: ********** Best Results on Dev Dataset **********
11/27/2022 20:57:22:INFO: Best Accuracy: 0.8898305084745762.
11/27/2022 20:57:22:INFO: Best Macro Precision: 0.7506959706959706.
11/27/2022 20:57:22:INFO: Best Macro Recall: 0.6493244739756369.
11/27/2022 20:57:22:INFO: Best Macro F1 score: 0.666691776522285.
11/27/2022 20:57:22:INFO: ***** Training Over *****
11/27/2022 20:57:22:INFO: --------------Testing ...---------------
11/27/2022 20:57:22:INFO: tensor([28996, 28997, 28998], device='cuda:0')
11/27/2022 20:57:23:INFO: **********Results Comparison**********
11/27/2022 20:57:23:INFO: 真实标签: 
 [1, 2, 1, 1, 1, 1, 1, 3, 1, 1, 1, 1, 3, 3, 1, 1, 3, 3, 3, 1, 1, 1, 1, 1, 1, 1, 1, 1, 1, 1, 1, 1, 1, 1, 1, 3, 3, 1, 3, 1, 3, 3, 1, 1, 1, 1, 3, 1, 3, 1, 1, 1, 1, 1, 1, 3, 1, 1, 1, 1, 1, 1, 1, 1, 1, 1, 1, 1, 1, 1, 1, 1, 3, 2, 2, 1, 2, 2, 3, 3, 2, 1, 1, 1, 1, 1, 1, 1, 1, 1, 1, 1, 1, 1, 1, 1, 1, 1, 1, 3, 1, 1, 1, 1, 1, 1, 1, 1, 1, 1, 1, 1, 1, 1, 1, 1, 1, 1, 1, 1, 1, 1, 1, 1, 1, 1, 3, 1, 1, 3, 3, 1, 1, 1, 1, 1, 1, 1, 1, 1, 3, 3, 3, 3, 3, 3, 3, 1, 1, 1, 1, 1, 1, 1, 1, 1, 1, 1, 1, 1, 3, 1, 1, 1, 1, 1, 1, 1, 1, 1, 1, 1, 1, 1, 1, 1, 1, 1, 1, 1, 1, 1, 1, 1, 1, 1, 1, 1, 1, 2, 1, 3, 3, 3, 3, 1, 1, 1, 1, 1, 1, 1, 1, 1, 1, 1, 1, 1, 1, 3, 2, 2, 1, 1, 1, 1, 1, 1, 1, 3, 3, 3, 1, 1, 1, 2, 1, 1, 1, 1, 1, 1, 2, 3, 3, 3, 1, 3, 3, 3, 3, 1, 1, 1, 1, 1, 1, 1, 3, 3, 1, 1, 1, 1, 1, 1, 1, 1, 1, 1, 1, 1, 1, 1, 1, 1, 1, 3, 1, 3, 2, 3, 2, 1, 1, 1, 1, 1, 1, 1, 2, 3, 1, 1, 3, 3, 3, 1, 1, 1, 1, 1, 1, 1, 1, 1, 1, 1, 1, 1, 1, 1, 1, 1, 1, 1, 1, 2, 1, 1, 2, 2, 1, 1, 1, 2, 3, 1, 1, 1, 1, 1, 1, 3, 3, 1, 2, 3, 1, 1, 1, 1, 1, 1, 1, 1, 1, 1, 1, 2, 1, 1, 1, 1, 1, 1, 1, 3, 3, 3, 3, 3, 1, 1, 1, 1, 1, 1, 1, 1, 1, 1, 2, 1, 1, 1, 1, 1, 1, 1, 1, 1, 2, 2, 1, 1, 1, 1, 3, 3, 1, 1, 1, 1, 2, 1, 3, 3, 1, 1, 1, 1, 1, 2, 1, 3, 3, 1, 1, 3, 3, 3, 3, 3, 1, 1, 1, 1, 1, 1, 1, 1, 1, 1, 1, 1, 1, 1]
11/27/2022 20:57:23:INFO: 预测标签: 
 [1, 1, 1, 3, 1, 1, 1, 1, 1, 1, 1, 1, 3, 3, 1, 3, 3, 3, 3, 1, 1, 1, 1, 1, 1, 1, 1, 1, 1, 1, 1, 1, 1, 1, 1, 1, 3, 1, 3, 1, 3, 3, 1, 3, 1, 1, 3, 1, 3, 1, 1, 3, 2, 1, 1, 3, 1, 1, 1, 1, 1, 1, 1, 1, 1, 1, 1, 1, 1, 1, 1, 1, 3, 1, 1, 1, 3, 3, 3, 3, 1, 1, 1, 1, 1, 1, 1, 1, 1, 1, 1, 1, 1, 1, 1, 1, 1, 1, 3, 3, 1, 1, 1, 1, 1, 1, 1, 1, 1, 1, 1, 1, 1, 1, 1, 3, 1, 1, 1, 1, 1, 1, 1, 1, 1, 1, 3, 1, 1, 3, 3, 1, 1, 1, 3, 1, 1, 1, 1, 3, 3, 3, 3, 3, 3, 3, 1, 1, 1, 1, 1, 1, 1, 1, 1, 1, 1, 2, 1, 1, 3, 1, 1, 1, 1, 1, 1, 1, 1, 1, 1, 1, 1, 1, 1, 1, 1, 1, 1, 1, 1, 1, 1, 1, 1, 1, 1, 1, 1, 1, 1, 1, 3, 1, 3, 1, 1, 1, 1, 1, 3, 1, 1, 1, 1, 1, 1, 1, 1, 3, 1, 3, 1, 1, 1, 1, 1, 1, 1, 1, 1, 1, 1, 1, 1, 3, 1, 1, 1, 1, 1, 3, 1, 3, 3, 1, 1, 3, 1, 3, 3, 1, 1, 1, 1, 1, 1, 1, 3, 1, 3, 1, 1, 1, 1, 1, 1, 1, 1, 1, 1, 1, 1, 1, 1, 1, 1, 3, 1, 3, 3, 3, 2, 1, 1, 1, 1, 1, 1, 1, 1, 3, 1, 1, 3, 3, 3, 1, 1, 1, 1, 1, 1, 1, 1, 1, 1, 1, 1, 1, 1, 1, 1, 1, 1, 1, 1, 3, 1, 1, 1, 1, 1, 1, 1, 3, 3, 1, 1, 1, 1, 1, 1, 3, 3, 1, 3, 3, 1, 1, 1, 1, 1, 1, 1, 1, 1, 1, 1, 1, 3, 1, 1, 1, 3, 1, 1, 3, 1, 1, 3, 1, 1, 1, 1, 1, 1, 1, 1, 1, 1, 1, 1, 1, 1, 1, 1, 1, 1, 1, 1, 1, 1, 1, 1, 1, 1, 1, 3, 3, 1, 1, 1, 1, 1, 1, 3, 3, 3, 1, 1, 1, 3, 2, 1, 1, 3, 1, 1, 1, 3, 3, 1, 1, 1, 1, 1, 1, 1, 1, 1, 1, 1, 1, 1, 1, 1, 1]
11/27/2022 20:57:23:INFO: ---------Evaluated Metrics----------
11/27/2022 20:57:23:INFO: Accuracy: 0.861244019138756.
11/27/2022 20:57:23:INFO: Macro Precision: 0.7023046398046399.
11/27/2022 20:57:23:INFO: Macro Recall: 0.5934332191780821.
11/27/2022 20:57:23:INFO: Macro F1 score: 0.5967294478265632.
11/27/2022 20:57:23:INFO: ---------confusion_matrix----------
11/27/2022 20:57:23:INFO: 
[[303   2  15]
 [ 15   2   8]
 [ 18   0  55]]
11/27/2022 20:57:23:INFO: 模型效果验证详情: {'位置第一个显示标签': 304, '其他位置有情感标签': 0, '全句没有情感标签': 0}.
11/27/2022 20:57:23:INFO: ----------------------Testing finished.------------------------
11/27/2022 20:57:23:INFO: bengio.
