02/23/2023 12:11:59:INFO: start.
02/23/2023 12:11:59:INFO: --------hyper-arguments for this training.--------
02/23/2023 12:11:59:INFO: Namespace(answer_strategy='inter_logits_core_token', batch_size=2, dataset='rest14', eval_pre_epochs=1, few_shot=5, learning_rate=1e-05, log_file=None, model_type='WT2ABSA_Mean', patience=5, pre_trained_model='pretrainedmodels/bert-base-cased', save_best_model=False, seed=985, total_epochs=20)
02/23/2023 12:11:59:INFO: ----------dataset files------------
02/23/2023 12:11:59:INFO: {'train': '../WordTrans2ABSA/dataset/rest14/train.json', 'dev': '../WordTrans2ABSA/dataset/rest14/dev.json', 'test': '../WordTrans2ABSA/dataset/rest14/test.json'}
02/23/2023 12:12:03:WARNING: Using custom data configuration default-60cac04a9729a80a
02/23/2023 12:12:03:WARNING: Reusing dataset json (C:\Users\Super-IdoI\.cache\huggingface\datasets\json\default-60cac04a9729a80a\0.0.0\45636811569ec4a6630521c18235dfbbab83b7ab572e3393c5ba68ccabe98264)
02/23/2023 12:12:03:INFO: -----------------------------------
02/23/2023 12:12:03:INFO: {'I-POS': ['good', 'clever', 'excellent', 'effectual', 'beautiful', 'nice', 'useful', 'well', 'fantastic'], 'I-NEU': ['Michael', 'John', 'David', 'Thomas', 'Martin', 'Paul'], 'I-NEG': ['bad', 'terrible', 'awful', 'badly', 'terrible', 'poor', 'unfortunate', 'harmful', 'dirty', 'sorry']}
02/23/2023 12:12:03:INFO: -----------------------------------
02/23/2023 12:12:03:INFO: {'O': 0, 'I-POS': 1, 'I-NEU': 2, 'I-NEG': 3}
02/23/2023 12:12:03:INFO: {0: 'O', 1: 'I-POS', 2: 'I-NEU', 3: 'I-NEG'}
02/23/2023 12:12:05:INFO: -----------------------------------
02/23/2023 12:12:05:INFO: {'I-POS': 28996, 'I-NEU': 28997, 'I-NEG': 28998}
02/23/2023 12:12:05:INFO: {28996: 'I-POS', 28997: 'I-NEU', 28998: 'I-NEG'}
02/23/2023 12:12:05:INFO: start preprocess dataset.
02/23/2023 12:12:05:WARNING: Loading cached processed dataset at C:\Users\Super-IdoI\.cache\huggingface\datasets\json\default-60cac04a9729a80a\0.0.0\45636811569ec4a6630521c18235dfbbab83b7ab572e3393c5ba68ccabe98264\cache-68b53fc006f601ec.arrow
02/23/2023 12:12:05:WARNING: Loading cached processed dataset at C:\Users\Super-IdoI\.cache\huggingface\datasets\json\default-60cac04a9729a80a\0.0.0\45636811569ec4a6630521c18235dfbbab83b7ab572e3393c5ba68ccabe98264\cache-1972094fc959fa7f.arrow
02/23/2023 12:12:05:INFO: dataset preprocess finished.
02/23/2023 12:12:05:WARNING: Loading cached processed dataset at C:\Users\Super-IdoI\.cache\huggingface\datasets\json\default-60cac04a9729a80a\0.0.0\45636811569ec4a6630521c18235dfbbab83b7ab572e3393c5ba68ccabe98264\cache-6af402822ac9639d.arrow
02/23/2023 12:12:05:INFO: Train: 15, Dev: 179, Test: 599.
02/23/2023 12:12:05:INFO: dataloader prepare finished.
02/23/2023 12:12:05:INFO: ***** Start Training *****
02/23/2023 12:12:05:INFO: Total Epochs: 20
02/23/2023 12:12:05:INFO: validate on per-1 epochs.
02/23/2023 12:12:05:INFO: Training Samples Count: 15.
02/23/2023 12:12:05:INFO: Batch Size: 2, 每轮 8 Batch.
02/23/2023 12:12:05:INFO: Learning Rate: 1e-05
02/23/2023 12:12:05:INFO: --------------Epoch. 1.---------------
02/23/2023 12:12:06:INFO: [Epoch. 1.]: 100%|| 8/8 [00:00<00:00, 12.51it/s, avg_loss=2.07]
02/23/2023 12:12:06:INFO: Epoch 1, average loss: 2.0739898309111595
02/23/2023 12:12:06:INFO: --------------Evaluate on Epoch. 1.---------------
02/23/2023 12:12:06:INFO: tensor([28996, 28997, 28998], device='cuda:0')
02/23/2023 12:12:07:INFO: **********Results Comparison**********
02/23/2023 12:12:07:INFO: 真实标签: 
 [3, 1, 1, 1, 2, 1, 1, 1, 1, 1, 3, 1, 1, 1, 1, 3, 2, 1, 1, 2, 2, 1, 1, 1, 1, 1, 2, 3, 1, 3, 1, 2, 1, 1, 1, 3, 1, 3, 1, 1, 1, 1, 2, 1, 1, 1, 1, 1, 1, 2, 2, 1, 1, 1, 1, 3, 2, 1, 1, 1, 1, 3, 1, 1, 1, 1, 1, 1, 1, 1, 3, 2, 1, 3, 3, 1, 2, 3, 1, 1, 1, 2, 1, 1, 1, 2, 3, 1, 1, 2, 1, 1, 3, 1, 1, 1, 1, 1, 2, 3, 2, 1, 1, 1, 1, 1, 1, 1, 1, 1, 3, 3, 1, 1, 2, 1, 3, 3, 1, 3, 2, 2, 1, 1, 3, 1, 2, 1, 1, 1, 1, 3, 1, 1, 1, 1, 1, 3, 1, 1, 1, 2, 1, 2, 2, 3, 1, 1, 1, 2, 1, 1, 1, 2, 1, 1, 1, 1, 1, 1, 1, 1, 2, 1, 1, 1, 1, 1, 1, 1, 1, 1, 1, 2, 2, 2, 2, 2, 1]
02/23/2023 12:12:07:INFO: 预测标签: 
 [1, 1, 1, 1, 1, 1, 1, 1, 1, 1, 1, 1, 1, 1, 1, 3, 1, 2, 1, 2, 1, 2, 2, 1, 2, 1, 2, 1, 1, 1, 2, 1, 2, 2, 1, 1, 1, 2, 1, 1, 2, 1, 1, 1, 1, 1, 1, 1, 1, 1, 1, 2, 1, 2, 1, 1, 1, 1, 1, 1, 1, 3, 1, 1, 1, 1, 1, 3, 2, 2, 3, 1, 1, 2, 1, 1, 1, 1, 1, 1, 1, 1, 1, 1, 1, 2, 1, 1, 1, 1, 1, 1, 1, 3, 1, 2, 2, 1, 1, 3, 1, 1, 1, 1, 1, 1, 1, 2, 1, 1, 1, 1, 1, 1, 2, 1, 1, 1, 1, 1, 1, 2, 1, 1, 1, 1, 1, 1, 2, 2, 1, 3, 1, 1, 1, 1, 1, 1, 1, 1, 1, 2, 1, 1, 1, 1, 1, 3, 1, 1, 2, 1, 1, 1, 1, 1, 1, 1, 1, 1, 1, 2, 1, 1, 1, 1, 1, 1, 2, 2, 1, 2, 1, 1, 2, 1, 1, 1, 2]
02/23/2023 12:12:07:INFO: ---------Evaluated Metrics----------
02/23/2023 12:12:07:INFO: Accuracy: 0.6033519553072626.
02/23/2023 12:12:07:INFO: Macro Precision: 0.5114658273381295.
02/23/2023 12:12:07:INFO: Macro Recall: 0.4018784153005464.
02/23/2023 12:12:07:INFO: Macro F1 score: 0.4191374956461163.
02/23/2023 12:12:07:INFO: ---------confusion_matrix----------
02/23/2023 12:12:07:INFO: 
[[96 23  3]
 [25  7  0]
 [18  2  5]]
02/23/2023 12:12:07:INFO: 模型效果验证详情: {'位置第一个显示标签': 0, '其他位置有情感标签': 0, '全句没有情感标签': 0}.
02/23/2023 12:12:07:INFO: ----------------------Evaluate finished.------------------------
02/23/2023 12:12:07:INFO: --------------Epoch. 2.---------------
02/23/2023 12:12:07:INFO: [Epoch. 2.]: 100%|| 8/8 [00:00<00:00, 16.99it/s, avg_loss=1.25]
02/23/2023 12:12:07:INFO: Epoch 2, average loss: 1.2518102750182152
02/23/2023 12:12:07:INFO: --------------Evaluate on Epoch. 2.---------------
02/23/2023 12:12:07:INFO: tensor([28996, 28997, 28998], device='cuda:0')
02/23/2023 12:12:08:INFO: **********Results Comparison**********
02/23/2023 12:12:08:INFO: 真实标签: 
 [3, 1, 1, 1, 2, 1, 1, 1, 1, 1, 3, 1, 1, 1, 1, 3, 2, 1, 1, 2, 2, 1, 1, 1, 1, 1, 2, 3, 1, 3, 1, 2, 1, 1, 1, 3, 1, 3, 1, 1, 1, 1, 2, 1, 1, 1, 1, 1, 1, 2, 2, 1, 1, 1, 1, 3, 2, 1, 1, 1, 1, 3, 1, 1, 1, 1, 1, 1, 1, 1, 3, 2, 1, 3, 3, 1, 2, 3, 1, 1, 1, 2, 1, 1, 1, 2, 3, 1, 1, 2, 1, 1, 3, 1, 1, 1, 1, 1, 2, 3, 2, 1, 1, 1, 1, 1, 1, 1, 1, 1, 3, 3, 1, 1, 2, 1, 3, 3, 1, 3, 2, 2, 1, 1, 3, 1, 2, 1, 1, 1, 1, 3, 1, 1, 1, 1, 1, 3, 1, 1, 1, 2, 1, 2, 2, 3, 1, 1, 1, 2, 1, 1, 1, 2, 1, 1, 1, 1, 1, 1, 1, 1, 2, 1, 1, 1, 1, 1, 1, 1, 1, 1, 1, 2, 2, 2, 2, 2, 1]
02/23/2023 12:12:08:INFO: 预测标签: 
 [1, 1, 1, 1, 1, 1, 1, 1, 1, 1, 1, 1, 1, 1, 1, 3, 1, 2, 1, 2, 1, 2, 2, 1, 2, 1, 2, 1, 1, 2, 1, 1, 2, 2, 1, 1, 1, 2, 1, 1, 2, 1, 1, 1, 1, 1, 1, 1, 1, 1, 1, 2, 1, 2, 1, 1, 1, 2, 1, 1, 1, 3, 1, 1, 2, 1, 1, 3, 2, 2, 3, 1, 1, 2, 1, 1, 1, 1, 1, 1, 1, 1, 1, 1, 1, 2, 1, 1, 1, 1, 1, 1, 1, 3, 1, 2, 2, 1, 1, 3, 1, 1, 1, 1, 1, 1, 1, 2, 1, 1, 1, 1, 1, 1, 2, 1, 1, 3, 1, 1, 1, 2, 1, 1, 1, 1, 1, 1, 2, 2, 1, 3, 1, 1, 1, 1, 1, 1, 2, 1, 1, 2, 1, 1, 1, 1, 3, 3, 1, 1, 2, 1, 1, 1, 1, 1, 1, 1, 1, 1, 3, 1, 1, 1, 1, 1, 3, 1, 2, 2, 1, 2, 1, 1, 2, 1, 1, 1, 2]
02/23/2023 12:12:08:INFO: ---------Evaluated Metrics----------
02/23/2023 12:12:08:INFO: Accuracy: 0.5865921787709497.
02/23/2023 12:12:08:INFO: Macro Precision: 0.4658705587498157.
02/23/2023 12:12:08:INFO: Macro Recall: 0.4042827868852459.
02/23/2023 12:12:08:INFO: Macro F1 score: 0.41933805463217233.
02/23/2023 12:12:08:INFO: ---------confusion_matrix----------
02/23/2023 12:12:08:INFO: 
[[92 24  6]
 [25  7  0]
 [16  3  6]]
02/23/2023 12:12:08:INFO: 模型效果验证详情: {'位置第一个显示标签': 0, '其他位置有情感标签': 0, '全句没有情感标签': 0}.
02/23/2023 12:12:08:INFO: ----------------------Evaluate finished.------------------------
02/23/2023 12:12:08:INFO: --------------Epoch. 3.---------------
02/23/2023 12:12:09:INFO: [Epoch. 3.]: 100%|| 8/8 [00:00<00:00, 17.31it/s, avg_loss=1.05]
02/23/2023 12:12:09:INFO: Epoch 3, average loss: 1.0508313328027725
02/23/2023 12:12:09:INFO: --------------Evaluate on Epoch. 3.---------------
02/23/2023 12:12:09:INFO: tensor([28996, 28997, 28998], device='cuda:0')
02/23/2023 12:12:09:INFO: **********Results Comparison**********
02/23/2023 12:12:09:INFO: 真实标签: 
 [3, 1, 1, 1, 2, 1, 1, 1, 1, 1, 3, 1, 1, 1, 1, 3, 2, 1, 1, 2, 2, 1, 1, 1, 1, 1, 2, 3, 1, 3, 1, 2, 1, 1, 1, 3, 1, 3, 1, 1, 1, 1, 2, 1, 1, 1, 1, 1, 1, 2, 2, 1, 1, 1, 1, 3, 2, 1, 1, 1, 1, 3, 1, 1, 1, 1, 1, 1, 1, 1, 3, 2, 1, 3, 3, 1, 2, 3, 1, 1, 1, 2, 1, 1, 1, 2, 3, 1, 1, 2, 1, 1, 3, 1, 1, 1, 1, 1, 2, 3, 2, 1, 1, 1, 1, 1, 1, 1, 1, 1, 3, 3, 1, 1, 2, 1, 3, 3, 1, 3, 2, 2, 1, 1, 3, 1, 2, 1, 1, 1, 1, 3, 1, 1, 1, 1, 1, 3, 1, 1, 1, 2, 1, 2, 2, 3, 1, 1, 1, 2, 1, 1, 1, 2, 1, 1, 1, 1, 1, 1, 1, 1, 2, 1, 1, 1, 1, 1, 1, 1, 1, 1, 1, 2, 2, 2, 2, 2, 1]
02/23/2023 12:12:09:INFO: 预测标签: 
 [1, 1, 1, 1, 1, 1, 1, 1, 1, 1, 1, 1, 3, 2, 1, 3, 2, 2, 1, 2, 1, 2, 2, 2, 2, 1, 2, 1, 1, 2, 1, 1, 2, 2, 1, 1, 1, 2, 1, 1, 2, 1, 2, 1, 1, 1, 2, 1, 1, 1, 2, 2, 2, 2, 3, 1, 1, 2, 1, 1, 1, 3, 1, 2, 2, 3, 1, 3, 2, 2, 3, 1, 1, 2, 2, 1, 1, 1, 1, 1, 1, 2, 1, 1, 2, 2, 1, 1, 1, 1, 1, 1, 1, 3, 1, 2, 2, 1, 2, 3, 3, 1, 2, 1, 2, 1, 1, 2, 2, 1, 1, 1, 2, 1, 2, 1, 1, 3, 1, 1, 2, 2, 1, 1, 1, 2, 1, 1, 2, 2, 1, 3, 2, 1, 1, 1, 1, 1, 2, 1, 1, 2, 2, 1, 1, 1, 3, 3, 1, 1, 2, 1, 1, 1, 1, 1, 1, 2, 1, 1, 3, 2, 1, 1, 1, 1, 3, 1, 2, 2, 1, 2, 1, 1, 2, 1, 1, 1, 2]
02/23/2023 12:12:09:INFO: ---------Evaluated Metrics----------
02/23/2023 12:12:09:INFO: Accuracy: 0.5195530726256983.
02/23/2023 12:12:09:INFO: Macro Precision: 0.4329105473965287.
02/23/2023 12:12:09:INFO: Macro Recall: 0.4176024590163934.
02/23/2023 12:12:09:INFO: Macro F1 score: 0.41147522729693353.
02/23/2023 12:12:09:INFO: ---------confusion_matrix----------
02/23/2023 12:12:09:INFO: 
[[74 39  9]
 [18 13  1]
 [15  4  6]]
02/23/2023 12:12:09:INFO: 模型效果验证详情: {'位置第一个显示标签': 0, '其他位置有情感标签': 0, '全句没有情感标签': 0}.
02/23/2023 12:12:09:INFO: ----------------------Evaluate finished.------------------------
02/23/2023 12:12:09:INFO: --------------Epoch. 4.---------------
02/23/2023 12:12:10:INFO: [Epoch. 4.]: 100%|| 8/8 [00:00<00:00, 17.23it/s, avg_loss=0.782]
02/23/2023 12:12:10:INFO: Epoch 4, average loss: 0.7821096889674664
02/23/2023 12:12:10:INFO: --------------Evaluate on Epoch. 4.---------------
02/23/2023 12:12:10:INFO: tensor([28996, 28997, 28998], device='cuda:0')
02/23/2023 12:12:11:INFO: **********Results Comparison**********
02/23/2023 12:12:11:INFO: 真实标签: 
 [3, 1, 1, 1, 2, 1, 1, 1, 1, 1, 3, 1, 1, 1, 1, 3, 2, 1, 1, 2, 2, 1, 1, 1, 1, 1, 2, 3, 1, 3, 1, 2, 1, 1, 1, 3, 1, 3, 1, 1, 1, 1, 2, 1, 1, 1, 1, 1, 1, 2, 2, 1, 1, 1, 1, 3, 2, 1, 1, 1, 1, 3, 1, 1, 1, 1, 1, 1, 1, 1, 3, 2, 1, 3, 3, 1, 2, 3, 1, 1, 1, 2, 1, 1, 1, 2, 3, 1, 1, 2, 1, 1, 3, 1, 1, 1, 1, 1, 2, 3, 2, 1, 1, 1, 1, 1, 1, 1, 1, 1, 3, 3, 1, 1, 2, 1, 3, 3, 1, 3, 2, 2, 1, 1, 3, 1, 2, 1, 1, 1, 1, 3, 1, 1, 1, 1, 1, 3, 1, 1, 1, 2, 1, 2, 2, 3, 1, 1, 1, 2, 1, 1, 1, 2, 1, 1, 1, 1, 1, 1, 1, 1, 2, 1, 1, 1, 1, 1, 1, 1, 1, 1, 1, 2, 2, 2, 2, 2, 1]
02/23/2023 12:12:11:INFO: 预测标签: 
 [1, 1, 1, 1, 1, 1, 1, 1, 2, 1, 1, 1, 3, 2, 1, 3, 2, 2, 1, 2, 1, 2, 2, 2, 2, 1, 2, 1, 1, 2, 2, 1, 2, 2, 1, 1, 1, 2, 1, 1, 2, 1, 2, 1, 2, 1, 2, 1, 1, 2, 2, 2, 2, 2, 3, 1, 1, 2, 1, 2, 1, 3, 2, 2, 2, 3, 1, 3, 2, 2, 3, 1, 1, 2, 2, 1, 3, 1, 1, 1, 1, 2, 1, 1, 2, 2, 1, 1, 1, 1, 1, 1, 1, 1, 3, 2, 2, 2, 2, 3, 3, 1, 2, 1, 2, 1, 1, 2, 2, 1, 1, 2, 2, 1, 2, 1, 1, 3, 1, 2, 2, 2, 1, 1, 1, 2, 1, 2, 2, 2, 1, 3, 2, 1, 1, 1, 1, 1, 2, 1, 1, 2, 2, 1, 1, 1, 2, 3, 2, 1, 2, 1, 1, 1, 1, 1, 1, 2, 1, 1, 3, 2, 1, 1, 1, 1, 3, 1, 2, 2, 1, 2, 1, 1, 2, 1, 1, 1, 2]
02/23/2023 12:12:11:INFO: ---------Evaluated Metrics----------
02/23/2023 12:12:11:INFO: Accuracy: 0.48044692737430167.
02/23/2023 12:12:11:INFO: Macro Precision: 0.42520639834881324.
02/23/2023 12:12:11:INFO: Macro Recall: 0.4061612021857924.
02/23/2023 12:12:11:INFO: Macro F1 score: 0.3936592859016148.
02/23/2023 12:12:11:INFO: ---------confusion_matrix----------
02/23/2023 12:12:11:INFO: 
[[66 48  8]
 [16 14  2]
 [13  6  6]]
02/23/2023 12:12:11:INFO: 模型效果验证详情: {'位置第一个显示标签': 0, '其他位置有情感标签': 0, '全句没有情感标签': 0}.
02/23/2023 12:12:11:INFO: ----------------------Evaluate finished.------------------------
02/23/2023 12:12:11:INFO: --------------Epoch. 5.---------------
02/23/2023 12:12:11:INFO: [Epoch. 5.]: 100%|| 8/8 [00:00<00:00, 17.37it/s, avg_loss=0.638]
02/23/2023 12:12:11:INFO: Epoch 5, average loss: 0.6383499428629875
02/23/2023 12:12:11:INFO: --------------Evaluate on Epoch. 5.---------------
02/23/2023 12:12:11:INFO: tensor([28996, 28997, 28998], device='cuda:0')
02/23/2023 12:12:12:INFO: **********Results Comparison**********
02/23/2023 12:12:12:INFO: 真实标签: 
 [3, 1, 1, 1, 2, 1, 1, 1, 1, 1, 3, 1, 1, 1, 1, 3, 2, 1, 1, 2, 2, 1, 1, 1, 1, 1, 2, 3, 1, 3, 1, 2, 1, 1, 1, 3, 1, 3, 1, 1, 1, 1, 2, 1, 1, 1, 1, 1, 1, 2, 2, 1, 1, 1, 1, 3, 2, 1, 1, 1, 1, 3, 1, 1, 1, 1, 1, 1, 1, 1, 3, 2, 1, 3, 3, 1, 2, 3, 1, 1, 1, 2, 1, 1, 1, 2, 3, 1, 1, 2, 1, 1, 3, 1, 1, 1, 1, 1, 2, 3, 2, 1, 1, 1, 1, 1, 1, 1, 1, 1, 3, 3, 1, 1, 2, 1, 3, 3, 1, 3, 2, 2, 1, 1, 3, 1, 2, 1, 1, 1, 1, 3, 1, 1, 1, 1, 1, 3, 1, 1, 1, 2, 1, 2, 2, 3, 1, 1, 1, 2, 1, 1, 1, 2, 1, 1, 1, 1, 1, 1, 1, 1, 2, 1, 1, 1, 1, 1, 1, 1, 1, 1, 1, 2, 2, 2, 2, 2, 1]
02/23/2023 12:12:12:INFO: 预测标签: 
 [2, 1, 1, 1, 1, 1, 1, 1, 2, 1, 1, 1, 3, 2, 2, 3, 2, 2, 1, 2, 1, 2, 2, 2, 2, 1, 2, 1, 1, 2, 2, 1, 2, 2, 1, 1, 1, 2, 1, 1, 2, 1, 2, 1, 2, 1, 2, 1, 1, 2, 2, 2, 2, 2, 3, 1, 1, 2, 2, 2, 1, 3, 2, 2, 2, 3, 1, 3, 2, 2, 3, 1, 1, 2, 2, 2, 2, 1, 1, 1, 1, 2, 1, 1, 2, 2, 3, 1, 1, 3, 2, 1, 2, 3, 3, 2, 2, 2, 2, 3, 3, 1, 2, 1, 2, 1, 2, 2, 2, 2, 3, 2, 2, 1, 2, 1, 1, 3, 2, 2, 2, 2, 2, 1, 2, 2, 1, 2, 2, 2, 1, 3, 2, 1, 1, 1, 1, 1, 2, 1, 2, 2, 2, 1, 3, 3, 2, 3, 2, 1, 2, 1, 1, 1, 2, 1, 1, 2, 1, 2, 3, 2, 1, 1, 1, 1, 3, 1, 2, 2, 1, 2, 2, 1, 2, 1, 1, 1, 2]
02/23/2023 12:12:12:INFO: ---------Evaluated Metrics----------
02/23/2023 12:12:12:INFO: Accuracy: 0.4301675977653631.
02/23/2023 12:12:12:INFO: Macro Precision: 0.4411196911196911.
02/23/2023 12:12:12:INFO: Macro Recall: 0.42105874316939884.
02/23/2023 12:12:12:INFO: Macro F1 score: 0.3969137880039572.
02/23/2023 12:12:12:INFO: ---------confusion_matrix----------
02/23/2023 12:12:12:INFO: 
[[53 60  9]
 [14 15  3]
 [ 7  9  9]]
02/23/2023 12:12:12:INFO: 模型效果验证详情: {'位置第一个显示标签': 0, '其他位置有情感标签': 0, '全句没有情感标签': 0}.
02/23/2023 12:12:12:INFO: ----------------------Evaluate finished.------------------------
02/23/2023 12:12:12:INFO: --------------Epoch. 6.---------------
02/23/2023 12:12:13:INFO: [Epoch. 6.]: 100%|| 8/8 [00:00<00:00, 17.72it/s, avg_loss=0.564]
02/23/2023 12:12:13:INFO: Epoch 6, average loss: 0.5640859780833125
02/23/2023 12:12:13:INFO: --------------Evaluate on Epoch. 6.---------------
02/23/2023 12:12:13:INFO: tensor([28996, 28997, 28998], device='cuda:0')
02/23/2023 12:12:13:INFO: **********Results Comparison**********
02/23/2023 12:12:13:INFO: 真实标签: 
 [3, 1, 1, 1, 2, 1, 1, 1, 1, 1, 3, 1, 1, 1, 1, 3, 2, 1, 1, 2, 2, 1, 1, 1, 1, 1, 2, 3, 1, 3, 1, 2, 1, 1, 1, 3, 1, 3, 1, 1, 1, 1, 2, 1, 1, 1, 1, 1, 1, 2, 2, 1, 1, 1, 1, 3, 2, 1, 1, 1, 1, 3, 1, 1, 1, 1, 1, 1, 1, 1, 3, 2, 1, 3, 3, 1, 2, 3, 1, 1, 1, 2, 1, 1, 1, 2, 3, 1, 1, 2, 1, 1, 3, 1, 1, 1, 1, 1, 2, 3, 2, 1, 1, 1, 1, 1, 1, 1, 1, 1, 3, 3, 1, 1, 2, 1, 3, 3, 1, 3, 2, 2, 1, 1, 3, 1, 2, 1, 1, 1, 1, 3, 1, 1, 1, 1, 1, 3, 1, 1, 1, 2, 1, 2, 2, 3, 1, 1, 1, 2, 1, 1, 1, 2, 1, 1, 1, 1, 1, 1, 1, 1, 2, 1, 1, 1, 1, 1, 1, 1, 1, 1, 1, 2, 2, 2, 2, 2, 1]
02/23/2023 12:12:13:INFO: 预测标签: 
 [2, 1, 1, 1, 1, 1, 1, 1, 2, 1, 3, 1, 3, 2, 2, 3, 2, 2, 1, 2, 1, 2, 2, 2, 2, 1, 2, 1, 1, 2, 2, 1, 2, 2, 1, 1, 1, 2, 1, 1, 2, 1, 2, 1, 2, 1, 2, 1, 1, 2, 2, 2, 2, 2, 3, 1, 1, 2, 2, 2, 1, 3, 2, 2, 2, 3, 1, 3, 2, 2, 3, 1, 1, 2, 2, 2, 2, 3, 1, 1, 1, 2, 1, 1, 2, 2, 3, 1, 1, 3, 2, 1, 2, 3, 3, 2, 2, 2, 2, 3, 3, 1, 2, 1, 2, 1, 2, 2, 2, 2, 3, 2, 2, 1, 2, 1, 1, 3, 2, 2, 2, 2, 1, 1, 2, 2, 1, 2, 2, 2, 1, 3, 2, 1, 1, 3, 1, 1, 2, 1, 2, 2, 2, 1, 3, 3, 2, 3, 2, 1, 2, 1, 1, 1, 1, 1, 1, 2, 1, 2, 3, 2, 1, 1, 1, 1, 3, 1, 2, 2, 1, 2, 2, 1, 2, 1, 3, 1, 2]
02/23/2023 12:12:13:INFO: ---------Evaluated Metrics----------
02/23/2023 12:12:13:INFO: Accuracy: 0.44692737430167595.
02/23/2023 12:12:13:INFO: Macro Precision: 0.45764227642276417.
02/23/2023 12:12:13:INFO: Macro Recall: 0.45045765027322404.
02/23/2023 12:12:13:INFO: Macro F1 score: 0.419952975221559.
02/23/2023 12:12:13:INFO: ---------confusion_matrix----------
02/23/2023 12:12:13:INFO: 
[[54 58 10]
 [13 15  4]
 [ 5  9 11]]
02/23/2023 12:12:13:INFO: 模型效果验证详情: {'位置第一个显示标签': 0, '其他位置有情感标签': 0, '全句没有情感标签': 0}.
02/23/2023 12:12:13:INFO: ----------------------Evaluate finished.------------------------
02/23/2023 12:12:13:INFO: --------------Epoch. 7.---------------
02/23/2023 12:12:14:INFO: [Epoch. 7.]: 100%|| 8/8 [00:00<00:00, 17.85it/s, avg_loss=0.379]
02/23/2023 12:12:14:INFO: Epoch 7, average loss: 0.3789576105773449
02/23/2023 12:12:14:INFO: --------------Evaluate on Epoch. 7.---------------
02/23/2023 12:12:14:INFO: tensor([28996, 28997, 28998], device='cuda:0')
02/23/2023 12:12:15:INFO: **********Results Comparison**********
02/23/2023 12:12:15:INFO: 真实标签: 
 [3, 1, 1, 1, 2, 1, 1, 1, 1, 1, 3, 1, 1, 1, 1, 3, 2, 1, 1, 2, 2, 1, 1, 1, 1, 1, 2, 3, 1, 3, 1, 2, 1, 1, 1, 3, 1, 3, 1, 1, 1, 1, 2, 1, 1, 1, 1, 1, 1, 2, 2, 1, 1, 1, 1, 3, 2, 1, 1, 1, 1, 3, 1, 1, 1, 1, 1, 1, 1, 1, 3, 2, 1, 3, 3, 1, 2, 3, 1, 1, 1, 2, 1, 1, 1, 2, 3, 1, 1, 2, 1, 1, 3, 1, 1, 1, 1, 1, 2, 3, 2, 1, 1, 1, 1, 1, 1, 1, 1, 1, 3, 3, 1, 1, 2, 1, 3, 3, 1, 3, 2, 2, 1, 1, 3, 1, 2, 1, 1, 1, 1, 3, 1, 1, 1, 1, 1, 3, 1, 1, 1, 2, 1, 2, 2, 3, 1, 1, 1, 2, 1, 1, 1, 2, 1, 1, 1, 1, 1, 1, 1, 1, 2, 1, 1, 1, 1, 1, 1, 1, 1, 1, 1, 2, 2, 2, 2, 2, 1]
02/23/2023 12:12:15:INFO: 预测标签: 
 [2, 2, 1, 1, 1, 1, 3, 2, 2, 1, 3, 1, 3, 2, 2, 3, 2, 2, 1, 2, 1, 2, 2, 2, 2, 1, 2, 1, 1, 2, 2, 1, 2, 2, 1, 1, 1, 2, 1, 1, 2, 2, 2, 1, 2, 1, 2, 1, 3, 2, 2, 2, 2, 2, 3, 3, 3, 2, 2, 2, 1, 3, 2, 2, 2, 3, 1, 3, 2, 2, 3, 1, 1, 2, 2, 2, 2, 3, 1, 1, 1, 2, 1, 1, 2, 2, 3, 1, 1, 3, 2, 1, 2, 3, 3, 2, 2, 2, 2, 3, 3, 3, 2, 1, 2, 1, 2, 2, 2, 2, 3, 2, 2, 2, 2, 1, 1, 3, 2, 2, 2, 2, 2, 1, 2, 2, 1, 2, 2, 2, 1, 3, 2, 1, 3, 3, 1, 1, 2, 1, 2, 2, 2, 1, 3, 3, 2, 3, 2, 3, 2, 1, 1, 2, 2, 1, 2, 2, 1, 2, 3, 2, 1, 1, 1, 1, 3, 1, 2, 2, 1, 2, 2, 3, 2, 1, 3, 1, 2]
02/23/2023 12:12:15:INFO: ---------Evaluated Metrics----------
02/23/2023 12:12:15:INFO: Accuracy: 0.39664804469273746.
02/23/2023 12:12:15:INFO: Macro Precision: 0.43642376142376144.
02/23/2023 12:12:15:INFO: Macro Recall: 0.4441530054644809.
02/23/2023 12:12:15:INFO: Macro F1 score: 0.3864114176104065.
02/23/2023 12:12:15:INFO: ---------confusion_matrix----------
02/23/2023 12:12:15:INFO: 
[[43 65 14]
 [ 9 16  7]
 [ 4  9 12]]
02/23/2023 12:12:15:INFO: 模型效果验证详情: {'位置第一个显示标签': 0, '其他位置有情感标签': 0, '全句没有情感标签': 0}.
02/23/2023 12:12:15:INFO: ----------------------Evaluate finished.------------------------
02/23/2023 12:12:15:INFO: Based on [2.th Epoch] best_accuracy: 0.6033519553072626.
02/23/2023 12:12:15:INFO: latest 5 epochs not seen performance increased, early stop.
02/23/2023 12:12:15:INFO: ********** Best Results on Dev Dataset **********
02/23/2023 12:12:15:INFO: Best Accuracy: 0.6033519553072626.
02/23/2023 12:12:15:INFO: Best Macro Precision: 0.45764227642276417.
02/23/2023 12:12:15:INFO: Best Macro Recall: 0.45045765027322404.
02/23/2023 12:12:15:INFO: Best Macro F1 score: 0.419952975221559.
02/23/2023 12:12:15:INFO: ***** Training Over *****
02/23/2023 12:12:15:INFO: --------------Testing ...---------------
02/23/2023 12:12:15:INFO: tensor([28996, 28997, 28998], device='cuda:0')
02/23/2023 12:12:18:INFO: **********Results Comparison**********
02/23/2023 12:12:18:INFO: 真实标签: 
 [1, 1, 1, 1, 1, 1, 1, 1, 1, 1, 3, 1, 1, 3, 3, 3, 1, 1, 2, 3, 1, 1, 1, 1, 1, 1, 1, 1, 1, 1, 1, 3, 3, 3, 1, 1, 1, 1, 1, 1, 2, 1, 3, 1, 1, 1, 1, 1, 1, 1, 3, 1, 1, 1, 3, 1, 3, 3, 1, 1, 1, 1, 1, 3, 1, 1, 1, 2, 1, 3, 3, 1, 1, 1, 1, 1, 1, 1, 3, 3, 1, 1, 1, 1, 1, 1, 1, 3, 1, 3, 1, 3, 1, 1, 1, 1, 1, 1, 3, 1, 1, 1, 3, 1, 1, 1, 1, 1, 1, 1, 2, 3, 3, 3, 3, 1, 1, 1, 1, 1, 3, 2, 1, 1, 1, 1, 1, 1, 1, 1, 1, 1, 1, 1, 1, 1, 1, 1, 3, 2, 2, 1, 3, 1, 1, 1, 1, 3, 1, 1, 1, 1, 1, 1, 3, 3, 1, 1, 1, 1, 1, 1, 3, 1, 1, 1, 1, 1, 1, 1, 1, 1, 3, 3, 1, 2, 1, 3, 2, 2, 1, 1, 1, 2, 1, 3, 3, 1, 3, 3, 3, 1, 1, 2, 3, 1, 1, 3, 1, 3, 1, 1, 2, 1, 2, 1, 1, 1, 1, 1, 1, 1, 2, 3, 1, 1, 1, 1, 1, 1, 1, 1, 1, 1, 1, 2, 1, 1, 1, 1, 1, 1, 1, 1, 1, 1, 3, 1, 2, 1, 1, 1, 2, 1, 3, 1, 3, 2, 1, 3, 3, 2, 1, 1, 1, 1, 1, 1, 1, 1, 1, 1, 1, 1, 1, 3, 1, 1, 1, 2, 1, 1, 1, 1, 2, 3, 3, 3, 1, 1, 1, 1, 2, 1, 1, 3, 1, 1, 3, 1, 3, 1, 1, 1, 1, 1, 1, 1, 2, 2, 2, 3, 2, 1, 3, 1, 2, 1, 1, 1, 1, 2, 3, 1, 1, 2, 3, 2, 2, 2, 1, 1, 1, 2, 1, 1, 1, 1, 2, 3, 1, 1, 1, 1, 1, 1, 3, 3, 1, 1, 1, 1, 2, 2, 1, 2, 1, 2, 1, 1, 1, 3, 3, 3, 3, 1, 1, 1, 1, 1, 1, 3, 3, 1, 1, 3, 3, 1, 1, 1, 1, 1, 1, 1, 3, 1, 1, 3, 1, 2, 2, 1, 1, 1, 2, 2, 1, 1, 1, 3, 1, 2, 1, 2, 1, 1, 2, 1, 1, 1, 2, 2, 1, 1, 1, 2, 2, 2, 1, 2, 2, 1, 1, 2, 1, 1, 1, 2, 3, 1, 1, 1, 2, 1, 1, 1, 1, 1, 2, 1, 1, 1, 1, 1, 1, 1, 1, 1, 3, 2, 3, 2, 1, 3, 1, 1, 1, 1, 1, 3, 2, 1, 1, 2, 1, 3, 1, 2, 1, 1, 1, 1, 2, 1, 1, 3, 1, 1, 1, 1, 1, 1, 1, 2, 1, 1, 1, 1, 1, 1, 1, 1, 1, 1, 1, 1, 1, 1, 1, 1, 1, 1, 1, 3, 1, 1, 1, 1, 1, 1, 1, 1, 1, 1, 2, 1, 1, 1, 1, 1, 3, 1, 1, 1, 2, 3, 2, 2, 1, 2, 3, 2, 1, 1, 2, 3, 1, 1, 2, 2, 1, 1, 2, 1, 1, 2, 2, 1, 1, 1, 1, 1, 1, 1, 1, 1, 1, 1, 1, 2, 2, 3, 1, 1, 1, 1, 2, 2, 1, 3, 1, 3, 3, 1, 1, 1, 1, 1, 1, 2, 1, 2, 1, 2, 1, 3, 1, 2, 1, 1, 2, 1, 1, 1, 2, 2, 2, 2, 1, 2, 2, 2, 1, 2, 3, 1, 3, 3, 1]
02/23/2023 12:12:18:INFO: 预测标签: 
 [1, 3, 2, 2, 3, 2, 1, 3, 1, 1, 2, 2, 2, 2, 3, 3, 2, 3, 3, 2, 3, 2, 2, 1, 2, 1, 1, 2, 2, 1, 1, 2, 3, 2, 3, 2, 2, 2, 1, 2, 2, 1, 2, 2, 2, 1, 2, 1, 1, 1, 3, 2, 2, 2, 3, 1, 3, 2, 1, 1, 2, 1, 2, 1, 3, 2, 1, 2, 2, 3, 3, 2, 1, 2, 2, 1, 1, 1, 3, 2, 2, 2, 1, 2, 2, 1, 1, 3, 2, 3, 1, 3, 2, 1, 2, 3, 2, 2, 3, 2, 1, 2, 3, 1, 1, 2, 2, 1, 1, 1, 2, 3, 3, 1, 2, 1, 3, 2, 1, 1, 2, 2, 3, 1, 2, 1, 1, 2, 2, 2, 2, 2, 1, 2, 1, 1, 2, 1, 1, 2, 2, 1, 3, 3, 1, 1, 1, 3, 1, 1, 2, 1, 1, 2, 1, 2, 2, 2, 2, 2, 2, 1, 2, 2, 1, 3, 2, 2, 1, 1, 2, 1, 2, 3, 1, 3, 1, 2, 3, 2, 2, 1, 1, 2, 2, 3, 2, 2, 3, 3, 3, 2, 1, 3, 1, 1, 1, 3, 1, 2, 3, 2, 3, 1, 2, 1, 3, 1, 1, 1, 2, 1, 2, 3, 1, 3, 1, 1, 1, 1, 2, 1, 2, 1, 1, 2, 2, 1, 1, 2, 3, 2, 2, 2, 2, 2, 3, 2, 2, 1, 1, 3, 2, 1, 3, 2, 3, 2, 3, 1, 3, 1, 1, 1, 3, 2, 2, 2, 2, 1, 2, 2, 2, 2, 2, 2, 1, 3, 2, 1, 3, 2, 2, 2, 1, 2, 2, 3, 1, 1, 3, 1, 1, 2, 2, 2, 1, 1, 2, 1, 2, 2, 1, 1, 2, 3, 1, 2, 1, 2, 2, 3, 3, 2, 3, 2, 2, 2, 1, 2, 2, 2, 1, 2, 1, 2, 3, 1, 2, 1, 1, 1, 1, 2, 1, 1, 1, 1, 2, 1, 3, 2, 2, 1, 2, 1, 3, 3, 1, 1, 3, 2, 1, 2, 2, 2, 1, 3, 2, 1, 2, 2, 3, 2, 1, 1, 1, 1, 1, 1, 2, 2, 3, 1, 2, 3, 2, 1, 1, 1, 1, 1, 1, 2, 3, 2, 2, 3, 2, 2, 2, 1, 3, 2, 3, 1, 1, 2, 2, 1, 3, 2, 1, 2, 3, 3, 2, 3, 1, 2, 2, 3, 2, 2, 2, 1, 2, 3, 1, 1, 3, 2, 1, 2, 1, 2, 1, 2, 2, 2, 1, 2, 1, 2, 1, 2, 1, 1, 2, 2, 1, 2, 1, 1, 1, 2, 1, 1, 3, 1, 3, 3, 3, 2, 2, 2, 2, 2, 3, 2, 2, 1, 1, 1, 2, 3, 1, 2, 2, 3, 2, 1, 3, 2, 2, 2, 1, 1, 1, 1, 3, 1, 2, 2, 1, 1, 2, 2, 2, 2, 3, 1, 1, 1, 3, 2, 1, 2, 2, 1, 2, 2, 1, 3, 2, 3, 2, 3, 3, 2, 3, 1, 2, 1, 1, 2, 1, 2, 2, 2, 2, 1, 2, 2, 2, 3, 2, 2, 2, 3, 2, 2, 1, 3, 1, 2, 3, 1, 2, 1, 2, 2, 2, 2, 2, 1, 2, 1, 1, 2, 2, 2, 2, 2, 2, 2, 2, 2, 1, 2, 3, 3, 1, 1, 1, 1, 1, 1, 1, 3, 1, 3, 3, 2, 2, 2, 1, 2, 1, 2, 1, 2, 2, 2, 2, 3, 1, 1, 2, 2, 2, 1, 2, 1, 3, 1, 3, 3, 1, 1, 2, 2, 2, 2, 1, 2, 2, 1, 2]
02/23/2023 12:12:18:INFO: ---------Evaluated Metrics----------
02/23/2023 12:12:18:INFO: Accuracy: 0.4741235392320534.
02/23/2023 12:12:18:INFO: Macro Precision: 0.4948105341843482.
02/23/2023 12:12:18:INFO: Macro Recall: 0.5079585191013201.
02/23/2023 12:12:18:INFO: Macro F1 score: 0.45030355493532986.
02/23/2023 12:12:18:INFO: ---------confusion_matrix----------
02/23/2023 12:12:18:INFO: 
[[182 186  42]
 [ 23  52  18]
 [ 12  34  50]]
02/23/2023 12:12:18:INFO: 模型效果验证详情: {'位置第一个显示标签': 0, '其他位置有情感标签': 0, '全句没有情感标签': 0}.
02/23/2023 12:12:18:INFO: ----------------------Testing finished.------------------------
02/23/2023 12:12:18:INFO: bengio.
