02/23/2023 13:19:31:INFO: start.
02/23/2023 13:19:31:INFO: --------hyper-arguments for this training.--------
02/23/2023 13:19:31:INFO: Namespace(answer_strategy='inter_logits_core_token', batch_size=2, dataset='rest16', eval_pre_epochs=1, few_shot=50, learning_rate=1e-05, log_file=None, model_type='WT2ABSA_Mean', patience=5, pre_trained_model='pretrainedmodels/bert-base-cased', save_best_model=False, seed=985, total_epochs=20)
02/23/2023 13:19:31:INFO: ----------dataset files------------
02/23/2023 13:19:31:INFO: {'train': '../WordTrans2ABSA/dataset/rest16/train.json', 'dev': '../WordTrans2ABSA/dataset/rest16/dev.json', 'test': '../WordTrans2ABSA/dataset/rest16/test.json'}
02/23/2023 13:19:35:WARNING: Using custom data configuration default-b3ccb5991d649a97
02/23/2023 13:19:35:WARNING: Reusing dataset json (C:\Users\Super-IdoI\.cache\huggingface\datasets\json\default-b3ccb5991d649a97\0.0.0\45636811569ec4a6630521c18235dfbbab83b7ab572e3393c5ba68ccabe98264)
02/23/2023 13:19:35:INFO: -----------------------------------
02/23/2023 13:19:35:INFO: {'I-POS': ['good', 'clever', 'excellent', 'effectual', 'beautiful', 'nice', 'useful', 'well', 'fantastic'], 'I-NEU': ['Michael', 'John', 'David', 'Thomas', 'Martin', 'Paul'], 'I-NEG': ['bad', 'terrible', 'awful', 'badly', 'terrible', 'poor', 'unfortunate', 'harmful', 'dirty', 'sorry']}
02/23/2023 13:19:35:INFO: -----------------------------------
02/23/2023 13:19:35:INFO: {'O': 0, 'I-POS': 1, 'I-NEU': 2, 'I-NEG': 3}
02/23/2023 13:19:35:INFO: {0: 'O', 1: 'I-POS', 2: 'I-NEU', 3: 'I-NEG'}
02/23/2023 13:19:37:INFO: -----------------------------------
02/23/2023 13:19:37:INFO: {'I-POS': 28996, 'I-NEU': 28997, 'I-NEG': 28998}
02/23/2023 13:19:37:INFO: {28996: 'I-POS', 28997: 'I-NEU', 28998: 'I-NEG'}
02/23/2023 13:19:37:INFO: start preprocess dataset.
02/23/2023 13:19:37:WARNING: Loading cached processed dataset at C:\Users\Super-IdoI\.cache\huggingface\datasets\json\default-b3ccb5991d649a97\0.0.0\45636811569ec4a6630521c18235dfbbab83b7ab572e3393c5ba68ccabe98264\cache-b4278b63420370a7.arrow
02/23/2023 13:19:37:WARNING: Loading cached processed dataset at C:\Users\Super-IdoI\.cache\huggingface\datasets\json\default-b3ccb5991d649a97\0.0.0\45636811569ec4a6630521c18235dfbbab83b7ab572e3393c5ba68ccabe98264\cache-a432b3797f8f8f8a.arrow
02/23/2023 13:19:37:INFO: dataset preprocess finished.
02/23/2023 13:19:37:WARNING: Loading cached processed dataset at C:\Users\Super-IdoI\.cache\huggingface\datasets\json\default-b3ccb5991d649a97\0.0.0\45636811569ec4a6630521c18235dfbbab83b7ab572e3393c5ba68ccabe98264\cache-01a4fb21148dd562.arrow
02/23/2023 13:19:37:INFO: Train: 146, Dev: 118, Test: 418.
02/23/2023 13:19:37:INFO: dataloader prepare finished.
02/23/2023 13:19:37:INFO: ***** Start Training *****
02/23/2023 13:19:37:INFO: Total Epochs: 20
02/23/2023 13:19:37:INFO: validate on per-1 epochs.
02/23/2023 13:19:37:INFO: Training Samples Count: 146.
02/23/2023 13:19:37:INFO: Batch Size: 2, 每轮 73 Batch.
02/23/2023 13:19:37:INFO: Learning Rate: 1e-05
02/23/2023 13:19:37:INFO: --------------Epoch. 1.---------------
02/23/2023 13:19:42:INFO: [Epoch. 1.]: 100%|| 73/73 [00:04<00:00, 15.04it/s, avg_loss=1.36]
02/23/2023 13:19:42:INFO: Epoch 1, average loss: 1.3608678150666904
02/23/2023 13:19:42:INFO: --------------Evaluate on Epoch. 1.---------------
02/23/2023 13:19:42:INFO: tensor([28996, 28997, 28998], device='cuda:0')
02/23/2023 13:19:43:INFO: **********Results Comparison**********
02/23/2023 13:19:43:INFO: 真实标签: 
 [1, 3, 3, 1, 1, 1, 1, 1, 1, 1, 1, 1, 1, 1, 2, 3, 1, 1, 1, 3, 1, 1, 3, 2, 1, 1, 1, 3, 1, 3, 3, 3, 1, 2, 3, 1, 1, 1, 1, 3, 3, 1, 1, 1, 1, 3, 1, 3, 1, 1, 1, 1, 2, 3, 1, 1, 1, 1, 1, 1, 1, 1, 1, 3, 1, 1, 1, 1, 1, 1, 1, 1, 1, 3, 3, 1, 1, 1, 1, 3, 2, 2, 1, 1, 1, 3, 3, 1, 1, 1, 1, 1, 1, 1, 3, 1, 1, 1, 1, 1, 1, 3, 1, 1, 2, 1, 1, 1, 1, 1, 3, 1, 1, 1, 3, 1, 1, 1]
02/23/2023 13:19:43:INFO: 预测标签: 
 [3, 3, 3, 2, 1, 3, 2, 3, 2, 2, 2, 1, 3, 3, 3, 3, 3, 1, 1, 3, 3, 1, 3, 3, 3, 1, 1, 2, 1, 2, 3, 3, 3, 3, 2, 1, 1, 3, 2, 3, 2, 2, 2, 2, 1, 3, 1, 3, 1, 2, 1, 3, 2, 1, 1, 3, 1, 1, 3, 1, 2, 1, 1, 2, 2, 2, 2, 2, 2, 3, 2, 3, 3, 2, 3, 1, 1, 2, 3, 2, 3, 2, 3, 2, 2, 2, 3, 3, 1, 3, 1, 1, 1, 3, 2, 1, 3, 2, 3, 2, 1, 3, 1, 1, 3, 2, 1, 1, 1, 2, 3, 2, 3, 1, 3, 2, 1, 1]
02/23/2023 13:19:43:INFO: ---------Evaluated Metrics----------
02/23/2023 13:19:43:INFO: Accuracy: 0.4491525423728814.
02/23/2023 13:19:43:INFO: Macro Precision: 0.455978705978706.
02/23/2023 13:19:43:INFO: Macro Recall: 0.4347729789590254.
02/23/2023 13:19:43:INFO: Macro F1 score: 0.3703525177544265.
02/23/2023 13:19:43:INFO: ---------confusion_matrix----------
02/23/2023 13:19:43:INFO: 
[[36 26 24]
 [ 0  2  5]
 [ 1  9 15]]
02/23/2023 13:19:43:INFO: 模型效果验证详情: {'位置第一个显示标签': 0, '其他位置有情感标签': 0, '全句没有情感标签': 0}.
02/23/2023 13:19:43:INFO: ----------------------Evaluate finished.------------------------
02/23/2023 13:19:43:INFO: --------------Epoch. 2.---------------
02/23/2023 13:19:47:INFO: [Epoch. 2.]: 100%|| 73/73 [00:04<00:00, 16.22it/s, avg_loss=0.608]
02/23/2023 13:19:47:INFO: Epoch 2, average loss: 0.6075064631765836
02/23/2023 13:19:47:INFO: --------------Evaluate on Epoch. 2.---------------
02/23/2023 13:19:47:INFO: tensor([28996, 28997, 28998], device='cuda:0')
02/23/2023 13:19:48:INFO: **********Results Comparison**********
02/23/2023 13:19:48:INFO: 真实标签: 
 [1, 3, 3, 1, 1, 1, 1, 1, 1, 1, 1, 1, 1, 1, 2, 3, 1, 1, 1, 3, 1, 1, 3, 2, 1, 1, 1, 3, 1, 3, 3, 3, 1, 2, 3, 1, 1, 1, 1, 3, 3, 1, 1, 1, 1, 3, 1, 3, 1, 1, 1, 1, 2, 3, 1, 1, 1, 1, 1, 1, 1, 1, 1, 3, 1, 1, 1, 1, 1, 1, 1, 1, 1, 3, 3, 1, 1, 1, 1, 3, 2, 2, 1, 1, 1, 3, 3, 1, 1, 1, 1, 1, 1, 1, 3, 1, 1, 1, 1, 1, 1, 3, 1, 1, 2, 1, 1, 1, 1, 1, 3, 1, 1, 1, 3, 1, 1, 1]
02/23/2023 13:19:48:INFO: 预测标签: 
 [1, 2, 3, 2, 1, 3, 2, 1, 2, 2, 2, 2, 2, 1, 3, 3, 2, 1, 1, 3, 3, 1, 3, 3, 3, 1, 2, 2, 1, 2, 3, 3, 2, 1, 2, 1, 1, 3, 2, 2, 2, 2, 2, 2, 1, 3, 1, 2, 1, 2, 2, 1, 2, 1, 1, 2, 1, 1, 1, 1, 2, 1, 1, 2, 2, 2, 2, 2, 2, 2, 2, 1, 3, 2, 3, 1, 1, 2, 1, 2, 2, 2, 3, 2, 2, 2, 3, 2, 1, 1, 1, 1, 2, 2, 2, 1, 3, 2, 1, 2, 1, 3, 1, 1, 1, 2, 1, 1, 1, 2, 3, 2, 1, 1, 2, 2, 1, 1]
02/23/2023 13:19:48:INFO: ---------Evaluated Metrics----------
02/23/2023 13:19:48:INFO: Accuracy: 0.4745762711864407.
02/23/2023 13:19:48:INFO: Macro Precision: 0.5133123689727463.
02/23/2023 13:19:48:INFO: Macro Recall: 0.45231450719822813.
02/23/2023 13:19:48:INFO: Macro F1 score: 0.41003675431156344.
02/23/2023 13:19:48:INFO: ---------confusion_matrix----------
02/23/2023 13:19:48:INFO: 
[[42 37  7]
 [ 2  3  2]
 [ 1 13 11]]
02/23/2023 13:19:48:INFO: 模型效果验证详情: {'位置第一个显示标签': 5, '其他位置有情感标签': 0, '全句没有情感标签': 0}.
02/23/2023 13:19:48:INFO: ----------------------Evaluate finished.------------------------
02/23/2023 13:19:48:INFO: --------------Epoch. 3.---------------
02/23/2023 13:19:52:INFO: [Epoch. 3.]: 100%|| 73/73 [00:04<00:00, 16.19it/s, avg_loss=0.312]
02/23/2023 13:19:52:INFO: Epoch 3, average loss: 0.3124557995837029
02/23/2023 13:19:52:INFO: --------------Evaluate on Epoch. 3.---------------
02/23/2023 13:19:52:INFO: tensor([28996, 28997, 28998], device='cuda:0')
02/23/2023 13:19:53:INFO: **********Results Comparison**********
02/23/2023 13:19:53:INFO: 真实标签: 
 [1, 3, 3, 1, 1, 1, 1, 1, 1, 1, 1, 1, 1, 1, 2, 3, 1, 1, 1, 3, 1, 1, 3, 2, 1, 1, 1, 3, 1, 3, 3, 3, 1, 2, 3, 1, 1, 1, 1, 3, 3, 1, 1, 1, 1, 3, 1, 3, 1, 1, 1, 1, 2, 3, 1, 1, 1, 1, 1, 1, 1, 1, 1, 3, 1, 1, 1, 1, 1, 1, 1, 1, 1, 3, 3, 1, 1, 1, 1, 3, 2, 2, 1, 1, 1, 3, 3, 1, 1, 1, 1, 1, 1, 1, 3, 1, 1, 1, 1, 1, 1, 3, 1, 1, 2, 1, 1, 1, 1, 1, 3, 1, 1, 1, 3, 1, 1, 1]
02/23/2023 13:19:53:INFO: 预测标签: 
 [1, 3, 3, 1, 1, 3, 2, 1, 2, 2, 2, 2, 2, 1, 3, 3, 3, 1, 1, 3, 3, 2, 3, 3, 3, 1, 1, 3, 1, 2, 3, 3, 1, 1, 1, 1, 1, 3, 1, 2, 2, 2, 1, 2, 1, 3, 1, 3, 3, 1, 2, 1, 2, 1, 1, 1, 1, 1, 1, 1, 2, 1, 1, 1, 2, 2, 2, 2, 2, 3, 2, 1, 3, 2, 3, 1, 1, 2, 1, 2, 2, 2, 2, 2, 2, 2, 3, 2, 1, 1, 1, 1, 2, 2, 2, 1, 3, 2, 1, 2, 1, 3, 1, 1, 1, 1, 1, 1, 1, 2, 3, 2, 1, 1, 2, 2, 1, 1]
02/23/2023 13:19:53:INFO: ---------Evaluated Metrics----------
02/23/2023 13:19:53:INFO: Accuracy: 0.5508474576271186.
02/23/2023 13:19:53:INFO: Macro Precision: 0.5135534591194969.
02/23/2023 13:19:53:INFO: Macro Recall: 0.5155703211517165.
02/23/2023 13:19:53:INFO: Macro F1 score: 0.4594356854941579.
02/23/2023 13:19:53:INFO: ---------confusion_matrix----------
02/23/2023 13:19:53:INFO: 
[[48 29  9]
 [ 2  3  2]
 [ 3  8 14]]
02/23/2023 13:19:53:INFO: 模型效果验证详情: {'位置第一个显示标签': 45, '其他位置有情感标签': 0, '全句没有情感标签': 0}.
02/23/2023 13:19:53:INFO: ----------------------Evaluate finished.------------------------
02/23/2023 13:19:53:INFO: --------------Epoch. 4.---------------
02/23/2023 13:19:57:INFO: [Epoch. 4.]: 100%|| 73/73 [00:04<00:00, 16.42it/s, avg_loss=0.171]
02/23/2023 13:19:57:INFO: Epoch 4, average loss: 0.17145581992521677
02/23/2023 13:19:57:INFO: --------------Evaluate on Epoch. 4.---------------
02/23/2023 13:19:57:INFO: tensor([28996, 28997, 28998], device='cuda:0')
02/23/2023 13:19:58:INFO: **********Results Comparison**********
02/23/2023 13:19:58:INFO: 真实标签: 
 [1, 3, 3, 1, 1, 1, 1, 1, 1, 1, 1, 1, 1, 1, 2, 3, 1, 1, 1, 3, 1, 1, 3, 2, 1, 1, 1, 3, 1, 3, 3, 3, 1, 2, 3, 1, 1, 1, 1, 3, 3, 1, 1, 1, 1, 3, 1, 3, 1, 1, 1, 1, 2, 3, 1, 1, 1, 1, 1, 1, 1, 1, 1, 3, 1, 1, 1, 1, 1, 1, 1, 1, 1, 3, 3, 1, 1, 1, 1, 3, 2, 2, 1, 1, 1, 3, 3, 1, 1, 1, 1, 1, 1, 1, 3, 1, 1, 1, 1, 1, 1, 3, 1, 1, 2, 1, 1, 1, 1, 1, 3, 1, 1, 1, 3, 1, 1, 1]
02/23/2023 13:19:58:INFO: 预测标签: 
 [1, 3, 3, 1, 1, 3, 2, 1, 2, 2, 2, 2, 2, 1, 3, 3, 3, 1, 1, 3, 3, 2, 3, 3, 3, 1, 1, 3, 1, 2, 3, 3, 2, 1, 2, 1, 2, 3, 2, 2, 2, 2, 2, 2, 1, 3, 1, 2, 3, 2, 2, 1, 2, 1, 1, 1, 1, 1, 1, 1, 2, 1, 1, 2, 2, 2, 2, 2, 2, 2, 2, 2, 3, 2, 3, 1, 1, 2, 1, 2, 2, 2, 2, 2, 2, 2, 3, 2, 1, 1, 1, 1, 2, 2, 2, 1, 3, 2, 1, 2, 1, 3, 1, 1, 1, 1, 1, 1, 1, 2, 3, 2, 1, 2, 2, 2, 1, 1]
02/23/2023 13:19:58:INFO: ---------Evaluated Metrics----------
02/23/2023 13:19:58:INFO: Accuracy: 0.4830508474576271.
02/23/2023 13:19:58:INFO: Macro Precision: 0.5186197008447647.
02/23/2023 13:19:58:INFO: Macro Recall: 0.47510520487264674.
02/23/2023 13:19:58:INFO: Macro F1 score: 0.4252947244326555.
02/23/2023 13:19:58:INFO: ---------confusion_matrix----------
02/23/2023 13:19:58:INFO: 
[[41 37  8]
 [ 2  3  2]
 [ 1 11 13]]
02/23/2023 13:19:58:INFO: 模型效果验证详情: {'位置第一个显示标签': 70, '其他位置有情感标签': 0, '全句没有情感标签': 0}.
02/23/2023 13:19:58:INFO: ----------------------Evaluate finished.------------------------
02/23/2023 13:19:58:INFO: --------------Epoch. 5.---------------
02/23/2023 13:20:02:INFO: [Epoch. 5.]: 100%|| 73/73 [00:04<00:00, 16.53it/s, avg_loss=0.0836]
02/23/2023 13:20:02:INFO: Epoch 5, average loss: 0.08362415543923231
02/23/2023 13:20:02:INFO: --------------Evaluate on Epoch. 5.---------------
02/23/2023 13:20:02:INFO: tensor([28996, 28997, 28998], device='cuda:0')
02/23/2023 13:20:03:INFO: **********Results Comparison**********
02/23/2023 13:20:03:INFO: 真实标签: 
 [1, 3, 3, 1, 1, 1, 1, 1, 1, 1, 1, 1, 1, 1, 2, 3, 1, 1, 1, 3, 1, 1, 3, 2, 1, 1, 1, 3, 1, 3, 3, 3, 1, 2, 3, 1, 1, 1, 1, 3, 3, 1, 1, 1, 1, 3, 1, 3, 1, 1, 1, 1, 2, 3, 1, 1, 1, 1, 1, 1, 1, 1, 1, 3, 1, 1, 1, 1, 1, 1, 1, 1, 1, 3, 3, 1, 1, 1, 1, 3, 2, 2, 1, 1, 1, 3, 3, 1, 1, 1, 1, 1, 1, 1, 3, 1, 1, 1, 1, 1, 1, 3, 1, 1, 2, 1, 1, 1, 1, 1, 3, 1, 1, 1, 3, 1, 1, 1]
02/23/2023 13:20:03:INFO: 预测标签: 
 [1, 3, 3, 1, 1, 3, 1, 1, 2, 2, 2, 2, 2, 1, 3, 3, 3, 1, 1, 3, 1, 1, 3, 3, 3, 1, 1, 3, 1, 2, 3, 3, 1, 1, 2, 1, 1, 3, 2, 2, 2, 2, 2, 2, 1, 3, 1, 2, 3, 2, 2, 1, 2, 1, 1, 1, 1, 1, 1, 1, 1, 1, 1, 1, 1, 2, 2, 2, 2, 2, 2, 2, 3, 3, 3, 1, 1, 2, 1, 2, 2, 2, 2, 1, 2, 2, 3, 2, 1, 1, 1, 1, 2, 2, 2, 1, 3, 2, 1, 2, 1, 3, 1, 1, 1, 1, 1, 1, 1, 2, 3, 2, 1, 2, 2, 2, 1, 1]
02/23/2023 13:20:03:INFO: ---------Evaluated Metrics----------
02/23/2023 13:20:03:INFO: Accuracy: 0.559322033898305.
02/23/2023 13:20:03:INFO: Macro Precision: 0.5348841751630923.
02/23/2023 13:20:03:INFO: Macro Recall: 0.5194462901439646.
02/23/2023 13:20:03:INFO: Macro F1 score: 0.4702727613827305.
02/23/2023 13:20:03:INFO: ---------confusion_matrix----------
02/23/2023 13:20:03:INFO: 
[[49 30  7]
 [ 2  3  2]
 [ 2  9 14]]
02/23/2023 13:20:03:INFO: 模型效果验证详情: {'位置第一个显示标签': 83, '其他位置有情感标签': 0, '全句没有情感标签': 0}.
02/23/2023 13:20:03:INFO: ----------------------Evaluate finished.------------------------
02/23/2023 13:20:03:INFO: --------------Epoch. 6.---------------
02/23/2023 13:20:07:INFO: [Epoch. 6.]: 100%|| 73/73 [00:04<00:00, 16.54it/s, avg_loss=0.0496]
02/23/2023 13:20:07:INFO: Epoch 6, average loss: 0.04960039403442651
02/23/2023 13:20:07:INFO: --------------Evaluate on Epoch. 6.---------------
02/23/2023 13:20:07:INFO: tensor([28996, 28997, 28998], device='cuda:0')
02/23/2023 13:20:08:INFO: **********Results Comparison**********
02/23/2023 13:20:08:INFO: 真实标签: 
 [1, 3, 3, 1, 1, 1, 1, 1, 1, 1, 1, 1, 1, 1, 2, 3, 1, 1, 1, 3, 1, 1, 3, 2, 1, 1, 1, 3, 1, 3, 3, 3, 1, 2, 3, 1, 1, 1, 1, 3, 3, 1, 1, 1, 1, 3, 1, 3, 1, 1, 1, 1, 2, 3, 1, 1, 1, 1, 1, 1, 1, 1, 1, 3, 1, 1, 1, 1, 1, 1, 1, 1, 1, 3, 3, 1, 1, 1, 1, 3, 2, 2, 1, 1, 1, 3, 3, 1, 1, 1, 1, 1, 1, 1, 3, 1, 1, 1, 1, 1, 1, 3, 1, 1, 2, 1, 1, 1, 1, 1, 3, 1, 1, 1, 3, 1, 1, 1]
02/23/2023 13:20:08:INFO: 预测标签: 
 [1, 3, 3, 2, 1, 3, 2, 1, 2, 2, 2, 2, 2, 1, 3, 3, 3, 1, 1, 2, 1, 2, 3, 3, 3, 1, 2, 3, 1, 2, 3, 3, 2, 1, 2, 1, 2, 3, 2, 2, 2, 2, 2, 2, 1, 3, 1, 2, 3, 2, 2, 1, 2, 1, 1, 1, 1, 1, 2, 1, 2, 1, 1, 1, 2, 2, 2, 2, 2, 2, 2, 2, 3, 2, 3, 1, 1, 2, 1, 2, 2, 2, 2, 2, 2, 2, 3, 2, 1, 1, 1, 1, 2, 2, 2, 1, 3, 2, 1, 2, 1, 3, 1, 1, 1, 1, 1, 1, 1, 2, 3, 2, 1, 2, 2, 2, 1, 1]
02/23/2023 13:20:08:INFO: ---------Evaluated Metrics----------
02/23/2023 13:20:08:INFO: Accuracy: 0.4576271186440678.
02/23/2023 13:20:08:INFO: Macro Precision: 0.5113202903900578.
02/23/2023 13:20:08:INFO: Macro Recall: 0.45401993355481723.
02/23/2023 13:20:08:INFO: Macro F1 score: 0.40825031632106173.
02/23/2023 13:20:08:INFO: ---------confusion_matrix----------
02/23/2023 13:20:08:INFO: 
[[39 40  7]
 [ 2  3  2]
 [ 2 11 12]]
02/23/2023 13:20:08:INFO: 模型效果验证详情: {'位置第一个显示标签': 68, '其他位置有情感标签': 0, '全句没有情感标签': 0}.
02/23/2023 13:20:08:INFO: ----------------------Evaluate finished.------------------------
02/23/2023 13:20:08:INFO: --------------Epoch. 7.---------------
02/23/2023 13:20:12:INFO: [Epoch. 7.]: 100%|| 73/73 [00:04<00:00, 16.58it/s, avg_loss=0.0372]
02/23/2023 13:20:12:INFO: Epoch 7, average loss: 0.03723795094514546
02/23/2023 13:20:12:INFO: --------------Evaluate on Epoch. 7.---------------
02/23/2023 13:20:12:INFO: tensor([28996, 28997, 28998], device='cuda:0')
02/23/2023 13:20:13:INFO: **********Results Comparison**********
02/23/2023 13:20:13:INFO: 真实标签: 
 [1, 3, 3, 1, 1, 1, 1, 1, 1, 1, 1, 1, 1, 1, 2, 3, 1, 1, 1, 3, 1, 1, 3, 2, 1, 1, 1, 3, 1, 3, 3, 3, 1, 2, 3, 1, 1, 1, 1, 3, 3, 1, 1, 1, 1, 3, 1, 3, 1, 1, 1, 1, 2, 3, 1, 1, 1, 1, 1, 1, 1, 1, 1, 3, 1, 1, 1, 1, 1, 1, 1, 1, 1, 3, 3, 1, 1, 1, 1, 3, 2, 2, 1, 1, 1, 3, 3, 1, 1, 1, 1, 1, 1, 1, 3, 1, 1, 1, 1, 1, 1, 3, 1, 1, 2, 1, 1, 1, 1, 1, 3, 1, 1, 1, 3, 1, 1, 1]
02/23/2023 13:20:13:INFO: 预测标签: 
 [1, 3, 3, 1, 1, 3, 1, 1, 2, 2, 2, 2, 2, 1, 3, 3, 3, 1, 1, 3, 1, 2, 3, 3, 3, 1, 2, 3, 1, 2, 3, 3, 1, 1, 2, 1, 1, 3, 2, 3, 3, 2, 1, 2, 1, 3, 1, 3, 3, 1, 1, 1, 2, 1, 1, 1, 1, 1, 2, 1, 1, 1, 1, 1, 2, 2, 2, 2, 2, 2, 2, 2, 3, 3, 3, 1, 1, 2, 1, 2, 2, 2, 2, 2, 2, 2, 3, 2, 1, 1, 1, 1, 2, 2, 2, 1, 3, 2, 1, 2, 1, 3, 1, 1, 1, 1, 1, 1, 1, 2, 3, 2, 1, 2, 2, 2, 1, 1]
02/23/2023 13:20:13:INFO: ---------Evaluated Metrics----------
02/23/2023 13:20:13:INFO: Accuracy: 0.5677966101694916.
02/23/2023 13:20:13:INFO: Macro Precision: 0.549528504334817.
02/23/2023 13:20:13:INFO: Macro Recall: 0.5516943521594685.
02/23/2023 13:20:13:INFO: Macro F1 score: 0.49259935117599346.
02/23/2023 13:20:13:INFO: ---------confusion_matrix----------
02/23/2023 13:20:13:INFO: 
[[47 32  7]
 [ 2  3  2]
 [ 2  6 17]]
02/23/2023 13:20:13:INFO: 模型效果验证详情: {'位置第一个显示标签': 76, '其他位置有情感标签': 0, '全句没有情感标签': 0}.
02/23/2023 13:20:13:INFO: ----------------------Evaluate finished.------------------------
02/23/2023 13:20:13:INFO: --------------Epoch. 8.---------------
02/23/2023 13:20:17:INFO: [Epoch. 8.]: 100%|| 73/73 [00:04<00:00, 16.61it/s, avg_loss=0.0232]
02/23/2023 13:20:17:INFO: Epoch 8, average loss: 0.02322737191331713
02/23/2023 13:20:17:INFO: --------------Evaluate on Epoch. 8.---------------
02/23/2023 13:20:17:INFO: tensor([28996, 28997, 28998], device='cuda:0')
02/23/2023 13:20:18:INFO: **********Results Comparison**********
02/23/2023 13:20:18:INFO: 真实标签: 
 [1, 3, 3, 1, 1, 1, 1, 1, 1, 1, 1, 1, 1, 1, 2, 3, 1, 1, 1, 3, 1, 1, 3, 2, 1, 1, 1, 3, 1, 3, 3, 3, 1, 2, 3, 1, 1, 1, 1, 3, 3, 1, 1, 1, 1, 3, 1, 3, 1, 1, 1, 1, 2, 3, 1, 1, 1, 1, 1, 1, 1, 1, 1, 3, 1, 1, 1, 1, 1, 1, 1, 1, 1, 3, 3, 1, 1, 1, 1, 3, 2, 2, 1, 1, 1, 3, 3, 1, 1, 1, 1, 1, 1, 1, 3, 1, 1, 1, 1, 1, 1, 3, 1, 1, 2, 1, 1, 1, 1, 1, 3, 1, 1, 1, 3, 1, 1, 1]
02/23/2023 13:20:18:INFO: 预测标签: 
 [1, 3, 3, 1, 1, 3, 1, 1, 2, 1, 2, 2, 2, 1, 3, 3, 3, 1, 1, 3, 1, 1, 3, 1, 3, 1, 1, 3, 1, 2, 3, 3, 1, 1, 1, 1, 1, 3, 1, 3, 3, 1, 1, 1, 1, 3, 1, 3, 3, 1, 1, 1, 2, 1, 1, 1, 1, 1, 1, 1, 1, 1, 1, 1, 1, 1, 2, 2, 2, 1, 2, 1, 3, 3, 3, 1, 1, 3, 1, 2, 2, 2, 1, 1, 1, 2, 3, 1, 1, 1, 1, 1, 1, 1, 3, 1, 3, 2, 1, 2, 1, 3, 1, 1, 1, 1, 1, 1, 1, 1, 3, 2, 1, 1, 2, 2, 1, 1]
02/23/2023 13:20:18:INFO: ---------Evaluated Metrics----------
02/23/2023 13:20:18:INFO: Accuracy: 0.7372881355932204.
02/23/2023 13:20:18:INFO: Macro Precision: 0.5804093567251462.
02/23/2023 13:20:18:INFO: Macro Recall: 0.638671096345515.
02/23/2023 13:20:18:INFO: Macro F1 score: 0.5861733203505356.
02/23/2023 13:20:18:INFO: ---------confusion_matrix----------
02/23/2023 13:20:18:INFO: 
[[66 12  8]
 [ 3  3  1]
 [ 3  4 18]]
02/23/2023 13:20:18:INFO: 模型效果验证详情: {'位置第一个显示标签': 75, '其他位置有情感标签': 0, '全句没有情感标签': 0}.
02/23/2023 13:20:18:INFO: ----------------------Evaluate finished.------------------------
02/23/2023 13:20:18:INFO: --------------Epoch. 9.---------------
02/23/2023 13:20:22:INFO: [Epoch. 9.]: 100%|| 73/73 [00:04<00:00, 16.63it/s, avg_loss=0.0178]
02/23/2023 13:20:22:INFO: Epoch 9, average loss: 0.01778272032890826
02/23/2023 13:20:22:INFO: --------------Evaluate on Epoch. 9.---------------
02/23/2023 13:20:22:INFO: tensor([28996, 28997, 28998], device='cuda:0')
02/23/2023 13:20:22:INFO: **********Results Comparison**********
02/23/2023 13:20:22:INFO: 真实标签: 
 [1, 3, 3, 1, 1, 1, 1, 1, 1, 1, 1, 1, 1, 1, 2, 3, 1, 1, 1, 3, 1, 1, 3, 2, 1, 1, 1, 3, 1, 3, 3, 3, 1, 2, 3, 1, 1, 1, 1, 3, 3, 1, 1, 1, 1, 3, 1, 3, 1, 1, 1, 1, 2, 3, 1, 1, 1, 1, 1, 1, 1, 1, 1, 3, 1, 1, 1, 1, 1, 1, 1, 1, 1, 3, 3, 1, 1, 1, 1, 3, 2, 2, 1, 1, 1, 3, 3, 1, 1, 1, 1, 1, 1, 1, 3, 1, 1, 1, 1, 1, 1, 3, 1, 1, 2, 1, 1, 1, 1, 1, 3, 1, 1, 1, 3, 1, 1, 1]
02/23/2023 13:20:22:INFO: 预测标签: 
 [1, 3, 3, 1, 1, 3, 1, 1, 2, 2, 2, 2, 2, 1, 3, 3, 3, 1, 1, 3, 1, 2, 3, 3, 3, 1, 2, 3, 1, 2, 3, 3, 1, 1, 2, 1, 1, 3, 1, 2, 3, 2, 1, 1, 1, 3, 1, 2, 3, 1, 1, 1, 2, 1, 1, 1, 1, 1, 1, 1, 1, 1, 1, 1, 2, 2, 2, 2, 2, 1, 2, 2, 3, 2, 3, 1, 1, 2, 1, 2, 2, 2, 2, 1, 2, 2, 3, 2, 1, 1, 1, 1, 2, 2, 2, 1, 3, 2, 1, 2, 1, 3, 1, 1, 1, 1, 1, 1, 1, 2, 3, 2, 1, 1, 2, 2, 1, 1]
02/23/2023 13:20:22:INFO: ---------Evaluated Metrics----------
02/23/2023 13:20:22:INFO: Accuracy: 0.5932203389830508.
02/23/2023 13:20:22:INFO: Macro Precision: 0.5391558606661582.
02/23/2023 13:20:22:INFO: Macro Recall: 0.5349501661129569.
02/23/2023 13:20:22:INFO: Macro F1 score: 0.48597513597513603.
02/23/2023 13:20:22:INFO: ---------confusion_matrix----------
02/23/2023 13:20:22:INFO: 
[[53 26  7]
 [ 2  3  2]
 [ 2  9 14]]
02/23/2023 13:20:22:INFO: 模型效果验证详情: {'位置第一个显示标签': 75, '其他位置有情感标签': 0, '全句没有情感标签': 0}.
02/23/2023 13:20:22:INFO: ----------------------Evaluate finished.------------------------
02/23/2023 13:20:22:INFO: --------------Epoch. 10.---------------
02/23/2023 13:20:27:INFO: [Epoch. 10.]: 100%|| 73/73 [00:04<00:00, 16.62it/s, avg_loss=0.0139]
02/23/2023 13:20:27:INFO: Epoch 10, average loss: 0.01389186434473281
02/23/2023 13:20:27:INFO: --------------Evaluate on Epoch. 10.---------------
02/23/2023 13:20:27:INFO: tensor([28996, 28997, 28998], device='cuda:0')
02/23/2023 13:20:27:INFO: **********Results Comparison**********
02/23/2023 13:20:27:INFO: 真实标签: 
 [1, 3, 3, 1, 1, 1, 1, 1, 1, 1, 1, 1, 1, 1, 2, 3, 1, 1, 1, 3, 1, 1, 3, 2, 1, 1, 1, 3, 1, 3, 3, 3, 1, 2, 3, 1, 1, 1, 1, 3, 3, 1, 1, 1, 1, 3, 1, 3, 1, 1, 1, 1, 2, 3, 1, 1, 1, 1, 1, 1, 1, 1, 1, 3, 1, 1, 1, 1, 1, 1, 1, 1, 1, 3, 3, 1, 1, 1, 1, 3, 2, 2, 1, 1, 1, 3, 3, 1, 1, 1, 1, 1, 1, 1, 3, 1, 1, 1, 1, 1, 1, 3, 1, 1, 2, 1, 1, 1, 1, 1, 3, 1, 1, 1, 3, 1, 1, 1]
02/23/2023 13:20:27:INFO: 预测标签: 
 [1, 3, 3, 1, 1, 3, 1, 1, 2, 2, 2, 2, 2, 1, 3, 3, 3, 1, 1, 3, 1, 2, 3, 3, 3, 1, 2, 3, 1, 2, 3, 3, 1, 1, 2, 1, 2, 3, 2, 2, 2, 2, 1, 1, 1, 3, 1, 2, 3, 1, 2, 1, 2, 1, 1, 1, 1, 1, 1, 1, 1, 1, 1, 1, 2, 2, 2, 2, 2, 2, 2, 2, 3, 2, 3, 1, 1, 2, 1, 2, 2, 2, 2, 2, 2, 2, 3, 2, 1, 1, 1, 1, 2, 2, 2, 1, 3, 2, 2, 2, 1, 3, 1, 1, 1, 1, 1, 1, 1, 2, 3, 2, 1, 1, 2, 2, 1, 1]
02/23/2023 13:20:27:INFO: ---------Evaluated Metrics----------
02/23/2023 13:20:27:INFO: Accuracy: 0.5338983050847458.
02/23/2023 13:20:27:INFO: Macro Precision: 0.5263814616755793.
02/23/2023 13:20:27:INFO: Macro Recall: 0.4983610188261351.
02/23/2023 13:20:27:INFO: Macro F1 score: 0.4515691638692105.
02/23/2023 13:20:27:INFO: ---------confusion_matrix----------
02/23/2023 13:20:27:INFO: 
[[47 32  7]
 [ 2  3  2]
 [ 2 10 13]]
02/23/2023 13:20:27:INFO: 模型效果验证详情: {'位置第一个显示标签': 74, '其他位置有情感标签': 0, '全句没有情感标签': 0}.
02/23/2023 13:20:27:INFO: ----------------------Evaluate finished.------------------------
02/23/2023 13:20:27:INFO: --------------Epoch. 11.---------------
02/23/2023 13:20:32:INFO: [Epoch. 11.]: 100%|| 73/73 [00:04<00:00, 16.65it/s, avg_loss=0.0114]
02/23/2023 13:20:32:INFO: Epoch 11, average loss: 0.011395312750023114
02/23/2023 13:20:32:INFO: --------------Evaluate on Epoch. 11.---------------
02/23/2023 13:20:32:INFO: tensor([28996, 28997, 28998], device='cuda:0')
02/23/2023 13:20:32:INFO: **********Results Comparison**********
02/23/2023 13:20:32:INFO: 真实标签: 
 [1, 3, 3, 1, 1, 1, 1, 1, 1, 1, 1, 1, 1, 1, 2, 3, 1, 1, 1, 3, 1, 1, 3, 2, 1, 1, 1, 3, 1, 3, 3, 3, 1, 2, 3, 1, 1, 1, 1, 3, 3, 1, 1, 1, 1, 3, 1, 3, 1, 1, 1, 1, 2, 3, 1, 1, 1, 1, 1, 1, 1, 1, 1, 3, 1, 1, 1, 1, 1, 1, 1, 1, 1, 3, 3, 1, 1, 1, 1, 3, 2, 2, 1, 1, 1, 3, 3, 1, 1, 1, 1, 1, 1, 1, 3, 1, 1, 1, 1, 1, 1, 3, 1, 1, 2, 1, 1, 1, 1, 1, 3, 1, 1, 1, 3, 1, 1, 1]
02/23/2023 13:20:32:INFO: 预测标签: 
 [1, 3, 3, 1, 1, 3, 1, 1, 2, 2, 2, 2, 2, 1, 3, 3, 3, 1, 1, 3, 1, 2, 3, 3, 3, 1, 1, 3, 1, 2, 3, 3, 1, 1, 2, 1, 1, 3, 1, 3, 3, 1, 1, 1, 1, 3, 1, 3, 3, 1, 1, 1, 2, 1, 1, 1, 1, 1, 1, 1, 1, 1, 1, 1, 1, 2, 2, 2, 2, 1, 2, 2, 3, 2, 3, 1, 1, 2, 1, 2, 2, 2, 2, 1, 2, 2, 3, 2, 1, 1, 1, 1, 2, 2, 2, 1, 3, 2, 1, 2, 1, 3, 1, 1, 1, 1, 1, 1, 1, 2, 3, 2, 1, 1, 2, 2, 1, 1]
02/23/2023 13:20:32:INFO: ---------Evaluated Metrics----------
02/23/2023 13:20:32:INFO: Accuracy: 0.635593220338983.
02/23/2023 13:20:32:INFO: Macro Precision: 0.5547474747474747.
02/23/2023 13:20:32:INFO: Macro Recall: 0.5732447397563677.
02/23/2023 13:20:32:INFO: Macro F1 score: 0.5190410958904109.
02/23/2023 13:20:32:INFO: ---------confusion_matrix----------
02/23/2023 13:20:32:INFO: 
[[56 23  7]
 [ 2  3  2]
 [ 2  7 16]]
02/23/2023 13:20:32:INFO: 模型效果验证详情: {'位置第一个显示标签': 80, '其他位置有情感标签': 0, '全句没有情感标签': 0}.
02/23/2023 13:20:32:INFO: ----------------------Evaluate finished.------------------------
02/23/2023 13:20:32:INFO: --------------Epoch. 12.---------------
02/23/2023 13:20:37:INFO: [Epoch. 12.]: 100%|| 73/73 [00:04<00:00, 16.62it/s, avg_loss=0.0125]
02/23/2023 13:20:37:INFO: Epoch 12, average loss: 0.012450989163544488
02/23/2023 13:20:37:INFO: --------------Evaluate on Epoch. 12.---------------
02/23/2023 13:20:37:INFO: tensor([28996, 28997, 28998], device='cuda:0')
02/23/2023 13:20:37:INFO: **********Results Comparison**********
02/23/2023 13:20:37:INFO: 真实标签: 
 [1, 3, 3, 1, 1, 1, 1, 1, 1, 1, 1, 1, 1, 1, 2, 3, 1, 1, 1, 3, 1, 1, 3, 2, 1, 1, 1, 3, 1, 3, 3, 3, 1, 2, 3, 1, 1, 1, 1, 3, 3, 1, 1, 1, 1, 3, 1, 3, 1, 1, 1, 1, 2, 3, 1, 1, 1, 1, 1, 1, 1, 1, 1, 3, 1, 1, 1, 1, 1, 1, 1, 1, 1, 3, 3, 1, 1, 1, 1, 3, 2, 2, 1, 1, 1, 3, 3, 1, 1, 1, 1, 1, 1, 1, 3, 1, 1, 1, 1, 1, 1, 3, 1, 1, 2, 1, 1, 1, 1, 1, 3, 1, 1, 1, 3, 1, 1, 1]
02/23/2023 13:20:37:INFO: 预测标签: 
 [1, 3, 3, 1, 1, 3, 1, 1, 2, 2, 2, 2, 2, 1, 3, 3, 3, 1, 1, 3, 1, 2, 3, 3, 3, 1, 2, 3, 1, 2, 3, 3, 1, 1, 2, 1, 2, 3, 2, 2, 3, 2, 1, 1, 1, 3, 1, 3, 3, 1, 2, 1, 2, 1, 1, 1, 1, 1, 1, 1, 1, 1, 1, 1, 2, 2, 2, 2, 2, 1, 2, 2, 3, 2, 3, 1, 1, 2, 1, 2, 2, 2, 2, 2, 2, 2, 3, 2, 1, 1, 1, 1, 2, 2, 2, 1, 3, 2, 2, 2, 1, 3, 1, 1, 1, 1, 1, 1, 1, 2, 3, 2, 1, 1, 2, 2, 1, 1]
02/23/2023 13:20:37:INFO: ---------Evaluated Metrics----------
02/23/2023 13:20:37:INFO: Accuracy: 0.559322033898305.
02/23/2023 13:20:37:INFO: Macro Precision: 0.5398351648351648.
02/23/2023 13:20:37:INFO: Macro Recall: 0.5289036544850498.
02/23/2023 13:20:37:INFO: Macro F1 score: 0.47678201715468793.
02/23/2023 13:20:37:INFO: ---------confusion_matrix----------
02/23/2023 13:20:37:INFO: 
[[48 31  7]
 [ 2  3  2]
 [ 2  8 15]]
02/23/2023 13:20:37:INFO: 模型效果验证详情: {'位置第一个显示标签': 74, '其他位置有情感标签': 0, '全句没有情感标签': 0}.
02/23/2023 13:20:37:INFO: ----------------------Evaluate finished.------------------------
02/23/2023 13:20:37:INFO: --------------Epoch. 13.---------------
02/23/2023 13:20:42:INFO: [Epoch. 13.]: 100%|| 73/73 [00:04<00:00, 16.62it/s, avg_loss=0.0101]
02/23/2023 13:20:42:INFO: Epoch 13, average loss: 0.01005869663052567
02/23/2023 13:20:42:INFO: --------------Evaluate on Epoch. 13.---------------
02/23/2023 13:20:42:INFO: tensor([28996, 28997, 28998], device='cuda:0')
02/23/2023 13:20:42:INFO: **********Results Comparison**********
02/23/2023 13:20:42:INFO: 真实标签: 
 [1, 3, 3, 1, 1, 1, 1, 1, 1, 1, 1, 1, 1, 1, 2, 3, 1, 1, 1, 3, 1, 1, 3, 2, 1, 1, 1, 3, 1, 3, 3, 3, 1, 2, 3, 1, 1, 1, 1, 3, 3, 1, 1, 1, 1, 3, 1, 3, 1, 1, 1, 1, 2, 3, 1, 1, 1, 1, 1, 1, 1, 1, 1, 3, 1, 1, 1, 1, 1, 1, 1, 1, 1, 3, 3, 1, 1, 1, 1, 3, 2, 2, 1, 1, 1, 3, 3, 1, 1, 1, 1, 1, 1, 1, 3, 1, 1, 1, 1, 1, 1, 3, 1, 1, 2, 1, 1, 1, 1, 1, 3, 1, 1, 1, 3, 1, 1, 1]
02/23/2023 13:20:42:INFO: 预测标签: 
 [1, 3, 3, 1, 1, 3, 1, 1, 2, 2, 2, 2, 2, 1, 3, 3, 3, 1, 1, 3, 1, 2, 3, 1, 3, 1, 1, 3, 1, 2, 3, 3, 1, 1, 2, 1, 1, 3, 1, 3, 3, 1, 1, 1, 1, 3, 1, 2, 3, 1, 1, 1, 2, 1, 1, 1, 1, 1, 1, 1, 1, 1, 1, 1, 1, 2, 2, 2, 2, 1, 2, 2, 3, 2, 3, 1, 1, 2, 1, 2, 2, 2, 2, 1, 2, 2, 3, 2, 1, 1, 1, 1, 2, 2, 2, 1, 3, 2, 1, 2, 1, 3, 1, 1, 1, 1, 1, 1, 1, 2, 3, 2, 1, 1, 2, 2, 1, 1]
02/23/2023 13:20:42:INFO: ---------Evaluated Metrics----------
02/23/2023 13:20:42:INFO: Accuracy: 0.6271186440677966.
02/23/2023 13:20:42:INFO: Macro Precision: 0.552813998015457.
02/23/2023 13:20:42:INFO: Macro Recall: 0.5599114064230344.
02/23/2023 13:20:42:INFO: Macro F1 score: 0.5110820751064654.
02/23/2023 13:20:42:INFO: ---------confusion_matrix----------
02/23/2023 13:20:42:INFO: 
[[56 23  7]
 [ 3  3  1]
 [ 2  8 15]]
02/23/2023 13:20:42:INFO: 模型效果验证详情: {'位置第一个显示标签': 77, '其他位置有情感标签': 0, '全句没有情感标签': 0}.
02/23/2023 13:20:42:INFO: ----------------------Evaluate finished.------------------------
02/23/2023 13:20:42:INFO: --------------Epoch. 14.---------------
02/23/2023 13:20:47:INFO: [Epoch. 14.]: 100%|| 73/73 [00:04<00:00, 16.60it/s, avg_loss=0.00951]
02/23/2023 13:20:47:INFO: Epoch 14, average loss: 0.009510247269645333
02/23/2023 13:20:47:INFO: --------------Evaluate on Epoch. 14.---------------
02/23/2023 13:20:47:INFO: tensor([28996, 28997, 28998], device='cuda:0')
02/23/2023 13:20:47:INFO: **********Results Comparison**********
02/23/2023 13:20:47:INFO: 真实标签: 
 [1, 3, 3, 1, 1, 1, 1, 1, 1, 1, 1, 1, 1, 1, 2, 3, 1, 1, 1, 3, 1, 1, 3, 2, 1, 1, 1, 3, 1, 3, 3, 3, 1, 2, 3, 1, 1, 1, 1, 3, 3, 1, 1, 1, 1, 3, 1, 3, 1, 1, 1, 1, 2, 3, 1, 1, 1, 1, 1, 1, 1, 1, 1, 3, 1, 1, 1, 1, 1, 1, 1, 1, 1, 3, 3, 1, 1, 1, 1, 3, 2, 2, 1, 1, 1, 3, 3, 1, 1, 1, 1, 1, 1, 1, 3, 1, 1, 1, 1, 1, 1, 3, 1, 1, 2, 1, 1, 1, 1, 1, 3, 1, 1, 1, 3, 1, 1, 1]
02/23/2023 13:20:47:INFO: 预测标签: 
 [1, 3, 3, 1, 1, 3, 1, 1, 2, 2, 2, 2, 2, 1, 3, 3, 3, 1, 1, 3, 1, 2, 3, 1, 3, 1, 1, 3, 1, 2, 3, 3, 1, 1, 2, 1, 1, 3, 1, 3, 3, 1, 1, 1, 1, 3, 1, 3, 3, 1, 1, 1, 2, 1, 1, 1, 1, 1, 1, 1, 1, 1, 1, 1, 1, 2, 2, 2, 2, 1, 2, 2, 3, 2, 3, 1, 1, 2, 1, 2, 2, 2, 2, 1, 2, 2, 3, 2, 1, 1, 1, 1, 2, 2, 2, 1, 3, 2, 1, 2, 1, 3, 1, 1, 1, 1, 1, 1, 1, 2, 3, 2, 1, 1, 2, 2, 1, 1]
02/23/2023 13:20:47:INFO: ---------Evaluated Metrics----------
02/23/2023 13:20:47:INFO: Accuracy: 0.635593220338983.
02/23/2023 13:20:47:INFO: Macro Precision: 0.5585361814870011.
02/23/2023 13:20:47:INFO: Macro Recall: 0.5732447397563677.
02/23/2023 13:20:47:INFO: Macro F1 score: 0.521655328798186.
02/23/2023 13:20:47:INFO: ---------confusion_matrix----------
02/23/2023 13:20:47:INFO: 
[[56 23  7]
 [ 3  3  1]
 [ 2  7 16]]
02/23/2023 13:20:47:INFO: 模型效果验证详情: {'位置第一个显示标签': 79, '其他位置有情感标签': 0, '全句没有情感标签': 0}.
02/23/2023 13:20:47:INFO: ----------------------Evaluate finished.------------------------
02/23/2023 13:20:47:INFO: Based on [9.th Epoch] best_accuracy: 0.7372881355932204.
02/23/2023 13:20:47:INFO: latest 5 epochs not seen performance increased, early stop.
02/23/2023 13:20:47:INFO: ********** Best Results on Dev Dataset **********
02/23/2023 13:20:47:INFO: Best Accuracy: 0.7372881355932204.
02/23/2023 13:20:47:INFO: Best Macro Precision: 0.5804093567251462.
02/23/2023 13:20:47:INFO: Best Macro Recall: 0.638671096345515.
02/23/2023 13:20:47:INFO: Best Macro F1 score: 0.5861733203505356.
02/23/2023 13:20:47:INFO: ***** Training Over *****
02/23/2023 13:20:47:INFO: --------------Testing ...---------------
02/23/2023 13:20:47:INFO: tensor([28996, 28997, 28998], device='cuda:0')
02/23/2023 13:20:49:INFO: **********Results Comparison**********
02/23/2023 13:20:49:INFO: 真实标签: 
 [1, 2, 1, 1, 1, 1, 1, 3, 1, 1, 1, 1, 3, 3, 1, 1, 3, 3, 3, 1, 1, 1, 1, 1, 1, 1, 1, 1, 1, 1, 1, 1, 1, 1, 1, 3, 3, 1, 3, 1, 3, 3, 1, 1, 1, 1, 3, 1, 3, 1, 1, 1, 1, 1, 1, 3, 1, 1, 1, 1, 1, 1, 1, 1, 1, 1, 1, 1, 1, 1, 1, 1, 3, 2, 2, 1, 2, 2, 3, 3, 2, 1, 1, 1, 1, 1, 1, 1, 1, 1, 1, 1, 1, 1, 1, 1, 1, 1, 1, 3, 1, 1, 1, 1, 1, 1, 1, 1, 1, 1, 1, 1, 1, 1, 1, 1, 1, 1, 1, 1, 1, 1, 1, 1, 1, 1, 3, 1, 1, 3, 3, 1, 1, 1, 1, 1, 1, 1, 1, 1, 3, 3, 3, 3, 3, 3, 3, 1, 1, 1, 1, 1, 1, 1, 1, 1, 1, 1, 1, 1, 3, 1, 1, 1, 1, 1, 1, 1, 1, 1, 1, 1, 1, 1, 1, 1, 1, 1, 1, 1, 1, 1, 1, 1, 1, 1, 1, 1, 1, 2, 1, 3, 3, 3, 3, 1, 1, 1, 1, 1, 1, 1, 1, 1, 1, 1, 1, 1, 1, 3, 2, 2, 1, 1, 1, 1, 1, 1, 1, 3, 3, 3, 1, 1, 1, 2, 1, 1, 1, 1, 1, 1, 2, 3, 3, 3, 1, 3, 3, 3, 3, 1, 1, 1, 1, 1, 1, 1, 3, 3, 1, 1, 1, 1, 1, 1, 1, 1, 1, 1, 1, 1, 1, 1, 1, 1, 1, 3, 1, 3, 2, 3, 2, 1, 1, 1, 1, 1, 1, 1, 2, 3, 1, 1, 3, 3, 3, 1, 1, 1, 1, 1, 1, 1, 1, 1, 1, 1, 1, 1, 1, 1, 1, 1, 1, 1, 1, 2, 1, 1, 2, 2, 1, 1, 1, 2, 3, 1, 1, 1, 1, 1, 1, 3, 3, 1, 2, 3, 1, 1, 1, 1, 1, 1, 1, 1, 1, 1, 1, 2, 1, 1, 1, 1, 1, 1, 1, 3, 3, 3, 3, 3, 1, 1, 1, 1, 1, 1, 1, 1, 1, 1, 2, 1, 1, 1, 1, 1, 1, 1, 1, 1, 2, 2, 1, 1, 1, 1, 3, 3, 1, 1, 1, 1, 2, 1, 3, 3, 1, 1, 1, 1, 1, 2, 1, 3, 3, 1, 1, 3, 3, 3, 3, 3, 1, 1, 1, 1, 1, 1, 1, 1, 1, 1, 1, 1, 1, 1]
02/23/2023 13:20:49:INFO: 预测标签: 
 [1, 1, 1, 3, 1, 2, 3, 3, 1, 1, 2, 1, 3, 2, 1, 2, 3, 3, 3, 1, 2, 1, 1, 1, 1, 1, 3, 1, 1, 2, 1, 1, 1, 1, 2, 1, 2, 1, 3, 3, 3, 3, 1, 3, 1, 1, 3, 1, 3, 1, 1, 3, 2, 2, 1, 3, 1, 1, 1, 2, 2, 1, 1, 1, 2, 1, 1, 1, 1, 1, 1, 2, 2, 2, 2, 1, 2, 2, 3, 3, 2, 2, 2, 2, 1, 1, 1, 2, 1, 2, 2, 1, 1, 1, 1, 1, 1, 1, 2, 3, 1, 2, 3, 1, 1, 1, 3, 1, 1, 1, 1, 1, 1, 1, 1, 3, 1, 1, 2, 2, 2, 1, 2, 1, 3, 2, 3, 3, 1, 3, 3, 1, 1, 3, 3, 1, 1, 1, 1, 2, 1, 3, 3, 2, 3, 2, 2, 2, 1, 1, 1, 1, 2, 2, 2, 2, 1, 2, 1, 2, 2, 1, 2, 1, 2, 1, 1, 3, 3, 2, 2, 2, 1, 3, 2, 1, 1, 1, 1, 2, 1, 1, 1, 1, 1, 1, 1, 1, 1, 2, 2, 3, 3, 3, 2, 1, 1, 1, 1, 1, 3, 1, 1, 2, 1, 1, 1, 1, 2, 3, 1, 3, 1, 1, 2, 1, 2, 1, 1, 2, 3, 2, 2, 3, 1, 3, 1, 1, 2, 2, 2, 3, 2, 3, 3, 1, 3, 3, 3, 3, 3, 2, 3, 1, 1, 2, 1, 2, 3, 2, 3, 2, 2, 1, 3, 1, 1, 1, 1, 1, 2, 1, 1, 2, 2, 2, 1, 1, 1, 3, 3, 3, 2, 1, 2, 1, 1, 1, 1, 1, 1, 2, 2, 2, 3, 3, 3, 1, 3, 1, 1, 2, 1, 2, 1, 1, 1, 1, 2, 1, 1, 1, 2, 1, 2, 2, 2, 3, 1, 1, 1, 1, 2, 1, 1, 3, 3, 2, 3, 3, 2, 2, 2, 3, 3, 1, 3, 3, 2, 1, 1, 1, 2, 2, 1, 3, 1, 1, 1, 3, 3, 2, 2, 1, 3, 1, 2, 3, 3, 1, 3, 1, 1, 2, 1, 1, 1, 1, 2, 1, 2, 1, 2, 3, 1, 1, 1, 2, 2, 2, 2, 2, 2, 2, 1, 1, 1, 1, 3, 3, 2, 1, 1, 2, 1, 1, 3, 3, 3, 1, 1, 3, 2, 2, 1, 2, 3, 1, 1, 2, 3, 3, 3, 2, 2, 2, 2, 1, 2, 2, 1, 2, 1, 1, 2, 2, 1, 2]
02/23/2023 13:20:49:INFO: ---------Evaluated Metrics----------
02/23/2023 13:20:49:INFO: Accuracy: 0.6052631578947368.
02/23/2023 13:20:49:INFO: Macro Precision: 0.5356550580431177.
02/23/2023 13:20:49:INFO: Macro Recall: 0.5943179223744292.
02/23/2023 13:20:49:INFO: Macro F1 score: 0.5062048566361526.
02/23/2023 13:20:49:INFO: ---------confusion_matrix----------
02/23/2023 13:20:49:INFO: 
[[189  99  32]
 [  6  12   7]
 [  6  15  52]]
02/23/2023 13:20:49:INFO: 模型效果验证详情: {'位置第一个显示标签': 235, '其他位置有情感标签': 0, '全句没有情感标签': 0}.
02/23/2023 13:20:49:INFO: ----------------------Testing finished.------------------------
02/23/2023 13:20:49:INFO: bengio.
