02/23/2023 12:06:06:INFO: start.
02/23/2023 12:06:06:INFO: --------hyper-arguments for this training.--------
02/23/2023 12:06:06:INFO: Namespace(answer_strategy='inter_logits_core_token', batch_size=2, dataset='rest14', eval_pre_epochs=1, few_shot=20, learning_rate=1e-05, log_file=None, model_type='WT2ABSA_Mean', patience=5, pre_trained_model='pretrainedmodels/bert-base-cased', save_best_model=False, seed=985, total_epochs=20)
02/23/2023 12:06:06:INFO: ----------dataset files------------
02/23/2023 12:06:06:INFO: {'train': '../WordTrans2ABSA/dataset/rest14/train.json', 'dev': '../WordTrans2ABSA/dataset/rest14/dev.json', 'test': '../WordTrans2ABSA/dataset/rest14/test.json'}
02/23/2023 12:06:09:WARNING: Using custom data configuration default-60cac04a9729a80a
02/23/2023 12:06:09:WARNING: Reusing dataset json (C:\Users\Super-IdoI\.cache\huggingface\datasets\json\default-60cac04a9729a80a\0.0.0\45636811569ec4a6630521c18235dfbbab83b7ab572e3393c5ba68ccabe98264)
02/23/2023 12:06:09:INFO: -----------------------------------
02/23/2023 12:06:09:INFO: {'I-POS': ['good', 'clever', 'excellent', 'effectual', 'beautiful', 'nice', 'useful', 'well', 'fantastic'], 'I-NEU': ['Michael', 'John', 'David', 'Thomas', 'Martin', 'Paul'], 'I-NEG': ['bad', 'terrible', 'awful', 'badly', 'terrible', 'poor', 'unfortunate', 'harmful', 'dirty', 'sorry']}
02/23/2023 12:06:09:INFO: -----------------------------------
02/23/2023 12:06:09:INFO: {'O': 0, 'I-POS': 1, 'I-NEU': 2, 'I-NEG': 3}
02/23/2023 12:06:09:INFO: {0: 'O', 1: 'I-POS', 2: 'I-NEU', 3: 'I-NEG'}
02/23/2023 12:06:11:INFO: -----------------------------------
02/23/2023 12:06:11:INFO: {'I-POS': 28996, 'I-NEU': 28997, 'I-NEG': 28998}
02/23/2023 12:06:11:INFO: {28996: 'I-POS', 28997: 'I-NEU', 28998: 'I-NEG'}
02/23/2023 12:06:11:INFO: start preprocess dataset.
02/23/2023 12:06:11:INFO: dataset preprocess finished.
02/23/2023 12:06:11:INFO: Train: 60, Dev: 179, Test: 599.
02/23/2023 12:06:11:INFO: dataloader prepare finished.
02/23/2023 12:06:11:INFO: ***** Start Training *****
02/23/2023 12:06:11:INFO: Total Epochs: 20
02/23/2023 12:06:11:INFO: validate on per-1 epochs.
02/23/2023 12:06:11:INFO: Training Samples Count: 60.
02/23/2023 12:06:11:INFO: Batch Size: 2, 每轮 30 Batch.
02/23/2023 12:06:11:INFO: Learning Rate: 1e-05
02/23/2023 12:06:11:INFO: --------------Epoch. 1.---------------
02/23/2023 12:06:14:INFO: [Epoch. 1.]: 100%|| 30/30 [00:02<00:00, 12.80it/s, avg_loss=1.37]
02/23/2023 12:06:14:INFO: Epoch 1, average loss: 1.3698430399099986
02/23/2023 12:06:14:INFO: --------------Evaluate on Epoch. 1.---------------
02/23/2023 12:06:14:INFO: tensor([28996, 28997, 28998], device='cuda:0')
02/23/2023 12:06:15:INFO: **********Results Comparison**********
02/23/2023 12:06:15:INFO: 真实标签: 
 [3, 1, 1, 1, 2, 1, 1, 1, 1, 1, 3, 1, 1, 1, 1, 3, 2, 1, 1, 2, 2, 1, 1, 1, 1, 1, 2, 3, 1, 3, 1, 2, 1, 1, 1, 3, 1, 3, 1, 1, 1, 1, 2, 1, 1, 1, 1, 1, 1, 2, 2, 1, 1, 1, 1, 3, 2, 1, 1, 1, 1, 3, 1, 1, 1, 1, 1, 1, 1, 1, 3, 2, 1, 3, 3, 1, 2, 3, 1, 1, 1, 2, 1, 1, 1, 2, 3, 1, 1, 2, 1, 1, 3, 1, 1, 1, 1, 1, 2, 3, 2, 1, 1, 1, 1, 1, 1, 1, 1, 1, 3, 3, 1, 1, 2, 1, 3, 3, 1, 3, 2, 2, 1, 1, 3, 1, 2, 1, 1, 1, 1, 3, 1, 1, 1, 1, 1, 3, 1, 1, 1, 2, 1, 2, 2, 3, 1, 1, 1, 2, 1, 1, 1, 2, 1, 1, 1, 1, 1, 1, 1, 1, 2, 1, 1, 1, 1, 1, 1, 1, 1, 1, 1, 2, 2, 2, 2, 2, 1]
02/23/2023 12:06:15:INFO: 预测标签: 
 [1, 1, 1, 1, 1, 1, 1, 1, 1, 1, 1, 1, 1, 1, 1, 3, 1, 2, 1, 2, 1, 2, 2, 1, 2, 1, 2, 1, 1, 1, 1, 1, 2, 1, 1, 1, 1, 2, 1, 1, 1, 1, 1, 1, 1, 1, 1, 1, 1, 1, 1, 2, 1, 1, 3, 1, 1, 1, 1, 1, 1, 3, 1, 1, 2, 3, 1, 3, 2, 1, 3, 1, 1, 1, 1, 1, 1, 1, 1, 1, 1, 2, 1, 1, 1, 2, 1, 1, 1, 1, 1, 1, 1, 3, 1, 1, 1, 1, 1, 3, 3, 1, 1, 1, 1, 1, 1, 2, 1, 1, 3, 1, 1, 1, 1, 1, 1, 3, 1, 1, 1, 2, 1, 1, 1, 1, 1, 1, 2, 1, 1, 3, 1, 1, 1, 1, 1, 1, 2, 1, 1, 2, 1, 1, 1, 1, 3, 3, 1, 1, 2, 1, 1, 1, 1, 1, 1, 1, 1, 1, 3, 1, 1, 1, 1, 1, 3, 1, 2, 2, 1, 3, 1, 1, 2, 1, 1, 1, 1]
02/23/2023 12:06:15:INFO: ---------Evaluated Metrics----------
02/23/2023 12:06:15:INFO: Accuracy: 0.6312849162011173.
02/23/2023 12:06:15:INFO: Macro Precision: 0.47902979373567617.
02/23/2023 12:06:15:INFO: Macro Recall: 0.43674180327868856.
02/23/2023 12:06:15:INFO: Macro F1 score: 0.44943926114409577.
02/23/2023 12:06:15:INFO: ---------confusion_matrix----------
02/23/2023 12:06:15:INFO: 
[[99 14  9]
 [24  7  1]
 [17  1  7]]
02/23/2023 12:06:15:INFO: 模型效果验证详情: {'位置第一个显示标签': 0, '其他位置有情感标签': 0, '全句没有情感标签': 0}.
02/23/2023 12:06:15:INFO: ----------------------Evaluate finished.------------------------
02/23/2023 12:06:15:INFO: --------------Epoch. 2.---------------
02/23/2023 12:06:17:INFO: [Epoch. 2.]: 100%|| 30/30 [00:02<00:00, 14.22it/s, avg_loss=0.757]
02/23/2023 12:06:17:INFO: Epoch 2, average loss: 0.7573802322149277
02/23/2023 12:06:17:INFO: --------------Evaluate on Epoch. 2.---------------
02/23/2023 12:06:17:INFO: tensor([28996, 28997, 28998], device='cuda:0')
02/23/2023 12:06:18:INFO: **********Results Comparison**********
02/23/2023 12:06:18:INFO: 真实标签: 
 [3, 1, 1, 1, 2, 1, 1, 1, 1, 1, 3, 1, 1, 1, 1, 3, 2, 1, 1, 2, 2, 1, 1, 1, 1, 1, 2, 3, 1, 3, 1, 2, 1, 1, 1, 3, 1, 3, 1, 1, 1, 1, 2, 1, 1, 1, 1, 1, 1, 2, 2, 1, 1, 1, 1, 3, 2, 1, 1, 1, 1, 3, 1, 1, 1, 1, 1, 1, 1, 1, 3, 2, 1, 3, 3, 1, 2, 3, 1, 1, 1, 2, 1, 1, 1, 2, 3, 1, 1, 2, 1, 1, 3, 1, 1, 1, 1, 1, 2, 3, 2, 1, 1, 1, 1, 1, 1, 1, 1, 1, 3, 3, 1, 1, 2, 1, 3, 3, 1, 3, 2, 2, 1, 1, 3, 1, 2, 1, 1, 1, 1, 3, 1, 1, 1, 1, 1, 3, 1, 1, 1, 2, 1, 2, 2, 3, 1, 1, 1, 2, 1, 1, 1, 2, 1, 1, 1, 1, 1, 1, 1, 1, 2, 1, 1, 1, 1, 1, 1, 1, 1, 1, 1, 2, 2, 2, 2, 2, 1]
02/23/2023 12:06:18:INFO: 预测标签: 
 [2, 1, 1, 1, 1, 1, 1, 1, 3, 1, 3, 1, 3, 2, 2, 3, 2, 2, 1, 2, 3, 2, 2, 2, 2, 1, 2, 1, 1, 2, 2, 1, 2, 2, 1, 3, 1, 2, 1, 1, 2, 1, 2, 1, 2, 1, 1, 1, 3, 2, 2, 2, 2, 2, 3, 3, 1, 2, 1, 1, 3, 3, 1, 2, 2, 3, 1, 3, 2, 2, 3, 3, 1, 2, 2, 2, 3, 3, 1, 1, 1, 2, 1, 1, 2, 2, 3, 1, 1, 3, 3, 1, 2, 3, 3, 2, 2, 3, 2, 3, 3, 3, 2, 1, 2, 1, 1, 2, 3, 1, 3, 2, 2, 1, 2, 2, 1, 3, 1, 3, 2, 2, 1, 1, 3, 2, 1, 1, 2, 2, 3, 3, 2, 1, 1, 3, 1, 2, 2, 1, 1, 2, 2, 1, 3, 3, 3, 3, 1, 1, 2, 1, 1, 1, 1, 1, 1, 2, 1, 1, 3, 2, 1, 1, 1, 1, 3, 1, 2, 2, 1, 2, 1, 3, 2, 1, 3, 1, 2]
02/23/2023 12:06:18:INFO: ---------Evaluated Metrics----------
02/23/2023 12:06:18:INFO: Accuracy: 0.5027932960893855.
02/23/2023 12:06:18:INFO: Macro Precision: 0.47050309849967387.
02/23/2023 12:06:18:INFO: Macro Recall: 0.5125000000000001.
02/23/2023 12:06:18:INFO: Macro F1 score: 0.45502296211251436.
02/23/2023 12:06:18:INFO: ---------confusion_matrix----------
02/23/2023 12:06:18:INFO: 
[[61 42 19]
 [10 14  8]
 [ 2  8 15]]
02/23/2023 12:06:18:INFO: 模型效果验证详情: {'位置第一个显示标签': 0, '其他位置有情感标签': 0, '全句没有情感标签': 0}.
02/23/2023 12:06:18:INFO: ----------------------Evaluate finished.------------------------
02/23/2023 12:06:18:INFO: --------------Epoch. 3.---------------
02/23/2023 12:06:20:INFO: [Epoch. 3.]: 100%|| 30/30 [00:02<00:00, 14.37it/s, avg_loss=0.467]
02/23/2023 12:06:20:INFO: Epoch 3, average loss: 0.4667469268043836
02/23/2023 12:06:20:INFO: --------------Evaluate on Epoch. 3.---------------
02/23/2023 12:06:20:INFO: tensor([28996, 28997, 28998], device='cuda:0')
02/23/2023 12:06:21:INFO: **********Results Comparison**********
02/23/2023 12:06:21:INFO: 真实标签: 
 [3, 1, 1, 1, 2, 1, 1, 1, 1, 1, 3, 1, 1, 1, 1, 3, 2, 1, 1, 2, 2, 1, 1, 1, 1, 1, 2, 3, 1, 3, 1, 2, 1, 1, 1, 3, 1, 3, 1, 1, 1, 1, 2, 1, 1, 1, 1, 1, 1, 2, 2, 1, 1, 1, 1, 3, 2, 1, 1, 1, 1, 3, 1, 1, 1, 1, 1, 1, 1, 1, 3, 2, 1, 3, 3, 1, 2, 3, 1, 1, 1, 2, 1, 1, 1, 2, 3, 1, 1, 2, 1, 1, 3, 1, 1, 1, 1, 1, 2, 3, 2, 1, 1, 1, 1, 1, 1, 1, 1, 1, 3, 3, 1, 1, 2, 1, 3, 3, 1, 3, 2, 2, 1, 1, 3, 1, 2, 1, 1, 1, 1, 3, 1, 1, 1, 1, 1, 3, 1, 1, 1, 2, 1, 2, 2, 3, 1, 1, 1, 2, 1, 1, 1, 2, 1, 1, 1, 1, 1, 1, 1, 1, 2, 1, 1, 1, 1, 1, 1, 1, 1, 1, 1, 2, 2, 2, 2, 2, 1]
02/23/2023 12:06:21:INFO: 预测标签: 
 [2, 1, 1, 1, 1, 3, 3, 2, 2, 1, 3, 2, 3, 2, 2, 3, 2, 2, 2, 2, 2, 2, 2, 2, 2, 1, 2, 1, 2, 2, 2, 1, 2, 2, 1, 3, 1, 2, 1, 1, 2, 2, 2, 1, 2, 1, 1, 1, 3, 2, 2, 2, 2, 2, 3, 2, 1, 2, 2, 2, 3, 3, 2, 2, 2, 3, 1, 3, 2, 2, 3, 1, 1, 2, 2, 2, 3, 3, 1, 1, 2, 2, 2, 1, 2, 2, 2, 2, 1, 3, 2, 1, 2, 3, 3, 2, 2, 2, 2, 3, 3, 3, 2, 1, 2, 1, 2, 2, 2, 2, 3, 2, 2, 2, 2, 2, 1, 3, 2, 3, 2, 2, 1, 1, 2, 2, 3, 2, 2, 2, 1, 3, 2, 1, 1, 3, 2, 2, 2, 1, 1, 2, 2, 1, 3, 3, 2, 3, 1, 1, 2, 2, 1, 1, 1, 1, 2, 2, 1, 1, 3, 2, 1, 1, 1, 1, 3, 2, 2, 2, 1, 2, 2, 2, 2, 1, 3, 1, 2]
02/23/2023 12:06:21:INFO: ---------Evaluated Metrics----------
02/23/2023 12:06:21:INFO: Accuracy: 0.3743016759776536.
02/23/2023 12:06:21:INFO: Macro Precision: 0.4322544328736279.
02/23/2023 12:06:21:INFO: Macro Recall: 0.433224043715847.
02/23/2023 12:06:21:INFO: Macro F1 score: 0.3722095531361351.
02/23/2023 12:06:21:INFO: ---------confusion_matrix----------
02/23/2023 12:06:21:INFO: 
[[39 68 15]
 [10 16  6]
 [ 2 11 12]]
02/23/2023 12:06:21:INFO: 模型效果验证详情: {'位置第一个显示标签': 0, '其他位置有情感标签': 0, '全句没有情感标签': 0}.
02/23/2023 12:06:21:INFO: ----------------------Evaluate finished.------------------------
02/23/2023 12:06:21:INFO: --------------Epoch. 4.---------------
02/23/2023 12:06:23:INFO: [Epoch. 4.]: 100%|| 30/30 [00:02<00:00, 14.51it/s, avg_loss=0.301]
02/23/2023 12:06:23:INFO: Epoch 4, average loss: 0.301309992869695
02/23/2023 12:06:23:INFO: --------------Evaluate on Epoch. 4.---------------
02/23/2023 12:06:23:INFO: tensor([28996, 28997, 28998], device='cuda:0')
02/23/2023 12:06:24:INFO: **********Results Comparison**********
02/23/2023 12:06:24:INFO: 真实标签: 
 [3, 1, 1, 1, 2, 1, 1, 1, 1, 1, 3, 1, 1, 1, 1, 3, 2, 1, 1, 2, 2, 1, 1, 1, 1, 1, 2, 3, 1, 3, 1, 2, 1, 1, 1, 3, 1, 3, 1, 1, 1, 1, 2, 1, 1, 1, 1, 1, 1, 2, 2, 1, 1, 1, 1, 3, 2, 1, 1, 1, 1, 3, 1, 1, 1, 1, 1, 1, 1, 1, 3, 2, 1, 3, 3, 1, 2, 3, 1, 1, 1, 2, 1, 1, 1, 2, 3, 1, 1, 2, 1, 1, 3, 1, 1, 1, 1, 1, 2, 3, 2, 1, 1, 1, 1, 1, 1, 1, 1, 1, 3, 3, 1, 1, 2, 1, 3, 3, 1, 3, 2, 2, 1, 1, 3, 1, 2, 1, 1, 1, 1, 3, 1, 1, 1, 1, 1, 3, 1, 1, 1, 2, 1, 2, 2, 3, 1, 1, 1, 2, 1, 1, 1, 2, 1, 1, 1, 1, 1, 1, 1, 1, 2, 1, 1, 1, 1, 1, 1, 1, 1, 1, 1, 2, 2, 2, 2, 2, 1]
02/23/2023 12:06:24:INFO: 预测标签: 
 [1, 1, 1, 1, 1, 1, 1, 1, 1, 1, 3, 1, 3, 1, 1, 3, 1, 2, 1, 2, 1, 2, 2, 2, 2, 1, 2, 1, 1, 2, 1, 1, 2, 2, 1, 1, 1, 2, 1, 1, 2, 1, 2, 1, 1, 1, 1, 1, 3, 2, 2, 2, 2, 2, 3, 1, 1, 2, 1, 2, 1, 3, 1, 1, 2, 3, 1, 3, 2, 2, 3, 1, 1, 2, 2, 2, 3, 3, 1, 1, 1, 2, 1, 1, 2, 2, 2, 1, 1, 3, 2, 1, 2, 3, 3, 1, 2, 1, 2, 3, 3, 3, 1, 1, 2, 1, 1, 2, 3, 1, 3, 1, 3, 1, 2, 2, 1, 3, 1, 1, 2, 2, 1, 1, 2, 2, 1, 1, 2, 1, 1, 3, 2, 1, 1, 3, 1, 2, 2, 1, 1, 2, 1, 1, 3, 3, 1, 3, 1, 1, 2, 1, 1, 1, 1, 1, 1, 1, 1, 1, 3, 2, 1, 1, 1, 1, 3, 1, 2, 2, 1, 2, 1, 1, 2, 1, 3, 1, 2]
02/23/2023 12:06:24:INFO: ---------Evaluated Metrics----------
02/23/2023 12:06:24:INFO: Accuracy: 0.547486033519553.
02/23/2023 12:06:24:INFO: Macro Precision: 0.4556061089825458.
02/23/2023 12:06:24:INFO: Macro Recall: 0.4736680327868852.
02/23/2023 12:06:24:INFO: Macro F1 score: 0.45358978208704404.
02/23/2023 12:06:24:INFO: ---------confusion_matrix----------
02/23/2023 12:06:24:INFO: 
[[75 33 14]
 [14 13  5]
 [ 7  8 10]]
02/23/2023 12:06:24:INFO: 模型效果验证详情: {'位置第一个显示标签': 2, '其他位置有情感标签': 0, '全句没有情感标签': 0}.
02/23/2023 12:06:24:INFO: ----------------------Evaluate finished.------------------------
02/23/2023 12:06:24:INFO: --------------Epoch. 5.---------------
02/23/2023 12:06:26:INFO: [Epoch. 5.]: 100%|| 30/30 [00:02<00:00, 14.18it/s, avg_loss=0.213]
02/23/2023 12:06:26:INFO: Epoch 5, average loss: 0.2126851424574852
02/23/2023 12:06:26:INFO: --------------Evaluate on Epoch. 5.---------------
02/23/2023 12:06:26:INFO: tensor([28996, 28997, 28998], device='cuda:0')
02/23/2023 12:06:28:INFO: **********Results Comparison**********
02/23/2023 12:06:28:INFO: 真实标签: 
 [3, 1, 1, 1, 2, 1, 1, 1, 1, 1, 3, 1, 1, 1, 1, 3, 2, 1, 1, 2, 2, 1, 1, 1, 1, 1, 2, 3, 1, 3, 1, 2, 1, 1, 1, 3, 1, 3, 1, 1, 1, 1, 2, 1, 1, 1, 1, 1, 1, 2, 2, 1, 1, 1, 1, 3, 2, 1, 1, 1, 1, 3, 1, 1, 1, 1, 1, 1, 1, 1, 3, 2, 1, 3, 3, 1, 2, 3, 1, 1, 1, 2, 1, 1, 1, 2, 3, 1, 1, 2, 1, 1, 3, 1, 1, 1, 1, 1, 2, 3, 2, 1, 1, 1, 1, 1, 1, 1, 1, 1, 3, 3, 1, 1, 2, 1, 3, 3, 1, 3, 2, 2, 1, 1, 3, 1, 2, 1, 1, 1, 1, 3, 1, 1, 1, 1, 1, 3, 1, 1, 1, 2, 1, 2, 2, 3, 1, 1, 1, 2, 1, 1, 1, 2, 1, 1, 1, 1, 1, 1, 1, 1, 2, 1, 1, 1, 1, 1, 1, 1, 1, 1, 1, 2, 2, 2, 2, 2, 1]
02/23/2023 12:06:28:INFO: 预测标签: 
 [2, 1, 1, 1, 1, 3, 1, 1, 2, 1, 3, 1, 3, 1, 1, 3, 2, 2, 3, 2, 1, 2, 2, 2, 2, 1, 2, 1, 1, 2, 2, 1, 2, 2, 1, 1, 1, 2, 1, 1, 2, 1, 2, 1, 2, 1, 1, 1, 3, 2, 2, 2, 2, 2, 3, 1, 1, 2, 1, 2, 1, 3, 1, 2, 2, 3, 1, 3, 2, 2, 3, 1, 1, 2, 2, 2, 3, 3, 1, 1, 1, 2, 3, 1, 2, 2, 2, 1, 1, 3, 2, 1, 2, 3, 3, 2, 2, 1, 2, 3, 3, 3, 1, 1, 2, 1, 1, 2, 2, 2, 3, 2, 2, 2, 2, 2, 1, 3, 2, 3, 2, 2, 1, 1, 2, 2, 3, 1, 2, 1, 1, 3, 2, 1, 1, 3, 1, 2, 2, 1, 1, 2, 1, 1, 3, 3, 1, 3, 1, 1, 2, 1, 1, 1, 1, 1, 2, 2, 1, 1, 3, 2, 1, 1, 1, 1, 3, 1, 2, 2, 1, 2, 2, 3, 2, 1, 3, 1, 2]
02/23/2023 12:06:28:INFO: ---------Evaluated Metrics----------
02/23/2023 12:06:28:INFO: Accuracy: 0.48044692737430167.
02/23/2023 12:06:28:INFO: Macro Precision: 0.4453216374269006.
02/23/2023 12:06:28:INFO: Macro Recall: 0.45916666666666667.
02/23/2023 12:06:28:INFO: Macro F1 score: 0.42332725497025697.
02/23/2023 12:06:28:INFO: ---------confusion_matrix----------
02/23/2023 12:06:28:INFO: 
[[61 46 15]
 [11 14  7]
 [ 4 10 11]]
02/23/2023 12:06:28:INFO: 模型效果验证详情: {'位置第一个显示标签': 25, '其他位置有情感标签': 0, '全句没有情感标签': 0}.
02/23/2023 12:06:28:INFO: ----------------------Evaluate finished.------------------------
02/23/2023 12:06:28:INFO: --------------Epoch. 6.---------------
02/23/2023 12:06:30:INFO: [Epoch. 6.]: 100%|| 30/30 [00:02<00:00, 14.22it/s, avg_loss=0.153]
02/23/2023 12:06:30:INFO: Epoch 6, average loss: 0.1527738243341446
02/23/2023 12:06:30:INFO: --------------Evaluate on Epoch. 6.---------------
02/23/2023 12:06:30:INFO: tensor([28996, 28997, 28998], device='cuda:0')
02/23/2023 12:06:31:INFO: **********Results Comparison**********
02/23/2023 12:06:31:INFO: 真实标签: 
 [3, 1, 1, 1, 2, 1, 1, 1, 1, 1, 3, 1, 1, 1, 1, 3, 2, 1, 1, 2, 2, 1, 1, 1, 1, 1, 2, 3, 1, 3, 1, 2, 1, 1, 1, 3, 1, 3, 1, 1, 1, 1, 2, 1, 1, 1, 1, 1, 1, 2, 2, 1, 1, 1, 1, 3, 2, 1, 1, 1, 1, 3, 1, 1, 1, 1, 1, 1, 1, 1, 3, 2, 1, 3, 3, 1, 2, 3, 1, 1, 1, 2, 1, 1, 1, 2, 3, 1, 1, 2, 1, 1, 3, 1, 1, 1, 1, 1, 2, 3, 2, 1, 1, 1, 1, 1, 1, 1, 1, 1, 3, 3, 1, 1, 2, 1, 3, 3, 1, 3, 2, 2, 1, 1, 3, 1, 2, 1, 1, 1, 1, 3, 1, 1, 1, 1, 1, 3, 1, 1, 1, 2, 1, 2, 2, 3, 1, 1, 1, 2, 1, 1, 1, 2, 1, 1, 1, 1, 1, 1, 1, 1, 2, 1, 1, 1, 1, 1, 1, 1, 1, 1, 1, 2, 2, 2, 2, 2, 1]
02/23/2023 12:06:31:INFO: 预测标签: 
 [1, 1, 1, 1, 1, 1, 1, 1, 1, 1, 3, 1, 3, 1, 1, 2, 2, 2, 1, 2, 1, 2, 2, 1, 2, 1, 2, 1, 1, 2, 1, 1, 2, 2, 1, 1, 1, 2, 1, 1, 2, 1, 2, 1, 1, 1, 1, 1, 1, 2, 2, 2, 2, 2, 1, 1, 1, 2, 1, 2, 1, 3, 1, 1, 2, 3, 1, 3, 2, 2, 3, 1, 1, 2, 2, 2, 3, 1, 1, 1, 1, 2, 1, 1, 2, 2, 2, 1, 1, 3, 2, 1, 2, 1, 3, 1, 2, 1, 2, 3, 3, 1, 1, 1, 2, 1, 1, 2, 1, 1, 1, 2, 2, 1, 2, 2, 1, 3, 2, 1, 2, 2, 1, 1, 2, 2, 1, 1, 2, 1, 1, 3, 2, 1, 1, 1, 1, 2, 2, 1, 1, 2, 1, 1, 3, 3, 1, 3, 1, 1, 2, 1, 1, 1, 1, 1, 1, 1, 1, 1, 3, 1, 1, 1, 1, 1, 3, 1, 2, 2, 1, 2, 1, 1, 2, 1, 3, 1, 2]
02/23/2023 12:06:31:INFO: ---------Evaluated Metrics----------
02/23/2023 12:06:31:INFO: Accuracy: 0.5754189944134078.
02/23/2023 12:06:31:INFO: Macro Precision: 0.47005053085788906.
02/23/2023 12:06:31:INFO: Macro Recall: 0.46321038251366126.
02/23/2023 12:06:31:INFO: Macro F1 score: 0.4538924828812469.
02/23/2023 12:06:31:INFO: ---------confusion_matrix----------
02/23/2023 12:06:31:INFO: 
[[82 33  7]
 [13 14  5]
 [ 8 10  7]]
02/23/2023 12:06:31:INFO: 模型效果验证详情: {'位置第一个显示标签': 29, '其他位置有情感标签': 0, '全句没有情感标签': 0}.
02/23/2023 12:06:31:INFO: ----------------------Evaluate finished.------------------------
02/23/2023 12:06:31:INFO: --------------Epoch. 7.---------------
02/23/2023 12:06:33:INFO: [Epoch. 7.]: 100%|| 30/30 [00:02<00:00, 14.52it/s, avg_loss=0.115]
02/23/2023 12:06:33:INFO: Epoch 7, average loss: 0.11461985968053341
02/23/2023 12:06:33:INFO: --------------Evaluate on Epoch. 7.---------------
02/23/2023 12:06:33:INFO: tensor([28996, 28997, 28998], device='cuda:0')
02/23/2023 12:06:34:INFO: **********Results Comparison**********
02/23/2023 12:06:34:INFO: 真实标签: 
 [3, 1, 1, 1, 2, 1, 1, 1, 1, 1, 3, 1, 1, 1, 1, 3, 2, 1, 1, 2, 2, 1, 1, 1, 1, 1, 2, 3, 1, 3, 1, 2, 1, 1, 1, 3, 1, 3, 1, 1, 1, 1, 2, 1, 1, 1, 1, 1, 1, 2, 2, 1, 1, 1, 1, 3, 2, 1, 1, 1, 1, 3, 1, 1, 1, 1, 1, 1, 1, 1, 3, 2, 1, 3, 3, 1, 2, 3, 1, 1, 1, 2, 1, 1, 1, 2, 3, 1, 1, 2, 1, 1, 3, 1, 1, 1, 1, 1, 2, 3, 2, 1, 1, 1, 1, 1, 1, 1, 1, 1, 3, 3, 1, 1, 2, 1, 3, 3, 1, 3, 2, 2, 1, 1, 3, 1, 2, 1, 1, 1, 1, 3, 1, 1, 1, 1, 1, 3, 1, 1, 1, 2, 1, 2, 2, 3, 1, 1, 1, 2, 1, 1, 1, 2, 1, 1, 1, 1, 1, 1, 1, 1, 2, 1, 1, 1, 1, 1, 1, 1, 1, 1, 1, 2, 2, 2, 2, 2, 1]
02/23/2023 12:06:34:INFO: 预测标签: 
 [1, 1, 1, 1, 1, 3, 3, 1, 1, 1, 3, 1, 3, 1, 1, 3, 2, 2, 3, 2, 1, 2, 2, 1, 2, 1, 2, 3, 1, 3, 1, 1, 2, 2, 1, 3, 1, 2, 1, 1, 2, 1, 2, 1, 1, 1, 1, 1, 3, 2, 2, 2, 2, 2, 3, 1, 3, 2, 1, 2, 1, 3, 1, 1, 2, 3, 1, 3, 2, 2, 3, 1, 1, 2, 2, 2, 3, 3, 1, 1, 1, 2, 3, 1, 2, 2, 2, 1, 1, 3, 2, 1, 2, 3, 3, 1, 2, 1, 2, 3, 3, 3, 1, 1, 2, 1, 1, 2, 3, 1, 3, 2, 3, 2, 2, 2, 3, 3, 2, 3, 2, 2, 1, 1, 2, 2, 3, 1, 2, 1, 1, 3, 2, 1, 1, 3, 1, 3, 2, 1, 1, 2, 1, 1, 3, 3, 1, 3, 1, 1, 2, 1, 1, 3, 1, 1, 1, 1, 1, 1, 3, 2, 1, 1, 1, 1, 3, 1, 2, 2, 1, 2, 1, 3, 2, 1, 3, 1, 2]
02/23/2023 12:06:34:INFO: ---------Evaluated Metrics----------
02/23/2023 12:06:34:INFO: Accuracy: 0.5586592178770949.
02/23/2023 12:06:34:INFO: Macro Precision: 0.49694533622182196.
02/23/2023 12:06:34:INFO: Macro Recall: 0.5504234972677596.
02/23/2023 12:06:34:INFO: Macro F1 score: 0.4940274960558937.
02/23/2023 12:06:34:INFO: ---------confusion_matrix----------
02/23/2023 12:06:34:INFO: 
[[70 34 18]
 [ 9 14  9]
 [ 2  7 16]]
02/23/2023 12:06:34:INFO: 模型效果验证详情: {'位置第一个显示标签': 50, '其他位置有情感标签': 0, '全句没有情感标签': 0}.
02/23/2023 12:06:34:INFO: ----------------------Evaluate finished.------------------------
02/23/2023 12:06:34:INFO: Based on [2.th Epoch] best_accuracy: 0.6312849162011173.
02/23/2023 12:06:34:INFO: latest 5 epochs not seen performance increased, early stop.
02/23/2023 12:06:34:INFO: ********** Best Results on Dev Dataset **********
02/23/2023 12:06:34:INFO: Best Accuracy: 0.6312849162011173.
02/23/2023 12:06:34:INFO: Best Macro Precision: 0.49694533622182196.
02/23/2023 12:06:34:INFO: Best Macro Recall: 0.5504234972677596.
02/23/2023 12:06:34:INFO: Best Macro F1 score: 0.4940274960558937.
02/23/2023 12:06:34:INFO: ***** Training Over *****
02/23/2023 12:06:34:INFO: --------------Testing ...---------------
02/23/2023 12:06:34:INFO: tensor([28996, 28997, 28998], device='cuda:0')
02/23/2023 12:06:38:INFO: **********Results Comparison**********
02/23/2023 12:06:38:INFO: 真实标签: 
 [1, 1, 1, 1, 1, 1, 1, 1, 1, 1, 3, 1, 1, 3, 3, 3, 1, 1, 2, 3, 1, 1, 1, 1, 1, 1, 1, 1, 1, 1, 1, 3, 3, 3, 1, 1, 1, 1, 1, 1, 2, 1, 3, 1, 1, 1, 1, 1, 1, 1, 3, 1, 1, 1, 3, 1, 3, 3, 1, 1, 1, 1, 1, 3, 1, 1, 1, 2, 1, 3, 3, 1, 1, 1, 1, 1, 1, 1, 3, 3, 1, 1, 1, 1, 1, 1, 1, 3, 1, 3, 1, 3, 1, 1, 1, 1, 1, 1, 3, 1, 1, 1, 3, 1, 1, 1, 1, 1, 1, 1, 2, 3, 3, 3, 3, 1, 1, 1, 1, 1, 3, 2, 1, 1, 1, 1, 1, 1, 1, 1, 1, 1, 1, 1, 1, 1, 1, 1, 3, 2, 2, 1, 3, 1, 1, 1, 1, 3, 1, 1, 1, 1, 1, 1, 3, 3, 1, 1, 1, 1, 1, 1, 3, 1, 1, 1, 1, 1, 1, 1, 1, 1, 3, 3, 1, 2, 1, 3, 2, 2, 1, 1, 1, 2, 1, 3, 3, 1, 3, 3, 3, 1, 1, 2, 3, 1, 1, 3, 1, 3, 1, 1, 2, 1, 2, 1, 1, 1, 1, 1, 1, 1, 2, 3, 1, 1, 1, 1, 1, 1, 1, 1, 1, 1, 1, 2, 1, 1, 1, 1, 1, 1, 1, 1, 1, 1, 3, 1, 2, 1, 1, 1, 2, 1, 3, 1, 3, 2, 1, 3, 3, 2, 1, 1, 1, 1, 1, 1, 1, 1, 1, 1, 1, 1, 1, 3, 1, 1, 1, 2, 1, 1, 1, 1, 2, 3, 3, 3, 1, 1, 1, 1, 2, 1, 1, 3, 1, 1, 3, 1, 3, 1, 1, 1, 1, 1, 1, 1, 2, 2, 2, 3, 2, 1, 3, 1, 2, 1, 1, 1, 1, 2, 3, 1, 1, 2, 3, 2, 2, 2, 1, 1, 1, 2, 1, 1, 1, 1, 2, 3, 1, 1, 1, 1, 1, 1, 3, 3, 1, 1, 1, 1, 2, 2, 1, 2, 1, 2, 1, 1, 1, 3, 3, 3, 3, 1, 1, 1, 1, 1, 1, 3, 3, 1, 1, 3, 3, 1, 1, 1, 1, 1, 1, 1, 3, 1, 1, 3, 1, 2, 2, 1, 1, 1, 2, 2, 1, 1, 1, 3, 1, 2, 1, 2, 1, 1, 2, 1, 1, 1, 2, 2, 1, 1, 1, 2, 2, 2, 1, 2, 2, 1, 1, 2, 1, 1, 1, 2, 3, 1, 1, 1, 2, 1, 1, 1, 1, 1, 2, 1, 1, 1, 1, 1, 1, 1, 1, 1, 3, 2, 3, 2, 1, 3, 1, 1, 1, 1, 1, 3, 2, 1, 1, 2, 1, 3, 1, 2, 1, 1, 1, 1, 2, 1, 1, 3, 1, 1, 1, 1, 1, 1, 1, 2, 1, 1, 1, 1, 1, 1, 1, 1, 1, 1, 1, 1, 1, 1, 1, 1, 1, 1, 1, 3, 1, 1, 1, 1, 1, 1, 1, 1, 1, 1, 2, 1, 1, 1, 1, 1, 3, 1, 1, 1, 2, 3, 2, 2, 1, 2, 3, 2, 1, 1, 2, 3, 1, 1, 2, 2, 1, 1, 2, 1, 1, 2, 2, 1, 1, 1, 1, 1, 1, 1, 1, 1, 1, 1, 1, 2, 2, 3, 1, 1, 1, 1, 2, 2, 1, 3, 1, 3, 3, 1, 1, 1, 1, 1, 1, 2, 1, 2, 1, 2, 1, 3, 1, 2, 1, 1, 2, 1, 1, 1, 2, 2, 2, 2, 1, 2, 2, 2, 1, 2, 3, 1, 3, 3, 1]
02/23/2023 12:06:38:INFO: 预测标签: 
 [1, 3, 2, 2, 1, 2, 1, 1, 1, 1, 2, 3, 2, 2, 3, 3, 2, 3, 3, 2, 3, 2, 2, 1, 2, 1, 1, 1, 1, 1, 1, 1, 3, 2, 3, 2, 1, 2, 1, 2, 2, 1, 2, 2, 1, 1, 1, 1, 1, 1, 3, 2, 1, 2, 3, 1, 3, 2, 1, 1, 1, 1, 1, 3, 3, 3, 1, 2, 2, 3, 3, 1, 1, 2, 2, 1, 1, 1, 3, 1, 1, 1, 1, 2, 3, 1, 1, 3, 2, 3, 1, 3, 1, 1, 3, 3, 2, 2, 3, 2, 1, 1, 3, 1, 1, 2, 2, 1, 1, 1, 2, 3, 3, 1, 2, 1, 3, 2, 1, 1, 3, 1, 1, 1, 2, 1, 1, 2, 2, 2, 1, 1, 1, 1, 1, 1, 2, 1, 1, 2, 2, 1, 3, 3, 1, 1, 1, 3, 1, 1, 1, 1, 1, 1, 1, 3, 2, 2, 2, 1, 1, 1, 3, 1, 1, 1, 1, 2, 1, 1, 2, 1, 2, 3, 1, 3, 1, 3, 3, 2, 2, 1, 1, 2, 1, 3, 2, 2, 3, 3, 3, 2, 1, 3, 1, 1, 1, 3, 1, 2, 3, 1, 3, 1, 2, 1, 1, 1, 1, 1, 2, 1, 2, 3, 1, 2, 1, 1, 1, 1, 1, 1, 2, 1, 1, 2, 2, 1, 1, 2, 2, 1, 2, 3, 2, 2, 3, 2, 2, 1, 1, 3, 2, 1, 3, 1, 3, 2, 3, 1, 3, 1, 1, 1, 3, 1, 2, 2, 2, 1, 2, 3, 2, 2, 2, 2, 3, 3, 1, 1, 3, 1, 1, 1, 1, 2, 3, 3, 1, 1, 3, 3, 1, 2, 1, 1, 3, 1, 3, 1, 2, 1, 1, 1, 1, 3, 1, 1, 3, 3, 2, 3, 3, 3, 3, 2, 2, 2, 1, 1, 2, 2, 1, 1, 1, 2, 3, 2, 2, 1, 1, 1, 1, 2, 1, 1, 1, 1, 2, 1, 2, 3, 2, 1, 1, 1, 3, 3, 1, 1, 3, 2, 1, 2, 2, 2, 1, 3, 1, 1, 1, 2, 3, 2, 1, 1, 1, 1, 1, 1, 2, 3, 3, 1, 1, 3, 2, 1, 1, 1, 1, 1, 1, 1, 3, 2, 2, 3, 2, 2, 3, 1, 3, 1, 3, 1, 1, 1, 2, 1, 3, 2, 1, 2, 3, 3, 1, 3, 1, 2, 2, 3, 2, 2, 1, 1, 2, 3, 1, 1, 3, 2, 1, 2, 1, 2, 1, 3, 3, 2, 1, 2, 2, 2, 1, 1, 1, 1, 2, 2, 1, 1, 1, 1, 1, 1, 1, 1, 3, 1, 3, 3, 3, 2, 2, 1, 1, 2, 3, 2, 2, 1, 1, 1, 1, 3, 3, 2, 2, 3, 1, 1, 2, 2, 1, 2, 1, 3, 1, 1, 2, 1, 2, 3, 1, 1, 1, 2, 2, 2, 1, 1, 1, 1, 2, 1, 1, 2, 2, 1, 1, 1, 1, 3, 2, 3, 2, 1, 3, 1, 3, 1, 1, 1, 1, 3, 1, 1, 2, 2, 3, 2, 2, 1, 1, 3, 1, 1, 1, 3, 3, 2, 1, 3, 3, 2, 3, 1, 2, 2, 1, 1, 2, 1, 2, 1, 2, 1, 1, 1, 1, 2, 1, 2, 2, 1, 2, 1, 1, 2, 1, 3, 1, 1, 1, 1, 1, 1, 3, 3, 1, 3, 3, 2, 2, 1, 1, 1, 3, 2, 1, 3, 2, 1, 1, 3, 1, 1, 1, 1, 1, 1, 1, 1, 1, 1, 3, 3, 1, 3, 2, 1, 2, 2, 1, 2, 2, 1, 1]
02/23/2023 12:06:38:INFO: ---------Evaluated Metrics----------
02/23/2023 12:06:38:INFO: Accuracy: 0.6060100166944908.
02/23/2023 12:06:38:INFO: Macro Precision: 0.5290006574621958.
02/23/2023 12:06:38:INFO: Macro Recall: 0.5764965250458957.
02/23/2023 12:06:38:INFO: Macro F1 score: 0.5325482494824834.
02/23/2023 12:06:38:INFO: ---------confusion_matrix----------
02/23/2023 12:06:38:INFO: 
[[259 105  46]
 [ 27  43  23]
 [ 14  21  61]]
02/23/2023 12:06:38:INFO: 模型效果验证详情: {'位置第一个显示标签': 187, '其他位置有情感标签': 0, '全句没有情感标签': 0}.
02/23/2023 12:06:38:INFO: ----------------------Testing finished.------------------------
02/23/2023 12:06:38:INFO: bengio.
