11/27/2022 20:52:11:INFO: start.
11/27/2022 20:52:11:INFO: --------hyper-arguments for this training.--------
11/27/2022 20:52:11:INFO: Namespace(answer_strategy='inter_logits_core_token', batch_size=16, dataset='rest15', eval_pre_epochs=1, learning_rate=1e-05, log_file=None, model_type='WT2ABSA_Mean', patience=5, pre_trained_model='pretrainedmodels/bert-base-cased', save_best_model=False, seed=985, total_epochs=20)
11/27/2022 20:52:11:INFO: ----------dataset files------------
11/27/2022 20:52:11:INFO: {'train': '../WordTrans2ABSA/dataset/rest15/train.json', 'dev': '../WordTrans2ABSA/dataset/rest15/dev.json', 'test': '../WordTrans2ABSA/dataset/rest15/test.json'}
11/27/2022 20:52:14:WARNING: Using custom data configuration default-c3b60632a9f2d90d
11/27/2022 20:52:14:INFO: -----------------------------------
11/27/2022 20:52:14:INFO: {'I-POS': ['good', 'clever', 'excellent', 'effectual', 'beautiful', 'nice', 'useful', 'well', 'fantastic'], 'I-NEU': ['Michael', 'John', 'David', 'Thomas', 'Martin', 'Paul'], 'I-NEG': ['bad', 'terrible', 'awful', 'badly', 'terrible', 'poor', 'unfortunate', 'harmful', 'dirty', 'sorry']}
11/27/2022 20:52:14:INFO: -----------------------------------
11/27/2022 20:52:14:INFO: {'O': 0, 'I-POS': 1, 'I-NEU': 2, 'I-NEG': 3}
11/27/2022 20:52:14:INFO: {0: 'O', 1: 'I-POS', 2: 'I-NEU', 3: 'I-NEG'}
11/27/2022 20:52:16:INFO: -----------------------------------
11/27/2022 20:52:16:INFO: {'I-POS': 28996, 'I-NEU': 28997, 'I-NEG': 28998}
11/27/2022 20:52:16:INFO: {28996: 'I-POS', 28997: 'I-NEU', 28998: 'I-NEG'}
11/27/2022 20:52:16:INFO: start preprocess dataset.
11/27/2022 20:52:16:INFO: dataset preprocess finished.
11/27/2022 20:52:16:INFO: Train: 750, Dev: 82, Test: 400.
11/27/2022 20:52:16:INFO: dataloader prepare finished.
11/27/2022 20:52:16:INFO: ***** Start Training *****
11/27/2022 20:52:16:INFO: Total Epochs: 20
11/27/2022 20:52:16:INFO: validate on per-1 epochs.
11/27/2022 20:52:16:INFO: Training Samples Count: 750.
11/27/2022 20:52:16:INFO: Batch Size: 16, 每轮 47 Batch.
11/27/2022 20:52:16:INFO: Learning Rate: 1e-05
11/27/2022 20:52:16:INFO: --------------Epoch. 1.---------------
11/27/2022 20:52:22:INFO: [Epoch. 1.]: 100%|| 47/47 [00:05<00:00,  8.92it/s, avg_loss=1.15]
11/27/2022 20:52:22:INFO: Epoch 1, average loss: 1.1515067467030058
11/27/2022 20:52:22:INFO: --------------Evaluate on Epoch. 1.---------------
11/27/2022 20:52:22:INFO: tensor([28996, 28997, 28998], device='cuda:0')
11/27/2022 20:52:22:INFO: **********Results Comparison**********
11/27/2022 20:52:22:INFO: 真实标签: 
 [3, 1, 1, 1, 1, 1, 3, 1, 3, 1, 1, 1, 1, 1, 1, 1, 1, 1, 1, 1, 1, 1, 1, 1, 3, 2, 1, 1, 1, 1, 3, 1, 1, 1, 1, 1, 1, 1, 3, 1, 1, 1, 1, 1, 3, 1, 1, 1, 1, 1, 3, 1, 1, 1, 1, 1, 3, 1, 1, 3, 1, 1, 1, 3, 1, 1, 1, 1, 1, 1, 1, 3, 1, 1, 1, 1, 3, 1, 1, 1, 1, 1]
11/27/2022 20:52:22:INFO: 预测标签: 
 [1, 1, 1, 1, 1, 1, 1, 1, 1, 1, 1, 1, 1, 1, 1, 1, 1, 1, 1, 1, 1, 1, 1, 1, 1, 1, 1, 1, 1, 1, 1, 1, 1, 1, 1, 1, 1, 1, 1, 1, 1, 1, 1, 1, 1, 1, 1, 1, 1, 1, 1, 1, 1, 1, 1, 1, 1, 1, 1, 1, 1, 1, 1, 1, 1, 1, 1, 1, 1, 1, 1, 1, 1, 1, 1, 1, 1, 1, 1, 1, 1, 1]
11/27/2022 20:52:22:INFO: ---------Evaluated Metrics----------
11/27/2022 20:52:22:INFO: Accuracy: 0.8292682926829268.
11/27/2022 20:52:22:INFO: Macro Precision: 0.2764227642276423.
11/27/2022 20:52:22:INFO: Macro Recall: 0.3333333333333333.
11/27/2022 20:52:22:INFO: Macro F1 score: 0.3022222222222222.
11/27/2022 20:52:22:INFO: ---------confusion_matrix----------
11/27/2022 20:52:22:INFO: 
[[68  0  0]
 [ 1  0  0]
 [13  0  0]]
11/27/2022 20:52:22:INFO: 模型效果验证详情: {'位置第一个显示标签': 0, '其他位置有情感标签': 0, '全句没有情感标签': 0}.
11/27/2022 20:52:22:INFO: ----------------------Evaluate finished.------------------------
11/27/2022 20:52:22:INFO: --------------Epoch. 2.---------------
11/27/2022 20:52:26:INFO: [Epoch. 2.]: 100%|| 47/47 [00:04<00:00, 10.00it/s, avg_loss=0.592]
11/27/2022 20:52:26:INFO: Epoch 2, average loss: 0.5922514193869651
11/27/2022 20:52:26:INFO: --------------Evaluate on Epoch. 2.---------------
11/27/2022 20:52:26:INFO: tensor([28996, 28997, 28998], device='cuda:0')
11/27/2022 20:52:27:INFO: **********Results Comparison**********
11/27/2022 20:52:27:INFO: 真实标签: 
 [3, 1, 1, 1, 1, 1, 3, 1, 3, 1, 1, 1, 1, 1, 1, 1, 1, 1, 1, 1, 1, 1, 1, 1, 3, 2, 1, 1, 1, 1, 3, 1, 1, 1, 1, 1, 1, 1, 3, 1, 1, 1, 1, 1, 3, 1, 1, 1, 1, 1, 3, 1, 1, 1, 1, 1, 3, 1, 1, 3, 1, 1, 1, 3, 1, 1, 1, 1, 1, 1, 1, 3, 1, 1, 1, 1, 3, 1, 1, 1, 1, 1]
11/27/2022 20:52:27:INFO: 预测标签: 
 [1, 1, 1, 1, 1, 1, 1, 1, 1, 1, 1, 1, 1, 1, 1, 1, 1, 1, 1, 1, 1, 1, 1, 1, 1, 1, 1, 1, 1, 1, 1, 1, 1, 1, 1, 1, 1, 1, 1, 1, 1, 1, 1, 1, 1, 1, 1, 1, 1, 1, 1, 1, 1, 1, 1, 1, 1, 1, 1, 1, 1, 1, 1, 1, 1, 1, 1, 1, 1, 1, 1, 1, 1, 1, 1, 1, 1, 1, 1, 1, 1, 1]
11/27/2022 20:52:27:INFO: ---------Evaluated Metrics----------
11/27/2022 20:52:27:INFO: Accuracy: 0.8292682926829268.
11/27/2022 20:52:27:INFO: Macro Precision: 0.2764227642276423.
11/27/2022 20:52:27:INFO: Macro Recall: 0.3333333333333333.
11/27/2022 20:52:27:INFO: Macro F1 score: 0.3022222222222222.
11/27/2022 20:52:27:INFO: ---------confusion_matrix----------
11/27/2022 20:52:27:INFO: 
[[68  0  0]
 [ 1  0  0]
 [13  0  0]]
11/27/2022 20:52:27:INFO: 模型效果验证详情: {'位置第一个显示标签': 5, '其他位置有情感标签': 0, '全句没有情感标签': 0}.
11/27/2022 20:52:27:INFO: ----------------------Evaluate finished.------------------------
11/27/2022 20:52:27:INFO: --------------Epoch. 3.---------------
11/27/2022 20:52:31:INFO: [Epoch. 3.]: 100%|| 47/47 [00:04<00:00,  9.97it/s, avg_loss=0.388]
11/27/2022 20:52:31:INFO: Epoch 3, average loss: 0.38779268144293033
11/27/2022 20:52:31:INFO: --------------Evaluate on Epoch. 3.---------------
11/27/2022 20:52:31:INFO: tensor([28996, 28997, 28998], device='cuda:0')
11/27/2022 20:52:32:INFO: **********Results Comparison**********
11/27/2022 20:52:32:INFO: 真实标签: 
 [3, 1, 1, 1, 1, 1, 3, 1, 3, 1, 1, 1, 1, 1, 1, 1, 1, 1, 1, 1, 1, 1, 1, 1, 3, 2, 1, 1, 1, 1, 3, 1, 1, 1, 1, 1, 1, 1, 3, 1, 1, 1, 1, 1, 3, 1, 1, 1, 1, 1, 3, 1, 1, 1, 1, 1, 3, 1, 1, 3, 1, 1, 1, 3, 1, 1, 1, 1, 1, 1, 1, 3, 1, 1, 1, 1, 3, 1, 1, 1, 1, 1]
11/27/2022 20:52:32:INFO: 预测标签: 
 [1, 1, 1, 1, 1, 1, 1, 1, 1, 1, 1, 1, 1, 1, 1, 1, 1, 1, 1, 1, 1, 1, 3, 1, 1, 1, 1, 1, 1, 1, 1, 1, 1, 1, 1, 1, 1, 1, 1, 1, 1, 1, 1, 1, 1, 1, 1, 1, 1, 1, 1, 1, 1, 1, 1, 1, 1, 1, 1, 1, 1, 1, 1, 1, 1, 1, 1, 1, 1, 1, 1, 1, 1, 1, 1, 1, 1, 1, 1, 1, 1, 1]
11/27/2022 20:52:32:INFO: ---------Evaluated Metrics----------
11/27/2022 20:52:32:INFO: Accuracy: 0.8170731707317073.
11/27/2022 20:52:32:INFO: Macro Precision: 0.2757201646090535.
11/27/2022 20:52:32:INFO: Macro Recall: 0.3284313725490196.
11/27/2022 20:52:32:INFO: Macro F1 score: 0.29977628635346754.
11/27/2022 20:52:32:INFO: ---------confusion_matrix----------
11/27/2022 20:52:32:INFO: 
[[67  0  1]
 [ 1  0  0]
 [13  0  0]]
11/27/2022 20:52:32:INFO: 模型效果验证详情: {'位置第一个显示标签': 48, '其他位置有情感标签': 0, '全句没有情感标签': 0}.
11/27/2022 20:52:32:INFO: ----------------------Evaluate finished.------------------------
11/27/2022 20:52:32:INFO: --------------Epoch. 4.---------------
11/27/2022 20:52:36:INFO: [Epoch. 4.]: 100%|| 47/47 [00:04<00:00, 10.03it/s, avg_loss=0.244]
11/27/2022 20:52:36:INFO: Epoch 4, average loss: 0.2441271112320271
11/27/2022 20:52:36:INFO: --------------Evaluate on Epoch. 4.---------------
11/27/2022 20:52:36:INFO: tensor([28996, 28997, 28998], device='cuda:0')
11/27/2022 20:52:36:INFO: **********Results Comparison**********
11/27/2022 20:52:36:INFO: 真实标签: 
 [3, 1, 1, 1, 1, 1, 3, 1, 3, 1, 1, 1, 1, 1, 1, 1, 1, 1, 1, 1, 1, 1, 1, 1, 3, 2, 1, 1, 1, 1, 3, 1, 1, 1, 1, 1, 1, 1, 3, 1, 1, 1, 1, 1, 3, 1, 1, 1, 1, 1, 3, 1, 1, 1, 1, 1, 3, 1, 1, 3, 1, 1, 1, 3, 1, 1, 1, 1, 1, 1, 1, 3, 1, 1, 1, 1, 3, 1, 1, 1, 1, 1]
11/27/2022 20:52:36:INFO: 预测标签: 
 [1, 1, 1, 1, 1, 1, 3, 1, 3, 1, 1, 1, 1, 1, 1, 1, 1, 1, 1, 1, 1, 1, 3, 3, 1, 1, 1, 1, 1, 1, 3, 3, 1, 1, 1, 1, 1, 1, 3, 1, 1, 1, 1, 1, 1, 1, 1, 1, 1, 1, 3, 1, 1, 1, 1, 1, 3, 1, 1, 1, 1, 3, 1, 1, 1, 1, 1, 1, 1, 1, 1, 3, 1, 1, 1, 1, 1, 1, 1, 1, 1, 1]
11/27/2022 20:52:36:INFO: ---------Evaluated Metrics----------
11/27/2022 20:52:36:INFO: Accuracy: 0.8658536585365854.
11/27/2022 20:52:36:INFO: Macro Precision: 0.5125906956892873.
11/27/2022 20:52:36:INFO: Macro Recall: 0.49321266968325794.
11/27/2022 20:52:36:INFO: Macro F1 score: 0.5013988808952838.
11/27/2022 20:52:36:INFO: ---------confusion_matrix----------
11/27/2022 20:52:36:INFO: 
[[64  0  4]
 [ 1  0  0]
 [ 6  0  7]]
11/27/2022 20:52:36:INFO: 模型效果验证详情: {'位置第一个显示标签': 54, '其他位置有情感标签': 0, '全句没有情感标签': 0}.
11/27/2022 20:52:36:INFO: ----------------------Evaluate finished.------------------------
11/27/2022 20:52:36:INFO: --------------Epoch. 5.---------------
11/27/2022 20:52:41:INFO: [Epoch. 5.]: 100%|| 47/47 [00:04<00:00,  9.97it/s, avg_loss=0.155]
11/27/2022 20:52:41:INFO: Epoch 5, average loss: 0.15458135497062764
11/27/2022 20:52:41:INFO: --------------Evaluate on Epoch. 5.---------------
11/27/2022 20:52:41:INFO: tensor([28996, 28997, 28998], device='cuda:0')
11/27/2022 20:52:41:INFO: **********Results Comparison**********
11/27/2022 20:52:41:INFO: 真实标签: 
 [3, 1, 1, 1, 1, 1, 3, 1, 3, 1, 1, 1, 1, 1, 1, 1, 1, 1, 1, 1, 1, 1, 1, 1, 3, 2, 1, 1, 1, 1, 3, 1, 1, 1, 1, 1, 1, 1, 3, 1, 1, 1, 1, 1, 3, 1, 1, 1, 1, 1, 3, 1, 1, 1, 1, 1, 3, 1, 1, 3, 1, 1, 1, 3, 1, 1, 1, 1, 1, 1, 1, 3, 1, 1, 1, 1, 3, 1, 1, 1, 1, 1]
11/27/2022 20:52:41:INFO: 预测标签: 
 [1, 1, 1, 1, 1, 1, 3, 1, 3, 1, 1, 1, 1, 1, 1, 1, 1, 1, 1, 1, 1, 1, 3, 3, 1, 3, 1, 1, 1, 1, 3, 3, 1, 1, 1, 1, 1, 1, 3, 1, 1, 1, 1, 1, 3, 1, 1, 1, 1, 1, 3, 1, 1, 1, 1, 1, 3, 1, 1, 1, 1, 3, 1, 1, 1, 1, 1, 1, 1, 1, 1, 3, 1, 1, 1, 1, 3, 3, 1, 1, 1, 1]
11/27/2022 20:52:41:INFO: ---------Evaluated Metrics----------
11/27/2022 20:52:41:INFO: Accuracy: 0.8780487804878049.
11/27/2022 20:52:41:INFO: Macro Precision: 0.5134328358208955.
11/27/2022 20:52:41:INFO: Macro Recall: 0.5395927601809954.
11/27/2022 20:52:41:INFO: Macro F1 score: 0.5253968253968254.
11/27/2022 20:52:41:INFO: ---------confusion_matrix----------
11/27/2022 20:52:41:INFO: 
[[63  0  5]
 [ 0  0  1]
 [ 4  0  9]]
11/27/2022 20:52:41:INFO: 模型效果验证详情: {'位置第一个显示标签': 57, '其他位置有情感标签': 0, '全句没有情感标签': 0}.
11/27/2022 20:52:41:INFO: ----------------------Evaluate finished.------------------------
11/27/2022 20:52:41:INFO: --------------Epoch. 6.---------------
11/27/2022 20:52:46:INFO: [Epoch. 6.]: 100%|| 47/47 [00:04<00:00,  9.93it/s, avg_loss=0.108]
11/27/2022 20:52:46:INFO: Epoch 6, average loss: 0.10795246999948582
11/27/2022 20:52:46:INFO: --------------Evaluate on Epoch. 6.---------------
11/27/2022 20:52:46:INFO: tensor([28996, 28997, 28998], device='cuda:0')
11/27/2022 20:52:46:INFO: **********Results Comparison**********
11/27/2022 20:52:46:INFO: 真实标签: 
 [3, 1, 1, 1, 1, 1, 3, 1, 3, 1, 1, 1, 1, 1, 1, 1, 1, 1, 1, 1, 1, 1, 1, 1, 3, 2, 1, 1, 1, 1, 3, 1, 1, 1, 1, 1, 1, 1, 3, 1, 1, 1, 1, 1, 3, 1, 1, 1, 1, 1, 3, 1, 1, 1, 1, 1, 3, 1, 1, 3, 1, 1, 1, 3, 1, 1, 1, 1, 1, 1, 1, 3, 1, 1, 1, 1, 3, 1, 1, 1, 1, 1]
11/27/2022 20:52:46:INFO: 预测标签: 
 [1, 1, 1, 1, 1, 1, 3, 1, 3, 1, 1, 1, 1, 1, 1, 1, 1, 1, 1, 1, 1, 1, 3, 3, 1, 3, 1, 1, 1, 1, 3, 3, 1, 1, 1, 1, 1, 1, 3, 1, 1, 1, 1, 1, 3, 1, 1, 1, 1, 1, 3, 1, 1, 1, 1, 1, 3, 1, 1, 1, 1, 3, 1, 1, 1, 1, 1, 1, 1, 1, 1, 3, 1, 1, 1, 1, 3, 3, 1, 1, 1, 1]
11/27/2022 20:52:46:INFO: ---------Evaluated Metrics----------
11/27/2022 20:52:46:INFO: Accuracy: 0.8780487804878049.
11/27/2022 20:52:46:INFO: Macro Precision: 0.5134328358208955.
11/27/2022 20:52:46:INFO: Macro Recall: 0.5395927601809954.
11/27/2022 20:52:46:INFO: Macro F1 score: 0.5253968253968254.
11/27/2022 20:52:46:INFO: ---------confusion_matrix----------
11/27/2022 20:52:46:INFO: 
[[63  0  5]
 [ 0  0  1]
 [ 4  0  9]]
11/27/2022 20:52:46:INFO: 模型效果验证详情: {'位置第一个显示标签': 51, '其他位置有情感标签': 0, '全句没有情感标签': 0}.
11/27/2022 20:52:46:INFO: ----------------------Evaluate finished.------------------------
11/27/2022 20:52:46:INFO: --------------Epoch. 7.---------------
11/27/2022 20:52:51:INFO: [Epoch. 7.]: 100%|| 47/47 [00:04<00:00,  9.86it/s, avg_loss=0.0844]
11/27/2022 20:52:51:INFO: Epoch 7, average loss: 0.08441467337468837
11/27/2022 20:52:51:INFO: --------------Evaluate on Epoch. 7.---------------
11/27/2022 20:52:51:INFO: tensor([28996, 28997, 28998], device='cuda:0')
11/27/2022 20:52:51:INFO: **********Results Comparison**********
11/27/2022 20:52:51:INFO: 真实标签: 
 [3, 1, 1, 1, 1, 1, 3, 1, 3, 1, 1, 1, 1, 1, 1, 1, 1, 1, 1, 1, 1, 1, 1, 1, 3, 2, 1, 1, 1, 1, 3, 1, 1, 1, 1, 1, 1, 1, 3, 1, 1, 1, 1, 1, 3, 1, 1, 1, 1, 1, 3, 1, 1, 1, 1, 1, 3, 1, 1, 3, 1, 1, 1, 3, 1, 1, 1, 1, 1, 1, 1, 3, 1, 1, 1, 1, 3, 1, 1, 1, 1, 1]
11/27/2022 20:52:51:INFO: 预测标签: 
 [1, 1, 1, 1, 1, 1, 3, 1, 3, 1, 1, 1, 1, 1, 1, 1, 1, 1, 1, 1, 1, 1, 3, 3, 1, 2, 1, 1, 1, 1, 3, 3, 1, 1, 1, 1, 1, 1, 3, 1, 1, 1, 1, 1, 3, 1, 1, 1, 1, 1, 3, 1, 1, 1, 1, 1, 3, 1, 1, 1, 1, 3, 1, 1, 1, 1, 1, 1, 1, 1, 1, 3, 1, 1, 1, 1, 1, 1, 1, 1, 1, 1]
11/27/2022 20:52:51:INFO: ---------Evaluated Metrics----------
11/27/2022 20:52:51:INFO: Accuracy: 0.8902439024390244.
11/27/2022 20:52:51:INFO: Macro Precision: 0.8647342995169082.
11/27/2022 20:52:51:INFO: Macro Recall: 0.8521870286576169.
11/27/2022 20:52:51:INFO: Macro F1 score: 0.858102189781022.
11/27/2022 20:52:51:INFO: ---------confusion_matrix----------
11/27/2022 20:52:51:INFO: 
[[64  0  4]
 [ 0  1  0]
 [ 5  0  8]]
11/27/2022 20:52:51:INFO: 模型效果验证详情: {'位置第一个显示标签': 54, '其他位置有情感标签': 0, '全句没有情感标签': 0}.
11/27/2022 20:52:51:INFO: ----------------------Evaluate finished.------------------------
11/27/2022 20:52:51:INFO: --------------Epoch. 8.---------------
11/27/2022 20:52:56:INFO: [Epoch. 8.]: 100%|| 47/47 [00:04<00:00,  9.87it/s, avg_loss=0.0679]
11/27/2022 20:52:56:INFO: Epoch 8, average loss: 0.06793130553783254
11/27/2022 20:52:56:INFO: --------------Evaluate on Epoch. 8.---------------
11/27/2022 20:52:56:INFO: tensor([28996, 28997, 28998], device='cuda:0')
11/27/2022 20:52:56:INFO: **********Results Comparison**********
11/27/2022 20:52:56:INFO: 真实标签: 
 [3, 1, 1, 1, 1, 1, 3, 1, 3, 1, 1, 1, 1, 1, 1, 1, 1, 1, 1, 1, 1, 1, 1, 1, 3, 2, 1, 1, 1, 1, 3, 1, 1, 1, 1, 1, 1, 1, 3, 1, 1, 1, 1, 1, 3, 1, 1, 1, 1, 1, 3, 1, 1, 1, 1, 1, 3, 1, 1, 3, 1, 1, 1, 3, 1, 1, 1, 1, 1, 1, 1, 3, 1, 1, 1, 1, 3, 1, 1, 1, 1, 1]
11/27/2022 20:52:56:INFO: 预测标签: 
 [1, 1, 1, 1, 1, 1, 3, 1, 3, 1, 1, 1, 1, 1, 1, 1, 1, 1, 1, 1, 1, 1, 3, 3, 1, 2, 1, 1, 1, 1, 3, 3, 1, 1, 1, 1, 1, 1, 3, 1, 1, 1, 1, 1, 3, 1, 1, 1, 1, 1, 3, 1, 1, 1, 1, 1, 3, 1, 1, 1, 3, 3, 1, 1, 1, 1, 1, 1, 1, 1, 1, 3, 1, 1, 1, 1, 1, 3, 1, 1, 1, 1]
11/27/2022 20:52:56:INFO: ---------Evaluated Metrics----------
11/27/2022 20:52:56:INFO: Accuracy: 0.8658536585365854.
11/27/2022 20:52:56:INFO: Macro Precision: 0.83226723525231.
11/27/2022 20:52:56:INFO: Macro Recall: 0.8423831070889894.
11/27/2022 20:52:56:INFO: Macro F1 score: 0.837037037037037.
11/27/2022 20:52:56:INFO: ---------confusion_matrix----------
11/27/2022 20:52:56:INFO: 
[[62  0  6]
 [ 0  1  0]
 [ 5  0  8]]
11/27/2022 20:52:56:INFO: 模型效果验证详情: {'位置第一个显示标签': 55, '其他位置有情感标签': 0, '全句没有情感标签': 0}.
11/27/2022 20:52:56:INFO: ----------------------Evaluate finished.------------------------
11/27/2022 20:52:56:INFO: --------------Epoch. 9.---------------
11/27/2022 20:53:01:INFO: [Epoch. 9.]: 100%|| 47/47 [00:04<00:00,  9.91it/s, avg_loss=0.0558]
11/27/2022 20:53:01:INFO: Epoch 9, average loss: 0.05579469376739035
11/27/2022 20:53:01:INFO: --------------Evaluate on Epoch. 9.---------------
11/27/2022 20:53:01:INFO: tensor([28996, 28997, 28998], device='cuda:0')
11/27/2022 20:53:01:INFO: **********Results Comparison**********
11/27/2022 20:53:01:INFO: 真实标签: 
 [3, 1, 1, 1, 1, 1, 3, 1, 3, 1, 1, 1, 1, 1, 1, 1, 1, 1, 1, 1, 1, 1, 1, 1, 3, 2, 1, 1, 1, 1, 3, 1, 1, 1, 1, 1, 1, 1, 3, 1, 1, 1, 1, 1, 3, 1, 1, 1, 1, 1, 3, 1, 1, 1, 1, 1, 3, 1, 1, 3, 1, 1, 1, 3, 1, 1, 1, 1, 1, 1, 1, 3, 1, 1, 1, 1, 3, 1, 1, 1, 1, 1]
11/27/2022 20:53:01:INFO: 预测标签: 
 [1, 1, 1, 1, 1, 1, 3, 1, 3, 1, 1, 1, 1, 1, 1, 1, 1, 1, 1, 1, 1, 1, 3, 3, 1, 2, 1, 1, 1, 1, 3, 3, 1, 1, 1, 1, 1, 1, 3, 1, 1, 1, 1, 1, 3, 1, 1, 1, 1, 1, 3, 1, 1, 1, 1, 1, 3, 1, 1, 1, 3, 3, 1, 1, 1, 1, 1, 1, 1, 1, 1, 3, 1, 1, 1, 1, 3, 3, 1, 1, 1, 1]
11/27/2022 20:53:01:INFO: ---------Evaluated Metrics----------
11/27/2022 20:53:01:INFO: Accuracy: 0.8780487804878049.
11/27/2022 20:53:01:INFO: Macro Precision: 0.8464646464646465.
11/27/2022 20:53:01:INFO: Macro Recall: 0.868024132730015.
11/27/2022 20:53:01:INFO: Macro F1 score: 0.8560767590618337.
11/27/2022 20:53:01:INFO: ---------confusion_matrix----------
11/27/2022 20:53:01:INFO: 
[[62  0  6]
 [ 0  1  0]
 [ 4  0  9]]
11/27/2022 20:53:01:INFO: 模型效果验证详情: {'位置第一个显示标签': 54, '其他位置有情感标签': 0, '全句没有情感标签': 0}.
11/27/2022 20:53:01:INFO: ----------------------Evaluate finished.------------------------
11/27/2022 20:53:01:INFO: --------------Epoch. 10.---------------
11/27/2022 20:53:06:INFO: [Epoch. 10.]: 100%|| 47/47 [00:04<00:00,  9.92it/s, avg_loss=0.0472]
11/27/2022 20:53:06:INFO: Epoch 10, average loss: 0.04715746240888504
11/27/2022 20:53:06:INFO: --------------Evaluate on Epoch. 10.---------------
11/27/2022 20:53:06:INFO: tensor([28996, 28997, 28998], device='cuda:0')
11/27/2022 20:53:06:INFO: **********Results Comparison**********
11/27/2022 20:53:06:INFO: 真实标签: 
 [3, 1, 1, 1, 1, 1, 3, 1, 3, 1, 1, 1, 1, 1, 1, 1, 1, 1, 1, 1, 1, 1, 1, 1, 3, 2, 1, 1, 1, 1, 3, 1, 1, 1, 1, 1, 1, 1, 3, 1, 1, 1, 1, 1, 3, 1, 1, 1, 1, 1, 3, 1, 1, 1, 1, 1, 3, 1, 1, 3, 1, 1, 1, 3, 1, 1, 1, 1, 1, 1, 1, 3, 1, 1, 1, 1, 3, 1, 1, 1, 1, 1]
11/27/2022 20:53:06:INFO: 预测标签: 
 [1, 1, 1, 1, 1, 1, 3, 1, 3, 1, 1, 1, 1, 1, 1, 1, 1, 1, 1, 1, 1, 1, 3, 3, 1, 2, 1, 1, 1, 1, 3, 3, 1, 1, 1, 1, 1, 1, 3, 1, 1, 1, 1, 1, 3, 1, 1, 1, 1, 3, 3, 1, 1, 1, 1, 1, 3, 1, 1, 1, 3, 3, 1, 1, 1, 1, 1, 1, 1, 1, 1, 3, 1, 1, 1, 1, 3, 3, 1, 1, 1, 1]
11/27/2022 20:53:06:INFO: ---------Evaluated Metrics----------
11/27/2022 20:53:06:INFO: Accuracy: 0.8658536585365854.
11/27/2022 20:53:06:INFO: Macro Precision: 0.8336538461538462.
11/27/2022 20:53:06:INFO: Macro Recall: 0.8631221719457013.
11/27/2022 20:53:06:INFO: Macro F1 score: 0.8459942960850402.
11/27/2022 20:53:06:INFO: ---------confusion_matrix----------
11/27/2022 20:53:06:INFO: 
[[61  0  7]
 [ 0  1  0]
 [ 4  0  9]]
11/27/2022 20:53:06:INFO: 模型效果验证详情: {'位置第一个显示标签': 55, '其他位置有情感标签': 0, '全句没有情感标签': 0}.
11/27/2022 20:53:06:INFO: ----------------------Evaluate finished.------------------------
11/27/2022 20:53:06:INFO: --------------Epoch. 11.---------------
11/27/2022 20:53:11:INFO: [Epoch. 11.]: 100%|| 47/47 [00:04<00:00,  9.95it/s, avg_loss=0.0406]
11/27/2022 20:53:11:INFO: Epoch 11, average loss: 0.0406363834329742
11/27/2022 20:53:11:INFO: --------------Evaluate on Epoch. 11.---------------
11/27/2022 20:53:11:INFO: tensor([28996, 28997, 28998], device='cuda:0')
11/27/2022 20:53:11:INFO: **********Results Comparison**********
11/27/2022 20:53:11:INFO: 真实标签: 
 [3, 1, 1, 1, 1, 1, 3, 1, 3, 1, 1, 1, 1, 1, 1, 1, 1, 1, 1, 1, 1, 1, 1, 1, 3, 2, 1, 1, 1, 1, 3, 1, 1, 1, 1, 1, 1, 1, 3, 1, 1, 1, 1, 1, 3, 1, 1, 1, 1, 1, 3, 1, 1, 1, 1, 1, 3, 1, 1, 3, 1, 1, 1, 3, 1, 1, 1, 1, 1, 1, 1, 3, 1, 1, 1, 1, 3, 1, 1, 1, 1, 1]
11/27/2022 20:53:11:INFO: 预测标签: 
 [1, 1, 1, 1, 1, 1, 3, 1, 3, 1, 1, 1, 1, 1, 1, 1, 1, 1, 1, 1, 1, 1, 3, 3, 1, 2, 1, 1, 1, 1, 3, 3, 1, 1, 1, 1, 1, 1, 3, 1, 1, 1, 1, 1, 3, 1, 1, 1, 1, 3, 3, 1, 1, 1, 1, 1, 3, 1, 1, 1, 3, 3, 1, 1, 1, 1, 1, 1, 1, 1, 1, 3, 1, 1, 1, 1, 3, 3, 1, 1, 1, 1]
11/27/2022 20:53:11:INFO: ---------Evaluated Metrics----------
11/27/2022 20:53:11:INFO: Accuracy: 0.8658536585365854.
11/27/2022 20:53:11:INFO: Macro Precision: 0.8336538461538462.
11/27/2022 20:53:11:INFO: Macro Recall: 0.8631221719457013.
11/27/2022 20:53:11:INFO: Macro F1 score: 0.8459942960850402.
11/27/2022 20:53:11:INFO: ---------confusion_matrix----------
11/27/2022 20:53:11:INFO: 
[[61  0  7]
 [ 0  1  0]
 [ 4  0  9]]
11/27/2022 20:53:11:INFO: 模型效果验证详情: {'位置第一个显示标签': 54, '其他位置有情感标签': 0, '全句没有情感标签': 0}.
11/27/2022 20:53:11:INFO: ----------------------Evaluate finished.------------------------
11/27/2022 20:53:11:INFO: --------------Epoch. 12.---------------
11/27/2022 20:53:16:INFO: [Epoch. 12.]: 100%|| 47/47 [00:04<00:00,  9.90it/s, avg_loss=0.0381]
11/27/2022 20:53:16:INFO: Epoch 12, average loss: 0.03813029159890845
11/27/2022 20:53:16:INFO: --------------Evaluate on Epoch. 12.---------------
11/27/2022 20:53:16:INFO: tensor([28996, 28997, 28998], device='cuda:0')
11/27/2022 20:53:16:INFO: **********Results Comparison**********
11/27/2022 20:53:16:INFO: 真实标签: 
 [3, 1, 1, 1, 1, 1, 3, 1, 3, 1, 1, 1, 1, 1, 1, 1, 1, 1, 1, 1, 1, 1, 1, 1, 3, 2, 1, 1, 1, 1, 3, 1, 1, 1, 1, 1, 1, 1, 3, 1, 1, 1, 1, 1, 3, 1, 1, 1, 1, 1, 3, 1, 1, 1, 1, 1, 3, 1, 1, 3, 1, 1, 1, 3, 1, 1, 1, 1, 1, 1, 1, 3, 1, 1, 1, 1, 3, 1, 1, 1, 1, 1]
11/27/2022 20:53:16:INFO: 预测标签: 
 [1, 1, 1, 1, 1, 1, 3, 1, 3, 1, 1, 1, 1, 1, 1, 1, 1, 1, 1, 1, 1, 1, 3, 3, 1, 2, 1, 1, 1, 1, 3, 3, 1, 1, 1, 1, 1, 1, 3, 1, 1, 1, 1, 1, 3, 1, 1, 1, 1, 3, 3, 1, 1, 1, 1, 1, 3, 1, 1, 1, 3, 3, 1, 1, 1, 1, 1, 1, 1, 1, 1, 3, 1, 1, 1, 1, 1, 1, 1, 1, 1, 1]
11/27/2022 20:53:16:INFO: ---------Evaluated Metrics----------
11/27/2022 20:53:16:INFO: Accuracy: 0.8658536585365854.
11/27/2022 20:53:16:INFO: Macro Precision: 0.83226723525231.
11/27/2022 20:53:16:INFO: Macro Recall: 0.8423831070889894.
11/27/2022 20:53:16:INFO: Macro F1 score: 0.837037037037037.
11/27/2022 20:53:16:INFO: ---------confusion_matrix----------
11/27/2022 20:53:16:INFO: 
[[62  0  6]
 [ 0  1  0]
 [ 5  0  8]]
11/27/2022 20:53:16:INFO: 模型效果验证详情: {'位置第一个显示标签': 58, '其他位置有情感标签': 0, '全句没有情感标签': 0}.
11/27/2022 20:53:16:INFO: ----------------------Evaluate finished.------------------------
11/27/2022 20:53:16:INFO: --------------Epoch. 13.---------------
11/27/2022 20:53:20:INFO: [Epoch. 13.]: 100%|| 47/47 [00:04<00:00,  9.90it/s, avg_loss=0.0337]
11/27/2022 20:53:20:INFO: Epoch 13, average loss: 0.03371360695901069
11/27/2022 20:53:20:INFO: --------------Evaluate on Epoch. 13.---------------
11/27/2022 20:53:20:INFO: tensor([28996, 28997, 28998], device='cuda:0')
11/27/2022 20:53:21:INFO: **********Results Comparison**********
11/27/2022 20:53:21:INFO: 真实标签: 
 [3, 1, 1, 1, 1, 1, 3, 1, 3, 1, 1, 1, 1, 1, 1, 1, 1, 1, 1, 1, 1, 1, 1, 1, 3, 2, 1, 1, 1, 1, 3, 1, 1, 1, 1, 1, 1, 1, 3, 1, 1, 1, 1, 1, 3, 1, 1, 1, 1, 1, 3, 1, 1, 1, 1, 1, 3, 1, 1, 3, 1, 1, 1, 3, 1, 1, 1, 1, 1, 1, 1, 3, 1, 1, 1, 1, 3, 1, 1, 1, 1, 1]
11/27/2022 20:53:21:INFO: 预测标签: 
 [1, 1, 1, 1, 1, 1, 3, 1, 3, 1, 1, 1, 1, 1, 1, 1, 1, 1, 1, 1, 1, 1, 3, 3, 1, 2, 1, 1, 1, 1, 3, 3, 1, 1, 1, 1, 1, 1, 3, 1, 1, 1, 1, 1, 3, 1, 1, 1, 1, 3, 3, 1, 1, 1, 1, 1, 3, 1, 1, 1, 3, 3, 1, 1, 1, 1, 1, 1, 1, 1, 1, 3, 1, 1, 1, 1, 3, 3, 1, 1, 1, 1]
11/27/2022 20:53:21:INFO: ---------Evaluated Metrics----------
11/27/2022 20:53:21:INFO: Accuracy: 0.8658536585365854.
11/27/2022 20:53:21:INFO: Macro Precision: 0.8336538461538462.
11/27/2022 20:53:21:INFO: Macro Recall: 0.8631221719457013.
11/27/2022 20:53:21:INFO: Macro F1 score: 0.8459942960850402.
11/27/2022 20:53:21:INFO: ---------confusion_matrix----------
11/27/2022 20:53:21:INFO: 
[[61  0  7]
 [ 0  1  0]
 [ 4  0  9]]
11/27/2022 20:53:21:INFO: 模型效果验证详情: {'位置第一个显示标签': 59, '其他位置有情感标签': 0, '全句没有情感标签': 0}.
11/27/2022 20:53:21:INFO: ----------------------Evaluate finished.------------------------
11/27/2022 20:53:21:INFO: Based on [8.th Epoch] best_accuracy: 0.8902439024390244.
11/27/2022 20:53:21:INFO: latest 5 epochs not seen performance increased, early stop.
11/27/2022 20:53:21:INFO: ********** Best Results on Dev Dataset **********
11/27/2022 20:53:21:INFO: Best Accuracy: 0.8902439024390244.
11/27/2022 20:53:21:INFO: Best Macro Precision: 0.8647342995169082.
11/27/2022 20:53:21:INFO: Best Macro Recall: 0.8521870286576169.
11/27/2022 20:53:21:INFO: Best Macro F1 score: 0.858102189781022.
11/27/2022 20:53:21:INFO: ***** Training Over *****
11/27/2022 20:53:21:INFO: --------------Testing ...---------------
11/27/2022 20:53:21:INFO: tensor([28996, 28997, 28998], device='cuda:0')
11/27/2022 20:53:21:INFO: **********Results Comparison**********
11/27/2022 20:53:21:INFO: 真实标签: 
 [1, 1, 1, 1, 3, 3, 1, 1, 1, 1, 1, 1, 1, 1, 1, 3, 1, 1, 1, 1, 1, 3, 3, 1, 1, 1, 2, 1, 1, 1, 1, 1, 1, 1, 1, 1, 1, 1, 1, 2, 2, 3, 3, 1, 1, 1, 1, 1, 1, 3, 3, 3, 1, 2, 3, 3, 3, 3, 3, 1, 3, 1, 1, 1, 1, 1, 1, 1, 1, 1, 3, 3, 3, 3, 3, 3, 1, 1, 1, 1, 1, 1, 1, 3, 2, 1, 1, 1, 1, 1, 1, 1, 1, 1, 1, 1, 3, 3, 1, 1, 1, 1, 1, 1, 1, 1, 1, 1, 1, 1, 1, 1, 1, 1, 1, 1, 3, 2, 3, 3, 3, 3, 1, 3, 1, 1, 1, 3, 2, 1, 1, 1, 1, 2, 1, 3, 1, 1, 1, 1, 1, 1, 1, 1, 1, 1, 1, 1, 1, 1, 1, 1, 3, 1, 3, 1, 3, 3, 1, 3, 1, 1, 1, 1, 1, 1, 1, 1, 1, 1, 1, 1, 3, 1, 1, 3, 1, 1, 1, 1, 3, 3, 3, 3, 3, 1, 1, 1, 1, 1, 1, 1, 1, 3, 1, 3, 1, 1, 3, 1, 1, 1, 1, 1, 1, 1, 1, 1, 3, 1, 1, 2, 1, 2, 1, 3, 3, 2, 1, 2, 3, 3, 3, 3, 3, 2, 1, 1, 3, 3, 3, 3, 3, 3, 3, 3, 3, 2, 3, 3, 1, 2, 3, 1, 1, 1, 1, 3, 1, 1, 2, 1, 3, 1, 1, 3, 1, 1, 3, 3, 3, 3, 3, 1, 1, 1, 1, 2, 3, 3, 3, 3, 2, 3, 3, 1, 1, 1, 1, 2, 1, 1, 1, 1, 1, 1, 1, 1, 1, 1, 2, 1, 1, 1, 1, 3, 3, 1, 2, 1, 1, 1, 1, 2, 1, 1, 1, 1, 3, 3, 3, 3, 3, 1, 1, 1, 1, 1, 1, 2, 1, 1, 3, 1, 1, 1, 3, 3, 3, 3, 3, 3, 3, 3, 1, 3, 1, 1, 1, 3, 1, 3, 3, 1, 2, 3, 1, 1, 1, 1, 3, 1, 1, 1, 3, 3, 3, 3, 3, 3, 1, 1, 3, 3, 1, 1, 1, 1, 1, 1, 1, 1, 1, 1, 1, 1, 3, 3, 3, 3, 3, 2, 3, 3, 3, 1, 3, 3, 3, 3, 3, 3, 1, 1, 1, 3, 3, 3, 3, 3]
11/27/2022 20:53:21:INFO: 预测标签: 
 [1, 1, 1, 1, 3, 3, 1, 1, 1, 1, 1, 1, 1, 1, 1, 1, 1, 1, 1, 1, 3, 1, 3, 1, 3, 1, 1, 1, 1, 1, 1, 2, 1, 1, 1, 3, 1, 1, 1, 1, 1, 3, 3, 1, 1, 1, 1, 1, 3, 1, 3, 1, 1, 3, 1, 3, 3, 1, 2, 1, 3, 1, 1, 1, 1, 3, 1, 1, 1, 1, 1, 3, 3, 3, 3, 3, 1, 1, 1, 1, 1, 1, 1, 2, 2, 1, 1, 1, 1, 1, 1, 1, 1, 1, 1, 1, 3, 3, 1, 1, 1, 1, 1, 1, 1, 1, 1, 1, 1, 1, 1, 1, 1, 1, 2, 1, 1, 1, 1, 3, 3, 3, 1, 3, 1, 1, 1, 3, 1, 1, 1, 1, 1, 1, 1, 3, 1, 1, 2, 1, 1, 1, 1, 1, 1, 1, 1, 1, 1, 2, 1, 1, 1, 1, 3, 1, 1, 1, 3, 3, 1, 1, 1, 1, 1, 1, 1, 1, 1, 1, 1, 1, 1, 1, 1, 1, 3, 1, 1, 1, 3, 3, 3, 3, 1, 1, 1, 3, 1, 1, 1, 1, 1, 3, 1, 1, 1, 1, 3, 1, 1, 1, 1, 1, 1, 1, 1, 1, 1, 1, 1, 1, 1, 1, 1, 3, 3, 1, 1, 1, 3, 3, 3, 1, 1, 3, 1, 1, 3, 3, 3, 3, 3, 1, 1, 3, 3, 1, 3, 3, 1, 1, 1, 1, 1, 1, 1, 2, 1, 1, 3, 3, 1, 1, 1, 1, 1, 1, 3, 3, 3, 3, 3, 1, 1, 1, 1, 1, 1, 3, 3, 1, 1, 3, 3, 1, 1, 1, 1, 1, 1, 1, 1, 1, 1, 1, 1, 1, 1, 1, 1, 1, 1, 1, 1, 3, 3, 1, 1, 1, 1, 1, 1, 1, 1, 1, 1, 1, 3, 1, 3, 3, 3, 1, 1, 1, 1, 1, 1, 3, 3, 1, 3, 1, 1, 1, 3, 3, 3, 1, 1, 3, 1, 3, 3, 1, 1, 1, 1, 3, 1, 1, 1, 1, 1, 1, 1, 1, 1, 1, 3, 1, 1, 1, 3, 1, 3, 1, 1, 1, 1, 1, 3, 3, 1, 1, 1, 1, 1, 1, 1, 1, 1, 1, 1, 1, 3, 3, 3, 3, 3, 1, 3, 1, 3, 3, 3, 3, 3, 3, 3, 3, 1, 1, 1, 1, 1, 1, 3, 1]
11/27/2022 20:53:21:INFO: ---------Evaluated Metrics----------
11/27/2022 20:53:21:INFO: Accuracy: 0.785.
11/27/2022 20:53:21:INFO: Macro Precision: 0.5833631043516723.
11/27/2022 20:53:21:INFO: Macro Recall: 0.5410937304467526.
11/27/2022 20:53:21:INFO: Macro F1 score: 0.5485670432979489.
11/27/2022 20:53:21:INFO: ---------confusion_matrix----------
11/27/2022 20:53:21:INFO: 
[[228   4  12]
 [ 20   1   4]
 [ 43   3  85]]
11/27/2022 20:53:21:INFO: 模型效果验证详情: {'位置第一个显示标签': 285, '其他位置有情感标签': 0, '全句没有情感标签': 0}.
11/27/2022 20:53:21:INFO: ----------------------Testing finished.------------------------
11/27/2022 20:53:21:INFO: bengio.
