02/23/2023 13:05:37:INFO: start.
02/23/2023 13:05:37:INFO: --------hyper-arguments for this training.--------
02/23/2023 13:05:37:INFO: Namespace(answer_strategy='inter_logits_core_token', batch_size=2, dataset='lap14', eval_pre_epochs=1, few_shot=20, learning_rate=1e-05, log_file=None, model_type='WT2ABSA_Mean', patience=5, pre_trained_model='pretrainedmodels/bert-base-cased', save_best_model=False, seed=985, total_epochs=20)
02/23/2023 13:05:37:INFO: ----------dataset files------------
02/23/2023 13:05:37:INFO: {'train': '../WordTrans2ABSA/dataset/lap14/train.json', 'dev': '../WordTrans2ABSA/dataset/lap14/dev.json', 'test': '../WordTrans2ABSA/dataset/lap14/test.json'}
02/23/2023 13:05:40:WARNING: Using custom data configuration default-36681205633e2245
02/23/2023 13:05:40:WARNING: Reusing dataset json (C:\Users\Super-IdoI\.cache\huggingface\datasets\json\default-36681205633e2245\0.0.0\45636811569ec4a6630521c18235dfbbab83b7ab572e3393c5ba68ccabe98264)
02/23/2023 13:05:40:INFO: -----------------------------------
02/23/2023 13:05:40:INFO: {'I-POS': ['good', 'clever', 'excellent', 'effectual', 'beautiful', 'nice', 'useful', 'well', 'fantastic'], 'I-NEU': ['Michael', 'John', 'David', 'Thomas', 'Martin', 'Paul'], 'I-NEG': ['bad', 'terrible', 'awful', 'badly', 'terrible', 'poor', 'unfortunate', 'harmful', 'dirty', 'sorry']}
02/23/2023 13:05:40:INFO: -----------------------------------
02/23/2023 13:05:40:INFO: {'O': 0, 'I-POS': 1, 'I-NEU': 2, 'I-NEG': 3}
02/23/2023 13:05:40:INFO: {0: 'O', 1: 'I-POS', 2: 'I-NEU', 3: 'I-NEG'}
02/23/2023 13:05:42:INFO: -----------------------------------
02/23/2023 13:05:42:INFO: {'I-POS': 28996, 'I-NEU': 28997, 'I-NEG': 28998}
02/23/2023 13:05:42:INFO: {28996: 'I-POS', 28997: 'I-NEU', 28998: 'I-NEG'}
02/23/2023 13:05:42:INFO: start preprocess dataset.
02/23/2023 13:05:42:INFO: dataset preprocess finished.
02/23/2023 13:05:42:INFO: Train: 60, Dev: 150, Test: 409.
02/23/2023 13:05:42:INFO: dataloader prepare finished.
02/23/2023 13:05:42:INFO: ***** Start Training *****
02/23/2023 13:05:42:INFO: Total Epochs: 20
02/23/2023 13:05:42:INFO: validate on per-1 epochs.
02/23/2023 13:05:42:INFO: Training Samples Count: 60.
02/23/2023 13:05:42:INFO: Batch Size: 2, 每轮 30 Batch.
02/23/2023 13:05:42:INFO: Learning Rate: 1e-05
02/23/2023 13:05:42:INFO: --------------Epoch. 1.---------------
02/23/2023 13:05:45:INFO: [Epoch. 1.]: 100%|| 30/30 [00:02<00:00, 14.51it/s, avg_loss=1.67]
02/23/2023 13:05:45:INFO: Epoch 1, average loss: 1.6681018730004629
02/23/2023 13:05:45:INFO: --------------Evaluate on Epoch. 1.---------------
02/23/2023 13:05:45:INFO: tensor([28996, 28997, 28998], device='cuda:0')
02/23/2023 13:05:45:INFO: **********Results Comparison**********
02/23/2023 13:05:45:INFO: 真实标签: 
 [2, 1, 1, 1, 2, 1, 1, 2, 3, 1, 3, 1, 1, 3, 3, 3, 3, 3, 3, 2, 1, 1, 2, 3, 3, 1, 1, 3, 1, 1, 1, 3, 1, 1, 1, 3, 3, 1, 1, 1, 3, 3, 3, 3, 2, 2, 2, 3, 3, 1, 3, 1, 2, 1, 2, 1, 1, 1, 3, 1, 3, 3, 1, 1, 3, 1, 1, 3, 1, 1, 3, 2, 3, 3, 2, 3, 1, 3, 1, 1, 3, 1, 3, 1, 1, 1, 1, 1, 1, 1, 2, 3, 1, 3, 2, 1, 3, 3, 1, 1, 2, 3, 3, 2, 3, 3, 1, 3, 3, 2, 2, 2, 1, 2, 1, 3, 3, 1, 1, 3, 2, 1, 3, 2, 3, 1, 3, 3, 1, 1, 3, 2, 1, 1, 3, 1, 1, 3, 1, 3, 1, 3, 3, 3, 2, 1, 1, 3, 2, 1]
02/23/2023 13:05:45:INFO: 预测标签: 
 [2, 2, 3, 3, 2, 1, 2, 1, 3, 1, 2, 1, 1, 1, 1, 1, 2, 3, 1, 3, 2, 2, 3, 3, 1, 1, 2, 3, 2, 1, 1, 3, 2, 1, 1, 2, 3, 2, 1, 1, 2, 2, 2, 2, 1, 1, 1, 2, 1, 2, 2, 2, 3, 2, 3, 1, 1, 1, 2, 2, 3, 3, 2, 1, 3, 1, 1, 3, 2, 3, 2, 2, 3, 3, 2, 2, 3, 3, 1, 2, 1, 1, 1, 1, 1, 2, 1, 1, 1, 1, 3, 3, 1, 3, 2, 1, 3, 2, 2, 1, 1, 3, 2, 1, 3, 2, 2, 2, 3, 3, 1, 2, 1, 1, 1, 3, 2, 1, 1, 2, 3, 2, 2, 2, 2, 2, 2, 2, 1, 1, 2, 3, 1, 2, 2, 1, 1, 3, 1, 2, 3, 2, 1, 2, 3, 2, 1, 2, 2, 3]
02/23/2023 13:05:45:INFO: ---------Evaluated Metrics----------
02/23/2023 13:05:45:INFO: Accuracy: 0.4533333333333333.
02/23/2023 13:05:45:INFO: Macro Precision: 0.4725643130815545.
02/23/2023 13:05:45:INFO: Macro Recall: 0.4213861725853491.
02/23/2023 13:05:45:INFO: Macro F1 score: 0.424575312146354.
02/23/2023 13:05:45:INFO: ---------confusion_matrix----------
02/23/2023 13:05:45:INFO: 
[[39 22  6]
 [ 8  8  9]
 [ 9 28 21]]
02/23/2023 13:05:45:INFO: 模型效果验证详情: {'位置第一个显示标签': 0, '其他位置有情感标签': 0, '全句没有情感标签': 0}.
02/23/2023 13:05:45:INFO: ----------------------Evaluate finished.------------------------
02/23/2023 13:05:45:INFO: --------------Epoch. 2.---------------
02/23/2023 13:05:47:INFO: [Epoch. 2.]: 100%|| 30/30 [00:02<00:00, 14.61it/s, avg_loss=0.864]
02/23/2023 13:05:47:INFO: Epoch 2, average loss: 0.8639199833075205
02/23/2023 13:05:47:INFO: --------------Evaluate on Epoch. 2.---------------
02/23/2023 13:05:47:INFO: tensor([28996, 28997, 28998], device='cuda:0')
02/23/2023 13:05:48:INFO: **********Results Comparison**********
02/23/2023 13:05:48:INFO: 真实标签: 
 [2, 1, 1, 1, 2, 1, 1, 2, 3, 1, 3, 1, 1, 3, 3, 3, 3, 3, 3, 2, 1, 1, 2, 3, 3, 1, 1, 3, 1, 1, 1, 3, 1, 1, 1, 3, 3, 1, 1, 1, 3, 3, 3, 3, 2, 2, 2, 3, 3, 1, 3, 1, 2, 1, 2, 1, 1, 1, 3, 1, 3, 3, 1, 1, 3, 1, 1, 3, 1, 1, 3, 2, 3, 3, 2, 3, 1, 3, 1, 1, 3, 1, 3, 1, 1, 1, 1, 1, 1, 1, 2, 3, 1, 3, 2, 1, 3, 3, 1, 1, 2, 3, 3, 2, 3, 3, 1, 3, 3, 2, 2, 2, 1, 2, 1, 3, 3, 1, 1, 3, 2, 1, 3, 2, 3, 1, 3, 3, 1, 1, 3, 2, 1, 1, 3, 1, 1, 3, 1, 3, 1, 3, 3, 3, 2, 1, 1, 3, 2, 1]
02/23/2023 13:05:48:INFO: 预测标签: 
 [2, 2, 3, 3, 2, 1, 2, 2, 3, 2, 2, 3, 2, 2, 2, 3, 2, 3, 3, 3, 2, 2, 3, 3, 3, 2, 2, 3, 2, 2, 2, 3, 2, 2, 1, 2, 3, 2, 1, 1, 2, 2, 2, 2, 2, 2, 2, 2, 3, 2, 2, 2, 3, 2, 3, 3, 2, 3, 2, 2, 3, 3, 2, 3, 3, 3, 1, 3, 2, 3, 2, 2, 3, 3, 2, 2, 3, 3, 3, 2, 2, 1, 3, 1, 2, 2, 3, 2, 1, 2, 3, 2, 2, 3, 2, 1, 3, 2, 2, 2, 2, 3, 2, 2, 3, 2, 2, 2, 2, 3, 2, 2, 1, 3, 1, 3, 2, 2, 2, 2, 3, 2, 2, 2, 2, 2, 2, 2, 2, 2, 2, 3, 3, 2, 2, 2, 2, 3, 1, 2, 3, 2, 3, 2, 3, 2, 1, 2, 2, 3]
02/23/2023 13:05:48:INFO: ---------Evaluated Metrics----------
02/23/2023 13:05:48:INFO: Accuracy: 0.35333333333333333.
02/23/2023 13:05:48:INFO: Macro Precision: 0.5602195423623995.
02/23/2023 13:05:48:INFO: Macro Recall: 0.40835477783496305.
02/23/2023 13:05:48:INFO: Macro F1 score: 0.35259214842996167.
02/23/2023 13:05:48:INFO: ---------confusion_matrix----------
02/23/2023 13:05:48:INFO: 
[[13 40 14]
 [ 0 15 10]
 [ 0 33 25]]
02/23/2023 13:05:48:INFO: 模型效果验证详情: {'位置第一个显示标签': 0, '其他位置有情感标签': 0, '全句没有情感标签': 0}.
02/23/2023 13:05:48:INFO: ----------------------Evaluate finished.------------------------
02/23/2023 13:05:48:INFO: --------------Epoch. 3.---------------
02/23/2023 13:05:50:INFO: [Epoch. 3.]: 100%|| 30/30 [00:01<00:00, 16.17it/s, avg_loss=0.55]
02/23/2023 13:05:50:INFO: Epoch 3, average loss: 0.549859797457854
02/23/2023 13:05:50:INFO: --------------Evaluate on Epoch. 3.---------------
02/23/2023 13:05:50:INFO: tensor([28996, 28997, 28998], device='cuda:0')
02/23/2023 13:05:51:INFO: **********Results Comparison**********
02/23/2023 13:05:51:INFO: 真实标签: 
 [2, 1, 1, 1, 2, 1, 1, 2, 3, 1, 3, 1, 1, 3, 3, 3, 3, 3, 3, 2, 1, 1, 2, 3, 3, 1, 1, 3, 1, 1, 1, 3, 1, 1, 1, 3, 3, 1, 1, 1, 3, 3, 3, 3, 2, 2, 2, 3, 3, 1, 3, 1, 2, 1, 2, 1, 1, 1, 3, 1, 3, 3, 1, 1, 3, 1, 1, 3, 1, 1, 3, 2, 3, 3, 2, 3, 1, 3, 1, 1, 3, 1, 3, 1, 1, 1, 1, 1, 1, 1, 2, 3, 1, 3, 2, 1, 3, 3, 1, 1, 2, 3, 3, 2, 3, 3, 1, 3, 3, 2, 2, 2, 1, 2, 1, 3, 3, 1, 1, 3, 2, 1, 3, 2, 3, 1, 3, 3, 1, 1, 3, 2, 1, 1, 3, 1, 1, 3, 1, 3, 1, 3, 3, 3, 2, 1, 1, 3, 2, 1]
02/23/2023 13:05:51:INFO: 预测标签: 
 [2, 2, 3, 3, 2, 1, 2, 3, 3, 1, 3, 3, 1, 1, 2, 3, 2, 3, 3, 3, 2, 2, 3, 3, 3, 1, 2, 3, 2, 2, 1, 3, 2, 2, 1, 2, 3, 2, 1, 1, 2, 2, 2, 2, 2, 2, 1, 2, 3, 2, 2, 2, 3, 2, 3, 1, 1, 3, 2, 2, 3, 3, 2, 3, 3, 3, 1, 3, 2, 3, 2, 2, 3, 3, 2, 2, 3, 3, 1, 2, 2, 1, 3, 1, 1, 2, 1, 2, 1, 1, 3, 3, 1, 3, 2, 1, 3, 2, 2, 2, 1, 3, 2, 2, 3, 2, 2, 2, 2, 3, 2, 2, 1, 3, 1, 3, 2, 2, 1, 2, 3, 2, 3, 3, 2, 2, 3, 2, 2, 1, 2, 3, 1, 2, 2, 1, 1, 3, 1, 2, 3, 3, 3, 3, 3, 2, 1, 2, 2, 3]
02/23/2023 13:05:51:INFO: ---------Evaluated Metrics----------
02/23/2023 13:05:51:INFO: Accuracy: 0.47333333333333333.
02/23/2023 13:05:51:INFO: Macro Precision: 0.5534621432027093.
02/23/2023 13:05:51:INFO: Macro Recall: 0.46910619317207064.
02/23/2023 13:05:51:INFO: Macro F1 score: 0.4629538629538629.
02/23/2023 13:05:51:INFO: ---------confusion_matrix----------
02/23/2023 13:05:51:INFO: 
[[29 28 10]
 [ 2 11 12]
 [ 1 26 31]]
02/23/2023 13:05:51:INFO: 模型效果验证详情: {'位置第一个显示标签': 0, '其他位置有情感标签': 0, '全句没有情感标签': 0}.
02/23/2023 13:05:51:INFO: ----------------------Evaluate finished.------------------------
02/23/2023 13:05:51:INFO: --------------Epoch. 4.---------------
02/23/2023 13:05:53:INFO: [Epoch. 4.]: 100%|| 30/30 [00:01<00:00, 16.24it/s, avg_loss=0.37]
02/23/2023 13:05:53:INFO: Epoch 4, average loss: 0.36976700921853384
02/23/2023 13:05:53:INFO: --------------Evaluate on Epoch. 4.---------------
02/23/2023 13:05:53:INFO: tensor([28996, 28997, 28998], device='cuda:0')
02/23/2023 13:05:53:INFO: **********Results Comparison**********
02/23/2023 13:05:53:INFO: 真实标签: 
 [2, 1, 1, 1, 2, 1, 1, 2, 3, 1, 3, 1, 1, 3, 3, 3, 3, 3, 3, 2, 1, 1, 2, 3, 3, 1, 1, 3, 1, 1, 1, 3, 1, 1, 1, 3, 3, 1, 1, 1, 3, 3, 3, 3, 2, 2, 2, 3, 3, 1, 3, 1, 2, 1, 2, 1, 1, 1, 3, 1, 3, 3, 1, 1, 3, 1, 1, 3, 1, 1, 3, 2, 3, 3, 2, 3, 1, 3, 1, 1, 3, 1, 3, 1, 1, 1, 1, 1, 1, 1, 2, 3, 1, 3, 2, 1, 3, 3, 1, 1, 2, 3, 3, 2, 3, 3, 1, 3, 3, 2, 2, 2, 1, 2, 1, 3, 3, 1, 1, 3, 2, 1, 3, 2, 3, 1, 3, 3, 1, 1, 3, 2, 1, 1, 3, 1, 1, 3, 1, 3, 1, 3, 3, 3, 2, 1, 1, 3, 2, 1]
02/23/2023 13:05:53:INFO: 预测标签: 
 [2, 2, 3, 3, 2, 1, 2, 3, 3, 1, 3, 3, 1, 1, 2, 3, 2, 3, 3, 3, 2, 2, 3, 3, 3, 1, 2, 3, 2, 2, 1, 2, 2, 2, 1, 2, 3, 2, 1, 1, 2, 2, 2, 2, 2, 3, 2, 2, 3, 2, 3, 2, 3, 2, 3, 1, 1, 3, 2, 2, 3, 3, 2, 3, 3, 3, 1, 3, 2, 3, 2, 2, 3, 3, 2, 2, 3, 3, 1, 2, 2, 1, 3, 1, 1, 2, 1, 2, 1, 1, 3, 3, 1, 3, 2, 1, 3, 2, 2, 2, 1, 3, 2, 2, 3, 2, 2, 2, 2, 3, 1, 2, 1, 3, 1, 3, 3, 2, 1, 2, 3, 2, 2, 3, 2, 2, 3, 2, 2, 1, 2, 3, 1, 1, 2, 1, 1, 3, 1, 2, 3, 3, 3, 3, 3, 2, 1, 2, 2, 3]
02/23/2023 13:05:53:INFO: ---------Evaluated Metrics----------
02/23/2023 13:05:53:INFO: Accuracy: 0.47333333333333333.
02/23/2023 13:05:53:INFO: Macro Precision: 0.5472983806317139.
02/23/2023 13:05:53:INFO: Macro Recall: 0.4607479842168469.
02/23/2023 13:05:53:INFO: Macro F1 score: 0.46028138528138524.
02/23/2023 13:05:53:INFO: ---------confusion_matrix----------
02/23/2023 13:05:53:INFO: 
[[30 27 10]
 [ 2 10 13]
 [ 1 26 31]]
02/23/2023 13:05:53:INFO: 模型效果验证详情: {'位置第一个显示标签': 0, '其他位置有情感标签': 0, '全句没有情感标签': 0}.
02/23/2023 13:05:53:INFO: ----------------------Evaluate finished.------------------------
02/23/2023 13:05:53:INFO: --------------Epoch. 5.---------------
02/23/2023 13:05:55:INFO: [Epoch. 5.]: 100%|| 30/30 [00:01<00:00, 16.29it/s, avg_loss=0.269]
02/23/2023 13:05:55:INFO: Epoch 5, average loss: 0.2689674923817317
02/23/2023 13:05:55:INFO: --------------Evaluate on Epoch. 5.---------------
02/23/2023 13:05:55:INFO: tensor([28996, 28997, 28998], device='cuda:0')
02/23/2023 13:05:56:INFO: **********Results Comparison**********
02/23/2023 13:05:56:INFO: 真实标签: 
 [2, 1, 1, 1, 2, 1, 1, 2, 3, 1, 3, 1, 1, 3, 3, 3, 3, 3, 3, 2, 1, 1, 2, 3, 3, 1, 1, 3, 1, 1, 1, 3, 1, 1, 1, 3, 3, 1, 1, 1, 3, 3, 3, 3, 2, 2, 2, 3, 3, 1, 3, 1, 2, 1, 2, 1, 1, 1, 3, 1, 3, 3, 1, 1, 3, 1, 1, 3, 1, 1, 3, 2, 3, 3, 2, 3, 1, 3, 1, 1, 3, 1, 3, 1, 1, 1, 1, 1, 1, 1, 2, 3, 1, 3, 2, 1, 3, 3, 1, 1, 2, 3, 3, 2, 3, 3, 1, 3, 3, 2, 2, 2, 1, 2, 1, 3, 3, 1, 1, 3, 2, 1, 3, 2, 3, 1, 3, 3, 1, 1, 3, 2, 1, 1, 3, 1, 1, 3, 1, 3, 1, 3, 3, 3, 2, 1, 1, 3, 2, 1]
02/23/2023 13:05:56:INFO: 预测标签: 
 [2, 1, 3, 2, 2, 1, 2, 2, 3, 1, 3, 1, 1, 1, 2, 3, 2, 3, 3, 3, 2, 2, 3, 3, 3, 1, 2, 3, 1, 1, 1, 2, 2, 2, 1, 2, 2, 1, 1, 1, 2, 2, 2, 2, 2, 2, 2, 2, 1, 2, 2, 2, 3, 2, 3, 1, 1, 3, 2, 2, 3, 3, 2, 3, 3, 1, 1, 3, 2, 3, 2, 2, 3, 3, 2, 2, 2, 3, 1, 2, 2, 1, 1, 1, 1, 2, 1, 2, 1, 1, 3, 3, 1, 3, 2, 1, 3, 2, 2, 1, 1, 3, 2, 2, 3, 2, 2, 2, 2, 2, 1, 2, 1, 1, 1, 3, 2, 2, 1, 2, 3, 2, 2, 2, 2, 2, 3, 2, 1, 1, 2, 1, 1, 1, 2, 1, 1, 3, 1, 2, 3, 2, 3, 2, 3, 2, 1, 2, 2, 3]
02/23/2023 13:05:56:INFO: ---------Evaluated Metrics----------
02/23/2023 13:05:56:INFO: Accuracy: 0.5066666666666667.
02/23/2023 13:05:56:INFO: Macro Precision: 0.5663251486780899.
02/23/2023 13:05:56:INFO: Macro Recall: 0.5136524275175844.
02/23/2023 13:05:56:INFO: Macro F1 score: 0.49496995176112324.
02/23/2023 13:05:56:INFO: ---------confusion_matrix----------
02/23/2023 13:05:56:INFO: 
[[38 23  6]
 [ 4 14  7]
 [ 3 31 24]]
02/23/2023 13:05:56:INFO: 模型效果验证详情: {'位置第一个显示标签': 1, '其他位置有情感标签': 0, '全句没有情感标签': 0}.
02/23/2023 13:05:56:INFO: ----------------------Evaluate finished.------------------------
02/23/2023 13:05:56:INFO: --------------Epoch. 6.---------------
02/23/2023 13:05:58:INFO: [Epoch. 6.]: 100%|| 30/30 [00:01<00:00, 16.45it/s, avg_loss=0.179]
02/23/2023 13:05:58:INFO: Epoch 6, average loss: 0.17945456529657047
02/23/2023 13:05:58:INFO: --------------Evaluate on Epoch. 6.---------------
02/23/2023 13:05:58:INFO: tensor([28996, 28997, 28998], device='cuda:0')
02/23/2023 13:05:58:INFO: **********Results Comparison**********
02/23/2023 13:05:58:INFO: 真实标签: 
 [2, 1, 1, 1, 2, 1, 1, 2, 3, 1, 3, 1, 1, 3, 3, 3, 3, 3, 3, 2, 1, 1, 2, 3, 3, 1, 1, 3, 1, 1, 1, 3, 1, 1, 1, 3, 3, 1, 1, 1, 3, 3, 3, 3, 2, 2, 2, 3, 3, 1, 3, 1, 2, 1, 2, 1, 1, 1, 3, 1, 3, 3, 1, 1, 3, 1, 1, 3, 1, 1, 3, 2, 3, 3, 2, 3, 1, 3, 1, 1, 3, 1, 3, 1, 1, 1, 1, 1, 1, 1, 2, 3, 1, 3, 2, 1, 3, 3, 1, 1, 2, 3, 3, 2, 3, 3, 1, 3, 3, 2, 2, 2, 1, 2, 1, 3, 3, 1, 1, 3, 2, 1, 3, 2, 3, 1, 3, 3, 1, 1, 3, 2, 1, 1, 3, 1, 1, 3, 1, 3, 1, 3, 3, 3, 2, 1, 1, 3, 2, 1]
02/23/2023 13:05:58:INFO: 预测标签: 
 [2, 1, 3, 3, 2, 1, 2, 3, 3, 1, 3, 3, 1, 1, 1, 3, 2, 3, 3, 3, 2, 2, 3, 3, 3, 1, 2, 3, 1, 1, 1, 3, 2, 2, 1, 2, 3, 1, 1, 1, 2, 2, 2, 2, 2, 3, 2, 2, 3, 2, 3, 2, 3, 2, 3, 1, 1, 3, 2, 2, 3, 3, 2, 3, 3, 1, 1, 3, 2, 3, 2, 2, 3, 3, 2, 2, 3, 3, 1, 2, 2, 1, 3, 1, 1, 2, 1, 2, 1, 1, 3, 3, 1, 3, 2, 1, 3, 2, 1, 1, 1, 3, 2, 2, 3, 2, 2, 2, 3, 2, 1, 2, 1, 1, 1, 3, 3, 2, 1, 2, 3, 2, 3, 3, 3, 1, 3, 2, 1, 1, 2, 3, 1, 1, 2, 1, 1, 3, 1, 2, 3, 3, 3, 3, 3, 1, 1, 2, 2, 3]
02/23/2023 13:05:58:INFO: ---------Evaluated Metrics----------
02/23/2023 13:05:58:INFO: Accuracy: 0.5733333333333334.
02/23/2023 13:05:58:INFO: Macro Precision: 0.5817508417508418.
02/23/2023 13:05:58:INFO: Macro Recall: 0.5468210670784011.
02/23/2023 13:05:58:INFO: Macro F1 score: 0.54236269138924.
02/23/2023 13:05:58:INFO: ---------confusion_matrix----------
02/23/2023 13:05:58:INFO: 
[[40 18  9]
 [ 3 11 11]
 [ 2 21 35]]
02/23/2023 13:05:58:INFO: 模型效果验证详情: {'位置第一个显示标签': 19, '其他位置有情感标签': 0, '全句没有情感标签': 0}.
02/23/2023 13:05:58:INFO: ----------------------Evaluate finished.------------------------
02/23/2023 13:05:58:INFO: --------------Epoch. 7.---------------
02/23/2023 13:06:00:INFO: [Epoch. 7.]: 100%|| 30/30 [00:01<00:00, 16.59it/s, avg_loss=0.137]
02/23/2023 13:06:00:INFO: Epoch 7, average loss: 0.13719640225172042
02/23/2023 13:06:00:INFO: --------------Evaluate on Epoch. 7.---------------
02/23/2023 13:06:00:INFO: tensor([28996, 28997, 28998], device='cuda:0')
02/23/2023 13:06:01:INFO: **********Results Comparison**********
02/23/2023 13:06:01:INFO: 真实标签: 
 [2, 1, 1, 1, 2, 1, 1, 2, 3, 1, 3, 1, 1, 3, 3, 3, 3, 3, 3, 2, 1, 1, 2, 3, 3, 1, 1, 3, 1, 1, 1, 3, 1, 1, 1, 3, 3, 1, 1, 1, 3, 3, 3, 3, 2, 2, 2, 3, 3, 1, 3, 1, 2, 1, 2, 1, 1, 1, 3, 1, 3, 3, 1, 1, 3, 1, 1, 3, 1, 1, 3, 2, 3, 3, 2, 3, 1, 3, 1, 1, 3, 1, 3, 1, 1, 1, 1, 1, 1, 1, 2, 3, 1, 3, 2, 1, 3, 3, 1, 1, 2, 3, 3, 2, 3, 3, 1, 3, 3, 2, 2, 2, 1, 2, 1, 3, 3, 1, 1, 3, 2, 1, 3, 2, 3, 1, 3, 3, 1, 1, 3, 2, 1, 1, 3, 1, 1, 3, 1, 3, 1, 3, 3, 3, 2, 1, 1, 3, 2, 1]
02/23/2023 13:06:01:INFO: 预测标签: 
 [2, 1, 3, 2, 2, 1, 2, 2, 3, 1, 3, 1, 1, 1, 2, 3, 2, 3, 2, 3, 2, 2, 3, 3, 3, 1, 2, 3, 1, 1, 1, 2, 2, 2, 1, 2, 2, 2, 1, 1, 2, 2, 2, 2, 2, 2, 2, 2, 3, 2, 2, 2, 3, 2, 3, 1, 1, 3, 2, 2, 3, 3, 2, 3, 3, 1, 1, 3, 2, 3, 2, 2, 3, 3, 2, 2, 2, 3, 1, 2, 2, 1, 3, 1, 1, 2, 1, 2, 1, 1, 3, 3, 1, 3, 2, 1, 3, 2, 2, 1, 1, 3, 2, 2, 3, 2, 2, 2, 2, 2, 1, 2, 1, 1, 1, 3, 2, 2, 1, 2, 3, 2, 2, 2, 2, 2, 3, 2, 1, 1, 2, 3, 1, 1, 2, 1, 1, 3, 1, 2, 3, 2, 3, 2, 3, 2, 1, 2, 2, 3]
02/23/2023 13:06:01:INFO: ---------Evaluated Metrics----------
02/23/2023 13:06:01:INFO: Accuracy: 0.5066666666666667.
02/23/2023 13:06:01:INFO: Macro Precision: 0.5811548884719616.
02/23/2023 13:06:01:INFO: Macro Recall: 0.5144244295762567.
02/23/2023 13:06:01:INFO: Macro F1 score: 0.49846198160540717.
02/23/2023 13:06:01:INFO: ---------confusion_matrix----------
02/23/2023 13:06:01:INFO: 
[[37 24  6]
 [ 3 14  8]
 [ 1 32 25]]
02/23/2023 13:06:01:INFO: 模型效果验证详情: {'位置第一个显示标签': 24, '其他位置有情感标签': 0, '全句没有情感标签': 0}.
02/23/2023 13:06:01:INFO: ----------------------Evaluate finished.------------------------
02/23/2023 13:06:01:INFO: --------------Epoch. 8.---------------
02/23/2023 13:06:03:INFO: [Epoch. 8.]: 100%|| 30/30 [00:01<00:00, 16.44it/s, avg_loss=0.106]
02/23/2023 13:06:03:INFO: Epoch 8, average loss: 0.10555350370705127
02/23/2023 13:06:03:INFO: --------------Evaluate on Epoch. 8.---------------
02/23/2023 13:06:03:INFO: tensor([28996, 28997, 28998], device='cuda:0')
02/23/2023 13:06:03:INFO: **********Results Comparison**********
02/23/2023 13:06:03:INFO: 真实标签: 
 [2, 1, 1, 1, 2, 1, 1, 2, 3, 1, 3, 1, 1, 3, 3, 3, 3, 3, 3, 2, 1, 1, 2, 3, 3, 1, 1, 3, 1, 1, 1, 3, 1, 1, 1, 3, 3, 1, 1, 1, 3, 3, 3, 3, 2, 2, 2, 3, 3, 1, 3, 1, 2, 1, 2, 1, 1, 1, 3, 1, 3, 3, 1, 1, 3, 1, 1, 3, 1, 1, 3, 2, 3, 3, 2, 3, 1, 3, 1, 1, 3, 1, 3, 1, 1, 1, 1, 1, 1, 1, 2, 3, 1, 3, 2, 1, 3, 3, 1, 1, 2, 3, 3, 2, 3, 3, 1, 3, 3, 2, 2, 2, 1, 2, 1, 3, 3, 1, 1, 3, 2, 1, 3, 2, 3, 1, 3, 3, 1, 1, 3, 2, 1, 1, 3, 1, 1, 3, 1, 3, 1, 3, 3, 3, 2, 1, 1, 3, 2, 1]
02/23/2023 13:06:03:INFO: 预测标签: 
 [2, 1, 3, 3, 2, 1, 2, 3, 3, 1, 3, 3, 1, 1, 1, 3, 2, 3, 3, 3, 2, 2, 3, 3, 3, 1, 2, 3, 1, 1, 1, 2, 2, 2, 1, 2, 2, 1, 1, 1, 2, 2, 2, 2, 2, 2, 2, 2, 3, 2, 2, 2, 3, 2, 3, 1, 1, 3, 2, 2, 3, 3, 2, 3, 3, 1, 1, 3, 2, 3, 2, 2, 3, 3, 2, 2, 3, 3, 1, 2, 2, 1, 3, 1, 1, 2, 1, 2, 1, 1, 3, 3, 1, 3, 2, 1, 3, 2, 2, 1, 1, 3, 2, 2, 3, 2, 2, 2, 2, 2, 1, 2, 1, 1, 1, 3, 2, 2, 1, 2, 3, 2, 2, 3, 2, 1, 3, 2, 1, 1, 2, 3, 1, 1, 2, 1, 1, 3, 1, 2, 3, 3, 3, 3, 3, 2, 1, 2, 2, 3]
02/23/2023 13:06:03:INFO: ---------Evaluated Metrics----------
02/23/2023 13:06:03:INFO: Accuracy: 0.52.
02/23/2023 13:06:03:INFO: Macro Precision: 0.5598218703612073.
02/23/2023 13:06:03:INFO: Macro Recall: 0.5099742665980442.
02/23/2023 13:06:03:INFO: Macro F1 score: 0.5021984551396316.
02/23/2023 13:06:03:INFO: ---------confusion_matrix----------
02/23/2023 13:06:03:INFO: 
[[38 20  9]
 [ 3 12 10]
 [ 2 28 28]]
02/23/2023 13:06:03:INFO: 模型效果验证详情: {'位置第一个显示标签': 31, '其他位置有情感标签': 0, '全句没有情感标签': 0}.
02/23/2023 13:06:03:INFO: ----------------------Evaluate finished.------------------------
02/23/2023 13:06:03:INFO: --------------Epoch. 9.---------------
02/23/2023 13:06:05:INFO: [Epoch. 9.]: 100%|| 30/30 [00:01<00:00, 16.69it/s, avg_loss=0.0797]
02/23/2023 13:06:05:INFO: Epoch 9, average loss: 0.07973163463175297
02/23/2023 13:06:05:INFO: --------------Evaluate on Epoch. 9.---------------
02/23/2023 13:06:05:INFO: tensor([28996, 28997, 28998], device='cuda:0')
02/23/2023 13:06:06:INFO: **********Results Comparison**********
02/23/2023 13:06:06:INFO: 真实标签: 
 [2, 1, 1, 1, 2, 1, 1, 2, 3, 1, 3, 1, 1, 3, 3, 3, 3, 3, 3, 2, 1, 1, 2, 3, 3, 1, 1, 3, 1, 1, 1, 3, 1, 1, 1, 3, 3, 1, 1, 1, 3, 3, 3, 3, 2, 2, 2, 3, 3, 1, 3, 1, 2, 1, 2, 1, 1, 1, 3, 1, 3, 3, 1, 1, 3, 1, 1, 3, 1, 1, 3, 2, 3, 3, 2, 3, 1, 3, 1, 1, 3, 1, 3, 1, 1, 1, 1, 1, 1, 1, 2, 3, 1, 3, 2, 1, 3, 3, 1, 1, 2, 3, 3, 2, 3, 3, 1, 3, 3, 2, 2, 2, 1, 2, 1, 3, 3, 1, 1, 3, 2, 1, 3, 2, 3, 1, 3, 3, 1, 1, 3, 2, 1, 1, 3, 1, 1, 3, 1, 3, 1, 3, 3, 3, 2, 1, 1, 3, 2, 1]
02/23/2023 13:06:06:INFO: 预测标签: 
 [2, 1, 3, 3, 2, 1, 2, 3, 3, 1, 3, 1, 1, 1, 1, 3, 2, 3, 3, 3, 2, 2, 3, 3, 3, 1, 2, 3, 1, 1, 1, 2, 1, 2, 1, 2, 2, 1, 1, 1, 2, 2, 2, 2, 2, 1, 2, 2, 3, 2, 2, 2, 3, 2, 3, 1, 1, 3, 2, 1, 3, 3, 2, 3, 3, 1, 1, 3, 2, 3, 2, 1, 3, 3, 2, 2, 1, 3, 1, 2, 2, 1, 1, 1, 1, 2, 1, 2, 1, 1, 2, 3, 1, 3, 2, 1, 3, 2, 1, 1, 1, 3, 2, 2, 3, 2, 2, 2, 2, 2, 1, 2, 1, 1, 1, 3, 2, 2, 1, 2, 3, 2, 2, 3, 2, 1, 3, 2, 1, 1, 2, 1, 1, 1, 2, 1, 1, 3, 1, 2, 3, 3, 3, 3, 3, 1, 1, 2, 2, 3]
02/23/2023 13:06:06:INFO: ---------Evaluated Metrics----------
02/23/2023 13:06:06:INFO: Accuracy: 0.5466666666666666.
02/23/2023 13:06:06:INFO: Macro Precision: 0.5576819407008086.
02/23/2023 13:06:06:INFO: Macro Recall: 0.5207445530965861.
02/23/2023 13:06:06:INFO: Macro F1 score: 0.5161111111111111.
02/23/2023 13:06:06:INFO: ---------confusion_matrix----------
02/23/2023 13:06:06:INFO: 
[[44 16  7]
 [ 6 11  8]
 [ 3 28 27]]
02/23/2023 13:06:06:INFO: 模型效果验证详情: {'位置第一个显示标签': 38, '其他位置有情感标签': 0, '全句没有情感标签': 0}.
02/23/2023 13:06:06:INFO: ----------------------Evaluate finished.------------------------
02/23/2023 13:06:06:INFO: --------------Epoch. 10.---------------
02/23/2023 13:06:08:INFO: [Epoch. 10.]: 100%|| 30/30 [00:01<00:00, 16.70it/s, avg_loss=0.0638]
02/23/2023 13:06:08:INFO: Epoch 10, average loss: 0.06379139150182406
02/23/2023 13:06:08:INFO: --------------Evaluate on Epoch. 10.---------------
02/23/2023 13:06:08:INFO: tensor([28996, 28997, 28998], device='cuda:0')
02/23/2023 13:06:09:INFO: **********Results Comparison**********
02/23/2023 13:06:09:INFO: 真实标签: 
 [2, 1, 1, 1, 2, 1, 1, 2, 3, 1, 3, 1, 1, 3, 3, 3, 3, 3, 3, 2, 1, 1, 2, 3, 3, 1, 1, 3, 1, 1, 1, 3, 1, 1, 1, 3, 3, 1, 1, 1, 3, 3, 3, 3, 2, 2, 2, 3, 3, 1, 3, 1, 2, 1, 2, 1, 1, 1, 3, 1, 3, 3, 1, 1, 3, 1, 1, 3, 1, 1, 3, 2, 3, 3, 2, 3, 1, 3, 1, 1, 3, 1, 3, 1, 1, 1, 1, 1, 1, 1, 2, 3, 1, 3, 2, 1, 3, 3, 1, 1, 2, 3, 3, 2, 3, 3, 1, 3, 3, 2, 2, 2, 1, 2, 1, 3, 3, 1, 1, 3, 2, 1, 3, 2, 3, 1, 3, 3, 1, 1, 3, 2, 1, 1, 3, 1, 1, 3, 1, 3, 1, 3, 3, 3, 2, 1, 1, 3, 2, 1]
02/23/2023 13:06:09:INFO: 预测标签: 
 [2, 1, 3, 3, 2, 1, 2, 3, 3, 1, 3, 3, 1, 1, 1, 3, 2, 3, 3, 3, 2, 2, 3, 3, 3, 1, 2, 3, 1, 1, 1, 3, 1, 2, 1, 2, 2, 1, 1, 1, 2, 2, 2, 2, 2, 1, 2, 2, 3, 2, 2, 2, 3, 2, 3, 1, 1, 3, 2, 2, 3, 3, 2, 3, 3, 1, 1, 3, 2, 3, 2, 1, 3, 3, 2, 2, 1, 3, 1, 2, 2, 1, 3, 1, 1, 2, 1, 2, 1, 1, 3, 3, 1, 3, 2, 1, 3, 2, 1, 1, 1, 3, 2, 2, 3, 2, 2, 2, 3, 2, 1, 2, 1, 1, 1, 3, 3, 2, 1, 2, 3, 2, 2, 3, 2, 1, 3, 2, 1, 1, 2, 1, 1, 1, 2, 1, 1, 3, 1, 2, 3, 3, 3, 3, 3, 1, 1, 2, 2, 3]
02/23/2023 13:06:09:INFO: ---------Evaluated Metrics----------
02/23/2023 13:06:09:INFO: Accuracy: 0.5533333333333333.
02/23/2023 13:06:09:INFO: Macro Precision: 0.5593803418803419.
02/23/2023 13:06:09:INFO: Macro Recall: 0.5204494767541602.
02/23/2023 13:06:09:INFO: Macro F1 score: 0.5208648793554455.
02/23/2023 13:06:09:INFO: ---------confusion_matrix----------
02/23/2023 13:06:09:INFO: 
[[42 17  8]
 [ 6 10  9]
 [ 2 25 31]]
02/23/2023 13:06:09:INFO: 模型效果验证详情: {'位置第一个显示标签': 41, '其他位置有情感标签': 0, '全句没有情感标签': 0}.
02/23/2023 13:06:09:INFO: ----------------------Evaluate finished.------------------------
02/23/2023 13:06:09:INFO: --------------Epoch. 11.---------------
02/23/2023 13:06:10:INFO: [Epoch. 11.]: 100%|| 30/30 [00:01<00:00, 16.68it/s, avg_loss=0.0557]
02/23/2023 13:06:10:INFO: Epoch 11, average loss: 0.05573791991919279
02/23/2023 13:06:10:INFO: --------------Evaluate on Epoch. 11.---------------
02/23/2023 13:06:10:INFO: tensor([28996, 28997, 28998], device='cuda:0')
02/23/2023 13:06:11:INFO: **********Results Comparison**********
02/23/2023 13:06:11:INFO: 真实标签: 
 [2, 1, 1, 1, 2, 1, 1, 2, 3, 1, 3, 1, 1, 3, 3, 3, 3, 3, 3, 2, 1, 1, 2, 3, 3, 1, 1, 3, 1, 1, 1, 3, 1, 1, 1, 3, 3, 1, 1, 1, 3, 3, 3, 3, 2, 2, 2, 3, 3, 1, 3, 1, 2, 1, 2, 1, 1, 1, 3, 1, 3, 3, 1, 1, 3, 1, 1, 3, 1, 1, 3, 2, 3, 3, 2, 3, 1, 3, 1, 1, 3, 1, 3, 1, 1, 1, 1, 1, 1, 1, 2, 3, 1, 3, 2, 1, 3, 3, 1, 1, 2, 3, 3, 2, 3, 3, 1, 3, 3, 2, 2, 2, 1, 2, 1, 3, 3, 1, 1, 3, 2, 1, 3, 2, 3, 1, 3, 3, 1, 1, 3, 2, 1, 1, 3, 1, 1, 3, 1, 3, 1, 3, 3, 3, 2, 1, 1, 3, 2, 1]
02/23/2023 13:06:11:INFO: 预测标签: 
 [2, 1, 3, 3, 2, 1, 2, 3, 3, 1, 3, 3, 1, 1, 1, 3, 2, 3, 3, 3, 2, 2, 3, 3, 3, 1, 2, 3, 1, 1, 1, 3, 1, 2, 1, 2, 2, 1, 1, 1, 2, 2, 2, 2, 2, 1, 1, 2, 3, 2, 2, 2, 3, 2, 3, 1, 1, 3, 2, 1, 3, 3, 2, 3, 3, 1, 1, 3, 2, 3, 2, 1, 3, 3, 2, 2, 1, 3, 1, 2, 2, 1, 3, 1, 1, 2, 1, 2, 1, 1, 3, 3, 1, 3, 2, 1, 3, 2, 1, 1, 1, 3, 2, 2, 3, 2, 2, 2, 3, 2, 1, 2, 1, 1, 1, 3, 3, 2, 1, 2, 3, 2, 2, 3, 3, 1, 3, 2, 1, 1, 2, 1, 1, 1, 2, 1, 1, 3, 1, 2, 3, 3, 3, 3, 3, 1, 1, 2, 2, 3]
02/23/2023 13:06:11:INFO: ---------Evaluated Metrics----------
02/23/2023 13:06:11:INFO: Accuracy: 0.56.
02/23/2023 13:06:11:INFO: Macro Precision: 0.554552590266876.
02/23/2023 13:06:11:INFO: Macro Recall: 0.517838394235718.
02/23/2023 13:06:11:INFO: Macro F1 score: 0.5213543866649968.
02/23/2023 13:06:11:INFO: ---------confusion_matrix----------
02/23/2023 13:06:11:INFO: 
[[43 16  8]
 [ 7  9  9]
 [ 2 24 32]]
02/23/2023 13:06:11:INFO: 模型效果验证详情: {'位置第一个显示标签': 55, '其他位置有情感标签': 0, '全句没有情感标签': 0}.
02/23/2023 13:06:11:INFO: ----------------------Evaluate finished.------------------------
02/23/2023 13:06:11:INFO: --------------Epoch. 12.---------------
02/23/2023 13:06:13:INFO: [Epoch. 12.]: 100%|| 30/30 [00:01<00:00, 16.63it/s, avg_loss=0.0527]
02/23/2023 13:06:13:INFO: Epoch 12, average loss: 0.05268034270654122
02/23/2023 13:06:13:INFO: --------------Evaluate on Epoch. 12.---------------
02/23/2023 13:06:13:INFO: tensor([28996, 28997, 28998], device='cuda:0')
02/23/2023 13:06:14:INFO: **********Results Comparison**********
02/23/2023 13:06:14:INFO: 真实标签: 
 [2, 1, 1, 1, 2, 1, 1, 2, 3, 1, 3, 1, 1, 3, 3, 3, 3, 3, 3, 2, 1, 1, 2, 3, 3, 1, 1, 3, 1, 1, 1, 3, 1, 1, 1, 3, 3, 1, 1, 1, 3, 3, 3, 3, 2, 2, 2, 3, 3, 1, 3, 1, 2, 1, 2, 1, 1, 1, 3, 1, 3, 3, 1, 1, 3, 1, 1, 3, 1, 1, 3, 2, 3, 3, 2, 3, 1, 3, 1, 1, 3, 1, 3, 1, 1, 1, 1, 1, 1, 1, 2, 3, 1, 3, 2, 1, 3, 3, 1, 1, 2, 3, 3, 2, 3, 3, 1, 3, 3, 2, 2, 2, 1, 2, 1, 3, 3, 1, 1, 3, 2, 1, 3, 2, 3, 1, 3, 3, 1, 1, 3, 2, 1, 1, 3, 1, 1, 3, 1, 3, 1, 3, 3, 3, 2, 1, 1, 3, 2, 1]
02/23/2023 13:06:14:INFO: 预测标签: 
 [2, 1, 3, 3, 2, 1, 2, 3, 3, 1, 3, 1, 1, 1, 1, 3, 2, 3, 3, 3, 2, 2, 3, 3, 3, 1, 2, 3, 1, 1, 1, 3, 1, 2, 1, 2, 2, 1, 1, 1, 2, 2, 2, 1, 1, 1, 1, 2, 3, 2, 2, 2, 3, 2, 3, 1, 1, 1, 2, 1, 3, 3, 1, 3, 3, 1, 1, 3, 2, 3, 2, 1, 3, 3, 2, 2, 1, 3, 1, 2, 2, 1, 3, 1, 1, 2, 1, 2, 1, 1, 1, 3, 1, 3, 2, 1, 3, 2, 1, 1, 1, 3, 2, 2, 3, 2, 2, 2, 3, 2, 1, 2, 1, 1, 1, 3, 3, 2, 1, 2, 3, 2, 2, 3, 2, 1, 3, 2, 1, 1, 2, 1, 1, 1, 2, 1, 1, 3, 1, 2, 3, 3, 3, 3, 3, 1, 1, 2, 2, 3]
02/23/2023 13:06:14:INFO: ---------Evaluated Metrics----------
02/23/2023 13:06:14:INFO: Accuracy: 0.5666666666666667.
02/23/2023 13:06:14:INFO: Macro Precision: 0.5507350343740659.
02/23/2023 13:06:14:INFO: Macro Recall: 0.5136833075999313.
02/23/2023 13:06:14:INFO: Macro F1 score: 0.5200546565983459.
02/23/2023 13:06:14:INFO: ---------confusion_matrix----------
02/23/2023 13:06:14:INFO: 
[[46 15  6]
 [ 9  8  8]
 [ 3 24 31]]
02/23/2023 13:06:14:INFO: 模型效果验证详情: {'位置第一个显示标签': 47, '其他位置有情感标签': 0, '全句没有情感标签': 0}.
02/23/2023 13:06:14:INFO: ----------------------Evaluate finished.------------------------
02/23/2023 13:06:14:INFO: Based on [7.th Epoch] best_accuracy: 0.5733333333333334.
02/23/2023 13:06:14:INFO: latest 5 epochs not seen performance increased, early stop.
02/23/2023 13:06:14:INFO: ********** Best Results on Dev Dataset **********
02/23/2023 13:06:14:INFO: Best Accuracy: 0.5733333333333334.
02/23/2023 13:06:14:INFO: Best Macro Precision: 0.5817508417508418.
02/23/2023 13:06:14:INFO: Best Macro Recall: 0.5468210670784011.
02/23/2023 13:06:14:INFO: Best Macro F1 score: 0.54236269138924.
02/23/2023 13:06:14:INFO: ***** Training Over *****
02/23/2023 13:06:14:INFO: --------------Testing ...---------------
02/23/2023 13:06:14:INFO: tensor([28996, 28997, 28998], device='cuda:0')
02/23/2023 13:06:16:INFO: **********Results Comparison**********
02/23/2023 13:06:16:INFO: 真实标签: 
 [1, 3, 1, 3, 1, 2, 1, 1, 1, 1, 3, 3, 1, 1, 3, 1, 3, 1, 1, 1, 1, 1, 1, 1, 3, 1, 1, 1, 1, 1, 3, 1, 3, 3, 1, 1, 1, 1, 1, 1, 3, 1, 3, 1, 1, 1, 3, 1, 1, 1, 3, 1, 1, 1, 1, 3, 2, 1, 1, 1, 3, 2, 1, 1, 1, 1, 1, 1, 1, 3, 3, 1, 1, 1, 2, 1, 1, 1, 3, 1, 3, 2, 3, 1, 1, 1, 1, 1, 3, 1, 1, 1, 3, 1, 3, 1, 1, 1, 1, 3, 1, 2, 3, 3, 1, 3, 1, 1, 3, 3, 1, 1, 1, 2, 2, 3, 2, 3, 2, 2, 1, 1, 1, 1, 2, 1, 2, 1, 1, 1, 3, 2, 1, 1, 1, 2, 3, 2, 3, 3, 3, 3, 3, 3, 1, 2, 2, 1, 1, 1, 1, 1, 1, 2, 3, 1, 1, 1, 1, 1, 1, 3, 1, 1, 1, 1, 1, 1, 1, 3, 2, 1, 1, 1, 1, 2, 1, 1, 1, 1, 2, 2, 1, 2, 3, 1, 1, 3, 1, 3, 1, 1, 1, 1, 3, 1, 1, 1, 1, 2, 2, 3, 1, 1, 1, 1, 1, 3, 2, 2, 1, 1, 1, 1, 1, 1, 3, 2, 3, 1, 1, 2, 2, 1, 2, 2, 1, 3, 2, 1, 1, 1, 3, 1, 1, 1, 2, 1, 1, 1, 1, 1, 1, 1, 1, 3, 2, 2, 2, 1, 3, 1, 3, 1, 1, 1, 3, 2, 1, 2, 2, 1, 2, 1, 1, 1, 1, 2, 3, 2, 2, 1, 3, 1, 2, 1, 2, 1, 3, 3, 1, 1, 1, 1, 3, 1, 3, 1, 1, 1, 2, 1, 1, 2, 2, 3, 3, 2, 1, 1, 2, 3, 1, 1, 2, 3, 2, 2, 2, 2, 2, 3, 2, 3, 1, 1, 1, 3, 1, 3, 2, 1, 1, 1, 1, 1, 2, 1, 3, 3, 1, 1, 1, 2, 2, 2, 2, 2, 3, 1, 1, 1, 1, 2, 2, 1, 2, 2, 2, 2, 2, 3, 2, 1, 3, 1, 2, 1, 2, 1, 3, 2, 1, 1, 1, 2, 2, 1, 1, 1, 1, 2, 3, 2, 2, 1, 1, 1, 1, 2, 2, 3, 1, 1, 3, 2, 3, 2, 2, 2, 1, 1, 2, 1, 1, 3, 1, 2, 2, 1, 2, 3, 1, 1, 3, 1, 2, 2, 1]
02/23/2023 13:06:16:INFO: 预测标签: 
 [2, 1, 2, 1, 1, 2, 1, 2, 1, 1, 2, 3, 1, 1, 2, 1, 3, 1, 1, 1, 1, 3, 1, 1, 2, 1, 1, 1, 1, 2, 1, 1, 3, 3, 1, 1, 1, 1, 1, 1, 1, 2, 3, 1, 1, 2, 3, 1, 2, 2, 2, 1, 1, 2, 1, 3, 1, 1, 1, 1, 2, 2, 1, 1, 1, 1, 1, 1, 1, 3, 2, 1, 1, 1, 2, 2, 1, 1, 3, 2, 3, 1, 3, 2, 1, 1, 1, 1, 3, 2, 1, 1, 3, 2, 2, 1, 1, 2, 2, 3, 1, 3, 3, 3, 1, 2, 1, 1, 3, 1, 1, 1, 2, 2, 2, 1, 1, 1, 2, 3, 1, 2, 2, 1, 1, 1, 3, 1, 1, 2, 2, 3, 1, 1, 2, 2, 3, 1, 2, 2, 2, 1, 3, 2, 2, 3, 1, 1, 1, 2, 1, 1, 1, 2, 2, 1, 1, 1, 2, 1, 1, 3, 2, 2, 3, 1, 1, 2, 2, 3, 2, 1, 1, 3, 2, 3, 1, 1, 2, 1, 1, 2, 1, 3, 3, 1, 1, 3, 1, 3, 1, 2, 1, 1, 3, 2, 2, 1, 1, 3, 2, 2, 1, 1, 3, 1, 3, 3, 3, 1, 2, 2, 1, 1, 1, 1, 2, 3, 2, 1, 1, 3, 2, 1, 2, 3, 1, 3, 1, 1, 1, 1, 3, 1, 1, 3, 2, 1, 3, 1, 1, 2, 1, 1, 2, 3, 2, 1, 2, 2, 3, 2, 3, 2, 2, 2, 2, 2, 1, 1, 1, 2, 3, 2, 1, 1, 2, 3, 3, 2, 2, 1, 3, 1, 1, 1, 1, 2, 2, 3, 2, 1, 2, 2, 2, 2, 2, 1, 1, 1, 2, 2, 1, 2, 2, 2, 2, 2, 1, 2, 2, 3, 1, 1, 2, 2, 3, 2, 2, 3, 2, 1, 2, 3, 1, 1, 3, 2, 1, 3, 3, 1, 1, 2, 1, 1, 1, 3, 1, 1, 2, 2, 1, 1, 1, 1, 3, 2, 3, 1, 2, 2, 3, 2, 2, 1, 2, 2, 1, 1, 2, 1, 1, 1, 3, 1, 2, 1, 1, 1, 1, 1, 1, 1, 1, 1, 1, 2, 1, 1, 1, 1, 1, 2, 1, 1, 1, 1, 1, 1, 2, 3, 1, 1, 3, 1, 2, 1, 2, 2, 1, 1, 2, 1, 1, 2, 3, 2, 2, 2, 3, 3, 2, 1, 2, 1, 3, 2, 3]
02/23/2023 13:06:16:INFO: ---------Evaluated Metrics----------
02/23/2023 13:06:16:INFO: Accuracy: 0.5990220048899756.
02/23/2023 13:06:16:INFO: Macro Precision: 0.5613840441426649.
02/23/2023 13:06:16:INFO: Macro Recall: 0.5521322648982223.
02/23/2023 13:06:16:INFO: Macro F1 score: 0.551248331534307.
02/23/2023 13:06:16:INFO: ---------confusion_matrix----------
02/23/2023 13:06:16:INFO: 
[[159  60  12]
 [ 30  44  20]
 [ 14  28  42]]
02/23/2023 13:06:16:INFO: 模型效果验证详情: {'位置第一个显示标签': 105, '其他位置有情感标签': 0, '全句没有情感标签': 0}.
02/23/2023 13:06:16:INFO: ----------------------Testing finished.------------------------
02/23/2023 13:06:16:INFO: bengio.
