02/23/2023 13:24:54:INFO: start.
02/23/2023 13:24:54:INFO: --------hyper-arguments for this training.--------
02/23/2023 13:24:54:INFO: Namespace(answer_strategy='inter_logits_core_token', batch_size=2, dataset='twitter', eval_pre_epochs=1, few_shot=5, learning_rate=1e-05, log_file=None, model_type='WT2ABSA_Mean', patience=5, pre_trained_model='pretrainedmodels/bert-base-cased', save_best_model=False, seed=985, total_epochs=20)
02/23/2023 13:24:54:INFO: ----------dataset files------------
02/23/2023 13:24:54:INFO: {'train': '../WordTrans2ABSA/dataset/twitter/train.json', 'dev': '../WordTrans2ABSA/dataset/twitter/dev.json', 'test': '../WordTrans2ABSA/dataset/twitter/test.json'}
02/23/2023 13:24:57:WARNING: Using custom data configuration default-026ef2911f5d5ab7
02/23/2023 13:24:57:WARNING: Reusing dataset json (C:\Users\Super-IdoI\.cache\huggingface\datasets\json\default-026ef2911f5d5ab7\0.0.0\45636811569ec4a6630521c18235dfbbab83b7ab572e3393c5ba68ccabe98264)
02/23/2023 13:24:57:INFO: -----------------------------------
02/23/2023 13:24:57:INFO: {'I-POS': ['good', 'clever', 'excellent', 'effectual', 'beautiful', 'nice', 'useful', 'well', 'fantastic'], 'I-NEU': ['Michael', 'John', 'David', 'Thomas', 'Martin', 'Paul'], 'I-NEG': ['bad', 'terrible', 'awful', 'badly', 'terrible', 'poor', 'unfortunate', 'harmful', 'dirty', 'sorry']}
02/23/2023 13:24:57:INFO: -----------------------------------
02/23/2023 13:24:57:INFO: {'O': 0, 'I-POS': 1, 'I-NEU': 2, 'I-NEG': 3}
02/23/2023 13:24:57:INFO: {0: 'O', 1: 'I-POS', 2: 'I-NEU', 3: 'I-NEG'}
02/23/2023 13:24:59:INFO: -----------------------------------
02/23/2023 13:24:59:INFO: {'I-POS': 28996, 'I-NEU': 28997, 'I-NEG': 28998}
02/23/2023 13:24:59:INFO: {28996: 'I-POS', 28997: 'I-NEU', 28998: 'I-NEG'}
02/23/2023 13:24:59:INFO: start preprocess dataset.
02/23/2023 13:24:59:INFO: dataset preprocess finished.
02/23/2023 13:25:00:INFO: Train: 15, Dev: 422, Test: 232.
02/23/2023 13:25:00:INFO: dataloader prepare finished.
02/23/2023 13:25:00:INFO: ***** Start Training *****
02/23/2023 13:25:00:INFO: Total Epochs: 20
02/23/2023 13:25:00:INFO: validate on per-1 epochs.
02/23/2023 13:25:00:INFO: Training Samples Count: 15.
02/23/2023 13:25:00:INFO: Batch Size: 2, 每轮 8 Batch.
02/23/2023 13:25:00:INFO: Learning Rate: 1e-05
02/23/2023 13:25:00:INFO: --------------Epoch. 1.---------------
02/23/2023 13:25:00:INFO: [Epoch. 1.]: 100%|| 8/8 [00:00<00:00, 11.81it/s, avg_loss=3.58]
02/23/2023 13:25:00:INFO: Epoch 1, average loss: 3.5797685608267784
02/23/2023 13:25:00:INFO: --------------Evaluate on Epoch. 1.---------------
02/23/2023 13:25:00:INFO: tensor([28996, 28997, 28998], device='cuda:0')
02/23/2023 13:25:02:INFO: **********Results Comparison**********
02/23/2023 13:25:02:INFO: 真实标签: 
 [1, 2, 2, 2, 2, 2, 2, 2, 2, 2, 2, 2, 2, 3, 2, 2, 2, 2, 3, 2, 2, 3, 1, 1, 1, 2, 1, 2, 2, 2, 2, 2, 3, 1, 2, 3, 2, 2, 3, 1, 2, 2, 2, 2, 3, 2, 2, 1, 2, 2, 2, 2, 2, 2, 2, 1, 2, 2, 1, 2, 1, 1, 2, 2, 1, 1, 2, 2, 2, 2, 2, 2, 2, 3, 1, 1, 2, 2, 2, 1, 2, 2, 2, 2, 2, 2, 3, 2, 2, 2, 1, 1, 1, 2, 1, 1, 1, 2, 1, 2, 1, 1, 2, 1, 1, 2, 1, 2, 1, 2, 3, 2, 1, 2, 2, 2, 2, 2, 3, 2, 2, 1, 2, 2, 2, 3, 2, 2, 2, 2, 2, 2, 2, 2, 2, 3, 2, 2, 2, 2, 3, 2, 2, 1, 2, 2, 2, 2, 2, 1, 2, 2, 1, 1, 1, 2, 2, 2, 2, 2, 1, 2, 2, 2, 2, 2, 2, 1, 2, 2, 2, 2, 2, 2, 1, 2, 1, 2, 2, 2, 2, 2, 1, 2, 2, 3, 3, 2, 3, 2, 2, 2, 2, 1, 1, 2, 2, 2, 2, 2, 1, 2, 1, 2, 1, 2, 1, 2, 2, 1, 2, 2, 1, 2, 2, 2, 2, 2, 2, 1, 2, 2, 2, 1, 3, 1, 3, 2, 2, 3, 2, 2, 2, 1, 2, 1, 2, 2, 2, 3, 2, 2, 3, 2, 2, 2, 3, 2, 2, 2, 2, 1, 2, 2, 1, 2, 2, 2, 3, 1, 2, 2, 2, 2, 1, 1, 2, 1, 2, 2, 1, 2, 2, 1, 2, 2, 2, 1, 2, 2, 2, 1, 2, 2, 2, 2, 2, 2, 2, 2, 2, 1, 1, 2, 2, 2, 1, 2, 2, 2, 2, 2, 2, 2, 2, 2, 2, 2, 2, 2, 1, 1, 2, 2, 2, 2, 1, 3, 1, 1, 2, 1, 1, 2, 1, 1, 2, 2, 2, 1, 2, 2, 2, 2, 1, 2, 2, 2, 2, 2, 1, 2, 1, 2, 1, 2, 2, 1, 2, 2, 1, 2, 2, 2, 2, 1, 2, 2, 2, 2, 2, 2, 3, 2, 2, 2, 3, 2, 2, 1, 2, 1, 2, 2, 2, 2, 1, 2, 2, 2, 2, 1, 2, 1, 1, 1, 2, 1, 1, 2, 1, 2, 2, 2, 2, 1, 2, 1, 2, 1, 1, 2, 2, 2, 2, 2, 2, 2, 3, 2, 1, 2, 2, 1, 2, 1, 2, 2, 2, 1, 1, 1]
02/23/2023 13:25:02:INFO: 预测标签: 
 [1, 1, 2, 2, 2, 1, 2, 2, 1, 1, 2, 2, 2, 2, 2, 2, 2, 1, 2, 2, 2, 2, 2, 2, 2, 1, 1, 2, 2, 2, 2, 1, 3, 2, 1, 1, 2, 2, 1, 2, 1, 2, 1, 2, 1, 2, 2, 2, 2, 2, 2, 2, 2, 2, 2, 1, 2, 2, 1, 2, 1, 2, 1, 2, 1, 2, 2, 2, 1, 1, 2, 2, 2, 2, 2, 2, 1, 2, 2, 2, 2, 2, 2, 2, 1, 1, 2, 2, 2, 2, 1, 1, 1, 1, 2, 1, 2, 2, 2, 2, 1, 2, 2, 1, 2, 1, 1, 2, 1, 2, 3, 2, 1, 2, 2, 2, 2, 2, 2, 1, 2, 1, 2, 2, 2, 2, 2, 2, 2, 1, 2, 1, 1, 2, 2, 3, 2, 1, 1, 2, 1, 2, 2, 1, 2, 2, 1, 2, 2, 2, 2, 2, 1, 3, 2, 2, 2, 3, 2, 2, 2, 2, 2, 1, 2, 2, 2, 2, 2, 2, 2, 2, 2, 1, 2, 1, 1, 2, 2, 2, 2, 1, 2, 3, 2, 1, 2, 1, 3, 2, 2, 2, 2, 2, 1, 2, 1, 2, 2, 2, 2, 2, 2, 2, 2, 2, 2, 2, 2, 3, 2, 2, 2, 2, 2, 2, 2, 2, 2, 1, 1, 2, 2, 2, 2, 2, 2, 2, 2, 2, 1, 1, 2, 2, 2, 2, 1, 2, 2, 2, 2, 2, 3, 2, 2, 2, 2, 2, 2, 1, 2, 2, 2, 2, 1, 1, 2, 2, 1, 2, 1, 2, 1, 2, 2, 1, 2, 1, 2, 2, 2, 2, 3, 2, 1, 2, 1, 1, 2, 1, 2, 1, 2, 2, 1, 2, 2, 2, 2, 1, 2, 1, 2, 2, 2, 2, 2, 1, 2, 2, 1, 2, 2, 2, 2, 2, 1, 2, 3, 2, 2, 1, 2, 2, 2, 1, 2, 2, 2, 2, 1, 2, 2, 2, 1, 2, 2, 2, 2, 2, 2, 1, 2, 1, 2, 2, 2, 2, 1, 2, 2, 2, 2, 2, 1, 1, 2, 2, 2, 2, 1, 2, 2, 2, 1, 3, 1, 2, 2, 1, 2, 2, 1, 2, 2, 1, 2, 3, 1, 2, 2, 2, 2, 2, 2, 2, 2, 2, 2, 3, 2, 1, 2, 1, 2, 2, 2, 2, 1, 2, 2, 1, 2, 2, 2, 2, 1, 2, 2, 1, 2, 2, 2, 2, 2, 2, 2, 2, 1, 2, 1, 2, 2, 1, 2, 2, 2, 2, 3, 1, 2, 2]
02/23/2023 13:25:02:INFO: ---------Evaluated Metrics----------
02/23/2023 13:25:02:INFO: Accuracy: 0.6279620853080569.
02/23/2023 13:25:02:INFO: Macro Precision: 0.4764551425367572.
02/23/2023 13:25:02:INFO: Macro Recall: 0.4362140934805295.
02/23/2023 13:25:02:INFO: Macro F1 score: 0.44843002862531844.
02/23/2023 13:25:02:INFO: ---------confusion_matrix----------
02/23/2023 13:25:02:INFO: 
[[ 38  64   3]
 [ 60 222   7]
 [  8  15   5]]
02/23/2023 13:25:02:INFO: 模型效果验证详情: {'位置第一个显示标签': 0, '其他位置有情感标签': 0, '全句没有情感标签': 0}.
02/23/2023 13:25:02:INFO: ----------------------Evaluate finished.------------------------
02/23/2023 13:25:02:INFO: --------------Epoch. 2.---------------
02/23/2023 13:25:03:INFO: [Epoch. 2.]: 100%|| 8/8 [00:00<00:00, 15.75it/s, avg_loss=2.37]
02/23/2023 13:25:03:INFO: Epoch 2, average loss: 2.3695778995752335
02/23/2023 13:25:03:INFO: --------------Evaluate on Epoch. 2.---------------
02/23/2023 13:25:03:INFO: tensor([28996, 28997, 28998], device='cuda:0')
02/23/2023 13:25:05:INFO: **********Results Comparison**********
02/23/2023 13:25:05:INFO: 真实标签: 
 [1, 2, 2, 2, 2, 2, 2, 2, 2, 2, 2, 2, 2, 3, 2, 2, 2, 2, 3, 2, 2, 3, 1, 1, 1, 2, 1, 2, 2, 2, 2, 2, 3, 1, 2, 3, 2, 2, 3, 1, 2, 2, 2, 2, 3, 2, 2, 1, 2, 2, 2, 2, 2, 2, 2, 1, 2, 2, 1, 2, 1, 1, 2, 2, 1, 1, 2, 2, 2, 2, 2, 2, 2, 3, 1, 1, 2, 2, 2, 1, 2, 2, 2, 2, 2, 2, 3, 2, 2, 2, 1, 1, 1, 2, 1, 1, 1, 2, 1, 2, 1, 1, 2, 1, 1, 2, 1, 2, 1, 2, 3, 2, 1, 2, 2, 2, 2, 2, 3, 2, 2, 1, 2, 2, 2, 3, 2, 2, 2, 2, 2, 2, 2, 2, 2, 3, 2, 2, 2, 2, 3, 2, 2, 1, 2, 2, 2, 2, 2, 1, 2, 2, 1, 1, 1, 2, 2, 2, 2, 2, 1, 2, 2, 2, 2, 2, 2, 1, 2, 2, 2, 2, 2, 2, 1, 2, 1, 2, 2, 2, 2, 2, 1, 2, 2, 3, 3, 2, 3, 2, 2, 2, 2, 1, 1, 2, 2, 2, 2, 2, 1, 2, 1, 2, 1, 2, 1, 2, 2, 1, 2, 2, 1, 2, 2, 2, 2, 2, 2, 1, 2, 2, 2, 1, 3, 1, 3, 2, 2, 3, 2, 2, 2, 1, 2, 1, 2, 2, 2, 3, 2, 2, 3, 2, 2, 2, 3, 2, 2, 2, 2, 1, 2, 2, 1, 2, 2, 2, 3, 1, 2, 2, 2, 2, 1, 1, 2, 1, 2, 2, 1, 2, 2, 1, 2, 2, 2, 1, 2, 2, 2, 1, 2, 2, 2, 2, 2, 2, 2, 2, 2, 1, 1, 2, 2, 2, 1, 2, 2, 2, 2, 2, 2, 2, 2, 2, 2, 2, 2, 2, 1, 1, 2, 2, 2, 2, 1, 3, 1, 1, 2, 1, 1, 2, 1, 1, 2, 2, 2, 1, 2, 2, 2, 2, 1, 2, 2, 2, 2, 2, 1, 2, 1, 2, 1, 2, 2, 1, 2, 2, 1, 2, 2, 2, 2, 1, 2, 2, 2, 2, 2, 2, 3, 2, 2, 2, 3, 2, 2, 1, 2, 1, 2, 2, 2, 2, 1, 2, 2, 2, 2, 1, 2, 1, 1, 1, 2, 1, 1, 2, 1, 2, 2, 2, 2, 1, 2, 1, 2, 1, 1, 2, 2, 2, 2, 2, 2, 2, 3, 2, 1, 2, 2, 1, 2, 1, 2, 2, 2, 1, 1, 1]
02/23/2023 13:25:05:INFO: 预测标签: 
 [1, 3, 2, 2, 2, 1, 2, 2, 1, 1, 1, 2, 2, 2, 2, 2, 2, 1, 2, 2, 2, 2, 2, 2, 2, 1, 1, 2, 1, 2, 2, 1, 3, 2, 1, 1, 2, 2, 3, 2, 1, 2, 1, 2, 1, 1, 2, 2, 2, 2, 2, 2, 2, 2, 2, 1, 1, 3, 1, 1, 1, 2, 1, 2, 1, 3, 2, 2, 1, 1, 2, 2, 2, 2, 2, 2, 1, 2, 1, 2, 2, 2, 2, 2, 1, 1, 1, 2, 2, 2, 1, 1, 1, 1, 2, 1, 2, 2, 2, 2, 1, 1, 2, 3, 2, 1, 1, 2, 1, 2, 3, 2, 1, 2, 2, 2, 2, 1, 2, 3, 2, 1, 2, 2, 2, 2, 2, 2, 2, 1, 2, 1, 1, 1, 2, 3, 2, 1, 1, 2, 1, 2, 2, 3, 2, 2, 3, 2, 2, 2, 2, 2, 1, 3, 2, 2, 2, 3, 2, 2, 2, 2, 2, 1, 2, 2, 2, 2, 2, 2, 2, 2, 2, 1, 2, 1, 1, 2, 1, 2, 3, 1, 2, 3, 2, 1, 2, 1, 3, 2, 1, 2, 2, 2, 1, 2, 1, 2, 2, 2, 2, 2, 2, 2, 2, 2, 2, 2, 1, 3, 2, 1, 2, 2, 2, 1, 2, 2, 2, 1, 1, 2, 2, 2, 3, 2, 2, 2, 2, 2, 1, 1, 2, 2, 2, 2, 1, 2, 2, 1, 2, 2, 3, 2, 2, 2, 2, 2, 2, 1, 1, 2, 2, 2, 1, 1, 2, 2, 1, 2, 1, 2, 1, 2, 2, 1, 2, 1, 2, 2, 2, 2, 3, 2, 1, 2, 3, 3, 2, 1, 2, 1, 2, 2, 1, 2, 2, 2, 2, 1, 2, 1, 2, 2, 2, 2, 2, 1, 2, 2, 1, 2, 2, 2, 2, 2, 1, 2, 3, 2, 2, 1, 2, 2, 2, 1, 2, 2, 2, 2, 3, 2, 2, 2, 1, 1, 2, 2, 2, 2, 2, 1, 2, 1, 1, 2, 2, 2, 1, 2, 2, 2, 2, 2, 1, 3, 2, 2, 2, 2, 1, 2, 2, 2, 1, 3, 1, 2, 2, 1, 2, 2, 1, 2, 2, 1, 2, 3, 1, 2, 2, 2, 2, 1, 2, 2, 1, 2, 2, 3, 2, 1, 2, 1, 2, 1, 2, 2, 1, 2, 2, 1, 3, 2, 2, 2, 1, 1, 2, 1, 2, 2, 2, 2, 2, 2, 2, 2, 3, 2, 1, 2, 2, 1, 2, 2, 1, 3, 3, 1, 2, 2]
02/23/2023 13:25:05:INFO: ---------Evaluated Metrics----------
02/23/2023 13:25:05:INFO: Accuracy: 0.5947867298578199.
02/23/2023 13:25:05:INFO: Macro Precision: 0.4466417563335297.
02/23/2023 13:25:05:INFO: Macro Recall: 0.45838413796891303.
02/23/2023 13:25:05:INFO: Macro F1 score: 0.45138888888888884.
02/23/2023 13:25:05:INFO: ---------confusion_matrix----------
02/23/2023 13:25:05:INFO: 
[[ 41  57   7]
 [ 70 202  17]
 [  8  12   8]]
02/23/2023 13:25:05:INFO: 模型效果验证详情: {'位置第一个显示标签': 0, '其他位置有情感标签': 0, '全句没有情感标签': 0}.
02/23/2023 13:25:05:INFO: ----------------------Evaluate finished.------------------------
02/23/2023 13:25:05:INFO: --------------Epoch. 3.---------------
02/23/2023 13:25:06:INFO: [Epoch. 3.]: 100%|| 8/8 [00:00<00:00, 16.10it/s, avg_loss=1.9]
02/23/2023 13:25:06:INFO: Epoch 3, average loss: 1.9002707935869694
02/23/2023 13:25:06:INFO: --------------Evaluate on Epoch. 3.---------------
02/23/2023 13:25:06:INFO: tensor([28996, 28997, 28998], device='cuda:0')
02/23/2023 13:25:08:INFO: **********Results Comparison**********
02/23/2023 13:25:08:INFO: 真实标签: 
 [1, 2, 2, 2, 2, 2, 2, 2, 2, 2, 2, 2, 2, 3, 2, 2, 2, 2, 3, 2, 2, 3, 1, 1, 1, 2, 1, 2, 2, 2, 2, 2, 3, 1, 2, 3, 2, 2, 3, 1, 2, 2, 2, 2, 3, 2, 2, 1, 2, 2, 2, 2, 2, 2, 2, 1, 2, 2, 1, 2, 1, 1, 2, 2, 1, 1, 2, 2, 2, 2, 2, 2, 2, 3, 1, 1, 2, 2, 2, 1, 2, 2, 2, 2, 2, 2, 3, 2, 2, 2, 1, 1, 1, 2, 1, 1, 1, 2, 1, 2, 1, 1, 2, 1, 1, 2, 1, 2, 1, 2, 3, 2, 1, 2, 2, 2, 2, 2, 3, 2, 2, 1, 2, 2, 2, 3, 2, 2, 2, 2, 2, 2, 2, 2, 2, 3, 2, 2, 2, 2, 3, 2, 2, 1, 2, 2, 2, 2, 2, 1, 2, 2, 1, 1, 1, 2, 2, 2, 2, 2, 1, 2, 2, 2, 2, 2, 2, 1, 2, 2, 2, 2, 2, 2, 1, 2, 1, 2, 2, 2, 2, 2, 1, 2, 2, 3, 3, 2, 3, 2, 2, 2, 2, 1, 1, 2, 2, 2, 2, 2, 1, 2, 1, 2, 1, 2, 1, 2, 2, 1, 2, 2, 1, 2, 2, 2, 2, 2, 2, 1, 2, 2, 2, 1, 3, 1, 3, 2, 2, 3, 2, 2, 2, 1, 2, 1, 2, 2, 2, 3, 2, 2, 3, 2, 2, 2, 3, 2, 2, 2, 2, 1, 2, 2, 1, 2, 2, 2, 3, 1, 2, 2, 2, 2, 1, 1, 2, 1, 2, 2, 1, 2, 2, 1, 2, 2, 2, 1, 2, 2, 2, 1, 2, 2, 2, 2, 2, 2, 2, 2, 2, 1, 1, 2, 2, 2, 1, 2, 2, 2, 2, 2, 2, 2, 2, 2, 2, 2, 2, 2, 1, 1, 2, 2, 2, 2, 1, 3, 1, 1, 2, 1, 1, 2, 1, 1, 2, 2, 2, 1, 2, 2, 2, 2, 1, 2, 2, 2, 2, 2, 1, 2, 1, 2, 1, 2, 2, 1, 2, 2, 1, 2, 2, 2, 2, 1, 2, 2, 2, 2, 2, 2, 3, 2, 2, 2, 3, 2, 2, 1, 2, 1, 2, 2, 2, 2, 1, 2, 2, 2, 2, 1, 2, 1, 1, 1, 2, 1, 1, 2, 1, 2, 2, 2, 2, 1, 2, 1, 2, 1, 1, 2, 2, 2, 2, 2, 2, 2, 3, 2, 1, 2, 2, 1, 2, 1, 2, 2, 2, 1, 1, 1]
02/23/2023 13:25:08:INFO: 预测标签: 
 [1, 3, 2, 2, 2, 1, 2, 2, 1, 3, 1, 2, 2, 2, 2, 2, 2, 1, 2, 2, 2, 2, 2, 1, 2, 3, 1, 2, 1, 2, 2, 3, 3, 2, 1, 1, 2, 1, 3, 2, 1, 2, 1, 2, 1, 1, 2, 2, 2, 3, 3, 2, 2, 1, 2, 1, 1, 3, 3, 1, 1, 2, 1, 2, 1, 3, 2, 2, 1, 1, 1, 2, 2, 2, 2, 2, 1, 2, 1, 1, 2, 2, 2, 2, 3, 1, 1, 1, 2, 2, 1, 3, 1, 3, 2, 1, 2, 2, 2, 2, 1, 3, 2, 3, 2, 1, 1, 2, 1, 2, 3, 2, 1, 2, 2, 2, 2, 1, 2, 3, 2, 1, 2, 2, 2, 2, 2, 2, 2, 1, 2, 1, 1, 1, 2, 3, 1, 1, 1, 2, 1, 2, 2, 3, 2, 2, 3, 2, 1, 2, 2, 2, 3, 3, 2, 2, 2, 3, 2, 2, 2, 2, 2, 1, 2, 2, 2, 1, 2, 2, 2, 1, 2, 1, 2, 1, 1, 2, 1, 2, 3, 1, 2, 3, 1, 1, 2, 1, 3, 2, 1, 2, 2, 1, 1, 2, 1, 2, 2, 2, 2, 2, 2, 2, 2, 2, 1, 1, 1, 3, 2, 3, 2, 2, 2, 1, 1, 2, 2, 3, 1, 2, 2, 3, 3, 2, 2, 2, 2, 2, 1, 3, 2, 3, 2, 1, 3, 1, 2, 1, 2, 2, 3, 2, 2, 2, 3, 3, 2, 1, 1, 2, 1, 2, 1, 1, 2, 2, 1, 2, 1, 2, 1, 2, 2, 1, 2, 1, 2, 2, 2, 2, 3, 2, 1, 2, 3, 3, 2, 3, 2, 1, 2, 2, 1, 2, 3, 2, 2, 1, 2, 1, 2, 2, 2, 1, 2, 1, 2, 2, 1, 2, 2, 2, 2, 1, 1, 2, 3, 3, 1, 1, 2, 2, 2, 1, 2, 2, 2, 2, 3, 2, 1, 2, 1, 1, 2, 1, 2, 2, 1, 1, 2, 1, 1, 2, 2, 1, 1, 2, 2, 1, 2, 2, 1, 3, 2, 1, 2, 2, 1, 2, 1, 2, 1, 3, 1, 2, 2, 1, 2, 2, 1, 2, 2, 3, 1, 3, 1, 3, 2, 2, 2, 1, 2, 2, 3, 3, 1, 3, 1, 1, 2, 1, 1, 1, 1, 2, 1, 2, 2, 1, 3, 2, 2, 2, 1, 3, 2, 1, 2, 2, 2, 2, 2, 2, 2, 2, 3, 2, 1, 2, 2, 1, 2, 2, 1, 3, 3, 1, 2, 2]
02/23/2023 13:25:08:INFO: ---------Evaluated Metrics----------
02/23/2023 13:25:08:INFO: Accuracy: 0.5379146919431279.
02/23/2023 13:25:08:INFO: Macro Precision: 0.41387539784804134.
02/23/2023 13:25:08:INFO: Macro Recall: 0.44751743834788815.
02/23/2023 13:25:08:INFO: Macro F1 score: 0.41555911277114504.
02/23/2023 13:25:08:INFO: ---------confusion_matrix----------
02/23/2023 13:25:08:INFO: 
[[ 44  44  17]
 [ 82 174  33]
 [  9  10   9]]
02/23/2023 13:25:08:INFO: 模型效果验证详情: {'位置第一个显示标签': 0, '其他位置有情感标签': 0, '全句没有情感标签': 0}.
02/23/2023 13:25:08:INFO: ----------------------Evaluate finished.------------------------
02/23/2023 13:25:08:INFO: --------------Epoch. 4.---------------
02/23/2023 13:25:08:INFO: [Epoch. 4.]: 100%|| 8/8 [00:00<00:00, 16.00it/s, avg_loss=1.4]
02/23/2023 13:25:08:INFO: Epoch 4, average loss: 1.3986557200551033
02/23/2023 13:25:08:INFO: --------------Evaluate on Epoch. 4.---------------
02/23/2023 13:25:08:INFO: tensor([28996, 28997, 28998], device='cuda:0')
02/23/2023 13:25:10:INFO: **********Results Comparison**********
02/23/2023 13:25:10:INFO: 真实标签: 
 [1, 2, 2, 2, 2, 2, 2, 2, 2, 2, 2, 2, 2, 3, 2, 2, 2, 2, 3, 2, 2, 3, 1, 1, 1, 2, 1, 2, 2, 2, 2, 2, 3, 1, 2, 3, 2, 2, 3, 1, 2, 2, 2, 2, 3, 2, 2, 1, 2, 2, 2, 2, 2, 2, 2, 1, 2, 2, 1, 2, 1, 1, 2, 2, 1, 1, 2, 2, 2, 2, 2, 2, 2, 3, 1, 1, 2, 2, 2, 1, 2, 2, 2, 2, 2, 2, 3, 2, 2, 2, 1, 1, 1, 2, 1, 1, 1, 2, 1, 2, 1, 1, 2, 1, 1, 2, 1, 2, 1, 2, 3, 2, 1, 2, 2, 2, 2, 2, 3, 2, 2, 1, 2, 2, 2, 3, 2, 2, 2, 2, 2, 2, 2, 2, 2, 3, 2, 2, 2, 2, 3, 2, 2, 1, 2, 2, 2, 2, 2, 1, 2, 2, 1, 1, 1, 2, 2, 2, 2, 2, 1, 2, 2, 2, 2, 2, 2, 1, 2, 2, 2, 2, 2, 2, 1, 2, 1, 2, 2, 2, 2, 2, 1, 2, 2, 3, 3, 2, 3, 2, 2, 2, 2, 1, 1, 2, 2, 2, 2, 2, 1, 2, 1, 2, 1, 2, 1, 2, 2, 1, 2, 2, 1, 2, 2, 2, 2, 2, 2, 1, 2, 2, 2, 1, 3, 1, 3, 2, 2, 3, 2, 2, 2, 1, 2, 1, 2, 2, 2, 3, 2, 2, 3, 2, 2, 2, 3, 2, 2, 2, 2, 1, 2, 2, 1, 2, 2, 2, 3, 1, 2, 2, 2, 2, 1, 1, 2, 1, 2, 2, 1, 2, 2, 1, 2, 2, 2, 1, 2, 2, 2, 1, 2, 2, 2, 2, 2, 2, 2, 2, 2, 1, 1, 2, 2, 2, 1, 2, 2, 2, 2, 2, 2, 2, 2, 2, 2, 2, 2, 2, 1, 1, 2, 2, 2, 2, 1, 3, 1, 1, 2, 1, 1, 2, 1, 1, 2, 2, 2, 1, 2, 2, 2, 2, 1, 2, 2, 2, 2, 2, 1, 2, 1, 2, 1, 2, 2, 1, 2, 2, 1, 2, 2, 2, 2, 1, 2, 2, 2, 2, 2, 2, 3, 2, 2, 2, 3, 2, 2, 1, 2, 1, 2, 2, 2, 2, 1, 2, 2, 2, 2, 1, 2, 1, 1, 1, 2, 1, 1, 2, 1, 2, 2, 2, 2, 1, 2, 1, 2, 1, 1, 2, 2, 2, 2, 2, 2, 2, 3, 2, 1, 2, 2, 1, 2, 1, 2, 2, 2, 1, 1, 1]
02/23/2023 13:25:10:INFO: 预测标签: 
 [1, 3, 2, 2, 2, 3, 2, 2, 1, 3, 1, 1, 2, 2, 2, 2, 2, 1, 2, 2, 2, 3, 2, 2, 2, 3, 1, 2, 1, 2, 2, 3, 3, 2, 1, 1, 2, 2, 3, 2, 1, 2, 1, 2, 1, 1, 2, 2, 2, 3, 3, 2, 2, 2, 1, 1, 1, 3, 3, 3, 1, 2, 1, 2, 1, 3, 2, 2, 1, 3, 1, 2, 3, 2, 2, 2, 1, 2, 1, 1, 3, 2, 2, 2, 3, 3, 2, 1, 2, 2, 3, 3, 1, 3, 2, 1, 2, 2, 2, 2, 1, 3, 2, 3, 2, 1, 1, 2, 1, 2, 3, 1, 1, 2, 2, 2, 2, 1, 1, 3, 2, 1, 2, 2, 2, 2, 2, 2, 2, 1, 2, 1, 1, 1, 2, 3, 1, 1, 3, 2, 1, 2, 2, 3, 2, 2, 3, 2, 2, 2, 2, 2, 3, 3, 2, 2, 2, 3, 2, 2, 1, 2, 2, 1, 2, 2, 2, 1, 2, 2, 1, 1, 2, 1, 2, 3, 1, 2, 1, 2, 3, 1, 2, 3, 3, 3, 3, 1, 3, 2, 1, 2, 2, 1, 3, 2, 1, 2, 2, 2, 2, 2, 2, 2, 2, 2, 1, 3, 1, 3, 2, 3, 2, 2, 2, 1, 2, 2, 2, 3, 1, 2, 2, 3, 3, 2, 2, 2, 2, 2, 1, 3, 2, 3, 2, 2, 3, 1, 2, 1, 2, 2, 3, 2, 2, 2, 3, 3, 2, 1, 1, 2, 1, 2, 1, 1, 2, 2, 1, 2, 1, 2, 3, 2, 2, 1, 2, 1, 2, 2, 2, 2, 3, 1, 1, 2, 3, 3, 2, 3, 2, 1, 2, 2, 1, 2, 3, 2, 2, 1, 2, 3, 2, 2, 1, 2, 2, 1, 2, 2, 1, 2, 2, 2, 2, 3, 1, 2, 3, 3, 1, 1, 2, 2, 2, 1, 2, 2, 2, 2, 3, 2, 1, 2, 1, 1, 1, 2, 2, 2, 2, 1, 2, 1, 3, 2, 2, 1, 1, 2, 2, 1, 2, 2, 1, 3, 2, 1, 2, 2, 1, 2, 1, 2, 1, 3, 1, 2, 2, 1, 2, 2, 1, 2, 2, 3, 1, 3, 1, 3, 2, 2, 2, 1, 2, 2, 3, 3, 1, 3, 3, 1, 2, 1, 1, 3, 2, 1, 1, 2, 2, 3, 3, 2, 2, 2, 1, 3, 2, 1, 2, 2, 2, 2, 1, 1, 2, 1, 3, 2, 1, 2, 2, 1, 1, 2, 1, 3, 3, 1, 2, 2]
02/23/2023 13:25:10:INFO: ---------Evaluated Metrics----------
02/23/2023 13:25:10:INFO: Accuracy: 0.5260663507109005.
02/23/2023 13:25:10:INFO: Macro Precision: 0.41690408357075026.
02/23/2023 13:25:10:INFO: Macro Recall: 0.4659197012138188.
02/23/2023 13:25:10:INFO: Macro F1 score: 0.41413523615358483.
02/23/2023 13:25:10:INFO: ---------confusion_matrix----------
02/23/2023 13:25:10:INFO: 
[[ 40  43  22]
 [ 72 170  47]
 [  8   8  12]]
02/23/2023 13:25:10:INFO: 模型效果验证详情: {'位置第一个显示标签': 0, '其他位置有情感标签': 0, '全句没有情感标签': 0}.
02/23/2023 13:25:10:INFO: ----------------------Evaluate finished.------------------------
02/23/2023 13:25:10:INFO: --------------Epoch. 5.---------------
02/23/2023 13:25:11:INFO: [Epoch. 5.]: 100%|| 8/8 [00:00<00:00, 16.13it/s, avg_loss=1.1]
02/23/2023 13:25:11:INFO: Epoch 5, average loss: 1.1029566749930382
02/23/2023 13:25:11:INFO: --------------Evaluate on Epoch. 5.---------------
02/23/2023 13:25:11:INFO: tensor([28996, 28997, 28998], device='cuda:0')
02/23/2023 13:25:13:INFO: **********Results Comparison**********
02/23/2023 13:25:13:INFO: 真实标签: 
 [1, 2, 2, 2, 2, 2, 2, 2, 2, 2, 2, 2, 2, 3, 2, 2, 2, 2, 3, 2, 2, 3, 1, 1, 1, 2, 1, 2, 2, 2, 2, 2, 3, 1, 2, 3, 2, 2, 3, 1, 2, 2, 2, 2, 3, 2, 2, 1, 2, 2, 2, 2, 2, 2, 2, 1, 2, 2, 1, 2, 1, 1, 2, 2, 1, 1, 2, 2, 2, 2, 2, 2, 2, 3, 1, 1, 2, 2, 2, 1, 2, 2, 2, 2, 2, 2, 3, 2, 2, 2, 1, 1, 1, 2, 1, 1, 1, 2, 1, 2, 1, 1, 2, 1, 1, 2, 1, 2, 1, 2, 3, 2, 1, 2, 2, 2, 2, 2, 3, 2, 2, 1, 2, 2, 2, 3, 2, 2, 2, 2, 2, 2, 2, 2, 2, 3, 2, 2, 2, 2, 3, 2, 2, 1, 2, 2, 2, 2, 2, 1, 2, 2, 1, 1, 1, 2, 2, 2, 2, 2, 1, 2, 2, 2, 2, 2, 2, 1, 2, 2, 2, 2, 2, 2, 1, 2, 1, 2, 2, 2, 2, 2, 1, 2, 2, 3, 3, 2, 3, 2, 2, 2, 2, 1, 1, 2, 2, 2, 2, 2, 1, 2, 1, 2, 1, 2, 1, 2, 2, 1, 2, 2, 1, 2, 2, 2, 2, 2, 2, 1, 2, 2, 2, 1, 3, 1, 3, 2, 2, 3, 2, 2, 2, 1, 2, 1, 2, 2, 2, 3, 2, 2, 3, 2, 2, 2, 3, 2, 2, 2, 2, 1, 2, 2, 1, 2, 2, 2, 3, 1, 2, 2, 2, 2, 1, 1, 2, 1, 2, 2, 1, 2, 2, 1, 2, 2, 2, 1, 2, 2, 2, 1, 2, 2, 2, 2, 2, 2, 2, 2, 2, 1, 1, 2, 2, 2, 1, 2, 2, 2, 2, 2, 2, 2, 2, 2, 2, 2, 2, 2, 1, 1, 2, 2, 2, 2, 1, 3, 1, 1, 2, 1, 1, 2, 1, 1, 2, 2, 2, 1, 2, 2, 2, 2, 1, 2, 2, 2, 2, 2, 1, 2, 1, 2, 1, 2, 2, 1, 2, 2, 1, 2, 2, 2, 2, 1, 2, 2, 2, 2, 2, 2, 3, 2, 2, 2, 3, 2, 2, 1, 2, 1, 2, 2, 2, 2, 1, 2, 2, 2, 2, 1, 2, 1, 1, 1, 2, 1, 1, 2, 1, 2, 2, 2, 2, 1, 2, 1, 2, 1, 1, 2, 2, 2, 2, 2, 2, 2, 3, 2, 1, 2, 2, 1, 2, 1, 2, 2, 2, 1, 1, 1]
02/23/2023 13:25:13:INFO: 预测标签: 
 [3, 3, 2, 2, 2, 3, 2, 2, 1, 3, 1, 1, 2, 2, 2, 2, 2, 3, 3, 2, 2, 3, 2, 1, 2, 3, 1, 2, 1, 1, 1, 3, 3, 2, 1, 1, 2, 3, 3, 2, 1, 2, 1, 2, 1, 1, 2, 3, 2, 3, 3, 1, 2, 2, 3, 1, 1, 3, 3, 3, 1, 2, 1, 2, 1, 3, 2, 2, 1, 3, 1, 3, 3, 1, 2, 3, 1, 2, 3, 1, 3, 2, 2, 2, 3, 3, 3, 1, 2, 2, 3, 3, 3, 3, 2, 1, 2, 3, 2, 2, 1, 3, 2, 3, 2, 1, 1, 2, 1, 3, 3, 1, 3, 2, 2, 1, 2, 3, 1, 3, 2, 1, 2, 2, 2, 2, 2, 2, 2, 3, 3, 1, 3, 1, 2, 3, 3, 3, 3, 2, 3, 2, 2, 3, 2, 1, 3, 2, 3, 1, 2, 2, 3, 3, 2, 3, 1, 3, 2, 2, 1, 2, 2, 1, 3, 2, 2, 1, 2, 2, 1, 3, 2, 3, 2, 3, 1, 1, 1, 2, 3, 1, 1, 3, 3, 3, 3, 3, 3, 2, 1, 2, 2, 1, 3, 2, 3, 3, 2, 3, 2, 2, 2, 2, 2, 2, 3, 3, 1, 3, 2, 3, 2, 2, 2, 1, 1, 2, 2, 3, 3, 2, 2, 3, 3, 2, 2, 3, 3, 2, 1, 3, 2, 3, 2, 1, 3, 1, 2, 1, 3, 2, 3, 3, 2, 3, 3, 3, 2, 1, 1, 3, 3, 2, 1, 1, 2, 1, 1, 2, 1, 3, 3, 2, 2, 1, 2, 1, 3, 2, 2, 2, 3, 1, 1, 1, 3, 3, 2, 3, 2, 1, 2, 2, 1, 3, 3, 2, 2, 1, 2, 3, 2, 2, 1, 1, 2, 3, 1, 2, 3, 2, 2, 2, 3, 3, 1, 2, 3, 3, 3, 3, 2, 2, 2, 3, 2, 2, 2, 2, 3, 2, 3, 2, 3, 3, 1, 1, 2, 2, 1, 1, 2, 3, 3, 2, 2, 3, 1, 3, 1, 1, 2, 2, 1, 3, 1, 1, 2, 2, 1, 2, 1, 2, 1, 3, 1, 3, 2, 1, 2, 2, 1, 2, 2, 3, 1, 3, 3, 3, 2, 2, 1, 1, 2, 2, 3, 3, 1, 3, 3, 3, 2, 1, 1, 3, 1, 1, 1, 2, 2, 3, 3, 2, 2, 2, 1, 3, 1, 1, 1, 1, 2, 3, 3, 1, 2, 3, 3, 2, 1, 2, 1, 3, 1, 2, 1, 3, 3, 1, 2, 2]
02/23/2023 13:25:13:INFO: ---------Evaluated Metrics----------
02/23/2023 13:25:13:INFO: Accuracy: 0.4218009478672986.
02/23/2023 13:25:13:INFO: Macro Precision: 0.3939451273198338.
02/23/2023 13:25:13:INFO: Macro Recall: 0.43731806448069427.
02/23/2023 13:25:13:INFO: Macro F1 score: 0.35299167147947225.
02/23/2023 13:25:13:INFO: ---------confusion_matrix----------
02/23/2023 13:25:13:INFO: 
[[ 35  34  36]
 [ 70 128  91]
 [  8   5  15]]
02/23/2023 13:25:13:INFO: 模型效果验证详情: {'位置第一个显示标签': 0, '其他位置有情感标签': 0, '全句没有情感标签': 0}.
02/23/2023 13:25:13:INFO: ----------------------Evaluate finished.------------------------
02/23/2023 13:25:13:INFO: --------------Epoch. 6.---------------
02/23/2023 13:25:14:INFO: [Epoch. 6.]: 100%|| 8/8 [00:00<00:00, 15.94it/s, avg_loss=0.83]
02/23/2023 13:25:14:INFO: Epoch 6, average loss: 0.8301193099468946
02/23/2023 13:25:14:INFO: --------------Evaluate on Epoch. 6.---------------
02/23/2023 13:25:14:INFO: tensor([28996, 28997, 28998], device='cuda:0')
02/23/2023 13:25:16:INFO: **********Results Comparison**********
02/23/2023 13:25:16:INFO: 真实标签: 
 [1, 2, 2, 2, 2, 2, 2, 2, 2, 2, 2, 2, 2, 3, 2, 2, 2, 2, 3, 2, 2, 3, 1, 1, 1, 2, 1, 2, 2, 2, 2, 2, 3, 1, 2, 3, 2, 2, 3, 1, 2, 2, 2, 2, 3, 2, 2, 1, 2, 2, 2, 2, 2, 2, 2, 1, 2, 2, 1, 2, 1, 1, 2, 2, 1, 1, 2, 2, 2, 2, 2, 2, 2, 3, 1, 1, 2, 2, 2, 1, 2, 2, 2, 2, 2, 2, 3, 2, 2, 2, 1, 1, 1, 2, 1, 1, 1, 2, 1, 2, 1, 1, 2, 1, 1, 2, 1, 2, 1, 2, 3, 2, 1, 2, 2, 2, 2, 2, 3, 2, 2, 1, 2, 2, 2, 3, 2, 2, 2, 2, 2, 2, 2, 2, 2, 3, 2, 2, 2, 2, 3, 2, 2, 1, 2, 2, 2, 2, 2, 1, 2, 2, 1, 1, 1, 2, 2, 2, 2, 2, 1, 2, 2, 2, 2, 2, 2, 1, 2, 2, 2, 2, 2, 2, 1, 2, 1, 2, 2, 2, 2, 2, 1, 2, 2, 3, 3, 2, 3, 2, 2, 2, 2, 1, 1, 2, 2, 2, 2, 2, 1, 2, 1, 2, 1, 2, 1, 2, 2, 1, 2, 2, 1, 2, 2, 2, 2, 2, 2, 1, 2, 2, 2, 1, 3, 1, 3, 2, 2, 3, 2, 2, 2, 1, 2, 1, 2, 2, 2, 3, 2, 2, 3, 2, 2, 2, 3, 2, 2, 2, 2, 1, 2, 2, 1, 2, 2, 2, 3, 1, 2, 2, 2, 2, 1, 1, 2, 1, 2, 2, 1, 2, 2, 1, 2, 2, 2, 1, 2, 2, 2, 1, 2, 2, 2, 2, 2, 2, 2, 2, 2, 1, 1, 2, 2, 2, 1, 2, 2, 2, 2, 2, 2, 2, 2, 2, 2, 2, 2, 2, 1, 1, 2, 2, 2, 2, 1, 3, 1, 1, 2, 1, 1, 2, 1, 1, 2, 2, 2, 1, 2, 2, 2, 2, 1, 2, 2, 2, 2, 2, 1, 2, 1, 2, 1, 2, 2, 1, 2, 2, 1, 2, 2, 2, 2, 1, 2, 2, 2, 2, 2, 2, 3, 2, 2, 2, 3, 2, 2, 1, 2, 1, 2, 2, 2, 2, 1, 2, 2, 2, 2, 1, 2, 1, 1, 1, 2, 1, 1, 2, 1, 2, 2, 2, 2, 1, 2, 1, 2, 1, 1, 2, 2, 2, 2, 2, 2, 2, 3, 2, 1, 2, 2, 1, 2, 1, 2, 2, 2, 1, 1, 1]
02/23/2023 13:25:16:INFO: 预测标签: 
 [3, 3, 2, 2, 2, 3, 2, 2, 1, 3, 1, 1, 2, 2, 2, 2, 2, 3, 3, 3, 2, 3, 2, 1, 2, 3, 1, 2, 1, 1, 3, 3, 3, 2, 1, 3, 2, 3, 3, 2, 1, 2, 1, 2, 1, 1, 2, 3, 2, 3, 3, 1, 2, 1, 3, 1, 1, 3, 3, 3, 1, 2, 1, 2, 1, 3, 2, 1, 1, 3, 1, 3, 3, 1, 2, 3, 1, 2, 3, 1, 3, 2, 2, 2, 3, 3, 3, 1, 2, 2, 3, 3, 3, 3, 3, 1, 2, 3, 2, 2, 1, 3, 2, 3, 2, 3, 1, 3, 1, 3, 3, 3, 1, 2, 3, 1, 2, 1, 1, 3, 2, 1, 2, 2, 2, 2, 2, 2, 2, 3, 3, 1, 3, 1, 2, 3, 3, 3, 3, 2, 3, 2, 2, 3, 2, 1, 3, 2, 3, 1, 2, 2, 3, 3, 2, 3, 1, 3, 2, 2, 1, 2, 2, 1, 3, 2, 2, 1, 2, 2, 3, 3, 2, 3, 2, 3, 1, 1, 1, 3, 3, 1, 1, 3, 3, 3, 3, 3, 3, 2, 1, 2, 2, 1, 3, 2, 3, 3, 2, 3, 2, 2, 2, 2, 2, 2, 3, 3, 1, 3, 2, 3, 2, 2, 2, 1, 1, 2, 2, 3, 3, 2, 2, 3, 3, 2, 2, 3, 3, 2, 1, 3, 2, 3, 2, 1, 3, 1, 2, 3, 3, 3, 3, 3, 2, 3, 3, 3, 2, 1, 1, 3, 3, 2, 1, 1, 2, 1, 1, 2, 1, 3, 3, 2, 2, 1, 2, 1, 3, 2, 2, 2, 3, 1, 1, 1, 3, 3, 2, 3, 2, 1, 2, 2, 1, 3, 3, 2, 2, 1, 2, 3, 2, 2, 1, 1, 2, 3, 1, 2, 3, 2, 2, 2, 3, 3, 1, 2, 3, 3, 3, 3, 2, 2, 2, 3, 2, 2, 2, 2, 3, 2, 3, 2, 3, 3, 1, 1, 2, 2, 1, 1, 2, 3, 3, 2, 2, 3, 3, 3, 1, 1, 1, 2, 1, 3, 1, 1, 2, 2, 1, 2, 1, 2, 3, 3, 1, 3, 2, 1, 2, 2, 1, 2, 2, 3, 3, 3, 3, 3, 2, 2, 1, 1, 2, 2, 3, 3, 1, 3, 3, 3, 2, 1, 1, 3, 1, 1, 1, 2, 2, 3, 3, 2, 2, 2, 1, 3, 1, 1, 1, 1, 2, 3, 3, 1, 2, 3, 3, 2, 1, 2, 1, 3, 1, 2, 1, 3, 3, 1, 2, 2]
02/23/2023 13:25:16:INFO: ---------Evaluated Metrics----------
02/23/2023 13:25:16:INFO: Accuracy: 0.41706161137440756.
02/23/2023 13:25:16:INFO: Macro Precision: 0.40713378611753165.
02/23/2023 13:25:16:INFO: Macro Recall: 0.4713077387817872.
02/23/2023 13:25:16:INFO: Macro F1 score: 0.3613009095357585.
02/23/2023 13:25:16:INFO: ---------confusion_matrix----------
02/23/2023 13:25:16:INFO: 
[[ 37  32  36]
 [ 67 121 101]
 [  5   5  18]]
02/23/2023 13:25:16:INFO: 模型效果验证详情: {'位置第一个显示标签': 0, '其他位置有情感标签': 0, '全句没有情感标签': 0}.
02/23/2023 13:25:16:INFO: ----------------------Evaluate finished.------------------------
02/23/2023 13:25:16:INFO: --------------Epoch. 7.---------------
02/23/2023 13:25:16:INFO: [Epoch. 7.]: 100%|| 8/8 [00:00<00:00, 16.32it/s, avg_loss=0.65]
02/23/2023 13:25:16:INFO: Epoch 7, average loss: 0.6496208924800158
02/23/2023 13:25:16:INFO: --------------Evaluate on Epoch. 7.---------------
02/23/2023 13:25:16:INFO: tensor([28996, 28997, 28998], device='cuda:0')
02/23/2023 13:25:19:INFO: **********Results Comparison**********
02/23/2023 13:25:19:INFO: 真实标签: 
 [1, 2, 2, 2, 2, 2, 2, 2, 2, 2, 2, 2, 2, 3, 2, 2, 2, 2, 3, 2, 2, 3, 1, 1, 1, 2, 1, 2, 2, 2, 2, 2, 3, 1, 2, 3, 2, 2, 3, 1, 2, 2, 2, 2, 3, 2, 2, 1, 2, 2, 2, 2, 2, 2, 2, 1, 2, 2, 1, 2, 1, 1, 2, 2, 1, 1, 2, 2, 2, 2, 2, 2, 2, 3, 1, 1, 2, 2, 2, 1, 2, 2, 2, 2, 2, 2, 3, 2, 2, 2, 1, 1, 1, 2, 1, 1, 1, 2, 1, 2, 1, 1, 2, 1, 1, 2, 1, 2, 1, 2, 3, 2, 1, 2, 2, 2, 2, 2, 3, 2, 2, 1, 2, 2, 2, 3, 2, 2, 2, 2, 2, 2, 2, 2, 2, 3, 2, 2, 2, 2, 3, 2, 2, 1, 2, 2, 2, 2, 2, 1, 2, 2, 1, 1, 1, 2, 2, 2, 2, 2, 1, 2, 2, 2, 2, 2, 2, 1, 2, 2, 2, 2, 2, 2, 1, 2, 1, 2, 2, 2, 2, 2, 1, 2, 2, 3, 3, 2, 3, 2, 2, 2, 2, 1, 1, 2, 2, 2, 2, 2, 1, 2, 1, 2, 1, 2, 1, 2, 2, 1, 2, 2, 1, 2, 2, 2, 2, 2, 2, 1, 2, 2, 2, 1, 3, 1, 3, 2, 2, 3, 2, 2, 2, 1, 2, 1, 2, 2, 2, 3, 2, 2, 3, 2, 2, 2, 3, 2, 2, 2, 2, 1, 2, 2, 1, 2, 2, 2, 3, 1, 2, 2, 2, 2, 1, 1, 2, 1, 2, 2, 1, 2, 2, 1, 2, 2, 2, 1, 2, 2, 2, 1, 2, 2, 2, 2, 2, 2, 2, 2, 2, 1, 1, 2, 2, 2, 1, 2, 2, 2, 2, 2, 2, 2, 2, 2, 2, 2, 2, 2, 1, 1, 2, 2, 2, 2, 1, 3, 1, 1, 2, 1, 1, 2, 1, 1, 2, 2, 2, 1, 2, 2, 2, 2, 1, 2, 2, 2, 2, 2, 1, 2, 1, 2, 1, 2, 2, 1, 2, 2, 1, 2, 2, 2, 2, 1, 2, 2, 2, 2, 2, 2, 3, 2, 2, 2, 3, 2, 2, 1, 2, 1, 2, 2, 2, 2, 1, 2, 2, 2, 2, 1, 2, 1, 1, 1, 2, 1, 1, 2, 1, 2, 2, 2, 2, 1, 2, 1, 2, 1, 1, 2, 2, 2, 2, 2, 2, 2, 3, 2, 1, 2, 2, 1, 2, 1, 2, 2, 2, 1, 1, 1]
02/23/2023 13:25:19:INFO: 预测标签: 
 [3, 3, 2, 2, 2, 3, 2, 2, 1, 3, 1, 1, 2, 2, 2, 2, 2, 3, 3, 2, 2, 3, 2, 1, 2, 3, 1, 2, 1, 1, 3, 3, 3, 2, 1, 3, 2, 2, 3, 2, 1, 2, 1, 2, 1, 1, 2, 3, 2, 3, 3, 1, 2, 2, 3, 1, 1, 3, 3, 3, 1, 2, 1, 2, 1, 3, 2, 2, 1, 3, 1, 3, 3, 1, 2, 3, 1, 2, 3, 1, 3, 2, 2, 2, 3, 3, 2, 2, 2, 2, 3, 3, 3, 3, 2, 1, 2, 3, 2, 2, 1, 3, 2, 3, 2, 3, 1, 3, 1, 3, 3, 3, 1, 2, 3, 1, 2, 1, 1, 3, 2, 1, 2, 2, 2, 2, 2, 2, 2, 3, 3, 1, 3, 1, 2, 3, 3, 3, 3, 2, 3, 2, 2, 3, 2, 1, 3, 2, 2, 1, 2, 2, 3, 3, 2, 3, 1, 3, 2, 2, 1, 2, 2, 1, 3, 2, 2, 1, 2, 2, 3, 3, 2, 3, 2, 3, 1, 1, 1, 2, 3, 1, 1, 3, 3, 3, 3, 3, 3, 2, 2, 2, 2, 1, 3, 2, 3, 3, 2, 3, 2, 2, 2, 2, 2, 2, 3, 2, 2, 3, 2, 3, 2, 2, 2, 1, 1, 2, 2, 3, 3, 2, 2, 2, 3, 2, 2, 3, 3, 2, 1, 3, 2, 2, 2, 1, 3, 1, 2, 1, 3, 2, 3, 3, 2, 3, 3, 3, 2, 1, 1, 3, 3, 2, 1, 1, 2, 1, 1, 2, 1, 3, 3, 2, 2, 1, 2, 1, 3, 2, 2, 2, 3, 1, 1, 2, 3, 3, 2, 3, 2, 1, 2, 2, 1, 3, 3, 2, 2, 1, 2, 3, 2, 2, 1, 1, 2, 1, 2, 2, 1, 2, 2, 2, 3, 3, 1, 2, 3, 3, 3, 3, 2, 2, 2, 3, 2, 2, 2, 2, 3, 2, 1, 2, 3, 3, 1, 1, 2, 2, 1, 1, 2, 3, 3, 2, 2, 3, 1, 3, 1, 1, 1, 2, 1, 3, 1, 1, 2, 2, 1, 2, 1, 2, 3, 3, 1, 3, 2, 1, 2, 2, 1, 2, 2, 3, 3, 3, 2, 3, 2, 2, 1, 1, 2, 2, 3, 3, 1, 3, 3, 3, 2, 1, 1, 3, 1, 1, 1, 2, 2, 3, 3, 2, 2, 2, 1, 3, 1, 1, 1, 1, 2, 3, 3, 1, 2, 3, 3, 2, 1, 2, 1, 3, 1, 2, 1, 3, 3, 1, 2, 2]
02/23/2023 13:25:19:INFO: ---------Evaluated Metrics----------
02/23/2023 13:25:19:INFO: Accuracy: 0.44786729857819907.
02/23/2023 13:25:19:INFO: Macro Precision: 0.41243118504346904.
02/23/2023 13:25:19:INFO: Macro Recall: 0.46682045367166475.
02/23/2023 13:25:19:INFO: Macro F1 score: 0.3769174979317081.
02/23/2023 13:25:19:INFO: ---------confusion_matrix----------
02/23/2023 13:25:19:INFO: 
[[ 38  35  32]
 [ 63 135  91]
 [  6   6  16]]
02/23/2023 13:25:19:INFO: 模型效果验证详情: {'位置第一个显示标签': 0, '其他位置有情感标签': 0, '全句没有情感标签': 0}.
02/23/2023 13:25:19:INFO: ----------------------Evaluate finished.------------------------
02/23/2023 13:25:19:INFO: Based on [2.th Epoch] best_accuracy: 0.6279620853080569.
02/23/2023 13:25:19:INFO: latest 5 epochs not seen performance increased, early stop.
02/23/2023 13:25:19:INFO: ********** Best Results on Dev Dataset **********
02/23/2023 13:25:19:INFO: Best Accuracy: 0.6279620853080569.
02/23/2023 13:25:19:INFO: Best Macro Precision: 0.4466417563335297.
02/23/2023 13:25:19:INFO: Best Macro Recall: 0.45838413796891303.
02/23/2023 13:25:19:INFO: Best Macro F1 score: 0.45138888888888884.
02/23/2023 13:25:19:INFO: ***** Training Over *****
02/23/2023 13:25:19:INFO: --------------Testing ...---------------
02/23/2023 13:25:19:INFO: tensor([28996, 28997, 28998], device='cuda:0')
02/23/2023 13:25:20:INFO: **********Results Comparison**********
02/23/2023 13:25:20:INFO: 真实标签: 
 [1, 2, 3, 2, 2, 2, 2, 2, 1, 1, 2, 2, 1, 2, 2, 2, 2, 2, 1, 2, 1, 2, 2, 2, 3, 3, 2, 2, 1, 2, 2, 2, 1, 1, 1, 2, 1, 1, 2, 2, 2, 2, 2, 1, 1, 2, 1, 2, 2, 2, 2, 2, 2, 2, 2, 2, 3, 2, 2, 2, 2, 1, 1, 1, 2, 1, 1, 2, 1, 3, 2, 2, 2, 2, 2, 2, 2, 2, 2, 3, 2, 2, 2, 1, 2, 1, 1, 2, 1, 2, 1, 2, 2, 2, 1, 2, 1, 2, 1, 3, 1, 2, 2, 2, 2, 2, 2, 2, 2, 2, 2, 2, 2, 2, 2, 1, 3, 2, 2, 1, 2, 2, 2, 2, 2, 1, 2, 2, 2, 3, 2, 2, 1, 2, 2, 2, 3, 2, 1, 2, 2, 2, 2, 2, 2, 2, 2, 1, 2, 1, 2, 1, 2, 2, 2, 2, 2, 1, 2, 1, 1, 2, 2, 2, 2, 2, 2, 1, 2, 2, 1, 3, 2, 2, 1, 2, 1, 2, 2, 2, 2, 1, 1, 1, 2, 2, 1, 1, 2, 2, 3, 1, 1, 1, 1, 2, 2, 2, 1, 1, 2, 2, 1, 1, 2, 1, 1, 2, 1, 2, 1, 2, 3, 1, 2, 2, 2, 2, 2, 2, 1, 2, 2, 2, 2, 2, 2, 2, 1, 2, 1, 2]
02/23/2023 13:25:20:INFO: 预测标签: 
 [2, 1, 2, 2, 3, 1, 2, 2, 2, 2, 2, 3, 2, 3, 2, 1, 1, 2, 1, 2, 2, 2, 1, 2, 3, 3, 2, 3, 3, 2, 2, 2, 2, 2, 2, 2, 3, 2, 1, 1, 2, 1, 2, 2, 2, 2, 1, 2, 2, 2, 2, 3, 3, 3, 2, 3, 3, 2, 1, 2, 2, 2, 2, 2, 3, 3, 2, 2, 3, 3, 2, 2, 1, 2, 2, 2, 2, 2, 2, 2, 3, 1, 3, 2, 2, 2, 1, 2, 3, 3, 3, 3, 1, 1, 2, 3, 1, 2, 3, 2, 1, 2, 2, 2, 3, 3, 2, 2, 2, 1, 3, 3, 2, 1, 3, 2, 3, 2, 3, 1, 2, 3, 1, 2, 3, 1, 1, 3, 1, 2, 2, 3, 1, 1, 2, 2, 2, 3, 3, 2, 3, 2, 2, 1, 2, 2, 3, 2, 3, 1, 3, 2, 2, 2, 1, 3, 3, 2, 1, 2, 1, 3, 1, 2, 3, 2, 3, 2, 2, 2, 2, 2, 3, 2, 3, 3, 3, 1, 3, 2, 3, 3, 1, 3, 3, 3, 3, 3, 2, 1, 2, 3, 2, 2, 2, 2, 2, 1, 2, 3, 2, 2, 3, 1, 2, 2, 3, 2, 2, 2, 2, 1, 3, 1, 1, 2, 3, 1, 2, 2, 2, 2, 2, 1, 2, 3, 3, 2, 1, 2, 3, 3]
02/23/2023 13:25:20:INFO: ---------Evaluated Metrics----------
02/23/2023 13:25:20:INFO: Accuracy: 0.4267241379310345.
02/23/2023 13:25:20:INFO: Macro Precision: 0.3563346287131453.
02/23/2023 13:25:20:INFO: Macro Recall: 0.3966665143135732.
02/23/2023 13:25:20:INFO: Macro F1 score: 0.32725642363375507.
02/23/2023 13:25:20:INFO: ---------confusion_matrix----------
02/23/2023 13:25:20:INFO: 
[[14 33 19]
 [30 79 44]
 [ 0  7  6]]
02/23/2023 13:25:20:INFO: 模型效果验证详情: {'位置第一个显示标签': 0, '其他位置有情感标签': 0, '全句没有情感标签': 0}.
02/23/2023 13:25:20:INFO: ----------------------Testing finished.------------------------
02/23/2023 13:25:20:INFO: bengio.
