02/23/2023 13:12:43:INFO: start.
02/23/2023 13:12:43:INFO: --------hyper-arguments for this training.--------
02/23/2023 13:12:43:INFO: Namespace(answer_strategy='inter_logits_core_token', batch_size=2, dataset='rest15', eval_pre_epochs=1, few_shot=10, learning_rate=1e-05, log_file=None, model_type='WT2ABSA_Mean', patience=5, pre_trained_model='pretrainedmodels/bert-base-cased', save_best_model=False, seed=985, total_epochs=20)
02/23/2023 13:12:43:INFO: ----------dataset files------------
02/23/2023 13:12:43:INFO: {'train': '../WordTrans2ABSA/dataset/rest15/train.json', 'dev': '../WordTrans2ABSA/dataset/rest15/dev.json', 'test': '../WordTrans2ABSA/dataset/rest15/test.json'}
02/23/2023 13:12:48:WARNING: Using custom data configuration default-c3b60632a9f2d90d
02/23/2023 13:12:48:WARNING: Reusing dataset json (C:\Users\Super-IdoI\.cache\huggingface\datasets\json\default-c3b60632a9f2d90d\0.0.0\45636811569ec4a6630521c18235dfbbab83b7ab572e3393c5ba68ccabe98264)
02/23/2023 13:12:48:INFO: -----------------------------------
02/23/2023 13:12:48:INFO: {'I-POS': ['good', 'clever', 'excellent', 'effectual', 'beautiful', 'nice', 'useful', 'well', 'fantastic'], 'I-NEU': ['Michael', 'John', 'David', 'Thomas', 'Martin', 'Paul'], 'I-NEG': ['bad', 'terrible', 'awful', 'badly', 'terrible', 'poor', 'unfortunate', 'harmful', 'dirty', 'sorry']}
02/23/2023 13:12:48:INFO: -----------------------------------
02/23/2023 13:12:48:INFO: {'O': 0, 'I-POS': 1, 'I-NEU': 2, 'I-NEG': 3}
02/23/2023 13:12:48:INFO: {0: 'O', 1: 'I-POS', 2: 'I-NEU', 3: 'I-NEG'}
02/23/2023 13:12:50:INFO: -----------------------------------
02/23/2023 13:12:50:INFO: {'I-POS': 28996, 'I-NEU': 28997, 'I-NEG': 28998}
02/23/2023 13:12:50:INFO: {28996: 'I-POS', 28997: 'I-NEU', 28998: 'I-NEG'}
02/23/2023 13:12:50:INFO: start preprocess dataset.
02/23/2023 13:12:50:INFO: dataset preprocess finished.
02/23/2023 13:12:50:INFO: Train: 30, Dev: 82, Test: 400.
02/23/2023 13:12:50:INFO: dataloader prepare finished.
02/23/2023 13:12:50:INFO: ***** Start Training *****
02/23/2023 13:12:50:INFO: Total Epochs: 20
02/23/2023 13:12:50:INFO: validate on per-1 epochs.
02/23/2023 13:12:50:INFO: Training Samples Count: 30.
02/23/2023 13:12:50:INFO: Batch Size: 2, 每轮 15 Batch.
02/23/2023 13:12:50:INFO: Learning Rate: 1e-05
02/23/2023 13:12:50:INFO: --------------Epoch. 1.---------------
02/23/2023 13:12:51:INFO: [Epoch. 1.]: 100%|| 15/15 [00:01<00:00, 13.74it/s, avg_loss=1.96]
02/23/2023 13:12:51:INFO: Epoch 1, average loss: 1.959301229317983
02/23/2023 13:12:51:INFO: --------------Evaluate on Epoch. 1.---------------
02/23/2023 13:12:51:INFO: tensor([28996, 28997, 28998], device='cuda:0')
02/23/2023 13:12:51:INFO: **********Results Comparison**********
02/23/2023 13:12:51:INFO: 真实标签: 
 [3, 1, 1, 1, 1, 1, 3, 1, 3, 1, 1, 1, 1, 1, 1, 1, 1, 1, 1, 1, 1, 1, 1, 1, 3, 2, 1, 1, 1, 1, 3, 1, 1, 1, 1, 1, 1, 1, 3, 1, 1, 1, 1, 1, 3, 1, 1, 1, 1, 1, 3, 1, 1, 1, 1, 1, 3, 1, 1, 3, 1, 1, 1, 3, 1, 1, 1, 1, 1, 1, 1, 3, 1, 1, 1, 1, 3, 1, 1, 1, 1, 1]
02/23/2023 13:12:51:INFO: 预测标签: 
 [2, 1, 1, 1, 1, 1, 3, 1, 1, 2, 1, 1, 2, 1, 1, 1, 1, 2, 1, 2, 1, 1, 3, 1, 1, 2, 1, 1, 1, 1, 1, 1, 2, 1, 1, 1, 1, 1, 2, 1, 1, 1, 2, 1, 1, 1, 1, 1, 2, 1, 3, 2, 1, 1, 2, 2, 2, 1, 1, 1, 1, 1, 1, 1, 3, 1, 1, 1, 1, 2, 1, 3, 1, 1, 1, 1, 1, 1, 2, 1, 1, 1]
02/23/2023 13:12:51:INFO: ---------Evaluated Metrics----------
02/23/2023 13:12:51:INFO: Accuracy: 0.7073170731707317.
02/23/2023 13:12:51:INFO: Macro Precision: 0.5159153005464481.
02/23/2023 13:12:51:INFO: Macro Recall: 0.6749622926093514.
02/23/2023 13:12:51:INFO: Macro F1 score: 0.42939656482748134.
02/23/2023 13:12:51:INFO: ---------confusion_matrix----------
02/23/2023 13:12:51:INFO: 
[[54 12  2]
 [ 0  1  0]
 [ 7  3  3]]
02/23/2023 13:12:51:INFO: 模型效果验证详情: {'位置第一个显示标签': 0, '其他位置有情感标签': 0, '全句没有情感标签': 0}.
02/23/2023 13:12:51:INFO: ----------------------Evaluate finished.------------------------
02/23/2023 13:12:51:INFO: --------------Epoch. 2.---------------
02/23/2023 13:12:52:INFO: [Epoch. 2.]: 100%|| 15/15 [00:00<00:00, 16.23it/s, avg_loss=1.09]
02/23/2023 13:12:52:INFO: Epoch 2, average loss: 1.0927279114723205
02/23/2023 13:12:52:INFO: --------------Evaluate on Epoch. 2.---------------
02/23/2023 13:12:52:INFO: tensor([28996, 28997, 28998], device='cuda:0')
02/23/2023 13:12:53:INFO: **********Results Comparison**********
02/23/2023 13:12:53:INFO: 真实标签: 
 [3, 1, 1, 1, 1, 1, 3, 1, 3, 1, 1, 1, 1, 1, 1, 1, 1, 1, 1, 1, 1, 1, 1, 1, 3, 2, 1, 1, 1, 1, 3, 1, 1, 1, 1, 1, 1, 1, 3, 1, 1, 1, 1, 1, 3, 1, 1, 1, 1, 1, 3, 1, 1, 1, 1, 1, 3, 1, 1, 3, 1, 1, 1, 3, 1, 1, 1, 1, 1, 1, 1, 3, 1, 1, 1, 1, 3, 1, 1, 1, 1, 1]
02/23/2023 13:12:53:INFO: 预测标签: 
 [1, 1, 1, 1, 1, 1, 3, 1, 1, 3, 1, 1, 2, 1, 1, 1, 1, 2, 1, 2, 1, 1, 3, 3, 1, 2, 1, 1, 1, 3, 1, 3, 3, 1, 1, 1, 1, 1, 2, 1, 3, 1, 1, 1, 1, 1, 3, 1, 2, 1, 3, 1, 1, 1, 2, 1, 3, 1, 1, 1, 1, 1, 1, 1, 3, 1, 1, 1, 1, 2, 1, 3, 1, 1, 1, 1, 1, 1, 2, 1, 1, 1]
02/23/2023 13:12:53:INFO: ---------Evaluated Metrics----------
02/23/2023 13:12:53:INFO: Accuracy: 0.6951219512195121.
02/23/2023 13:12:53:INFO: Macro Precision: 0.42849002849002854.
02/23/2023 13:12:53:INFO: Macro Recall: 0.6907993966817495.
02/23/2023 13:12:53:INFO: Macro F1 score: 0.44006410256410255.
02/23/2023 13:12:53:INFO: ---------confusion_matrix----------
02/23/2023 13:12:53:INFO: 
[[52  7  9]
 [ 0  1  0]
 [ 8  1  4]]
02/23/2023 13:12:53:INFO: 模型效果验证详情: {'位置第一个显示标签': 0, '其他位置有情感标签': 0, '全句没有情感标签': 0}.
02/23/2023 13:12:53:INFO: ----------------------Evaluate finished.------------------------
02/23/2023 13:12:53:INFO: --------------Epoch. 3.---------------
02/23/2023 13:12:54:INFO: [Epoch. 3.]: 100%|| 15/15 [00:00<00:00, 16.46it/s, avg_loss=0.763]
02/23/2023 13:12:54:INFO: Epoch 3, average loss: 0.7633963167667389
02/23/2023 13:12:54:INFO: --------------Evaluate on Epoch. 3.---------------
02/23/2023 13:12:54:INFO: tensor([28996, 28997, 28998], device='cuda:0')
02/23/2023 13:12:54:INFO: **********Results Comparison**********
02/23/2023 13:12:54:INFO: 真实标签: 
 [3, 1, 1, 1, 1, 1, 3, 1, 3, 1, 1, 1, 1, 1, 1, 1, 1, 1, 1, 1, 1, 1, 1, 1, 3, 2, 1, 1, 1, 1, 3, 1, 1, 1, 1, 1, 1, 1, 3, 1, 1, 1, 1, 1, 3, 1, 1, 1, 1, 1, 3, 1, 1, 1, 1, 1, 3, 1, 1, 3, 1, 1, 1, 3, 1, 1, 1, 1, 1, 1, 1, 3, 1, 1, 1, 1, 3, 1, 1, 1, 1, 1]
02/23/2023 13:12:54:INFO: 预测标签: 
 [2, 1, 1, 1, 1, 1, 3, 2, 1, 2, 2, 1, 2, 1, 1, 1, 1, 2, 2, 2, 3, 1, 3, 2, 1, 2, 1, 1, 2, 3, 1, 3, 2, 1, 1, 2, 1, 1, 2, 2, 1, 1, 2, 1, 1, 1, 3, 2, 2, 1, 3, 1, 1, 2, 2, 2, 3, 1, 2, 1, 2, 1, 1, 1, 3, 1, 2, 1, 1, 2, 2, 3, 2, 1, 1, 1, 3, 1, 2, 2, 2, 1]
02/23/2023 13:12:54:INFO: ---------Evaluated Metrics----------
02/23/2023 13:12:54:INFO: Accuracy: 0.5.
02/23/2023 13:12:54:INFO: Macro Precision: 0.4471791081547179.
02/23/2023 13:12:54:INFO: Macro Recall: 0.6331070889894419.
02/23/2023 13:12:54:INFO: Macro F1 score: 0.37446154352043665.
02/23/2023 13:12:54:INFO: ---------confusion_matrix----------
02/23/2023 13:12:54:INFO: 
[[35 27  6]
 [ 0  1  0]
 [ 6  2  5]]
02/23/2023 13:12:54:INFO: 模型效果验证详情: {'位置第一个显示标签': 0, '其他位置有情感标签': 0, '全句没有情感标签': 0}.
02/23/2023 13:12:54:INFO: ----------------------Evaluate finished.------------------------
02/23/2023 13:12:54:INFO: --------------Epoch. 4.---------------
02/23/2023 13:12:55:INFO: [Epoch. 4.]: 100%|| 15/15 [00:00<00:00, 16.63it/s, avg_loss=0.62]
02/23/2023 13:12:55:INFO: Epoch 4, average loss: 0.6203865279754003
02/23/2023 13:12:55:INFO: --------------Evaluate on Epoch. 4.---------------
02/23/2023 13:12:55:INFO: tensor([28996, 28997, 28998], device='cuda:0')
02/23/2023 13:12:55:INFO: **********Results Comparison**********
02/23/2023 13:12:55:INFO: 真实标签: 
 [3, 1, 1, 1, 1, 1, 3, 1, 3, 1, 1, 1, 1, 1, 1, 1, 1, 1, 1, 1, 1, 1, 1, 1, 3, 2, 1, 1, 1, 1, 3, 1, 1, 1, 1, 1, 1, 1, 3, 1, 1, 1, 1, 1, 3, 1, 1, 1, 1, 1, 3, 1, 1, 1, 1, 1, 3, 1, 1, 3, 1, 1, 1, 3, 1, 1, 1, 1, 1, 1, 1, 3, 1, 1, 1, 1, 3, 1, 1, 1, 1, 1]
02/23/2023 13:12:55:INFO: 预测标签: 
 [2, 1, 1, 1, 1, 1, 3, 2, 1, 2, 2, 1, 2, 1, 2, 1, 2, 2, 2, 2, 3, 2, 2, 2, 1, 2, 1, 2, 2, 1, 1, 2, 2, 1, 1, 2, 1, 1, 2, 2, 1, 1, 2, 1, 1, 1, 3, 2, 2, 1, 3, 1, 1, 2, 2, 2, 3, 2, 2, 1, 2, 1, 1, 1, 2, 1, 2, 1, 1, 2, 2, 3, 2, 1, 1, 1, 3, 2, 2, 2, 2, 1]
02/23/2023 13:12:55:INFO: ---------Evaluated Metrics----------
02/23/2023 13:12:55:INFO: Accuracy: 0.43902439024390244.
02/23/2023 13:12:55:INFO: Macro Precision: 0.5244200244200244.
02/23/2023 13:12:55:INFO: Macro Recall: 0.6085972850678733.
02/23/2023 13:12:55:INFO: Macro F1 score: 0.37564102564102564.
02/23/2023 13:12:55:INFO: ---------confusion_matrix----------
02/23/2023 13:12:55:INFO: 
[[30 36  2]
 [ 0  1  0]
 [ 6  2  5]]
02/23/2023 13:12:55:INFO: 模型效果验证详情: {'位置第一个显示标签': 0, '其他位置有情感标签': 0, '全句没有情感标签': 0}.
02/23/2023 13:12:55:INFO: ----------------------Evaluate finished.------------------------
02/23/2023 13:12:55:INFO: --------------Epoch. 5.---------------
02/23/2023 13:12:56:INFO: [Epoch. 5.]: 100%|| 15/15 [00:00<00:00, 16.64it/s, avg_loss=0.44]
02/23/2023 13:12:56:INFO: Epoch 5, average loss: 0.43988509674866993
02/23/2023 13:12:56:INFO: --------------Evaluate on Epoch. 5.---------------
02/23/2023 13:12:56:INFO: tensor([28996, 28997, 28998], device='cuda:0')
02/23/2023 13:12:57:INFO: **********Results Comparison**********
02/23/2023 13:12:57:INFO: 真实标签: 
 [3, 1, 1, 1, 1, 1, 3, 1, 3, 1, 1, 1, 1, 1, 1, 1, 1, 1, 1, 1, 1, 1, 1, 1, 3, 2, 1, 1, 1, 1, 3, 1, 1, 1, 1, 1, 1, 1, 3, 1, 1, 1, 1, 1, 3, 1, 1, 1, 1, 1, 3, 1, 1, 1, 1, 1, 3, 1, 1, 3, 1, 1, 1, 3, 1, 1, 1, 1, 1, 1, 1, 3, 1, 1, 1, 1, 3, 1, 1, 1, 1, 1]
02/23/2023 13:12:57:INFO: 预测标签: 
 [2, 1, 1, 1, 1, 1, 2, 2, 1, 2, 2, 1, 2, 1, 2, 1, 2, 2, 2, 2, 2, 2, 2, 2, 2, 2, 1, 2, 2, 1, 2, 2, 2, 2, 1, 2, 2, 2, 2, 2, 1, 2, 2, 2, 2, 1, 3, 2, 2, 1, 3, 1, 1, 2, 2, 2, 2, 2, 2, 1, 2, 2, 1, 1, 2, 1, 2, 2, 2, 2, 2, 2, 2, 1, 2, 2, 1, 2, 2, 2, 2, 2]
02/23/2023 13:12:57:INFO: ---------Evaluated Metrics----------
02/23/2023 13:12:57:INFO: Accuracy: 0.25609756097560976.
02/23/2023 13:12:57:INFO: Macro Precision: 0.4478769387236206.
02/23/2023 13:12:57:INFO: Macro Recall: 0.4521116138763197.
02/23/2023 13:12:57:INFO: Macro F1 score: 0.19513283651214688.
02/23/2023 13:12:57:INFO: ---------confusion_matrix----------
02/23/2023 13:12:57:INFO: 
[[19 48  1]
 [ 0  1  0]
 [ 4  8  1]]
02/23/2023 13:12:57:INFO: 模型效果验证详情: {'位置第一个显示标签': 0, '其他位置有情感标签': 0, '全句没有情感标签': 0}.
02/23/2023 13:12:57:INFO: ----------------------Evaluate finished.------------------------
02/23/2023 13:12:57:INFO: --------------Epoch. 6.---------------
02/23/2023 13:12:58:INFO: [Epoch. 6.]: 100%|| 15/15 [00:00<00:00, 16.62it/s, avg_loss=0.349]
02/23/2023 13:12:58:INFO: Epoch 6, average loss: 0.3487152010202408
02/23/2023 13:12:58:INFO: --------------Evaluate on Epoch. 6.---------------
02/23/2023 13:12:58:INFO: tensor([28996, 28997, 28998], device='cuda:0')
02/23/2023 13:12:58:INFO: **********Results Comparison**********
02/23/2023 13:12:58:INFO: 真实标签: 
 [3, 1, 1, 1, 1, 1, 3, 1, 3, 1, 1, 1, 1, 1, 1, 1, 1, 1, 1, 1, 1, 1, 1, 1, 3, 2, 1, 1, 1, 1, 3, 1, 1, 1, 1, 1, 1, 1, 3, 1, 1, 1, 1, 1, 3, 1, 1, 1, 1, 1, 3, 1, 1, 1, 1, 1, 3, 1, 1, 3, 1, 1, 1, 3, 1, 1, 1, 1, 1, 1, 1, 3, 1, 1, 1, 1, 3, 1, 1, 1, 1, 1]
02/23/2023 13:12:58:INFO: 预测标签: 
 [2, 1, 1, 2, 1, 2, 2, 2, 1, 2, 2, 1, 2, 1, 2, 1, 2, 2, 2, 2, 2, 2, 2, 2, 2, 2, 2, 2, 2, 2, 2, 2, 2, 2, 1, 2, 2, 2, 2, 2, 1, 2, 2, 2, 2, 1, 2, 2, 2, 2, 3, 1, 1, 2, 2, 2, 2, 2, 2, 2, 2, 2, 1, 2, 2, 1, 2, 2, 2, 2, 2, 2, 2, 1, 2, 2, 1, 2, 2, 2, 2, 2]
02/23/2023 13:12:58:INFO: ---------Evaluated Metrics----------
02/23/2023 13:12:58:INFO: Accuracy: 0.1951219512195122.
02/23/2023 13:12:58:INFO: Macro Precision: 0.6301282051282051.
02/23/2023 13:12:58:INFO: Macro Recall: 0.4276018099547511.
02/23/2023 13:12:58:INFO: Macro F1 score: 0.16883116883116886.
02/23/2023 13:12:58:INFO: ---------confusion_matrix----------
02/23/2023 13:12:58:INFO: 
[[14 54  0]
 [ 0  1  0]
 [ 2 10  1]]
02/23/2023 13:12:58:INFO: 模型效果验证详情: {'位置第一个显示标签': 0, '其他位置有情感标签': 0, '全句没有情感标签': 0}.
02/23/2023 13:12:58:INFO: ----------------------Evaluate finished.------------------------
02/23/2023 13:12:58:INFO: --------------Epoch. 7.---------------
02/23/2023 13:12:59:INFO: [Epoch. 7.]: 100%|| 15/15 [00:00<00:00, 16.58it/s, avg_loss=0.287]
02/23/2023 13:12:59:INFO: Epoch 7, average loss: 0.28707038462162016
02/23/2023 13:12:59:INFO: --------------Evaluate on Epoch. 7.---------------
02/23/2023 13:12:59:INFO: tensor([28996, 28997, 28998], device='cuda:0')
02/23/2023 13:12:59:INFO: **********Results Comparison**********
02/23/2023 13:12:59:INFO: 真实标签: 
 [3, 1, 1, 1, 1, 1, 3, 1, 3, 1, 1, 1, 1, 1, 1, 1, 1, 1, 1, 1, 1, 1, 1, 1, 3, 2, 1, 1, 1, 1, 3, 1, 1, 1, 1, 1, 1, 1, 3, 1, 1, 1, 1, 1, 3, 1, 1, 1, 1, 1, 3, 1, 1, 1, 1, 1, 3, 1, 1, 3, 1, 1, 1, 3, 1, 1, 1, 1, 1, 1, 1, 3, 1, 1, 1, 1, 3, 1, 1, 1, 1, 1]
02/23/2023 13:12:59:INFO: 预测标签: 
 [2, 1, 1, 1, 1, 1, 2, 2, 3, 2, 2, 1, 2, 1, 2, 1, 1, 2, 2, 2, 3, 2, 2, 2, 1, 2, 1, 2, 2, 1, 1, 2, 1, 1, 1, 2, 1, 1, 2, 2, 1, 1, 2, 1, 2, 1, 3, 2, 2, 1, 3, 1, 1, 2, 2, 2, 1, 2, 2, 1, 2, 1, 1, 1, 2, 1, 2, 2, 1, 2, 2, 2, 2, 1, 1, 2, 3, 2, 2, 1, 2, 2]
02/23/2023 13:12:59:INFO: ---------Evaluated Metrics----------
02/23/2023 13:12:59:INFO: Accuracy: 0.4146341463414634.
02/23/2023 13:12:59:INFO: Macro Precision: 0.4936507936507937.
02/23/2023 13:12:59:INFO: Macro Recall: 0.557315233785822.
02/23/2023 13:12:59:INFO: Macro F1 score: 0.3207897443616568.
02/23/2023 13:12:59:INFO: ---------confusion_matrix----------
02/23/2023 13:12:59:INFO: 
[[30 36  2]
 [ 0  1  0]
 [ 5  5  3]]
02/23/2023 13:12:59:INFO: 模型效果验证详情: {'位置第一个显示标签': 0, '其他位置有情感标签': 0, '全句没有情感标签': 0}.
02/23/2023 13:12:59:INFO: ----------------------Evaluate finished.------------------------
02/23/2023 13:12:59:INFO: Based on [2.th Epoch] best_accuracy: 0.7073170731707317.
02/23/2023 13:12:59:INFO: latest 5 epochs not seen performance increased, early stop.
02/23/2023 13:12:59:INFO: ********** Best Results on Dev Dataset **********
02/23/2023 13:12:59:INFO: Best Accuracy: 0.7073170731707317.
02/23/2023 13:12:59:INFO: Best Macro Precision: 0.42849002849002854.
02/23/2023 13:12:59:INFO: Best Macro Recall: 0.6907993966817495.
02/23/2023 13:12:59:INFO: Best Macro F1 score: 0.44006410256410255.
02/23/2023 13:12:59:INFO: ***** Training Over *****
02/23/2023 13:12:59:INFO: --------------Testing ...---------------
02/23/2023 13:12:59:INFO: tensor([28996, 28997, 28998], device='cuda:0')
02/23/2023 13:13:01:INFO: **********Results Comparison**********
02/23/2023 13:13:01:INFO: 真实标签: 
 [1, 1, 1, 1, 3, 3, 1, 1, 1, 1, 1, 1, 1, 1, 1, 3, 1, 1, 1, 1, 1, 3, 3, 1, 1, 1, 2, 1, 1, 1, 1, 1, 1, 1, 1, 1, 1, 1, 1, 2, 2, 3, 3, 1, 1, 1, 1, 1, 1, 3, 3, 3, 1, 2, 3, 3, 3, 3, 3, 1, 3, 1, 1, 1, 1, 1, 1, 1, 1, 1, 3, 3, 3, 3, 3, 3, 1, 1, 1, 1, 1, 1, 1, 3, 2, 1, 1, 1, 1, 1, 1, 1, 1, 1, 1, 1, 3, 3, 1, 1, 1, 1, 1, 1, 1, 1, 1, 1, 1, 1, 1, 1, 1, 1, 1, 1, 3, 2, 3, 3, 3, 3, 1, 3, 1, 1, 1, 3, 2, 1, 1, 1, 1, 2, 1, 3, 1, 1, 1, 1, 1, 1, 1, 1, 1, 1, 1, 1, 1, 1, 1, 1, 3, 1, 3, 1, 3, 3, 1, 3, 1, 1, 1, 1, 1, 1, 1, 1, 1, 1, 1, 1, 3, 1, 1, 3, 1, 1, 1, 1, 3, 3, 3, 3, 3, 1, 1, 1, 1, 1, 1, 1, 1, 3, 1, 3, 1, 1, 3, 1, 1, 1, 1, 1, 1, 1, 1, 1, 3, 1, 1, 2, 1, 2, 1, 3, 3, 2, 1, 2, 3, 3, 3, 3, 3, 2, 1, 1, 3, 3, 3, 3, 3, 3, 3, 3, 3, 2, 3, 3, 1, 2, 3, 1, 1, 1, 1, 3, 1, 1, 2, 1, 3, 1, 1, 3, 1, 1, 3, 3, 3, 3, 3, 1, 1, 1, 1, 2, 3, 3, 3, 3, 2, 3, 3, 1, 1, 1, 1, 2, 1, 1, 1, 1, 1, 1, 1, 1, 1, 1, 2, 1, 1, 1, 1, 3, 3, 1, 2, 1, 1, 1, 1, 2, 1, 1, 1, 1, 3, 3, 3, 3, 3, 1, 1, 1, 1, 1, 1, 2, 1, 1, 3, 1, 1, 1, 3, 3, 3, 3, 3, 3, 3, 3, 1, 3, 1, 1, 1, 3, 1, 3, 3, 1, 2, 3, 1, 1, 1, 1, 3, 1, 1, 1, 3, 3, 3, 3, 3, 3, 1, 1, 3, 3, 1, 1, 1, 1, 1, 1, 1, 1, 1, 1, 1, 1, 3, 3, 3, 3, 3, 2, 3, 3, 3, 1, 3, 3, 3, 3, 3, 3, 1, 1, 1, 3, 3, 3, 3, 3]
02/23/2023 13:13:01:INFO: 预测标签: 
 [2, 1, 2, 1, 3, 1, 1, 1, 1, 1, 2, 1, 2, 1, 2, 2, 2, 1, 2, 1, 2, 2, 2, 2, 1, 1, 2, 2, 2, 2, 1, 2, 2, 2, 1, 1, 1, 1, 3, 2, 1, 3, 3, 1, 2, 2, 2, 2, 1, 2, 3, 1, 2, 1, 2, 2, 2, 2, 2, 2, 2, 1, 2, 2, 2, 3, 1, 1, 2, 1, 2, 3, 1, 3, 2, 3, 2, 2, 1, 1, 1, 1, 1, 2, 2, 2, 1, 1, 1, 2, 2, 2, 2, 1, 2, 2, 3, 1, 2, 2, 2, 1, 1, 1, 2, 2, 2, 1, 1, 2, 1, 2, 1, 2, 2, 2, 2, 2, 1, 3, 1, 2, 1, 2, 1, 2, 2, 1, 1, 1, 2, 2, 1, 2, 1, 2, 2, 1, 2, 1, 1, 2, 2, 1, 1, 1, 1, 2, 1, 2, 1, 1, 1, 1, 1, 1, 2, 2, 3, 3, 1, 1, 2, 2, 2, 2, 2, 1, 1, 1, 1, 2, 2, 2, 1, 1, 3, 1, 2, 1, 3, 3, 3, 1, 1, 1, 1, 3, 2, 1, 1, 1, 2, 2, 2, 1, 2, 2, 2, 1, 1, 1, 1, 2, 1, 1, 1, 2, 1, 1, 1, 1, 1, 2, 2, 2, 3, 2, 1, 2, 2, 2, 2, 1, 2, 3, 1, 1, 1, 3, 2, 3, 2, 1, 2, 2, 3, 1, 2, 1, 1, 2, 1, 1, 2, 2, 2, 2, 2, 2, 1, 2, 2, 1, 2, 1, 1, 2, 3, 3, 3, 2, 3, 1, 1, 1, 1, 1, 1, 3, 3, 2, 1, 1, 1, 2, 1, 2, 2, 2, 2, 2, 2, 1, 2, 1, 3, 1, 1, 1, 1, 1, 1, 1, 2, 3, 3, 2, 1, 2, 1, 1, 1, 2, 2, 2, 1, 2, 3, 2, 3, 2, 1, 2, 2, 2, 2, 1, 2, 2, 3, 1, 3, 2, 1, 1, 1, 2, 1, 1, 1, 2, 2, 3, 2, 1, 2, 1, 2, 2, 2, 1, 2, 1, 1, 1, 2, 2, 1, 2, 1, 1, 1, 1, 2, 1, 3, 1, 2, 2, 2, 1, 2, 3, 1, 2, 1, 1, 2, 1, 2, 1, 1, 2, 1, 2, 2, 3, 2, 3, 3, 1, 3, 3, 2, 2, 3, 3, 2, 2, 3, 2, 1, 2, 1, 1, 1, 2, 2, 1]
02/23/2023 13:13:01:INFO: ---------Evaluated Metrics----------
02/23/2023 13:13:01:INFO: Accuracy: 0.4375.
02/23/2023 13:13:01:INFO: Macro Precision: 0.5377389688298555.
02/23/2023 13:13:01:INFO: Macro Recall: 0.4286355483251992.
02/23/2023 13:13:01:INFO: Macro F1 score: 0.3833332128487399.
02/23/2023 13:13:01:INFO: ---------confusion_matrix----------
02/23/2023 13:13:01:INFO: 
[[124 113   7]
 [ 12  12   1]
 [ 37  55  39]]
02/23/2023 13:13:01:INFO: 模型效果验证详情: {'位置第一个显示标签': 8, '其他位置有情感标签': 0, '全句没有情感标签': 0}.
02/23/2023 13:13:01:INFO: ----------------------Testing finished.------------------------
02/23/2023 13:13:01:INFO: bengio.
