02/23/2023 13:07:41:INFO: start.
02/23/2023 13:07:41:INFO: --------hyper-arguments for this training.--------
02/23/2023 13:07:41:INFO: Namespace(answer_strategy='inter_logits_core_token', batch_size=2, dataset='lap14', eval_pre_epochs=1, few_shot=10, learning_rate=1e-05, log_file=None, model_type='WT2ABSA_Mean', patience=5, pre_trained_model='pretrainedmodels/bert-base-cased', save_best_model=False, seed=985, total_epochs=20)
02/23/2023 13:07:41:INFO: ----------dataset files------------
02/23/2023 13:07:41:INFO: {'train': '../WordTrans2ABSA/dataset/lap14/train.json', 'dev': '../WordTrans2ABSA/dataset/lap14/dev.json', 'test': '../WordTrans2ABSA/dataset/lap14/test.json'}
02/23/2023 13:07:45:WARNING: Using custom data configuration default-36681205633e2245
02/23/2023 13:07:45:WARNING: Reusing dataset json (C:\Users\Super-IdoI\.cache\huggingface\datasets\json\default-36681205633e2245\0.0.0\45636811569ec4a6630521c18235dfbbab83b7ab572e3393c5ba68ccabe98264)
02/23/2023 13:07:45:INFO: -----------------------------------
02/23/2023 13:07:45:INFO: {'I-POS': ['good', 'clever', 'excellent', 'effectual', 'beautiful', 'nice', 'useful', 'well', 'fantastic'], 'I-NEU': ['Michael', 'John', 'David', 'Thomas', 'Martin', 'Paul'], 'I-NEG': ['bad', 'terrible', 'awful', 'badly', 'terrible', 'poor', 'unfortunate', 'harmful', 'dirty', 'sorry']}
02/23/2023 13:07:45:INFO: -----------------------------------
02/23/2023 13:07:45:INFO: {'O': 0, 'I-POS': 1, 'I-NEU': 2, 'I-NEG': 3}
02/23/2023 13:07:45:INFO: {0: 'O', 1: 'I-POS', 2: 'I-NEU', 3: 'I-NEG'}
02/23/2023 13:07:47:INFO: -----------------------------------
02/23/2023 13:07:47:INFO: {'I-POS': 28996, 'I-NEU': 28997, 'I-NEG': 28998}
02/23/2023 13:07:47:INFO: {28996: 'I-POS', 28997: 'I-NEU', 28998: 'I-NEG'}
02/23/2023 13:07:47:INFO: start preprocess dataset.
02/23/2023 13:07:47:INFO: dataset preprocess finished.
02/23/2023 13:07:47:INFO: Train: 30, Dev: 150, Test: 409.
02/23/2023 13:07:47:INFO: dataloader prepare finished.
02/23/2023 13:07:47:INFO: ***** Start Training *****
02/23/2023 13:07:47:INFO: Total Epochs: 20
02/23/2023 13:07:47:INFO: validate on per-1 epochs.
02/23/2023 13:07:47:INFO: Training Samples Count: 30.
02/23/2023 13:07:47:INFO: Batch Size: 2, 每轮 15 Batch.
02/23/2023 13:07:47:INFO: Learning Rate: 1e-05
02/23/2023 13:07:47:INFO: --------------Epoch. 1.---------------
02/23/2023 13:07:48:INFO: [Epoch. 1.]: 100%|| 15/15 [00:01<00:00, 13.52it/s, avg_loss=2.32]
02/23/2023 13:07:48:INFO: Epoch 1, average loss: 2.3153472344080606
02/23/2023 13:07:48:INFO: --------------Evaluate on Epoch. 1.---------------
02/23/2023 13:07:48:INFO: tensor([28996, 28997, 28998], device='cuda:0')
02/23/2023 13:07:49:INFO: **********Results Comparison**********
02/23/2023 13:07:49:INFO: 真实标签: 
 [2, 1, 1, 1, 2, 1, 1, 2, 3, 1, 3, 1, 1, 3, 3, 3, 3, 3, 3, 2, 1, 1, 2, 3, 3, 1, 1, 3, 1, 1, 1, 3, 1, 1, 1, 3, 3, 1, 1, 1, 3, 3, 3, 3, 2, 2, 2, 3, 3, 1, 3, 1, 2, 1, 2, 1, 1, 1, 3, 1, 3, 3, 1, 1, 3, 1, 1, 3, 1, 1, 3, 2, 3, 3, 2, 3, 1, 3, 1, 1, 3, 1, 3, 1, 1, 1, 1, 1, 1, 1, 2, 3, 1, 3, 2, 1, 3, 3, 1, 1, 2, 3, 3, 2, 3, 3, 1, 3, 3, 2, 2, 2, 1, 2, 1, 3, 3, 1, 1, 3, 2, 1, 3, 2, 3, 1, 3, 3, 1, 1, 3, 2, 1, 1, 3, 1, 1, 3, 1, 3, 1, 3, 3, 3, 2, 1, 1, 3, 2, 1]
02/23/2023 13:07:49:INFO: 预测标签: 
 [1, 2, 3, 1, 2, 1, 1, 1, 1, 1, 2, 1, 1, 1, 1, 1, 1, 3, 1, 2, 2, 2, 1, 3, 1, 1, 2, 1, 2, 1, 1, 1, 2, 1, 1, 2, 3, 1, 1, 1, 2, 2, 2, 2, 1, 1, 1, 1, 1, 2, 2, 1, 1, 2, 3, 1, 1, 1, 2, 1, 3, 3, 2, 1, 3, 1, 1, 1, 2, 1, 2, 1, 1, 2, 2, 2, 1, 1, 1, 1, 1, 1, 1, 1, 1, 2, 1, 1, 1, 1, 1, 1, 1, 1, 1, 1, 1, 2, 2, 1, 1, 1, 2, 1, 3, 2, 2, 2, 1, 3, 1, 2, 1, 1, 1, 3, 2, 1, 1, 1, 3, 1, 1, 2, 2, 2, 2, 1, 1, 1, 1, 3, 1, 1, 1, 1, 1, 3, 1, 2, 1, 1, 1, 2, 1, 2, 1, 2, 2, 3]
02/23/2023 13:07:49:INFO: ---------Evaluated Metrics----------
02/23/2023 13:07:49:INFO: Accuracy: 0.43333333333333335.
02/23/2023 13:07:49:INFO: Macro Precision: 0.4268305171530978.
02/23/2023 13:07:49:INFO: Macro Recall: 0.38048035683650716.
02/23/2023 13:07:49:INFO: Macro F1 score: 0.35022660669256456.
02/23/2023 13:07:49:INFO: ---------confusion_matrix----------
02/23/2023 13:07:49:INFO: 
[[50 15  2]
 [15  6  4]
 [28 21  9]]
02/23/2023 13:07:49:INFO: 模型效果验证详情: {'位置第一个显示标签': 0, '其他位置有情感标签': 0, '全句没有情感标签': 0}.
02/23/2023 13:07:49:INFO: ----------------------Evaluate finished.------------------------
02/23/2023 13:07:49:INFO: --------------Epoch. 2.---------------
02/23/2023 13:07:50:INFO: [Epoch. 2.]: 100%|| 15/15 [00:00<00:00, 15.88it/s, avg_loss=1.21]
02/23/2023 13:07:50:INFO: Epoch 2, average loss: 1.2089900692303976
02/23/2023 13:07:50:INFO: --------------Evaluate on Epoch. 2.---------------
02/23/2023 13:07:50:INFO: tensor([28996, 28997, 28998], device='cuda:0')
02/23/2023 13:07:51:INFO: **********Results Comparison**********
02/23/2023 13:07:51:INFO: 真实标签: 
 [2, 1, 1, 1, 2, 1, 1, 2, 3, 1, 3, 1, 1, 3, 3, 3, 3, 3, 3, 2, 1, 1, 2, 3, 3, 1, 1, 3, 1, 1, 1, 3, 1, 1, 1, 3, 3, 1, 1, 1, 3, 3, 3, 3, 2, 2, 2, 3, 3, 1, 3, 1, 2, 1, 2, 1, 1, 1, 3, 1, 3, 3, 1, 1, 3, 1, 1, 3, 1, 1, 3, 2, 3, 3, 2, 3, 1, 3, 1, 1, 3, 1, 3, 1, 1, 1, 1, 1, 1, 1, 2, 3, 1, 3, 2, 1, 3, 3, 1, 1, 2, 3, 3, 2, 3, 3, 1, 3, 3, 2, 2, 2, 1, 2, 1, 3, 3, 1, 1, 3, 2, 1, 3, 2, 3, 1, 3, 3, 1, 1, 3, 2, 1, 1, 3, 1, 1, 3, 1, 3, 1, 3, 3, 3, 2, 1, 1, 3, 2, 1]
02/23/2023 13:07:51:INFO: 预测标签: 
 [3, 1, 3, 3, 2, 1, 3, 3, 3, 1, 3, 1, 1, 1, 1, 3, 3, 3, 3, 3, 2, 2, 3, 3, 3, 1, 2, 3, 1, 1, 1, 3, 2, 1, 1, 2, 3, 3, 1, 1, 2, 2, 3, 1, 1, 1, 1, 2, 3, 2, 2, 2, 3, 2, 3, 1, 1, 3, 2, 2, 3, 3, 2, 1, 3, 1, 1, 3, 2, 3, 2, 1, 3, 3, 2, 2, 3, 3, 1, 1, 1, 1, 3, 1, 1, 2, 1, 1, 1, 1, 3, 3, 1, 3, 3, 1, 3, 2, 2, 1, 1, 3, 2, 3, 3, 3, 2, 2, 3, 3, 1, 2, 1, 1, 1, 3, 3, 1, 1, 3, 3, 1, 3, 3, 2, 2, 2, 3, 1, 1, 3, 3, 1, 1, 3, 1, 1, 3, 1, 3, 3, 3, 1, 3, 3, 2, 1, 2, 2, 3]
02/23/2023 13:07:51:INFO: ---------Evaluated Metrics----------
02/23/2023 13:07:51:INFO: Accuracy: 0.5733333333333334.
02/23/2023 13:07:51:INFO: Macro Precision: 0.5106875203649398.
02/23/2023 13:07:51:INFO: Macro Recall: 0.4914016126265226.
02/23/2023 13:07:51:INFO: Macro F1 score: 0.4976163557565479.
02/23/2023 13:07:51:INFO: ---------confusion_matrix----------
02/23/2023 13:07:51:INFO: 
[[43 15  9]
 [ 7  4 14]
 [ 5 14 39]]
02/23/2023 13:07:51:INFO: 模型效果验证详情: {'位置第一个显示标签': 0, '其他位置有情感标签': 0, '全句没有情感标签': 0}.
02/23/2023 13:07:51:INFO: ----------------------Evaluate finished.------------------------
02/23/2023 13:07:51:INFO: --------------Epoch. 3.---------------
02/23/2023 13:07:52:INFO: [Epoch. 3.]: 100%|| 15/15 [00:00<00:00, 16.17it/s, avg_loss=0.781]
02/23/2023 13:07:52:INFO: Epoch 3, average loss: 0.7814065496126811
02/23/2023 13:07:52:INFO: --------------Evaluate on Epoch. 3.---------------
02/23/2023 13:07:52:INFO: tensor([28996, 28997, 28998], device='cuda:0')
02/23/2023 13:07:52:INFO: **********Results Comparison**********
02/23/2023 13:07:52:INFO: 真实标签: 
 [2, 1, 1, 1, 2, 1, 1, 2, 3, 1, 3, 1, 1, 3, 3, 3, 3, 3, 3, 2, 1, 1, 2, 3, 3, 1, 1, 3, 1, 1, 1, 3, 1, 1, 1, 3, 3, 1, 1, 1, 3, 3, 3, 3, 2, 2, 2, 3, 3, 1, 3, 1, 2, 1, 2, 1, 1, 1, 3, 1, 3, 3, 1, 1, 3, 1, 1, 3, 1, 1, 3, 2, 3, 3, 2, 3, 1, 3, 1, 1, 3, 1, 3, 1, 1, 1, 1, 1, 1, 1, 2, 3, 1, 3, 2, 1, 3, 3, 1, 1, 2, 3, 3, 2, 3, 3, 1, 3, 3, 2, 2, 2, 1, 2, 1, 3, 3, 1, 1, 3, 2, 1, 3, 2, 3, 1, 3, 3, 1, 1, 3, 2, 1, 1, 3, 1, 1, 3, 1, 3, 1, 3, 3, 3, 2, 1, 1, 3, 2, 1]
02/23/2023 13:07:52:INFO: 预测标签: 
 [3, 2, 3, 2, 2, 1, 2, 3, 3, 1, 2, 3, 1, 1, 2, 3, 2, 3, 3, 3, 2, 2, 3, 3, 3, 1, 2, 3, 2, 2, 1, 3, 2, 1, 1, 2, 3, 2, 1, 1, 2, 2, 2, 2, 2, 3, 1, 2, 3, 2, 2, 2, 3, 2, 3, 3, 1, 3, 2, 2, 3, 3, 2, 3, 3, 3, 1, 3, 2, 3, 2, 2, 3, 3, 2, 2, 3, 3, 1, 2, 2, 1, 3, 1, 2, 2, 3, 2, 1, 1, 3, 3, 2, 3, 2, 1, 3, 2, 2, 2, 2, 3, 2, 3, 3, 2, 2, 2, 3, 3, 2, 2, 1, 3, 1, 3, 2, 2, 2, 2, 3, 2, 3, 2, 2, 2, 2, 2, 2, 1, 2, 3, 1, 2, 2, 1, 1, 3, 1, 2, 3, 2, 1, 3, 3, 2, 1, 2, 2, 3]
02/23/2023 13:07:52:INFO: ---------Evaluated Metrics----------
02/23/2023 13:07:53:INFO: Accuracy: 0.42.
02/23/2023 13:07:53:INFO: Macro Precision: 0.5220288552938266.
02/23/2023 13:07:53:INFO: Macro Recall: 0.41863098301595475.
02/23/2023 13:07:53:INFO: Macro F1 score: 0.41452875047499904.
02/23/2023 13:07:53:INFO: ---------confusion_matrix----------
02/23/2023 13:07:53:INFO: 
[[25 31 11]
 [ 1 10 14]
 [ 2 28 28]]
02/23/2023 13:07:53:INFO: 模型效果验证详情: {'位置第一个显示标签': 0, '其他位置有情感标签': 0, '全句没有情感标签': 0}.
02/23/2023 13:07:53:INFO: ----------------------Evaluate finished.------------------------
02/23/2023 13:07:53:INFO: --------------Epoch. 4.---------------
02/23/2023 13:07:53:INFO: [Epoch. 4.]: 100%|| 15/15 [00:00<00:00, 16.51it/s, avg_loss=0.573]
02/23/2023 13:07:53:INFO: Epoch 4, average loss: 0.5732457051674525
02/23/2023 13:07:53:INFO: --------------Evaluate on Epoch. 4.---------------
02/23/2023 13:07:53:INFO: tensor([28996, 28997, 28998], device='cuda:0')
02/23/2023 13:07:54:INFO: **********Results Comparison**********
02/23/2023 13:07:54:INFO: 真实标签: 
 [2, 1, 1, 1, 2, 1, 1, 2, 3, 1, 3, 1, 1, 3, 3, 3, 3, 3, 3, 2, 1, 1, 2, 3, 3, 1, 1, 3, 1, 1, 1, 3, 1, 1, 1, 3, 3, 1, 1, 1, 3, 3, 3, 3, 2, 2, 2, 3, 3, 1, 3, 1, 2, 1, 2, 1, 1, 1, 3, 1, 3, 3, 1, 1, 3, 1, 1, 3, 1, 1, 3, 2, 3, 3, 2, 3, 1, 3, 1, 1, 3, 1, 3, 1, 1, 1, 1, 1, 1, 1, 2, 3, 1, 3, 2, 1, 3, 3, 1, 1, 2, 3, 3, 2, 3, 3, 1, 3, 3, 2, 2, 2, 1, 2, 1, 3, 3, 1, 1, 3, 2, 1, 3, 2, 3, 1, 3, 3, 1, 1, 3, 2, 1, 1, 3, 1, 1, 3, 1, 3, 1, 3, 3, 3, 2, 1, 1, 3, 2, 1]
02/23/2023 13:07:54:INFO: 预测标签: 
 [2, 2, 3, 2, 2, 1, 2, 2, 3, 1, 2, 3, 1, 1, 2, 3, 2, 3, 3, 3, 2, 2, 2, 3, 3, 2, 2, 3, 2, 2, 2, 2, 2, 2, 1, 2, 2, 2, 1, 1, 2, 2, 2, 2, 2, 2, 2, 2, 3, 2, 2, 2, 2, 2, 3, 3, 2, 3, 2, 2, 3, 3, 2, 3, 3, 3, 1, 3, 2, 3, 2, 2, 2, 2, 2, 2, 2, 3, 3, 2, 2, 1, 3, 1, 2, 2, 2, 2, 1, 2, 3, 2, 2, 3, 2, 1, 3, 2, 2, 2, 2, 3, 2, 2, 3, 2, 2, 2, 2, 2, 2, 2, 1, 3, 1, 3, 2, 2, 2, 2, 3, 2, 2, 2, 2, 2, 2, 2, 2, 2, 2, 2, 1, 2, 2, 1, 2, 3, 1, 2, 3, 2, 3, 2, 3, 2, 3, 2, 2, 3]
02/23/2023 13:07:54:INFO: ---------Evaluated Metrics----------
02/23/2023 13:07:54:INFO: Accuracy: 0.37333333333333335.
02/23/2023 13:07:54:INFO: Macro Precision: 0.5646026831785346.
02/23/2023 13:07:54:INFO: Macro Recall: 0.4536249785554984.
02/23/2023 13:07:54:INFO: Macro F1 score: 0.37837301587301586.
02/23/2023 13:07:54:INFO: ---------confusion_matrix----------
02/23/2023 13:07:54:INFO: 
[[16 40 11]
 [ 0 19  6]
 [ 1 36 21]]
02/23/2023 13:07:54:INFO: 模型效果验证详情: {'位置第一个显示标签': 0, '其他位置有情感标签': 0, '全句没有情感标签': 0}.
02/23/2023 13:07:54:INFO: ----------------------Evaluate finished.------------------------
02/23/2023 13:07:54:INFO: --------------Epoch. 5.---------------
02/23/2023 13:07:55:INFO: [Epoch. 5.]: 100%|| 15/15 [00:00<00:00, 16.58it/s, avg_loss=0.45]
02/23/2023 13:07:55:INFO: Epoch 5, average loss: 0.4496992121140162
02/23/2023 13:07:55:INFO: --------------Evaluate on Epoch. 5.---------------
02/23/2023 13:07:55:INFO: tensor([28996, 28997, 28998], device='cuda:0')
02/23/2023 13:07:56:INFO: **********Results Comparison**********
02/23/2023 13:07:56:INFO: 真实标签: 
 [2, 1, 1, 1, 2, 1, 1, 2, 3, 1, 3, 1, 1, 3, 3, 3, 3, 3, 3, 2, 1, 1, 2, 3, 3, 1, 1, 3, 1, 1, 1, 3, 1, 1, 1, 3, 3, 1, 1, 1, 3, 3, 3, 3, 2, 2, 2, 3, 3, 1, 3, 1, 2, 1, 2, 1, 1, 1, 3, 1, 3, 3, 1, 1, 3, 1, 1, 3, 1, 1, 3, 2, 3, 3, 2, 3, 1, 3, 1, 1, 3, 1, 3, 1, 1, 1, 1, 1, 1, 1, 2, 3, 1, 3, 2, 1, 3, 3, 1, 1, 2, 3, 3, 2, 3, 3, 1, 3, 3, 2, 2, 2, 1, 2, 1, 3, 3, 1, 1, 3, 2, 1, 3, 2, 3, 1, 3, 3, 1, 1, 3, 2, 1, 1, 3, 1, 1, 3, 1, 3, 1, 3, 3, 3, 2, 1, 1, 3, 2, 1]
02/23/2023 13:07:56:INFO: 预测标签: 
 [2, 2, 3, 2, 2, 1, 2, 3, 3, 1, 3, 3, 1, 1, 2, 3, 2, 3, 3, 3, 2, 2, 3, 3, 3, 1, 2, 3, 2, 2, 1, 2, 2, 2, 1, 2, 2, 2, 1, 1, 2, 2, 2, 2, 2, 3, 2, 2, 3, 2, 2, 2, 2, 2, 3, 3, 2, 3, 2, 2, 3, 3, 2, 3, 3, 3, 1, 3, 2, 3, 2, 2, 2, 3, 2, 2, 3, 3, 3, 2, 2, 1, 3, 1, 1, 2, 1, 2, 1, 2, 3, 2, 2, 3, 2, 3, 3, 2, 2, 2, 2, 3, 2, 2, 3, 2, 2, 2, 2, 2, 2, 2, 1, 3, 1, 3, 2, 2, 2, 2, 3, 2, 2, 2, 2, 2, 2, 2, 2, 1, 2, 2, 1, 2, 2, 1, 1, 3, 1, 2, 3, 2, 3, 2, 3, 2, 3, 2, 2, 3]
02/23/2023 13:07:56:INFO: ---------Evaluated Metrics----------
02/23/2023 13:07:56:INFO: Accuracy: 0.4.
02/23/2023 13:07:56:INFO: Macro Precision: 0.5528092166646383.
02/23/2023 13:07:56:INFO: Macro Recall: 0.4499948533196088.
02/23/2023 13:07:56:INFO: Macro F1 score: 0.4049361168011399.
02/23/2023 13:07:56:INFO: ---------confusion_matrix----------
02/23/2023 13:07:56:INFO: 
[[21 33 13]
 [ 0 16  9]
 [ 1 34 23]]
02/23/2023 13:07:56:INFO: 模型效果验证详情: {'位置第一个显示标签': 0, '其他位置有情感标签': 0, '全句没有情感标签': 0}.
02/23/2023 13:07:56:INFO: ----------------------Evaluate finished.------------------------
02/23/2023 13:07:56:INFO: --------------Epoch. 6.---------------
02/23/2023 13:07:57:INFO: [Epoch. 6.]: 100%|| 15/15 [00:00<00:00, 16.54it/s, avg_loss=0.371]
02/23/2023 13:07:57:INFO: Epoch 6, average loss: 0.37076799968878427
02/23/2023 13:07:57:INFO: --------------Evaluate on Epoch. 6.---------------
02/23/2023 13:07:57:INFO: tensor([28996, 28997, 28998], device='cuda:0')
02/23/2023 13:07:57:INFO: **********Results Comparison**********
02/23/2023 13:07:57:INFO: 真实标签: 
 [2, 1, 1, 1, 2, 1, 1, 2, 3, 1, 3, 1, 1, 3, 3, 3, 3, 3, 3, 2, 1, 1, 2, 3, 3, 1, 1, 3, 1, 1, 1, 3, 1, 1, 1, 3, 3, 1, 1, 1, 3, 3, 3, 3, 2, 2, 2, 3, 3, 1, 3, 1, 2, 1, 2, 1, 1, 1, 3, 1, 3, 3, 1, 1, 3, 1, 1, 3, 1, 1, 3, 2, 3, 3, 2, 3, 1, 3, 1, 1, 3, 1, 3, 1, 1, 1, 1, 1, 1, 1, 2, 3, 1, 3, 2, 1, 3, 3, 1, 1, 2, 3, 3, 2, 3, 3, 1, 3, 3, 2, 2, 2, 1, 2, 1, 3, 3, 1, 1, 3, 2, 1, 3, 2, 3, 1, 3, 3, 1, 1, 3, 2, 1, 1, 3, 1, 1, 3, 1, 3, 1, 3, 3, 3, 2, 1, 1, 3, 2, 1]
02/23/2023 13:07:57:INFO: 预测标签: 
 [2, 2, 3, 2, 2, 1, 2, 3, 3, 1, 3, 3, 1, 1, 2, 3, 3, 3, 3, 3, 2, 2, 3, 3, 3, 1, 2, 3, 2, 2, 1, 2, 2, 1, 1, 2, 2, 2, 1, 1, 2, 2, 2, 2, 2, 3, 1, 2, 3, 2, 2, 2, 2, 2, 3, 3, 2, 3, 2, 2, 3, 3, 2, 3, 3, 3, 1, 3, 2, 3, 2, 1, 2, 3, 2, 2, 3, 3, 1, 2, 2, 1, 3, 1, 1, 2, 1, 3, 1, 2, 3, 2, 2, 3, 2, 1, 3, 2, 2, 1, 2, 3, 2, 2, 3, 2, 2, 2, 2, 2, 2, 2, 1, 3, 1, 3, 2, 2, 2, 2, 3, 2, 2, 2, 2, 2, 2, 2, 2, 1, 2, 2, 1, 2, 2, 1, 1, 3, 1, 2, 3, 2, 3, 3, 3, 2, 1, 2, 2, 3]
02/23/2023 13:07:57:INFO: ---------Evaluated Metrics----------
02/23/2023 13:07:57:INFO: Accuracy: 0.43333333333333335.
02/23/2023 13:07:57:INFO: Macro Precision: 0.5454392686697587.
02/23/2023 13:07:57:INFO: Macro Recall: 0.4596980614170527.
02/23/2023 13:07:57:INFO: Macro F1 score: 0.43477709421427585.
02/23/2023 13:07:57:INFO: ---------confusion_matrix----------
02/23/2023 13:07:57:INFO: 
[[26 30 11]
 [ 2 14  9]
 [ 1 32 25]]
02/23/2023 13:07:57:INFO: 模型效果验证详情: {'位置第一个显示标签': 0, '其他位置有情感标签': 0, '全句没有情感标签': 0}.
02/23/2023 13:07:57:INFO: ----------------------Evaluate finished.------------------------
02/23/2023 13:07:57:INFO: --------------Epoch. 7.---------------
02/23/2023 13:07:58:INFO: [Epoch. 7.]: 100%|| 15/15 [00:00<00:00, 16.41it/s, avg_loss=0.311]
02/23/2023 13:07:58:INFO: Epoch 7, average loss: 0.31064013789097467
02/23/2023 13:07:58:INFO: --------------Evaluate on Epoch. 7.---------------
02/23/2023 13:07:58:INFO: tensor([28996, 28997, 28998], device='cuda:0')
02/23/2023 13:07:59:INFO: **********Results Comparison**********
02/23/2023 13:07:59:INFO: 真实标签: 
 [2, 1, 1, 1, 2, 1, 1, 2, 3, 1, 3, 1, 1, 3, 3, 3, 3, 3, 3, 2, 1, 1, 2, 3, 3, 1, 1, 3, 1, 1, 1, 3, 1, 1, 1, 3, 3, 1, 1, 1, 3, 3, 3, 3, 2, 2, 2, 3, 3, 1, 3, 1, 2, 1, 2, 1, 1, 1, 3, 1, 3, 3, 1, 1, 3, 1, 1, 3, 1, 1, 3, 2, 3, 3, 2, 3, 1, 3, 1, 1, 3, 1, 3, 1, 1, 1, 1, 1, 1, 1, 2, 3, 1, 3, 2, 1, 3, 3, 1, 1, 2, 3, 3, 2, 3, 3, 1, 3, 3, 2, 2, 2, 1, 2, 1, 3, 3, 1, 1, 3, 2, 1, 3, 2, 3, 1, 3, 3, 1, 1, 3, 2, 1, 1, 3, 1, 1, 3, 1, 3, 1, 3, 3, 3, 2, 1, 1, 3, 2, 1]
02/23/2023 13:07:59:INFO: 预测标签: 
 [2, 2, 3, 2, 2, 1, 2, 3, 3, 1, 3, 3, 1, 1, 2, 3, 3, 2, 3, 3, 2, 2, 3, 3, 3, 1, 2, 3, 2, 2, 1, 2, 2, 1, 1, 2, 2, 2, 1, 1, 2, 2, 2, 2, 2, 3, 1, 2, 3, 2, 2, 2, 2, 2, 3, 3, 2, 3, 2, 2, 3, 3, 2, 3, 3, 1, 1, 3, 2, 3, 2, 1, 2, 3, 2, 2, 3, 3, 1, 2, 2, 1, 3, 1, 1, 2, 1, 2, 1, 2, 3, 2, 2, 3, 2, 1, 3, 2, 2, 1, 2, 3, 2, 2, 3, 2, 2, 2, 2, 2, 2, 2, 1, 1, 1, 3, 2, 2, 2, 2, 3, 2, 2, 2, 2, 2, 2, 2, 2, 1, 2, 2, 1, 1, 2, 1, 1, 3, 1, 2, 3, 2, 3, 3, 3, 2, 1, 2, 2, 3]
02/23/2023 13:07:59:INFO: ---------Evaluated Metrics----------
02/23/2023 13:07:59:INFO: Accuracy: 0.44.
02/23/2023 13:07:59:INFO: Macro Precision: 0.5473946784922394.
02/23/2023 13:07:59:INFO: Macro Recall: 0.46390118373649.
02/23/2023 13:07:59:INFO: Macro F1 score: 0.4416716181422064.
02/23/2023 13:07:59:INFO: ---------confusion_matrix----------
02/23/2023 13:07:59:INFO: 
[[28 30  9]
 [ 3 14  8]
 [ 1 33 24]]
02/23/2023 13:07:59:INFO: 模型效果验证详情: {'位置第一个显示标签': 0, '其他位置有情感标签': 0, '全句没有情感标签': 0}.
02/23/2023 13:07:59:INFO: ----------------------Evaluate finished.------------------------
02/23/2023 13:07:59:INFO: --------------Epoch. 8.---------------
02/23/2023 13:08:00:INFO: [Epoch. 8.]: 100%|| 15/15 [00:00<00:00, 16.47it/s, avg_loss=0.253]
02/23/2023 13:08:00:INFO: Epoch 8, average loss: 0.25256010591983796
02/23/2023 13:08:00:INFO: --------------Evaluate on Epoch. 8.---------------
02/23/2023 13:08:00:INFO: tensor([28996, 28997, 28998], device='cuda:0')
02/23/2023 13:08:01:INFO: **********Results Comparison**********
02/23/2023 13:08:01:INFO: 真实标签: 
 [2, 1, 1, 1, 2, 1, 1, 2, 3, 1, 3, 1, 1, 3, 3, 3, 3, 3, 3, 2, 1, 1, 2, 3, 3, 1, 1, 3, 1, 1, 1, 3, 1, 1, 1, 3, 3, 1, 1, 1, 3, 3, 3, 3, 2, 2, 2, 3, 3, 1, 3, 1, 2, 1, 2, 1, 1, 1, 3, 1, 3, 3, 1, 1, 3, 1, 1, 3, 1, 1, 3, 2, 3, 3, 2, 3, 1, 3, 1, 1, 3, 1, 3, 1, 1, 1, 1, 1, 1, 1, 2, 3, 1, 3, 2, 1, 3, 3, 1, 1, 2, 3, 3, 2, 3, 3, 1, 3, 3, 2, 2, 2, 1, 2, 1, 3, 3, 1, 1, 3, 2, 1, 3, 2, 3, 1, 3, 3, 1, 1, 3, 2, 1, 1, 3, 1, 1, 3, 1, 3, 1, 3, 3, 3, 2, 1, 1, 3, 2, 1]
02/23/2023 13:08:01:INFO: 预测标签: 
 [3, 2, 3, 2, 2, 1, 2, 3, 3, 1, 3, 3, 1, 1, 2, 3, 3, 2, 3, 3, 2, 2, 3, 3, 3, 1, 2, 3, 1, 3, 1, 2, 2, 1, 1, 2, 2, 2, 1, 1, 2, 2, 2, 3, 2, 3, 1, 2, 3, 2, 2, 2, 2, 2, 3, 1, 2, 3, 2, 2, 3, 3, 2, 3, 3, 1, 1, 3, 2, 3, 2, 1, 2, 3, 2, 2, 3, 3, 1, 2, 2, 1, 3, 1, 1, 2, 1, 1, 1, 2, 3, 3, 1, 3, 2, 1, 3, 2, 2, 1, 1, 3, 2, 2, 3, 2, 2, 2, 2, 2, 1, 2, 1, 1, 1, 3, 2, 2, 1, 2, 3, 2, 2, 2, 2, 2, 2, 2, 2, 1, 2, 2, 1, 1, 2, 1, 1, 3, 1, 2, 3, 3, 3, 3, 3, 2, 1, 2, 2, 3]
02/23/2023 13:08:01:INFO: ---------Evaluated Metrics----------
02/23/2023 13:08:01:INFO: Accuracy: 0.47333333333333333.
02/23/2023 13:08:01:INFO: Macro Precision: 0.5376068376068376.
02/23/2023 13:08:01:INFO: Macro Recall: 0.46601818493738206.
02/23/2023 13:08:01:INFO: Macro F1 score: 0.4628905319507994.
02/23/2023 13:08:01:INFO: ---------confusion_matrix----------
02/23/2023 13:08:01:INFO: 
[[33 25  9]
 [ 5 11  9]
 [ 1 30 27]]
02/23/2023 13:08:01:INFO: 模型效果验证详情: {'位置第一个显示标签': 0, '其他位置有情感标签': 0, '全句没有情感标签': 0}.
02/23/2023 13:08:01:INFO: ----------------------Evaluate finished.------------------------
02/23/2023 13:08:01:INFO: Based on [3.th Epoch] best_accuracy: 0.5733333333333334.
02/23/2023 13:08:01:INFO: latest 5 epochs not seen performance increased, early stop.
02/23/2023 13:08:01:INFO: ********** Best Results on Dev Dataset **********
02/23/2023 13:08:01:INFO: Best Accuracy: 0.5733333333333334.
02/23/2023 13:08:01:INFO: Best Macro Precision: 0.5106875203649398.
02/23/2023 13:08:01:INFO: Best Macro Recall: 0.4914016126265226.
02/23/2023 13:08:01:INFO: Best Macro F1 score: 0.4976163557565479.
02/23/2023 13:08:01:INFO: ***** Training Over *****
02/23/2023 13:08:01:INFO: --------------Testing ...---------------
02/23/2023 13:08:01:INFO: tensor([28996, 28997, 28998], device='cuda:0')
02/23/2023 13:08:03:INFO: **********Results Comparison**********
02/23/2023 13:08:03:INFO: 真实标签: 
 [1, 3, 1, 3, 1, 2, 1, 1, 1, 1, 3, 3, 1, 1, 3, 1, 3, 1, 1, 1, 1, 1, 1, 1, 3, 1, 1, 1, 1, 1, 3, 1, 3, 3, 1, 1, 1, 1, 1, 1, 3, 1, 3, 1, 1, 1, 3, 1, 1, 1, 3, 1, 1, 1, 1, 3, 2, 1, 1, 1, 3, 2, 1, 1, 1, 1, 1, 1, 1, 3, 3, 1, 1, 1, 2, 1, 1, 1, 3, 1, 3, 2, 3, 1, 1, 1, 1, 1, 3, 1, 1, 1, 3, 1, 3, 1, 1, 1, 1, 3, 1, 2, 3, 3, 1, 3, 1, 1, 3, 3, 1, 1, 1, 2, 2, 3, 2, 3, 2, 2, 1, 1, 1, 1, 2, 1, 2, 1, 1, 1, 3, 2, 1, 1, 1, 2, 3, 2, 3, 3, 3, 3, 3, 3, 1, 2, 2, 1, 1, 1, 1, 1, 1, 2, 3, 1, 1, 1, 1, 1, 1, 3, 1, 1, 1, 1, 1, 1, 1, 3, 2, 1, 1, 1, 1, 2, 1, 1, 1, 1, 2, 2, 1, 2, 3, 1, 1, 3, 1, 3, 1, 1, 1, 1, 3, 1, 1, 1, 1, 2, 2, 3, 1, 1, 1, 1, 1, 3, 2, 2, 1, 1, 1, 1, 1, 1, 3, 2, 3, 1, 1, 2, 2, 1, 2, 2, 1, 3, 2, 1, 1, 1, 3, 1, 1, 1, 2, 1, 1, 1, 1, 1, 1, 1, 1, 3, 2, 2, 2, 1, 3, 1, 3, 1, 1, 1, 3, 2, 1, 2, 2, 1, 2, 1, 1, 1, 1, 2, 3, 2, 2, 1, 3, 1, 2, 1, 2, 1, 3, 3, 1, 1, 1, 1, 3, 1, 3, 1, 1, 1, 2, 1, 1, 2, 2, 3, 3, 2, 1, 1, 2, 3, 1, 1, 2, 3, 2, 2, 2, 2, 2, 3, 2, 3, 1, 1, 1, 3, 1, 3, 2, 1, 1, 1, 1, 1, 2, 1, 3, 3, 1, 1, 1, 2, 2, 2, 2, 2, 3, 1, 1, 1, 1, 2, 2, 1, 2, 2, 2, 2, 2, 3, 2, 1, 3, 1, 2, 1, 2, 1, 3, 2, 1, 1, 1, 2, 2, 1, 1, 1, 1, 2, 3, 2, 2, 1, 1, 1, 1, 2, 2, 3, 1, 1, 3, 2, 3, 2, 2, 2, 1, 1, 2, 1, 1, 3, 1, 2, 2, 1, 2, 3, 1, 1, 3, 1, 2, 2, 1]
02/23/2023 13:08:03:INFO: 预测标签: 
 [2, 2, 2, 1, 3, 2, 1, 2, 1, 1, 2, 2, 1, 1, 3, 1, 3, 2, 1, 2, 3, 3, 1, 1, 2, 1, 3, 3, 1, 2, 3, 1, 3, 3, 1, 2, 1, 3, 1, 3, 3, 2, 3, 1, 1, 2, 3, 2, 2, 2, 2, 1, 1, 2, 1, 3, 3, 1, 1, 2, 2, 2, 1, 1, 1, 1, 2, 2, 1, 3, 2, 1, 3, 1, 3, 2, 1, 1, 3, 2, 2, 1, 3, 2, 1, 2, 2, 1, 3, 2, 1, 2, 3, 2, 2, 1, 1, 2, 2, 3, 2, 3, 3, 3, 1, 2, 1, 1, 3, 3, 1, 1, 2, 2, 3, 3, 3, 3, 3, 3, 3, 2, 2, 2, 2, 1, 2, 2, 1, 2, 2, 3, 2, 3, 2, 2, 1, 1, 2, 2, 2, 1, 3, 2, 2, 3, 2, 1, 1, 2, 2, 1, 3, 2, 2, 2, 1, 3, 2, 1, 1, 2, 2, 2, 3, 1, 2, 2, 1, 2, 2, 2, 1, 3, 2, 3, 2, 1, 2, 2, 3, 2, 2, 3, 3, 1, 2, 3, 1, 3, 1, 2, 1, 1, 3, 2, 2, 1, 1, 3, 2, 2, 3, 1, 3, 3, 3, 2, 3, 2, 2, 2, 3, 1, 3, 1, 2, 3, 2, 1, 1, 3, 3, 2, 2, 3, 2, 2, 3, 1, 1, 3, 3, 2, 1, 3, 2, 1, 3, 3, 2, 2, 1, 1, 2, 3, 2, 2, 2, 2, 3, 2, 3, 2, 2, 2, 2, 2, 1, 1, 3, 2, 3, 2, 1, 2, 2, 2, 3, 2, 2, 1, 3, 1, 2, 1, 3, 2, 2, 3, 2, 1, 2, 2, 2, 2, 2, 1, 1, 1, 2, 2, 3, 2, 2, 2, 2, 2, 1, 2, 2, 3, 3, 3, 2, 2, 3, 2, 2, 2, 2, 1, 2, 2, 1, 1, 3, 2, 3, 3, 3, 2, 2, 2, 2, 1, 1, 3, 1, 3, 2, 2, 1, 1, 2, 3, 3, 2, 3, 1, 2, 2, 3, 2, 2, 1, 2, 3, 2, 2, 2, 3, 1, 1, 2, 3, 2, 3, 3, 1, 3, 1, 1, 1, 3, 2, 3, 2, 1, 2, 1, 2, 3, 2, 2, 1, 1, 1, 2, 3, 1, 3, 1, 2, 3, 1, 2, 2, 2, 2, 3, 1, 2, 2, 2, 2, 3, 2, 2, 2, 2, 2, 2, 2, 2, 3, 2, 2, 3]
02/23/2023 13:08:03:INFO: ---------Evaluated Metrics----------
02/23/2023 13:08:03:INFO: Accuracy: 0.4767726161369193.
02/23/2023 13:08:03:INFO: Macro Precision: 0.5169786096256684.
02/23/2023 13:08:03:INFO: Macro Recall: 0.5031162690737159.
02/23/2023 13:08:03:INFO: Macro F1 score: 0.46529244562777233.
02/23/2023 13:08:03:INFO: ---------confusion_matrix----------
02/23/2023 13:08:03:INFO: 
[[98 95 38]
 [ 9 55 30]
 [ 5 37 42]]
02/23/2023 13:08:03:INFO: 模型效果验证详情: {'位置第一个显示标签': 1, '其他位置有情感标签': 0, '全句没有情感标签': 0}.
02/23/2023 13:08:03:INFO: ----------------------Testing finished.------------------------
02/23/2023 13:08:03:INFO: bengio.
