02/23/2023 13:26:52:INFO: start.
02/23/2023 13:26:52:INFO: --------hyper-arguments for this training.--------
02/23/2023 13:26:52:INFO: Namespace(answer_strategy='inter_logits_core_token', batch_size=2, dataset='twitter', eval_pre_epochs=1, few_shot=10, learning_rate=1e-05, log_file=None, model_type='WT2ABSA_Mean', patience=5, pre_trained_model='pretrainedmodels/bert-base-cased', save_best_model=False, seed=985, total_epochs=20)
02/23/2023 13:26:52:INFO: ----------dataset files------------
02/23/2023 13:26:52:INFO: {'train': '../WordTrans2ABSA/dataset/twitter/train.json', 'dev': '../WordTrans2ABSA/dataset/twitter/dev.json', 'test': '../WordTrans2ABSA/dataset/twitter/test.json'}
02/23/2023 13:26:58:WARNING: Using custom data configuration default-026ef2911f5d5ab7
02/23/2023 13:26:58:WARNING: Reusing dataset json (C:\Users\Super-IdoI\.cache\huggingface\datasets\json\default-026ef2911f5d5ab7\0.0.0\45636811569ec4a6630521c18235dfbbab83b7ab572e3393c5ba68ccabe98264)
02/23/2023 13:26:58:INFO: -----------------------------------
02/23/2023 13:26:58:INFO: {'I-POS': ['good', 'clever', 'excellent', 'effectual', 'beautiful', 'nice', 'useful', 'well', 'fantastic'], 'I-NEU': ['Michael', 'John', 'David', 'Thomas', 'Martin', 'Paul'], 'I-NEG': ['bad', 'terrible', 'awful', 'badly', 'terrible', 'poor', 'unfortunate', 'harmful', 'dirty', 'sorry']}
02/23/2023 13:26:58:INFO: -----------------------------------
02/23/2023 13:26:58:INFO: {'O': 0, 'I-POS': 1, 'I-NEU': 2, 'I-NEG': 3}
02/23/2023 13:26:58:INFO: {0: 'O', 1: 'I-POS', 2: 'I-NEU', 3: 'I-NEG'}
02/23/2023 13:27:00:INFO: -----------------------------------
02/23/2023 13:27:00:INFO: {'I-POS': 28996, 'I-NEU': 28997, 'I-NEG': 28998}
02/23/2023 13:27:00:INFO: {28996: 'I-POS', 28997: 'I-NEU', 28998: 'I-NEG'}
02/23/2023 13:27:00:INFO: start preprocess dataset.
02/23/2023 13:27:01:INFO: dataset preprocess finished.
02/23/2023 13:27:01:INFO: Train: 30, Dev: 422, Test: 232.
02/23/2023 13:27:01:INFO: dataloader prepare finished.
02/23/2023 13:27:01:INFO: ***** Start Training *****
02/23/2023 13:27:01:INFO: Total Epochs: 20
02/23/2023 13:27:01:INFO: validate on per-1 epochs.
02/23/2023 13:27:01:INFO: Training Samples Count: 30.
02/23/2023 13:27:01:INFO: Batch Size: 2, 每轮 15 Batch.
02/23/2023 13:27:01:INFO: Learning Rate: 1e-05
02/23/2023 13:27:01:INFO: --------------Epoch. 1.---------------
02/23/2023 13:27:02:INFO: [Epoch. 1.]: 100%|| 15/15 [00:01<00:00, 13.33it/s, avg_loss=2.11]
02/23/2023 13:27:02:INFO: Epoch 1, average loss: 2.1128231545289355
02/23/2023 13:27:02:INFO: --------------Evaluate on Epoch. 1.---------------
02/23/2023 13:27:02:INFO: tensor([28996, 28997, 28998], device='cuda:0')
02/23/2023 13:27:04:INFO: **********Results Comparison**********
02/23/2023 13:27:04:INFO: 真实标签: 
 [1, 2, 2, 2, 2, 2, 2, 2, 2, 2, 2, 2, 2, 3, 2, 2, 2, 2, 3, 2, 2, 3, 1, 1, 1, 2, 1, 2, 2, 2, 2, 2, 3, 1, 2, 3, 2, 2, 3, 1, 2, 2, 2, 2, 3, 2, 2, 1, 2, 2, 2, 2, 2, 2, 2, 1, 2, 2, 1, 2, 1, 1, 2, 2, 1, 1, 2, 2, 2, 2, 2, 2, 2, 3, 1, 1, 2, 2, 2, 1, 2, 2, 2, 2, 2, 2, 3, 2, 2, 2, 1, 1, 1, 2, 1, 1, 1, 2, 1, 2, 1, 1, 2, 1, 1, 2, 1, 2, 1, 2, 3, 2, 1, 2, 2, 2, 2, 2, 3, 2, 2, 1, 2, 2, 2, 3, 2, 2, 2, 2, 2, 2, 2, 2, 2, 3, 2, 2, 2, 2, 3, 2, 2, 1, 2, 2, 2, 2, 2, 1, 2, 2, 1, 1, 1, 2, 2, 2, 2, 2, 1, 2, 2, 2, 2, 2, 2, 1, 2, 2, 2, 2, 2, 2, 1, 2, 1, 2, 2, 2, 2, 2, 1, 2, 2, 3, 3, 2, 3, 2, 2, 2, 2, 1, 1, 2, 2, 2, 2, 2, 1, 2, 1, 2, 1, 2, 1, 2, 2, 1, 2, 2, 1, 2, 2, 2, 2, 2, 2, 1, 2, 2, 2, 1, 3, 1, 3, 2, 2, 3, 2, 2, 2, 1, 2, 1, 2, 2, 2, 3, 2, 2, 3, 2, 2, 2, 3, 2, 2, 2, 2, 1, 2, 2, 1, 2, 2, 2, 3, 1, 2, 2, 2, 2, 1, 1, 2, 1, 2, 2, 1, 2, 2, 1, 2, 2, 2, 1, 2, 2, 2, 1, 2, 2, 2, 2, 2, 2, 2, 2, 2, 1, 1, 2, 2, 2, 1, 2, 2, 2, 2, 2, 2, 2, 2, 2, 2, 2, 2, 2, 1, 1, 2, 2, 2, 2, 1, 3, 1, 1, 2, 1, 1, 2, 1, 1, 2, 2, 2, 1, 2, 2, 2, 2, 1, 2, 2, 2, 2, 2, 1, 2, 1, 2, 1, 2, 2, 1, 2, 2, 1, 2, 2, 2, 2, 1, 2, 2, 2, 2, 2, 2, 3, 2, 2, 2, 3, 2, 2, 1, 2, 1, 2, 2, 2, 2, 1, 2, 2, 2, 2, 1, 2, 1, 1, 1, 2, 1, 1, 2, 1, 2, 2, 2, 2, 1, 2, 1, 2, 1, 1, 2, 2, 2, 2, 2, 2, 2, 3, 2, 1, 2, 2, 1, 2, 1, 2, 2, 2, 1, 1, 1]
02/23/2023 13:27:04:INFO: 预测标签: 
 [2, 3, 2, 2, 2, 1, 2, 2, 1, 2, 2, 2, 2, 2, 2, 2, 2, 2, 2, 2, 2, 2, 2, 2, 2, 1, 2, 2, 2, 2, 2, 3, 3, 2, 2, 1, 2, 2, 2, 2, 1, 2, 1, 2, 1, 1, 2, 2, 2, 2, 2, 2, 2, 2, 2, 1, 2, 2, 3, 2, 1, 2, 1, 2, 1, 2, 2, 2, 1, 1, 2, 2, 2, 2, 2, 2, 1, 2, 2, 2, 2, 2, 2, 2, 3, 1, 2, 2, 2, 2, 1, 1, 1, 1, 2, 2, 2, 2, 2, 2, 2, 3, 2, 2, 2, 1, 1, 2, 1, 2, 3, 2, 1, 2, 2, 2, 2, 2, 1, 3, 2, 2, 2, 2, 2, 2, 2, 2, 2, 1, 2, 1, 1, 1, 2, 3, 2, 1, 1, 2, 1, 2, 2, 2, 2, 2, 2, 2, 2, 2, 2, 2, 3, 3, 2, 2, 2, 3, 2, 2, 2, 2, 2, 1, 2, 2, 2, 2, 2, 2, 2, 2, 2, 2, 2, 2, 1, 2, 2, 2, 2, 1, 2, 3, 2, 1, 2, 1, 3, 2, 2, 2, 2, 2, 1, 2, 1, 2, 2, 2, 2, 2, 2, 2, 2, 2, 2, 2, 2, 3, 2, 3, 2, 2, 2, 2, 2, 2, 2, 3, 2, 2, 2, 2, 2, 2, 2, 2, 2, 2, 2, 3, 2, 2, 2, 2, 3, 2, 2, 2, 2, 2, 3, 2, 2, 2, 2, 2, 2, 1, 2, 2, 2, 2, 1, 2, 2, 2, 1, 2, 1, 2, 1, 2, 2, 1, 2, 1, 2, 2, 2, 2, 3, 2, 2, 2, 3, 3, 2, 2, 2, 2, 2, 2, 1, 2, 2, 2, 2, 1, 2, 2, 2, 2, 2, 2, 2, 1, 2, 2, 2, 2, 2, 2, 2, 2, 1, 2, 3, 2, 2, 1, 2, 2, 2, 1, 2, 2, 2, 2, 3, 2, 2, 2, 1, 2, 2, 2, 2, 2, 2, 1, 2, 1, 1, 2, 2, 1, 2, 2, 2, 2, 2, 2, 1, 3, 2, 2, 2, 2, 1, 2, 2, 2, 1, 3, 1, 2, 2, 2, 2, 2, 1, 2, 2, 2, 1, 3, 2, 2, 2, 2, 2, 2, 2, 2, 2, 2, 1, 3, 2, 1, 2, 2, 2, 1, 2, 2, 1, 2, 2, 1, 2, 2, 2, 2, 1, 2, 2, 1, 2, 2, 2, 2, 2, 2, 2, 2, 3, 2, 2, 2, 2, 1, 2, 2, 2, 2, 3, 2, 2, 2]
02/23/2023 13:27:04:INFO: ---------Evaluated Metrics----------
02/23/2023 13:27:04:INFO: Accuracy: 0.6232227488151659.
02/23/2023 13:27:04:INFO: Macro Precision: 0.41990051870361955.
02/23/2023 13:27:04:INFO: Macro Recall: 0.4163618388531883.
02/23/2023 13:27:04:INFO: Macro F1 score: 0.4137686457966996.
02/23/2023 13:27:04:INFO: ---------confusion_matrix----------
02/23/2023 13:27:04:INFO: 
[[ 24  73   8]
 [ 39 233  17]
 [  8  14   6]]
02/23/2023 13:27:04:INFO: 模型效果验证详情: {'位置第一个显示标签': 0, '其他位置有情感标签': 0, '全句没有情感标签': 0}.
02/23/2023 13:27:04:INFO: ----------------------Evaluate finished.------------------------
02/23/2023 13:27:04:INFO: --------------Epoch. 2.---------------
02/23/2023 13:27:05:INFO: [Epoch. 2.]: 100%|| 15/15 [00:00<00:00, 15.93it/s, avg_loss=1.53]
02/23/2023 13:27:05:INFO: Epoch 2, average loss: 1.5325366179148356
02/23/2023 13:27:05:INFO: --------------Evaluate on Epoch. 2.---------------
02/23/2023 13:27:05:INFO: tensor([28996, 28997, 28998], device='cuda:0')
02/23/2023 13:27:07:INFO: **********Results Comparison**********
02/23/2023 13:27:07:INFO: 真实标签: 
 [1, 2, 2, 2, 2, 2, 2, 2, 2, 2, 2, 2, 2, 3, 2, 2, 2, 2, 3, 2, 2, 3, 1, 1, 1, 2, 1, 2, 2, 2, 2, 2, 3, 1, 2, 3, 2, 2, 3, 1, 2, 2, 2, 2, 3, 2, 2, 1, 2, 2, 2, 2, 2, 2, 2, 1, 2, 2, 1, 2, 1, 1, 2, 2, 1, 1, 2, 2, 2, 2, 2, 2, 2, 3, 1, 1, 2, 2, 2, 1, 2, 2, 2, 2, 2, 2, 3, 2, 2, 2, 1, 1, 1, 2, 1, 1, 1, 2, 1, 2, 1, 1, 2, 1, 1, 2, 1, 2, 1, 2, 3, 2, 1, 2, 2, 2, 2, 2, 3, 2, 2, 1, 2, 2, 2, 3, 2, 2, 2, 2, 2, 2, 2, 2, 2, 3, 2, 2, 2, 2, 3, 2, 2, 1, 2, 2, 2, 2, 2, 1, 2, 2, 1, 1, 1, 2, 2, 2, 2, 2, 1, 2, 2, 2, 2, 2, 2, 1, 2, 2, 2, 2, 2, 2, 1, 2, 1, 2, 2, 2, 2, 2, 1, 2, 2, 3, 3, 2, 3, 2, 2, 2, 2, 1, 1, 2, 2, 2, 2, 2, 1, 2, 1, 2, 1, 2, 1, 2, 2, 1, 2, 2, 1, 2, 2, 2, 2, 2, 2, 1, 2, 2, 2, 1, 3, 1, 3, 2, 2, 3, 2, 2, 2, 1, 2, 1, 2, 2, 2, 3, 2, 2, 3, 2, 2, 2, 3, 2, 2, 2, 2, 1, 2, 2, 1, 2, 2, 2, 3, 1, 2, 2, 2, 2, 1, 1, 2, 1, 2, 2, 1, 2, 2, 1, 2, 2, 2, 1, 2, 2, 2, 1, 2, 2, 2, 2, 2, 2, 2, 2, 2, 1, 1, 2, 2, 2, 1, 2, 2, 2, 2, 2, 2, 2, 2, 2, 2, 2, 2, 2, 1, 1, 2, 2, 2, 2, 1, 3, 1, 1, 2, 1, 1, 2, 1, 1, 2, 2, 2, 1, 2, 2, 2, 2, 1, 2, 2, 2, 2, 2, 1, 2, 1, 2, 1, 2, 2, 1, 2, 2, 1, 2, 2, 2, 2, 1, 2, 2, 2, 2, 2, 2, 3, 2, 2, 2, 3, 2, 2, 1, 2, 1, 2, 2, 2, 2, 1, 2, 2, 2, 2, 1, 2, 1, 1, 1, 2, 1, 1, 2, 1, 2, 2, 2, 2, 1, 2, 1, 2, 1, 1, 2, 2, 2, 2, 2, 2, 2, 3, 2, 1, 2, 2, 1, 2, 1, 2, 2, 2, 1, 1, 1]
02/23/2023 13:27:07:INFO: 预测标签: 
 [2, 3, 2, 2, 2, 1, 2, 2, 1, 1, 2, 2, 2, 2, 2, 2, 2, 1, 2, 2, 2, 2, 2, 2, 2, 1, 2, 2, 2, 2, 2, 3, 3, 2, 1, 1, 2, 2, 3, 2, 1, 2, 1, 2, 1, 1, 2, 2, 2, 2, 3, 2, 2, 2, 2, 1, 1, 3, 3, 1, 1, 2, 1, 2, 1, 3, 2, 2, 1, 1, 2, 2, 2, 2, 2, 2, 1, 2, 1, 2, 2, 2, 2, 2, 3, 3, 2, 2, 2, 2, 1, 3, 1, 1, 2, 1, 2, 2, 2, 2, 1, 3, 2, 3, 2, 1, 1, 2, 1, 2, 3, 2, 1, 2, 2, 2, 2, 2, 1, 3, 2, 1, 2, 2, 2, 2, 2, 2, 2, 1, 2, 1, 1, 1, 2, 3, 2, 1, 1, 2, 1, 2, 2, 2, 2, 2, 3, 2, 1, 2, 2, 2, 3, 3, 2, 2, 2, 3, 2, 2, 2, 2, 2, 1, 2, 2, 2, 2, 2, 2, 2, 2, 2, 1, 2, 1, 1, 2, 2, 2, 3, 1, 2, 3, 3, 1, 2, 1, 3, 2, 2, 2, 2, 1, 1, 2, 1, 2, 2, 2, 2, 2, 2, 2, 2, 2, 2, 2, 2, 3, 2, 3, 2, 2, 2, 1, 2, 2, 2, 3, 1, 2, 2, 2, 2, 2, 2, 2, 2, 2, 1, 3, 2, 2, 2, 2, 3, 2, 2, 2, 2, 2, 3, 2, 2, 2, 2, 1, 2, 1, 2, 2, 1, 2, 1, 1, 2, 2, 1, 2, 1, 2, 1, 2, 2, 1, 2, 1, 2, 2, 2, 2, 3, 2, 1, 2, 3, 3, 2, 3, 2, 1, 2, 2, 1, 2, 2, 2, 2, 1, 2, 1, 2, 2, 2, 2, 2, 1, 2, 2, 1, 2, 2, 2, 2, 2, 1, 2, 3, 2, 2, 1, 2, 2, 2, 1, 2, 2, 2, 2, 3, 2, 2, 2, 1, 1, 2, 2, 2, 2, 2, 1, 2, 1, 1, 2, 2, 1, 1, 2, 2, 2, 2, 2, 1, 3, 2, 2, 2, 2, 1, 2, 2, 2, 1, 3, 1, 2, 2, 1, 2, 2, 1, 2, 2, 3, 1, 3, 2, 2, 2, 2, 2, 2, 2, 2, 2, 3, 1, 3, 2, 1, 2, 1, 2, 1, 1, 1, 1, 2, 2, 1, 3, 2, 2, 2, 1, 2, 2, 1, 2, 2, 2, 2, 2, 2, 2, 2, 3, 2, 1, 2, 2, 1, 2, 2, 2, 3, 3, 1, 2, 2]
02/23/2023 13:27:07:INFO: ---------Evaluated Metrics----------
02/23/2023 13:27:07:INFO: Accuracy: 0.5781990521327014.
02/23/2023 13:27:07:INFO: Macro Precision: 0.4092270531400966.
02/23/2023 13:27:07:INFO: Macro Recall: 0.42541055637941455.
02/23/2023 13:27:07:INFO: Macro F1 score: 0.41316019235294005.
02/23/2023 13:27:07:INFO: ---------confusion_matrix----------
02/23/2023 13:27:07:INFO: 
[[ 34  60  11]
 [ 58 203  28]
 [  8  13   7]]
02/23/2023 13:27:07:INFO: 模型效果验证详情: {'位置第一个显示标签': 0, '其他位置有情感标签': 0, '全句没有情感标签': 0}.
02/23/2023 13:27:07:INFO: ----------------------Evaluate finished.------------------------
02/23/2023 13:27:07:INFO: --------------Epoch. 3.---------------
02/23/2023 13:27:08:INFO: [Epoch. 3.]: 100%|| 15/15 [00:00<00:00, 16.08it/s, avg_loss=1.02]
02/23/2023 13:27:08:INFO: Epoch 3, average loss: 1.0158631960550943
02/23/2023 13:27:08:INFO: --------------Evaluate on Epoch. 3.---------------
02/23/2023 13:27:08:INFO: tensor([28996, 28997, 28998], device='cuda:0')
02/23/2023 13:27:10:INFO: **********Results Comparison**********
02/23/2023 13:27:10:INFO: 真实标签: 
 [1, 2, 2, 2, 2, 2, 2, 2, 2, 2, 2, 2, 2, 3, 2, 2, 2, 2, 3, 2, 2, 3, 1, 1, 1, 2, 1, 2, 2, 2, 2, 2, 3, 1, 2, 3, 2, 2, 3, 1, 2, 2, 2, 2, 3, 2, 2, 1, 2, 2, 2, 2, 2, 2, 2, 1, 2, 2, 1, 2, 1, 1, 2, 2, 1, 1, 2, 2, 2, 2, 2, 2, 2, 3, 1, 1, 2, 2, 2, 1, 2, 2, 2, 2, 2, 2, 3, 2, 2, 2, 1, 1, 1, 2, 1, 1, 1, 2, 1, 2, 1, 1, 2, 1, 1, 2, 1, 2, 1, 2, 3, 2, 1, 2, 2, 2, 2, 2, 3, 2, 2, 1, 2, 2, 2, 3, 2, 2, 2, 2, 2, 2, 2, 2, 2, 3, 2, 2, 2, 2, 3, 2, 2, 1, 2, 2, 2, 2, 2, 1, 2, 2, 1, 1, 1, 2, 2, 2, 2, 2, 1, 2, 2, 2, 2, 2, 2, 1, 2, 2, 2, 2, 2, 2, 1, 2, 1, 2, 2, 2, 2, 2, 1, 2, 2, 3, 3, 2, 3, 2, 2, 2, 2, 1, 1, 2, 2, 2, 2, 2, 1, 2, 1, 2, 1, 2, 1, 2, 2, 1, 2, 2, 1, 2, 2, 2, 2, 2, 2, 1, 2, 2, 2, 1, 3, 1, 3, 2, 2, 3, 2, 2, 2, 1, 2, 1, 2, 2, 2, 3, 2, 2, 3, 2, 2, 2, 3, 2, 2, 2, 2, 1, 2, 2, 1, 2, 2, 2, 3, 1, 2, 2, 2, 2, 1, 1, 2, 1, 2, 2, 1, 2, 2, 1, 2, 2, 2, 1, 2, 2, 2, 1, 2, 2, 2, 2, 2, 2, 2, 2, 2, 1, 1, 2, 2, 2, 1, 2, 2, 2, 2, 2, 2, 2, 2, 2, 2, 2, 2, 2, 1, 1, 2, 2, 2, 2, 1, 3, 1, 1, 2, 1, 1, 2, 1, 1, 2, 2, 2, 1, 2, 2, 2, 2, 1, 2, 2, 2, 2, 2, 1, 2, 1, 2, 1, 2, 2, 1, 2, 2, 1, 2, 2, 2, 2, 1, 2, 2, 2, 2, 2, 2, 3, 2, 2, 2, 3, 2, 2, 1, 2, 1, 2, 2, 2, 2, 1, 2, 2, 2, 2, 1, 2, 1, 1, 1, 2, 1, 1, 2, 1, 2, 2, 2, 2, 1, 2, 1, 2, 1, 1, 2, 2, 2, 2, 2, 2, 2, 3, 2, 1, 2, 2, 1, 2, 1, 2, 2, 2, 1, 1, 1]
02/23/2023 13:27:10:INFO: 预测标签: 
 [2, 3, 2, 2, 2, 3, 3, 2, 1, 3, 1, 1, 2, 2, 2, 2, 2, 1, 2, 2, 2, 3, 2, 1, 2, 3, 2, 3, 1, 2, 2, 3, 3, 2, 1, 1, 2, 3, 3, 2, 1, 2, 1, 2, 1, 1, 2, 2, 3, 3, 3, 2, 2, 2, 3, 1, 1, 3, 3, 3, 1, 2, 1, 2, 1, 3, 2, 2, 1, 3, 2, 2, 2, 3, 2, 3, 3, 2, 3, 1, 3, 2, 2, 2, 3, 3, 3, 1, 2, 2, 3, 3, 3, 3, 2, 1, 2, 3, 2, 2, 1, 3, 2, 3, 2, 3, 1, 3, 1, 2, 3, 2, 3, 2, 2, 2, 2, 3, 1, 3, 2, 1, 2, 2, 2, 2, 2, 3, 2, 3, 2, 1, 3, 1, 2, 3, 2, 1, 3, 2, 1, 2, 2, 3, 2, 2, 3, 2, 3, 2, 2, 2, 3, 3, 2, 2, 2, 3, 2, 2, 1, 2, 2, 1, 2, 2, 2, 1, 3, 2, 3, 1, 2, 1, 2, 1, 1, 2, 1, 2, 3, 1, 1, 3, 3, 3, 3, 3, 3, 2, 3, 2, 2, 1, 3, 2, 3, 3, 2, 2, 2, 2, 2, 2, 2, 2, 2, 3, 1, 3, 2, 3, 2, 2, 2, 1, 1, 2, 2, 3, 3, 2, 2, 3, 3, 2, 2, 2, 2, 2, 1, 3, 2, 2, 2, 1, 3, 1, 2, 3, 3, 2, 3, 2, 2, 2, 3, 3, 2, 1, 1, 1, 3, 2, 1, 1, 2, 2, 1, 2, 1, 3, 3, 2, 2, 1, 2, 1, 2, 2, 2, 2, 3, 1, 1, 2, 3, 3, 2, 3, 2, 1, 2, 2, 1, 2, 3, 2, 2, 1, 2, 3, 2, 2, 3, 2, 2, 1, 1, 2, 1, 2, 2, 2, 2, 3, 1, 2, 3, 3, 1, 1, 2, 2, 2, 1, 2, 1, 2, 2, 3, 3, 1, 2, 1, 1, 2, 1, 2, 2, 2, 1, 3, 3, 3, 2, 2, 3, 1, 3, 2, 2, 2, 2, 1, 3, 2, 1, 2, 2, 1, 2, 1, 2, 3, 3, 1, 2, 2, 1, 2, 2, 1, 2, 2, 3, 3, 3, 2, 3, 2, 2, 1, 1, 2, 2, 3, 3, 3, 3, 3, 3, 2, 3, 1, 3, 1, 1, 1, 2, 2, 3, 3, 2, 2, 2, 1, 3, 2, 1, 2, 2, 2, 3, 3, 3, 2, 2, 3, 2, 1, 2, 2, 3, 2, 2, 1, 3, 3, 1, 3, 2]
02/23/2023 13:27:10:INFO: ---------Evaluated Metrics----------
02/23/2023 13:27:10:INFO: Accuracy: 0.5.
02/23/2023 13:27:10:INFO: Macro Precision: 0.4315028462998103.
02/23/2023 13:27:10:INFO: Macro Recall: 0.4881529082221124.
02/23/2023 13:27:10:INFO: Macro F1 score: 0.40593903879907933.
02/23/2023 13:27:10:INFO: ---------confusion_matrix----------
02/23/2023 13:27:10:INFO: 
[[ 36  40  29]
 [ 50 159  80]
 [  7   5  16]]
02/23/2023 13:27:10:INFO: 模型效果验证详情: {'位置第一个显示标签': 0, '其他位置有情感标签': 0, '全句没有情感标签': 0}.
02/23/2023 13:27:10:INFO: ----------------------Evaluate finished.------------------------
02/23/2023 13:27:10:INFO: --------------Epoch. 4.---------------
02/23/2023 13:27:11:INFO: [Epoch. 4.]: 100%|| 15/15 [00:00<00:00, 16.09it/s, avg_loss=0.765]
02/23/2023 13:27:11:INFO: Epoch 4, average loss: 0.7653267761071523
02/23/2023 13:27:11:INFO: --------------Evaluate on Epoch. 4.---------------
02/23/2023 13:27:11:INFO: tensor([28996, 28997, 28998], device='cuda:0')
02/23/2023 13:27:13:INFO: **********Results Comparison**********
02/23/2023 13:27:13:INFO: 真实标签: 
 [1, 2, 2, 2, 2, 2, 2, 2, 2, 2, 2, 2, 2, 3, 2, 2, 2, 2, 3, 2, 2, 3, 1, 1, 1, 2, 1, 2, 2, 2, 2, 2, 3, 1, 2, 3, 2, 2, 3, 1, 2, 2, 2, 2, 3, 2, 2, 1, 2, 2, 2, 2, 2, 2, 2, 1, 2, 2, 1, 2, 1, 1, 2, 2, 1, 1, 2, 2, 2, 2, 2, 2, 2, 3, 1, 1, 2, 2, 2, 1, 2, 2, 2, 2, 2, 2, 3, 2, 2, 2, 1, 1, 1, 2, 1, 1, 1, 2, 1, 2, 1, 1, 2, 1, 1, 2, 1, 2, 1, 2, 3, 2, 1, 2, 2, 2, 2, 2, 3, 2, 2, 1, 2, 2, 2, 3, 2, 2, 2, 2, 2, 2, 2, 2, 2, 3, 2, 2, 2, 2, 3, 2, 2, 1, 2, 2, 2, 2, 2, 1, 2, 2, 1, 1, 1, 2, 2, 2, 2, 2, 1, 2, 2, 2, 2, 2, 2, 1, 2, 2, 2, 2, 2, 2, 1, 2, 1, 2, 2, 2, 2, 2, 1, 2, 2, 3, 3, 2, 3, 2, 2, 2, 2, 1, 1, 2, 2, 2, 2, 2, 1, 2, 1, 2, 1, 2, 1, 2, 2, 1, 2, 2, 1, 2, 2, 2, 2, 2, 2, 1, 2, 2, 2, 1, 3, 1, 3, 2, 2, 3, 2, 2, 2, 1, 2, 1, 2, 2, 2, 3, 2, 2, 3, 2, 2, 2, 3, 2, 2, 2, 2, 1, 2, 2, 1, 2, 2, 2, 3, 1, 2, 2, 2, 2, 1, 1, 2, 1, 2, 2, 1, 2, 2, 1, 2, 2, 2, 1, 2, 2, 2, 1, 2, 2, 2, 2, 2, 2, 2, 2, 2, 1, 1, 2, 2, 2, 1, 2, 2, 2, 2, 2, 2, 2, 2, 2, 2, 2, 2, 2, 1, 1, 2, 2, 2, 2, 1, 3, 1, 1, 2, 1, 1, 2, 1, 1, 2, 2, 2, 1, 2, 2, 2, 2, 1, 2, 2, 2, 2, 2, 1, 2, 1, 2, 1, 2, 2, 1, 2, 2, 1, 2, 2, 2, 2, 1, 2, 2, 2, 2, 2, 2, 3, 2, 2, 2, 3, 2, 2, 1, 2, 1, 2, 2, 2, 2, 1, 2, 2, 2, 2, 1, 2, 1, 1, 1, 2, 1, 1, 2, 1, 2, 2, 2, 2, 1, 2, 1, 2, 1, 1, 2, 2, 2, 2, 2, 2, 2, 3, 2, 1, 2, 2, 1, 2, 1, 2, 2, 2, 1, 1, 1]
02/23/2023 13:27:13:INFO: 预测标签: 
 [2, 3, 2, 2, 2, 3, 2, 2, 1, 3, 2, 2, 2, 2, 2, 2, 2, 2, 2, 2, 2, 2, 2, 2, 2, 3, 2, 2, 2, 2, 2, 3, 3, 2, 2, 1, 2, 2, 3, 2, 2, 2, 1, 2, 1, 1, 2, 2, 2, 2, 3, 2, 2, 2, 3, 1, 2, 3, 3, 2, 2, 2, 1, 2, 3, 3, 2, 2, 1, 3, 2, 2, 2, 2, 2, 3, 3, 2, 2, 2, 3, 2, 2, 2, 3, 3, 2, 2, 2, 2, 3, 3, 3, 3, 2, 1, 2, 2, 2, 2, 2, 3, 2, 3, 2, 3, 1, 2, 1, 2, 3, 2, 3, 2, 2, 2, 2, 2, 1, 3, 2, 2, 2, 2, 2, 2, 2, 2, 2, 3, 2, 1, 3, 2, 2, 3, 2, 3, 3, 2, 3, 2, 2, 3, 2, 2, 3, 2, 2, 2, 2, 2, 3, 3, 2, 2, 2, 3, 2, 2, 2, 2, 2, 2, 2, 2, 2, 2, 2, 2, 2, 2, 2, 3, 2, 2, 1, 2, 2, 2, 3, 3, 2, 3, 3, 3, 2, 2, 3, 2, 2, 2, 2, 2, 3, 2, 3, 2, 2, 2, 2, 2, 2, 2, 2, 2, 2, 2, 2, 3, 2, 3, 2, 2, 2, 2, 2, 2, 2, 3, 3, 2, 2, 2, 3, 2, 2, 2, 2, 2, 2, 3, 2, 2, 2, 2, 3, 2, 2, 2, 2, 2, 3, 2, 2, 2, 3, 3, 2, 3, 2, 2, 3, 2, 1, 2, 2, 2, 1, 2, 3, 2, 3, 2, 2, 1, 2, 1, 2, 2, 2, 2, 3, 2, 2, 2, 3, 3, 2, 3, 2, 2, 2, 2, 1, 2, 3, 2, 2, 1, 2, 3, 2, 2, 3, 2, 2, 1, 2, 2, 2, 2, 2, 2, 2, 2, 1, 2, 3, 3, 2, 3, 2, 2, 2, 1, 2, 2, 2, 2, 3, 2, 2, 2, 3, 3, 2, 2, 2, 2, 2, 2, 2, 3, 3, 2, 2, 3, 2, 3, 2, 2, 2, 2, 1, 3, 2, 2, 2, 2, 1, 2, 2, 2, 3, 3, 1, 2, 2, 2, 2, 2, 2, 2, 2, 3, 3, 3, 2, 3, 2, 2, 2, 2, 2, 2, 3, 3, 3, 3, 3, 3, 2, 2, 2, 3, 2, 1, 1, 2, 2, 2, 3, 2, 2, 2, 1, 2, 2, 1, 2, 2, 2, 2, 2, 2, 2, 2, 3, 2, 2, 2, 2, 3, 2, 2, 2, 3, 3, 2, 2, 2]
02/23/2023 13:27:13:INFO: ---------Evaluated Metrics----------
02/23/2023 13:27:13:INFO: Accuracy: 0.5734597156398105.
02/23/2023 13:27:13:INFO: Macro Precision: 0.43171992967214806.
02/23/2023 13:27:13:INFO: Macro Recall: 0.4344153347613555.
02/23/2023 13:27:13:INFO: Macro F1 score: 0.3757578126331002.
02/23/2023 13:27:13:INFO: ---------confusion_matrix----------
02/23/2023 13:27:13:INFO: 
[[ 13  64  28]
 [ 13 217  59]
 [  4  12  12]]
02/23/2023 13:27:13:INFO: 模型效果验证详情: {'位置第一个显示标签': 0, '其他位置有情感标签': 0, '全句没有情感标签': 0}.
02/23/2023 13:27:13:INFO: ----------------------Evaluate finished.------------------------
02/23/2023 13:27:13:INFO: --------------Epoch. 5.---------------
02/23/2023 13:27:14:INFO: [Epoch. 5.]: 100%|| 15/15 [00:00<00:00, 16.00it/s, avg_loss=0.652]
02/23/2023 13:27:14:INFO: Epoch 5, average loss: 0.651967324813207
02/23/2023 13:27:14:INFO: --------------Evaluate on Epoch. 5.---------------
02/23/2023 13:27:14:INFO: tensor([28996, 28997, 28998], device='cuda:0')
02/23/2023 13:27:16:INFO: **********Results Comparison**********
02/23/2023 13:27:16:INFO: 真实标签: 
 [1, 2, 2, 2, 2, 2, 2, 2, 2, 2, 2, 2, 2, 3, 2, 2, 2, 2, 3, 2, 2, 3, 1, 1, 1, 2, 1, 2, 2, 2, 2, 2, 3, 1, 2, 3, 2, 2, 3, 1, 2, 2, 2, 2, 3, 2, 2, 1, 2, 2, 2, 2, 2, 2, 2, 1, 2, 2, 1, 2, 1, 1, 2, 2, 1, 1, 2, 2, 2, 2, 2, 2, 2, 3, 1, 1, 2, 2, 2, 1, 2, 2, 2, 2, 2, 2, 3, 2, 2, 2, 1, 1, 1, 2, 1, 1, 1, 2, 1, 2, 1, 1, 2, 1, 1, 2, 1, 2, 1, 2, 3, 2, 1, 2, 2, 2, 2, 2, 3, 2, 2, 1, 2, 2, 2, 3, 2, 2, 2, 2, 2, 2, 2, 2, 2, 3, 2, 2, 2, 2, 3, 2, 2, 1, 2, 2, 2, 2, 2, 1, 2, 2, 1, 1, 1, 2, 2, 2, 2, 2, 1, 2, 2, 2, 2, 2, 2, 1, 2, 2, 2, 2, 2, 2, 1, 2, 1, 2, 2, 2, 2, 2, 1, 2, 2, 3, 3, 2, 3, 2, 2, 2, 2, 1, 1, 2, 2, 2, 2, 2, 1, 2, 1, 2, 1, 2, 1, 2, 2, 1, 2, 2, 1, 2, 2, 2, 2, 2, 2, 1, 2, 2, 2, 1, 3, 1, 3, 2, 2, 3, 2, 2, 2, 1, 2, 1, 2, 2, 2, 3, 2, 2, 3, 2, 2, 2, 3, 2, 2, 2, 2, 1, 2, 2, 1, 2, 2, 2, 3, 1, 2, 2, 2, 2, 1, 1, 2, 1, 2, 2, 1, 2, 2, 1, 2, 2, 2, 1, 2, 2, 2, 1, 2, 2, 2, 2, 2, 2, 2, 2, 2, 1, 1, 2, 2, 2, 1, 2, 2, 2, 2, 2, 2, 2, 2, 2, 2, 2, 2, 2, 1, 1, 2, 2, 2, 2, 1, 3, 1, 1, 2, 1, 1, 2, 1, 1, 2, 2, 2, 1, 2, 2, 2, 2, 1, 2, 2, 2, 2, 2, 1, 2, 1, 2, 1, 2, 2, 1, 2, 2, 1, 2, 2, 2, 2, 1, 2, 2, 2, 2, 2, 2, 3, 2, 2, 2, 3, 2, 2, 1, 2, 1, 2, 2, 2, 2, 1, 2, 2, 2, 2, 1, 2, 1, 1, 1, 2, 1, 1, 2, 1, 2, 2, 2, 2, 1, 2, 1, 2, 1, 1, 2, 2, 2, 2, 2, 2, 2, 3, 2, 1, 2, 2, 1, 2, 1, 2, 2, 2, 1, 1, 1]
02/23/2023 13:27:16:INFO: 预测标签: 
 [2, 3, 2, 2, 2, 3, 3, 2, 1, 3, 2, 1, 2, 2, 2, 2, 2, 2, 2, 2, 2, 3, 2, 2, 2, 3, 2, 2, 2, 2, 2, 3, 3, 2, 1, 1, 2, 2, 3, 2, 2, 2, 1, 2, 1, 1, 2, 2, 2, 3, 3, 2, 2, 2, 3, 1, 1, 3, 3, 2, 1, 2, 1, 2, 3, 3, 2, 2, 1, 3, 2, 2, 2, 2, 2, 3, 3, 2, 3, 2, 3, 2, 2, 2, 3, 3, 3, 2, 2, 2, 3, 3, 3, 3, 2, 1, 2, 2, 2, 2, 1, 3, 2, 3, 2, 3, 1, 3, 1, 2, 3, 2, 1, 2, 2, 2, 2, 1, 1, 3, 2, 1, 2, 2, 2, 2, 2, 2, 2, 3, 2, 1, 3, 1, 2, 3, 2, 3, 3, 2, 3, 2, 2, 3, 2, 2, 3, 2, 3, 2, 2, 2, 3, 3, 2, 2, 2, 3, 2, 2, 2, 2, 2, 1, 2, 2, 2, 1, 3, 2, 2, 2, 2, 3, 2, 2, 1, 2, 2, 2, 3, 1, 2, 3, 3, 3, 3, 3, 3, 2, 2, 2, 2, 1, 3, 2, 3, 3, 2, 2, 2, 2, 2, 2, 2, 2, 3, 2, 2, 3, 2, 3, 2, 2, 2, 1, 3, 2, 2, 3, 3, 2, 2, 2, 3, 2, 2, 2, 2, 2, 1, 3, 2, 2, 2, 1, 3, 2, 2, 3, 3, 2, 3, 2, 2, 2, 3, 3, 2, 3, 2, 2, 3, 2, 1, 1, 2, 2, 1, 2, 1, 2, 3, 2, 2, 1, 2, 1, 2, 2, 2, 2, 3, 1, 2, 2, 3, 3, 2, 3, 2, 1, 2, 2, 1, 2, 3, 2, 2, 1, 2, 3, 2, 2, 3, 2, 2, 1, 2, 2, 1, 2, 2, 2, 2, 2, 1, 2, 3, 3, 2, 3, 2, 2, 2, 1, 2, 2, 2, 2, 3, 3, 1, 2, 1, 1, 2, 2, 2, 2, 2, 1, 2, 3, 3, 2, 2, 3, 1, 3, 2, 2, 2, 2, 1, 3, 2, 2, 2, 2, 1, 2, 2, 2, 1, 3, 1, 2, 2, 1, 2, 2, 2, 2, 2, 3, 3, 3, 2, 3, 2, 2, 1, 1, 2, 2, 3, 3, 3, 3, 3, 1, 2, 1, 2, 3, 1, 1, 1, 2, 2, 3, 3, 2, 2, 2, 1, 2, 2, 1, 2, 2, 2, 3, 3, 3, 2, 2, 3, 2, 1, 2, 2, 3, 2, 2, 2, 3, 3, 1, 3, 2]
02/23/2023 13:27:16:INFO: ---------Evaluated Metrics----------
02/23/2023 13:27:16:INFO: Accuracy: 0.5497630331753555.
02/23/2023 13:27:16:INFO: Macro Precision: 0.45138006971025973.
02/23/2023 13:27:16:INFO: Macro Recall: 0.49822595704948647.
02/23/2023 13:27:16:INFO: Macro F1 score: 0.42327179351508537.
02/23/2023 13:27:16:INFO: ---------confusion_matrix----------
02/23/2023 13:27:16:INFO: 
[[ 29  49  27]
 [ 32 187  70]
 [  4   8  16]]
02/23/2023 13:27:16:INFO: 模型效果验证详情: {'位置第一个显示标签': 0, '其他位置有情感标签': 0, '全句没有情感标签': 0}.
02/23/2023 13:27:16:INFO: ----------------------Evaluate finished.------------------------
02/23/2023 13:27:16:INFO: --------------Epoch. 6.---------------
02/23/2023 13:27:17:INFO: [Epoch. 6.]: 100%|| 15/15 [00:00<00:00, 16.04it/s, avg_loss=0.407]
02/23/2023 13:27:17:INFO: Epoch 6, average loss: 0.4069683502117793
02/23/2023 13:27:17:INFO: --------------Evaluate on Epoch. 6.---------------
02/23/2023 13:27:17:INFO: tensor([28996, 28997, 28998], device='cuda:0')
02/23/2023 13:27:19:INFO: **********Results Comparison**********
02/23/2023 13:27:19:INFO: 真实标签: 
 [1, 2, 2, 2, 2, 2, 2, 2, 2, 2, 2, 2, 2, 3, 2, 2, 2, 2, 3, 2, 2, 3, 1, 1, 1, 2, 1, 2, 2, 2, 2, 2, 3, 1, 2, 3, 2, 2, 3, 1, 2, 2, 2, 2, 3, 2, 2, 1, 2, 2, 2, 2, 2, 2, 2, 1, 2, 2, 1, 2, 1, 1, 2, 2, 1, 1, 2, 2, 2, 2, 2, 2, 2, 3, 1, 1, 2, 2, 2, 1, 2, 2, 2, 2, 2, 2, 3, 2, 2, 2, 1, 1, 1, 2, 1, 1, 1, 2, 1, 2, 1, 1, 2, 1, 1, 2, 1, 2, 1, 2, 3, 2, 1, 2, 2, 2, 2, 2, 3, 2, 2, 1, 2, 2, 2, 3, 2, 2, 2, 2, 2, 2, 2, 2, 2, 3, 2, 2, 2, 2, 3, 2, 2, 1, 2, 2, 2, 2, 2, 1, 2, 2, 1, 1, 1, 2, 2, 2, 2, 2, 1, 2, 2, 2, 2, 2, 2, 1, 2, 2, 2, 2, 2, 2, 1, 2, 1, 2, 2, 2, 2, 2, 1, 2, 2, 3, 3, 2, 3, 2, 2, 2, 2, 1, 1, 2, 2, 2, 2, 2, 1, 2, 1, 2, 1, 2, 1, 2, 2, 1, 2, 2, 1, 2, 2, 2, 2, 2, 2, 1, 2, 2, 2, 1, 3, 1, 3, 2, 2, 3, 2, 2, 2, 1, 2, 1, 2, 2, 2, 3, 2, 2, 3, 2, 2, 2, 3, 2, 2, 2, 2, 1, 2, 2, 1, 2, 2, 2, 3, 1, 2, 2, 2, 2, 1, 1, 2, 1, 2, 2, 1, 2, 2, 1, 2, 2, 2, 1, 2, 2, 2, 1, 2, 2, 2, 2, 2, 2, 2, 2, 2, 1, 1, 2, 2, 2, 1, 2, 2, 2, 2, 2, 2, 2, 2, 2, 2, 2, 2, 2, 1, 1, 2, 2, 2, 2, 1, 3, 1, 1, 2, 1, 1, 2, 1, 1, 2, 2, 2, 1, 2, 2, 2, 2, 1, 2, 2, 2, 2, 2, 1, 2, 1, 2, 1, 2, 2, 1, 2, 2, 1, 2, 2, 2, 2, 1, 2, 2, 2, 2, 2, 2, 3, 2, 2, 2, 3, 2, 2, 1, 2, 1, 2, 2, 2, 2, 1, 2, 2, 2, 2, 1, 2, 1, 1, 1, 2, 1, 1, 2, 1, 2, 2, 2, 2, 1, 2, 1, 2, 1, 1, 2, 2, 2, 2, 2, 2, 2, 3, 2, 1, 2, 2, 1, 2, 1, 2, 2, 2, 1, 1, 1]
02/23/2023 13:27:19:INFO: 预测标签: 
 [2, 3, 2, 2, 2, 3, 2, 2, 1, 3, 2, 1, 2, 2, 2, 2, 2, 2, 2, 2, 2, 3, 2, 2, 2, 3, 2, 2, 2, 2, 2, 3, 3, 2, 1, 1, 2, 2, 3, 2, 2, 2, 1, 2, 1, 1, 2, 2, 2, 1, 3, 2, 2, 2, 3, 1, 1, 3, 3, 2, 1, 2, 1, 2, 1, 3, 2, 2, 1, 3, 2, 2, 2, 2, 2, 3, 1, 2, 3, 2, 3, 2, 2, 2, 3, 3, 3, 2, 2, 2, 3, 3, 3, 3, 2, 1, 2, 2, 2, 2, 2, 3, 2, 3, 2, 3, 1, 2, 1, 2, 3, 2, 1, 2, 2, 2, 2, 1, 1, 3, 2, 1, 2, 2, 2, 2, 2, 2, 2, 1, 2, 1, 3, 1, 2, 3, 2, 1, 3, 2, 3, 2, 2, 3, 2, 2, 3, 2, 2, 2, 2, 2, 3, 3, 2, 2, 2, 3, 2, 2, 2, 2, 2, 1, 2, 2, 2, 1, 2, 2, 2, 1, 2, 1, 2, 2, 1, 2, 2, 2, 3, 1, 1, 3, 3, 3, 3, 2, 3, 2, 2, 2, 2, 1, 3, 2, 1, 3, 2, 2, 2, 2, 2, 2, 2, 2, 3, 2, 2, 3, 2, 3, 2, 2, 2, 2, 1, 2, 2, 3, 3, 2, 2, 2, 3, 2, 2, 2, 2, 2, 1, 3, 2, 2, 2, 1, 3, 2, 2, 2, 3, 2, 3, 2, 2, 2, 3, 3, 2, 3, 2, 2, 3, 2, 1, 1, 2, 2, 1, 2, 1, 2, 1, 2, 2, 1, 2, 1, 2, 2, 2, 2, 3, 1, 2, 2, 3, 3, 2, 3, 2, 1, 2, 2, 1, 2, 3, 2, 2, 1, 2, 3, 2, 2, 3, 2, 2, 1, 2, 2, 1, 2, 2, 2, 2, 2, 1, 2, 3, 3, 2, 3, 2, 2, 2, 1, 2, 1, 2, 2, 3, 2, 1, 2, 1, 1, 2, 2, 2, 2, 2, 1, 2, 3, 3, 2, 2, 1, 1, 3, 2, 2, 2, 2, 1, 3, 2, 2, 2, 2, 1, 2, 2, 2, 1, 3, 1, 2, 2, 1, 2, 2, 2, 2, 2, 3, 1, 3, 2, 3, 2, 2, 1, 1, 2, 2, 3, 3, 3, 3, 3, 1, 2, 1, 2, 3, 1, 1, 1, 2, 2, 2, 3, 2, 2, 2, 1, 2, 2, 1, 2, 2, 2, 3, 2, 1, 2, 2, 3, 2, 1, 2, 2, 3, 2, 2, 2, 3, 3, 1, 3, 2]
02/23/2023 13:27:19:INFO: ---------Evaluated Metrics----------
02/23/2023 13:27:19:INFO: Accuracy: 0.5639810426540285.
02/23/2023 13:27:19:INFO: Macro Precision: 0.4355435225000443.
02/23/2023 13:27:19:INFO: Macro Recall: 0.48566485417696487.
02/23/2023 13:27:19:INFO: Macro F1 score: 0.42613085798746836.
02/23/2023 13:27:19:INFO: ---------confusion_matrix----------
02/23/2023 13:27:19:INFO: 
[[ 30  50  25]
 [ 42 194  53]
 [  6   8  14]]
02/23/2023 13:27:19:INFO: 模型效果验证详情: {'位置第一个显示标签': 0, '其他位置有情感标签': 0, '全句没有情感标签': 0}.
02/23/2023 13:27:19:INFO: ----------------------Evaluate finished.------------------------
02/23/2023 13:27:19:INFO: --------------Epoch. 7.---------------
02/23/2023 13:27:20:INFO: [Epoch. 7.]: 100%|| 15/15 [00:00<00:00, 16.10it/s, avg_loss=0.412]
02/23/2023 13:27:20:INFO: Epoch 7, average loss: 0.41208947946627933
02/23/2023 13:27:20:INFO: --------------Evaluate on Epoch. 7.---------------
02/23/2023 13:27:20:INFO: tensor([28996, 28997, 28998], device='cuda:0')
02/23/2023 13:27:23:INFO: **********Results Comparison**********
02/23/2023 13:27:23:INFO: 真实标签: 
 [1, 2, 2, 2, 2, 2, 2, 2, 2, 2, 2, 2, 2, 3, 2, 2, 2, 2, 3, 2, 2, 3, 1, 1, 1, 2, 1, 2, 2, 2, 2, 2, 3, 1, 2, 3, 2, 2, 3, 1, 2, 2, 2, 2, 3, 2, 2, 1, 2, 2, 2, 2, 2, 2, 2, 1, 2, 2, 1, 2, 1, 1, 2, 2, 1, 1, 2, 2, 2, 2, 2, 2, 2, 3, 1, 1, 2, 2, 2, 1, 2, 2, 2, 2, 2, 2, 3, 2, 2, 2, 1, 1, 1, 2, 1, 1, 1, 2, 1, 2, 1, 1, 2, 1, 1, 2, 1, 2, 1, 2, 3, 2, 1, 2, 2, 2, 2, 2, 3, 2, 2, 1, 2, 2, 2, 3, 2, 2, 2, 2, 2, 2, 2, 2, 2, 3, 2, 2, 2, 2, 3, 2, 2, 1, 2, 2, 2, 2, 2, 1, 2, 2, 1, 1, 1, 2, 2, 2, 2, 2, 1, 2, 2, 2, 2, 2, 2, 1, 2, 2, 2, 2, 2, 2, 1, 2, 1, 2, 2, 2, 2, 2, 1, 2, 2, 3, 3, 2, 3, 2, 2, 2, 2, 1, 1, 2, 2, 2, 2, 2, 1, 2, 1, 2, 1, 2, 1, 2, 2, 1, 2, 2, 1, 2, 2, 2, 2, 2, 2, 1, 2, 2, 2, 1, 3, 1, 3, 2, 2, 3, 2, 2, 2, 1, 2, 1, 2, 2, 2, 3, 2, 2, 3, 2, 2, 2, 3, 2, 2, 2, 2, 1, 2, 2, 1, 2, 2, 2, 3, 1, 2, 2, 2, 2, 1, 1, 2, 1, 2, 2, 1, 2, 2, 1, 2, 2, 2, 1, 2, 2, 2, 1, 2, 2, 2, 2, 2, 2, 2, 2, 2, 1, 1, 2, 2, 2, 1, 2, 2, 2, 2, 2, 2, 2, 2, 2, 2, 2, 2, 2, 1, 1, 2, 2, 2, 2, 1, 3, 1, 1, 2, 1, 1, 2, 1, 1, 2, 2, 2, 1, 2, 2, 2, 2, 1, 2, 2, 2, 2, 2, 1, 2, 1, 2, 1, 2, 2, 1, 2, 2, 1, 2, 2, 2, 2, 1, 2, 2, 2, 2, 2, 2, 3, 2, 2, 2, 3, 2, 2, 1, 2, 1, 2, 2, 2, 2, 1, 2, 2, 2, 2, 1, 2, 1, 1, 1, 2, 1, 1, 2, 1, 2, 2, 2, 2, 1, 2, 1, 2, 1, 1, 2, 2, 2, 2, 2, 2, 2, 3, 2, 1, 2, 2, 1, 2, 1, 2, 2, 2, 1, 1, 1]
02/23/2023 13:27:23:INFO: 预测标签: 
 [2, 3, 2, 2, 2, 1, 2, 2, 1, 3, 2, 1, 2, 2, 2, 2, 2, 2, 2, 2, 2, 3, 2, 2, 2, 3, 2, 2, 2, 2, 2, 3, 3, 2, 2, 1, 2, 2, 3, 2, 2, 2, 1, 2, 1, 1, 2, 2, 2, 1, 3, 2, 2, 2, 3, 1, 2, 3, 3, 2, 2, 2, 1, 2, 1, 3, 2, 2, 1, 3, 2, 2, 2, 2, 2, 3, 1, 2, 1, 2, 3, 2, 2, 2, 3, 3, 2, 2, 2, 2, 3, 3, 1, 3, 2, 1, 2, 2, 2, 2, 2, 3, 2, 3, 2, 3, 1, 2, 1, 2, 3, 2, 1, 2, 2, 2, 2, 1, 1, 3, 2, 1, 2, 2, 2, 2, 2, 2, 2, 1, 2, 1, 3, 2, 2, 3, 2, 3, 3, 2, 3, 2, 2, 3, 2, 2, 3, 2, 2, 2, 2, 2, 3, 3, 2, 2, 2, 3, 2, 2, 2, 2, 2, 1, 2, 2, 2, 1, 2, 2, 2, 1, 2, 1, 2, 2, 1, 2, 2, 2, 3, 1, 1, 3, 3, 3, 3, 2, 3, 2, 2, 2, 2, 2, 3, 2, 1, 3, 2, 2, 2, 2, 2, 2, 2, 2, 3, 2, 2, 3, 2, 3, 2, 2, 2, 2, 2, 2, 2, 3, 3, 2, 2, 2, 3, 2, 2, 2, 2, 2, 2, 3, 2, 2, 2, 2, 3, 2, 2, 2, 3, 2, 3, 2, 2, 2, 3, 3, 2, 3, 2, 2, 3, 2, 1, 1, 2, 2, 1, 2, 1, 2, 1, 2, 2, 1, 2, 1, 2, 2, 2, 2, 3, 1, 2, 2, 3, 3, 2, 3, 2, 1, 2, 2, 1, 2, 2, 2, 2, 1, 2, 3, 2, 2, 3, 2, 2, 1, 2, 2, 1, 2, 2, 2, 2, 2, 1, 2, 3, 3, 2, 3, 2, 2, 2, 1, 2, 1, 2, 2, 3, 2, 1, 2, 1, 1, 2, 2, 2, 2, 2, 1, 2, 3, 3, 2, 2, 1, 2, 3, 2, 2, 2, 2, 1, 3, 2, 2, 2, 2, 1, 2, 2, 2, 1, 3, 1, 2, 2, 1, 2, 2, 2, 2, 2, 3, 1, 3, 2, 3, 2, 2, 2, 1, 2, 2, 1, 3, 1, 3, 3, 1, 2, 1, 2, 3, 2, 1, 1, 2, 2, 2, 3, 2, 2, 2, 1, 2, 2, 1, 2, 2, 2, 3, 2, 2, 2, 2, 3, 2, 1, 2, 2, 3, 2, 2, 2, 3, 3, 1, 2, 2]
02/23/2023 13:27:23:INFO: ---------Evaluated Metrics----------
02/23/2023 13:27:23:INFO: Accuracy: 0.5829383886255924.
02/23/2023 13:27:23:INFO: Macro Precision: 0.4437572781921757.
02/23/2023 13:27:23:INFO: Macro Recall: 0.4821195144724557.
02/23/2023 13:27:23:INFO: Macro F1 score: 0.43177667221469357.
02/23/2023 13:27:23:INFO: ---------confusion_matrix----------
02/23/2023 13:27:23:INFO: 
[[ 29  54  22]
 [ 35 204  50]
 [  6   9  13]]
02/23/2023 13:27:23:INFO: 模型效果验证详情: {'位置第一个显示标签': 0, '其他位置有情感标签': 0, '全句没有情感标签': 0}.
02/23/2023 13:27:23:INFO: ----------------------Evaluate finished.------------------------
02/23/2023 13:27:23:INFO: Based on [2.th Epoch] best_accuracy: 0.6232227488151659.
02/23/2023 13:27:23:INFO: latest 5 epochs not seen performance increased, early stop.
02/23/2023 13:27:23:INFO: ********** Best Results on Dev Dataset **********
02/23/2023 13:27:23:INFO: Best Accuracy: 0.6232227488151659.
02/23/2023 13:27:23:INFO: Best Macro Precision: 0.4437572781921757.
02/23/2023 13:27:23:INFO: Best Macro Recall: 0.4821195144724557.
02/23/2023 13:27:23:INFO: Best Macro F1 score: 0.43177667221469357.
02/23/2023 13:27:23:INFO: ***** Training Over *****
02/23/2023 13:27:23:INFO: --------------Testing ...---------------
02/23/2023 13:27:23:INFO: tensor([28996, 28997, 28998], device='cuda:0')
02/23/2023 13:27:24:INFO: **********Results Comparison**********
02/23/2023 13:27:24:INFO: 真实标签: 
 [1, 2, 3, 2, 2, 2, 2, 2, 1, 1, 2, 2, 1, 2, 2, 2, 2, 2, 1, 2, 1, 2, 2, 2, 3, 3, 2, 2, 1, 2, 2, 2, 1, 1, 1, 2, 1, 1, 2, 2, 2, 2, 2, 1, 1, 2, 1, 2, 2, 2, 2, 2, 2, 2, 2, 2, 3, 2, 2, 2, 2, 1, 1, 1, 2, 1, 1, 2, 1, 3, 2, 2, 2, 2, 2, 2, 2, 2, 2, 3, 2, 2, 2, 1, 2, 1, 1, 2, 1, 2, 1, 2, 2, 2, 1, 2, 1, 2, 1, 3, 1, 2, 2, 2, 2, 2, 2, 2, 2, 2, 2, 2, 2, 2, 2, 1, 3, 2, 2, 1, 2, 2, 2, 2, 2, 1, 2, 2, 2, 3, 2, 2, 1, 2, 2, 2, 3, 2, 1, 2, 2, 2, 2, 2, 2, 2, 2, 1, 2, 1, 2, 1, 2, 2, 2, 2, 2, 1, 2, 1, 1, 2, 2, 2, 2, 2, 2, 1, 2, 2, 1, 3, 2, 2, 1, 2, 1, 2, 2, 2, 2, 1, 1, 1, 2, 2, 1, 1, 2, 2, 3, 1, 1, 1, 1, 2, 2, 2, 1, 1, 2, 2, 1, 1, 2, 1, 1, 2, 1, 2, 1, 2, 3, 1, 2, 2, 2, 2, 2, 2, 1, 2, 2, 2, 2, 2, 2, 2, 1, 2, 1, 2]
02/23/2023 13:27:24:INFO: 预测标签: 
 [2, 2, 2, 2, 1, 2, 2, 2, 1, 2, 2, 2, 2, 3, 2, 2, 1, 2, 1, 2, 2, 2, 2, 2, 2, 3, 2, 2, 2, 2, 2, 2, 2, 2, 2, 2, 3, 2, 2, 1, 2, 2, 2, 2, 2, 2, 2, 2, 2, 2, 2, 2, 2, 2, 2, 2, 2, 2, 2, 2, 2, 2, 2, 2, 2, 1, 2, 2, 3, 3, 2, 2, 1, 2, 2, 2, 2, 2, 2, 2, 1, 1, 3, 2, 2, 2, 2, 2, 2, 2, 2, 1, 2, 1, 2, 3, 1, 2, 3, 2, 1, 2, 2, 2, 1, 2, 2, 2, 2, 2, 2, 3, 2, 1, 2, 2, 3, 2, 1, 2, 2, 3, 1, 2, 3, 1, 2, 3, 2, 2, 2, 3, 1, 1, 2, 2, 2, 2, 1, 2, 2, 2, 2, 1, 2, 2, 2, 2, 2, 2, 3, 2, 2, 2, 2, 3, 1, 2, 2, 2, 1, 2, 1, 3, 3, 2, 2, 2, 2, 2, 2, 2, 3, 2, 3, 3, 3, 1, 3, 2, 3, 1, 2, 1, 2, 3, 2, 2, 2, 1, 2, 3, 2, 2, 2, 2, 2, 1, 2, 3, 2, 2, 3, 1, 2, 2, 3, 2, 2, 2, 2, 2, 2, 2, 2, 2, 3, 2, 2, 2, 2, 2, 2, 1, 2, 2, 3, 2, 2, 2, 3, 2]
02/23/2023 13:27:24:INFO: ---------Evaluated Metrics----------
02/23/2023 13:27:24:INFO: Accuracy: 0.5560344827586207.
02/23/2023 13:27:24:INFO: Macro Precision: 0.3824404761904762.
02/23/2023 13:27:24:INFO: Macro Recall: 0.385895150601033.
02/23/2023 13:27:24:INFO: Macro F1 score: 0.3628372221162608.
02/23/2023 13:27:24:INFO: ---------confusion_matrix----------
02/23/2023 13:27:24:INFO: 
[[ 12  44  10]
 [ 20 114  19]
 [  0  10   3]]
02/23/2023 13:27:24:INFO: 模型效果验证详情: {'位置第一个显示标签': 0, '其他位置有情感标签': 0, '全句没有情感标签': 0}.
02/23/2023 13:27:24:INFO: ----------------------Testing finished.------------------------
02/23/2023 13:27:24:INFO: bengio.
