02/23/2023 12:21:22:INFO: start.
02/23/2023 12:21:22:INFO: --------hyper-arguments for this training.--------
02/23/2023 12:21:22:INFO: Namespace(answer_strategy='inter_logits_core_token', batch_size=2, dataset='ACLShortData', eval_pre_epochs=1, few_shot=10, learning_rate=1e-05, log_file=None, model_type='WT2ABSA_Mean', patience=5, pre_trained_model='pretrainedmodels/bert-base-cased', save_best_model=False, seed=985, total_epochs=20)
02/23/2023 12:21:22:INFO: ----------dataset files------------
02/23/2023 12:21:22:INFO: {'train': '../WordTrans2ABSA/dataset/ACLShortData/train.json', 'dev': '../WordTrans2ABSA/dataset/ACLShortData/dev.json', 'test': '../WordTrans2ABSA/dataset/ACLShortData/test.json'}
02/23/2023 12:21:26:WARNING: Using custom data configuration default-101c1e487c2bc74b
02/23/2023 12:21:26:WARNING: Reusing dataset json (C:\Users\Super-IdoI\.cache\huggingface\datasets\json\default-101c1e487c2bc74b\0.0.0\45636811569ec4a6630521c18235dfbbab83b7ab572e3393c5ba68ccabe98264)
02/23/2023 12:21:26:INFO: -----------------------------------
02/23/2023 12:21:26:INFO: {'I-POS': ['good', 'clever', 'excellent', 'effectual', 'beautiful', 'nice', 'useful', 'well', 'fantastic'], 'I-NEU': ['Michael', 'John', 'David', 'Thomas', 'Martin', 'Paul'], 'I-NEG': ['bad', 'terrible', 'awful', 'badly', 'terrible', 'poor', 'unfortunate', 'harmful', 'dirty', 'sorry']}
02/23/2023 12:21:26:INFO: -----------------------------------
02/23/2023 12:21:26:INFO: {'O': 0, 'I-POS': 1, 'I-NEU': 2, 'I-NEG': 3}
02/23/2023 12:21:26:INFO: {0: 'O', 1: 'I-POS', 2: 'I-NEU', 3: 'I-NEG'}
02/23/2023 12:21:28:INFO: -----------------------------------
02/23/2023 12:21:28:INFO: {'I-POS': 28996, 'I-NEU': 28997, 'I-NEG': 28998}
02/23/2023 12:21:28:INFO: {28996: 'I-POS', 28997: 'I-NEU', 28998: 'I-NEG'}
02/23/2023 12:21:28:INFO: start preprocess dataset.
02/23/2023 12:21:29:INFO: dataset preprocess finished.
02/23/2023 12:21:29:INFO: Train: 30, Dev: 625, Test: 692.
02/23/2023 12:21:29:INFO: dataloader prepare finished.
02/23/2023 12:21:29:INFO: ***** Start Training *****
02/23/2023 12:21:29:INFO: Total Epochs: 20
02/23/2023 12:21:29:INFO: validate on per-1 epochs.
02/23/2023 12:21:29:INFO: Training Samples Count: 30.
02/23/2023 12:21:29:INFO: Batch Size: 2, 每轮 15 Batch.
02/23/2023 12:21:29:INFO: Learning Rate: 1e-05
02/23/2023 12:21:29:INFO: --------------Epoch. 1.---------------
02/23/2023 12:21:30:INFO: [Epoch. 1.]: 100%|| 15/15 [00:01<00:00, 14.20it/s, avg_loss=1.72]
02/23/2023 12:21:30:INFO: Epoch 1, average loss: 1.7173174222310383
02/23/2023 12:21:30:INFO: --------------Evaluate on Epoch. 1.---------------
02/23/2023 12:21:30:INFO: tensor([28996, 28997, 28998], device='cuda:0')
02/23/2023 12:21:33:INFO: **********Results Comparison**********
02/23/2023 12:21:33:INFO: 真实标签: 
 [2, 1, 3, 1, 2, 1, 3, 2, 3, 1, 1, 3, 1, 1, 3, 1, 2, 1, 1, 2, 2, 3, 2, 1, 2, 2, 2, 2, 3, 1, 2, 2, 2, 2, 2, 2, 2, 1, 2, 1, 1, 2, 2, 2, 3, 2, 2, 3, 2, 2, 3, 3, 3, 3, 3, 2, 2, 1, 2, 3, 1, 2, 3, 1, 1, 3, 3, 1, 2, 3, 2, 2, 2, 1, 3, 2, 1, 1, 2, 1, 3, 1, 2, 1, 1, 2, 3, 3, 1, 2, 2, 2, 3, 2, 3, 2, 1, 2, 1, 1, 1, 2, 1, 2, 3, 1, 1, 2, 2, 3, 3, 2, 3, 2, 3, 2, 2, 2, 1, 2, 2, 3, 2, 2, 3, 2, 3, 3, 2, 1, 2, 3, 1, 1, 1, 2, 3, 3, 1, 2, 1, 1, 3, 2, 2, 3, 3, 2, 2, 2, 1, 2, 2, 1, 2, 1, 1, 1, 2, 3, 2, 1, 1, 3, 2, 2, 1, 2, 3, 1, 3, 2, 3, 2, 2, 2, 2, 3, 1, 2, 2, 3, 1, 2, 3, 3, 3, 3, 2, 3, 3, 2, 1, 3, 3, 1, 2, 2, 3, 1, 1, 3, 3, 2, 2, 3, 2, 1, 3, 1, 1, 3, 1, 2, 2, 3, 2, 3, 1, 1, 2, 2, 3, 3, 1, 2, 2, 1, 2, 1, 3, 2, 1, 3, 3, 2, 1, 1, 2, 3, 2, 2, 2, 2, 1, 3, 3, 2, 3, 3, 1, 2, 3, 2, 1, 3, 2, 2, 1, 2, 2, 1, 3, 2, 2, 2, 1, 2, 2, 2, 3, 2, 3, 3, 2, 2, 2, 3, 2, 2, 3, 3, 3, 1, 2, 1, 2, 3, 2, 2, 1, 2, 3, 3, 3, 2, 1, 2, 3, 3, 1, 3, 3, 1, 2, 2, 3, 3, 1, 2, 1, 3, 2, 2, 1, 3, 2, 1, 2, 2, 3, 2, 3, 2, 3, 2, 3, 3, 1, 1, 1, 2, 2, 1, 2, 1, 3, 3, 3, 3, 1, 2, 3, 2, 2, 2, 1, 3, 2, 3, 2, 1, 2, 2, 1, 2, 2, 3, 1, 3, 2, 2, 3, 1, 2, 2, 3, 2, 3, 2, 2, 2, 2, 1, 2, 1, 2, 1, 1, 2, 2, 1, 3, 3, 2, 2, 2, 2, 3, 3, 2, 2, 1, 2, 2, 2, 2, 2, 3, 3, 1, 1, 2, 2, 2, 3, 2, 1, 2, 2, 1, 2, 2, 3, 3, 2, 3, 2, 1, 3, 1, 2, 1, 1, 3, 2, 1, 2, 1, 2, 1, 2, 2, 2, 2, 2, 2, 3, 2, 3, 3, 2, 1, 2, 3, 2, 3, 3, 2, 2, 2, 2, 3, 1, 2, 3, 1, 2, 2, 2, 2, 3, 2, 3, 2, 1, 1, 2, 3, 1, 3, 2, 1, 2, 3, 2, 2, 2, 1, 3, 1, 1, 1, 2, 3, 1, 3, 1, 3, 3, 2, 2, 3, 1, 3, 2, 1, 3, 3, 2, 2, 3, 2, 2, 2, 2, 2, 1, 2, 2, 2, 2, 2, 2, 2, 3, 2, 2, 1, 2, 3, 3, 1, 3, 3, 3, 3, 2, 2, 2, 2, 1, 3, 2, 3, 2, 2, 2, 3, 2, 3, 3, 3, 2, 3, 1, 2, 3, 3, 1, 2, 3, 2, 1, 2, 1, 2, 1, 3, 3, 3, 1, 1, 2, 2, 2, 2, 2, 2, 2, 2, 1, 3, 2, 1, 1, 2, 2, 2, 2, 3, 1, 2, 1, 2, 2, 1, 3, 1, 2, 1, 2, 2, 1, 3, 2, 1, 2, 2, 2, 2, 1, 3, 1, 2, 1, 2, 1, 2, 2, 1, 3, 2, 2, 3, 2, 3, 1, 2, 2, 1, 1, 3, 2, 3]
02/23/2023 12:21:33:INFO: 预测标签: 
 [1, 3, 1, 3, 1, 1, 2, 1, 1, 1, 1, 1, 1, 1, 3, 1, 1, 1, 1, 3, 1, 1, 1, 2, 1, 2, 1, 1, 3, 1, 1, 1, 1, 1, 2, 1, 3, 2, 1, 1, 2, 1, 2, 3, 1, 3, 1, 1, 3, 2, 1, 1, 2, 1, 1, 2, 1, 1, 3, 1, 1, 2, 1, 1, 1, 3, 2, 1, 1, 1, 1, 1, 1, 1, 1, 2, 1, 3, 2, 3, 3, 1, 1, 1, 1, 2, 3, 2, 3, 1, 1, 3, 2, 1, 2, 1, 1, 1, 1, 1, 2, 1, 3, 1, 1, 1, 1, 3, 1, 3, 1, 3, 2, 2, 2, 1, 1, 1, 2, 3, 2, 2, 1, 1, 3, 2, 3, 2, 1, 2, 1, 2, 2, 2, 1, 3, 1, 1, 1, 1, 2, 1, 3, 1, 2, 3, 1, 2, 2, 1, 3, 3, 3, 2, 1, 1, 1, 1, 1, 3, 2, 2, 1, 2, 1, 1, 1, 1, 2, 2, 3, 1, 1, 2, 3, 2, 2, 1, 2, 2, 1, 1, 1, 1, 1, 1, 3, 1, 2, 3, 2, 1, 1, 1, 2, 1, 1, 1, 2, 1, 1, 3, 1, 2, 2, 2, 1, 1, 1, 1, 1, 1, 2, 1, 1, 1, 3, 1, 2, 1, 3, 1, 3, 2, 2, 1, 3, 2, 1, 3, 3, 2, 1, 2, 3, 2, 1, 1, 1, 2, 2, 1, 1, 1, 2, 1, 2, 1, 1, 2, 2, 2, 1, 1, 1, 1, 1, 2, 3, 1, 2, 1, 2, 2, 1, 1, 1, 1, 1, 3, 1, 1, 1, 3, 3, 1, 1, 2, 1, 1, 3, 3, 3, 1, 1, 1, 3, 3, 1, 1, 1, 2, 1, 1, 3, 2, 2, 3, 3, 1, 1, 3, 1, 1, 1, 1, 2, 1, 2, 3, 2, 1, 3, 1, 1, 3, 3, 1, 3, 2, 1, 1, 2, 1, 2, 3, 1, 2, 2, 1, 1, 2, 3, 1, 2, 3, 3, 2, 2, 1, 1, 2, 1, 1, 1, 3, 1, 1, 2, 1, 2, 1, 3, 1, 1, 2, 1, 2, 3, 2, 3, 1, 1, 1, 3, 2, 3, 2, 1, 1, 2, 2, 1, 1, 1, 1, 1, 1, 1, 2, 1, 2, 3, 2, 1, 3, 1, 2, 2, 3, 1, 1, 1, 1, 2, 1, 1, 1, 2, 2, 2, 1, 1, 1, 2, 2, 1, 1, 1, 1, 1, 1, 2, 1, 3, 1, 2, 2, 2, 2, 1, 2, 2, 3, 3, 2, 1, 1, 1, 1, 1, 1, 1, 1, 1, 1, 1, 2, 1, 2, 3, 2, 1, 3, 3, 1, 1, 1, 1, 1, 1, 1, 1, 1, 2, 1, 1, 1, 2, 2, 1, 3, 2, 2, 1, 1, 1, 3, 3, 2, 1, 3, 1, 1, 2, 3, 3, 1, 1, 1, 1, 1, 1, 2, 1, 1, 1, 1, 1, 3, 3, 2, 2, 1, 3, 2, 1, 3, 1, 2, 3, 2, 3, 1, 2, 1, 1, 1, 3, 1, 1, 2, 1, 1, 1, 2, 1, 1, 1, 2, 2, 1, 2, 1, 1, 3, 1, 1, 2, 1, 3, 1, 2, 1, 2, 2, 3, 3, 2, 3, 1, 1, 1, 1, 1, 1, 1, 3, 3, 2, 2, 1, 3, 1, 1, 1, 1, 1, 1, 1, 3, 1, 1, 1, 1, 3, 3, 3, 2, 3, 1, 1, 2, 3, 1, 1, 1, 2, 2, 3, 1, 1, 2, 1, 1, 1, 1, 3, 2, 1, 1, 1, 3, 1, 3, 1, 1, 1, 3, 2, 1, 3, 1, 1, 2, 1, 1, 1, 1, 1, 2, 3, 3, 1, 1, 2, 1, 1, 3, 1, 2, 1, 1, 3, 1]
02/23/2023 12:21:33:INFO: ---------Evaluated Metrics----------
02/23/2023 12:21:33:INFO: Accuracy: 0.3712.
02/23/2023 12:21:33:INFO: Macro Precision: 0.39525529122132097.
02/23/2023 12:21:33:INFO: Macro Recall: 0.40870720686284906.
02/23/2023 12:21:33:INFO: Macro F1 score: 0.3621428001851708.
02/23/2023 12:21:33:INFO: ---------confusion_matrix----------
02/23/2023 12:21:33:INFO: 
[[112  33  13]
 [160  73  57]
 [ 79  51  47]]
02/23/2023 12:21:33:INFO: 模型效果验证详情: {'位置第一个显示标签': 0, '其他位置有情感标签': 0, '全句没有情感标签': 0}.
02/23/2023 12:21:33:INFO: ----------------------Evaluate finished.------------------------
02/23/2023 12:21:33:INFO: --------------Epoch. 2.---------------
02/23/2023 12:21:34:INFO: [Epoch. 2.]: 100%|| 15/15 [00:00<00:00, 17.01it/s, avg_loss=1.09]
02/23/2023 12:21:34:INFO: Epoch 2, average loss: 1.0868669966856639
02/23/2023 12:21:34:INFO: --------------Evaluate on Epoch. 2.---------------
02/23/2023 12:21:34:INFO: tensor([28996, 28997, 28998], device='cuda:0')
02/23/2023 12:21:37:INFO: **********Results Comparison**********
02/23/2023 12:21:37:INFO: 真实标签: 
 [2, 1, 3, 1, 2, 1, 3, 2, 3, 1, 1, 3, 1, 1, 3, 1, 2, 1, 1, 2, 2, 3, 2, 1, 2, 2, 2, 2, 3, 1, 2, 2, 2, 2, 2, 2, 2, 1, 2, 1, 1, 2, 2, 2, 3, 2, 2, 3, 2, 2, 3, 3, 3, 3, 3, 2, 2, 1, 2, 3, 1, 2, 3, 1, 1, 3, 3, 1, 2, 3, 2, 2, 2, 1, 3, 2, 1, 1, 2, 1, 3, 1, 2, 1, 1, 2, 3, 3, 1, 2, 2, 2, 3, 2, 3, 2, 1, 2, 1, 1, 1, 2, 1, 2, 3, 1, 1, 2, 2, 3, 3, 2, 3, 2, 3, 2, 2, 2, 1, 2, 2, 3, 2, 2, 3, 2, 3, 3, 2, 1, 2, 3, 1, 1, 1, 2, 3, 3, 1, 2, 1, 1, 3, 2, 2, 3, 3, 2, 2, 2, 1, 2, 2, 1, 2, 1, 1, 1, 2, 3, 2, 1, 1, 3, 2, 2, 1, 2, 3, 1, 3, 2, 3, 2, 2, 2, 2, 3, 1, 2, 2, 3, 1, 2, 3, 3, 3, 3, 2, 3, 3, 2, 1, 3, 3, 1, 2, 2, 3, 1, 1, 3, 3, 2, 2, 3, 2, 1, 3, 1, 1, 3, 1, 2, 2, 3, 2, 3, 1, 1, 2, 2, 3, 3, 1, 2, 2, 1, 2, 1, 3, 2, 1, 3, 3, 2, 1, 1, 2, 3, 2, 2, 2, 2, 1, 3, 3, 2, 3, 3, 1, 2, 3, 2, 1, 3, 2, 2, 1, 2, 2, 1, 3, 2, 2, 2, 1, 2, 2, 2, 3, 2, 3, 3, 2, 2, 2, 3, 2, 2, 3, 3, 3, 1, 2, 1, 2, 3, 2, 2, 1, 2, 3, 3, 3, 2, 1, 2, 3, 3, 1, 3, 3, 1, 2, 2, 3, 3, 1, 2, 1, 3, 2, 2, 1, 3, 2, 1, 2, 2, 3, 2, 3, 2, 3, 2, 3, 3, 1, 1, 1, 2, 2, 1, 2, 1, 3, 3, 3, 3, 1, 2, 3, 2, 2, 2, 1, 3, 2, 3, 2, 1, 2, 2, 1, 2, 2, 3, 1, 3, 2, 2, 3, 1, 2, 2, 3, 2, 3, 2, 2, 2, 2, 1, 2, 1, 2, 1, 1, 2, 2, 1, 3, 3, 2, 2, 2, 2, 3, 3, 2, 2, 1, 2, 2, 2, 2, 2, 3, 3, 1, 1, 2, 2, 2, 3, 2, 1, 2, 2, 1, 2, 2, 3, 3, 2, 3, 2, 1, 3, 1, 2, 1, 1, 3, 2, 1, 2, 1, 2, 1, 2, 2, 2, 2, 2, 2, 3, 2, 3, 3, 2, 1, 2, 3, 2, 3, 3, 2, 2, 2, 2, 3, 1, 2, 3, 1, 2, 2, 2, 2, 3, 2, 3, 2, 1, 1, 2, 3, 1, 3, 2, 1, 2, 3, 2, 2, 2, 1, 3, 1, 1, 1, 2, 3, 1, 3, 1, 3, 3, 2, 2, 3, 1, 3, 2, 1, 3, 3, 2, 2, 3, 2, 2, 2, 2, 2, 1, 2, 2, 2, 2, 2, 2, 2, 3, 2, 2, 1, 2, 3, 3, 1, 3, 3, 3, 3, 2, 2, 2, 2, 1, 3, 2, 3, 2, 2, 2, 3, 2, 3, 3, 3, 2, 3, 1, 2, 3, 3, 1, 2, 3, 2, 1, 2, 1, 2, 1, 3, 3, 3, 1, 1, 2, 2, 2, 2, 2, 2, 2, 2, 1, 3, 2, 1, 1, 2, 2, 2, 2, 3, 1, 2, 1, 2, 2, 1, 3, 1, 2, 1, 2, 2, 1, 3, 2, 1, 2, 2, 2, 2, 1, 3, 1, 2, 1, 2, 1, 2, 2, 1, 3, 2, 2, 3, 2, 3, 1, 2, 2, 1, 1, 3, 2, 3]
02/23/2023 12:21:37:INFO: 预测标签: 
 [1, 3, 1, 3, 1, 1, 3, 1, 1, 1, 1, 3, 1, 1, 3, 1, 1, 1, 3, 3, 1, 3, 1, 1, 3, 2, 2, 3, 3, 1, 1, 3, 3, 3, 2, 1, 3, 2, 3, 1, 2, 1, 2, 3, 1, 3, 1, 1, 3, 2, 1, 3, 1, 1, 1, 2, 1, 1, 3, 3, 1, 2, 3, 1, 1, 3, 2, 1, 1, 1, 3, 1, 3, 1, 1, 2, 1, 3, 2, 3, 3, 1, 3, 1, 1, 1, 3, 3, 3, 1, 1, 3, 1, 1, 2, 1, 1, 3, 1, 1, 2, 1, 3, 3, 1, 1, 1, 3, 1, 3, 3, 3, 3, 2, 2, 1, 1, 1, 2, 3, 2, 2, 3, 1, 3, 2, 3, 2, 1, 2, 3, 2, 2, 2, 1, 3, 3, 3, 1, 1, 2, 1, 3, 1, 2, 3, 1, 2, 2, 3, 3, 3, 3, 2, 3, 1, 1, 1, 1, 3, 2, 2, 1, 2, 3, 1, 1, 3, 3, 2, 3, 1, 1, 2, 3, 2, 2, 1, 2, 2, 1, 1, 1, 1, 3, 3, 3, 1, 1, 3, 2, 1, 1, 1, 2, 1, 2, 1, 2, 1, 1, 3, 1, 2, 2, 3, 1, 1, 1, 1, 1, 1, 3, 1, 1, 3, 3, 1, 2, 1, 3, 1, 3, 2, 2, 1, 3, 2, 1, 3, 3, 1, 3, 3, 3, 2, 1, 1, 1, 3, 2, 3, 1, 1, 2, 3, 2, 1, 1, 3, 1, 2, 3, 1, 1, 3, 1, 2, 3, 3, 2, 1, 2, 2, 1, 1, 1, 1, 1, 3, 3, 1, 1, 3, 3, 3, 3, 3, 1, 1, 3, 3, 3, 1, 1, 1, 3, 3, 1, 1, 1, 3, 1, 3, 3, 2, 2, 3, 3, 1, 1, 3, 1, 1, 1, 1, 2, 1, 2, 3, 2, 1, 1, 1, 1, 3, 3, 1, 3, 2, 1, 3, 1, 1, 2, 3, 1, 3, 2, 1, 1, 2, 3, 1, 2, 3, 3, 2, 2, 1, 1, 2, 1, 1, 1, 3, 1, 3, 2, 3, 2, 1, 3, 1, 1, 2, 1, 2, 3, 2, 3, 1, 1, 1, 3, 2, 3, 2, 1, 1, 2, 1, 3, 1, 1, 1, 1, 3, 1, 2, 1, 2, 3, 2, 3, 3, 1, 2, 3, 3, 1, 1, 1, 1, 2, 1, 1, 1, 2, 2, 1, 1, 3, 1, 2, 2, 3, 1, 1, 1, 1, 1, 2, 1, 3, 1, 2, 2, 2, 3, 1, 2, 2, 3, 3, 2, 1, 3, 1, 1, 1, 1, 1, 1, 1, 1, 1, 2, 1, 2, 3, 2, 1, 3, 3, 3, 3, 3, 1, 3, 1, 1, 1, 1, 2, 1, 1, 1, 2, 1, 1, 3, 2, 3, 1, 1, 1, 3, 3, 2, 1, 3, 3, 1, 2, 3, 3, 1, 1, 1, 1, 1, 1, 1, 1, 1, 3, 1, 1, 3, 3, 2, 2, 1, 3, 2, 1, 3, 3, 2, 3, 2, 3, 1, 2, 1, 1, 1, 3, 1, 1, 1, 1, 1, 1, 2, 1, 1, 1, 1, 2, 1, 1, 3, 1, 3, 3, 1, 2, 3, 3, 1, 2, 1, 2, 2, 3, 3, 2, 3, 3, 1, 3, 1, 1, 3, 1, 3, 3, 3, 2, 1, 3, 3, 1, 1, 3, 1, 1, 1, 3, 1, 1, 3, 1, 3, 3, 3, 2, 3, 3, 1, 3, 3, 1, 1, 1, 1, 3, 3, 2, 1, 2, 1, 1, 1, 1, 3, 2, 1, 1, 1, 3, 1, 3, 1, 1, 1, 3, 2, 1, 3, 1, 1, 2, 1, 1, 1, 1, 3, 2, 3, 3, 1, 3, 1, 1, 1, 3, 1, 2, 1, 1, 3, 1]
02/23/2023 12:21:37:INFO: ---------Evaluated Metrics----------
02/23/2023 12:21:37:INFO: Accuracy: 0.4176.
02/23/2023 12:21:37:INFO: Macro Precision: 0.43656797395408686.
02/23/2023 12:21:37:INFO: Macro Recall: 0.4702063507329508.
02/23/2023 12:21:37:INFO: Macro F1 score: 0.41687445369218407.
02/23/2023 12:21:37:INFO: ---------confusion_matrix----------
02/23/2023 12:21:37:INFO: 
[[110  27  21]
 [135  63  92]
 [ 54  35  88]]
02/23/2023 12:21:37:INFO: 模型效果验证详情: {'位置第一个显示标签': 0, '其他位置有情感标签': 0, '全句没有情感标签': 0}.
02/23/2023 12:21:37:INFO: ----------------------Evaluate finished.------------------------
02/23/2023 12:21:37:INFO: --------------Epoch. 3.---------------
02/23/2023 12:21:38:INFO: [Epoch. 3.]: 100%|| 15/15 [00:00<00:00, 17.34it/s, avg_loss=0.735]
02/23/2023 12:21:38:INFO: Epoch 3, average loss: 0.7348707914352417
02/23/2023 12:21:38:INFO: --------------Evaluate on Epoch. 3.---------------
02/23/2023 12:21:38:INFO: tensor([28996, 28997, 28998], device='cuda:0')
02/23/2023 12:21:41:INFO: **********Results Comparison**********
02/23/2023 12:21:41:INFO: 真实标签: 
 [2, 1, 3, 1, 2, 1, 3, 2, 3, 1, 1, 3, 1, 1, 3, 1, 2, 1, 1, 2, 2, 3, 2, 1, 2, 2, 2, 2, 3, 1, 2, 2, 2, 2, 2, 2, 2, 1, 2, 1, 1, 2, 2, 2, 3, 2, 2, 3, 2, 2, 3, 3, 3, 3, 3, 2, 2, 1, 2, 3, 1, 2, 3, 1, 1, 3, 3, 1, 2, 3, 2, 2, 2, 1, 3, 2, 1, 1, 2, 1, 3, 1, 2, 1, 1, 2, 3, 3, 1, 2, 2, 2, 3, 2, 3, 2, 1, 2, 1, 1, 1, 2, 1, 2, 3, 1, 1, 2, 2, 3, 3, 2, 3, 2, 3, 2, 2, 2, 1, 2, 2, 3, 2, 2, 3, 2, 3, 3, 2, 1, 2, 3, 1, 1, 1, 2, 3, 3, 1, 2, 1, 1, 3, 2, 2, 3, 3, 2, 2, 2, 1, 2, 2, 1, 2, 1, 1, 1, 2, 3, 2, 1, 1, 3, 2, 2, 1, 2, 3, 1, 3, 2, 3, 2, 2, 2, 2, 3, 1, 2, 2, 3, 1, 2, 3, 3, 3, 3, 2, 3, 3, 2, 1, 3, 3, 1, 2, 2, 3, 1, 1, 3, 3, 2, 2, 3, 2, 1, 3, 1, 1, 3, 1, 2, 2, 3, 2, 3, 1, 1, 2, 2, 3, 3, 1, 2, 2, 1, 2, 1, 3, 2, 1, 3, 3, 2, 1, 1, 2, 3, 2, 2, 2, 2, 1, 3, 3, 2, 3, 3, 1, 2, 3, 2, 1, 3, 2, 2, 1, 2, 2, 1, 3, 2, 2, 2, 1, 2, 2, 2, 3, 2, 3, 3, 2, 2, 2, 3, 2, 2, 3, 3, 3, 1, 2, 1, 2, 3, 2, 2, 1, 2, 3, 3, 3, 2, 1, 2, 3, 3, 1, 3, 3, 1, 2, 2, 3, 3, 1, 2, 1, 3, 2, 2, 1, 3, 2, 1, 2, 2, 3, 2, 3, 2, 3, 2, 3, 3, 1, 1, 1, 2, 2, 1, 2, 1, 3, 3, 3, 3, 1, 2, 3, 2, 2, 2, 1, 3, 2, 3, 2, 1, 2, 2, 1, 2, 2, 3, 1, 3, 2, 2, 3, 1, 2, 2, 3, 2, 3, 2, 2, 2, 2, 1, 2, 1, 2, 1, 1, 2, 2, 1, 3, 3, 2, 2, 2, 2, 3, 3, 2, 2, 1, 2, 2, 2, 2, 2, 3, 3, 1, 1, 2, 2, 2, 3, 2, 1, 2, 2, 1, 2, 2, 3, 3, 2, 3, 2, 1, 3, 1, 2, 1, 1, 3, 2, 1, 2, 1, 2, 1, 2, 2, 2, 2, 2, 2, 3, 2, 3, 3, 2, 1, 2, 3, 2, 3, 3, 2, 2, 2, 2, 3, 1, 2, 3, 1, 2, 2, 2, 2, 3, 2, 3, 2, 1, 1, 2, 3, 1, 3, 2, 1, 2, 3, 2, 2, 2, 1, 3, 1, 1, 1, 2, 3, 1, 3, 1, 3, 3, 2, 2, 3, 1, 3, 2, 1, 3, 3, 2, 2, 3, 2, 2, 2, 2, 2, 1, 2, 2, 2, 2, 2, 2, 2, 3, 2, 2, 1, 2, 3, 3, 1, 3, 3, 3, 3, 2, 2, 2, 2, 1, 3, 2, 3, 2, 2, 2, 3, 2, 3, 3, 3, 2, 3, 1, 2, 3, 3, 1, 2, 3, 2, 1, 2, 1, 2, 1, 3, 3, 3, 1, 1, 2, 2, 2, 2, 2, 2, 2, 2, 1, 3, 2, 1, 1, 2, 2, 2, 2, 3, 1, 2, 1, 2, 2, 1, 3, 1, 2, 1, 2, 2, 1, 3, 2, 1, 2, 2, 2, 2, 1, 3, 1, 2, 1, 2, 1, 2, 2, 1, 3, 2, 2, 3, 2, 3, 1, 2, 2, 1, 1, 3, 2, 3]
02/23/2023 12:21:41:INFO: 预测标签: 
 [1, 3, 3, 1, 1, 1, 3, 1, 1, 1, 1, 3, 1, 1, 3, 1, 2, 1, 3, 3, 1, 3, 1, 2, 3, 2, 2, 3, 3, 1, 1, 3, 3, 3, 2, 1, 3, 2, 1, 1, 2, 1, 2, 3, 1, 3, 1, 1, 2, 2, 2, 3, 1, 2, 1, 2, 1, 2, 3, 3, 1, 2, 3, 1, 1, 3, 2, 1, 1, 1, 1, 1, 2, 1, 1, 2, 1, 3, 2, 3, 3, 1, 3, 1, 1, 1, 3, 2, 3, 1, 1, 3, 2, 1, 2, 1, 1, 3, 1, 1, 2, 1, 2, 3, 1, 1, 1, 3, 1, 3, 3, 1, 3, 2, 2, 1, 1, 1, 2, 3, 2, 2, 3, 1, 3, 2, 3, 2, 1, 2, 2, 2, 2, 2, 1, 2, 3, 3, 1, 1, 2, 1, 3, 1, 2, 3, 3, 2, 2, 3, 3, 2, 3, 2, 1, 1, 2, 1, 1, 3, 2, 2, 1, 2, 3, 1, 1, 3, 2, 2, 3, 1, 1, 2, 3, 2, 2, 1, 2, 2, 1, 1, 1, 1, 3, 3, 3, 1, 2, 2, 2, 1, 1, 3, 2, 3, 2, 1, 2, 1, 1, 3, 1, 2, 2, 3, 1, 1, 1, 1, 1, 1, 3, 1, 1, 3, 3, 1, 2, 1, 3, 1, 3, 2, 2, 1, 3, 2, 1, 3, 3, 1, 3, 2, 3, 2, 1, 1, 1, 2, 2, 3, 2, 2, 2, 3, 2, 1, 1, 3, 1, 2, 3, 1, 1, 3, 3, 2, 3, 1, 2, 1, 2, 2, 2, 1, 1, 1, 1, 3, 3, 1, 1, 3, 3, 3, 3, 2, 3, 1, 3, 3, 3, 1, 1, 2, 3, 3, 1, 1, 1, 2, 1, 3, 3, 2, 2, 3, 3, 1, 1, 3, 1, 1, 3, 1, 2, 1, 2, 3, 2, 1, 1, 1, 1, 3, 3, 1, 3, 2, 1, 3, 1, 1, 2, 3, 1, 2, 2, 1, 1, 2, 3, 1, 2, 3, 3, 2, 2, 1, 1, 2, 1, 1, 1, 3, 1, 3, 2, 3, 2, 1, 3, 1, 1, 2, 1, 2, 3, 2, 3, 1, 1, 1, 3, 2, 3, 2, 1, 1, 2, 1, 3, 1, 1, 2, 1, 1, 1, 2, 1, 2, 3, 2, 3, 3, 1, 2, 3, 3, 1, 1, 1, 3, 2, 1, 1, 1, 2, 2, 3, 1, 2, 3, 2, 2, 3, 1, 1, 1, 1, 1, 2, 1, 3, 1, 2, 2, 2, 3, 1, 2, 2, 3, 3, 2, 1, 3, 1, 1, 1, 2, 1, 2, 1, 1, 1, 2, 1, 2, 3, 2, 2, 3, 3, 3, 3, 3, 1, 2, 1, 1, 3, 1, 2, 1, 1, 2, 2, 1, 1, 3, 2, 3, 3, 1, 1, 3, 3, 2, 1, 3, 1, 1, 2, 3, 3, 2, 1, 1, 2, 1, 1, 2, 1, 1, 3, 1, 1, 3, 3, 2, 2, 1, 3, 2, 1, 3, 3, 2, 3, 2, 3, 1, 2, 1, 1, 1, 3, 1, 1, 2, 1, 1, 1, 2, 1, 1, 1, 2, 2, 1, 1, 3, 1, 3, 3, 2, 2, 3, 3, 1, 2, 1, 2, 2, 3, 3, 2, 3, 3, 3, 3, 1, 3, 3, 1, 3, 3, 3, 2, 1, 3, 3, 1, 1, 2, 1, 1, 1, 2, 2, 1, 3, 2, 3, 3, 3, 2, 3, 3, 1, 3, 3, 1, 1, 1, 2, 2, 3, 2, 2, 2, 1, 2, 3, 1, 3, 2, 1, 1, 1, 3, 1, 3, 1, 1, 1, 3, 2, 1, 3, 1, 3, 2, 1, 1, 1, 1, 3, 2, 3, 3, 1, 3, 2, 2, 1, 3, 1, 2, 1, 1, 3, 1]
02/23/2023 12:21:41:INFO: ---------Evaluated Metrics----------
02/23/2023 12:21:41:INFO: Accuracy: 0.4432.
02/23/2023 12:21:41:INFO: Macro Precision: 0.45228204611144723.
02/23/2023 12:21:41:INFO: Macro Recall: 0.47848701337667005.
02/23/2023 12:21:41:INFO: Macro F1 score: 0.446232041094161.
02/23/2023 12:21:41:INFO: ---------confusion_matrix----------
02/23/2023 12:21:41:INFO: 
[[101  37  20]
 [116  90  84]
 [ 44  47  86]]
02/23/2023 12:21:41:INFO: 模型效果验证详情: {'位置第一个显示标签': 0, '其他位置有情感标签': 0, '全句没有情感标签': 0}.
02/23/2023 12:21:41:INFO: ----------------------Evaluate finished.------------------------
02/23/2023 12:21:41:INFO: --------------Epoch. 4.---------------
02/23/2023 12:21:42:INFO: [Epoch. 4.]: 100%|| 15/15 [00:00<00:00, 17.30it/s, avg_loss=0.559]
02/23/2023 12:21:42:INFO: Epoch 4, average loss: 0.559041686852773
02/23/2023 12:21:42:INFO: --------------Evaluate on Epoch. 4.---------------
02/23/2023 12:21:42:INFO: tensor([28996, 28997, 28998], device='cuda:0')
02/23/2023 12:21:45:INFO: **********Results Comparison**********
02/23/2023 12:21:45:INFO: 真实标签: 
 [2, 1, 3, 1, 2, 1, 3, 2, 3, 1, 1, 3, 1, 1, 3, 1, 2, 1, 1, 2, 2, 3, 2, 1, 2, 2, 2, 2, 3, 1, 2, 2, 2, 2, 2, 2, 2, 1, 2, 1, 1, 2, 2, 2, 3, 2, 2, 3, 2, 2, 3, 3, 3, 3, 3, 2, 2, 1, 2, 3, 1, 2, 3, 1, 1, 3, 3, 1, 2, 3, 2, 2, 2, 1, 3, 2, 1, 1, 2, 1, 3, 1, 2, 1, 1, 2, 3, 3, 1, 2, 2, 2, 3, 2, 3, 2, 1, 2, 1, 1, 1, 2, 1, 2, 3, 1, 1, 2, 2, 3, 3, 2, 3, 2, 3, 2, 2, 2, 1, 2, 2, 3, 2, 2, 3, 2, 3, 3, 2, 1, 2, 3, 1, 1, 1, 2, 3, 3, 1, 2, 1, 1, 3, 2, 2, 3, 3, 2, 2, 2, 1, 2, 2, 1, 2, 1, 1, 1, 2, 3, 2, 1, 1, 3, 2, 2, 1, 2, 3, 1, 3, 2, 3, 2, 2, 2, 2, 3, 1, 2, 2, 3, 1, 2, 3, 3, 3, 3, 2, 3, 3, 2, 1, 3, 3, 1, 2, 2, 3, 1, 1, 3, 3, 2, 2, 3, 2, 1, 3, 1, 1, 3, 1, 2, 2, 3, 2, 3, 1, 1, 2, 2, 3, 3, 1, 2, 2, 1, 2, 1, 3, 2, 1, 3, 3, 2, 1, 1, 2, 3, 2, 2, 2, 2, 1, 3, 3, 2, 3, 3, 1, 2, 3, 2, 1, 3, 2, 2, 1, 2, 2, 1, 3, 2, 2, 2, 1, 2, 2, 2, 3, 2, 3, 3, 2, 2, 2, 3, 2, 2, 3, 3, 3, 1, 2, 1, 2, 3, 2, 2, 1, 2, 3, 3, 3, 2, 1, 2, 3, 3, 1, 3, 3, 1, 2, 2, 3, 3, 1, 2, 1, 3, 2, 2, 1, 3, 2, 1, 2, 2, 3, 2, 3, 2, 3, 2, 3, 3, 1, 1, 1, 2, 2, 1, 2, 1, 3, 3, 3, 3, 1, 2, 3, 2, 2, 2, 1, 3, 2, 3, 2, 1, 2, 2, 1, 2, 2, 3, 1, 3, 2, 2, 3, 1, 2, 2, 3, 2, 3, 2, 2, 2, 2, 1, 2, 1, 2, 1, 1, 2, 2, 1, 3, 3, 2, 2, 2, 2, 3, 3, 2, 2, 1, 2, 2, 2, 2, 2, 3, 3, 1, 1, 2, 2, 2, 3, 2, 1, 2, 2, 1, 2, 2, 3, 3, 2, 3, 2, 1, 3, 1, 2, 1, 1, 3, 2, 1, 2, 1, 2, 1, 2, 2, 2, 2, 2, 2, 3, 2, 3, 3, 2, 1, 2, 3, 2, 3, 3, 2, 2, 2, 2, 3, 1, 2, 3, 1, 2, 2, 2, 2, 3, 2, 3, 2, 1, 1, 2, 3, 1, 3, 2, 1, 2, 3, 2, 2, 2, 1, 3, 1, 1, 1, 2, 3, 1, 3, 1, 3, 3, 2, 2, 3, 1, 3, 2, 1, 3, 3, 2, 2, 3, 2, 2, 2, 2, 2, 1, 2, 2, 2, 2, 2, 2, 2, 3, 2, 2, 1, 2, 3, 3, 1, 3, 3, 3, 3, 2, 2, 2, 2, 1, 3, 2, 3, 2, 2, 2, 3, 2, 3, 3, 3, 2, 3, 1, 2, 3, 3, 1, 2, 3, 2, 1, 2, 1, 2, 1, 3, 3, 3, 1, 1, 2, 2, 2, 2, 2, 2, 2, 2, 1, 3, 2, 1, 1, 2, 2, 2, 2, 3, 1, 2, 1, 2, 2, 1, 3, 1, 2, 1, 2, 2, 1, 3, 2, 1, 2, 2, 2, 2, 1, 3, 1, 2, 1, 2, 1, 2, 2, 1, 3, 2, 2, 3, 2, 3, 1, 2, 2, 1, 1, 3, 2, 3]
02/23/2023 12:21:45:INFO: 预测标签: 
 [2, 2, 3, 2, 2, 1, 2, 1, 1, 1, 1, 3, 1, 2, 2, 2, 2, 2, 3, 3, 1, 3, 2, 2, 2, 2, 2, 2, 3, 2, 1, 3, 3, 2, 2, 1, 2, 2, 1, 1, 2, 1, 2, 1, 3, 3, 2, 2, 2, 2, 2, 3, 2, 2, 2, 2, 1, 2, 3, 3, 2, 2, 1, 1, 1, 3, 2, 1, 1, 1, 2, 2, 2, 1, 1, 2, 1, 3, 2, 3, 3, 2, 3, 1, 2, 1, 2, 2, 3, 1, 2, 2, 2, 1, 2, 1, 1, 3, 1, 2, 2, 2, 2, 3, 1, 1, 2, 3, 1, 3, 3, 1, 3, 2, 2, 2, 2, 2, 2, 3, 2, 2, 3, 2, 2, 2, 3, 2, 1, 2, 2, 2, 2, 2, 1, 2, 3, 3, 2, 1, 2, 1, 3, 2, 2, 3, 3, 2, 2, 2, 3, 2, 3, 2, 2, 1, 2, 1, 2, 3, 2, 2, 2, 2, 2, 1, 1, 3, 2, 2, 3, 1, 1, 2, 3, 2, 2, 1, 2, 2, 2, 2, 2, 2, 3, 3, 3, 1, 2, 2, 2, 2, 2, 3, 2, 3, 2, 1, 2, 1, 1, 3, 3, 2, 2, 3, 1, 1, 2, 2, 1, 3, 2, 1, 1, 3, 3, 1, 2, 1, 2, 1, 3, 2, 2, 1, 3, 2, 1, 2, 3, 1, 3, 2, 3, 2, 1, 1, 1, 2, 2, 3, 2, 2, 2, 3, 2, 2, 2, 2, 2, 2, 2, 1, 1, 3, 3, 2, 3, 1, 2, 1, 2, 2, 2, 1, 1, 2, 2, 3, 2, 1, 1, 3, 1, 3, 3, 2, 1, 1, 3, 3, 3, 1, 1, 2, 3, 3, 1, 1, 2, 2, 1, 3, 3, 2, 2, 3, 3, 2, 1, 3, 2, 1, 2, 2, 2, 1, 2, 2, 2, 2, 1, 1, 1, 3, 3, 2, 3, 2, 3, 3, 2, 2, 2, 3, 1, 2, 2, 2, 3, 2, 2, 1, 2, 2, 3, 2, 2, 3, 1, 2, 1, 2, 2, 3, 2, 3, 2, 3, 2, 1, 3, 1, 1, 2, 1, 2, 3, 2, 3, 1, 1, 1, 2, 2, 2, 2, 1, 1, 2, 2, 3, 1, 1, 2, 2, 1, 1, 2, 2, 2, 3, 2, 2, 3, 1, 2, 3, 3, 1, 1, 1, 2, 2, 1, 1, 1, 2, 2, 3, 1, 2, 3, 2, 2, 3, 1, 1, 1, 2, 1, 2, 1, 3, 1, 2, 2, 2, 3, 1, 2, 2, 3, 2, 2, 2, 3, 1, 2, 1, 2, 1, 2, 1, 1, 1, 2, 1, 2, 3, 2, 2, 3, 3, 3, 3, 3, 1, 2, 1, 1, 3, 1, 2, 1, 1, 2, 2, 2, 1, 3, 2, 3, 3, 1, 2, 3, 3, 2, 2, 3, 2, 2, 2, 3, 3, 2, 2, 1, 2, 1, 2, 2, 2, 1, 3, 1, 3, 2, 3, 2, 2, 2, 3, 2, 2, 3, 3, 2, 3, 2, 3, 1, 2, 2, 2, 1, 3, 2, 2, 2, 1, 1, 1, 2, 1, 2, 1, 2, 2, 1, 1, 3, 1, 3, 2, 2, 2, 3, 3, 1, 2, 1, 2, 2, 3, 3, 2, 3, 2, 2, 3, 2, 2, 3, 1, 3, 3, 2, 2, 2, 3, 3, 1, 1, 2, 1, 1, 2, 2, 2, 1, 2, 2, 3, 2, 3, 2, 3, 3, 1, 2, 3, 1, 2, 1, 2, 2, 3, 2, 2, 2, 2, 2, 3, 1, 3, 2, 1, 1, 2, 3, 2, 3, 1, 1, 1, 2, 2, 1, 3, 2, 3, 2, 1, 1, 1, 1, 3, 2, 3, 3, 2, 3, 2, 2, 1, 3, 1, 2, 1, 2, 2, 2]
02/23/2023 12:21:45:INFO: ---------Evaluated Metrics----------
02/23/2023 12:21:45:INFO: Accuracy: 0.4672.
02/23/2023 12:21:45:INFO: Macro Precision: 0.4618233828538693.
02/23/2023 12:21:45:INFO: Macro Recall: 0.457661314519026.
02/23/2023 12:21:45:INFO: Macro F1 score: 0.4588117721348546.
02/23/2023 12:21:45:INFO: ---------confusion_matrix----------
02/23/2023 12:21:45:INFO: 
[[ 69  73  16]
 [ 80 147  63]
 [ 22  79  76]]
02/23/2023 12:21:45:INFO: 模型效果验证详情: {'位置第一个显示标签': 0, '其他位置有情感标签': 0, '全句没有情感标签': 0}.
02/23/2023 12:21:45:INFO: ----------------------Evaluate finished.------------------------
02/23/2023 12:21:45:INFO: --------------Epoch. 5.---------------
02/23/2023 12:21:46:INFO: [Epoch. 5.]: 100%|| 15/15 [00:00<00:00, 17.46it/s, avg_loss=0.423]
02/23/2023 12:21:46:INFO: Epoch 5, average loss: 0.42329411109288534
02/23/2023 12:21:46:INFO: --------------Evaluate on Epoch. 5.---------------
02/23/2023 12:21:46:INFO: tensor([28996, 28997, 28998], device='cuda:0')
02/23/2023 12:21:49:INFO: **********Results Comparison**********
02/23/2023 12:21:49:INFO: 真实标签: 
 [2, 1, 3, 1, 2, 1, 3, 2, 3, 1, 1, 3, 1, 1, 3, 1, 2, 1, 1, 2, 2, 3, 2, 1, 2, 2, 2, 2, 3, 1, 2, 2, 2, 2, 2, 2, 2, 1, 2, 1, 1, 2, 2, 2, 3, 2, 2, 3, 2, 2, 3, 3, 3, 3, 3, 2, 2, 1, 2, 3, 1, 2, 3, 1, 1, 3, 3, 1, 2, 3, 2, 2, 2, 1, 3, 2, 1, 1, 2, 1, 3, 1, 2, 1, 1, 2, 3, 3, 1, 2, 2, 2, 3, 2, 3, 2, 1, 2, 1, 1, 1, 2, 1, 2, 3, 1, 1, 2, 2, 3, 3, 2, 3, 2, 3, 2, 2, 2, 1, 2, 2, 3, 2, 2, 3, 2, 3, 3, 2, 1, 2, 3, 1, 1, 1, 2, 3, 3, 1, 2, 1, 1, 3, 2, 2, 3, 3, 2, 2, 2, 1, 2, 2, 1, 2, 1, 1, 1, 2, 3, 2, 1, 1, 3, 2, 2, 1, 2, 3, 1, 3, 2, 3, 2, 2, 2, 2, 3, 1, 2, 2, 3, 1, 2, 3, 3, 3, 3, 2, 3, 3, 2, 1, 3, 3, 1, 2, 2, 3, 1, 1, 3, 3, 2, 2, 3, 2, 1, 3, 1, 1, 3, 1, 2, 2, 3, 2, 3, 1, 1, 2, 2, 3, 3, 1, 2, 2, 1, 2, 1, 3, 2, 1, 3, 3, 2, 1, 1, 2, 3, 2, 2, 2, 2, 1, 3, 3, 2, 3, 3, 1, 2, 3, 2, 1, 3, 2, 2, 1, 2, 2, 1, 3, 2, 2, 2, 1, 2, 2, 2, 3, 2, 3, 3, 2, 2, 2, 3, 2, 2, 3, 3, 3, 1, 2, 1, 2, 3, 2, 2, 1, 2, 3, 3, 3, 2, 1, 2, 3, 3, 1, 3, 3, 1, 2, 2, 3, 3, 1, 2, 1, 3, 2, 2, 1, 3, 2, 1, 2, 2, 3, 2, 3, 2, 3, 2, 3, 3, 1, 1, 1, 2, 2, 1, 2, 1, 3, 3, 3, 3, 1, 2, 3, 2, 2, 2, 1, 3, 2, 3, 2, 1, 2, 2, 1, 2, 2, 3, 1, 3, 2, 2, 3, 1, 2, 2, 3, 2, 3, 2, 2, 2, 2, 1, 2, 1, 2, 1, 1, 2, 2, 1, 3, 3, 2, 2, 2, 2, 3, 3, 2, 2, 1, 2, 2, 2, 2, 2, 3, 3, 1, 1, 2, 2, 2, 3, 2, 1, 2, 2, 1, 2, 2, 3, 3, 2, 3, 2, 1, 3, 1, 2, 1, 1, 3, 2, 1, 2, 1, 2, 1, 2, 2, 2, 2, 2, 2, 3, 2, 3, 3, 2, 1, 2, 3, 2, 3, 3, 2, 2, 2, 2, 3, 1, 2, 3, 1, 2, 2, 2, 2, 3, 2, 3, 2, 1, 1, 2, 3, 1, 3, 2, 1, 2, 3, 2, 2, 2, 1, 3, 1, 1, 1, 2, 3, 1, 3, 1, 3, 3, 2, 2, 3, 1, 3, 2, 1, 3, 3, 2, 2, 3, 2, 2, 2, 2, 2, 1, 2, 2, 2, 2, 2, 2, 2, 3, 2, 2, 1, 2, 3, 3, 1, 3, 3, 3, 3, 2, 2, 2, 2, 1, 3, 2, 3, 2, 2, 2, 3, 2, 3, 3, 3, 2, 3, 1, 2, 3, 3, 1, 2, 3, 2, 1, 2, 1, 2, 1, 3, 3, 3, 1, 1, 2, 2, 2, 2, 2, 2, 2, 2, 1, 3, 2, 1, 1, 2, 2, 2, 2, 3, 1, 2, 1, 2, 2, 1, 3, 1, 2, 1, 2, 2, 1, 3, 2, 1, 2, 2, 2, 2, 1, 3, 1, 2, 1, 2, 1, 2, 2, 1, 3, 2, 2, 3, 2, 3, 1, 2, 2, 1, 1, 3, 2, 3]
02/23/2023 12:21:49:INFO: 预测标签: 
 [1, 2, 3, 1, 2, 1, 2, 1, 1, 1, 1, 3, 1, 2, 3, 1, 2, 1, 3, 3, 1, 3, 1, 2, 3, 2, 2, 3, 3, 1, 1, 3, 1, 3, 2, 1, 3, 2, 1, 1, 2, 1, 2, 1, 3, 3, 1, 1, 2, 2, 2, 3, 1, 2, 1, 2, 1, 2, 3, 3, 2, 2, 1, 1, 1, 3, 2, 1, 1, 1, 3, 2, 2, 1, 3, 2, 1, 3, 2, 3, 3, 1, 3, 1, 1, 1, 3, 2, 3, 1, 1, 2, 1, 1, 2, 1, 1, 3, 1, 1, 2, 1, 2, 3, 1, 1, 1, 3, 1, 3, 3, 1, 3, 2, 2, 1, 2, 2, 2, 3, 2, 2, 3, 1, 3, 2, 3, 2, 1, 2, 2, 2, 3, 2, 1, 2, 3, 3, 1, 1, 2, 1, 3, 1, 2, 3, 3, 2, 2, 3, 3, 2, 3, 2, 1, 1, 2, 1, 2, 3, 2, 2, 1, 2, 3, 1, 1, 3, 2, 2, 3, 1, 1, 2, 3, 2, 2, 3, 3, 2, 1, 2, 1, 1, 3, 3, 3, 1, 2, 2, 2, 2, 1, 3, 2, 3, 2, 1, 2, 1, 1, 3, 3, 2, 2, 3, 1, 1, 2, 1, 1, 3, 3, 1, 3, 3, 3, 1, 2, 1, 2, 1, 3, 2, 2, 1, 3, 2, 1, 3, 3, 1, 1, 2, 3, 2, 1, 1, 1, 2, 2, 3, 2, 2, 2, 3, 2, 1, 1, 3, 1, 2, 3, 1, 1, 3, 3, 2, 3, 1, 2, 1, 2, 2, 2, 1, 1, 1, 1, 3, 3, 1, 1, 3, 1, 3, 3, 2, 1, 1, 3, 3, 3, 1, 1, 2, 3, 3, 1, 1, 1, 2, 1, 3, 3, 2, 2, 3, 3, 1, 1, 3, 2, 1, 3, 1, 2, 1, 2, 3, 2, 1, 1, 1, 1, 3, 3, 1, 3, 2, 3, 3, 1, 1, 2, 3, 1, 2, 2, 2, 3, 2, 1, 1, 2, 3, 3, 2, 2, 3, 1, 2, 1, 1, 1, 3, 1, 3, 2, 3, 2, 1, 3, 1, 1, 2, 1, 2, 3, 2, 3, 1, 1, 1, 3, 2, 3, 2, 3, 1, 2, 1, 3, 1, 1, 3, 1, 1, 1, 2, 2, 2, 3, 2, 3, 3, 1, 2, 3, 3, 1, 1, 1, 3, 2, 1, 1, 3, 2, 2, 3, 1, 2, 3, 2, 2, 3, 1, 1, 1, 2, 1, 2, 1, 3, 1, 1, 2, 2, 3, 1, 2, 2, 3, 3, 2, 2, 3, 1, 1, 1, 2, 1, 2, 1, 1, 1, 2, 1, 2, 3, 2, 2, 3, 3, 3, 3, 3, 1, 2, 3, 1, 3, 1, 2, 1, 1, 2, 2, 2, 1, 3, 2, 3, 3, 1, 1, 3, 3, 2, 1, 3, 1, 1, 2, 3, 3, 2, 1, 1, 2, 1, 2, 2, 1, 1, 3, 1, 3, 3, 3, 2, 2, 1, 3, 2, 1, 3, 3, 2, 3, 2, 3, 1, 2, 3, 1, 1, 3, 1, 2, 2, 1, 1, 1, 2, 1, 3, 1, 2, 2, 1, 1, 3, 1, 3, 3, 2, 2, 3, 3, 1, 2, 1, 2, 2, 3, 3, 2, 3, 3, 3, 3, 1, 3, 3, 1, 3, 3, 3, 2, 1, 3, 3, 1, 1, 2, 1, 1, 2, 2, 2, 1, 3, 2, 3, 3, 3, 2, 3, 3, 1, 3, 3, 1, 1, 1, 2, 2, 3, 2, 2, 2, 1, 2, 3, 1, 3, 2, 1, 1, 1, 3, 1, 3, 1, 1, 1, 2, 2, 1, 3, 1, 3, 2, 1, 1, 1, 1, 3, 2, 3, 1, 2, 3, 2, 3, 1, 3, 1, 2, 1, 1, 3, 1]
02/23/2023 12:21:49:INFO: ---------Evaluated Metrics----------
02/23/2023 12:21:49:INFO: Accuracy: 0.4672.
02/23/2023 12:21:49:INFO: Macro Precision: 0.47169714534390383.
02/23/2023 12:21:49:INFO: Macro Recall: 0.49583722763519905.
02/23/2023 12:21:49:INFO: Macro F1 score: 0.47087846392818955.
02/23/2023 12:21:49:INFO: ---------confusion_matrix----------
02/23/2023 12:21:49:INFO: 
[[ 95  41  22]
 [106 103  81]
 [ 34  49  94]]
02/23/2023 12:21:49:INFO: 模型效果验证详情: {'位置第一个显示标签': 0, '其他位置有情感标签': 0, '全句没有情感标签': 0}.
02/23/2023 12:21:49:INFO: ----------------------Evaluate finished.------------------------
02/23/2023 12:21:49:INFO: --------------Epoch. 6.---------------
02/23/2023 12:21:50:INFO: [Epoch. 6.]: 100%|| 15/15 [00:00<00:00, 17.52it/s, avg_loss=0.317]
02/23/2023 12:21:50:INFO: Epoch 6, average loss: 0.3174167583386103
02/23/2023 12:21:50:INFO: --------------Evaluate on Epoch. 6.---------------
02/23/2023 12:21:50:INFO: tensor([28996, 28997, 28998], device='cuda:0')
02/23/2023 12:21:53:INFO: **********Results Comparison**********
02/23/2023 12:21:53:INFO: 真实标签: 
 [2, 1, 3, 1, 2, 1, 3, 2, 3, 1, 1, 3, 1, 1, 3, 1, 2, 1, 1, 2, 2, 3, 2, 1, 2, 2, 2, 2, 3, 1, 2, 2, 2, 2, 2, 2, 2, 1, 2, 1, 1, 2, 2, 2, 3, 2, 2, 3, 2, 2, 3, 3, 3, 3, 3, 2, 2, 1, 2, 3, 1, 2, 3, 1, 1, 3, 3, 1, 2, 3, 2, 2, 2, 1, 3, 2, 1, 1, 2, 1, 3, 1, 2, 1, 1, 2, 3, 3, 1, 2, 2, 2, 3, 2, 3, 2, 1, 2, 1, 1, 1, 2, 1, 2, 3, 1, 1, 2, 2, 3, 3, 2, 3, 2, 3, 2, 2, 2, 1, 2, 2, 3, 2, 2, 3, 2, 3, 3, 2, 1, 2, 3, 1, 1, 1, 2, 3, 3, 1, 2, 1, 1, 3, 2, 2, 3, 3, 2, 2, 2, 1, 2, 2, 1, 2, 1, 1, 1, 2, 3, 2, 1, 1, 3, 2, 2, 1, 2, 3, 1, 3, 2, 3, 2, 2, 2, 2, 3, 1, 2, 2, 3, 1, 2, 3, 3, 3, 3, 2, 3, 3, 2, 1, 3, 3, 1, 2, 2, 3, 1, 1, 3, 3, 2, 2, 3, 2, 1, 3, 1, 1, 3, 1, 2, 2, 3, 2, 3, 1, 1, 2, 2, 3, 3, 1, 2, 2, 1, 2, 1, 3, 2, 1, 3, 3, 2, 1, 1, 2, 3, 2, 2, 2, 2, 1, 3, 3, 2, 3, 3, 1, 2, 3, 2, 1, 3, 2, 2, 1, 2, 2, 1, 3, 2, 2, 2, 1, 2, 2, 2, 3, 2, 3, 3, 2, 2, 2, 3, 2, 2, 3, 3, 3, 1, 2, 1, 2, 3, 2, 2, 1, 2, 3, 3, 3, 2, 1, 2, 3, 3, 1, 3, 3, 1, 2, 2, 3, 3, 1, 2, 1, 3, 2, 2, 1, 3, 2, 1, 2, 2, 3, 2, 3, 2, 3, 2, 3, 3, 1, 1, 1, 2, 2, 1, 2, 1, 3, 3, 3, 3, 1, 2, 3, 2, 2, 2, 1, 3, 2, 3, 2, 1, 2, 2, 1, 2, 2, 3, 1, 3, 2, 2, 3, 1, 2, 2, 3, 2, 3, 2, 2, 2, 2, 1, 2, 1, 2, 1, 1, 2, 2, 1, 3, 3, 2, 2, 2, 2, 3, 3, 2, 2, 1, 2, 2, 2, 2, 2, 3, 3, 1, 1, 2, 2, 2, 3, 2, 1, 2, 2, 1, 2, 2, 3, 3, 2, 3, 2, 1, 3, 1, 2, 1, 1, 3, 2, 1, 2, 1, 2, 1, 2, 2, 2, 2, 2, 2, 3, 2, 3, 3, 2, 1, 2, 3, 2, 3, 3, 2, 2, 2, 2, 3, 1, 2, 3, 1, 2, 2, 2, 2, 3, 2, 3, 2, 1, 1, 2, 3, 1, 3, 2, 1, 2, 3, 2, 2, 2, 1, 3, 1, 1, 1, 2, 3, 1, 3, 1, 3, 3, 2, 2, 3, 1, 3, 2, 1, 3, 3, 2, 2, 3, 2, 2, 2, 2, 2, 1, 2, 2, 2, 2, 2, 2, 2, 3, 2, 2, 1, 2, 3, 3, 1, 3, 3, 3, 3, 2, 2, 2, 2, 1, 3, 2, 3, 2, 2, 2, 3, 2, 3, 3, 3, 2, 3, 1, 2, 3, 3, 1, 2, 3, 2, 1, 2, 1, 2, 1, 3, 3, 3, 1, 1, 2, 2, 2, 2, 2, 2, 2, 2, 1, 3, 2, 1, 1, 2, 2, 2, 2, 3, 1, 2, 1, 2, 2, 1, 3, 1, 2, 1, 2, 2, 1, 3, 2, 1, 2, 2, 2, 2, 1, 3, 1, 2, 1, 2, 1, 2, 2, 1, 3, 2, 2, 3, 2, 3, 1, 2, 2, 1, 1, 3, 2, 3]
02/23/2023 12:21:53:INFO: 预测标签: 
 [2, 2, 3, 2, 2, 1, 2, 1, 1, 1, 1, 3, 1, 2, 3, 1, 2, 3, 3, 3, 1, 3, 2, 2, 2, 2, 2, 3, 3, 1, 1, 3, 3, 3, 2, 1, 3, 2, 3, 1, 2, 3, 2, 3, 3, 3, 1, 1, 2, 2, 2, 3, 1, 2, 3, 2, 1, 2, 3, 3, 2, 2, 3, 3, 3, 3, 2, 1, 1, 1, 3, 2, 2, 1, 3, 2, 1, 3, 2, 3, 3, 2, 3, 1, 1, 1, 3, 2, 3, 1, 1, 2, 2, 1, 2, 3, 1, 3, 1, 1, 2, 2, 2, 3, 1, 1, 1, 3, 1, 3, 3, 1, 3, 2, 2, 1, 2, 2, 2, 3, 2, 2, 3, 1, 3, 2, 3, 2, 1, 2, 2, 2, 2, 2, 1, 2, 3, 3, 3, 1, 2, 1, 3, 3, 2, 3, 3, 2, 2, 3, 3, 2, 3, 2, 2, 1, 2, 1, 2, 3, 2, 2, 1, 2, 3, 1, 1, 3, 2, 2, 3, 1, 3, 2, 3, 2, 2, 3, 3, 2, 1, 2, 3, 1, 3, 3, 3, 1, 2, 2, 2, 2, 2, 3, 2, 3, 2, 1, 2, 1, 1, 3, 3, 2, 2, 3, 3, 1, 2, 3, 1, 3, 3, 3, 3, 3, 3, 1, 2, 1, 2, 3, 3, 2, 2, 1, 3, 2, 3, 3, 3, 1, 3, 2, 3, 2, 1, 1, 1, 2, 2, 3, 2, 2, 2, 3, 2, 3, 1, 3, 2, 2, 3, 1, 3, 3, 3, 2, 3, 3, 2, 1, 2, 2, 2, 1, 1, 1, 1, 3, 3, 1, 3, 3, 1, 3, 3, 2, 3, 1, 3, 3, 3, 1, 1, 2, 3, 3, 1, 1, 1, 2, 3, 3, 3, 2, 2, 3, 3, 2, 1, 3, 2, 3, 3, 2, 2, 3, 2, 2, 2, 1, 1, 1, 1, 3, 3, 1, 3, 2, 3, 3, 1, 1, 2, 3, 3, 2, 2, 2, 3, 2, 3, 1, 2, 2, 3, 2, 2, 3, 1, 2, 1, 1, 2, 3, 1, 3, 2, 3, 2, 1, 3, 1, 1, 2, 1, 2, 3, 2, 3, 1, 3, 1, 3, 2, 3, 2, 3, 3, 2, 1, 3, 1, 3, 3, 1, 1, 1, 2, 2, 2, 3, 2, 3, 3, 3, 2, 3, 3, 1, 3, 1, 3, 2, 1, 1, 3, 2, 2, 3, 1, 2, 3, 2, 2, 3, 1, 3, 1, 2, 1, 2, 1, 3, 1, 2, 2, 2, 3, 1, 2, 2, 3, 2, 2, 2, 3, 1, 2, 1, 2, 1, 2, 1, 1, 1, 2, 1, 2, 3, 2, 2, 3, 3, 3, 3, 3, 1, 2, 3, 1, 3, 1, 2, 1, 1, 2, 2, 2, 1, 3, 2, 3, 3, 1, 1, 3, 3, 3, 2, 3, 3, 1, 2, 3, 3, 2, 2, 1, 2, 1, 2, 2, 2, 1, 3, 1, 3, 3, 3, 2, 2, 1, 3, 2, 2, 3, 3, 2, 3, 2, 3, 1, 2, 3, 1, 3, 3, 3, 2, 2, 1, 3, 3, 2, 1, 3, 1, 2, 2, 3, 1, 3, 3, 3, 3, 2, 2, 3, 3, 1, 2, 3, 2, 2, 3, 3, 2, 3, 3, 3, 3, 2, 3, 3, 3, 3, 3, 3, 2, 3, 3, 3, 1, 1, 2, 1, 1, 2, 2, 2, 1, 3, 2, 3, 3, 3, 2, 3, 3, 1, 3, 3, 1, 3, 1, 2, 2, 3, 2, 2, 2, 2, 2, 3, 1, 2, 2, 1, 1, 1, 3, 1, 3, 1, 3, 1, 2, 2, 1, 3, 1, 3, 2, 1, 1, 1, 3, 3, 2, 3, 3, 2, 3, 2, 3, 1, 3, 1, 2, 1, 1, 3, 2]
02/23/2023 12:21:53:INFO: ---------Evaluated Metrics----------
02/23/2023 12:21:53:INFO: Accuracy: 0.4656.
02/23/2023 12:21:53:INFO: Macro Precision: 0.4663062143470977.
02/23/2023 12:21:53:INFO: Macro Recall: 0.48208654022413094.
02/23/2023 12:21:53:INFO: Macro F1 score: 0.46716438196863286.
02/23/2023 12:21:53:INFO: ---------confusion_matrix----------
02/23/2023 12:21:53:INFO: 
[[ 75  49  34]
 [ 72 113 105]
 [ 17  57 103]]
02/23/2023 12:21:53:INFO: 模型效果验证详情: {'位置第一个显示标签': 2, '其他位置有情感标签': 0, '全句没有情感标签': 0}.
02/23/2023 12:21:53:INFO: ----------------------Evaluate finished.------------------------
02/23/2023 12:21:53:INFO: --------------Epoch. 7.---------------
02/23/2023 12:21:54:INFO: [Epoch. 7.]: 100%|| 15/15 [00:00<00:00, 17.55it/s, avg_loss=0.26]
02/23/2023 12:21:54:INFO: Epoch 7, average loss: 0.26044781059026717
02/23/2023 12:21:54:INFO: --------------Evaluate on Epoch. 7.---------------
02/23/2023 12:21:54:INFO: tensor([28996, 28997, 28998], device='cuda:0')
02/23/2023 12:21:57:INFO: **********Results Comparison**********
02/23/2023 12:21:57:INFO: 真实标签: 
 [2, 1, 3, 1, 2, 1, 3, 2, 3, 1, 1, 3, 1, 1, 3, 1, 2, 1, 1, 2, 2, 3, 2, 1, 2, 2, 2, 2, 3, 1, 2, 2, 2, 2, 2, 2, 2, 1, 2, 1, 1, 2, 2, 2, 3, 2, 2, 3, 2, 2, 3, 3, 3, 3, 3, 2, 2, 1, 2, 3, 1, 2, 3, 1, 1, 3, 3, 1, 2, 3, 2, 2, 2, 1, 3, 2, 1, 1, 2, 1, 3, 1, 2, 1, 1, 2, 3, 3, 1, 2, 2, 2, 3, 2, 3, 2, 1, 2, 1, 1, 1, 2, 1, 2, 3, 1, 1, 2, 2, 3, 3, 2, 3, 2, 3, 2, 2, 2, 1, 2, 2, 3, 2, 2, 3, 2, 3, 3, 2, 1, 2, 3, 1, 1, 1, 2, 3, 3, 1, 2, 1, 1, 3, 2, 2, 3, 3, 2, 2, 2, 1, 2, 2, 1, 2, 1, 1, 1, 2, 3, 2, 1, 1, 3, 2, 2, 1, 2, 3, 1, 3, 2, 3, 2, 2, 2, 2, 3, 1, 2, 2, 3, 1, 2, 3, 3, 3, 3, 2, 3, 3, 2, 1, 3, 3, 1, 2, 2, 3, 1, 1, 3, 3, 2, 2, 3, 2, 1, 3, 1, 1, 3, 1, 2, 2, 3, 2, 3, 1, 1, 2, 2, 3, 3, 1, 2, 2, 1, 2, 1, 3, 2, 1, 3, 3, 2, 1, 1, 2, 3, 2, 2, 2, 2, 1, 3, 3, 2, 3, 3, 1, 2, 3, 2, 1, 3, 2, 2, 1, 2, 2, 1, 3, 2, 2, 2, 1, 2, 2, 2, 3, 2, 3, 3, 2, 2, 2, 3, 2, 2, 3, 3, 3, 1, 2, 1, 2, 3, 2, 2, 1, 2, 3, 3, 3, 2, 1, 2, 3, 3, 1, 3, 3, 1, 2, 2, 3, 3, 1, 2, 1, 3, 2, 2, 1, 3, 2, 1, 2, 2, 3, 2, 3, 2, 3, 2, 3, 3, 1, 1, 1, 2, 2, 1, 2, 1, 3, 3, 3, 3, 1, 2, 3, 2, 2, 2, 1, 3, 2, 3, 2, 1, 2, 2, 1, 2, 2, 3, 1, 3, 2, 2, 3, 1, 2, 2, 3, 2, 3, 2, 2, 2, 2, 1, 2, 1, 2, 1, 1, 2, 2, 1, 3, 3, 2, 2, 2, 2, 3, 3, 2, 2, 1, 2, 2, 2, 2, 2, 3, 3, 1, 1, 2, 2, 2, 3, 2, 1, 2, 2, 1, 2, 2, 3, 3, 2, 3, 2, 1, 3, 1, 2, 1, 1, 3, 2, 1, 2, 1, 2, 1, 2, 2, 2, 2, 2, 2, 3, 2, 3, 3, 2, 1, 2, 3, 2, 3, 3, 2, 2, 2, 2, 3, 1, 2, 3, 1, 2, 2, 2, 2, 3, 2, 3, 2, 1, 1, 2, 3, 1, 3, 2, 1, 2, 3, 2, 2, 2, 1, 3, 1, 1, 1, 2, 3, 1, 3, 1, 3, 3, 2, 2, 3, 1, 3, 2, 1, 3, 3, 2, 2, 3, 2, 2, 2, 2, 2, 1, 2, 2, 2, 2, 2, 2, 2, 3, 2, 2, 1, 2, 3, 3, 1, 3, 3, 3, 3, 2, 2, 2, 2, 1, 3, 2, 3, 2, 2, 2, 3, 2, 3, 3, 3, 2, 3, 1, 2, 3, 3, 1, 2, 3, 2, 1, 2, 1, 2, 1, 3, 3, 3, 1, 1, 2, 2, 2, 2, 2, 2, 2, 2, 1, 3, 2, 1, 1, 2, 2, 2, 2, 3, 1, 2, 1, 2, 2, 1, 3, 1, 2, 1, 2, 2, 1, 3, 2, 1, 2, 2, 2, 2, 1, 3, 1, 2, 1, 2, 1, 2, 2, 1, 3, 2, 2, 3, 2, 3, 1, 2, 2, 1, 1, 3, 2, 3]
02/23/2023 12:21:57:INFO: 预测标签: 
 [2, 2, 3, 2, 2, 1, 2, 1, 1, 1, 1, 3, 1, 2, 3, 1, 2, 3, 3, 3, 1, 3, 2, 2, 2, 2, 2, 3, 3, 2, 1, 3, 3, 3, 2, 1, 3, 2, 1, 1, 2, 3, 2, 3, 3, 3, 1, 1, 2, 2, 2, 3, 1, 2, 2, 2, 1, 2, 3, 3, 2, 2, 3, 3, 1, 3, 2, 1, 1, 1, 3, 2, 2, 1, 3, 2, 1, 3, 2, 3, 3, 2, 3, 1, 2, 1, 3, 2, 3, 1, 1, 2, 2, 1, 2, 3, 1, 3, 1, 2, 2, 2, 2, 3, 1, 1, 1, 3, 1, 3, 3, 1, 3, 2, 2, 1, 2, 2, 2, 3, 2, 2, 3, 1, 3, 2, 3, 2, 1, 2, 2, 2, 2, 2, 1, 2, 3, 3, 1, 1, 2, 1, 3, 3, 2, 3, 3, 2, 2, 3, 3, 2, 3, 2, 2, 1, 2, 1, 2, 3, 2, 2, 1, 2, 2, 1, 1, 3, 2, 2, 3, 1, 3, 2, 3, 2, 2, 3, 3, 2, 2, 2, 1, 1, 3, 3, 3, 1, 2, 2, 2, 2, 2, 3, 2, 3, 2, 1, 2, 1, 1, 3, 3, 2, 2, 3, 1, 1, 2, 3, 1, 3, 3, 3, 3, 3, 3, 1, 2, 1, 2, 3, 3, 2, 2, 1, 3, 2, 1, 3, 3, 1, 3, 2, 3, 2, 1, 1, 1, 2, 2, 3, 2, 2, 2, 3, 2, 3, 1, 3, 2, 2, 2, 1, 3, 3, 3, 2, 3, 3, 2, 1, 2, 2, 2, 1, 1, 1, 1, 3, 3, 1, 3, 3, 1, 3, 3, 2, 3, 1, 3, 3, 3, 1, 1, 2, 3, 3, 1, 1, 2, 2, 3, 3, 3, 2, 2, 3, 3, 2, 1, 3, 2, 3, 3, 2, 2, 1, 2, 2, 2, 1, 1, 1, 1, 3, 3, 1, 3, 2, 3, 3, 2, 1, 2, 3, 3, 2, 2, 2, 3, 2, 3, 1, 2, 2, 3, 2, 2, 3, 1, 2, 1, 2, 1, 3, 1, 3, 2, 3, 2, 1, 3, 1, 1, 2, 1, 2, 3, 2, 3, 1, 3, 1, 3, 2, 3, 2, 3, 3, 2, 1, 3, 1, 3, 2, 1, 1, 1, 2, 2, 2, 3, 2, 3, 3, 3, 2, 3, 3, 1, 3, 1, 3, 2, 1, 1, 3, 2, 2, 3, 1, 2, 3, 2, 2, 3, 1, 1, 1, 2, 1, 2, 1, 3, 1, 2, 2, 2, 3, 1, 2, 2, 3, 2, 2, 2, 3, 1, 2, 1, 2, 1, 2, 1, 1, 1, 2, 1, 2, 3, 2, 2, 3, 3, 3, 3, 3, 1, 2, 3, 1, 3, 1, 2, 1, 1, 2, 2, 2, 1, 3, 2, 3, 3, 1, 1, 3, 3, 3, 2, 3, 3, 1, 2, 3, 3, 2, 2, 1, 2, 1, 2, 2, 2, 1, 3, 1, 3, 3, 3, 2, 2, 1, 3, 2, 2, 3, 3, 2, 3, 2, 3, 1, 2, 3, 1, 3, 3, 3, 2, 2, 1, 1, 3, 2, 1, 3, 1, 2, 2, 3, 1, 3, 3, 3, 3, 2, 2, 3, 3, 1, 2, 3, 2, 2, 3, 3, 2, 3, 3, 2, 3, 2, 3, 3, 3, 3, 3, 3, 2, 3, 3, 3, 1, 1, 2, 1, 1, 2, 3, 2, 1, 3, 2, 3, 3, 3, 2, 3, 3, 1, 3, 3, 1, 3, 1, 2, 2, 3, 2, 2, 2, 2, 2, 3, 1, 2, 2, 1, 1, 1, 3, 1, 3, 1, 1, 1, 2, 2, 1, 3, 1, 3, 2, 1, 1, 1, 3, 3, 2, 3, 3, 2, 3, 2, 3, 1, 3, 1, 2, 1, 1, 3, 2]
02/23/2023 12:21:57:INFO: ---------Evaluated Metrics----------
02/23/2023 12:21:57:INFO: Accuracy: 0.464.
02/23/2023 12:21:57:INFO: Macro Precision: 0.4624028229233929.
02/23/2023 12:21:57:INFO: Macro Recall: 0.4787356732847193.
02/23/2023 12:21:57:INFO: Macro F1 score: 0.46570326093634645.
02/23/2023 12:21:57:INFO: ---------confusion_matrix----------
02/23/2023 12:21:57:INFO: 
[[ 75  54  29]
 [ 76 115  99]
 [ 17  60 100]]
02/23/2023 12:21:57:INFO: 模型效果验证详情: {'位置第一个显示标签': 19, '其他位置有情感标签': 0, '全句没有情感标签': 0}.
02/23/2023 12:21:57:INFO: ----------------------Evaluate finished.------------------------
02/23/2023 12:21:57:INFO: --------------Epoch. 8.---------------
02/23/2023 12:21:58:INFO: [Epoch. 8.]: 100%|| 15/15 [00:00<00:00, 17.58it/s, avg_loss=0.235]
02/23/2023 12:21:58:INFO: Epoch 8, average loss: 0.23507214337587357
02/23/2023 12:21:58:INFO: --------------Evaluate on Epoch. 8.---------------
02/23/2023 12:21:58:INFO: tensor([28996, 28997, 28998], device='cuda:0')
02/23/2023 12:22:01:INFO: **********Results Comparison**********
02/23/2023 12:22:01:INFO: 真实标签: 
 [2, 1, 3, 1, 2, 1, 3, 2, 3, 1, 1, 3, 1, 1, 3, 1, 2, 1, 1, 2, 2, 3, 2, 1, 2, 2, 2, 2, 3, 1, 2, 2, 2, 2, 2, 2, 2, 1, 2, 1, 1, 2, 2, 2, 3, 2, 2, 3, 2, 2, 3, 3, 3, 3, 3, 2, 2, 1, 2, 3, 1, 2, 3, 1, 1, 3, 3, 1, 2, 3, 2, 2, 2, 1, 3, 2, 1, 1, 2, 1, 3, 1, 2, 1, 1, 2, 3, 3, 1, 2, 2, 2, 3, 2, 3, 2, 1, 2, 1, 1, 1, 2, 1, 2, 3, 1, 1, 2, 2, 3, 3, 2, 3, 2, 3, 2, 2, 2, 1, 2, 2, 3, 2, 2, 3, 2, 3, 3, 2, 1, 2, 3, 1, 1, 1, 2, 3, 3, 1, 2, 1, 1, 3, 2, 2, 3, 3, 2, 2, 2, 1, 2, 2, 1, 2, 1, 1, 1, 2, 3, 2, 1, 1, 3, 2, 2, 1, 2, 3, 1, 3, 2, 3, 2, 2, 2, 2, 3, 1, 2, 2, 3, 1, 2, 3, 3, 3, 3, 2, 3, 3, 2, 1, 3, 3, 1, 2, 2, 3, 1, 1, 3, 3, 2, 2, 3, 2, 1, 3, 1, 1, 3, 1, 2, 2, 3, 2, 3, 1, 1, 2, 2, 3, 3, 1, 2, 2, 1, 2, 1, 3, 2, 1, 3, 3, 2, 1, 1, 2, 3, 2, 2, 2, 2, 1, 3, 3, 2, 3, 3, 1, 2, 3, 2, 1, 3, 2, 2, 1, 2, 2, 1, 3, 2, 2, 2, 1, 2, 2, 2, 3, 2, 3, 3, 2, 2, 2, 3, 2, 2, 3, 3, 3, 1, 2, 1, 2, 3, 2, 2, 1, 2, 3, 3, 3, 2, 1, 2, 3, 3, 1, 3, 3, 1, 2, 2, 3, 3, 1, 2, 1, 3, 2, 2, 1, 3, 2, 1, 2, 2, 3, 2, 3, 2, 3, 2, 3, 3, 1, 1, 1, 2, 2, 1, 2, 1, 3, 3, 3, 3, 1, 2, 3, 2, 2, 2, 1, 3, 2, 3, 2, 1, 2, 2, 1, 2, 2, 3, 1, 3, 2, 2, 3, 1, 2, 2, 3, 2, 3, 2, 2, 2, 2, 1, 2, 1, 2, 1, 1, 2, 2, 1, 3, 3, 2, 2, 2, 2, 3, 3, 2, 2, 1, 2, 2, 2, 2, 2, 3, 3, 1, 1, 2, 2, 2, 3, 2, 1, 2, 2, 1, 2, 2, 3, 3, 2, 3, 2, 1, 3, 1, 2, 1, 1, 3, 2, 1, 2, 1, 2, 1, 2, 2, 2, 2, 2, 2, 3, 2, 3, 3, 2, 1, 2, 3, 2, 3, 3, 2, 2, 2, 2, 3, 1, 2, 3, 1, 2, 2, 2, 2, 3, 2, 3, 2, 1, 1, 2, 3, 1, 3, 2, 1, 2, 3, 2, 2, 2, 1, 3, 1, 1, 1, 2, 3, 1, 3, 1, 3, 3, 2, 2, 3, 1, 3, 2, 1, 3, 3, 2, 2, 3, 2, 2, 2, 2, 2, 1, 2, 2, 2, 2, 2, 2, 2, 3, 2, 2, 1, 2, 3, 3, 1, 3, 3, 3, 3, 2, 2, 2, 2, 1, 3, 2, 3, 2, 2, 2, 3, 2, 3, 3, 3, 2, 3, 1, 2, 3, 3, 1, 2, 3, 2, 1, 2, 1, 2, 1, 3, 3, 3, 1, 1, 2, 2, 2, 2, 2, 2, 2, 2, 1, 3, 2, 1, 1, 2, 2, 2, 2, 3, 1, 2, 1, 2, 2, 1, 3, 1, 2, 1, 2, 2, 1, 3, 2, 1, 2, 2, 2, 2, 1, 3, 1, 2, 1, 2, 1, 2, 2, 1, 3, 2, 2, 3, 2, 3, 1, 2, 2, 1, 1, 3, 2, 3]
02/23/2023 12:22:01:INFO: 预测标签: 
 [2, 2, 3, 2, 2, 1, 2, 1, 1, 1, 1, 3, 1, 2, 3, 1, 2, 1, 3, 3, 1, 3, 2, 2, 2, 2, 2, 3, 3, 2, 1, 3, 3, 3, 2, 1, 3, 2, 1, 1, 2, 3, 2, 1, 3, 3, 1, 3, 2, 2, 2, 3, 1, 2, 2, 2, 1, 2, 3, 3, 2, 2, 1, 3, 3, 3, 2, 1, 1, 1, 3, 2, 2, 1, 3, 2, 1, 3, 2, 3, 3, 2, 3, 1, 2, 1, 3, 2, 3, 1, 1, 2, 2, 1, 2, 3, 1, 3, 1, 2, 2, 2, 2, 3, 1, 1, 1, 3, 1, 3, 3, 1, 3, 2, 2, 1, 2, 2, 2, 3, 2, 2, 3, 1, 3, 2, 3, 2, 1, 2, 2, 2, 2, 2, 1, 2, 3, 3, 1, 1, 2, 1, 3, 3, 2, 3, 3, 2, 2, 3, 3, 2, 3, 2, 2, 1, 2, 1, 2, 3, 2, 2, 1, 2, 3, 1, 1, 3, 2, 2, 3, 1, 3, 2, 3, 2, 2, 3, 3, 2, 2, 2, 1, 1, 3, 3, 3, 1, 2, 2, 2, 2, 2, 3, 2, 3, 2, 1, 2, 1, 1, 3, 3, 2, 2, 3, 1, 1, 2, 3, 1, 3, 3, 3, 3, 3, 3, 1, 2, 1, 2, 3, 3, 2, 2, 1, 3, 2, 1, 3, 3, 1, 3, 2, 3, 2, 3, 1, 1, 2, 2, 3, 2, 2, 2, 3, 2, 1, 1, 3, 2, 2, 2, 1, 3, 3, 3, 2, 3, 1, 2, 1, 2, 2, 2, 1, 1, 1, 1, 3, 3, 1, 3, 3, 1, 3, 3, 2, 3, 1, 3, 3, 3, 1, 1, 2, 3, 3, 1, 1, 2, 2, 3, 3, 3, 2, 2, 3, 3, 2, 1, 3, 2, 3, 3, 2, 2, 1, 2, 2, 2, 2, 1, 1, 1, 3, 3, 2, 3, 2, 3, 3, 2, 1, 2, 3, 3, 2, 2, 2, 3, 2, 3, 1, 2, 2, 3, 2, 2, 3, 1, 2, 1, 2, 1, 3, 1, 3, 2, 3, 2, 1, 2, 1, 1, 2, 1, 2, 3, 2, 3, 1, 3, 1, 3, 2, 3, 2, 3, 3, 2, 1, 3, 1, 3, 3, 2, 1, 1, 2, 2, 2, 3, 2, 3, 3, 3, 2, 3, 3, 1, 3, 1, 3, 2, 1, 1, 3, 2, 2, 3, 1, 2, 3, 2, 2, 3, 1, 1, 1, 2, 1, 2, 1, 3, 1, 1, 2, 2, 3, 1, 2, 2, 3, 2, 2, 2, 3, 1, 2, 1, 2, 1, 2, 1, 1, 1, 2, 1, 2, 3, 2, 2, 3, 3, 3, 3, 3, 1, 2, 3, 1, 3, 1, 2, 1, 1, 2, 2, 2, 1, 3, 2, 3, 3, 1, 1, 3, 3, 3, 2, 3, 1, 1, 2, 3, 3, 2, 2, 1, 2, 1, 2, 2, 2, 1, 3, 1, 3, 3, 3, 2, 2, 1, 3, 2, 2, 3, 3, 2, 3, 2, 3, 1, 2, 3, 1, 3, 3, 3, 2, 2, 1, 1, 3, 2, 1, 3, 1, 2, 2, 3, 1, 3, 3, 3, 3, 2, 2, 3, 3, 1, 2, 3, 2, 2, 3, 3, 2, 3, 3, 2, 3, 2, 3, 3, 3, 3, 3, 3, 2, 3, 3, 3, 1, 1, 2, 1, 1, 2, 3, 2, 1, 2, 2, 3, 3, 3, 2, 3, 3, 1, 3, 3, 1, 3, 1, 2, 2, 3, 2, 2, 2, 2, 2, 3, 1, 2, 2, 1, 1, 1, 3, 1, 3, 1, 1, 1, 2, 2, 1, 3, 1, 3, 2, 1, 1, 1, 3, 3, 2, 3, 1, 2, 3, 2, 3, 1, 3, 1, 2, 1, 1, 3, 2]
02/23/2023 12:22:01:INFO: ---------Evaluated Metrics----------
02/23/2023 12:22:01:INFO: Accuracy: 0.4656.
02/23/2023 12:22:01:INFO: Macro Precision: 0.4627387318563789.
02/23/2023 12:22:01:INFO: Macro Recall: 0.4789248192180817.
02/23/2023 12:22:01:INFO: Macro F1 score: 0.46636963526455305.
02/23/2023 12:22:01:INFO: ---------confusion_matrix----------
02/23/2023 12:22:01:INFO: 
[[ 74  54  30]
 [ 79 117  94]
 [ 17  60 100]]
02/23/2023 12:22:01:INFO: 模型效果验证详情: {'位置第一个显示标签': 41, '其他位置有情感标签': 0, '全句没有情感标签': 0}.
02/23/2023 12:22:01:INFO: ----------------------Evaluate finished.------------------------
02/23/2023 12:22:01:INFO: --------------Epoch. 9.---------------
02/23/2023 12:22:02:INFO: [Epoch. 9.]: 100%|| 15/15 [00:00<00:00, 17.59it/s, avg_loss=0.199]
02/23/2023 12:22:02:INFO: Epoch 9, average loss: 0.19915610204140347
02/23/2023 12:22:02:INFO: --------------Evaluate on Epoch. 9.---------------
02/23/2023 12:22:02:INFO: tensor([28996, 28997, 28998], device='cuda:0')
02/23/2023 12:22:05:INFO: **********Results Comparison**********
02/23/2023 12:22:05:INFO: 真实标签: 
 [2, 1, 3, 1, 2, 1, 3, 2, 3, 1, 1, 3, 1, 1, 3, 1, 2, 1, 1, 2, 2, 3, 2, 1, 2, 2, 2, 2, 3, 1, 2, 2, 2, 2, 2, 2, 2, 1, 2, 1, 1, 2, 2, 2, 3, 2, 2, 3, 2, 2, 3, 3, 3, 3, 3, 2, 2, 1, 2, 3, 1, 2, 3, 1, 1, 3, 3, 1, 2, 3, 2, 2, 2, 1, 3, 2, 1, 1, 2, 1, 3, 1, 2, 1, 1, 2, 3, 3, 1, 2, 2, 2, 3, 2, 3, 2, 1, 2, 1, 1, 1, 2, 1, 2, 3, 1, 1, 2, 2, 3, 3, 2, 3, 2, 3, 2, 2, 2, 1, 2, 2, 3, 2, 2, 3, 2, 3, 3, 2, 1, 2, 3, 1, 1, 1, 2, 3, 3, 1, 2, 1, 1, 3, 2, 2, 3, 3, 2, 2, 2, 1, 2, 2, 1, 2, 1, 1, 1, 2, 3, 2, 1, 1, 3, 2, 2, 1, 2, 3, 1, 3, 2, 3, 2, 2, 2, 2, 3, 1, 2, 2, 3, 1, 2, 3, 3, 3, 3, 2, 3, 3, 2, 1, 3, 3, 1, 2, 2, 3, 1, 1, 3, 3, 2, 2, 3, 2, 1, 3, 1, 1, 3, 1, 2, 2, 3, 2, 3, 1, 1, 2, 2, 3, 3, 1, 2, 2, 1, 2, 1, 3, 2, 1, 3, 3, 2, 1, 1, 2, 3, 2, 2, 2, 2, 1, 3, 3, 2, 3, 3, 1, 2, 3, 2, 1, 3, 2, 2, 1, 2, 2, 1, 3, 2, 2, 2, 1, 2, 2, 2, 3, 2, 3, 3, 2, 2, 2, 3, 2, 2, 3, 3, 3, 1, 2, 1, 2, 3, 2, 2, 1, 2, 3, 3, 3, 2, 1, 2, 3, 3, 1, 3, 3, 1, 2, 2, 3, 3, 1, 2, 1, 3, 2, 2, 1, 3, 2, 1, 2, 2, 3, 2, 3, 2, 3, 2, 3, 3, 1, 1, 1, 2, 2, 1, 2, 1, 3, 3, 3, 3, 1, 2, 3, 2, 2, 2, 1, 3, 2, 3, 2, 1, 2, 2, 1, 2, 2, 3, 1, 3, 2, 2, 3, 1, 2, 2, 3, 2, 3, 2, 2, 2, 2, 1, 2, 1, 2, 1, 1, 2, 2, 1, 3, 3, 2, 2, 2, 2, 3, 3, 2, 2, 1, 2, 2, 2, 2, 2, 3, 3, 1, 1, 2, 2, 2, 3, 2, 1, 2, 2, 1, 2, 2, 3, 3, 2, 3, 2, 1, 3, 1, 2, 1, 1, 3, 2, 1, 2, 1, 2, 1, 2, 2, 2, 2, 2, 2, 3, 2, 3, 3, 2, 1, 2, 3, 2, 3, 3, 2, 2, 2, 2, 3, 1, 2, 3, 1, 2, 2, 2, 2, 3, 2, 3, 2, 1, 1, 2, 3, 1, 3, 2, 1, 2, 3, 2, 2, 2, 1, 3, 1, 1, 1, 2, 3, 1, 3, 1, 3, 3, 2, 2, 3, 1, 3, 2, 1, 3, 3, 2, 2, 3, 2, 2, 2, 2, 2, 1, 2, 2, 2, 2, 2, 2, 2, 3, 2, 2, 1, 2, 3, 3, 1, 3, 3, 3, 3, 2, 2, 2, 2, 1, 3, 2, 3, 2, 2, 2, 3, 2, 3, 3, 3, 2, 3, 1, 2, 3, 3, 1, 2, 3, 2, 1, 2, 1, 2, 1, 3, 3, 3, 1, 1, 2, 2, 2, 2, 2, 2, 2, 2, 1, 3, 2, 1, 1, 2, 2, 2, 2, 3, 1, 2, 1, 2, 2, 1, 3, 1, 2, 1, 2, 2, 1, 3, 2, 1, 2, 2, 2, 2, 1, 3, 1, 2, 1, 2, 1, 2, 2, 1, 3, 2, 2, 3, 2, 3, 1, 2, 2, 1, 1, 3, 2, 3]
02/23/2023 12:22:05:INFO: 预测标签: 
 [2, 2, 3, 2, 2, 1, 2, 1, 1, 1, 1, 3, 1, 2, 3, 1, 2, 3, 3, 3, 1, 3, 2, 2, 2, 2, 2, 3, 3, 2, 1, 3, 3, 3, 2, 1, 3, 2, 3, 1, 2, 3, 2, 1, 3, 3, 2, 3, 3, 2, 2, 3, 2, 2, 2, 2, 1, 2, 3, 3, 2, 2, 3, 3, 3, 3, 2, 1, 2, 1, 3, 2, 2, 1, 3, 2, 1, 3, 2, 3, 3, 2, 3, 1, 2, 1, 2, 2, 3, 1, 1, 2, 2, 1, 2, 3, 3, 3, 1, 2, 2, 2, 2, 3, 1, 1, 1, 3, 1, 3, 3, 1, 3, 2, 2, 2, 2, 2, 2, 3, 2, 2, 3, 1, 3, 2, 3, 2, 1, 2, 2, 2, 2, 2, 1, 2, 3, 3, 3, 1, 2, 1, 3, 3, 2, 3, 3, 2, 2, 3, 3, 2, 3, 2, 2, 1, 2, 1, 2, 3, 2, 2, 1, 2, 2, 2, 1, 3, 2, 2, 3, 1, 3, 2, 3, 2, 2, 3, 3, 2, 2, 2, 2, 3, 3, 3, 3, 3, 2, 2, 2, 2, 2, 3, 2, 3, 2, 1, 2, 1, 1, 3, 3, 2, 2, 3, 1, 1, 2, 3, 1, 3, 3, 3, 3, 3, 3, 1, 2, 1, 2, 3, 3, 2, 2, 1, 3, 2, 3, 3, 3, 3, 3, 2, 3, 2, 3, 1, 3, 2, 2, 3, 2, 2, 2, 3, 2, 3, 1, 3, 2, 2, 2, 1, 3, 3, 3, 2, 3, 3, 2, 1, 2, 2, 2, 1, 1, 1, 2, 3, 2, 1, 3, 3, 1, 3, 3, 2, 3, 1, 3, 3, 3, 1, 1, 2, 3, 3, 1, 1, 2, 2, 3, 3, 3, 2, 2, 3, 3, 2, 1, 3, 2, 3, 3, 2, 2, 3, 2, 2, 2, 2, 1, 1, 1, 3, 3, 2, 3, 2, 3, 3, 2, 1, 2, 3, 3, 2, 2, 2, 3, 2, 3, 1, 2, 2, 3, 2, 2, 3, 1, 2, 1, 2, 2, 3, 1, 3, 2, 3, 2, 1, 2, 1, 1, 2, 1, 2, 3, 2, 3, 1, 3, 1, 3, 2, 3, 2, 3, 3, 2, 1, 3, 1, 3, 2, 2, 1, 1, 2, 2, 2, 3, 2, 3, 3, 3, 2, 3, 3, 1, 3, 1, 3, 2, 1, 3, 3, 2, 2, 3, 1, 2, 3, 2, 2, 3, 1, 3, 1, 2, 1, 2, 1, 3, 1, 2, 2, 2, 3, 1, 2, 2, 3, 2, 2, 2, 3, 1, 2, 1, 2, 1, 2, 1, 1, 1, 2, 1, 2, 3, 2, 2, 3, 3, 3, 3, 3, 1, 2, 3, 1, 3, 1, 2, 1, 1, 2, 2, 2, 1, 3, 2, 3, 3, 1, 2, 3, 3, 3, 2, 3, 3, 2, 2, 3, 3, 2, 2, 1, 2, 1, 2, 2, 2, 1, 3, 1, 3, 3, 3, 2, 2, 3, 3, 2, 2, 3, 3, 2, 3, 2, 3, 1, 2, 3, 1, 3, 3, 3, 2, 2, 1, 3, 2, 2, 3, 3, 1, 2, 2, 3, 1, 3, 3, 2, 3, 2, 2, 3, 3, 1, 2, 3, 2, 2, 3, 3, 2, 3, 3, 2, 3, 2, 3, 3, 3, 3, 3, 2, 2, 3, 3, 3, 1, 1, 2, 1, 1, 2, 2, 2, 1, 2, 2, 3, 3, 3, 2, 3, 3, 1, 3, 3, 3, 3, 1, 2, 2, 3, 2, 2, 2, 2, 2, 3, 1, 2, 2, 1, 1, 1, 3, 1, 3, 1, 1, 1, 2, 2, 3, 3, 1, 3, 2, 1, 1, 1, 3, 3, 2, 3, 2, 2, 3, 2, 3, 2, 3, 1, 2, 1, 1, 2, 2]
02/23/2023 12:22:05:INFO: ---------Evaluated Metrics----------
02/23/2023 12:22:05:INFO: Accuracy: 0.4656.
02/23/2023 12:22:05:INFO: Macro Precision: 0.46654364980872803.
02/23/2023 12:22:05:INFO: Macro Recall: 0.46954849114811825.
02/23/2023 12:22:05:INFO: Macro F1 score: 0.4630241422201267.
02/23/2023 12:22:05:INFO: ---------confusion_matrix----------
02/23/2023 12:22:05:INFO: 
[[ 65  59  34]
 [ 59 127 104]
 [ 12  66  99]]
02/23/2023 12:22:05:INFO: 模型效果验证详情: {'位置第一个显示标签': 77, '其他位置有情感标签': 0, '全句没有情感标签': 0}.
02/23/2023 12:22:05:INFO: ----------------------Evaluate finished.------------------------
02/23/2023 12:22:05:INFO: --------------Epoch. 10.---------------
02/23/2023 12:22:06:INFO: [Epoch. 10.]: 100%|| 15/15 [00:00<00:00, 17.40it/s, avg_loss=0.173]
02/23/2023 12:22:06:INFO: Epoch 10, average loss: 0.1729775349299113
02/23/2023 12:22:06:INFO: --------------Evaluate on Epoch. 10.---------------
02/23/2023 12:22:06:INFO: tensor([28996, 28997, 28998], device='cuda:0')
02/23/2023 12:22:09:INFO: **********Results Comparison**********
02/23/2023 12:22:09:INFO: 真实标签: 
 [2, 1, 3, 1, 2, 1, 3, 2, 3, 1, 1, 3, 1, 1, 3, 1, 2, 1, 1, 2, 2, 3, 2, 1, 2, 2, 2, 2, 3, 1, 2, 2, 2, 2, 2, 2, 2, 1, 2, 1, 1, 2, 2, 2, 3, 2, 2, 3, 2, 2, 3, 3, 3, 3, 3, 2, 2, 1, 2, 3, 1, 2, 3, 1, 1, 3, 3, 1, 2, 3, 2, 2, 2, 1, 3, 2, 1, 1, 2, 1, 3, 1, 2, 1, 1, 2, 3, 3, 1, 2, 2, 2, 3, 2, 3, 2, 1, 2, 1, 1, 1, 2, 1, 2, 3, 1, 1, 2, 2, 3, 3, 2, 3, 2, 3, 2, 2, 2, 1, 2, 2, 3, 2, 2, 3, 2, 3, 3, 2, 1, 2, 3, 1, 1, 1, 2, 3, 3, 1, 2, 1, 1, 3, 2, 2, 3, 3, 2, 2, 2, 1, 2, 2, 1, 2, 1, 1, 1, 2, 3, 2, 1, 1, 3, 2, 2, 1, 2, 3, 1, 3, 2, 3, 2, 2, 2, 2, 3, 1, 2, 2, 3, 1, 2, 3, 3, 3, 3, 2, 3, 3, 2, 1, 3, 3, 1, 2, 2, 3, 1, 1, 3, 3, 2, 2, 3, 2, 1, 3, 1, 1, 3, 1, 2, 2, 3, 2, 3, 1, 1, 2, 2, 3, 3, 1, 2, 2, 1, 2, 1, 3, 2, 1, 3, 3, 2, 1, 1, 2, 3, 2, 2, 2, 2, 1, 3, 3, 2, 3, 3, 1, 2, 3, 2, 1, 3, 2, 2, 1, 2, 2, 1, 3, 2, 2, 2, 1, 2, 2, 2, 3, 2, 3, 3, 2, 2, 2, 3, 2, 2, 3, 3, 3, 1, 2, 1, 2, 3, 2, 2, 1, 2, 3, 3, 3, 2, 1, 2, 3, 3, 1, 3, 3, 1, 2, 2, 3, 3, 1, 2, 1, 3, 2, 2, 1, 3, 2, 1, 2, 2, 3, 2, 3, 2, 3, 2, 3, 3, 1, 1, 1, 2, 2, 1, 2, 1, 3, 3, 3, 3, 1, 2, 3, 2, 2, 2, 1, 3, 2, 3, 2, 1, 2, 2, 1, 2, 2, 3, 1, 3, 2, 2, 3, 1, 2, 2, 3, 2, 3, 2, 2, 2, 2, 1, 2, 1, 2, 1, 1, 2, 2, 1, 3, 3, 2, 2, 2, 2, 3, 3, 2, 2, 1, 2, 2, 2, 2, 2, 3, 3, 1, 1, 2, 2, 2, 3, 2, 1, 2, 2, 1, 2, 2, 3, 3, 2, 3, 2, 1, 3, 1, 2, 1, 1, 3, 2, 1, 2, 1, 2, 1, 2, 2, 2, 2, 2, 2, 3, 2, 3, 3, 2, 1, 2, 3, 2, 3, 3, 2, 2, 2, 2, 3, 1, 2, 3, 1, 2, 2, 2, 2, 3, 2, 3, 2, 1, 1, 2, 3, 1, 3, 2, 1, 2, 3, 2, 2, 2, 1, 3, 1, 1, 1, 2, 3, 1, 3, 1, 3, 3, 2, 2, 3, 1, 3, 2, 1, 3, 3, 2, 2, 3, 2, 2, 2, 2, 2, 1, 2, 2, 2, 2, 2, 2, 2, 3, 2, 2, 1, 2, 3, 3, 1, 3, 3, 3, 3, 2, 2, 2, 2, 1, 3, 2, 3, 2, 2, 2, 3, 2, 3, 3, 3, 2, 3, 1, 2, 3, 3, 1, 2, 3, 2, 1, 2, 1, 2, 1, 3, 3, 3, 1, 1, 2, 2, 2, 2, 2, 2, 2, 2, 1, 3, 2, 1, 1, 2, 2, 2, 2, 3, 1, 2, 1, 2, 2, 1, 3, 1, 2, 1, 2, 2, 1, 3, 2, 1, 2, 2, 2, 2, 1, 3, 1, 2, 1, 2, 1, 2, 2, 1, 3, 2, 2, 3, 2, 3, 1, 2, 2, 1, 1, 3, 2, 3]
02/23/2023 12:22:09:INFO: 预测标签: 
 [2, 2, 3, 2, 2, 1, 2, 1, 1, 1, 1, 3, 1, 2, 3, 1, 2, 1, 3, 3, 1, 3, 2, 2, 2, 2, 2, 3, 3, 2, 1, 3, 1, 3, 2, 1, 3, 2, 1, 1, 2, 3, 2, 1, 3, 3, 1, 1, 3, 2, 2, 3, 1, 3, 2, 2, 1, 2, 3, 3, 2, 2, 1, 1, 3, 3, 2, 1, 1, 1, 3, 2, 2, 1, 3, 2, 1, 3, 2, 3, 3, 2, 3, 1, 2, 1, 2, 2, 3, 1, 1, 2, 2, 1, 2, 3, 1, 3, 1, 2, 2, 2, 2, 3, 1, 1, 1, 3, 1, 3, 3, 1, 3, 2, 2, 1, 2, 2, 2, 3, 2, 2, 3, 1, 3, 2, 3, 2, 1, 2, 2, 2, 2, 2, 1, 2, 3, 3, 1, 1, 2, 1, 3, 3, 2, 3, 3, 2, 2, 3, 3, 2, 3, 2, 2, 1, 2, 1, 2, 3, 2, 2, 1, 2, 2, 1, 1, 3, 2, 2, 3, 1, 3, 2, 3, 2, 2, 3, 3, 2, 2, 2, 1, 1, 3, 3, 3, 1, 2, 2, 2, 2, 2, 3, 2, 3, 2, 1, 2, 1, 1, 3, 3, 2, 2, 3, 1, 1, 2, 3, 1, 3, 3, 3, 3, 3, 3, 1, 2, 1, 2, 3, 3, 2, 2, 1, 3, 2, 1, 3, 3, 1, 3, 2, 3, 2, 3, 1, 1, 2, 2, 1, 2, 2, 2, 3, 2, 1, 1, 3, 1, 2, 2, 1, 3, 3, 3, 2, 3, 1, 2, 1, 2, 2, 2, 1, 1, 1, 1, 3, 3, 1, 3, 3, 1, 3, 3, 2, 3, 1, 3, 3, 3, 1, 1, 2, 3, 3, 1, 1, 2, 2, 3, 3, 3, 2, 2, 3, 3, 2, 1, 3, 2, 3, 3, 2, 2, 1, 2, 2, 2, 1, 1, 1, 1, 3, 3, 2, 3, 2, 3, 3, 2, 1, 2, 3, 3, 2, 2, 2, 3, 2, 1, 1, 2, 2, 3, 2, 2, 3, 1, 2, 1, 2, 1, 3, 1, 3, 2, 3, 2, 1, 2, 1, 1, 2, 1, 2, 3, 2, 3, 1, 3, 1, 3, 2, 3, 2, 3, 3, 2, 1, 3, 1, 3, 3, 2, 1, 1, 2, 2, 2, 3, 2, 3, 3, 3, 2, 3, 3, 1, 3, 1, 3, 2, 1, 1, 3, 2, 2, 3, 1, 2, 3, 2, 2, 3, 1, 1, 1, 2, 1, 2, 1, 3, 1, 1, 2, 2, 3, 1, 2, 2, 3, 3, 2, 2, 3, 1, 2, 1, 2, 1, 2, 1, 1, 1, 2, 1, 2, 3, 2, 2, 3, 3, 3, 3, 3, 1, 2, 3, 1, 3, 1, 2, 1, 1, 2, 2, 2, 1, 3, 2, 3, 3, 1, 1, 3, 3, 3, 2, 3, 1, 1, 2, 3, 3, 2, 2, 1, 1, 1, 2, 2, 2, 1, 3, 1, 3, 3, 3, 2, 2, 1, 3, 2, 2, 3, 3, 2, 3, 2, 3, 1, 2, 3, 1, 3, 3, 3, 2, 2, 1, 1, 2, 2, 1, 3, 1, 2, 2, 3, 1, 3, 1, 3, 3, 2, 2, 3, 3, 1, 2, 3, 2, 2, 3, 3, 2, 3, 3, 2, 3, 2, 3, 3, 3, 3, 3, 3, 2, 3, 3, 3, 1, 1, 2, 1, 1, 2, 2, 2, 1, 2, 1, 3, 3, 3, 2, 3, 3, 1, 3, 3, 1, 3, 1, 2, 2, 3, 2, 2, 2, 2, 2, 3, 1, 2, 2, 1, 1, 1, 3, 1, 3, 1, 1, 1, 2, 2, 1, 3, 1, 3, 2, 1, 1, 1, 3, 3, 2, 3, 1, 2, 3, 2, 3, 1, 3, 1, 2, 1, 1, 2, 2]
02/23/2023 12:22:09:INFO: ---------Evaluated Metrics----------
02/23/2023 12:22:09:INFO: Accuracy: 0.4688.
02/23/2023 12:22:09:INFO: Macro Precision: 0.4655884414254137.
02/23/2023 12:22:09:INFO: Macro Recall: 0.48263688008673916.
02/23/2023 12:22:09:INFO: Macro F1 score: 0.46968988457147737.
02/23/2023 12:22:09:INFO: ---------confusion_matrix----------
02/23/2023 12:22:09:INFO: 
[[ 77  52  29]
 [ 83 118  89]
 [ 20  59  98]]
02/23/2023 12:22:09:INFO: 模型效果验证详情: {'位置第一个显示标签': 91, '其他位置有情感标签': 0, '全句没有情感标签': 0}.
02/23/2023 12:22:09:INFO: ----------------------Evaluate finished.------------------------
02/23/2023 12:22:09:INFO: --------------Epoch. 11.---------------
02/23/2023 12:22:10:INFO: [Epoch. 11.]: 100%|| 15/15 [00:00<00:00, 17.19it/s, avg_loss=0.16]
02/23/2023 12:22:10:INFO: Epoch 11, average loss: 0.16006096129616101
02/23/2023 12:22:10:INFO: --------------Evaluate on Epoch. 11.---------------
02/23/2023 12:22:10:INFO: tensor([28996, 28997, 28998], device='cuda:0')
02/23/2023 12:22:13:INFO: **********Results Comparison**********
02/23/2023 12:22:13:INFO: 真实标签: 
 [2, 1, 3, 1, 2, 1, 3, 2, 3, 1, 1, 3, 1, 1, 3, 1, 2, 1, 1, 2, 2, 3, 2, 1, 2, 2, 2, 2, 3, 1, 2, 2, 2, 2, 2, 2, 2, 1, 2, 1, 1, 2, 2, 2, 3, 2, 2, 3, 2, 2, 3, 3, 3, 3, 3, 2, 2, 1, 2, 3, 1, 2, 3, 1, 1, 3, 3, 1, 2, 3, 2, 2, 2, 1, 3, 2, 1, 1, 2, 1, 3, 1, 2, 1, 1, 2, 3, 3, 1, 2, 2, 2, 3, 2, 3, 2, 1, 2, 1, 1, 1, 2, 1, 2, 3, 1, 1, 2, 2, 3, 3, 2, 3, 2, 3, 2, 2, 2, 1, 2, 2, 3, 2, 2, 3, 2, 3, 3, 2, 1, 2, 3, 1, 1, 1, 2, 3, 3, 1, 2, 1, 1, 3, 2, 2, 3, 3, 2, 2, 2, 1, 2, 2, 1, 2, 1, 1, 1, 2, 3, 2, 1, 1, 3, 2, 2, 1, 2, 3, 1, 3, 2, 3, 2, 2, 2, 2, 3, 1, 2, 2, 3, 1, 2, 3, 3, 3, 3, 2, 3, 3, 2, 1, 3, 3, 1, 2, 2, 3, 1, 1, 3, 3, 2, 2, 3, 2, 1, 3, 1, 1, 3, 1, 2, 2, 3, 2, 3, 1, 1, 2, 2, 3, 3, 1, 2, 2, 1, 2, 1, 3, 2, 1, 3, 3, 2, 1, 1, 2, 3, 2, 2, 2, 2, 1, 3, 3, 2, 3, 3, 1, 2, 3, 2, 1, 3, 2, 2, 1, 2, 2, 1, 3, 2, 2, 2, 1, 2, 2, 2, 3, 2, 3, 3, 2, 2, 2, 3, 2, 2, 3, 3, 3, 1, 2, 1, 2, 3, 2, 2, 1, 2, 3, 3, 3, 2, 1, 2, 3, 3, 1, 3, 3, 1, 2, 2, 3, 3, 1, 2, 1, 3, 2, 2, 1, 3, 2, 1, 2, 2, 3, 2, 3, 2, 3, 2, 3, 3, 1, 1, 1, 2, 2, 1, 2, 1, 3, 3, 3, 3, 1, 2, 3, 2, 2, 2, 1, 3, 2, 3, 2, 1, 2, 2, 1, 2, 2, 3, 1, 3, 2, 2, 3, 1, 2, 2, 3, 2, 3, 2, 2, 2, 2, 1, 2, 1, 2, 1, 1, 2, 2, 1, 3, 3, 2, 2, 2, 2, 3, 3, 2, 2, 1, 2, 2, 2, 2, 2, 3, 3, 1, 1, 2, 2, 2, 3, 2, 1, 2, 2, 1, 2, 2, 3, 3, 2, 3, 2, 1, 3, 1, 2, 1, 1, 3, 2, 1, 2, 1, 2, 1, 2, 2, 2, 2, 2, 2, 3, 2, 3, 3, 2, 1, 2, 3, 2, 3, 3, 2, 2, 2, 2, 3, 1, 2, 3, 1, 2, 2, 2, 2, 3, 2, 3, 2, 1, 1, 2, 3, 1, 3, 2, 1, 2, 3, 2, 2, 2, 1, 3, 1, 1, 1, 2, 3, 1, 3, 1, 3, 3, 2, 2, 3, 1, 3, 2, 1, 3, 3, 2, 2, 3, 2, 2, 2, 2, 2, 1, 2, 2, 2, 2, 2, 2, 2, 3, 2, 2, 1, 2, 3, 3, 1, 3, 3, 3, 3, 2, 2, 2, 2, 1, 3, 2, 3, 2, 2, 2, 3, 2, 3, 3, 3, 2, 3, 1, 2, 3, 3, 1, 2, 3, 2, 1, 2, 1, 2, 1, 3, 3, 3, 1, 1, 2, 2, 2, 2, 2, 2, 2, 2, 1, 3, 2, 1, 1, 2, 2, 2, 2, 3, 1, 2, 1, 2, 2, 1, 3, 1, 2, 1, 2, 2, 1, 3, 2, 1, 2, 2, 2, 2, 1, 3, 1, 2, 1, 2, 1, 2, 2, 1, 3, 2, 2, 3, 2, 3, 1, 2, 2, 1, 1, 3, 2, 3]
02/23/2023 12:22:13:INFO: 预测标签: 
 [2, 3, 3, 2, 2, 1, 2, 1, 1, 1, 1, 3, 1, 2, 3, 1, 2, 1, 3, 3, 1, 3, 2, 2, 2, 2, 2, 3, 3, 1, 1, 3, 3, 3, 2, 1, 3, 2, 1, 1, 2, 3, 2, 1, 3, 3, 1, 3, 3, 2, 2, 3, 1, 3, 3, 2, 1, 2, 3, 3, 2, 2, 1, 1, 3, 3, 2, 1, 1, 1, 3, 2, 2, 1, 3, 2, 1, 3, 2, 3, 3, 2, 3, 1, 1, 1, 2, 2, 3, 1, 1, 2, 3, 1, 2, 3, 1, 3, 1, 1, 2, 2, 2, 3, 1, 1, 1, 3, 1, 3, 3, 1, 3, 2, 3, 1, 2, 2, 2, 3, 2, 2, 3, 1, 3, 2, 3, 2, 1, 2, 2, 2, 3, 2, 1, 2, 3, 3, 1, 1, 2, 1, 3, 3, 2, 3, 3, 2, 2, 3, 3, 2, 3, 2, 3, 1, 2, 1, 2, 3, 2, 2, 1, 3, 3, 1, 1, 3, 2, 2, 3, 1, 3, 2, 3, 2, 2, 3, 3, 2, 1, 2, 1, 1, 3, 3, 3, 1, 2, 2, 2, 2, 2, 3, 2, 3, 2, 1, 3, 1, 1, 3, 3, 2, 2, 3, 1, 1, 2, 3, 1, 3, 3, 3, 3, 3, 3, 1, 2, 1, 3, 3, 3, 2, 2, 1, 3, 2, 1, 3, 3, 1, 3, 2, 3, 2, 3, 1, 1, 3, 1, 1, 2, 2, 2, 3, 2, 1, 1, 3, 1, 2, 3, 1, 3, 3, 3, 2, 3, 1, 2, 1, 2, 2, 2, 1, 1, 1, 1, 1, 3, 1, 3, 3, 1, 3, 3, 3, 3, 1, 3, 3, 3, 1, 1, 2, 3, 3, 1, 1, 1, 2, 3, 3, 3, 2, 2, 3, 3, 1, 1, 3, 2, 3, 3, 2, 2, 1, 2, 2, 2, 1, 1, 1, 1, 3, 3, 1, 3, 2, 3, 3, 1, 1, 2, 3, 3, 3, 2, 2, 3, 2, 1, 1, 2, 2, 3, 2, 2, 3, 1, 2, 1, 1, 1, 3, 1, 3, 2, 3, 2, 1, 3, 1, 1, 2, 1, 2, 3, 2, 3, 1, 3, 1, 3, 3, 3, 2, 3, 3, 2, 1, 3, 1, 3, 3, 1, 1, 1, 2, 2, 2, 3, 2, 3, 3, 3, 2, 3, 3, 1, 3, 1, 3, 2, 1, 3, 3, 2, 2, 3, 1, 3, 3, 2, 2, 3, 1, 1, 1, 2, 1, 2, 1, 3, 1, 1, 2, 2, 3, 1, 2, 2, 3, 3, 2, 2, 3, 1, 1, 1, 2, 1, 2, 1, 1, 1, 2, 1, 2, 3, 2, 2, 3, 3, 3, 3, 3, 1, 2, 3, 1, 3, 1, 2, 1, 1, 2, 2, 2, 1, 3, 2, 3, 3, 1, 1, 3, 3, 3, 3, 3, 1, 1, 2, 3, 3, 2, 2, 1, 1, 1, 2, 2, 1, 1, 3, 1, 3, 3, 3, 2, 2, 1, 3, 2, 1, 3, 3, 2, 3, 2, 3, 1, 2, 3, 1, 3, 3, 3, 2, 2, 1, 3, 1, 2, 1, 3, 1, 2, 2, 3, 1, 3, 3, 3, 3, 2, 2, 3, 3, 1, 2, 3, 2, 2, 3, 3, 2, 3, 3, 3, 3, 2, 3, 3, 3, 3, 3, 3, 2, 3, 3, 3, 1, 1, 2, 1, 1, 3, 3, 1, 1, 1, 1, 3, 3, 3, 2, 3, 3, 1, 3, 3, 1, 3, 1, 2, 2, 3, 2, 2, 2, 1, 2, 3, 1, 2, 3, 1, 1, 1, 3, 1, 3, 1, 1, 1, 3, 2, 3, 3, 1, 3, 2, 1, 1, 1, 3, 3, 2, 3, 1, 2, 3, 2, 3, 1, 3, 1, 2, 1, 1, 3, 2]
02/23/2023 12:22:13:INFO: ---------Evaluated Metrics----------
02/23/2023 12:22:13:INFO: Accuracy: 0.4816.
02/23/2023 12:22:13:INFO: Macro Precision: 0.48414704553512405.
02/23/2023 12:22:13:INFO: Macro Recall: 0.5105217254778175.
02/23/2023 12:22:13:INFO: Macro F1 score: 0.48391377870647.
02/23/2023 12:22:13:INFO: ---------confusion_matrix----------
02/23/2023 12:22:13:INFO: 
[[ 85  41  32]
 [ 87 103 100]
 [ 21  43 113]]
02/23/2023 12:22:13:INFO: 模型效果验证详情: {'位置第一个显示标签': 114, '其他位置有情感标签': 0, '全句没有情感标签': 0}.
02/23/2023 12:22:13:INFO: ----------------------Evaluate finished.------------------------
02/23/2023 12:22:13:INFO: --------------Epoch. 12.---------------
02/23/2023 12:22:14:INFO: [Epoch. 12.]: 100%|| 15/15 [00:00<00:00, 17.24it/s, avg_loss=0.138]
02/23/2023 12:22:14:INFO: Epoch 12, average loss: 0.13821376959482828
02/23/2023 12:22:14:INFO: --------------Evaluate on Epoch. 12.---------------
02/23/2023 12:22:14:INFO: tensor([28996, 28997, 28998], device='cuda:0')
02/23/2023 12:22:17:INFO: **********Results Comparison**********
02/23/2023 12:22:17:INFO: 真实标签: 
 [2, 1, 3, 1, 2, 1, 3, 2, 3, 1, 1, 3, 1, 1, 3, 1, 2, 1, 1, 2, 2, 3, 2, 1, 2, 2, 2, 2, 3, 1, 2, 2, 2, 2, 2, 2, 2, 1, 2, 1, 1, 2, 2, 2, 3, 2, 2, 3, 2, 2, 3, 3, 3, 3, 3, 2, 2, 1, 2, 3, 1, 2, 3, 1, 1, 3, 3, 1, 2, 3, 2, 2, 2, 1, 3, 2, 1, 1, 2, 1, 3, 1, 2, 1, 1, 2, 3, 3, 1, 2, 2, 2, 3, 2, 3, 2, 1, 2, 1, 1, 1, 2, 1, 2, 3, 1, 1, 2, 2, 3, 3, 2, 3, 2, 3, 2, 2, 2, 1, 2, 2, 3, 2, 2, 3, 2, 3, 3, 2, 1, 2, 3, 1, 1, 1, 2, 3, 3, 1, 2, 1, 1, 3, 2, 2, 3, 3, 2, 2, 2, 1, 2, 2, 1, 2, 1, 1, 1, 2, 3, 2, 1, 1, 3, 2, 2, 1, 2, 3, 1, 3, 2, 3, 2, 2, 2, 2, 3, 1, 2, 2, 3, 1, 2, 3, 3, 3, 3, 2, 3, 3, 2, 1, 3, 3, 1, 2, 2, 3, 1, 1, 3, 3, 2, 2, 3, 2, 1, 3, 1, 1, 3, 1, 2, 2, 3, 2, 3, 1, 1, 2, 2, 3, 3, 1, 2, 2, 1, 2, 1, 3, 2, 1, 3, 3, 2, 1, 1, 2, 3, 2, 2, 2, 2, 1, 3, 3, 2, 3, 3, 1, 2, 3, 2, 1, 3, 2, 2, 1, 2, 2, 1, 3, 2, 2, 2, 1, 2, 2, 2, 3, 2, 3, 3, 2, 2, 2, 3, 2, 2, 3, 3, 3, 1, 2, 1, 2, 3, 2, 2, 1, 2, 3, 3, 3, 2, 1, 2, 3, 3, 1, 3, 3, 1, 2, 2, 3, 3, 1, 2, 1, 3, 2, 2, 1, 3, 2, 1, 2, 2, 3, 2, 3, 2, 3, 2, 3, 3, 1, 1, 1, 2, 2, 1, 2, 1, 3, 3, 3, 3, 1, 2, 3, 2, 2, 2, 1, 3, 2, 3, 2, 1, 2, 2, 1, 2, 2, 3, 1, 3, 2, 2, 3, 1, 2, 2, 3, 2, 3, 2, 2, 2, 2, 1, 2, 1, 2, 1, 1, 2, 2, 1, 3, 3, 2, 2, 2, 2, 3, 3, 2, 2, 1, 2, 2, 2, 2, 2, 3, 3, 1, 1, 2, 2, 2, 3, 2, 1, 2, 2, 1, 2, 2, 3, 3, 2, 3, 2, 1, 3, 1, 2, 1, 1, 3, 2, 1, 2, 1, 2, 1, 2, 2, 2, 2, 2, 2, 3, 2, 3, 3, 2, 1, 2, 3, 2, 3, 3, 2, 2, 2, 2, 3, 1, 2, 3, 1, 2, 2, 2, 2, 3, 2, 3, 2, 1, 1, 2, 3, 1, 3, 2, 1, 2, 3, 2, 2, 2, 1, 3, 1, 1, 1, 2, 3, 1, 3, 1, 3, 3, 2, 2, 3, 1, 3, 2, 1, 3, 3, 2, 2, 3, 2, 2, 2, 2, 2, 1, 2, 2, 2, 2, 2, 2, 2, 3, 2, 2, 1, 2, 3, 3, 1, 3, 3, 3, 3, 2, 2, 2, 2, 1, 3, 2, 3, 2, 2, 2, 3, 2, 3, 3, 3, 2, 3, 1, 2, 3, 3, 1, 2, 3, 2, 1, 2, 1, 2, 1, 3, 3, 3, 1, 1, 2, 2, 2, 2, 2, 2, 2, 2, 1, 3, 2, 1, 1, 2, 2, 2, 2, 3, 1, 2, 1, 2, 2, 1, 3, 1, 2, 1, 2, 2, 1, 3, 2, 1, 2, 2, 2, 2, 1, 3, 1, 2, 1, 2, 1, 2, 2, 1, 3, 2, 2, 3, 2, 3, 1, 2, 2, 1, 1, 3, 2, 3]
02/23/2023 12:22:17:INFO: 预测标签: 
 [2, 2, 3, 2, 2, 1, 2, 1, 1, 1, 1, 3, 1, 2, 3, 1, 2, 3, 3, 3, 1, 3, 2, 2, 2, 2, 2, 3, 3, 1, 1, 3, 3, 3, 2, 1, 3, 2, 1, 1, 2, 3, 2, 1, 3, 3, 1, 3, 3, 2, 2, 3, 1, 3, 3, 2, 1, 2, 3, 3, 2, 2, 1, 3, 3, 3, 2, 1, 1, 1, 3, 2, 2, 1, 3, 2, 1, 3, 2, 3, 3, 2, 3, 1, 1, 1, 2, 2, 3, 1, 1, 2, 3, 1, 2, 3, 3, 3, 1, 1, 2, 2, 2, 3, 1, 1, 1, 3, 1, 3, 3, 1, 3, 2, 3, 1, 2, 2, 2, 3, 2, 2, 3, 1, 3, 2, 3, 2, 1, 2, 2, 2, 3, 2, 1, 2, 3, 3, 1, 1, 2, 1, 3, 3, 2, 3, 3, 2, 2, 3, 3, 2, 3, 2, 3, 1, 2, 1, 2, 3, 2, 2, 1, 3, 3, 1, 1, 3, 2, 2, 3, 1, 3, 2, 3, 2, 2, 3, 3, 2, 1, 2, 1, 1, 3, 3, 3, 1, 2, 2, 2, 2, 2, 3, 2, 3, 2, 1, 3, 1, 1, 3, 3, 2, 2, 3, 1, 1, 2, 3, 1, 3, 3, 3, 3, 3, 3, 1, 2, 1, 2, 3, 3, 2, 2, 1, 3, 2, 3, 3, 3, 1, 3, 2, 3, 2, 3, 1, 1, 3, 1, 1, 2, 2, 2, 3, 2, 1, 1, 3, 1, 2, 3, 1, 3, 3, 3, 2, 3, 1, 2, 1, 2, 2, 2, 1, 1, 1, 1, 1, 3, 1, 3, 3, 1, 3, 3, 3, 3, 1, 3, 3, 3, 1, 1, 2, 3, 3, 1, 1, 1, 2, 3, 3, 3, 2, 2, 3, 3, 1, 1, 3, 2, 3, 3, 2, 2, 1, 2, 2, 2, 1, 1, 1, 1, 3, 3, 1, 3, 2, 3, 3, 2, 1, 2, 3, 3, 3, 2, 2, 3, 2, 1, 1, 2, 2, 3, 2, 2, 3, 1, 2, 1, 1, 1, 3, 1, 3, 2, 3, 2, 1, 2, 1, 1, 2, 1, 2, 3, 2, 3, 1, 3, 1, 3, 2, 3, 2, 3, 3, 2, 1, 3, 1, 3, 3, 1, 1, 1, 2, 2, 2, 3, 2, 3, 3, 3, 2, 3, 3, 1, 3, 1, 3, 2, 1, 3, 3, 2, 2, 3, 1, 3, 3, 2, 2, 3, 1, 3, 1, 2, 1, 2, 1, 3, 1, 1, 2, 2, 3, 1, 2, 2, 3, 3, 2, 2, 3, 1, 1, 1, 2, 1, 2, 1, 1, 1, 2, 1, 2, 3, 2, 2, 3, 3, 3, 3, 3, 1, 2, 3, 1, 3, 1, 2, 1, 1, 2, 2, 2, 1, 3, 2, 3, 3, 1, 1, 3, 3, 3, 3, 3, 1, 1, 2, 3, 3, 2, 2, 1, 1, 1, 2, 2, 1, 1, 3, 1, 3, 3, 3, 2, 2, 1, 3, 2, 2, 3, 3, 2, 3, 2, 3, 1, 2, 3, 1, 3, 3, 3, 2, 2, 1, 3, 1, 2, 1, 3, 1, 2, 2, 3, 1, 3, 3, 3, 3, 2, 2, 3, 3, 1, 2, 3, 2, 2, 3, 3, 2, 3, 3, 3, 3, 2, 3, 3, 3, 3, 3, 3, 2, 3, 3, 3, 1, 1, 2, 1, 1, 3, 3, 2, 1, 1, 1, 3, 3, 3, 2, 3, 3, 1, 3, 3, 3, 3, 1, 2, 2, 3, 2, 2, 2, 1, 2, 3, 1, 2, 3, 1, 1, 1, 3, 1, 3, 1, 1, 1, 3, 2, 3, 3, 1, 3, 2, 1, 1, 1, 3, 3, 2, 3, 1, 2, 3, 2, 3, 1, 3, 1, 2, 1, 1, 3, 2]
02/23/2023 12:22:17:INFO: ---------Evaluated Metrics----------
02/23/2023 12:22:17:INFO: Accuracy: 0.4768.
02/23/2023 12:22:17:INFO: Macro Precision: 0.477743152402262.
02/23/2023 12:22:17:INFO: Macro Recall: 0.5013117734917852.
02/23/2023 12:22:17:INFO: Macro F1 score: 0.4776745669812385.
02/23/2023 12:22:17:INFO: ---------confusion_matrix----------
02/23/2023 12:22:17:INFO: 
[[ 79  44  35]
 [ 85 106  99]
 [ 20  44 113]]
02/23/2023 12:22:17:INFO: 模型效果验证详情: {'位置第一个显示标签': 138, '其他位置有情感标签': 0, '全句没有情感标签': 0}.
02/23/2023 12:22:17:INFO: ----------------------Evaluate finished.------------------------
02/23/2023 12:22:17:INFO: --------------Epoch. 13.---------------
02/23/2023 12:22:18:INFO: [Epoch. 13.]: 100%|| 15/15 [00:00<00:00, 17.76it/s, avg_loss=0.128]
02/23/2023 12:22:18:INFO: Epoch 13, average loss: 0.12809234062830607
02/23/2023 12:22:18:INFO: --------------Evaluate on Epoch. 13.---------------
02/23/2023 12:22:18:INFO: tensor([28996, 28997, 28998], device='cuda:0')
02/23/2023 12:22:21:INFO: **********Results Comparison**********
02/23/2023 12:22:21:INFO: 真实标签: 
 [2, 1, 3, 1, 2, 1, 3, 2, 3, 1, 1, 3, 1, 1, 3, 1, 2, 1, 1, 2, 2, 3, 2, 1, 2, 2, 2, 2, 3, 1, 2, 2, 2, 2, 2, 2, 2, 1, 2, 1, 1, 2, 2, 2, 3, 2, 2, 3, 2, 2, 3, 3, 3, 3, 3, 2, 2, 1, 2, 3, 1, 2, 3, 1, 1, 3, 3, 1, 2, 3, 2, 2, 2, 1, 3, 2, 1, 1, 2, 1, 3, 1, 2, 1, 1, 2, 3, 3, 1, 2, 2, 2, 3, 2, 3, 2, 1, 2, 1, 1, 1, 2, 1, 2, 3, 1, 1, 2, 2, 3, 3, 2, 3, 2, 3, 2, 2, 2, 1, 2, 2, 3, 2, 2, 3, 2, 3, 3, 2, 1, 2, 3, 1, 1, 1, 2, 3, 3, 1, 2, 1, 1, 3, 2, 2, 3, 3, 2, 2, 2, 1, 2, 2, 1, 2, 1, 1, 1, 2, 3, 2, 1, 1, 3, 2, 2, 1, 2, 3, 1, 3, 2, 3, 2, 2, 2, 2, 3, 1, 2, 2, 3, 1, 2, 3, 3, 3, 3, 2, 3, 3, 2, 1, 3, 3, 1, 2, 2, 3, 1, 1, 3, 3, 2, 2, 3, 2, 1, 3, 1, 1, 3, 1, 2, 2, 3, 2, 3, 1, 1, 2, 2, 3, 3, 1, 2, 2, 1, 2, 1, 3, 2, 1, 3, 3, 2, 1, 1, 2, 3, 2, 2, 2, 2, 1, 3, 3, 2, 3, 3, 1, 2, 3, 2, 1, 3, 2, 2, 1, 2, 2, 1, 3, 2, 2, 2, 1, 2, 2, 2, 3, 2, 3, 3, 2, 2, 2, 3, 2, 2, 3, 3, 3, 1, 2, 1, 2, 3, 2, 2, 1, 2, 3, 3, 3, 2, 1, 2, 3, 3, 1, 3, 3, 1, 2, 2, 3, 3, 1, 2, 1, 3, 2, 2, 1, 3, 2, 1, 2, 2, 3, 2, 3, 2, 3, 2, 3, 3, 1, 1, 1, 2, 2, 1, 2, 1, 3, 3, 3, 3, 1, 2, 3, 2, 2, 2, 1, 3, 2, 3, 2, 1, 2, 2, 1, 2, 2, 3, 1, 3, 2, 2, 3, 1, 2, 2, 3, 2, 3, 2, 2, 2, 2, 1, 2, 1, 2, 1, 1, 2, 2, 1, 3, 3, 2, 2, 2, 2, 3, 3, 2, 2, 1, 2, 2, 2, 2, 2, 3, 3, 1, 1, 2, 2, 2, 3, 2, 1, 2, 2, 1, 2, 2, 3, 3, 2, 3, 2, 1, 3, 1, 2, 1, 1, 3, 2, 1, 2, 1, 2, 1, 2, 2, 2, 2, 2, 2, 3, 2, 3, 3, 2, 1, 2, 3, 2, 3, 3, 2, 2, 2, 2, 3, 1, 2, 3, 1, 2, 2, 2, 2, 3, 2, 3, 2, 1, 1, 2, 3, 1, 3, 2, 1, 2, 3, 2, 2, 2, 1, 3, 1, 1, 1, 2, 3, 1, 3, 1, 3, 3, 2, 2, 3, 1, 3, 2, 1, 3, 3, 2, 2, 3, 2, 2, 2, 2, 2, 1, 2, 2, 2, 2, 2, 2, 2, 3, 2, 2, 1, 2, 3, 3, 1, 3, 3, 3, 3, 2, 2, 2, 2, 1, 3, 2, 3, 2, 2, 2, 3, 2, 3, 3, 3, 2, 3, 1, 2, 3, 3, 1, 2, 3, 2, 1, 2, 1, 2, 1, 3, 3, 3, 1, 1, 2, 2, 2, 2, 2, 2, 2, 2, 1, 3, 2, 1, 1, 2, 2, 2, 2, 3, 1, 2, 1, 2, 2, 1, 3, 1, 2, 1, 2, 2, 1, 3, 2, 1, 2, 2, 2, 2, 1, 3, 1, 2, 1, 2, 1, 2, 2, 1, 3, 2, 2, 3, 2, 3, 1, 2, 2, 1, 1, 3, 2, 3]
02/23/2023 12:22:21:INFO: 预测标签: 
 [2, 2, 3, 2, 2, 1, 2, 1, 1, 1, 1, 3, 1, 2, 3, 1, 2, 1, 3, 3, 1, 3, 2, 2, 2, 2, 2, 3, 3, 2, 1, 3, 3, 3, 2, 1, 3, 2, 1, 1, 2, 3, 2, 1, 3, 3, 1, 1, 3, 2, 2, 3, 1, 3, 2, 2, 1, 2, 3, 3, 2, 2, 1, 1, 3, 3, 2, 1, 1, 1, 3, 2, 2, 1, 3, 2, 1, 3, 2, 3, 3, 2, 3, 1, 2, 1, 2, 2, 3, 1, 1, 2, 2, 1, 2, 3, 1, 3, 1, 2, 2, 2, 2, 3, 1, 1, 1, 3, 1, 3, 3, 1, 3, 2, 2, 1, 2, 2, 2, 3, 2, 2, 3, 1, 3, 2, 3, 2, 1, 2, 2, 2, 3, 2, 1, 2, 3, 3, 1, 1, 2, 1, 3, 3, 2, 3, 3, 2, 2, 3, 3, 2, 3, 2, 1, 1, 2, 1, 2, 3, 2, 2, 1, 3, 2, 1, 1, 3, 2, 2, 3, 1, 3, 2, 3, 2, 2, 3, 3, 2, 1, 2, 1, 1, 3, 3, 3, 1, 2, 2, 2, 2, 2, 3, 2, 3, 2, 1, 2, 1, 1, 3, 3, 2, 2, 3, 1, 1, 2, 3, 1, 3, 3, 3, 3, 3, 3, 1, 2, 1, 2, 3, 3, 2, 2, 1, 3, 2, 1, 3, 3, 1, 3, 2, 3, 2, 3, 1, 1, 3, 2, 1, 2, 2, 2, 3, 2, 1, 1, 3, 1, 2, 3, 1, 3, 3, 3, 2, 3, 1, 2, 1, 2, 2, 2, 1, 1, 1, 1, 1, 3, 1, 3, 3, 1, 3, 3, 3, 3, 1, 3, 3, 3, 1, 1, 2, 3, 3, 1, 1, 2, 2, 3, 3, 3, 2, 2, 3, 3, 1, 1, 3, 2, 3, 3, 2, 2, 1, 2, 2, 2, 1, 1, 1, 1, 3, 3, 1, 3, 2, 3, 3, 2, 1, 2, 3, 3, 2, 2, 2, 3, 2, 1, 1, 2, 2, 3, 2, 2, 3, 1, 2, 1, 2, 1, 3, 1, 3, 2, 3, 2, 1, 2, 1, 1, 2, 1, 2, 3, 2, 3, 1, 3, 1, 3, 2, 3, 2, 3, 3, 2, 1, 3, 1, 3, 3, 1, 1, 1, 2, 2, 2, 3, 2, 3, 3, 3, 2, 3, 3, 1, 3, 1, 3, 2, 1, 3, 3, 2, 2, 3, 1, 2, 3, 2, 2, 3, 1, 1, 1, 2, 1, 2, 1, 3, 1, 1, 2, 2, 3, 1, 2, 2, 3, 3, 2, 2, 3, 1, 1, 1, 2, 1, 2, 1, 1, 1, 2, 1, 2, 3, 2, 2, 3, 3, 3, 3, 3, 1, 2, 3, 1, 3, 1, 2, 1, 1, 2, 2, 2, 1, 3, 2, 3, 3, 1, 1, 1, 3, 3, 2, 3, 1, 1, 2, 3, 3, 2, 2, 1, 1, 1, 2, 2, 2, 1, 3, 1, 3, 3, 3, 2, 2, 1, 3, 2, 2, 3, 3, 2, 3, 2, 3, 1, 2, 3, 1, 3, 3, 3, 2, 2, 1, 3, 2, 2, 1, 3, 1, 2, 2, 3, 1, 3, 3, 3, 3, 2, 2, 3, 3, 1, 2, 3, 2, 2, 3, 3, 2, 3, 3, 2, 3, 2, 3, 3, 3, 3, 3, 3, 2, 3, 3, 3, 1, 1, 2, 1, 1, 2, 3, 2, 1, 2, 1, 3, 3, 3, 2, 3, 3, 1, 3, 3, 3, 3, 1, 2, 2, 3, 2, 2, 2, 1, 2, 3, 1, 2, 2, 1, 1, 1, 3, 1, 3, 1, 1, 1, 3, 2, 3, 3, 1, 3, 2, 1, 1, 1, 3, 3, 2, 3, 2, 2, 3, 2, 3, 1, 3, 1, 2, 1, 1, 3, 2]
02/23/2023 12:22:21:INFO: ---------Evaluated Metrics----------
02/23/2023 12:22:21:INFO: Accuracy: 0.472.
02/23/2023 12:22:21:INFO: Macro Precision: 0.4700977249324862.
02/23/2023 12:22:21:INFO: Macro Recall: 0.4902988933195564.
02/23/2023 12:22:21:INFO: Macro F1 score: 0.4733095096001975.
02/23/2023 12:22:21:INFO: ---------confusion_matrix----------
02/23/2023 12:22:21:INFO: 
[[ 78  49  31]
 [ 84 113  93]
 [ 20  53 104]]
02/23/2023 12:22:21:INFO: 模型效果验证详情: {'位置第一个显示标签': 144, '其他位置有情感标签': 0, '全句没有情感标签': 0}.
02/23/2023 12:22:21:INFO: ----------------------Evaluate finished.------------------------
02/23/2023 12:22:21:INFO: --------------Epoch. 14.---------------
02/23/2023 12:22:22:INFO: [Epoch. 14.]: 100%|| 15/15 [00:00<00:00, 17.76it/s, avg_loss=0.128]
02/23/2023 12:22:22:INFO: Epoch 14, average loss: 0.12758682668209076
02/23/2023 12:22:22:INFO: --------------Evaluate on Epoch. 14.---------------
02/23/2023 12:22:22:INFO: tensor([28996, 28997, 28998], device='cuda:0')
02/23/2023 12:22:25:INFO: **********Results Comparison**********
02/23/2023 12:22:25:INFO: 真实标签: 
 [2, 1, 3, 1, 2, 1, 3, 2, 3, 1, 1, 3, 1, 1, 3, 1, 2, 1, 1, 2, 2, 3, 2, 1, 2, 2, 2, 2, 3, 1, 2, 2, 2, 2, 2, 2, 2, 1, 2, 1, 1, 2, 2, 2, 3, 2, 2, 3, 2, 2, 3, 3, 3, 3, 3, 2, 2, 1, 2, 3, 1, 2, 3, 1, 1, 3, 3, 1, 2, 3, 2, 2, 2, 1, 3, 2, 1, 1, 2, 1, 3, 1, 2, 1, 1, 2, 3, 3, 1, 2, 2, 2, 3, 2, 3, 2, 1, 2, 1, 1, 1, 2, 1, 2, 3, 1, 1, 2, 2, 3, 3, 2, 3, 2, 3, 2, 2, 2, 1, 2, 2, 3, 2, 2, 3, 2, 3, 3, 2, 1, 2, 3, 1, 1, 1, 2, 3, 3, 1, 2, 1, 1, 3, 2, 2, 3, 3, 2, 2, 2, 1, 2, 2, 1, 2, 1, 1, 1, 2, 3, 2, 1, 1, 3, 2, 2, 1, 2, 3, 1, 3, 2, 3, 2, 2, 2, 2, 3, 1, 2, 2, 3, 1, 2, 3, 3, 3, 3, 2, 3, 3, 2, 1, 3, 3, 1, 2, 2, 3, 1, 1, 3, 3, 2, 2, 3, 2, 1, 3, 1, 1, 3, 1, 2, 2, 3, 2, 3, 1, 1, 2, 2, 3, 3, 1, 2, 2, 1, 2, 1, 3, 2, 1, 3, 3, 2, 1, 1, 2, 3, 2, 2, 2, 2, 1, 3, 3, 2, 3, 3, 1, 2, 3, 2, 1, 3, 2, 2, 1, 2, 2, 1, 3, 2, 2, 2, 1, 2, 2, 2, 3, 2, 3, 3, 2, 2, 2, 3, 2, 2, 3, 3, 3, 1, 2, 1, 2, 3, 2, 2, 1, 2, 3, 3, 3, 2, 1, 2, 3, 3, 1, 3, 3, 1, 2, 2, 3, 3, 1, 2, 1, 3, 2, 2, 1, 3, 2, 1, 2, 2, 3, 2, 3, 2, 3, 2, 3, 3, 1, 1, 1, 2, 2, 1, 2, 1, 3, 3, 3, 3, 1, 2, 3, 2, 2, 2, 1, 3, 2, 3, 2, 1, 2, 2, 1, 2, 2, 3, 1, 3, 2, 2, 3, 1, 2, 2, 3, 2, 3, 2, 2, 2, 2, 1, 2, 1, 2, 1, 1, 2, 2, 1, 3, 3, 2, 2, 2, 2, 3, 3, 2, 2, 1, 2, 2, 2, 2, 2, 3, 3, 1, 1, 2, 2, 2, 3, 2, 1, 2, 2, 1, 2, 2, 3, 3, 2, 3, 2, 1, 3, 1, 2, 1, 1, 3, 2, 1, 2, 1, 2, 1, 2, 2, 2, 2, 2, 2, 3, 2, 3, 3, 2, 1, 2, 3, 2, 3, 3, 2, 2, 2, 2, 3, 1, 2, 3, 1, 2, 2, 2, 2, 3, 2, 3, 2, 1, 1, 2, 3, 1, 3, 2, 1, 2, 3, 2, 2, 2, 1, 3, 1, 1, 1, 2, 3, 1, 3, 1, 3, 3, 2, 2, 3, 1, 3, 2, 1, 3, 3, 2, 2, 3, 2, 2, 2, 2, 2, 1, 2, 2, 2, 2, 2, 2, 2, 3, 2, 2, 1, 2, 3, 3, 1, 3, 3, 3, 3, 2, 2, 2, 2, 1, 3, 2, 3, 2, 2, 2, 3, 2, 3, 3, 3, 2, 3, 1, 2, 3, 3, 1, 2, 3, 2, 1, 2, 1, 2, 1, 3, 3, 3, 1, 1, 2, 2, 2, 2, 2, 2, 2, 2, 1, 3, 2, 1, 1, 2, 2, 2, 2, 3, 1, 2, 1, 2, 2, 1, 3, 1, 2, 1, 2, 2, 1, 3, 2, 1, 2, 2, 2, 2, 1, 3, 1, 2, 1, 2, 1, 2, 2, 1, 3, 2, 2, 3, 2, 3, 1, 2, 2, 1, 1, 3, 2, 3]
02/23/2023 12:22:25:INFO: 预测标签: 
 [2, 2, 3, 2, 2, 1, 2, 1, 1, 1, 1, 3, 1, 2, 3, 1, 2, 1, 3, 3, 1, 3, 2, 2, 2, 2, 2, 3, 3, 1, 1, 3, 3, 3, 2, 1, 3, 2, 1, 1, 2, 3, 2, 1, 3, 3, 1, 1, 3, 2, 2, 3, 1, 3, 2, 2, 1, 2, 3, 3, 2, 2, 1, 1, 3, 3, 2, 1, 1, 1, 3, 2, 2, 1, 3, 2, 1, 3, 2, 3, 3, 2, 3, 1, 1, 1, 2, 2, 3, 1, 1, 2, 2, 1, 2, 3, 1, 3, 1, 2, 2, 2, 2, 3, 1, 1, 1, 3, 1, 3, 3, 1, 3, 2, 2, 1, 2, 2, 2, 3, 2, 2, 3, 1, 3, 2, 3, 2, 1, 2, 2, 2, 3, 2, 1, 2, 3, 3, 1, 1, 2, 1, 3, 3, 2, 3, 3, 2, 2, 3, 3, 2, 3, 2, 1, 1, 2, 1, 2, 3, 2, 2, 1, 3, 2, 1, 1, 3, 2, 2, 3, 1, 3, 2, 3, 2, 2, 3, 3, 2, 1, 2, 1, 1, 3, 3, 3, 1, 2, 2, 2, 2, 2, 3, 2, 3, 2, 1, 2, 1, 1, 3, 3, 2, 2, 3, 1, 1, 2, 3, 1, 3, 3, 3, 3, 3, 3, 1, 2, 1, 2, 3, 3, 2, 2, 1, 3, 2, 1, 3, 3, 1, 3, 2, 3, 2, 3, 1, 1, 3, 2, 1, 2, 2, 2, 3, 2, 1, 1, 3, 1, 2, 3, 1, 3, 3, 3, 2, 3, 1, 2, 1, 2, 2, 2, 1, 1, 1, 1, 1, 3, 1, 3, 3, 1, 3, 3, 3, 3, 1, 3, 3, 3, 1, 1, 2, 3, 3, 1, 1, 1, 2, 3, 3, 3, 2, 2, 3, 3, 1, 1, 3, 2, 1, 3, 2, 2, 1, 2, 2, 2, 1, 1, 1, 1, 3, 3, 1, 3, 2, 3, 3, 2, 1, 2, 3, 3, 2, 2, 2, 3, 2, 1, 1, 2, 2, 3, 2, 2, 3, 1, 2, 1, 2, 1, 3, 1, 3, 2, 3, 2, 1, 2, 1, 1, 2, 1, 2, 3, 2, 3, 1, 3, 1, 3, 2, 3, 2, 3, 3, 2, 1, 3, 1, 3, 3, 1, 1, 1, 2, 2, 2, 3, 2, 3, 3, 3, 2, 3, 3, 1, 3, 1, 3, 2, 1, 3, 3, 2, 2, 3, 1, 2, 3, 2, 2, 3, 1, 1, 1, 2, 1, 2, 1, 3, 1, 1, 2, 2, 3, 1, 2, 2, 3, 3, 2, 2, 3, 1, 1, 1, 2, 1, 2, 1, 1, 1, 2, 1, 2, 3, 2, 2, 3, 3, 3, 3, 3, 1, 2, 3, 1, 3, 1, 2, 1, 1, 2, 2, 2, 1, 3, 2, 3, 3, 1, 1, 1, 3, 3, 2, 3, 1, 1, 2, 3, 3, 2, 2, 1, 1, 1, 2, 2, 2, 1, 3, 1, 3, 3, 3, 2, 2, 1, 3, 2, 2, 3, 3, 2, 3, 2, 3, 1, 2, 3, 1, 3, 3, 3, 2, 2, 1, 3, 1, 2, 1, 3, 1, 2, 2, 3, 1, 3, 3, 3, 3, 2, 2, 3, 3, 1, 2, 3, 2, 2, 3, 3, 2, 3, 3, 2, 3, 2, 3, 3, 3, 3, 3, 3, 2, 3, 3, 3, 1, 1, 2, 1, 1, 2, 3, 2, 1, 1, 1, 3, 3, 3, 2, 3, 3, 1, 3, 3, 1, 3, 1, 2, 2, 3, 2, 2, 2, 1, 2, 3, 1, 2, 2, 1, 1, 1, 3, 1, 3, 1, 1, 1, 3, 2, 3, 3, 1, 3, 2, 1, 1, 1, 3, 3, 2, 3, 2, 2, 3, 2, 3, 1, 3, 1, 2, 1, 1, 3, 2]
02/23/2023 12:22:25:INFO: ---------Evaluated Metrics----------
02/23/2023 12:22:25:INFO: Accuracy: 0.4768.
02/23/2023 12:22:25:INFO: Macro Precision: 0.4759672862917701.
02/23/2023 12:22:25:INFO: Macro Recall: 0.49854856595159475.
02/23/2023 12:22:25:INFO: Macro F1 score: 0.4795050664683462.
02/23/2023 12:22:25:INFO: ---------confusion_matrix----------
02/23/2023 12:22:25:INFO: 
[[ 83  46  29]
 [ 86 111  93]
 [ 20  53 104]]
02/23/2023 12:22:25:INFO: 模型效果验证详情: {'位置第一个显示标签': 153, '其他位置有情感标签': 0, '全句没有情感标签': 0}.
02/23/2023 12:22:25:INFO: ----------------------Evaluate finished.------------------------
02/23/2023 12:22:25:INFO: --------------Epoch. 15.---------------
02/23/2023 12:22:25:INFO: [Epoch. 15.]: 100%|| 15/15 [00:00<00:00, 17.58it/s, avg_loss=0.123]
02/23/2023 12:22:25:INFO: Epoch 15, average loss: 0.12271504625678062
02/23/2023 12:22:25:INFO: --------------Evaluate on Epoch. 15.---------------
02/23/2023 12:22:26:INFO: tensor([28996, 28997, 28998], device='cuda:0')
02/23/2023 12:22:29:INFO: **********Results Comparison**********
02/23/2023 12:22:29:INFO: 真实标签: 
 [2, 1, 3, 1, 2, 1, 3, 2, 3, 1, 1, 3, 1, 1, 3, 1, 2, 1, 1, 2, 2, 3, 2, 1, 2, 2, 2, 2, 3, 1, 2, 2, 2, 2, 2, 2, 2, 1, 2, 1, 1, 2, 2, 2, 3, 2, 2, 3, 2, 2, 3, 3, 3, 3, 3, 2, 2, 1, 2, 3, 1, 2, 3, 1, 1, 3, 3, 1, 2, 3, 2, 2, 2, 1, 3, 2, 1, 1, 2, 1, 3, 1, 2, 1, 1, 2, 3, 3, 1, 2, 2, 2, 3, 2, 3, 2, 1, 2, 1, 1, 1, 2, 1, 2, 3, 1, 1, 2, 2, 3, 3, 2, 3, 2, 3, 2, 2, 2, 1, 2, 2, 3, 2, 2, 3, 2, 3, 3, 2, 1, 2, 3, 1, 1, 1, 2, 3, 3, 1, 2, 1, 1, 3, 2, 2, 3, 3, 2, 2, 2, 1, 2, 2, 1, 2, 1, 1, 1, 2, 3, 2, 1, 1, 3, 2, 2, 1, 2, 3, 1, 3, 2, 3, 2, 2, 2, 2, 3, 1, 2, 2, 3, 1, 2, 3, 3, 3, 3, 2, 3, 3, 2, 1, 3, 3, 1, 2, 2, 3, 1, 1, 3, 3, 2, 2, 3, 2, 1, 3, 1, 1, 3, 1, 2, 2, 3, 2, 3, 1, 1, 2, 2, 3, 3, 1, 2, 2, 1, 2, 1, 3, 2, 1, 3, 3, 2, 1, 1, 2, 3, 2, 2, 2, 2, 1, 3, 3, 2, 3, 3, 1, 2, 3, 2, 1, 3, 2, 2, 1, 2, 2, 1, 3, 2, 2, 2, 1, 2, 2, 2, 3, 2, 3, 3, 2, 2, 2, 3, 2, 2, 3, 3, 3, 1, 2, 1, 2, 3, 2, 2, 1, 2, 3, 3, 3, 2, 1, 2, 3, 3, 1, 3, 3, 1, 2, 2, 3, 3, 1, 2, 1, 3, 2, 2, 1, 3, 2, 1, 2, 2, 3, 2, 3, 2, 3, 2, 3, 3, 1, 1, 1, 2, 2, 1, 2, 1, 3, 3, 3, 3, 1, 2, 3, 2, 2, 2, 1, 3, 2, 3, 2, 1, 2, 2, 1, 2, 2, 3, 1, 3, 2, 2, 3, 1, 2, 2, 3, 2, 3, 2, 2, 2, 2, 1, 2, 1, 2, 1, 1, 2, 2, 1, 3, 3, 2, 2, 2, 2, 3, 3, 2, 2, 1, 2, 2, 2, 2, 2, 3, 3, 1, 1, 2, 2, 2, 3, 2, 1, 2, 2, 1, 2, 2, 3, 3, 2, 3, 2, 1, 3, 1, 2, 1, 1, 3, 2, 1, 2, 1, 2, 1, 2, 2, 2, 2, 2, 2, 3, 2, 3, 3, 2, 1, 2, 3, 2, 3, 3, 2, 2, 2, 2, 3, 1, 2, 3, 1, 2, 2, 2, 2, 3, 2, 3, 2, 1, 1, 2, 3, 1, 3, 2, 1, 2, 3, 2, 2, 2, 1, 3, 1, 1, 1, 2, 3, 1, 3, 1, 3, 3, 2, 2, 3, 1, 3, 2, 1, 3, 3, 2, 2, 3, 2, 2, 2, 2, 2, 1, 2, 2, 2, 2, 2, 2, 2, 3, 2, 2, 1, 2, 3, 3, 1, 3, 3, 3, 3, 2, 2, 2, 2, 1, 3, 2, 3, 2, 2, 2, 3, 2, 3, 3, 3, 2, 3, 1, 2, 3, 3, 1, 2, 3, 2, 1, 2, 1, 2, 1, 3, 3, 3, 1, 1, 2, 2, 2, 2, 2, 2, 2, 2, 1, 3, 2, 1, 1, 2, 2, 2, 2, 3, 1, 2, 1, 2, 2, 1, 3, 1, 2, 1, 2, 2, 1, 3, 2, 1, 2, 2, 2, 2, 1, 3, 1, 2, 1, 2, 1, 2, 2, 1, 3, 2, 2, 3, 2, 3, 1, 2, 2, 1, 1, 3, 2, 3]
02/23/2023 12:22:29:INFO: 预测标签: 
 [2, 2, 3, 2, 2, 1, 2, 1, 1, 1, 1, 3, 1, 2, 3, 1, 2, 1, 3, 3, 1, 3, 2, 2, 2, 2, 2, 3, 3, 1, 1, 3, 3, 3, 2, 1, 3, 2, 1, 1, 2, 3, 2, 1, 3, 3, 1, 1, 3, 2, 2, 3, 1, 3, 2, 2, 1, 2, 3, 3, 2, 2, 1, 1, 3, 3, 2, 1, 1, 1, 3, 2, 2, 1, 3, 2, 1, 3, 2, 3, 3, 2, 3, 1, 1, 1, 2, 2, 3, 1, 1, 2, 1, 1, 2, 3, 1, 3, 1, 1, 2, 2, 2, 3, 1, 1, 1, 3, 1, 3, 3, 1, 3, 2, 3, 1, 2, 2, 2, 3, 2, 2, 3, 1, 3, 2, 3, 2, 1, 2, 2, 2, 3, 2, 1, 2, 3, 3, 1, 1, 2, 1, 3, 3, 2, 3, 3, 2, 2, 3, 3, 2, 3, 2, 1, 1, 2, 1, 2, 3, 2, 2, 1, 3, 3, 1, 1, 3, 2, 2, 3, 1, 3, 2, 3, 2, 2, 3, 3, 2, 1, 2, 1, 1, 3, 3, 3, 1, 2, 2, 2, 2, 2, 3, 2, 3, 2, 1, 2, 1, 1, 3, 3, 2, 2, 3, 1, 1, 2, 3, 1, 3, 3, 3, 3, 3, 3, 1, 2, 1, 2, 3, 3, 2, 2, 1, 3, 2, 1, 3, 3, 1, 3, 2, 3, 2, 3, 1, 1, 3, 1, 1, 2, 2, 2, 3, 2, 1, 1, 3, 1, 2, 3, 1, 3, 3, 3, 2, 3, 1, 2, 1, 2, 2, 2, 1, 1, 1, 1, 1, 3, 1, 3, 3, 1, 3, 3, 3, 3, 1, 3, 3, 3, 1, 1, 2, 3, 3, 1, 1, 1, 2, 3, 3, 3, 2, 2, 3, 3, 1, 1, 3, 2, 1, 3, 2, 2, 1, 2, 2, 2, 1, 1, 1, 1, 3, 3, 1, 3, 2, 3, 3, 2, 1, 2, 3, 3, 2, 2, 2, 3, 2, 1, 1, 2, 2, 3, 2, 2, 3, 1, 2, 1, 1, 1, 3, 1, 3, 2, 3, 2, 1, 2, 1, 1, 2, 1, 2, 3, 2, 3, 1, 3, 1, 3, 2, 3, 2, 3, 3, 2, 1, 3, 1, 3, 3, 1, 1, 1, 2, 2, 2, 3, 2, 3, 3, 3, 2, 3, 3, 1, 3, 1, 3, 2, 1, 3, 3, 2, 2, 3, 1, 2, 3, 2, 2, 3, 1, 1, 1, 2, 1, 2, 1, 3, 1, 1, 2, 2, 3, 1, 2, 2, 3, 3, 2, 2, 3, 1, 1, 1, 2, 1, 2, 1, 1, 1, 2, 1, 2, 3, 2, 2, 3, 3, 3, 3, 3, 1, 2, 3, 1, 3, 1, 2, 1, 1, 2, 2, 2, 1, 3, 2, 3, 3, 1, 1, 1, 3, 3, 1, 3, 1, 1, 2, 3, 3, 2, 2, 1, 1, 1, 2, 2, 2, 1, 3, 1, 3, 3, 3, 2, 2, 1, 3, 2, 2, 3, 3, 2, 3, 2, 3, 1, 2, 3, 1, 3, 3, 3, 2, 2, 1, 3, 1, 2, 1, 3, 1, 2, 2, 3, 1, 3, 3, 3, 3, 2, 2, 3, 3, 1, 2, 3, 2, 2, 3, 3, 2, 3, 3, 3, 3, 2, 3, 3, 3, 3, 3, 3, 2, 3, 3, 3, 1, 1, 2, 1, 1, 2, 3, 2, 1, 1, 1, 3, 3, 3, 2, 3, 3, 1, 3, 3, 3, 3, 1, 2, 2, 3, 2, 2, 2, 1, 2, 3, 1, 2, 3, 1, 1, 1, 3, 1, 3, 1, 1, 1, 3, 2, 3, 3, 1, 3, 2, 1, 1, 1, 3, 3, 2, 3, 1, 2, 3, 2, 3, 1, 3, 1, 2, 1, 1, 3, 2]
02/23/2023 12:22:29:INFO: ---------Evaluated Metrics----------
02/23/2023 12:22:29:INFO: Accuracy: 0.4736.
02/23/2023 12:22:29:INFO: Macro Precision: 0.47390317014028355.
02/23/2023 12:22:29:INFO: Macro Recall: 0.49771734314491906.
02/23/2023 12:22:29:INFO: Macro F1 score: 0.47597781536857164.
02/23/2023 12:22:29:INFO: ---------confusion_matrix----------
02/23/2023 12:22:29:INFO: 
[[ 83  44  31]
 [ 89 107  94]
 [ 22  49 106]]
02/23/2023 12:22:29:INFO: 模型效果验证详情: {'位置第一个显示标签': 163, '其他位置有情感标签': 0, '全句没有情感标签': 0}.
02/23/2023 12:22:29:INFO: ----------------------Evaluate finished.------------------------
02/23/2023 12:22:29:INFO: --------------Epoch. 16.---------------
02/23/2023 12:22:29:INFO: [Epoch. 16.]: 100%|| 15/15 [00:00<00:00, 17.60it/s, avg_loss=0.11]
02/23/2023 12:22:29:INFO: Epoch 16, average loss: 0.11010171696543694
02/23/2023 12:22:29:INFO: --------------Evaluate on Epoch. 16.---------------
02/23/2023 12:22:29:INFO: tensor([28996, 28997, 28998], device='cuda:0')
02/23/2023 12:22:33:INFO: **********Results Comparison**********
02/23/2023 12:22:33:INFO: 真实标签: 
 [2, 1, 3, 1, 2, 1, 3, 2, 3, 1, 1, 3, 1, 1, 3, 1, 2, 1, 1, 2, 2, 3, 2, 1, 2, 2, 2, 2, 3, 1, 2, 2, 2, 2, 2, 2, 2, 1, 2, 1, 1, 2, 2, 2, 3, 2, 2, 3, 2, 2, 3, 3, 3, 3, 3, 2, 2, 1, 2, 3, 1, 2, 3, 1, 1, 3, 3, 1, 2, 3, 2, 2, 2, 1, 3, 2, 1, 1, 2, 1, 3, 1, 2, 1, 1, 2, 3, 3, 1, 2, 2, 2, 3, 2, 3, 2, 1, 2, 1, 1, 1, 2, 1, 2, 3, 1, 1, 2, 2, 3, 3, 2, 3, 2, 3, 2, 2, 2, 1, 2, 2, 3, 2, 2, 3, 2, 3, 3, 2, 1, 2, 3, 1, 1, 1, 2, 3, 3, 1, 2, 1, 1, 3, 2, 2, 3, 3, 2, 2, 2, 1, 2, 2, 1, 2, 1, 1, 1, 2, 3, 2, 1, 1, 3, 2, 2, 1, 2, 3, 1, 3, 2, 3, 2, 2, 2, 2, 3, 1, 2, 2, 3, 1, 2, 3, 3, 3, 3, 2, 3, 3, 2, 1, 3, 3, 1, 2, 2, 3, 1, 1, 3, 3, 2, 2, 3, 2, 1, 3, 1, 1, 3, 1, 2, 2, 3, 2, 3, 1, 1, 2, 2, 3, 3, 1, 2, 2, 1, 2, 1, 3, 2, 1, 3, 3, 2, 1, 1, 2, 3, 2, 2, 2, 2, 1, 3, 3, 2, 3, 3, 1, 2, 3, 2, 1, 3, 2, 2, 1, 2, 2, 1, 3, 2, 2, 2, 1, 2, 2, 2, 3, 2, 3, 3, 2, 2, 2, 3, 2, 2, 3, 3, 3, 1, 2, 1, 2, 3, 2, 2, 1, 2, 3, 3, 3, 2, 1, 2, 3, 3, 1, 3, 3, 1, 2, 2, 3, 3, 1, 2, 1, 3, 2, 2, 1, 3, 2, 1, 2, 2, 3, 2, 3, 2, 3, 2, 3, 3, 1, 1, 1, 2, 2, 1, 2, 1, 3, 3, 3, 3, 1, 2, 3, 2, 2, 2, 1, 3, 2, 3, 2, 1, 2, 2, 1, 2, 2, 3, 1, 3, 2, 2, 3, 1, 2, 2, 3, 2, 3, 2, 2, 2, 2, 1, 2, 1, 2, 1, 1, 2, 2, 1, 3, 3, 2, 2, 2, 2, 3, 3, 2, 2, 1, 2, 2, 2, 2, 2, 3, 3, 1, 1, 2, 2, 2, 3, 2, 1, 2, 2, 1, 2, 2, 3, 3, 2, 3, 2, 1, 3, 1, 2, 1, 1, 3, 2, 1, 2, 1, 2, 1, 2, 2, 2, 2, 2, 2, 3, 2, 3, 3, 2, 1, 2, 3, 2, 3, 3, 2, 2, 2, 2, 3, 1, 2, 3, 1, 2, 2, 2, 2, 3, 2, 3, 2, 1, 1, 2, 3, 1, 3, 2, 1, 2, 3, 2, 2, 2, 1, 3, 1, 1, 1, 2, 3, 1, 3, 1, 3, 3, 2, 2, 3, 1, 3, 2, 1, 3, 3, 2, 2, 3, 2, 2, 2, 2, 2, 1, 2, 2, 2, 2, 2, 2, 2, 3, 2, 2, 1, 2, 3, 3, 1, 3, 3, 3, 3, 2, 2, 2, 2, 1, 3, 2, 3, 2, 2, 2, 3, 2, 3, 3, 3, 2, 3, 1, 2, 3, 3, 1, 2, 3, 2, 1, 2, 1, 2, 1, 3, 3, 3, 1, 1, 2, 2, 2, 2, 2, 2, 2, 2, 1, 3, 2, 1, 1, 2, 2, 2, 2, 3, 1, 2, 1, 2, 2, 1, 3, 1, 2, 1, 2, 2, 1, 3, 2, 1, 2, 2, 2, 2, 1, 3, 1, 2, 1, 2, 1, 2, 2, 1, 3, 2, 2, 3, 2, 3, 1, 2, 2, 1, 1, 3, 2, 3]
02/23/2023 12:22:33:INFO: 预测标签: 
 [2, 2, 3, 2, 2, 1, 2, 1, 1, 1, 1, 3, 1, 2, 3, 1, 2, 1, 3, 3, 1, 3, 2, 2, 2, 2, 2, 3, 3, 1, 1, 3, 3, 3, 2, 1, 3, 2, 1, 1, 2, 3, 2, 1, 3, 3, 1, 1, 3, 2, 2, 3, 1, 3, 2, 2, 1, 2, 3, 3, 2, 2, 1, 1, 3, 3, 2, 1, 1, 1, 3, 2, 2, 1, 3, 2, 1, 3, 2, 3, 3, 2, 3, 1, 1, 1, 2, 2, 3, 1, 1, 2, 1, 1, 2, 3, 1, 3, 1, 1, 2, 2, 2, 3, 1, 1, 1, 3, 1, 3, 3, 1, 3, 2, 3, 1, 2, 2, 2, 3, 2, 2, 3, 1, 3, 2, 3, 2, 1, 2, 2, 2, 3, 2, 1, 2, 3, 3, 1, 1, 2, 1, 3, 3, 2, 3, 3, 2, 2, 3, 3, 2, 3, 2, 1, 1, 2, 1, 2, 3, 2, 2, 1, 3, 3, 1, 1, 3, 2, 2, 3, 1, 3, 2, 3, 2, 2, 3, 3, 2, 1, 2, 1, 1, 3, 3, 3, 1, 2, 2, 2, 2, 2, 3, 2, 3, 2, 1, 2, 1, 1, 3, 3, 2, 2, 3, 1, 1, 2, 3, 1, 3, 3, 3, 3, 3, 3, 1, 2, 1, 2, 3, 3, 2, 2, 1, 3, 2, 1, 3, 3, 1, 3, 2, 3, 2, 3, 1, 1, 3, 1, 1, 2, 2, 2, 3, 2, 1, 1, 3, 1, 2, 3, 1, 3, 3, 3, 2, 3, 1, 2, 1, 2, 2, 2, 1, 1, 1, 1, 1, 3, 1, 3, 3, 1, 3, 3, 3, 3, 1, 3, 3, 3, 1, 1, 2, 3, 3, 1, 1, 1, 2, 3, 3, 3, 2, 2, 3, 3, 1, 1, 3, 2, 1, 3, 2, 2, 1, 2, 2, 2, 1, 1, 1, 1, 3, 3, 1, 3, 2, 3, 3, 2, 1, 2, 3, 3, 2, 2, 2, 3, 2, 1, 1, 2, 2, 3, 2, 2, 3, 1, 2, 1, 1, 1, 3, 1, 3, 2, 3, 2, 1, 2, 1, 1, 2, 1, 2, 3, 2, 3, 1, 3, 1, 3, 2, 3, 2, 3, 3, 2, 1, 3, 1, 3, 3, 1, 1, 1, 2, 2, 2, 3, 2, 3, 3, 3, 2, 3, 3, 1, 3, 1, 3, 2, 1, 3, 3, 2, 2, 3, 1, 2, 3, 2, 2, 3, 1, 1, 1, 2, 1, 2, 1, 3, 1, 1, 2, 2, 3, 1, 2, 2, 3, 3, 2, 2, 3, 1, 1, 1, 2, 1, 2, 1, 1, 1, 2, 1, 2, 3, 2, 2, 3, 3, 3, 3, 3, 1, 2, 3, 1, 3, 1, 2, 1, 1, 2, 2, 2, 1, 3, 2, 3, 3, 1, 1, 1, 3, 3, 1, 3, 1, 1, 2, 3, 3, 2, 2, 1, 1, 1, 2, 2, 2, 1, 3, 1, 3, 3, 3, 2, 2, 1, 3, 2, 2, 3, 3, 2, 3, 2, 3, 1, 2, 3, 1, 3, 3, 3, 2, 2, 1, 3, 1, 2, 1, 3, 1, 2, 2, 3, 1, 3, 3, 3, 3, 2, 2, 3, 3, 1, 2, 3, 2, 2, 3, 3, 2, 3, 3, 3, 3, 2, 3, 3, 3, 3, 3, 3, 2, 3, 3, 3, 1, 1, 2, 1, 1, 3, 3, 2, 1, 1, 1, 3, 3, 3, 2, 3, 3, 1, 3, 3, 3, 3, 1, 2, 2, 3, 2, 2, 2, 1, 2, 3, 1, 2, 3, 1, 1, 1, 3, 1, 3, 1, 1, 1, 3, 2, 3, 3, 1, 3, 2, 1, 1, 1, 3, 3, 2, 3, 1, 2, 3, 2, 3, 1, 3, 1, 2, 1, 1, 3, 2]
02/23/2023 12:22:33:INFO: ---------Evaluated Metrics----------
02/23/2023 12:22:33:INFO: Accuracy: 0.4752.
02/23/2023 12:22:33:INFO: Macro Precision: 0.47557679676972375.
02/23/2023 12:22:33:INFO: Macro Recall: 0.49960058231629373.
02/23/2023 12:22:33:INFO: Macro F1 score: 0.4774820349383102.
02/23/2023 12:22:33:INFO: ---------confusion_matrix----------
02/23/2023 12:22:33:INFO: 
[[ 83  44  31]
 [ 89 107  94]
 [ 22  48 107]]
02/23/2023 12:22:33:INFO: 模型效果验证详情: {'位置第一个显示标签': 174, '其他位置有情感标签': 0, '全句没有情感标签': 0}.
02/23/2023 12:22:33:INFO: ----------------------Evaluate finished.------------------------
02/23/2023 12:22:33:INFO: --------------Epoch. 17.---------------
02/23/2023 12:22:33:INFO: [Epoch. 17.]: 100%|| 15/15 [00:00<00:00, 17.66it/s, avg_loss=0.111]
02/23/2023 12:22:33:INFO: Epoch 17, average loss: 0.11066533078749975
02/23/2023 12:22:33:INFO: --------------Evaluate on Epoch. 17.---------------
02/23/2023 12:22:33:INFO: tensor([28996, 28997, 28998], device='cuda:0')
02/23/2023 12:22:36:INFO: **********Results Comparison**********
02/23/2023 12:22:36:INFO: 真实标签: 
 [2, 1, 3, 1, 2, 1, 3, 2, 3, 1, 1, 3, 1, 1, 3, 1, 2, 1, 1, 2, 2, 3, 2, 1, 2, 2, 2, 2, 3, 1, 2, 2, 2, 2, 2, 2, 2, 1, 2, 1, 1, 2, 2, 2, 3, 2, 2, 3, 2, 2, 3, 3, 3, 3, 3, 2, 2, 1, 2, 3, 1, 2, 3, 1, 1, 3, 3, 1, 2, 3, 2, 2, 2, 1, 3, 2, 1, 1, 2, 1, 3, 1, 2, 1, 1, 2, 3, 3, 1, 2, 2, 2, 3, 2, 3, 2, 1, 2, 1, 1, 1, 2, 1, 2, 3, 1, 1, 2, 2, 3, 3, 2, 3, 2, 3, 2, 2, 2, 1, 2, 2, 3, 2, 2, 3, 2, 3, 3, 2, 1, 2, 3, 1, 1, 1, 2, 3, 3, 1, 2, 1, 1, 3, 2, 2, 3, 3, 2, 2, 2, 1, 2, 2, 1, 2, 1, 1, 1, 2, 3, 2, 1, 1, 3, 2, 2, 1, 2, 3, 1, 3, 2, 3, 2, 2, 2, 2, 3, 1, 2, 2, 3, 1, 2, 3, 3, 3, 3, 2, 3, 3, 2, 1, 3, 3, 1, 2, 2, 3, 1, 1, 3, 3, 2, 2, 3, 2, 1, 3, 1, 1, 3, 1, 2, 2, 3, 2, 3, 1, 1, 2, 2, 3, 3, 1, 2, 2, 1, 2, 1, 3, 2, 1, 3, 3, 2, 1, 1, 2, 3, 2, 2, 2, 2, 1, 3, 3, 2, 3, 3, 1, 2, 3, 2, 1, 3, 2, 2, 1, 2, 2, 1, 3, 2, 2, 2, 1, 2, 2, 2, 3, 2, 3, 3, 2, 2, 2, 3, 2, 2, 3, 3, 3, 1, 2, 1, 2, 3, 2, 2, 1, 2, 3, 3, 3, 2, 1, 2, 3, 3, 1, 3, 3, 1, 2, 2, 3, 3, 1, 2, 1, 3, 2, 2, 1, 3, 2, 1, 2, 2, 3, 2, 3, 2, 3, 2, 3, 3, 1, 1, 1, 2, 2, 1, 2, 1, 3, 3, 3, 3, 1, 2, 3, 2, 2, 2, 1, 3, 2, 3, 2, 1, 2, 2, 1, 2, 2, 3, 1, 3, 2, 2, 3, 1, 2, 2, 3, 2, 3, 2, 2, 2, 2, 1, 2, 1, 2, 1, 1, 2, 2, 1, 3, 3, 2, 2, 2, 2, 3, 3, 2, 2, 1, 2, 2, 2, 2, 2, 3, 3, 1, 1, 2, 2, 2, 3, 2, 1, 2, 2, 1, 2, 2, 3, 3, 2, 3, 2, 1, 3, 1, 2, 1, 1, 3, 2, 1, 2, 1, 2, 1, 2, 2, 2, 2, 2, 2, 3, 2, 3, 3, 2, 1, 2, 3, 2, 3, 3, 2, 2, 2, 2, 3, 1, 2, 3, 1, 2, 2, 2, 2, 3, 2, 3, 2, 1, 1, 2, 3, 1, 3, 2, 1, 2, 3, 2, 2, 2, 1, 3, 1, 1, 1, 2, 3, 1, 3, 1, 3, 3, 2, 2, 3, 1, 3, 2, 1, 3, 3, 2, 2, 3, 2, 2, 2, 2, 2, 1, 2, 2, 2, 2, 2, 2, 2, 3, 2, 2, 1, 2, 3, 3, 1, 3, 3, 3, 3, 2, 2, 2, 2, 1, 3, 2, 3, 2, 2, 2, 3, 2, 3, 3, 3, 2, 3, 1, 2, 3, 3, 1, 2, 3, 2, 1, 2, 1, 2, 1, 3, 3, 3, 1, 1, 2, 2, 2, 2, 2, 2, 2, 2, 1, 3, 2, 1, 1, 2, 2, 2, 2, 3, 1, 2, 1, 2, 2, 1, 3, 1, 2, 1, 2, 2, 1, 3, 2, 1, 2, 2, 2, 2, 1, 3, 1, 2, 1, 2, 1, 2, 2, 1, 3, 2, 2, 3, 2, 3, 1, 2, 2, 1, 1, 3, 2, 3]
02/23/2023 12:22:36:INFO: 预测标签: 
 [2, 2, 3, 2, 2, 1, 2, 1, 1, 1, 1, 3, 1, 2, 3, 1, 2, 1, 3, 3, 1, 3, 2, 2, 2, 2, 2, 3, 3, 1, 1, 3, 3, 3, 2, 1, 3, 2, 1, 1, 2, 3, 2, 1, 3, 3, 1, 1, 3, 2, 2, 3, 1, 3, 2, 2, 1, 2, 3, 3, 2, 2, 1, 1, 3, 3, 2, 1, 1, 1, 3, 2, 2, 1, 3, 2, 1, 3, 2, 3, 3, 2, 3, 1, 1, 1, 2, 2, 3, 1, 1, 2, 1, 1, 2, 3, 1, 3, 1, 1, 2, 2, 2, 3, 1, 1, 1, 3, 1, 3, 3, 1, 3, 2, 2, 1, 2, 2, 2, 3, 2, 2, 3, 1, 3, 2, 3, 2, 1, 2, 2, 2, 3, 2, 1, 2, 3, 3, 1, 1, 2, 1, 3, 3, 2, 3, 3, 2, 2, 3, 3, 2, 3, 2, 1, 1, 2, 1, 2, 3, 2, 2, 1, 3, 2, 1, 1, 3, 2, 2, 3, 1, 3, 2, 3, 2, 2, 3, 3, 2, 1, 2, 1, 1, 3, 3, 3, 1, 2, 2, 2, 2, 2, 3, 2, 3, 2, 1, 2, 1, 1, 3, 3, 2, 2, 3, 1, 1, 2, 3, 1, 3, 3, 3, 3, 3, 3, 1, 2, 1, 2, 3, 3, 2, 2, 1, 3, 2, 1, 3, 3, 1, 3, 2, 3, 2, 3, 1, 1, 3, 1, 1, 2, 2, 2, 3, 2, 1, 1, 3, 1, 2, 3, 1, 3, 3, 3, 2, 3, 1, 2, 1, 2, 2, 2, 1, 1, 1, 1, 1, 3, 1, 3, 3, 1, 3, 3, 3, 3, 1, 3, 3, 3, 1, 1, 2, 3, 3, 1, 1, 1, 2, 3, 3, 3, 2, 2, 3, 3, 1, 1, 3, 2, 1, 3, 2, 2, 1, 2, 2, 2, 1, 1, 1, 1, 3, 3, 1, 3, 2, 3, 3, 2, 1, 2, 3, 3, 2, 2, 2, 3, 2, 1, 1, 2, 2, 3, 2, 2, 3, 1, 2, 1, 2, 1, 3, 1, 3, 2, 3, 2, 1, 2, 1, 1, 2, 1, 2, 3, 2, 3, 1, 3, 1, 3, 2, 3, 2, 3, 3, 2, 1, 3, 1, 3, 3, 1, 1, 1, 2, 2, 2, 3, 2, 3, 3, 3, 2, 3, 3, 1, 3, 1, 3, 2, 1, 3, 3, 2, 2, 3, 1, 2, 3, 2, 2, 3, 1, 1, 1, 2, 1, 2, 1, 3, 1, 1, 2, 2, 3, 1, 2, 2, 3, 3, 2, 2, 3, 1, 1, 1, 2, 1, 2, 1, 1, 1, 2, 1, 2, 3, 2, 2, 3, 3, 3, 3, 3, 1, 2, 3, 1, 3, 1, 2, 1, 1, 2, 2, 2, 1, 3, 2, 3, 3, 1, 1, 1, 3, 3, 1, 3, 1, 1, 2, 3, 3, 2, 2, 1, 1, 1, 2, 2, 2, 1, 3, 1, 3, 3, 3, 2, 2, 1, 3, 2, 2, 3, 3, 2, 3, 2, 3, 1, 2, 3, 1, 3, 3, 3, 2, 2, 1, 3, 1, 2, 1, 3, 1, 2, 2, 3, 1, 3, 3, 3, 3, 2, 2, 3, 3, 1, 2, 3, 2, 2, 3, 3, 2, 3, 3, 3, 3, 2, 3, 3, 3, 3, 3, 3, 2, 3, 3, 3, 1, 1, 2, 1, 1, 2, 3, 2, 1, 1, 1, 3, 3, 3, 2, 3, 3, 1, 3, 3, 3, 3, 1, 2, 2, 3, 2, 2, 2, 1, 2, 3, 1, 2, 3, 1, 1, 1, 3, 1, 3, 1, 1, 1, 3, 2, 3, 3, 1, 3, 2, 1, 1, 1, 3, 3, 2, 3, 1, 2, 3, 2, 3, 1, 3, 1, 2, 1, 1, 3, 2]
02/23/2023 12:22:36:INFO: ---------Evaluated Metrics----------
02/23/2023 12:22:36:INFO: Accuracy: 0.4752.
02/23/2023 12:22:36:INFO: Macro Precision: 0.47517097004072634.
02/23/2023 12:22:36:INFO: Macro Recall: 0.4981329545482569.
02/23/2023 12:22:36:INFO: Macro F1 score: 0.47745550720533814.
02/23/2023 12:22:36:INFO: ---------confusion_matrix----------
02/23/2023 12:22:36:INFO: 
[[ 83  44  31]
 [ 88 109  93]
 [ 22  50 105]]
02/23/2023 12:22:36:INFO: 模型效果验证详情: {'位置第一个显示标签': 176, '其他位置有情感标签': 0, '全句没有情感标签': 0}.
02/23/2023 12:22:36:INFO: ----------------------Evaluate finished.------------------------
02/23/2023 12:22:36:INFO: Based on [12.th Epoch] best_accuracy: 0.4816.
02/23/2023 12:22:36:INFO: latest 5 epochs not seen performance increased, early stop.
02/23/2023 12:22:36:INFO: ********** Best Results on Dev Dataset **********
02/23/2023 12:22:36:INFO: Best Accuracy: 0.4816.
02/23/2023 12:22:36:INFO: Best Macro Precision: 0.48414704553512405.
02/23/2023 12:22:36:INFO: Best Macro Recall: 0.5105217254778175.
02/23/2023 12:22:36:INFO: Best Macro F1 score: 0.48391377870647.
02/23/2023 12:22:36:INFO: ***** Training Over *****
02/23/2023 12:22:36:INFO: --------------Testing ...---------------
02/23/2023 12:22:36:INFO: tensor([28996, 28997, 28998], device='cuda:0')
02/23/2023 12:22:40:INFO: **********Results Comparison**********
02/23/2023 12:22:40:INFO: 真实标签: 
 [3, 1, 2, 2, 3, 1, 2, 2, 3, 1, 2, 2, 3, 1, 2, 2, 3, 1, 2, 2, 3, 1, 2, 2, 3, 1, 2, 2, 3, 1, 2, 2, 3, 1, 2, 2, 3, 1, 2, 2, 3, 1, 2, 2, 3, 1, 2, 2, 3, 1, 2, 2, 3, 1, 2, 2, 3, 1, 2, 2, 3, 1, 2, 2, 3, 1, 2, 2, 3, 1, 2, 2, 3, 1, 2, 2, 3, 1, 2, 2, 3, 1, 2, 2, 3, 1, 2, 2, 3, 1, 2, 2, 3, 1, 2, 2, 3, 1, 2, 2, 3, 1, 2, 2, 3, 1, 2, 2, 3, 1, 2, 2, 3, 1, 2, 2, 3, 1, 2, 2, 3, 1, 2, 2, 3, 1, 2, 2, 3, 1, 2, 2, 3, 1, 2, 2, 3, 1, 2, 2, 3, 1, 2, 2, 3, 1, 2, 2, 3, 1, 2, 2, 3, 1, 2, 2, 3, 1, 2, 2, 3, 1, 2, 2, 3, 1, 2, 2, 3, 1, 2, 2, 3, 1, 2, 2, 3, 1, 2, 2, 3, 1, 2, 2, 3, 1, 2, 2, 3, 1, 2, 2, 3, 1, 2, 2, 3, 1, 2, 2, 3, 1, 2, 2, 3, 1, 2, 2, 3, 1, 2, 2, 3, 1, 2, 2, 3, 1, 2, 2, 3, 1, 2, 2, 3, 1, 2, 2, 3, 1, 2, 2, 3, 1, 2, 2, 3, 1, 2, 2, 3, 1, 2, 2, 3, 1, 2, 2, 3, 1, 2, 2, 3, 1, 2, 2, 3, 1, 2, 2, 3, 1, 2, 2, 3, 1, 2, 2, 3, 1, 2, 2, 3, 1, 2, 2, 3, 1, 2, 2, 3, 1, 2, 2, 3, 1, 2, 2, 3, 1, 2, 2, 3, 1, 2, 2, 3, 1, 2, 2, 3, 1, 2, 2, 3, 1, 2, 2, 3, 1, 2, 2, 3, 1, 2, 2, 3, 1, 2, 2, 3, 1, 2, 2, 3, 1, 2, 2, 3, 1, 2, 2, 3, 1, 2, 2, 3, 1, 2, 2, 3, 1, 2, 2, 3, 1, 2, 2, 3, 1, 2, 2, 3, 1, 2, 2, 3, 1, 2, 2, 3, 1, 2, 2, 3, 1, 2, 2, 3, 1, 2, 2, 3, 1, 2, 2, 3, 1, 2, 2, 3, 1, 2, 2, 3, 1, 2, 2, 3, 1, 2, 2, 3, 1, 2, 2, 3, 1, 2, 2, 3, 1, 2, 2, 3, 1, 2, 2, 3, 1, 2, 2, 3, 1, 2, 2, 3, 1, 2, 2, 3, 1, 2, 2, 3, 1, 2, 2, 3, 1, 2, 2, 3, 1, 2, 2, 3, 1, 2, 2, 3, 1, 2, 2, 3, 1, 2, 2, 3, 1, 2, 2, 3, 1, 2, 2, 3, 1, 2, 2, 3, 1, 2, 2, 3, 1, 2, 2, 3, 1, 2, 2, 3, 1, 2, 2, 3, 1, 2, 2, 3, 1, 2, 2, 3, 1, 2, 2, 3, 1, 2, 2, 3, 1, 2, 2, 3, 1, 2, 2, 3, 1, 2, 2, 3, 1, 2, 2, 3, 1, 2, 2, 3, 1, 2, 2, 3, 1, 2, 2, 3, 1, 2, 2, 3, 1, 2, 2, 3, 1, 2, 2, 3, 1, 2, 2, 3, 1, 2, 2, 3, 1, 2, 2, 3, 1, 2, 2, 3, 1, 2, 2, 3, 1, 2, 2, 3, 1, 2, 2, 3, 1, 2, 2, 3, 1, 2, 2, 3, 1, 2, 2, 3, 1, 2, 2, 3, 1, 2, 2, 3, 1, 2, 2, 3, 1, 2, 2, 3, 1, 2, 2, 3, 1, 2, 2, 3, 1, 2, 2, 3, 1, 2, 2, 3, 1, 2, 2, 3, 1, 2, 2, 3, 1, 2, 2, 3, 1, 2, 2, 3, 1, 2, 2, 3, 1, 2, 2, 3, 1, 2, 2, 3, 1, 2, 2, 3, 1, 2, 2, 3, 1, 2, 2, 3, 1, 2, 2, 3, 1, 2, 2, 3, 1, 2, 2, 3, 1, 2, 2, 3, 1, 2, 2, 3, 1, 2, 2, 3, 1, 2, 2, 3, 1, 2, 2, 3, 1, 2, 2, 3, 1, 2, 2, 3, 1, 2, 2, 3, 1, 2, 2]
02/23/2023 12:22:40:INFO: 预测标签: 
 [2, 2, 1, 1, 2, 2, 2, 2, 2, 1, 3, 1, 2, 2, 2, 2, 3, 1, 3, 2, 2, 1, 1, 3, 2, 3, 1, 1, 3, 1, 1, 3, 2, 2, 3, 2, 3, 3, 2, 2, 3, 3, 3, 2, 2, 1, 2, 1, 3, 3, 3, 2, 3, 1, 1, 3, 1, 1, 2, 2, 3, 1, 1, 1, 2, 2, 1, 2, 3, 2, 2, 2, 3, 2, 3, 2, 1, 1, 2, 2, 3, 2, 1, 2, 3, 1, 1, 1, 2, 1, 1, 2, 3, 1, 3, 2, 3, 1, 2, 3, 2, 2, 3, 1, 3, 1, 2, 3, 3, 3, 3, 2, 3, 1, 3, 3, 3, 1, 2, 2, 3, 2, 2, 2, 3, 1, 2, 1, 2, 1, 2, 3, 2, 3, 1, 2, 2, 1, 3, 2, 3, 1, 3, 1, 3, 3, 1, 2, 2, 1, 1, 2, 3, 3, 2, 1, 3, 1, 2, 3, 3, 3, 2, 3, 1, 2, 2, 3, 3, 3, 3, 2, 3, 3, 2, 1, 2, 1, 2, 2, 1, 2, 1, 1, 3, 1, 2, 2, 3, 1, 2, 1, 3, 1, 3, 2, 2, 3, 2, 1, 3, 2, 3, 1, 2, 2, 1, 3, 3, 1, 2, 2, 3, 1, 3, 2, 1, 1, 2, 2, 3, 2, 3, 2, 1, 1, 2, 1, 3, 2, 2, 1, 3, 2, 3, 2, 2, 1, 1, 1, 3, 1, 1, 2, 3, 3, 2, 3, 3, 2, 2, 3, 1, 3, 2, 2, 2, 1, 2, 3, 3, 1, 3, 2, 3, 2, 1, 3, 3, 3, 1, 1, 3, 3, 1, 1, 1, 2, 1, 2, 3, 3, 2, 2, 1, 1, 1, 2, 3, 1, 1, 1, 2, 2, 2, 3, 3, 3, 2, 3, 3, 3, 3, 1, 3, 2, 1, 2, 3, 3, 2, 3, 2, 1, 1, 2, 3, 1, 2, 2, 3, 2, 3, 3, 2, 1, 2, 2, 3, 1, 1, 1, 3, 1, 1, 2, 3, 3, 3, 1, 3, 1, 3, 3, 3, 2, 2, 3, 1, 1, 3, 2, 3, 2, 3, 2, 3, 1, 2, 2, 3, 2, 2, 2, 3, 3, 3, 2, 3, 1, 1, 2, 3, 2, 2, 3, 1, 3, 3, 2, 3, 1, 1, 3, 3, 3, 1, 2, 3, 1, 3, 2, 3, 2, 2, 1, 3, 1, 3, 2, 1, 2, 3, 1, 2, 3, 1, 3, 3, 3, 2, 2, 3, 1, 2, 1, 3, 1, 3, 1, 3, 1, 2, 2, 3, 3, 1, 1, 2, 2, 1, 1, 3, 3, 2, 1, 3, 2, 3, 3, 2, 2, 3, 2, 3, 1, 2, 3, 1, 3, 2, 1, 1, 3, 2, 1, 3, 3, 1, 3, 2, 2, 2, 1, 1, 1, 2, 1, 1, 1, 2, 3, 3, 2, 1, 2, 2, 1, 2, 2, 3, 2, 3, 2, 3, 3, 3, 2, 3, 3, 3, 1, 1, 1, 2, 2, 3, 3, 3, 2, 3, 2, 2, 2, 2, 1, 1, 3, 3, 1, 2, 3, 3, 2, 2, 3, 3, 1, 2, 3, 3, 1, 2, 3, 1, 3, 2, 3, 1, 2, 3, 3, 3, 1, 3, 3, 2, 3, 3, 1, 3, 2, 1, 2, 3, 2, 3, 2, 3, 2, 2, 3, 3, 2, 2, 2, 2, 3, 3, 3, 3, 1, 2, 2, 3, 3, 1, 2, 3, 2, 2, 2, 3, 3, 2, 3, 3, 1, 1, 3, 1, 1, 2, 2, 2, 1, 3, 1, 1, 1, 3, 1, 3, 3, 1, 2, 3, 1, 1, 3, 3, 3, 2, 2, 3, 2, 2, 1, 1, 2, 2, 3, 3, 1, 2, 1, 3, 2, 1, 2, 3, 2, 2, 3, 1, 2, 3, 1, 1, 1, 2, 2, 3, 1, 2, 2, 3, 1, 3, 1, 3, 1, 2, 3, 2, 3, 3, 3, 3, 1, 2, 2, 2, 1, 2, 2, 3, 1, 1, 3, 3, 1, 1, 1, 3, 1, 2, 1, 3, 1, 2, 1, 2, 2, 2, 2, 3, 1, 2, 2, 3, 1, 1, 2, 3, 1, 3, 3, 3, 2, 2, 3]
02/23/2023 12:22:40:INFO: ---------Evaluated Metrics----------
02/23/2023 12:22:40:INFO: Accuracy: 0.5115606936416185.
02/23/2023 12:22:40:INFO: Macro Precision: 0.5057618675885655.
02/23/2023 12:22:40:INFO: Macro Recall: 0.5289017341040463.
02/23/2023 12:22:40:INFO: Macro F1 score: 0.5048260097755515.
02/23/2023 12:22:40:INFO: ---------confusion_matrix----------
02/23/2023 12:22:40:INFO: 
[[ 81  50  42]
 [ 91 159  96]
 [ 24  35 114]]
02/23/2023 12:22:40:INFO: 模型效果验证详情: {'位置第一个显示标签': 200, '其他位置有情感标签': 0, '全句没有情感标签': 0}.
02/23/2023 12:22:40:INFO: ----------------------Testing finished.------------------------
02/23/2023 12:22:40:INFO: bengio.
