02/23/2023 12:49:45:INFO: start.
02/23/2023 12:49:45:INFO: --------hyper-arguments for this training.--------
02/23/2023 12:49:45:INFO: Namespace(answer_strategy='inter_logits_core_token', batch_size=2, dataset='ACLShortData', eval_pre_epochs=1, few_shot=10, learning_rate=1e-05, log_file=None, model_type='WT2ABSA_Mean', patience=5, pre_trained_model='pretrainedmodels/bert-base-cased', save_best_model=False, seed=985, total_epochs=20)
02/23/2023 12:49:45:INFO: ----------dataset files------------
02/23/2023 12:49:45:INFO: {'train': '../WordTrans2ABSA/dataset/ACLShortData/train.json', 'dev': '../WordTrans2ABSA/dataset/ACLShortData/dev.json', 'test': '../WordTrans2ABSA/dataset/ACLShortData/test.json'}
02/23/2023 12:49:49:WARNING: Using custom data configuration default-101c1e487c2bc74b
02/23/2023 12:49:49:WARNING: Reusing dataset json (C:\Users\Super-IdoI\.cache\huggingface\datasets\json\default-101c1e487c2bc74b\0.0.0\45636811569ec4a6630521c18235dfbbab83b7ab572e3393c5ba68ccabe98264)
02/23/2023 12:49:49:INFO: -----------------------------------
02/23/2023 12:49:49:INFO: {'I-POS': ['good', 'clever', 'excellent', 'effectual', 'beautiful', 'nice', 'useful', 'well', 'fantastic'], 'I-NEU': ['Michael', 'John', 'David', 'Thomas', 'Martin', 'Paul'], 'I-NEG': ['bad', 'terrible', 'awful', 'badly', 'terrible', 'poor', 'unfortunate', 'harmful', 'dirty', 'sorry']}
02/23/2023 12:49:49:INFO: -----------------------------------
02/23/2023 12:49:49:INFO: {'O': 0, 'I-POS': 1, 'I-NEU': 2, 'I-NEG': 3}
02/23/2023 12:49:49:INFO: {0: 'O', 1: 'I-POS', 2: 'I-NEU', 3: 'I-NEG'}
02/23/2023 12:49:52:INFO: -----------------------------------
02/23/2023 12:49:52:INFO: {'I-POS': 28996, 'I-NEU': 28997, 'I-NEG': 28998}
02/23/2023 12:49:52:INFO: {28996: 'I-POS', 28997: 'I-NEU', 28998: 'I-NEG'}
02/23/2023 12:49:52:INFO: start preprocess dataset.
02/23/2023 12:49:52:WARNING: Loading cached processed dataset at C:\Users\Super-IdoI\.cache\huggingface\datasets\json\default-101c1e487c2bc74b\0.0.0\45636811569ec4a6630521c18235dfbbab83b7ab572e3393c5ba68ccabe98264\cache-bad4239101e704a4.arrow
02/23/2023 12:49:52:WARNING: Loading cached processed dataset at C:\Users\Super-IdoI\.cache\huggingface\datasets\json\default-101c1e487c2bc74b\0.0.0\45636811569ec4a6630521c18235dfbbab83b7ab572e3393c5ba68ccabe98264\cache-d519f9d021c257e2.arrow
02/23/2023 12:49:52:INFO: dataset preprocess finished.
02/23/2023 12:49:52:WARNING: Loading cached processed dataset at C:\Users\Super-IdoI\.cache\huggingface\datasets\json\default-101c1e487c2bc74b\0.0.0\45636811569ec4a6630521c18235dfbbab83b7ab572e3393c5ba68ccabe98264\cache-5fc1a43a1c37b9dd.arrow
02/23/2023 12:49:52:INFO: Train: 30, Dev: 625, Test: 692.
02/23/2023 12:49:52:INFO: dataloader prepare finished.
02/23/2023 12:49:52:INFO: ***** Start Training *****
02/23/2023 12:49:52:INFO: Total Epochs: 20
02/23/2023 12:49:52:INFO: validate on per-1 epochs.
02/23/2023 12:49:52:INFO: Training Samples Count: 30.
02/23/2023 12:49:52:INFO: Batch Size: 2, 每轮 15 Batch.
02/23/2023 12:49:52:INFO: Learning Rate: 1e-05
02/23/2023 12:49:52:INFO: --------------Epoch. 1.---------------
02/23/2023 12:49:53:INFO: [Epoch. 1.]: 100%|| 15/15 [00:01<00:00, 14.21it/s, avg_loss=1.72]
02/23/2023 12:49:53:INFO: Epoch 1, average loss: 1.7173173666000365
02/23/2023 12:49:53:INFO: --------------Evaluate on Epoch. 1.---------------
02/23/2023 12:49:53:INFO: tensor([28996, 28997, 28998], device='cuda:0')
02/23/2023 12:49:56:INFO: **********Results Comparison**********
02/23/2023 12:49:56:INFO: 真实标签: 
 [2, 1, 3, 1, 2, 1, 3, 2, 3, 1, 1, 3, 1, 1, 3, 1, 2, 1, 1, 2, 2, 3, 2, 1, 2, 2, 2, 2, 3, 1, 2, 2, 2, 2, 2, 2, 2, 1, 2, 1, 1, 2, 2, 2, 3, 2, 2, 3, 2, 2, 3, 3, 3, 3, 3, 2, 2, 1, 2, 3, 1, 2, 3, 1, 1, 3, 3, 1, 2, 3, 2, 2, 2, 1, 3, 2, 1, 1, 2, 1, 3, 1, 2, 1, 1, 2, 3, 3, 1, 2, 2, 2, 3, 2, 3, 2, 1, 2, 1, 1, 1, 2, 1, 2, 3, 1, 1, 2, 2, 3, 3, 2, 3, 2, 3, 2, 2, 2, 1, 2, 2, 3, 2, 2, 3, 2, 3, 3, 2, 1, 2, 3, 1, 1, 1, 2, 3, 3, 1, 2, 1, 1, 3, 2, 2, 3, 3, 2, 2, 2, 1, 2, 2, 1, 2, 1, 1, 1, 2, 3, 2, 1, 1, 3, 2, 2, 1, 2, 3, 1, 3, 2, 3, 2, 2, 2, 2, 3, 1, 2, 2, 3, 1, 2, 3, 3, 3, 3, 2, 3, 3, 2, 1, 3, 3, 1, 2, 2, 3, 1, 1, 3, 3, 2, 2, 3, 2, 1, 3, 1, 1, 3, 1, 2, 2, 3, 2, 3, 1, 1, 2, 2, 3, 3, 1, 2, 2, 1, 2, 1, 3, 2, 1, 3, 3, 2, 1, 1, 2, 3, 2, 2, 2, 2, 1, 3, 3, 2, 3, 3, 1, 2, 3, 2, 1, 3, 2, 2, 1, 2, 2, 1, 3, 2, 2, 2, 1, 2, 2, 2, 3, 2, 3, 3, 2, 2, 2, 3, 2, 2, 3, 3, 3, 1, 2, 1, 2, 3, 2, 2, 1, 2, 3, 3, 3, 2, 1, 2, 3, 3, 1, 3, 3, 1, 2, 2, 3, 3, 1, 2, 1, 3, 2, 2, 1, 3, 2, 1, 2, 2, 3, 2, 3, 2, 3, 2, 3, 3, 1, 1, 1, 2, 2, 1, 2, 1, 3, 3, 3, 3, 1, 2, 3, 2, 2, 2, 1, 3, 2, 3, 2, 1, 2, 2, 1, 2, 2, 3, 1, 3, 2, 2, 3, 1, 2, 2, 3, 2, 3, 2, 2, 2, 2, 1, 2, 1, 2, 1, 1, 2, 2, 1, 3, 3, 2, 2, 2, 2, 3, 3, 2, 2, 1, 2, 2, 2, 2, 2, 3, 3, 1, 1, 2, 2, 2, 3, 2, 1, 2, 2, 1, 2, 2, 3, 3, 2, 3, 2, 1, 3, 1, 2, 1, 1, 3, 2, 1, 2, 1, 2, 1, 2, 2, 2, 2, 2, 2, 3, 2, 3, 3, 2, 1, 2, 3, 2, 3, 3, 2, 2, 2, 2, 3, 1, 2, 3, 1, 2, 2, 2, 2, 3, 2, 3, 2, 1, 1, 2, 3, 1, 3, 2, 1, 2, 3, 2, 2, 2, 1, 3, 1, 1, 1, 2, 3, 1, 3, 1, 3, 3, 2, 2, 3, 1, 3, 2, 1, 3, 3, 2, 2, 3, 2, 2, 2, 2, 2, 1, 2, 2, 2, 2, 2, 2, 2, 3, 2, 2, 1, 2, 3, 3, 1, 3, 3, 3, 3, 2, 2, 2, 2, 1, 3, 2, 3, 2, 2, 2, 3, 2, 3, 3, 3, 2, 3, 1, 2, 3, 3, 1, 2, 3, 2, 1, 2, 1, 2, 1, 3, 3, 3, 1, 1, 2, 2, 2, 2, 2, 2, 2, 2, 1, 3, 2, 1, 1, 2, 2, 2, 2, 3, 1, 2, 1, 2, 2, 1, 3, 1, 2, 1, 2, 2, 1, 3, 2, 1, 2, 2, 2, 2, 1, 3, 1, 2, 1, 2, 1, 2, 2, 1, 3, 2, 2, 3, 2, 3, 1, 2, 2, 1, 1, 3, 2, 3]
02/23/2023 12:49:56:INFO: 预测标签: 
 [1, 3, 1, 3, 1, 1, 2, 1, 1, 1, 1, 1, 1, 1, 3, 1, 1, 1, 1, 3, 1, 1, 1, 2, 1, 2, 1, 1, 3, 1, 1, 1, 1, 1, 2, 1, 3, 2, 1, 1, 2, 1, 2, 3, 1, 3, 1, 1, 3, 2, 1, 1, 2, 1, 1, 2, 1, 1, 3, 1, 1, 2, 1, 1, 1, 3, 2, 1, 1, 1, 1, 1, 1, 1, 1, 2, 1, 3, 2, 3, 3, 1, 1, 1, 1, 2, 3, 2, 3, 1, 1, 3, 2, 1, 2, 1, 1, 1, 1, 1, 2, 1, 3, 1, 1, 1, 1, 3, 1, 3, 1, 3, 2, 2, 2, 1, 1, 1, 2, 3, 2, 2, 1, 1, 3, 2, 3, 2, 1, 2, 1, 2, 2, 2, 1, 3, 1, 1, 1, 1, 2, 1, 3, 1, 2, 3, 1, 2, 2, 1, 3, 3, 3, 2, 1, 1, 1, 1, 1, 3, 2, 2, 1, 2, 1, 1, 1, 1, 2, 2, 3, 1, 1, 2, 3, 2, 2, 1, 2, 2, 1, 1, 1, 1, 1, 1, 3, 1, 2, 3, 2, 1, 1, 1, 2, 1, 1, 1, 2, 1, 1, 3, 1, 2, 2, 2, 1, 1, 1, 1, 1, 1, 2, 1, 1, 1, 3, 1, 2, 1, 3, 1, 3, 2, 2, 1, 3, 2, 1, 3, 3, 2, 1, 2, 3, 2, 1, 1, 1, 2, 2, 1, 1, 1, 2, 1, 2, 1, 1, 2, 2, 2, 1, 1, 1, 1, 1, 2, 3, 1, 2, 1, 2, 2, 1, 1, 1, 1, 1, 3, 1, 1, 1, 3, 3, 1, 1, 2, 1, 1, 3, 3, 3, 1, 1, 1, 3, 3, 1, 1, 1, 2, 1, 1, 3, 2, 2, 3, 3, 1, 1, 3, 1, 1, 1, 1, 2, 1, 2, 3, 2, 1, 3, 1, 1, 3, 3, 1, 3, 2, 1, 1, 2, 1, 2, 3, 1, 2, 2, 1, 1, 2, 3, 1, 2, 3, 3, 2, 2, 1, 1, 2, 1, 1, 1, 3, 1, 1, 2, 1, 2, 1, 3, 1, 1, 2, 1, 2, 3, 2, 3, 1, 1, 1, 3, 2, 3, 2, 1, 1, 2, 2, 1, 1, 1, 1, 1, 1, 1, 2, 1, 2, 3, 2, 1, 3, 1, 2, 2, 3, 1, 1, 1, 1, 2, 1, 1, 1, 2, 2, 2, 1, 1, 1, 2, 2, 1, 1, 1, 1, 1, 1, 2, 1, 3, 1, 2, 2, 2, 2, 1, 2, 2, 3, 3, 2, 1, 1, 1, 1, 1, 1, 1, 1, 1, 1, 1, 2, 1, 2, 3, 2, 1, 3, 3, 1, 1, 1, 1, 1, 1, 1, 1, 1, 2, 1, 1, 1, 2, 2, 1, 3, 2, 2, 1, 1, 1, 3, 3, 2, 1, 3, 1, 1, 2, 3, 3, 1, 1, 1, 1, 1, 1, 2, 1, 1, 1, 1, 1, 3, 3, 2, 2, 1, 3, 2, 1, 3, 1, 2, 3, 2, 3, 1, 2, 1, 1, 1, 3, 1, 1, 2, 1, 1, 1, 2, 1, 1, 1, 2, 2, 1, 2, 1, 1, 3, 1, 1, 2, 1, 3, 1, 2, 1, 2, 2, 3, 3, 2, 3, 1, 1, 1, 1, 1, 1, 1, 3, 3, 2, 2, 1, 3, 1, 1, 1, 1, 1, 1, 1, 3, 1, 1, 1, 1, 3, 3, 3, 2, 3, 1, 1, 2, 3, 1, 1, 1, 2, 2, 3, 1, 1, 2, 1, 1, 1, 1, 3, 2, 1, 1, 1, 3, 1, 3, 1, 1, 1, 3, 2, 1, 3, 1, 1, 2, 1, 1, 1, 1, 1, 2, 3, 3, 1, 1, 2, 1, 1, 3, 1, 2, 1, 1, 3, 1]
02/23/2023 12:49:56:INFO: ---------Evaluated Metrics----------
02/23/2023 12:49:56:INFO: Accuracy: 0.3712.
02/23/2023 12:49:56:INFO: Macro Precision: 0.39525529122132097.
02/23/2023 12:49:56:INFO: Macro Recall: 0.40870720686284906.
02/23/2023 12:49:56:INFO: Macro F1 score: 0.3621428001851708.
02/23/2023 12:49:56:INFO: ---------confusion_matrix----------
02/23/2023 12:49:56:INFO: 
[[112  33  13]
 [160  73  57]
 [ 79  51  47]]
02/23/2023 12:49:56:INFO: 模型效果验证详情: {'位置第一个显示标签': 0, '其他位置有情感标签': 0, '全句没有情感标签': 0}.
02/23/2023 12:49:56:INFO: ----------------------Evaluate finished.------------------------
02/23/2023 12:49:56:INFO: --------------Epoch. 2.---------------
02/23/2023 12:49:57:INFO: [Epoch. 2.]: 100%|| 15/15 [00:00<00:00, 16.92it/s, avg_loss=1.09]
02/23/2023 12:49:57:INFO: Epoch 2, average loss: 1.0868670105934144
02/23/2023 12:49:57:INFO: --------------Evaluate on Epoch. 2.---------------
02/23/2023 12:49:57:INFO: tensor([28996, 28997, 28998], device='cuda:0')
02/23/2023 12:50:00:INFO: **********Results Comparison**********
02/23/2023 12:50:00:INFO: 真实标签: 
 [2, 1, 3, 1, 2, 1, 3, 2, 3, 1, 1, 3, 1, 1, 3, 1, 2, 1, 1, 2, 2, 3, 2, 1, 2, 2, 2, 2, 3, 1, 2, 2, 2, 2, 2, 2, 2, 1, 2, 1, 1, 2, 2, 2, 3, 2, 2, 3, 2, 2, 3, 3, 3, 3, 3, 2, 2, 1, 2, 3, 1, 2, 3, 1, 1, 3, 3, 1, 2, 3, 2, 2, 2, 1, 3, 2, 1, 1, 2, 1, 3, 1, 2, 1, 1, 2, 3, 3, 1, 2, 2, 2, 3, 2, 3, 2, 1, 2, 1, 1, 1, 2, 1, 2, 3, 1, 1, 2, 2, 3, 3, 2, 3, 2, 3, 2, 2, 2, 1, 2, 2, 3, 2, 2, 3, 2, 3, 3, 2, 1, 2, 3, 1, 1, 1, 2, 3, 3, 1, 2, 1, 1, 3, 2, 2, 3, 3, 2, 2, 2, 1, 2, 2, 1, 2, 1, 1, 1, 2, 3, 2, 1, 1, 3, 2, 2, 1, 2, 3, 1, 3, 2, 3, 2, 2, 2, 2, 3, 1, 2, 2, 3, 1, 2, 3, 3, 3, 3, 2, 3, 3, 2, 1, 3, 3, 1, 2, 2, 3, 1, 1, 3, 3, 2, 2, 3, 2, 1, 3, 1, 1, 3, 1, 2, 2, 3, 2, 3, 1, 1, 2, 2, 3, 3, 1, 2, 2, 1, 2, 1, 3, 2, 1, 3, 3, 2, 1, 1, 2, 3, 2, 2, 2, 2, 1, 3, 3, 2, 3, 3, 1, 2, 3, 2, 1, 3, 2, 2, 1, 2, 2, 1, 3, 2, 2, 2, 1, 2, 2, 2, 3, 2, 3, 3, 2, 2, 2, 3, 2, 2, 3, 3, 3, 1, 2, 1, 2, 3, 2, 2, 1, 2, 3, 3, 3, 2, 1, 2, 3, 3, 1, 3, 3, 1, 2, 2, 3, 3, 1, 2, 1, 3, 2, 2, 1, 3, 2, 1, 2, 2, 3, 2, 3, 2, 3, 2, 3, 3, 1, 1, 1, 2, 2, 1, 2, 1, 3, 3, 3, 3, 1, 2, 3, 2, 2, 2, 1, 3, 2, 3, 2, 1, 2, 2, 1, 2, 2, 3, 1, 3, 2, 2, 3, 1, 2, 2, 3, 2, 3, 2, 2, 2, 2, 1, 2, 1, 2, 1, 1, 2, 2, 1, 3, 3, 2, 2, 2, 2, 3, 3, 2, 2, 1, 2, 2, 2, 2, 2, 3, 3, 1, 1, 2, 2, 2, 3, 2, 1, 2, 2, 1, 2, 2, 3, 3, 2, 3, 2, 1, 3, 1, 2, 1, 1, 3, 2, 1, 2, 1, 2, 1, 2, 2, 2, 2, 2, 2, 3, 2, 3, 3, 2, 1, 2, 3, 2, 3, 3, 2, 2, 2, 2, 3, 1, 2, 3, 1, 2, 2, 2, 2, 3, 2, 3, 2, 1, 1, 2, 3, 1, 3, 2, 1, 2, 3, 2, 2, 2, 1, 3, 1, 1, 1, 2, 3, 1, 3, 1, 3, 3, 2, 2, 3, 1, 3, 2, 1, 3, 3, 2, 2, 3, 2, 2, 2, 2, 2, 1, 2, 2, 2, 2, 2, 2, 2, 3, 2, 2, 1, 2, 3, 3, 1, 3, 3, 3, 3, 2, 2, 2, 2, 1, 3, 2, 3, 2, 2, 2, 3, 2, 3, 3, 3, 2, 3, 1, 2, 3, 3, 1, 2, 3, 2, 1, 2, 1, 2, 1, 3, 3, 3, 1, 1, 2, 2, 2, 2, 2, 2, 2, 2, 1, 3, 2, 1, 1, 2, 2, 2, 2, 3, 1, 2, 1, 2, 2, 1, 3, 1, 2, 1, 2, 2, 1, 3, 2, 1, 2, 2, 2, 2, 1, 3, 1, 2, 1, 2, 1, 2, 2, 1, 3, 2, 2, 3, 2, 3, 1, 2, 2, 1, 1, 3, 2, 3]
02/23/2023 12:50:00:INFO: 预测标签: 
 [1, 3, 1, 3, 1, 1, 3, 1, 1, 1, 1, 3, 1, 1, 3, 1, 1, 1, 3, 3, 1, 3, 1, 1, 3, 2, 2, 3, 3, 1, 1, 3, 3, 3, 2, 1, 3, 2, 3, 1, 2, 1, 2, 3, 1, 3, 1, 1, 3, 2, 1, 3, 1, 1, 1, 2, 1, 1, 3, 3, 1, 2, 3, 1, 1, 3, 2, 1, 1, 1, 3, 1, 3, 1, 1, 2, 1, 3, 2, 3, 3, 1, 3, 1, 1, 1, 3, 3, 3, 1, 1, 3, 1, 1, 2, 1, 1, 3, 1, 1, 2, 1, 3, 3, 1, 1, 1, 3, 1, 3, 3, 3, 3, 2, 2, 1, 1, 1, 2, 3, 2, 2, 3, 1, 3, 2, 3, 2, 1, 2, 3, 2, 2, 2, 1, 3, 3, 3, 1, 1, 2, 1, 3, 1, 2, 3, 1, 2, 2, 3, 3, 3, 3, 2, 3, 1, 1, 1, 1, 3, 2, 2, 1, 2, 3, 1, 1, 3, 3, 2, 3, 1, 1, 2, 3, 2, 2, 1, 2, 2, 1, 1, 1, 1, 3, 3, 3, 1, 1, 3, 2, 1, 1, 1, 2, 1, 2, 1, 2, 1, 1, 3, 1, 2, 2, 3, 1, 1, 1, 1, 1, 1, 3, 1, 1, 3, 3, 1, 2, 1, 3, 1, 3, 2, 2, 1, 3, 2, 1, 3, 3, 1, 3, 3, 3, 2, 1, 1, 1, 3, 2, 3, 1, 1, 2, 3, 2, 1, 1, 3, 1, 2, 3, 1, 1, 3, 1, 2, 3, 3, 2, 1, 2, 2, 1, 1, 1, 1, 1, 3, 3, 1, 1, 3, 3, 3, 3, 3, 1, 1, 3, 3, 3, 1, 1, 1, 3, 3, 1, 1, 1, 3, 1, 3, 3, 2, 2, 3, 3, 1, 1, 3, 1, 1, 1, 1, 2, 1, 2, 3, 2, 1, 1, 1, 1, 3, 3, 1, 3, 2, 1, 3, 1, 1, 2, 3, 1, 3, 2, 1, 1, 2, 3, 1, 2, 3, 3, 2, 2, 1, 1, 2, 1, 1, 1, 3, 1, 3, 2, 3, 2, 1, 3, 1, 1, 2, 1, 2, 3, 2, 3, 1, 1, 1, 3, 2, 3, 2, 1, 1, 2, 1, 3, 1, 1, 1, 1, 3, 1, 2, 1, 2, 3, 2, 3, 3, 1, 2, 3, 3, 1, 1, 1, 1, 2, 1, 1, 1, 2, 2, 1, 1, 3, 1, 2, 2, 3, 1, 1, 1, 1, 1, 2, 1, 3, 1, 2, 2, 2, 3, 1, 2, 2, 3, 3, 2, 1, 3, 1, 1, 1, 1, 1, 1, 1, 1, 1, 2, 1, 2, 3, 2, 1, 3, 3, 3, 3, 3, 1, 3, 1, 1, 1, 1, 2, 1, 1, 1, 2, 1, 1, 3, 2, 3, 1, 1, 1, 3, 3, 2, 1, 3, 3, 1, 2, 3, 3, 1, 1, 1, 1, 1, 1, 1, 1, 1, 3, 1, 1, 3, 3, 2, 2, 1, 3, 2, 1, 3, 3, 2, 3, 2, 3, 1, 2, 1, 1, 1, 3, 1, 1, 1, 1, 1, 1, 2, 1, 1, 1, 1, 2, 1, 1, 3, 1, 3, 3, 1, 2, 3, 3, 1, 2, 1, 2, 2, 3, 3, 2, 3, 3, 1, 3, 1, 1, 3, 1, 3, 3, 3, 2, 1, 3, 3, 1, 1, 3, 1, 1, 1, 3, 1, 1, 3, 1, 3, 3, 3, 2, 3, 3, 1, 3, 3, 1, 1, 1, 1, 3, 3, 2, 1, 2, 1, 1, 1, 1, 3, 2, 1, 1, 1, 3, 1, 3, 1, 1, 1, 3, 2, 1, 3, 1, 1, 2, 1, 1, 1, 1, 3, 2, 3, 3, 1, 3, 1, 1, 1, 3, 1, 2, 1, 1, 3, 1]
02/23/2023 12:50:00:INFO: ---------Evaluated Metrics----------
02/23/2023 12:50:00:INFO: Accuracy: 0.4176.
02/23/2023 12:50:00:INFO: Macro Precision: 0.43656797395408686.
02/23/2023 12:50:00:INFO: Macro Recall: 0.4702063507329508.
02/23/2023 12:50:00:INFO: Macro F1 score: 0.41687445369218407.
02/23/2023 12:50:00:INFO: ---------confusion_matrix----------
02/23/2023 12:50:00:INFO: 
[[110  27  21]
 [135  63  92]
 [ 54  35  88]]
02/23/2023 12:50:00:INFO: 模型效果验证详情: {'位置第一个显示标签': 0, '其他位置有情感标签': 0, '全句没有情感标签': 0}.
02/23/2023 12:50:00:INFO: ----------------------Evaluate finished.------------------------
02/23/2023 12:50:00:INFO: --------------Epoch. 3.---------------
02/23/2023 12:50:01:INFO: [Epoch. 3.]: 100%|| 15/15 [00:00<00:00, 17.40it/s, avg_loss=0.735]
02/23/2023 12:50:01:INFO: Epoch 3, average loss: 0.7348707497119904
02/23/2023 12:50:01:INFO: --------------Evaluate on Epoch. 3.---------------
02/23/2023 12:50:01:INFO: tensor([28996, 28997, 28998], device='cuda:0')
02/23/2023 12:50:04:INFO: **********Results Comparison**********
02/23/2023 12:50:04:INFO: 真实标签: 
 [2, 1, 3, 1, 2, 1, 3, 2, 3, 1, 1, 3, 1, 1, 3, 1, 2, 1, 1, 2, 2, 3, 2, 1, 2, 2, 2, 2, 3, 1, 2, 2, 2, 2, 2, 2, 2, 1, 2, 1, 1, 2, 2, 2, 3, 2, 2, 3, 2, 2, 3, 3, 3, 3, 3, 2, 2, 1, 2, 3, 1, 2, 3, 1, 1, 3, 3, 1, 2, 3, 2, 2, 2, 1, 3, 2, 1, 1, 2, 1, 3, 1, 2, 1, 1, 2, 3, 3, 1, 2, 2, 2, 3, 2, 3, 2, 1, 2, 1, 1, 1, 2, 1, 2, 3, 1, 1, 2, 2, 3, 3, 2, 3, 2, 3, 2, 2, 2, 1, 2, 2, 3, 2, 2, 3, 2, 3, 3, 2, 1, 2, 3, 1, 1, 1, 2, 3, 3, 1, 2, 1, 1, 3, 2, 2, 3, 3, 2, 2, 2, 1, 2, 2, 1, 2, 1, 1, 1, 2, 3, 2, 1, 1, 3, 2, 2, 1, 2, 3, 1, 3, 2, 3, 2, 2, 2, 2, 3, 1, 2, 2, 3, 1, 2, 3, 3, 3, 3, 2, 3, 3, 2, 1, 3, 3, 1, 2, 2, 3, 1, 1, 3, 3, 2, 2, 3, 2, 1, 3, 1, 1, 3, 1, 2, 2, 3, 2, 3, 1, 1, 2, 2, 3, 3, 1, 2, 2, 1, 2, 1, 3, 2, 1, 3, 3, 2, 1, 1, 2, 3, 2, 2, 2, 2, 1, 3, 3, 2, 3, 3, 1, 2, 3, 2, 1, 3, 2, 2, 1, 2, 2, 1, 3, 2, 2, 2, 1, 2, 2, 2, 3, 2, 3, 3, 2, 2, 2, 3, 2, 2, 3, 3, 3, 1, 2, 1, 2, 3, 2, 2, 1, 2, 3, 3, 3, 2, 1, 2, 3, 3, 1, 3, 3, 1, 2, 2, 3, 3, 1, 2, 1, 3, 2, 2, 1, 3, 2, 1, 2, 2, 3, 2, 3, 2, 3, 2, 3, 3, 1, 1, 1, 2, 2, 1, 2, 1, 3, 3, 3, 3, 1, 2, 3, 2, 2, 2, 1, 3, 2, 3, 2, 1, 2, 2, 1, 2, 2, 3, 1, 3, 2, 2, 3, 1, 2, 2, 3, 2, 3, 2, 2, 2, 2, 1, 2, 1, 2, 1, 1, 2, 2, 1, 3, 3, 2, 2, 2, 2, 3, 3, 2, 2, 1, 2, 2, 2, 2, 2, 3, 3, 1, 1, 2, 2, 2, 3, 2, 1, 2, 2, 1, 2, 2, 3, 3, 2, 3, 2, 1, 3, 1, 2, 1, 1, 3, 2, 1, 2, 1, 2, 1, 2, 2, 2, 2, 2, 2, 3, 2, 3, 3, 2, 1, 2, 3, 2, 3, 3, 2, 2, 2, 2, 3, 1, 2, 3, 1, 2, 2, 2, 2, 3, 2, 3, 2, 1, 1, 2, 3, 1, 3, 2, 1, 2, 3, 2, 2, 2, 1, 3, 1, 1, 1, 2, 3, 1, 3, 1, 3, 3, 2, 2, 3, 1, 3, 2, 1, 3, 3, 2, 2, 3, 2, 2, 2, 2, 2, 1, 2, 2, 2, 2, 2, 2, 2, 3, 2, 2, 1, 2, 3, 3, 1, 3, 3, 3, 3, 2, 2, 2, 2, 1, 3, 2, 3, 2, 2, 2, 3, 2, 3, 3, 3, 2, 3, 1, 2, 3, 3, 1, 2, 3, 2, 1, 2, 1, 2, 1, 3, 3, 3, 1, 1, 2, 2, 2, 2, 2, 2, 2, 2, 1, 3, 2, 1, 1, 2, 2, 2, 2, 3, 1, 2, 1, 2, 2, 1, 3, 1, 2, 1, 2, 2, 1, 3, 2, 1, 2, 2, 2, 2, 1, 3, 1, 2, 1, 2, 1, 2, 2, 1, 3, 2, 2, 3, 2, 3, 1, 2, 2, 1, 1, 3, 2, 3]
02/23/2023 12:50:04:INFO: 预测标签: 
 [1, 3, 3, 1, 1, 1, 3, 1, 1, 1, 1, 3, 1, 1, 3, 1, 2, 1, 3, 3, 1, 3, 1, 2, 3, 2, 2, 3, 3, 1, 1, 3, 3, 3, 2, 1, 3, 2, 1, 1, 2, 1, 2, 3, 1, 3, 1, 1, 2, 2, 2, 3, 1, 2, 1, 2, 1, 2, 3, 3, 1, 2, 3, 1, 1, 3, 2, 1, 1, 1, 1, 1, 2, 1, 1, 2, 1, 3, 2, 3, 3, 1, 3, 1, 1, 1, 3, 2, 3, 1, 1, 3, 2, 1, 2, 1, 1, 3, 1, 1, 2, 1, 2, 3, 1, 1, 1, 3, 1, 3, 3, 1, 3, 2, 2, 1, 1, 1, 2, 3, 2, 2, 3, 1, 3, 2, 3, 2, 1, 2, 2, 2, 2, 2, 1, 2, 3, 3, 1, 1, 2, 1, 3, 1, 2, 3, 3, 2, 2, 3, 3, 2, 3, 2, 1, 1, 2, 1, 1, 3, 2, 2, 1, 2, 3, 1, 1, 3, 2, 2, 3, 1, 1, 2, 3, 2, 2, 1, 2, 2, 1, 1, 1, 1, 3, 3, 3, 1, 2, 2, 2, 1, 1, 3, 2, 3, 2, 1, 2, 1, 1, 3, 1, 2, 2, 3, 1, 1, 1, 1, 1, 1, 3, 1, 1, 3, 3, 1, 2, 1, 3, 1, 3, 2, 2, 1, 3, 2, 1, 3, 3, 1, 3, 2, 3, 2, 1, 1, 1, 2, 2, 3, 2, 2, 2, 3, 2, 1, 1, 3, 1, 2, 3, 1, 1, 3, 3, 2, 3, 1, 2, 1, 2, 2, 2, 1, 1, 1, 1, 3, 3, 1, 1, 3, 3, 3, 3, 2, 3, 1, 3, 3, 3, 1, 1, 2, 3, 3, 1, 1, 1, 2, 1, 3, 3, 2, 2, 3, 3, 1, 1, 3, 1, 1, 3, 1, 2, 1, 2, 3, 2, 1, 1, 1, 1, 3, 3, 1, 3, 2, 1, 3, 1, 1, 2, 3, 1, 2, 2, 1, 1, 2, 3, 1, 2, 3, 3, 2, 2, 1, 1, 2, 1, 1, 1, 3, 1, 3, 2, 3, 2, 1, 3, 1, 1, 2, 1, 2, 3, 2, 3, 1, 1, 1, 3, 2, 3, 2, 1, 1, 2, 1, 3, 1, 1, 2, 1, 1, 1, 2, 1, 2, 3, 2, 3, 3, 1, 2, 3, 3, 1, 1, 1, 3, 2, 1, 1, 1, 2, 2, 3, 1, 2, 3, 2, 2, 3, 1, 1, 1, 1, 1, 2, 1, 3, 1, 2, 2, 2, 3, 1, 2, 2, 3, 3, 2, 1, 3, 1, 1, 1, 2, 1, 2, 1, 1, 1, 2, 1, 2, 3, 2, 2, 3, 3, 3, 3, 3, 1, 2, 1, 1, 3, 1, 2, 1, 1, 2, 2, 1, 1, 3, 2, 3, 3, 1, 1, 3, 3, 2, 1, 3, 1, 1, 2, 3, 3, 2, 1, 1, 2, 1, 1, 2, 1, 1, 3, 1, 1, 3, 3, 2, 2, 1, 3, 2, 1, 3, 3, 2, 3, 2, 3, 1, 2, 1, 1, 1, 3, 1, 1, 2, 1, 1, 1, 2, 1, 1, 1, 2, 2, 1, 1, 3, 1, 3, 3, 2, 2, 3, 3, 1, 2, 1, 2, 2, 3, 3, 2, 3, 3, 3, 3, 1, 3, 3, 1, 3, 3, 3, 2, 1, 3, 3, 1, 1, 2, 1, 1, 1, 2, 2, 1, 3, 2, 3, 3, 3, 2, 3, 3, 1, 3, 3, 1, 1, 1, 2, 2, 3, 2, 2, 2, 1, 2, 3, 1, 3, 2, 1, 1, 1, 3, 1, 3, 1, 1, 1, 3, 2, 1, 3, 1, 3, 2, 1, 1, 1, 1, 3, 2, 3, 3, 1, 3, 2, 2, 1, 3, 1, 2, 1, 1, 3, 1]
02/23/2023 12:50:04:INFO: ---------Evaluated Metrics----------
02/23/2023 12:50:04:INFO: Accuracy: 0.4432.
02/23/2023 12:50:04:INFO: Macro Precision: 0.45228204611144723.
02/23/2023 12:50:04:INFO: Macro Recall: 0.47848701337667005.
02/23/2023 12:50:04:INFO: Macro F1 score: 0.446232041094161.
02/23/2023 12:50:04:INFO: ---------confusion_matrix----------
02/23/2023 12:50:04:INFO: 
[[101  37  20]
 [116  90  84]
 [ 44  47  86]]
02/23/2023 12:50:04:INFO: 模型效果验证详情: {'位置第一个显示标签': 0, '其他位置有情感标签': 0, '全句没有情感标签': 0}.
02/23/2023 12:50:04:INFO: ----------------------Evaluate finished.------------------------
02/23/2023 12:50:04:INFO: --------------Epoch. 4.---------------
02/23/2023 12:50:05:INFO: [Epoch. 4.]: 100%|| 15/15 [00:00<00:00, 16.94it/s, avg_loss=0.559]
02/23/2023 12:50:05:INFO: Epoch 4, average loss: 0.559041698773702
02/23/2023 12:50:05:INFO: --------------Evaluate on Epoch. 4.---------------
02/23/2023 12:50:05:INFO: tensor([28996, 28997, 28998], device='cuda:0')
02/23/2023 12:50:08:INFO: **********Results Comparison**********
02/23/2023 12:50:08:INFO: 真实标签: 
 [2, 1, 3, 1, 2, 1, 3, 2, 3, 1, 1, 3, 1, 1, 3, 1, 2, 1, 1, 2, 2, 3, 2, 1, 2, 2, 2, 2, 3, 1, 2, 2, 2, 2, 2, 2, 2, 1, 2, 1, 1, 2, 2, 2, 3, 2, 2, 3, 2, 2, 3, 3, 3, 3, 3, 2, 2, 1, 2, 3, 1, 2, 3, 1, 1, 3, 3, 1, 2, 3, 2, 2, 2, 1, 3, 2, 1, 1, 2, 1, 3, 1, 2, 1, 1, 2, 3, 3, 1, 2, 2, 2, 3, 2, 3, 2, 1, 2, 1, 1, 1, 2, 1, 2, 3, 1, 1, 2, 2, 3, 3, 2, 3, 2, 3, 2, 2, 2, 1, 2, 2, 3, 2, 2, 3, 2, 3, 3, 2, 1, 2, 3, 1, 1, 1, 2, 3, 3, 1, 2, 1, 1, 3, 2, 2, 3, 3, 2, 2, 2, 1, 2, 2, 1, 2, 1, 1, 1, 2, 3, 2, 1, 1, 3, 2, 2, 1, 2, 3, 1, 3, 2, 3, 2, 2, 2, 2, 3, 1, 2, 2, 3, 1, 2, 3, 3, 3, 3, 2, 3, 3, 2, 1, 3, 3, 1, 2, 2, 3, 1, 1, 3, 3, 2, 2, 3, 2, 1, 3, 1, 1, 3, 1, 2, 2, 3, 2, 3, 1, 1, 2, 2, 3, 3, 1, 2, 2, 1, 2, 1, 3, 2, 1, 3, 3, 2, 1, 1, 2, 3, 2, 2, 2, 2, 1, 3, 3, 2, 3, 3, 1, 2, 3, 2, 1, 3, 2, 2, 1, 2, 2, 1, 3, 2, 2, 2, 1, 2, 2, 2, 3, 2, 3, 3, 2, 2, 2, 3, 2, 2, 3, 3, 3, 1, 2, 1, 2, 3, 2, 2, 1, 2, 3, 3, 3, 2, 1, 2, 3, 3, 1, 3, 3, 1, 2, 2, 3, 3, 1, 2, 1, 3, 2, 2, 1, 3, 2, 1, 2, 2, 3, 2, 3, 2, 3, 2, 3, 3, 1, 1, 1, 2, 2, 1, 2, 1, 3, 3, 3, 3, 1, 2, 3, 2, 2, 2, 1, 3, 2, 3, 2, 1, 2, 2, 1, 2, 2, 3, 1, 3, 2, 2, 3, 1, 2, 2, 3, 2, 3, 2, 2, 2, 2, 1, 2, 1, 2, 1, 1, 2, 2, 1, 3, 3, 2, 2, 2, 2, 3, 3, 2, 2, 1, 2, 2, 2, 2, 2, 3, 3, 1, 1, 2, 2, 2, 3, 2, 1, 2, 2, 1, 2, 2, 3, 3, 2, 3, 2, 1, 3, 1, 2, 1, 1, 3, 2, 1, 2, 1, 2, 1, 2, 2, 2, 2, 2, 2, 3, 2, 3, 3, 2, 1, 2, 3, 2, 3, 3, 2, 2, 2, 2, 3, 1, 2, 3, 1, 2, 2, 2, 2, 3, 2, 3, 2, 1, 1, 2, 3, 1, 3, 2, 1, 2, 3, 2, 2, 2, 1, 3, 1, 1, 1, 2, 3, 1, 3, 1, 3, 3, 2, 2, 3, 1, 3, 2, 1, 3, 3, 2, 2, 3, 2, 2, 2, 2, 2, 1, 2, 2, 2, 2, 2, 2, 2, 3, 2, 2, 1, 2, 3, 3, 1, 3, 3, 3, 3, 2, 2, 2, 2, 1, 3, 2, 3, 2, 2, 2, 3, 2, 3, 3, 3, 2, 3, 1, 2, 3, 3, 1, 2, 3, 2, 1, 2, 1, 2, 1, 3, 3, 3, 1, 1, 2, 2, 2, 2, 2, 2, 2, 2, 1, 3, 2, 1, 1, 2, 2, 2, 2, 3, 1, 2, 1, 2, 2, 1, 3, 1, 2, 1, 2, 2, 1, 3, 2, 1, 2, 2, 2, 2, 1, 3, 1, 2, 1, 2, 1, 2, 2, 1, 3, 2, 2, 3, 2, 3, 1, 2, 2, 1, 1, 3, 2, 3]
02/23/2023 12:50:08:INFO: 预测标签: 
 [2, 2, 3, 2, 2, 1, 2, 1, 1, 1, 1, 3, 1, 2, 2, 2, 2, 2, 3, 3, 1, 3, 2, 2, 2, 2, 2, 2, 3, 2, 1, 3, 3, 2, 2, 1, 2, 2, 1, 1, 2, 1, 2, 1, 3, 3, 2, 2, 2, 2, 2, 3, 2, 2, 2, 2, 1, 2, 3, 3, 2, 2, 1, 1, 1, 3, 2, 1, 1, 1, 2, 2, 2, 1, 1, 2, 1, 3, 2, 3, 3, 2, 3, 1, 2, 1, 2, 2, 3, 1, 2, 2, 2, 1, 2, 1, 1, 3, 1, 2, 2, 2, 2, 3, 1, 1, 2, 3, 1, 3, 3, 1, 3, 2, 2, 2, 2, 2, 2, 3, 2, 2, 3, 2, 2, 2, 3, 2, 1, 2, 2, 2, 2, 2, 1, 2, 3, 3, 2, 1, 2, 1, 3, 2, 2, 3, 3, 2, 2, 2, 3, 2, 3, 2, 2, 1, 2, 1, 2, 3, 2, 2, 2, 2, 2, 1, 1, 3, 2, 2, 3, 1, 1, 2, 3, 2, 2, 1, 2, 2, 2, 2, 2, 2, 3, 3, 3, 1, 2, 2, 2, 2, 2, 3, 2, 3, 2, 1, 2, 1, 1, 3, 3, 2, 2, 3, 1, 1, 2, 2, 1, 3, 2, 1, 1, 3, 3, 1, 2, 1, 2, 1, 3, 2, 2, 1, 3, 2, 1, 2, 3, 1, 3, 2, 3, 2, 1, 1, 1, 2, 2, 3, 2, 2, 2, 3, 2, 2, 2, 2, 2, 2, 2, 1, 1, 3, 3, 2, 3, 1, 2, 1, 2, 2, 2, 1, 1, 2, 2, 3, 2, 1, 1, 3, 1, 3, 3, 2, 1, 1, 3, 3, 3, 1, 1, 2, 3, 3, 1, 1, 2, 2, 1, 3, 3, 2, 2, 3, 3, 2, 1, 3, 2, 1, 2, 2, 2, 1, 2, 2, 2, 2, 1, 1, 1, 3, 3, 2, 3, 2, 3, 3, 2, 2, 2, 3, 1, 2, 2, 2, 3, 2, 2, 1, 2, 2, 3, 2, 2, 3, 1, 2, 1, 2, 2, 3, 2, 3, 2, 3, 2, 1, 3, 1, 1, 2, 1, 2, 3, 2, 3, 1, 1, 1, 2, 2, 2, 2, 1, 1, 2, 2, 3, 1, 1, 2, 2, 1, 1, 2, 2, 2, 3, 2, 2, 3, 1, 2, 3, 3, 1, 1, 1, 2, 2, 1, 1, 1, 2, 2, 3, 1, 2, 3, 2, 2, 3, 1, 1, 1, 2, 1, 2, 1, 3, 1, 2, 2, 2, 3, 1, 2, 2, 3, 2, 2, 2, 3, 1, 2, 1, 2, 1, 2, 1, 1, 1, 2, 1, 2, 3, 2, 2, 3, 3, 3, 3, 3, 1, 2, 1, 1, 3, 1, 2, 1, 1, 2, 2, 2, 1, 3, 2, 3, 3, 1, 2, 3, 3, 2, 2, 3, 2, 2, 2, 3, 3, 2, 2, 1, 2, 1, 2, 2, 2, 1, 3, 1, 3, 2, 3, 2, 2, 2, 3, 2, 2, 3, 3, 2, 3, 2, 3, 1, 2, 2, 2, 1, 3, 2, 2, 2, 1, 1, 1, 2, 1, 2, 1, 2, 2, 1, 1, 3, 1, 3, 2, 2, 2, 3, 3, 1, 2, 1, 2, 2, 3, 3, 2, 3, 2, 2, 3, 2, 2, 3, 1, 3, 3, 2, 2, 2, 3, 3, 1, 1, 2, 1, 1, 2, 2, 2, 1, 2, 2, 3, 2, 3, 2, 3, 3, 1, 2, 3, 1, 2, 1, 2, 2, 3, 2, 2, 2, 2, 2, 3, 1, 3, 2, 1, 1, 2, 3, 2, 3, 1, 1, 1, 2, 2, 1, 3, 2, 3, 2, 1, 1, 1, 1, 3, 2, 3, 3, 2, 3, 2, 2, 1, 3, 1, 2, 1, 2, 2, 2]
02/23/2023 12:50:08:INFO: ---------Evaluated Metrics----------
02/23/2023 12:50:08:INFO: Accuracy: 0.4672.
02/23/2023 12:50:08:INFO: Macro Precision: 0.4618233828538693.
02/23/2023 12:50:08:INFO: Macro Recall: 0.457661314519026.
02/23/2023 12:50:08:INFO: Macro F1 score: 0.4588117721348546.
02/23/2023 12:50:08:INFO: ---------confusion_matrix----------
02/23/2023 12:50:08:INFO: 
[[ 69  73  16]
 [ 80 147  63]
 [ 22  79  76]]
02/23/2023 12:50:08:INFO: 模型效果验证详情: {'位置第一个显示标签': 0, '其他位置有情感标签': 0, '全句没有情感标签': 0}.
02/23/2023 12:50:08:INFO: ----------------------Evaluate finished.------------------------
02/23/2023 12:50:08:INFO: --------------Epoch. 5.---------------
02/23/2023 12:50:09:INFO: [Epoch. 5.]: 100%|| 15/15 [00:00<00:00, 17.49it/s, avg_loss=0.423]
02/23/2023 12:50:09:INFO: Epoch 5, average loss: 0.4232942183812459
02/23/2023 12:50:09:INFO: --------------Evaluate on Epoch. 5.---------------
02/23/2023 12:50:09:INFO: tensor([28996, 28997, 28998], device='cuda:0')
02/23/2023 12:50:12:INFO: **********Results Comparison**********
02/23/2023 12:50:12:INFO: 真实标签: 
 [2, 1, 3, 1, 2, 1, 3, 2, 3, 1, 1, 3, 1, 1, 3, 1, 2, 1, 1, 2, 2, 3, 2, 1, 2, 2, 2, 2, 3, 1, 2, 2, 2, 2, 2, 2, 2, 1, 2, 1, 1, 2, 2, 2, 3, 2, 2, 3, 2, 2, 3, 3, 3, 3, 3, 2, 2, 1, 2, 3, 1, 2, 3, 1, 1, 3, 3, 1, 2, 3, 2, 2, 2, 1, 3, 2, 1, 1, 2, 1, 3, 1, 2, 1, 1, 2, 3, 3, 1, 2, 2, 2, 3, 2, 3, 2, 1, 2, 1, 1, 1, 2, 1, 2, 3, 1, 1, 2, 2, 3, 3, 2, 3, 2, 3, 2, 2, 2, 1, 2, 2, 3, 2, 2, 3, 2, 3, 3, 2, 1, 2, 3, 1, 1, 1, 2, 3, 3, 1, 2, 1, 1, 3, 2, 2, 3, 3, 2, 2, 2, 1, 2, 2, 1, 2, 1, 1, 1, 2, 3, 2, 1, 1, 3, 2, 2, 1, 2, 3, 1, 3, 2, 3, 2, 2, 2, 2, 3, 1, 2, 2, 3, 1, 2, 3, 3, 3, 3, 2, 3, 3, 2, 1, 3, 3, 1, 2, 2, 3, 1, 1, 3, 3, 2, 2, 3, 2, 1, 3, 1, 1, 3, 1, 2, 2, 3, 2, 3, 1, 1, 2, 2, 3, 3, 1, 2, 2, 1, 2, 1, 3, 2, 1, 3, 3, 2, 1, 1, 2, 3, 2, 2, 2, 2, 1, 3, 3, 2, 3, 3, 1, 2, 3, 2, 1, 3, 2, 2, 1, 2, 2, 1, 3, 2, 2, 2, 1, 2, 2, 2, 3, 2, 3, 3, 2, 2, 2, 3, 2, 2, 3, 3, 3, 1, 2, 1, 2, 3, 2, 2, 1, 2, 3, 3, 3, 2, 1, 2, 3, 3, 1, 3, 3, 1, 2, 2, 3, 3, 1, 2, 1, 3, 2, 2, 1, 3, 2, 1, 2, 2, 3, 2, 3, 2, 3, 2, 3, 3, 1, 1, 1, 2, 2, 1, 2, 1, 3, 3, 3, 3, 1, 2, 3, 2, 2, 2, 1, 3, 2, 3, 2, 1, 2, 2, 1, 2, 2, 3, 1, 3, 2, 2, 3, 1, 2, 2, 3, 2, 3, 2, 2, 2, 2, 1, 2, 1, 2, 1, 1, 2, 2, 1, 3, 3, 2, 2, 2, 2, 3, 3, 2, 2, 1, 2, 2, 2, 2, 2, 3, 3, 1, 1, 2, 2, 2, 3, 2, 1, 2, 2, 1, 2, 2, 3, 3, 2, 3, 2, 1, 3, 1, 2, 1, 1, 3, 2, 1, 2, 1, 2, 1, 2, 2, 2, 2, 2, 2, 3, 2, 3, 3, 2, 1, 2, 3, 2, 3, 3, 2, 2, 2, 2, 3, 1, 2, 3, 1, 2, 2, 2, 2, 3, 2, 3, 2, 1, 1, 2, 3, 1, 3, 2, 1, 2, 3, 2, 2, 2, 1, 3, 1, 1, 1, 2, 3, 1, 3, 1, 3, 3, 2, 2, 3, 1, 3, 2, 1, 3, 3, 2, 2, 3, 2, 2, 2, 2, 2, 1, 2, 2, 2, 2, 2, 2, 2, 3, 2, 2, 1, 2, 3, 3, 1, 3, 3, 3, 3, 2, 2, 2, 2, 1, 3, 2, 3, 2, 2, 2, 3, 2, 3, 3, 3, 2, 3, 1, 2, 3, 3, 1, 2, 3, 2, 1, 2, 1, 2, 1, 3, 3, 3, 1, 1, 2, 2, 2, 2, 2, 2, 2, 2, 1, 3, 2, 1, 1, 2, 2, 2, 2, 3, 1, 2, 1, 2, 2, 1, 3, 1, 2, 1, 2, 2, 1, 3, 2, 1, 2, 2, 2, 2, 1, 3, 1, 2, 1, 2, 1, 2, 2, 1, 3, 2, 2, 3, 2, 3, 1, 2, 2, 1, 1, 3, 2, 3]
02/23/2023 12:50:12:INFO: 预测标签: 
 [1, 2, 3, 1, 2, 1, 2, 1, 1, 1, 1, 3, 1, 2, 3, 1, 2, 1, 3, 3, 1, 3, 1, 2, 3, 2, 2, 3, 3, 1, 1, 3, 1, 3, 2, 1, 3, 2, 1, 1, 2, 1, 2, 1, 3, 3, 1, 1, 2, 2, 2, 3, 1, 2, 1, 2, 1, 2, 3, 3, 2, 2, 1, 1, 1, 3, 2, 1, 1, 1, 3, 2, 2, 1, 3, 2, 1, 3, 2, 3, 3, 1, 3, 1, 1, 1, 3, 2, 3, 1, 1, 2, 1, 1, 2, 1, 1, 3, 1, 1, 2, 1, 2, 3, 1, 1, 1, 3, 1, 3, 3, 1, 3, 2, 2, 1, 2, 2, 2, 3, 2, 2, 3, 1, 3, 2, 3, 2, 1, 2, 2, 2, 3, 2, 1, 2, 3, 3, 1, 1, 2, 1, 3, 1, 2, 3, 3, 2, 2, 3, 3, 2, 3, 2, 1, 1, 2, 1, 2, 3, 2, 2, 1, 2, 3, 1, 1, 3, 2, 2, 3, 1, 1, 2, 3, 2, 2, 3, 3, 2, 1, 2, 1, 1, 3, 3, 3, 1, 2, 2, 2, 2, 1, 3, 2, 3, 2, 1, 2, 1, 1, 3, 3, 2, 2, 3, 1, 1, 2, 1, 1, 3, 3, 1, 3, 3, 3, 1, 2, 1, 2, 1, 3, 2, 2, 1, 3, 2, 1, 3, 3, 1, 1, 2, 3, 2, 1, 1, 1, 2, 2, 3, 2, 2, 2, 3, 2, 1, 1, 3, 1, 2, 3, 1, 1, 3, 3, 2, 3, 1, 2, 1, 2, 2, 2, 1, 1, 1, 1, 3, 3, 1, 1, 3, 1, 3, 3, 2, 1, 1, 3, 3, 3, 1, 1, 2, 3, 3, 1, 1, 1, 2, 1, 3, 3, 2, 2, 3, 3, 1, 1, 3, 2, 1, 3, 1, 2, 1, 2, 3, 2, 1, 1, 1, 1, 3, 3, 1, 3, 2, 3, 3, 1, 1, 2, 3, 1, 2, 2, 2, 3, 2, 1, 1, 2, 3, 3, 2, 2, 3, 1, 2, 1, 1, 1, 3, 1, 3, 2, 3, 2, 1, 3, 1, 1, 2, 1, 2, 3, 2, 3, 1, 1, 1, 3, 2, 3, 2, 3, 1, 2, 1, 3, 1, 1, 3, 1, 1, 1, 2, 2, 2, 3, 2, 3, 3, 1, 2, 3, 3, 1, 1, 1, 3, 2, 1, 1, 3, 2, 2, 3, 1, 2, 3, 2, 2, 3, 1, 1, 1, 2, 1, 2, 1, 3, 1, 1, 2, 2, 3, 1, 2, 2, 3, 3, 2, 2, 3, 1, 1, 1, 2, 1, 2, 1, 1, 1, 2, 1, 2, 3, 2, 2, 3, 3, 3, 3, 3, 1, 2, 3, 1, 3, 1, 2, 1, 1, 2, 2, 2, 1, 3, 2, 3, 3, 1, 1, 3, 3, 2, 1, 3, 1, 1, 2, 3, 3, 2, 1, 1, 2, 1, 2, 2, 1, 1, 3, 1, 3, 3, 3, 2, 2, 1, 3, 2, 1, 3, 3, 2, 3, 2, 3, 1, 2, 3, 1, 1, 3, 1, 2, 2, 1, 1, 1, 2, 1, 3, 1, 2, 2, 1, 1, 3, 1, 3, 3, 2, 2, 3, 3, 1, 2, 1, 2, 2, 3, 3, 2, 3, 3, 3, 3, 1, 3, 3, 1, 3, 3, 3, 2, 1, 3, 3, 1, 1, 2, 1, 1, 2, 2, 2, 1, 3, 2, 3, 3, 3, 2, 3, 3, 1, 3, 3, 1, 1, 1, 2, 2, 3, 2, 2, 2, 1, 2, 3, 1, 3, 2, 1, 1, 1, 3, 1, 3, 1, 1, 1, 2, 2, 1, 3, 1, 3, 2, 1, 1, 1, 1, 3, 2, 3, 1, 2, 3, 2, 3, 1, 3, 1, 2, 1, 1, 3, 1]
02/23/2023 12:50:12:INFO: ---------Evaluated Metrics----------
02/23/2023 12:50:12:INFO: Accuracy: 0.4672.
02/23/2023 12:50:12:INFO: Macro Precision: 0.47169714534390383.
02/23/2023 12:50:12:INFO: Macro Recall: 0.49583722763519905.
02/23/2023 12:50:12:INFO: Macro F1 score: 0.47087846392818955.
02/23/2023 12:50:12:INFO: ---------confusion_matrix----------
02/23/2023 12:50:12:INFO: 
[[ 95  41  22]
 [106 103  81]
 [ 34  49  94]]
02/23/2023 12:50:12:INFO: 模型效果验证详情: {'位置第一个显示标签': 0, '其他位置有情感标签': 0, '全句没有情感标签': 0}.
02/23/2023 12:50:12:INFO: ----------------------Evaluate finished.------------------------
02/23/2023 12:50:12:INFO: --------------Epoch. 6.---------------
02/23/2023 12:50:13:INFO: [Epoch. 6.]: 100%|| 15/15 [00:00<00:00, 17.60it/s, avg_loss=0.317]
02/23/2023 12:50:13:INFO: Epoch 6, average loss: 0.3174167493979136
02/23/2023 12:50:13:INFO: --------------Evaluate on Epoch. 6.---------------
02/23/2023 12:50:13:INFO: tensor([28996, 28997, 28998], device='cuda:0')
02/23/2023 12:50:16:INFO: **********Results Comparison**********
02/23/2023 12:50:16:INFO: 真实标签: 
 [2, 1, 3, 1, 2, 1, 3, 2, 3, 1, 1, 3, 1, 1, 3, 1, 2, 1, 1, 2, 2, 3, 2, 1, 2, 2, 2, 2, 3, 1, 2, 2, 2, 2, 2, 2, 2, 1, 2, 1, 1, 2, 2, 2, 3, 2, 2, 3, 2, 2, 3, 3, 3, 3, 3, 2, 2, 1, 2, 3, 1, 2, 3, 1, 1, 3, 3, 1, 2, 3, 2, 2, 2, 1, 3, 2, 1, 1, 2, 1, 3, 1, 2, 1, 1, 2, 3, 3, 1, 2, 2, 2, 3, 2, 3, 2, 1, 2, 1, 1, 1, 2, 1, 2, 3, 1, 1, 2, 2, 3, 3, 2, 3, 2, 3, 2, 2, 2, 1, 2, 2, 3, 2, 2, 3, 2, 3, 3, 2, 1, 2, 3, 1, 1, 1, 2, 3, 3, 1, 2, 1, 1, 3, 2, 2, 3, 3, 2, 2, 2, 1, 2, 2, 1, 2, 1, 1, 1, 2, 3, 2, 1, 1, 3, 2, 2, 1, 2, 3, 1, 3, 2, 3, 2, 2, 2, 2, 3, 1, 2, 2, 3, 1, 2, 3, 3, 3, 3, 2, 3, 3, 2, 1, 3, 3, 1, 2, 2, 3, 1, 1, 3, 3, 2, 2, 3, 2, 1, 3, 1, 1, 3, 1, 2, 2, 3, 2, 3, 1, 1, 2, 2, 3, 3, 1, 2, 2, 1, 2, 1, 3, 2, 1, 3, 3, 2, 1, 1, 2, 3, 2, 2, 2, 2, 1, 3, 3, 2, 3, 3, 1, 2, 3, 2, 1, 3, 2, 2, 1, 2, 2, 1, 3, 2, 2, 2, 1, 2, 2, 2, 3, 2, 3, 3, 2, 2, 2, 3, 2, 2, 3, 3, 3, 1, 2, 1, 2, 3, 2, 2, 1, 2, 3, 3, 3, 2, 1, 2, 3, 3, 1, 3, 3, 1, 2, 2, 3, 3, 1, 2, 1, 3, 2, 2, 1, 3, 2, 1, 2, 2, 3, 2, 3, 2, 3, 2, 3, 3, 1, 1, 1, 2, 2, 1, 2, 1, 3, 3, 3, 3, 1, 2, 3, 2, 2, 2, 1, 3, 2, 3, 2, 1, 2, 2, 1, 2, 2, 3, 1, 3, 2, 2, 3, 1, 2, 2, 3, 2, 3, 2, 2, 2, 2, 1, 2, 1, 2, 1, 1, 2, 2, 1, 3, 3, 2, 2, 2, 2, 3, 3, 2, 2, 1, 2, 2, 2, 2, 2, 3, 3, 1, 1, 2, 2, 2, 3, 2, 1, 2, 2, 1, 2, 2, 3, 3, 2, 3, 2, 1, 3, 1, 2, 1, 1, 3, 2, 1, 2, 1, 2, 1, 2, 2, 2, 2, 2, 2, 3, 2, 3, 3, 2, 1, 2, 3, 2, 3, 3, 2, 2, 2, 2, 3, 1, 2, 3, 1, 2, 2, 2, 2, 3, 2, 3, 2, 1, 1, 2, 3, 1, 3, 2, 1, 2, 3, 2, 2, 2, 1, 3, 1, 1, 1, 2, 3, 1, 3, 1, 3, 3, 2, 2, 3, 1, 3, 2, 1, 3, 3, 2, 2, 3, 2, 2, 2, 2, 2, 1, 2, 2, 2, 2, 2, 2, 2, 3, 2, 2, 1, 2, 3, 3, 1, 3, 3, 3, 3, 2, 2, 2, 2, 1, 3, 2, 3, 2, 2, 2, 3, 2, 3, 3, 3, 2, 3, 1, 2, 3, 3, 1, 2, 3, 2, 1, 2, 1, 2, 1, 3, 3, 3, 1, 1, 2, 2, 2, 2, 2, 2, 2, 2, 1, 3, 2, 1, 1, 2, 2, 2, 2, 3, 1, 2, 1, 2, 2, 1, 3, 1, 2, 1, 2, 2, 1, 3, 2, 1, 2, 2, 2, 2, 1, 3, 1, 2, 1, 2, 1, 2, 2, 1, 3, 2, 2, 3, 2, 3, 1, 2, 2, 1, 1, 3, 2, 3]
02/23/2023 12:50:16:INFO: 预测标签: 
 [2, 2, 3, 2, 2, 1, 2, 1, 1, 1, 1, 3, 1, 2, 3, 1, 2, 3, 3, 3, 1, 3, 2, 2, 2, 2, 2, 3, 3, 1, 1, 3, 3, 3, 2, 1, 3, 2, 3, 1, 2, 3, 2, 3, 3, 3, 1, 1, 2, 2, 2, 3, 1, 2, 3, 2, 1, 2, 3, 3, 2, 2, 3, 3, 3, 3, 2, 1, 1, 1, 3, 2, 2, 1, 3, 2, 1, 3, 2, 3, 3, 2, 3, 1, 1, 1, 3, 2, 3, 1, 1, 2, 2, 1, 2, 3, 1, 3, 1, 1, 2, 2, 2, 3, 1, 1, 1, 3, 1, 3, 3, 1, 3, 2, 2, 1, 2, 2, 2, 3, 2, 2, 3, 1, 3, 2, 3, 2, 1, 2, 2, 2, 2, 2, 1, 2, 3, 3, 3, 1, 2, 1, 3, 3, 2, 3, 3, 2, 2, 3, 3, 2, 3, 2, 2, 1, 2, 1, 2, 3, 2, 2, 1, 2, 3, 1, 1, 3, 2, 2, 3, 1, 3, 2, 3, 2, 2, 3, 3, 2, 1, 2, 3, 1, 3, 3, 3, 1, 2, 2, 2, 2, 2, 3, 2, 3, 2, 1, 2, 1, 1, 3, 3, 2, 2, 3, 3, 1, 2, 3, 1, 3, 3, 3, 3, 3, 3, 1, 2, 1, 2, 3, 3, 2, 2, 1, 3, 2, 3, 3, 3, 1, 3, 2, 3, 2, 1, 1, 1, 2, 2, 3, 2, 2, 2, 3, 2, 3, 1, 3, 2, 2, 3, 1, 3, 3, 3, 2, 3, 3, 2, 1, 2, 2, 2, 1, 1, 1, 1, 3, 3, 1, 3, 3, 1, 3, 3, 2, 3, 1, 3, 3, 3, 1, 1, 2, 3, 3, 1, 1, 1, 2, 3, 3, 3, 2, 2, 3, 3, 2, 1, 3, 2, 3, 3, 2, 2, 3, 2, 2, 2, 1, 1, 1, 1, 3, 3, 1, 3, 2, 3, 3, 1, 1, 2, 3, 3, 2, 2, 2, 3, 2, 3, 1, 2, 2, 3, 2, 2, 3, 1, 2, 1, 1, 2, 3, 1, 3, 2, 3, 2, 1, 3, 1, 1, 2, 1, 2, 3, 2, 3, 1, 3, 1, 3, 2, 3, 2, 3, 3, 2, 1, 3, 1, 3, 3, 1, 1, 1, 2, 2, 2, 3, 2, 3, 3, 3, 2, 3, 3, 1, 3, 1, 3, 2, 1, 1, 3, 2, 2, 3, 1, 2, 3, 2, 2, 3, 1, 3, 1, 2, 1, 2, 1, 3, 1, 2, 2, 2, 3, 1, 2, 2, 3, 2, 2, 2, 3, 1, 2, 1, 2, 1, 2, 1, 1, 1, 2, 1, 2, 3, 2, 2, 3, 3, 3, 3, 3, 1, 2, 3, 1, 3, 1, 2, 1, 1, 2, 2, 2, 1, 3, 2, 3, 3, 1, 1, 3, 3, 3, 2, 3, 3, 1, 2, 3, 3, 2, 2, 1, 2, 1, 2, 2, 2, 1, 3, 1, 3, 3, 3, 2, 2, 1, 3, 2, 2, 3, 3, 2, 3, 2, 3, 1, 2, 3, 1, 3, 3, 3, 2, 2, 1, 3, 3, 2, 1, 3, 1, 2, 2, 3, 1, 3, 3, 3, 3, 2, 2, 3, 3, 1, 2, 3, 2, 2, 3, 3, 2, 3, 3, 3, 3, 2, 3, 3, 3, 3, 3, 3, 2, 3, 3, 3, 1, 1, 2, 1, 1, 2, 2, 2, 1, 3, 2, 3, 3, 3, 2, 3, 3, 1, 3, 3, 1, 3, 1, 2, 2, 3, 2, 2, 2, 2, 2, 3, 1, 2, 2, 1, 1, 1, 3, 1, 3, 1, 3, 1, 2, 2, 1, 3, 1, 3, 2, 1, 1, 1, 3, 3, 2, 3, 3, 2, 3, 2, 3, 1, 3, 1, 2, 1, 1, 3, 2]
02/23/2023 12:50:16:INFO: ---------Evaluated Metrics----------
02/23/2023 12:50:16:INFO: Accuracy: 0.4656.
02/23/2023 12:50:16:INFO: Macro Precision: 0.4663062143470977.
02/23/2023 12:50:16:INFO: Macro Recall: 0.48208654022413094.
02/23/2023 12:50:16:INFO: Macro F1 score: 0.46716438196863286.
02/23/2023 12:50:16:INFO: ---------confusion_matrix----------
02/23/2023 12:50:16:INFO: 
[[ 75  49  34]
 [ 72 113 105]
 [ 17  57 103]]
02/23/2023 12:50:16:INFO: 模型效果验证详情: {'位置第一个显示标签': 2, '其他位置有情感标签': 0, '全句没有情感标签': 0}.
02/23/2023 12:50:16:INFO: ----------------------Evaluate finished.------------------------
02/23/2023 12:50:16:INFO: --------------Epoch. 7.---------------
02/23/2023 12:50:17:INFO: [Epoch. 7.]: 100%|| 15/15 [00:00<00:00, 17.71it/s, avg_loss=0.26]
02/23/2023 12:50:17:INFO: Epoch 7, average loss: 0.26044783691565193
02/23/2023 12:50:17:INFO: --------------Evaluate on Epoch. 7.---------------
02/23/2023 12:50:17:INFO: tensor([28996, 28997, 28998], device='cuda:0')
02/23/2023 12:50:20:INFO: **********Results Comparison**********
02/23/2023 12:50:20:INFO: 真实标签: 
 [2, 1, 3, 1, 2, 1, 3, 2, 3, 1, 1, 3, 1, 1, 3, 1, 2, 1, 1, 2, 2, 3, 2, 1, 2, 2, 2, 2, 3, 1, 2, 2, 2, 2, 2, 2, 2, 1, 2, 1, 1, 2, 2, 2, 3, 2, 2, 3, 2, 2, 3, 3, 3, 3, 3, 2, 2, 1, 2, 3, 1, 2, 3, 1, 1, 3, 3, 1, 2, 3, 2, 2, 2, 1, 3, 2, 1, 1, 2, 1, 3, 1, 2, 1, 1, 2, 3, 3, 1, 2, 2, 2, 3, 2, 3, 2, 1, 2, 1, 1, 1, 2, 1, 2, 3, 1, 1, 2, 2, 3, 3, 2, 3, 2, 3, 2, 2, 2, 1, 2, 2, 3, 2, 2, 3, 2, 3, 3, 2, 1, 2, 3, 1, 1, 1, 2, 3, 3, 1, 2, 1, 1, 3, 2, 2, 3, 3, 2, 2, 2, 1, 2, 2, 1, 2, 1, 1, 1, 2, 3, 2, 1, 1, 3, 2, 2, 1, 2, 3, 1, 3, 2, 3, 2, 2, 2, 2, 3, 1, 2, 2, 3, 1, 2, 3, 3, 3, 3, 2, 3, 3, 2, 1, 3, 3, 1, 2, 2, 3, 1, 1, 3, 3, 2, 2, 3, 2, 1, 3, 1, 1, 3, 1, 2, 2, 3, 2, 3, 1, 1, 2, 2, 3, 3, 1, 2, 2, 1, 2, 1, 3, 2, 1, 3, 3, 2, 1, 1, 2, 3, 2, 2, 2, 2, 1, 3, 3, 2, 3, 3, 1, 2, 3, 2, 1, 3, 2, 2, 1, 2, 2, 1, 3, 2, 2, 2, 1, 2, 2, 2, 3, 2, 3, 3, 2, 2, 2, 3, 2, 2, 3, 3, 3, 1, 2, 1, 2, 3, 2, 2, 1, 2, 3, 3, 3, 2, 1, 2, 3, 3, 1, 3, 3, 1, 2, 2, 3, 3, 1, 2, 1, 3, 2, 2, 1, 3, 2, 1, 2, 2, 3, 2, 3, 2, 3, 2, 3, 3, 1, 1, 1, 2, 2, 1, 2, 1, 3, 3, 3, 3, 1, 2, 3, 2, 2, 2, 1, 3, 2, 3, 2, 1, 2, 2, 1, 2, 2, 3, 1, 3, 2, 2, 3, 1, 2, 2, 3, 2, 3, 2, 2, 2, 2, 1, 2, 1, 2, 1, 1, 2, 2, 1, 3, 3, 2, 2, 2, 2, 3, 3, 2, 2, 1, 2, 2, 2, 2, 2, 3, 3, 1, 1, 2, 2, 2, 3, 2, 1, 2, 2, 1, 2, 2, 3, 3, 2, 3, 2, 1, 3, 1, 2, 1, 1, 3, 2, 1, 2, 1, 2, 1, 2, 2, 2, 2, 2, 2, 3, 2, 3, 3, 2, 1, 2, 3, 2, 3, 3, 2, 2, 2, 2, 3, 1, 2, 3, 1, 2, 2, 2, 2, 3, 2, 3, 2, 1, 1, 2, 3, 1, 3, 2, 1, 2, 3, 2, 2, 2, 1, 3, 1, 1, 1, 2, 3, 1, 3, 1, 3, 3, 2, 2, 3, 1, 3, 2, 1, 3, 3, 2, 2, 3, 2, 2, 2, 2, 2, 1, 2, 2, 2, 2, 2, 2, 2, 3, 2, 2, 1, 2, 3, 3, 1, 3, 3, 3, 3, 2, 2, 2, 2, 1, 3, 2, 3, 2, 2, 2, 3, 2, 3, 3, 3, 2, 3, 1, 2, 3, 3, 1, 2, 3, 2, 1, 2, 1, 2, 1, 3, 3, 3, 1, 1, 2, 2, 2, 2, 2, 2, 2, 2, 1, 3, 2, 1, 1, 2, 2, 2, 2, 3, 1, 2, 1, 2, 2, 1, 3, 1, 2, 1, 2, 2, 1, 3, 2, 1, 2, 2, 2, 2, 1, 3, 1, 2, 1, 2, 1, 2, 2, 1, 3, 2, 2, 3, 2, 3, 1, 2, 2, 1, 1, 3, 2, 3]
02/23/2023 12:50:20:INFO: 预测标签: 
 [2, 2, 3, 2, 2, 1, 2, 1, 1, 1, 1, 3, 1, 2, 3, 1, 2, 3, 3, 3, 1, 3, 2, 2, 2, 2, 2, 3, 3, 2, 1, 3, 3, 3, 2, 1, 3, 2, 1, 1, 2, 3, 2, 3, 3, 3, 1, 1, 2, 2, 2, 3, 1, 2, 2, 2, 1, 2, 3, 3, 2, 2, 3, 3, 1, 3, 2, 1, 1, 1, 3, 2, 2, 1, 3, 2, 1, 3, 2, 3, 3, 2, 3, 1, 2, 1, 3, 2, 3, 1, 1, 2, 2, 1, 2, 3, 1, 3, 1, 2, 2, 2, 2, 3, 1, 1, 1, 3, 1, 3, 3, 1, 3, 2, 2, 1, 2, 2, 2, 3, 2, 2, 3, 1, 3, 2, 3, 2, 1, 2, 2, 2, 2, 2, 1, 2, 3, 3, 1, 1, 2, 1, 3, 3, 2, 3, 3, 2, 2, 3, 3, 2, 3, 2, 2, 1, 2, 1, 2, 3, 2, 2, 1, 2, 2, 1, 1, 3, 2, 2, 3, 1, 3, 2, 3, 2, 2, 3, 3, 2, 2, 2, 1, 1, 3, 3, 3, 1, 2, 2, 2, 2, 2, 3, 2, 3, 2, 1, 2, 1, 1, 3, 3, 2, 2, 3, 1, 1, 2, 3, 1, 3, 3, 3, 3, 3, 3, 1, 2, 1, 2, 3, 3, 2, 2, 1, 3, 2, 1, 3, 3, 1, 3, 2, 3, 2, 1, 1, 1, 2, 2, 3, 2, 2, 2, 3, 2, 3, 1, 3, 2, 2, 2, 1, 3, 3, 3, 2, 3, 3, 2, 1, 2, 2, 2, 1, 1, 1, 1, 3, 3, 1, 3, 3, 1, 3, 3, 2, 3, 1, 3, 3, 3, 1, 1, 2, 3, 3, 1, 1, 2, 2, 3, 3, 3, 2, 2, 3, 3, 2, 1, 3, 2, 3, 3, 2, 2, 1, 2, 2, 2, 1, 1, 1, 1, 3, 3, 1, 3, 2, 3, 3, 2, 1, 2, 3, 3, 2, 2, 2, 3, 2, 3, 1, 2, 2, 3, 2, 2, 3, 1, 2, 1, 2, 1, 3, 1, 3, 2, 3, 2, 1, 3, 1, 1, 2, 1, 2, 3, 2, 3, 1, 3, 1, 3, 2, 3, 2, 3, 3, 2, 1, 3, 1, 3, 2, 1, 1, 1, 2, 2, 2, 3, 2, 3, 3, 3, 2, 3, 3, 1, 3, 1, 3, 2, 1, 1, 3, 2, 2, 3, 1, 2, 3, 2, 2, 3, 1, 1, 1, 2, 1, 2, 1, 3, 1, 2, 2, 2, 3, 1, 2, 2, 3, 2, 2, 2, 3, 1, 2, 1, 2, 1, 2, 1, 1, 1, 2, 1, 2, 3, 2, 2, 3, 3, 3, 3, 3, 1, 2, 3, 1, 3, 1, 2, 1, 1, 2, 2, 2, 1, 3, 2, 3, 3, 1, 1, 3, 3, 3, 2, 3, 3, 1, 2, 3, 3, 2, 2, 1, 2, 1, 2, 2, 2, 1, 3, 1, 3, 3, 3, 2, 2, 1, 3, 2, 2, 3, 3, 2, 3, 2, 3, 1, 2, 3, 1, 3, 3, 3, 2, 2, 1, 1, 3, 2, 1, 3, 1, 2, 2, 3, 1, 3, 3, 3, 3, 2, 2, 3, 3, 1, 2, 3, 2, 2, 3, 3, 2, 3, 3, 2, 3, 2, 3, 3, 3, 3, 3, 3, 2, 3, 3, 3, 1, 1, 2, 1, 1, 2, 3, 2, 1, 3, 2, 3, 3, 3, 2, 3, 3, 1, 3, 3, 1, 3, 1, 2, 2, 3, 2, 2, 2, 2, 2, 3, 1, 2, 2, 1, 1, 1, 3, 1, 3, 1, 1, 1, 2, 2, 1, 3, 1, 3, 2, 1, 1, 1, 3, 3, 2, 3, 3, 2, 3, 2, 3, 1, 3, 1, 2, 1, 1, 3, 2]
02/23/2023 12:50:20:INFO: ---------Evaluated Metrics----------
02/23/2023 12:50:20:INFO: Accuracy: 0.464.
02/23/2023 12:50:20:INFO: Macro Precision: 0.4624028229233929.
02/23/2023 12:50:20:INFO: Macro Recall: 0.4787356732847193.
02/23/2023 12:50:20:INFO: Macro F1 score: 0.46570326093634645.
02/23/2023 12:50:20:INFO: ---------confusion_matrix----------
02/23/2023 12:50:20:INFO: 
[[ 75  54  29]
 [ 76 115  99]
 [ 17  60 100]]
02/23/2023 12:50:20:INFO: 模型效果验证详情: {'位置第一个显示标签': 19, '其他位置有情感标签': 0, '全句没有情感标签': 0}.
02/23/2023 12:50:20:INFO: ----------------------Evaluate finished.------------------------
02/23/2023 12:50:20:INFO: --------------Epoch. 8.---------------
02/23/2023 12:50:21:INFO: [Epoch. 8.]: 100%|| 15/15 [00:00<00:00, 17.55it/s, avg_loss=0.235]
02/23/2023 12:50:21:INFO: Epoch 8, average loss: 0.23507219105958937
02/23/2023 12:50:21:INFO: --------------Evaluate on Epoch. 8.---------------
02/23/2023 12:50:21:INFO: tensor([28996, 28997, 28998], device='cuda:0')
02/23/2023 12:50:24:INFO: **********Results Comparison**********
02/23/2023 12:50:24:INFO: 真实标签: 
 [2, 1, 3, 1, 2, 1, 3, 2, 3, 1, 1, 3, 1, 1, 3, 1, 2, 1, 1, 2, 2, 3, 2, 1, 2, 2, 2, 2, 3, 1, 2, 2, 2, 2, 2, 2, 2, 1, 2, 1, 1, 2, 2, 2, 3, 2, 2, 3, 2, 2, 3, 3, 3, 3, 3, 2, 2, 1, 2, 3, 1, 2, 3, 1, 1, 3, 3, 1, 2, 3, 2, 2, 2, 1, 3, 2, 1, 1, 2, 1, 3, 1, 2, 1, 1, 2, 3, 3, 1, 2, 2, 2, 3, 2, 3, 2, 1, 2, 1, 1, 1, 2, 1, 2, 3, 1, 1, 2, 2, 3, 3, 2, 3, 2, 3, 2, 2, 2, 1, 2, 2, 3, 2, 2, 3, 2, 3, 3, 2, 1, 2, 3, 1, 1, 1, 2, 3, 3, 1, 2, 1, 1, 3, 2, 2, 3, 3, 2, 2, 2, 1, 2, 2, 1, 2, 1, 1, 1, 2, 3, 2, 1, 1, 3, 2, 2, 1, 2, 3, 1, 3, 2, 3, 2, 2, 2, 2, 3, 1, 2, 2, 3, 1, 2, 3, 3, 3, 3, 2, 3, 3, 2, 1, 3, 3, 1, 2, 2, 3, 1, 1, 3, 3, 2, 2, 3, 2, 1, 3, 1, 1, 3, 1, 2, 2, 3, 2, 3, 1, 1, 2, 2, 3, 3, 1, 2, 2, 1, 2, 1, 3, 2, 1, 3, 3, 2, 1, 1, 2, 3, 2, 2, 2, 2, 1, 3, 3, 2, 3, 3, 1, 2, 3, 2, 1, 3, 2, 2, 1, 2, 2, 1, 3, 2, 2, 2, 1, 2, 2, 2, 3, 2, 3, 3, 2, 2, 2, 3, 2, 2, 3, 3, 3, 1, 2, 1, 2, 3, 2, 2, 1, 2, 3, 3, 3, 2, 1, 2, 3, 3, 1, 3, 3, 1, 2, 2, 3, 3, 1, 2, 1, 3, 2, 2, 1, 3, 2, 1, 2, 2, 3, 2, 3, 2, 3, 2, 3, 3, 1, 1, 1, 2, 2, 1, 2, 1, 3, 3, 3, 3, 1, 2, 3, 2, 2, 2, 1, 3, 2, 3, 2, 1, 2, 2, 1, 2, 2, 3, 1, 3, 2, 2, 3, 1, 2, 2, 3, 2, 3, 2, 2, 2, 2, 1, 2, 1, 2, 1, 1, 2, 2, 1, 3, 3, 2, 2, 2, 2, 3, 3, 2, 2, 1, 2, 2, 2, 2, 2, 3, 3, 1, 1, 2, 2, 2, 3, 2, 1, 2, 2, 1, 2, 2, 3, 3, 2, 3, 2, 1, 3, 1, 2, 1, 1, 3, 2, 1, 2, 1, 2, 1, 2, 2, 2, 2, 2, 2, 3, 2, 3, 3, 2, 1, 2, 3, 2, 3, 3, 2, 2, 2, 2, 3, 1, 2, 3, 1, 2, 2, 2, 2, 3, 2, 3, 2, 1, 1, 2, 3, 1, 3, 2, 1, 2, 3, 2, 2, 2, 1, 3, 1, 1, 1, 2, 3, 1, 3, 1, 3, 3, 2, 2, 3, 1, 3, 2, 1, 3, 3, 2, 2, 3, 2, 2, 2, 2, 2, 1, 2, 2, 2, 2, 2, 2, 2, 3, 2, 2, 1, 2, 3, 3, 1, 3, 3, 3, 3, 2, 2, 2, 2, 1, 3, 2, 3, 2, 2, 2, 3, 2, 3, 3, 3, 2, 3, 1, 2, 3, 3, 1, 2, 3, 2, 1, 2, 1, 2, 1, 3, 3, 3, 1, 1, 2, 2, 2, 2, 2, 2, 2, 2, 1, 3, 2, 1, 1, 2, 2, 2, 2, 3, 1, 2, 1, 2, 2, 1, 3, 1, 2, 1, 2, 2, 1, 3, 2, 1, 2, 2, 2, 2, 1, 3, 1, 2, 1, 2, 1, 2, 2, 1, 3, 2, 2, 3, 2, 3, 1, 2, 2, 1, 1, 3, 2, 3]
02/23/2023 12:50:24:INFO: 预测标签: 
 [2, 2, 3, 2, 2, 1, 2, 1, 1, 1, 1, 3, 1, 2, 3, 1, 2, 1, 3, 3, 1, 3, 2, 2, 2, 2, 2, 3, 3, 2, 1, 3, 3, 3, 2, 1, 3, 2, 1, 1, 2, 3, 2, 1, 3, 3, 1, 3, 2, 2, 2, 3, 1, 2, 2, 2, 1, 2, 3, 3, 2, 2, 1, 3, 3, 3, 2, 1, 1, 1, 3, 2, 2, 1, 3, 2, 1, 3, 2, 3, 3, 2, 3, 1, 2, 1, 3, 2, 3, 1, 1, 2, 2, 1, 2, 3, 1, 3, 1, 2, 2, 2, 2, 3, 1, 1, 1, 3, 1, 3, 3, 1, 3, 2, 2, 1, 2, 2, 2, 3, 2, 2, 3, 1, 3, 2, 3, 2, 1, 2, 2, 2, 2, 2, 1, 2, 3, 3, 1, 1, 2, 1, 3, 3, 2, 3, 3, 2, 2, 3, 3, 2, 3, 2, 2, 1, 2, 1, 2, 3, 2, 2, 1, 2, 3, 1, 1, 3, 2, 2, 3, 1, 3, 2, 3, 2, 2, 3, 3, 2, 2, 2, 1, 1, 3, 3, 3, 1, 2, 2, 2, 2, 2, 3, 2, 3, 2, 1, 2, 1, 1, 3, 3, 2, 2, 3, 1, 1, 2, 3, 1, 3, 3, 3, 3, 3, 3, 1, 2, 1, 2, 3, 3, 2, 2, 1, 3, 2, 1, 3, 3, 1, 3, 2, 3, 2, 3, 1, 1, 2, 2, 3, 2, 2, 2, 3, 2, 1, 1, 3, 2, 2, 2, 1, 3, 3, 3, 2, 3, 1, 2, 1, 2, 2, 2, 1, 1, 1, 1, 3, 3, 1, 3, 3, 1, 3, 3, 2, 3, 1, 3, 3, 3, 1, 1, 2, 3, 3, 1, 1, 2, 2, 3, 3, 3, 2, 2, 3, 3, 2, 1, 3, 2, 3, 3, 2, 2, 1, 2, 2, 2, 2, 1, 1, 1, 3, 3, 2, 3, 2, 3, 3, 2, 1, 2, 3, 3, 2, 2, 2, 3, 2, 3, 1, 2, 2, 3, 2, 2, 3, 1, 2, 1, 2, 1, 3, 1, 3, 2, 3, 2, 1, 2, 1, 1, 2, 1, 2, 3, 2, 3, 1, 3, 1, 3, 2, 3, 2, 3, 3, 2, 1, 3, 1, 3, 3, 2, 1, 1, 2, 2, 2, 3, 2, 3, 3, 3, 2, 3, 3, 1, 3, 1, 3, 2, 1, 1, 3, 2, 2, 3, 1, 2, 3, 2, 2, 3, 1, 1, 1, 2, 1, 2, 1, 3, 1, 1, 2, 2, 3, 1, 2, 2, 3, 2, 2, 2, 3, 1, 2, 1, 2, 1, 2, 1, 1, 1, 2, 1, 2, 3, 2, 2, 3, 3, 3, 3, 3, 1, 2, 3, 1, 3, 1, 2, 1, 1, 2, 2, 2, 1, 3, 2, 3, 3, 1, 1, 3, 3, 3, 2, 3, 1, 1, 2, 3, 3, 2, 2, 1, 2, 1, 2, 2, 2, 1, 3, 1, 3, 3, 3, 2, 2, 1, 3, 2, 2, 3, 3, 2, 3, 2, 3, 1, 2, 3, 1, 3, 3, 3, 2, 2, 1, 1, 3, 2, 1, 3, 1, 2, 2, 3, 1, 3, 3, 3, 3, 2, 2, 3, 3, 1, 2, 3, 2, 2, 3, 3, 2, 3, 3, 2, 3, 2, 3, 3, 3, 3, 3, 3, 2, 3, 3, 3, 1, 1, 2, 1, 1, 2, 3, 2, 1, 2, 2, 3, 3, 3, 2, 3, 3, 1, 3, 3, 1, 3, 1, 2, 2, 3, 2, 2, 2, 2, 2, 3, 1, 2, 2, 1, 1, 1, 3, 1, 3, 1, 1, 1, 2, 2, 1, 3, 1, 3, 2, 1, 1, 1, 3, 3, 2, 3, 1, 2, 3, 2, 3, 1, 3, 1, 2, 1, 1, 3, 2]
02/23/2023 12:50:24:INFO: ---------Evaluated Metrics----------
02/23/2023 12:50:24:INFO: Accuracy: 0.4656.
02/23/2023 12:50:24:INFO: Macro Precision: 0.4627387318563789.
02/23/2023 12:50:24:INFO: Macro Recall: 0.4789248192180817.
02/23/2023 12:50:24:INFO: Macro F1 score: 0.46636963526455305.
02/23/2023 12:50:24:INFO: ---------confusion_matrix----------
02/23/2023 12:50:24:INFO: 
[[ 74  54  30]
 [ 79 117  94]
 [ 17  60 100]]
02/23/2023 12:50:24:INFO: 模型效果验证详情: {'位置第一个显示标签': 41, '其他位置有情感标签': 0, '全句没有情感标签': 0}.
02/23/2023 12:50:24:INFO: ----------------------Evaluate finished.------------------------
02/23/2023 12:50:24:INFO: --------------Epoch. 9.---------------
02/23/2023 12:50:24:INFO: [Epoch. 9.]: 100%|| 15/15 [00:00<00:00, 17.76it/s, avg_loss=0.199]
02/23/2023 12:50:24:INFO: Epoch 9, average loss: 0.19915621081988016
02/23/2023 12:50:24:INFO: --------------Evaluate on Epoch. 9.---------------
02/23/2023 12:50:24:INFO: tensor([28996, 28997, 28998], device='cuda:0')
02/23/2023 12:50:28:INFO: **********Results Comparison**********
02/23/2023 12:50:28:INFO: 真实标签: 
 [2, 1, 3, 1, 2, 1, 3, 2, 3, 1, 1, 3, 1, 1, 3, 1, 2, 1, 1, 2, 2, 3, 2, 1, 2, 2, 2, 2, 3, 1, 2, 2, 2, 2, 2, 2, 2, 1, 2, 1, 1, 2, 2, 2, 3, 2, 2, 3, 2, 2, 3, 3, 3, 3, 3, 2, 2, 1, 2, 3, 1, 2, 3, 1, 1, 3, 3, 1, 2, 3, 2, 2, 2, 1, 3, 2, 1, 1, 2, 1, 3, 1, 2, 1, 1, 2, 3, 3, 1, 2, 2, 2, 3, 2, 3, 2, 1, 2, 1, 1, 1, 2, 1, 2, 3, 1, 1, 2, 2, 3, 3, 2, 3, 2, 3, 2, 2, 2, 1, 2, 2, 3, 2, 2, 3, 2, 3, 3, 2, 1, 2, 3, 1, 1, 1, 2, 3, 3, 1, 2, 1, 1, 3, 2, 2, 3, 3, 2, 2, 2, 1, 2, 2, 1, 2, 1, 1, 1, 2, 3, 2, 1, 1, 3, 2, 2, 1, 2, 3, 1, 3, 2, 3, 2, 2, 2, 2, 3, 1, 2, 2, 3, 1, 2, 3, 3, 3, 3, 2, 3, 3, 2, 1, 3, 3, 1, 2, 2, 3, 1, 1, 3, 3, 2, 2, 3, 2, 1, 3, 1, 1, 3, 1, 2, 2, 3, 2, 3, 1, 1, 2, 2, 3, 3, 1, 2, 2, 1, 2, 1, 3, 2, 1, 3, 3, 2, 1, 1, 2, 3, 2, 2, 2, 2, 1, 3, 3, 2, 3, 3, 1, 2, 3, 2, 1, 3, 2, 2, 1, 2, 2, 1, 3, 2, 2, 2, 1, 2, 2, 2, 3, 2, 3, 3, 2, 2, 2, 3, 2, 2, 3, 3, 3, 1, 2, 1, 2, 3, 2, 2, 1, 2, 3, 3, 3, 2, 1, 2, 3, 3, 1, 3, 3, 1, 2, 2, 3, 3, 1, 2, 1, 3, 2, 2, 1, 3, 2, 1, 2, 2, 3, 2, 3, 2, 3, 2, 3, 3, 1, 1, 1, 2, 2, 1, 2, 1, 3, 3, 3, 3, 1, 2, 3, 2, 2, 2, 1, 3, 2, 3, 2, 1, 2, 2, 1, 2, 2, 3, 1, 3, 2, 2, 3, 1, 2, 2, 3, 2, 3, 2, 2, 2, 2, 1, 2, 1, 2, 1, 1, 2, 2, 1, 3, 3, 2, 2, 2, 2, 3, 3, 2, 2, 1, 2, 2, 2, 2, 2, 3, 3, 1, 1, 2, 2, 2, 3, 2, 1, 2, 2, 1, 2, 2, 3, 3, 2, 3, 2, 1, 3, 1, 2, 1, 1, 3, 2, 1, 2, 1, 2, 1, 2, 2, 2, 2, 2, 2, 3, 2, 3, 3, 2, 1, 2, 3, 2, 3, 3, 2, 2, 2, 2, 3, 1, 2, 3, 1, 2, 2, 2, 2, 3, 2, 3, 2, 1, 1, 2, 3, 1, 3, 2, 1, 2, 3, 2, 2, 2, 1, 3, 1, 1, 1, 2, 3, 1, 3, 1, 3, 3, 2, 2, 3, 1, 3, 2, 1, 3, 3, 2, 2, 3, 2, 2, 2, 2, 2, 1, 2, 2, 2, 2, 2, 2, 2, 3, 2, 2, 1, 2, 3, 3, 1, 3, 3, 3, 3, 2, 2, 2, 2, 1, 3, 2, 3, 2, 2, 2, 3, 2, 3, 3, 3, 2, 3, 1, 2, 3, 3, 1, 2, 3, 2, 1, 2, 1, 2, 1, 3, 3, 3, 1, 1, 2, 2, 2, 2, 2, 2, 2, 2, 1, 3, 2, 1, 1, 2, 2, 2, 2, 3, 1, 2, 1, 2, 2, 1, 3, 1, 2, 1, 2, 2, 1, 3, 2, 1, 2, 2, 2, 2, 1, 3, 1, 2, 1, 2, 1, 2, 2, 1, 3, 2, 2, 3, 2, 3, 1, 2, 2, 1, 1, 3, 2, 3]
02/23/2023 12:50:28:INFO: 预测标签: 
 [2, 2, 3, 2, 2, 1, 2, 1, 1, 1, 1, 3, 1, 2, 3, 1, 2, 3, 3, 3, 1, 3, 2, 2, 2, 2, 2, 3, 3, 2, 1, 3, 3, 3, 2, 1, 3, 2, 3, 1, 2, 3, 2, 1, 3, 3, 2, 3, 3, 2, 2, 3, 2, 2, 2, 2, 1, 2, 3, 3, 2, 2, 3, 3, 3, 3, 2, 1, 2, 1, 3, 2, 2, 1, 3, 2, 1, 3, 2, 3, 3, 2, 3, 1, 2, 1, 2, 2, 3, 1, 1, 2, 2, 1, 2, 3, 3, 3, 1, 2, 2, 2, 2, 3, 1, 1, 1, 3, 1, 3, 3, 1, 3, 2, 2, 2, 2, 2, 2, 3, 2, 2, 3, 1, 3, 2, 3, 2, 1, 2, 2, 2, 2, 2, 1, 2, 3, 3, 3, 1, 2, 1, 3, 3, 2, 3, 3, 2, 2, 3, 3, 2, 3, 2, 2, 1, 2, 1, 2, 3, 2, 2, 1, 2, 2, 2, 1, 3, 2, 2, 3, 1, 3, 2, 3, 2, 2, 3, 3, 2, 2, 2, 2, 3, 3, 3, 3, 3, 2, 2, 2, 2, 2, 3, 2, 3, 2, 1, 2, 1, 1, 3, 3, 2, 2, 3, 1, 1, 2, 3, 1, 3, 3, 3, 3, 3, 3, 1, 2, 1, 2, 3, 3, 2, 2, 1, 3, 2, 3, 3, 3, 3, 3, 2, 3, 2, 3, 1, 3, 2, 2, 3, 2, 2, 2, 3, 2, 3, 1, 3, 2, 2, 2, 1, 3, 3, 3, 2, 3, 3, 2, 1, 2, 2, 2, 1, 1, 1, 2, 3, 2, 1, 3, 3, 1, 3, 3, 2, 3, 1, 3, 3, 3, 1, 1, 2, 3, 3, 1, 1, 2, 2, 3, 3, 3, 2, 2, 3, 3, 2, 1, 3, 2, 3, 3, 2, 2, 3, 2, 2, 2, 2, 1, 1, 1, 3, 3, 2, 3, 2, 3, 3, 2, 1, 2, 3, 3, 2, 2, 2, 3, 2, 3, 1, 2, 2, 3, 2, 2, 3, 1, 2, 1, 2, 2, 3, 1, 3, 2, 3, 2, 1, 2, 1, 1, 2, 1, 2, 3, 2, 3, 1, 3, 1, 3, 2, 3, 2, 3, 3, 2, 1, 3, 1, 3, 2, 2, 1, 1, 2, 2, 2, 3, 2, 3, 3, 3, 2, 3, 3, 1, 3, 1, 3, 2, 1, 3, 3, 2, 2, 3, 1, 2, 3, 2, 2, 3, 1, 3, 1, 2, 1, 2, 1, 3, 1, 2, 2, 2, 3, 1, 2, 2, 3, 2, 2, 2, 3, 1, 2, 1, 2, 1, 2, 1, 1, 1, 2, 1, 2, 3, 2, 2, 3, 3, 3, 3, 3, 1, 2, 3, 1, 3, 1, 2, 1, 1, 2, 2, 2, 1, 3, 2, 3, 3, 1, 2, 3, 3, 3, 2, 3, 3, 2, 2, 3, 3, 2, 2, 1, 2, 1, 2, 2, 2, 1, 3, 1, 3, 3, 3, 2, 2, 3, 3, 2, 2, 3, 3, 2, 3, 2, 3, 1, 2, 3, 1, 3, 3, 3, 2, 2, 1, 3, 2, 2, 3, 3, 1, 2, 2, 3, 1, 3, 3, 2, 3, 2, 2, 3, 3, 1, 2, 3, 2, 2, 3, 3, 2, 3, 3, 2, 3, 2, 3, 3, 3, 3, 3, 2, 2, 3, 3, 3, 1, 1, 2, 1, 1, 2, 2, 2, 1, 2, 2, 3, 3, 3, 2, 3, 3, 1, 3, 3, 3, 3, 1, 2, 2, 3, 2, 2, 2, 2, 2, 3, 1, 2, 2, 1, 1, 1, 3, 1, 3, 1, 1, 1, 2, 2, 3, 3, 1, 3, 2, 1, 1, 1, 3, 3, 2, 3, 2, 2, 3, 2, 3, 2, 3, 1, 2, 1, 1, 2, 2]
02/23/2023 12:50:28:INFO: ---------Evaluated Metrics----------
02/23/2023 12:50:28:INFO: Accuracy: 0.4656.
02/23/2023 12:50:28:INFO: Macro Precision: 0.46654364980872803.
02/23/2023 12:50:28:INFO: Macro Recall: 0.46954849114811825.
02/23/2023 12:50:28:INFO: Macro F1 score: 0.4630241422201267.
02/23/2023 12:50:28:INFO: ---------confusion_matrix----------
02/23/2023 12:50:28:INFO: 
[[ 65  59  34]
 [ 59 127 104]
 [ 12  66  99]]
02/23/2023 12:50:28:INFO: 模型效果验证详情: {'位置第一个显示标签': 77, '其他位置有情感标签': 0, '全句没有情感标签': 0}.
02/23/2023 12:50:28:INFO: ----------------------Evaluate finished.------------------------
02/23/2023 12:50:28:INFO: --------------Epoch. 10.---------------
02/23/2023 12:50:28:INFO: [Epoch. 10.]: 100%|| 15/15 [00:00<00:00, 17.62it/s, avg_loss=0.173]
02/23/2023 12:50:28:INFO: Epoch 10, average loss: 0.17297754337390264
02/23/2023 12:50:28:INFO: --------------Evaluate on Epoch. 10.---------------
02/23/2023 12:50:28:INFO: tensor([28996, 28997, 28998], device='cuda:0')
02/23/2023 12:50:32:INFO: **********Results Comparison**********
02/23/2023 12:50:32:INFO: 真实标签: 
 [2, 1, 3, 1, 2, 1, 3, 2, 3, 1, 1, 3, 1, 1, 3, 1, 2, 1, 1, 2, 2, 3, 2, 1, 2, 2, 2, 2, 3, 1, 2, 2, 2, 2, 2, 2, 2, 1, 2, 1, 1, 2, 2, 2, 3, 2, 2, 3, 2, 2, 3, 3, 3, 3, 3, 2, 2, 1, 2, 3, 1, 2, 3, 1, 1, 3, 3, 1, 2, 3, 2, 2, 2, 1, 3, 2, 1, 1, 2, 1, 3, 1, 2, 1, 1, 2, 3, 3, 1, 2, 2, 2, 3, 2, 3, 2, 1, 2, 1, 1, 1, 2, 1, 2, 3, 1, 1, 2, 2, 3, 3, 2, 3, 2, 3, 2, 2, 2, 1, 2, 2, 3, 2, 2, 3, 2, 3, 3, 2, 1, 2, 3, 1, 1, 1, 2, 3, 3, 1, 2, 1, 1, 3, 2, 2, 3, 3, 2, 2, 2, 1, 2, 2, 1, 2, 1, 1, 1, 2, 3, 2, 1, 1, 3, 2, 2, 1, 2, 3, 1, 3, 2, 3, 2, 2, 2, 2, 3, 1, 2, 2, 3, 1, 2, 3, 3, 3, 3, 2, 3, 3, 2, 1, 3, 3, 1, 2, 2, 3, 1, 1, 3, 3, 2, 2, 3, 2, 1, 3, 1, 1, 3, 1, 2, 2, 3, 2, 3, 1, 1, 2, 2, 3, 3, 1, 2, 2, 1, 2, 1, 3, 2, 1, 3, 3, 2, 1, 1, 2, 3, 2, 2, 2, 2, 1, 3, 3, 2, 3, 3, 1, 2, 3, 2, 1, 3, 2, 2, 1, 2, 2, 1, 3, 2, 2, 2, 1, 2, 2, 2, 3, 2, 3, 3, 2, 2, 2, 3, 2, 2, 3, 3, 3, 1, 2, 1, 2, 3, 2, 2, 1, 2, 3, 3, 3, 2, 1, 2, 3, 3, 1, 3, 3, 1, 2, 2, 3, 3, 1, 2, 1, 3, 2, 2, 1, 3, 2, 1, 2, 2, 3, 2, 3, 2, 3, 2, 3, 3, 1, 1, 1, 2, 2, 1, 2, 1, 3, 3, 3, 3, 1, 2, 3, 2, 2, 2, 1, 3, 2, 3, 2, 1, 2, 2, 1, 2, 2, 3, 1, 3, 2, 2, 3, 1, 2, 2, 3, 2, 3, 2, 2, 2, 2, 1, 2, 1, 2, 1, 1, 2, 2, 1, 3, 3, 2, 2, 2, 2, 3, 3, 2, 2, 1, 2, 2, 2, 2, 2, 3, 3, 1, 1, 2, 2, 2, 3, 2, 1, 2, 2, 1, 2, 2, 3, 3, 2, 3, 2, 1, 3, 1, 2, 1, 1, 3, 2, 1, 2, 1, 2, 1, 2, 2, 2, 2, 2, 2, 3, 2, 3, 3, 2, 1, 2, 3, 2, 3, 3, 2, 2, 2, 2, 3, 1, 2, 3, 1, 2, 2, 2, 2, 3, 2, 3, 2, 1, 1, 2, 3, 1, 3, 2, 1, 2, 3, 2, 2, 2, 1, 3, 1, 1, 1, 2, 3, 1, 3, 1, 3, 3, 2, 2, 3, 1, 3, 2, 1, 3, 3, 2, 2, 3, 2, 2, 2, 2, 2, 1, 2, 2, 2, 2, 2, 2, 2, 3, 2, 2, 1, 2, 3, 3, 1, 3, 3, 3, 3, 2, 2, 2, 2, 1, 3, 2, 3, 2, 2, 2, 3, 2, 3, 3, 3, 2, 3, 1, 2, 3, 3, 1, 2, 3, 2, 1, 2, 1, 2, 1, 3, 3, 3, 1, 1, 2, 2, 2, 2, 2, 2, 2, 2, 1, 3, 2, 1, 1, 2, 2, 2, 2, 3, 1, 2, 1, 2, 2, 1, 3, 1, 2, 1, 2, 2, 1, 3, 2, 1, 2, 2, 2, 2, 1, 3, 1, 2, 1, 2, 1, 2, 2, 1, 3, 2, 2, 3, 2, 3, 1, 2, 2, 1, 1, 3, 2, 3]
02/23/2023 12:50:32:INFO: 预测标签: 
 [2, 2, 3, 2, 2, 1, 2, 1, 1, 1, 1, 3, 1, 2, 3, 1, 2, 1, 3, 3, 1, 3, 2, 2, 2, 2, 2, 3, 3, 2, 1, 3, 1, 3, 2, 1, 3, 2, 1, 1, 2, 3, 2, 1, 3, 3, 1, 1, 3, 2, 2, 3, 1, 3, 2, 2, 1, 2, 3, 3, 2, 2, 1, 1, 3, 3, 2, 1, 1, 1, 3, 2, 2, 1, 3, 2, 1, 3, 2, 3, 3, 2, 3, 1, 2, 1, 2, 2, 3, 1, 1, 2, 2, 1, 2, 3, 1, 3, 1, 2, 2, 2, 2, 3, 1, 1, 1, 3, 1, 3, 3, 1, 3, 2, 2, 1, 2, 2, 2, 3, 2, 2, 3, 1, 3, 2, 3, 2, 1, 2, 2, 2, 2, 2, 1, 2, 3, 3, 1, 1, 2, 1, 3, 3, 2, 3, 3, 2, 2, 3, 3, 2, 3, 2, 2, 1, 2, 1, 2, 3, 2, 2, 1, 2, 2, 1, 1, 3, 2, 2, 3, 1, 3, 2, 3, 2, 2, 3, 3, 2, 2, 2, 1, 1, 3, 3, 3, 1, 2, 2, 2, 2, 2, 3, 2, 3, 2, 1, 2, 1, 1, 3, 3, 2, 2, 3, 1, 1, 2, 3, 1, 3, 3, 3, 3, 3, 3, 1, 2, 1, 2, 3, 3, 2, 2, 1, 3, 2, 1, 3, 3, 1, 3, 2, 3, 2, 3, 1, 1, 2, 2, 1, 2, 2, 2, 3, 2, 1, 1, 3, 1, 2, 2, 1, 3, 3, 3, 2, 3, 1, 2, 1, 2, 2, 2, 1, 1, 1, 1, 3, 3, 1, 3, 3, 1, 3, 3, 2, 3, 1, 3, 3, 3, 1, 1, 2, 3, 3, 1, 1, 2, 2, 3, 3, 3, 2, 2, 3, 3, 2, 1, 3, 2, 3, 3, 2, 2, 1, 2, 2, 2, 1, 1, 1, 1, 3, 3, 2, 3, 2, 3, 3, 2, 1, 2, 3, 3, 2, 2, 2, 3, 2, 1, 1, 2, 2, 3, 2, 2, 3, 1, 2, 1, 2, 1, 3, 1, 3, 2, 3, 2, 1, 2, 1, 1, 2, 1, 2, 3, 2, 3, 1, 3, 1, 3, 2, 3, 2, 3, 3, 2, 1, 3, 1, 3, 3, 2, 1, 1, 2, 2, 2, 3, 2, 3, 3, 3, 2, 3, 3, 1, 3, 1, 3, 2, 1, 1, 3, 2, 2, 3, 1, 2, 3, 2, 2, 3, 1, 1, 1, 2, 1, 2, 1, 3, 1, 1, 2, 2, 3, 1, 2, 2, 3, 3, 2, 2, 3, 1, 2, 1, 2, 1, 2, 1, 1, 1, 2, 1, 2, 3, 2, 2, 3, 3, 3, 3, 3, 1, 2, 3, 1, 3, 1, 2, 1, 1, 2, 2, 2, 1, 3, 2, 3, 3, 1, 1, 3, 3, 3, 2, 3, 1, 1, 2, 3, 3, 2, 2, 1, 1, 1, 2, 2, 2, 1, 3, 1, 3, 3, 3, 2, 2, 1, 3, 2, 2, 3, 3, 2, 3, 2, 3, 1, 2, 3, 1, 3, 3, 3, 2, 2, 1, 1, 2, 2, 1, 3, 1, 2, 2, 3, 1, 3, 1, 3, 3, 2, 2, 3, 3, 1, 2, 3, 2, 2, 3, 3, 2, 3, 3, 2, 3, 2, 3, 3, 3, 3, 3, 3, 2, 3, 3, 3, 1, 1, 2, 1, 1, 2, 2, 2, 1, 2, 1, 3, 3, 3, 2, 3, 3, 1, 3, 3, 1, 3, 1, 2, 2, 3, 2, 2, 2, 2, 2, 3, 1, 2, 2, 1, 1, 1, 3, 1, 3, 1, 1, 1, 2, 2, 1, 3, 1, 3, 2, 1, 1, 1, 3, 3, 2, 3, 1, 2, 3, 2, 3, 1, 3, 1, 2, 1, 1, 2, 2]
02/23/2023 12:50:32:INFO: ---------Evaluated Metrics----------
02/23/2023 12:50:32:INFO: Accuracy: 0.4688.
02/23/2023 12:50:32:INFO: Macro Precision: 0.4655884414254137.
02/23/2023 12:50:32:INFO: Macro Recall: 0.48263688008673916.
02/23/2023 12:50:32:INFO: Macro F1 score: 0.46968988457147737.
02/23/2023 12:50:32:INFO: ---------confusion_matrix----------
02/23/2023 12:50:32:INFO: 
[[ 77  52  29]
 [ 83 118  89]
 [ 20  59  98]]
02/23/2023 12:50:32:INFO: 模型效果验证详情: {'位置第一个显示标签': 91, '其他位置有情感标签': 0, '全句没有情感标签': 0}.
02/23/2023 12:50:32:INFO: ----------------------Evaluate finished.------------------------
02/23/2023 12:50:32:INFO: --------------Epoch. 11.---------------
02/23/2023 12:50:32:INFO: [Epoch. 11.]: 100%|| 15/15 [00:00<00:00, 17.71it/s, avg_loss=0.16]
02/23/2023 12:50:32:INFO: Epoch 11, average loss: 0.16006091038386028
02/23/2023 12:50:32:INFO: --------------Evaluate on Epoch. 11.---------------
02/23/2023 12:50:32:INFO: tensor([28996, 28997, 28998], device='cuda:0')
02/23/2023 12:50:35:INFO: **********Results Comparison**********
02/23/2023 12:50:35:INFO: 真实标签: 
 [2, 1, 3, 1, 2, 1, 3, 2, 3, 1, 1, 3, 1, 1, 3, 1, 2, 1, 1, 2, 2, 3, 2, 1, 2, 2, 2, 2, 3, 1, 2, 2, 2, 2, 2, 2, 2, 1, 2, 1, 1, 2, 2, 2, 3, 2, 2, 3, 2, 2, 3, 3, 3, 3, 3, 2, 2, 1, 2, 3, 1, 2, 3, 1, 1, 3, 3, 1, 2, 3, 2, 2, 2, 1, 3, 2, 1, 1, 2, 1, 3, 1, 2, 1, 1, 2, 3, 3, 1, 2, 2, 2, 3, 2, 3, 2, 1, 2, 1, 1, 1, 2, 1, 2, 3, 1, 1, 2, 2, 3, 3, 2, 3, 2, 3, 2, 2, 2, 1, 2, 2, 3, 2, 2, 3, 2, 3, 3, 2, 1, 2, 3, 1, 1, 1, 2, 3, 3, 1, 2, 1, 1, 3, 2, 2, 3, 3, 2, 2, 2, 1, 2, 2, 1, 2, 1, 1, 1, 2, 3, 2, 1, 1, 3, 2, 2, 1, 2, 3, 1, 3, 2, 3, 2, 2, 2, 2, 3, 1, 2, 2, 3, 1, 2, 3, 3, 3, 3, 2, 3, 3, 2, 1, 3, 3, 1, 2, 2, 3, 1, 1, 3, 3, 2, 2, 3, 2, 1, 3, 1, 1, 3, 1, 2, 2, 3, 2, 3, 1, 1, 2, 2, 3, 3, 1, 2, 2, 1, 2, 1, 3, 2, 1, 3, 3, 2, 1, 1, 2, 3, 2, 2, 2, 2, 1, 3, 3, 2, 3, 3, 1, 2, 3, 2, 1, 3, 2, 2, 1, 2, 2, 1, 3, 2, 2, 2, 1, 2, 2, 2, 3, 2, 3, 3, 2, 2, 2, 3, 2, 2, 3, 3, 3, 1, 2, 1, 2, 3, 2, 2, 1, 2, 3, 3, 3, 2, 1, 2, 3, 3, 1, 3, 3, 1, 2, 2, 3, 3, 1, 2, 1, 3, 2, 2, 1, 3, 2, 1, 2, 2, 3, 2, 3, 2, 3, 2, 3, 3, 1, 1, 1, 2, 2, 1, 2, 1, 3, 3, 3, 3, 1, 2, 3, 2, 2, 2, 1, 3, 2, 3, 2, 1, 2, 2, 1, 2, 2, 3, 1, 3, 2, 2, 3, 1, 2, 2, 3, 2, 3, 2, 2, 2, 2, 1, 2, 1, 2, 1, 1, 2, 2, 1, 3, 3, 2, 2, 2, 2, 3, 3, 2, 2, 1, 2, 2, 2, 2, 2, 3, 3, 1, 1, 2, 2, 2, 3, 2, 1, 2, 2, 1, 2, 2, 3, 3, 2, 3, 2, 1, 3, 1, 2, 1, 1, 3, 2, 1, 2, 1, 2, 1, 2, 2, 2, 2, 2, 2, 3, 2, 3, 3, 2, 1, 2, 3, 2, 3, 3, 2, 2, 2, 2, 3, 1, 2, 3, 1, 2, 2, 2, 2, 3, 2, 3, 2, 1, 1, 2, 3, 1, 3, 2, 1, 2, 3, 2, 2, 2, 1, 3, 1, 1, 1, 2, 3, 1, 3, 1, 3, 3, 2, 2, 3, 1, 3, 2, 1, 3, 3, 2, 2, 3, 2, 2, 2, 2, 2, 1, 2, 2, 2, 2, 2, 2, 2, 3, 2, 2, 1, 2, 3, 3, 1, 3, 3, 3, 3, 2, 2, 2, 2, 1, 3, 2, 3, 2, 2, 2, 3, 2, 3, 3, 3, 2, 3, 1, 2, 3, 3, 1, 2, 3, 2, 1, 2, 1, 2, 1, 3, 3, 3, 1, 1, 2, 2, 2, 2, 2, 2, 2, 2, 1, 3, 2, 1, 1, 2, 2, 2, 2, 3, 1, 2, 1, 2, 2, 1, 3, 1, 2, 1, 2, 2, 1, 3, 2, 1, 2, 2, 2, 2, 1, 3, 1, 2, 1, 2, 1, 2, 2, 1, 3, 2, 2, 3, 2, 3, 1, 2, 2, 1, 1, 3, 2, 3]
02/23/2023 12:50:35:INFO: 预测标签: 
 [2, 3, 3, 2, 2, 1, 2, 1, 1, 1, 1, 3, 1, 2, 3, 1, 2, 1, 3, 3, 1, 3, 2, 2, 2, 2, 2, 3, 3, 1, 1, 3, 3, 3, 2, 1, 3, 2, 1, 1, 2, 3, 2, 1, 3, 3, 1, 3, 3, 2, 2, 3, 1, 3, 3, 2, 1, 2, 3, 3, 2, 2, 1, 1, 3, 3, 2, 1, 1, 1, 3, 2, 2, 1, 3, 2, 1, 3, 2, 3, 3, 2, 3, 1, 1, 1, 2, 2, 3, 1, 1, 2, 3, 1, 2, 3, 1, 3, 1, 1, 2, 2, 2, 3, 1, 1, 1, 3, 1, 3, 3, 1, 3, 2, 3, 1, 2, 2, 2, 3, 2, 2, 3, 1, 3, 2, 3, 2, 1, 2, 2, 2, 3, 2, 1, 2, 3, 3, 1, 1, 2, 1, 3, 3, 2, 3, 3, 2, 2, 3, 3, 2, 3, 2, 3, 1, 2, 1, 2, 3, 2, 2, 1, 3, 3, 1, 1, 3, 2, 2, 3, 1, 3, 2, 3, 2, 2, 3, 3, 2, 1, 2, 1, 1, 3, 3, 3, 1, 2, 2, 2, 2, 2, 3, 2, 3, 2, 1, 3, 1, 1, 3, 3, 2, 2, 3, 1, 1, 2, 3, 1, 3, 3, 3, 3, 3, 3, 1, 2, 1, 3, 3, 3, 2, 2, 1, 3, 2, 1, 3, 3, 1, 3, 2, 3, 2, 3, 1, 1, 3, 1, 1, 2, 2, 2, 3, 2, 1, 1, 3, 1, 2, 3, 1, 3, 3, 3, 2, 3, 1, 2, 1, 2, 2, 2, 1, 1, 1, 1, 1, 3, 1, 3, 3, 1, 3, 3, 3, 3, 1, 3, 3, 3, 1, 1, 2, 3, 3, 1, 1, 1, 2, 3, 3, 3, 2, 2, 3, 3, 1, 1, 3, 2, 3, 3, 2, 2, 1, 2, 2, 2, 1, 1, 1, 1, 3, 3, 1, 3, 2, 3, 3, 1, 1, 2, 3, 3, 3, 2, 2, 3, 2, 1, 1, 2, 2, 3, 2, 2, 3, 1, 2, 1, 1, 1, 3, 1, 3, 2, 3, 2, 1, 3, 1, 1, 2, 1, 2, 3, 2, 3, 1, 3, 1, 3, 3, 3, 2, 3, 3, 2, 1, 3, 1, 3, 3, 1, 1, 1, 2, 2, 2, 3, 2, 3, 3, 3, 2, 3, 3, 1, 3, 1, 3, 2, 1, 3, 3, 2, 2, 3, 1, 3, 3, 2, 2, 3, 1, 1, 1, 2, 1, 2, 1, 3, 1, 1, 2, 2, 3, 1, 2, 2, 3, 3, 2, 2, 3, 1, 1, 1, 2, 1, 2, 1, 1, 1, 2, 1, 2, 3, 2, 2, 3, 3, 3, 3, 3, 1, 2, 3, 1, 3, 1, 2, 1, 1, 2, 2, 2, 1, 3, 2, 3, 3, 1, 1, 3, 3, 3, 3, 3, 1, 1, 2, 3, 3, 2, 2, 1, 1, 1, 2, 2, 1, 1, 3, 1, 3, 3, 3, 2, 2, 1, 3, 2, 1, 3, 3, 2, 3, 2, 3, 1, 2, 3, 1, 3, 3, 3, 2, 2, 1, 3, 1, 2, 1, 3, 1, 2, 2, 3, 1, 3, 3, 3, 3, 2, 2, 3, 3, 1, 2, 3, 2, 2, 3, 3, 2, 3, 3, 3, 3, 2, 3, 3, 3, 3, 3, 3, 2, 3, 3, 3, 1, 1, 2, 1, 1, 3, 3, 1, 1, 1, 1, 3, 3, 3, 2, 3, 3, 1, 3, 3, 1, 3, 1, 2, 2, 3, 2, 2, 2, 1, 2, 3, 1, 2, 3, 1, 1, 1, 3, 1, 3, 1, 1, 1, 3, 2, 3, 3, 1, 3, 2, 1, 1, 1, 3, 3, 2, 3, 1, 2, 3, 2, 3, 1, 3, 1, 2, 1, 1, 3, 2]
02/23/2023 12:50:35:INFO: ---------Evaluated Metrics----------
02/23/2023 12:50:35:INFO: Accuracy: 0.4816.
02/23/2023 12:50:35:INFO: Macro Precision: 0.48414704553512405.
02/23/2023 12:50:35:INFO: Macro Recall: 0.5105217254778175.
02/23/2023 12:50:35:INFO: Macro F1 score: 0.48391377870647.
02/23/2023 12:50:35:INFO: ---------confusion_matrix----------
02/23/2023 12:50:35:INFO: 
[[ 85  41  32]
 [ 87 103 100]
 [ 21  43 113]]
02/23/2023 12:50:35:INFO: 模型效果验证详情: {'位置第一个显示标签': 114, '其他位置有情感标签': 0, '全句没有情感标签': 0}.
02/23/2023 12:50:35:INFO: ----------------------Evaluate finished.------------------------
02/23/2023 12:50:35:INFO: --------------Epoch. 12.---------------
02/23/2023 12:50:36:INFO: [Epoch. 12.]: 100%|| 15/15 [00:00<00:00, 17.74it/s, avg_loss=0.138]
02/23/2023 12:50:36:INFO: Epoch 12, average loss: 0.13821379567186037
02/23/2023 12:50:36:INFO: --------------Evaluate on Epoch. 12.---------------
02/23/2023 12:50:36:INFO: tensor([28996, 28997, 28998], device='cuda:0')
02/23/2023 12:50:39:INFO: **********Results Comparison**********
02/23/2023 12:50:39:INFO: 真实标签: 
 [2, 1, 3, 1, 2, 1, 3, 2, 3, 1, 1, 3, 1, 1, 3, 1, 2, 1, 1, 2, 2, 3, 2, 1, 2, 2, 2, 2, 3, 1, 2, 2, 2, 2, 2, 2, 2, 1, 2, 1, 1, 2, 2, 2, 3, 2, 2, 3, 2, 2, 3, 3, 3, 3, 3, 2, 2, 1, 2, 3, 1, 2, 3, 1, 1, 3, 3, 1, 2, 3, 2, 2, 2, 1, 3, 2, 1, 1, 2, 1, 3, 1, 2, 1, 1, 2, 3, 3, 1, 2, 2, 2, 3, 2, 3, 2, 1, 2, 1, 1, 1, 2, 1, 2, 3, 1, 1, 2, 2, 3, 3, 2, 3, 2, 3, 2, 2, 2, 1, 2, 2, 3, 2, 2, 3, 2, 3, 3, 2, 1, 2, 3, 1, 1, 1, 2, 3, 3, 1, 2, 1, 1, 3, 2, 2, 3, 3, 2, 2, 2, 1, 2, 2, 1, 2, 1, 1, 1, 2, 3, 2, 1, 1, 3, 2, 2, 1, 2, 3, 1, 3, 2, 3, 2, 2, 2, 2, 3, 1, 2, 2, 3, 1, 2, 3, 3, 3, 3, 2, 3, 3, 2, 1, 3, 3, 1, 2, 2, 3, 1, 1, 3, 3, 2, 2, 3, 2, 1, 3, 1, 1, 3, 1, 2, 2, 3, 2, 3, 1, 1, 2, 2, 3, 3, 1, 2, 2, 1, 2, 1, 3, 2, 1, 3, 3, 2, 1, 1, 2, 3, 2, 2, 2, 2, 1, 3, 3, 2, 3, 3, 1, 2, 3, 2, 1, 3, 2, 2, 1, 2, 2, 1, 3, 2, 2, 2, 1, 2, 2, 2, 3, 2, 3, 3, 2, 2, 2, 3, 2, 2, 3, 3, 3, 1, 2, 1, 2, 3, 2, 2, 1, 2, 3, 3, 3, 2, 1, 2, 3, 3, 1, 3, 3, 1, 2, 2, 3, 3, 1, 2, 1, 3, 2, 2, 1, 3, 2, 1, 2, 2, 3, 2, 3, 2, 3, 2, 3, 3, 1, 1, 1, 2, 2, 1, 2, 1, 3, 3, 3, 3, 1, 2, 3, 2, 2, 2, 1, 3, 2, 3, 2, 1, 2, 2, 1, 2, 2, 3, 1, 3, 2, 2, 3, 1, 2, 2, 3, 2, 3, 2, 2, 2, 2, 1, 2, 1, 2, 1, 1, 2, 2, 1, 3, 3, 2, 2, 2, 2, 3, 3, 2, 2, 1, 2, 2, 2, 2, 2, 3, 3, 1, 1, 2, 2, 2, 3, 2, 1, 2, 2, 1, 2, 2, 3, 3, 2, 3, 2, 1, 3, 1, 2, 1, 1, 3, 2, 1, 2, 1, 2, 1, 2, 2, 2, 2, 2, 2, 3, 2, 3, 3, 2, 1, 2, 3, 2, 3, 3, 2, 2, 2, 2, 3, 1, 2, 3, 1, 2, 2, 2, 2, 3, 2, 3, 2, 1, 1, 2, 3, 1, 3, 2, 1, 2, 3, 2, 2, 2, 1, 3, 1, 1, 1, 2, 3, 1, 3, 1, 3, 3, 2, 2, 3, 1, 3, 2, 1, 3, 3, 2, 2, 3, 2, 2, 2, 2, 2, 1, 2, 2, 2, 2, 2, 2, 2, 3, 2, 2, 1, 2, 3, 3, 1, 3, 3, 3, 3, 2, 2, 2, 2, 1, 3, 2, 3, 2, 2, 2, 3, 2, 3, 3, 3, 2, 3, 1, 2, 3, 3, 1, 2, 3, 2, 1, 2, 1, 2, 1, 3, 3, 3, 1, 1, 2, 2, 2, 2, 2, 2, 2, 2, 1, 3, 2, 1, 1, 2, 2, 2, 2, 3, 1, 2, 1, 2, 2, 1, 3, 1, 2, 1, 2, 2, 1, 3, 2, 1, 2, 2, 2, 2, 1, 3, 1, 2, 1, 2, 1, 2, 2, 1, 3, 2, 2, 3, 2, 3, 1, 2, 2, 1, 1, 3, 2, 3]
02/23/2023 12:50:39:INFO: 预测标签: 
 [2, 2, 3, 2, 2, 1, 2, 1, 1, 1, 1, 3, 1, 2, 3, 1, 2, 3, 3, 3, 1, 3, 2, 2, 2, 2, 2, 3, 3, 1, 1, 3, 3, 3, 2, 1, 3, 2, 1, 1, 2, 3, 2, 1, 3, 3, 1, 3, 3, 2, 2, 3, 1, 3, 3, 2, 1, 2, 3, 3, 2, 2, 1, 3, 3, 3, 2, 1, 1, 1, 3, 2, 2, 1, 3, 2, 1, 3, 2, 3, 3, 2, 3, 1, 1, 1, 2, 2, 3, 1, 1, 2, 3, 1, 2, 3, 3, 3, 1, 1, 2, 2, 2, 3, 1, 1, 1, 3, 1, 3, 3, 1, 3, 2, 3, 1, 2, 2, 2, 3, 2, 2, 3, 1, 3, 2, 3, 2, 1, 2, 2, 2, 3, 2, 1, 2, 3, 3, 1, 1, 2, 1, 3, 3, 2, 3, 3, 2, 2, 3, 3, 2, 3, 2, 3, 1, 2, 1, 2, 3, 2, 2, 1, 3, 3, 1, 1, 3, 2, 2, 3, 1, 3, 2, 3, 2, 2, 3, 3, 2, 1, 2, 1, 1, 3, 3, 3, 1, 2, 2, 2, 2, 2, 3, 2, 3, 2, 1, 3, 1, 1, 3, 3, 2, 2, 3, 1, 1, 2, 3, 1, 3, 3, 3, 3, 3, 3, 1, 2, 1, 2, 3, 3, 2, 2, 1, 3, 2, 3, 3, 3, 1, 3, 2, 3, 2, 3, 1, 1, 3, 1, 1, 2, 2, 2, 3, 2, 1, 1, 3, 1, 2, 3, 1, 3, 3, 3, 2, 3, 1, 2, 1, 2, 2, 2, 1, 1, 1, 1, 1, 3, 1, 3, 3, 1, 3, 3, 3, 3, 1, 3, 3, 3, 1, 1, 2, 3, 3, 1, 1, 1, 2, 3, 3, 3, 2, 2, 3, 3, 1, 1, 3, 2, 3, 3, 2, 2, 1, 2, 2, 2, 1, 1, 1, 1, 3, 3, 1, 3, 2, 3, 3, 2, 1, 2, 3, 3, 3, 2, 2, 3, 2, 1, 1, 2, 2, 3, 2, 2, 3, 1, 2, 1, 1, 1, 3, 1, 3, 2, 3, 2, 1, 2, 1, 1, 2, 1, 2, 3, 2, 3, 1, 3, 1, 3, 2, 3, 2, 3, 3, 2, 1, 3, 1, 3, 3, 1, 1, 1, 2, 2, 2, 3, 2, 3, 3, 3, 2, 3, 3, 1, 3, 1, 3, 2, 1, 3, 3, 2, 2, 3, 1, 3, 3, 2, 2, 3, 1, 3, 1, 2, 1, 2, 1, 3, 1, 1, 2, 2, 3, 1, 2, 2, 3, 3, 2, 2, 3, 1, 1, 1, 2, 1, 2, 1, 1, 1, 2, 1, 2, 3, 2, 2, 3, 3, 3, 3, 3, 1, 2, 3, 1, 3, 1, 2, 1, 1, 2, 2, 2, 1, 3, 2, 3, 3, 1, 1, 3, 3, 3, 3, 3, 1, 1, 2, 3, 3, 2, 2, 1, 1, 1, 2, 2, 1, 1, 3, 1, 3, 3, 3, 2, 2, 1, 3, 2, 2, 3, 3, 2, 3, 2, 3, 1, 2, 3, 1, 3, 3, 3, 2, 2, 1, 3, 1, 2, 1, 3, 1, 2, 2, 3, 1, 3, 3, 3, 3, 2, 2, 3, 3, 1, 2, 3, 2, 2, 3, 3, 2, 3, 3, 3, 3, 2, 3, 3, 3, 3, 3, 3, 2, 3, 3, 3, 1, 1, 2, 1, 1, 3, 3, 2, 1, 1, 1, 3, 3, 3, 2, 3, 3, 1, 3, 3, 3, 3, 1, 2, 2, 3, 2, 2, 2, 1, 2, 3, 1, 2, 3, 1, 1, 1, 3, 1, 3, 1, 1, 1, 3, 2, 3, 3, 1, 3, 2, 1, 1, 1, 3, 3, 2, 3, 1, 2, 3, 2, 3, 1, 3, 1, 2, 1, 1, 3, 2]
02/23/2023 12:50:39:INFO: ---------Evaluated Metrics----------
02/23/2023 12:50:39:INFO: Accuracy: 0.4768.
02/23/2023 12:50:39:INFO: Macro Precision: 0.477743152402262.
02/23/2023 12:50:39:INFO: Macro Recall: 0.5013117734917852.
02/23/2023 12:50:39:INFO: Macro F1 score: 0.4776745669812385.
02/23/2023 12:50:39:INFO: ---------confusion_matrix----------
02/23/2023 12:50:39:INFO: 
[[ 79  44  35]
 [ 85 106  99]
 [ 20  44 113]]
02/23/2023 12:50:39:INFO: 模型效果验证详情: {'位置第一个显示标签': 138, '其他位置有情感标签': 0, '全句没有情感标签': 0}.
02/23/2023 12:50:39:INFO: ----------------------Evaluate finished.------------------------
02/23/2023 12:50:39:INFO: --------------Epoch. 13.---------------
02/23/2023 12:50:40:INFO: [Epoch. 13.]: 100%|| 15/15 [00:00<00:00, 17.84it/s, avg_loss=0.128]
02/23/2023 12:50:40:INFO: Epoch 13, average loss: 0.12809239427248637
02/23/2023 12:50:40:INFO: --------------Evaluate on Epoch. 13.---------------
02/23/2023 12:50:40:INFO: tensor([28996, 28997, 28998], device='cuda:0')
02/23/2023 12:50:43:INFO: **********Results Comparison**********
02/23/2023 12:50:43:INFO: 真实标签: 
 [2, 1, 3, 1, 2, 1, 3, 2, 3, 1, 1, 3, 1, 1, 3, 1, 2, 1, 1, 2, 2, 3, 2, 1, 2, 2, 2, 2, 3, 1, 2, 2, 2, 2, 2, 2, 2, 1, 2, 1, 1, 2, 2, 2, 3, 2, 2, 3, 2, 2, 3, 3, 3, 3, 3, 2, 2, 1, 2, 3, 1, 2, 3, 1, 1, 3, 3, 1, 2, 3, 2, 2, 2, 1, 3, 2, 1, 1, 2, 1, 3, 1, 2, 1, 1, 2, 3, 3, 1, 2, 2, 2, 3, 2, 3, 2, 1, 2, 1, 1, 1, 2, 1, 2, 3, 1, 1, 2, 2, 3, 3, 2, 3, 2, 3, 2, 2, 2, 1, 2, 2, 3, 2, 2, 3, 2, 3, 3, 2, 1, 2, 3, 1, 1, 1, 2, 3, 3, 1, 2, 1, 1, 3, 2, 2, 3, 3, 2, 2, 2, 1, 2, 2, 1, 2, 1, 1, 1, 2, 3, 2, 1, 1, 3, 2, 2, 1, 2, 3, 1, 3, 2, 3, 2, 2, 2, 2, 3, 1, 2, 2, 3, 1, 2, 3, 3, 3, 3, 2, 3, 3, 2, 1, 3, 3, 1, 2, 2, 3, 1, 1, 3, 3, 2, 2, 3, 2, 1, 3, 1, 1, 3, 1, 2, 2, 3, 2, 3, 1, 1, 2, 2, 3, 3, 1, 2, 2, 1, 2, 1, 3, 2, 1, 3, 3, 2, 1, 1, 2, 3, 2, 2, 2, 2, 1, 3, 3, 2, 3, 3, 1, 2, 3, 2, 1, 3, 2, 2, 1, 2, 2, 1, 3, 2, 2, 2, 1, 2, 2, 2, 3, 2, 3, 3, 2, 2, 2, 3, 2, 2, 3, 3, 3, 1, 2, 1, 2, 3, 2, 2, 1, 2, 3, 3, 3, 2, 1, 2, 3, 3, 1, 3, 3, 1, 2, 2, 3, 3, 1, 2, 1, 3, 2, 2, 1, 3, 2, 1, 2, 2, 3, 2, 3, 2, 3, 2, 3, 3, 1, 1, 1, 2, 2, 1, 2, 1, 3, 3, 3, 3, 1, 2, 3, 2, 2, 2, 1, 3, 2, 3, 2, 1, 2, 2, 1, 2, 2, 3, 1, 3, 2, 2, 3, 1, 2, 2, 3, 2, 3, 2, 2, 2, 2, 1, 2, 1, 2, 1, 1, 2, 2, 1, 3, 3, 2, 2, 2, 2, 3, 3, 2, 2, 1, 2, 2, 2, 2, 2, 3, 3, 1, 1, 2, 2, 2, 3, 2, 1, 2, 2, 1, 2, 2, 3, 3, 2, 3, 2, 1, 3, 1, 2, 1, 1, 3, 2, 1, 2, 1, 2, 1, 2, 2, 2, 2, 2, 2, 3, 2, 3, 3, 2, 1, 2, 3, 2, 3, 3, 2, 2, 2, 2, 3, 1, 2, 3, 1, 2, 2, 2, 2, 3, 2, 3, 2, 1, 1, 2, 3, 1, 3, 2, 1, 2, 3, 2, 2, 2, 1, 3, 1, 1, 1, 2, 3, 1, 3, 1, 3, 3, 2, 2, 3, 1, 3, 2, 1, 3, 3, 2, 2, 3, 2, 2, 2, 2, 2, 1, 2, 2, 2, 2, 2, 2, 2, 3, 2, 2, 1, 2, 3, 3, 1, 3, 3, 3, 3, 2, 2, 2, 2, 1, 3, 2, 3, 2, 2, 2, 3, 2, 3, 3, 3, 2, 3, 1, 2, 3, 3, 1, 2, 3, 2, 1, 2, 1, 2, 1, 3, 3, 3, 1, 1, 2, 2, 2, 2, 2, 2, 2, 2, 1, 3, 2, 1, 1, 2, 2, 2, 2, 3, 1, 2, 1, 2, 2, 1, 3, 1, 2, 1, 2, 2, 1, 3, 2, 1, 2, 2, 2, 2, 1, 3, 1, 2, 1, 2, 1, 2, 2, 1, 3, 2, 2, 3, 2, 3, 1, 2, 2, 1, 1, 3, 2, 3]
02/23/2023 12:50:43:INFO: 预测标签: 
 [2, 2, 3, 2, 2, 1, 2, 1, 1, 1, 1, 3, 1, 2, 3, 1, 2, 1, 3, 3, 1, 3, 2, 2, 2, 2, 2, 3, 3, 2, 1, 3, 3, 3, 2, 1, 3, 2, 1, 1, 2, 3, 2, 1, 3, 3, 1, 1, 3, 2, 2, 3, 1, 3, 2, 2, 1, 2, 3, 3, 2, 2, 1, 1, 3, 3, 2, 1, 1, 1, 3, 2, 2, 1, 3, 2, 1, 3, 2, 3, 3, 2, 3, 1, 2, 1, 2, 2, 3, 1, 1, 2, 2, 1, 2, 3, 1, 3, 1, 2, 2, 2, 2, 3, 1, 1, 1, 3, 1, 3, 3, 1, 3, 2, 2, 1, 2, 2, 2, 3, 2, 2, 3, 1, 3, 2, 3, 2, 1, 2, 2, 2, 3, 2, 1, 2, 3, 3, 1, 1, 2, 1, 3, 3, 2, 3, 3, 2, 2, 3, 3, 2, 3, 2, 1, 1, 2, 1, 2, 3, 2, 2, 1, 3, 2, 1, 1, 3, 2, 2, 3, 1, 3, 2, 3, 2, 2, 3, 3, 2, 1, 2, 1, 1, 3, 3, 3, 1, 2, 2, 2, 2, 2, 3, 2, 3, 2, 1, 2, 1, 1, 3, 3, 2, 2, 3, 1, 1, 2, 3, 1, 3, 3, 3, 3, 3, 3, 1, 2, 1, 2, 3, 3, 2, 2, 1, 3, 2, 1, 3, 3, 1, 3, 2, 3, 2, 3, 1, 1, 3, 2, 1, 2, 2, 2, 3, 2, 1, 1, 3, 1, 2, 3, 1, 3, 3, 3, 2, 3, 1, 2, 1, 2, 2, 2, 1, 1, 1, 1, 1, 3, 1, 3, 3, 1, 3, 3, 3, 3, 1, 3, 3, 3, 1, 1, 2, 3, 3, 1, 1, 2, 2, 3, 3, 3, 2, 2, 3, 3, 1, 1, 3, 2, 3, 3, 2, 2, 1, 2, 2, 2, 1, 1, 1, 1, 3, 3, 1, 3, 2, 3, 3, 2, 1, 2, 3, 3, 2, 2, 2, 3, 2, 1, 1, 2, 2, 3, 2, 2, 3, 1, 2, 1, 2, 1, 3, 1, 3, 2, 3, 2, 1, 2, 1, 1, 2, 1, 2, 3, 2, 3, 1, 3, 1, 3, 2, 3, 2, 3, 3, 2, 1, 3, 1, 3, 3, 1, 1, 1, 2, 2, 2, 3, 2, 3, 3, 3, 2, 3, 3, 1, 3, 1, 3, 2, 1, 3, 3, 2, 2, 3, 1, 2, 3, 2, 2, 3, 1, 1, 1, 2, 1, 2, 1, 3, 1, 1, 2, 2, 3, 1, 2, 2, 3, 3, 2, 2, 3, 1, 1, 1, 2, 1, 2, 1, 1, 1, 2, 1, 2, 3, 2, 2, 3, 3, 3, 3, 3, 1, 2, 3, 1, 3, 1, 2, 1, 1, 2, 2, 2, 1, 3, 2, 3, 3, 1, 1, 1, 3, 3, 2, 3, 1, 1, 2, 3, 3, 2, 2, 1, 1, 1, 2, 2, 2, 1, 3, 1, 3, 3, 3, 2, 2, 1, 3, 2, 2, 3, 3, 2, 3, 2, 3, 1, 2, 3, 1, 3, 3, 3, 2, 2, 1, 3, 2, 2, 1, 3, 1, 2, 2, 3, 1, 3, 3, 3, 3, 2, 2, 3, 3, 1, 2, 3, 2, 2, 3, 3, 2, 3, 3, 2, 3, 2, 3, 3, 3, 3, 3, 3, 2, 3, 3, 3, 1, 1, 2, 1, 1, 2, 3, 2, 1, 2, 1, 3, 3, 3, 2, 3, 3, 1, 3, 3, 3, 3, 1, 2, 2, 3, 2, 2, 2, 1, 2, 3, 1, 2, 2, 1, 1, 1, 3, 1, 3, 1, 1, 1, 3, 2, 3, 3, 1, 3, 2, 1, 1, 1, 3, 3, 2, 3, 2, 2, 3, 2, 3, 1, 3, 1, 2, 1, 1, 3, 2]
02/23/2023 12:50:43:INFO: ---------Evaluated Metrics----------
02/23/2023 12:50:43:INFO: Accuracy: 0.472.
02/23/2023 12:50:43:INFO: Macro Precision: 0.4700977249324862.
02/23/2023 12:50:43:INFO: Macro Recall: 0.4902988933195564.
02/23/2023 12:50:43:INFO: Macro F1 score: 0.4733095096001975.
02/23/2023 12:50:43:INFO: ---------confusion_matrix----------
02/23/2023 12:50:43:INFO: 
[[ 78  49  31]
 [ 84 113  93]
 [ 20  53 104]]
02/23/2023 12:50:43:INFO: 模型效果验证详情: {'位置第一个显示标签': 144, '其他位置有情感标签': 0, '全句没有情感标签': 0}.
02/23/2023 12:50:43:INFO: ----------------------Evaluate finished.------------------------
02/23/2023 12:50:43:INFO: --------------Epoch. 14.---------------
02/23/2023 12:50:44:INFO: [Epoch. 14.]: 100%|| 15/15 [00:00<00:00, 17.69it/s, avg_loss=0.128]
02/23/2023 12:50:44:INFO: Epoch 14, average loss: 0.12758682568868002
02/23/2023 12:50:44:INFO: --------------Evaluate on Epoch. 14.---------------
02/23/2023 12:50:44:INFO: tensor([28996, 28997, 28998], device='cuda:0')
02/23/2023 12:50:47:INFO: **********Results Comparison**********
02/23/2023 12:50:47:INFO: 真实标签: 
 [2, 1, 3, 1, 2, 1, 3, 2, 3, 1, 1, 3, 1, 1, 3, 1, 2, 1, 1, 2, 2, 3, 2, 1, 2, 2, 2, 2, 3, 1, 2, 2, 2, 2, 2, 2, 2, 1, 2, 1, 1, 2, 2, 2, 3, 2, 2, 3, 2, 2, 3, 3, 3, 3, 3, 2, 2, 1, 2, 3, 1, 2, 3, 1, 1, 3, 3, 1, 2, 3, 2, 2, 2, 1, 3, 2, 1, 1, 2, 1, 3, 1, 2, 1, 1, 2, 3, 3, 1, 2, 2, 2, 3, 2, 3, 2, 1, 2, 1, 1, 1, 2, 1, 2, 3, 1, 1, 2, 2, 3, 3, 2, 3, 2, 3, 2, 2, 2, 1, 2, 2, 3, 2, 2, 3, 2, 3, 3, 2, 1, 2, 3, 1, 1, 1, 2, 3, 3, 1, 2, 1, 1, 3, 2, 2, 3, 3, 2, 2, 2, 1, 2, 2, 1, 2, 1, 1, 1, 2, 3, 2, 1, 1, 3, 2, 2, 1, 2, 3, 1, 3, 2, 3, 2, 2, 2, 2, 3, 1, 2, 2, 3, 1, 2, 3, 3, 3, 3, 2, 3, 3, 2, 1, 3, 3, 1, 2, 2, 3, 1, 1, 3, 3, 2, 2, 3, 2, 1, 3, 1, 1, 3, 1, 2, 2, 3, 2, 3, 1, 1, 2, 2, 3, 3, 1, 2, 2, 1, 2, 1, 3, 2, 1, 3, 3, 2, 1, 1, 2, 3, 2, 2, 2, 2, 1, 3, 3, 2, 3, 3, 1, 2, 3, 2, 1, 3, 2, 2, 1, 2, 2, 1, 3, 2, 2, 2, 1, 2, 2, 2, 3, 2, 3, 3, 2, 2, 2, 3, 2, 2, 3, 3, 3, 1, 2, 1, 2, 3, 2, 2, 1, 2, 3, 3, 3, 2, 1, 2, 3, 3, 1, 3, 3, 1, 2, 2, 3, 3, 1, 2, 1, 3, 2, 2, 1, 3, 2, 1, 2, 2, 3, 2, 3, 2, 3, 2, 3, 3, 1, 1, 1, 2, 2, 1, 2, 1, 3, 3, 3, 3, 1, 2, 3, 2, 2, 2, 1, 3, 2, 3, 2, 1, 2, 2, 1, 2, 2, 3, 1, 3, 2, 2, 3, 1, 2, 2, 3, 2, 3, 2, 2, 2, 2, 1, 2, 1, 2, 1, 1, 2, 2, 1, 3, 3, 2, 2, 2, 2, 3, 3, 2, 2, 1, 2, 2, 2, 2, 2, 3, 3, 1, 1, 2, 2, 2, 3, 2, 1, 2, 2, 1, 2, 2, 3, 3, 2, 3, 2, 1, 3, 1, 2, 1, 1, 3, 2, 1, 2, 1, 2, 1, 2, 2, 2, 2, 2, 2, 3, 2, 3, 3, 2, 1, 2, 3, 2, 3, 3, 2, 2, 2, 2, 3, 1, 2, 3, 1, 2, 2, 2, 2, 3, 2, 3, 2, 1, 1, 2, 3, 1, 3, 2, 1, 2, 3, 2, 2, 2, 1, 3, 1, 1, 1, 2, 3, 1, 3, 1, 3, 3, 2, 2, 3, 1, 3, 2, 1, 3, 3, 2, 2, 3, 2, 2, 2, 2, 2, 1, 2, 2, 2, 2, 2, 2, 2, 3, 2, 2, 1, 2, 3, 3, 1, 3, 3, 3, 3, 2, 2, 2, 2, 1, 3, 2, 3, 2, 2, 2, 3, 2, 3, 3, 3, 2, 3, 1, 2, 3, 3, 1, 2, 3, 2, 1, 2, 1, 2, 1, 3, 3, 3, 1, 1, 2, 2, 2, 2, 2, 2, 2, 2, 1, 3, 2, 1, 1, 2, 2, 2, 2, 3, 1, 2, 1, 2, 2, 1, 3, 1, 2, 1, 2, 2, 1, 3, 2, 1, 2, 2, 2, 2, 1, 3, 1, 2, 1, 2, 1, 2, 2, 1, 3, 2, 2, 3, 2, 3, 1, 2, 2, 1, 1, 3, 2, 3]
02/23/2023 12:50:47:INFO: 预测标签: 
 [2, 2, 3, 2, 2, 1, 2, 1, 1, 1, 1, 3, 1, 2, 3, 1, 2, 1, 3, 3, 1, 3, 2, 2, 2, 2, 2, 3, 3, 1, 1, 3, 3, 3, 2, 1, 3, 2, 1, 1, 2, 3, 2, 1, 3, 3, 1, 1, 3, 2, 2, 3, 1, 3, 2, 2, 1, 2, 3, 3, 2, 2, 1, 1, 3, 3, 2, 1, 1, 1, 3, 2, 2, 1, 3, 2, 1, 3, 2, 3, 3, 2, 3, 1, 1, 1, 2, 2, 3, 1, 1, 2, 2, 1, 2, 3, 1, 3, 1, 2, 2, 2, 2, 3, 1, 1, 1, 3, 1, 3, 3, 1, 3, 2, 2, 1, 2, 2, 2, 3, 2, 2, 3, 1, 3, 2, 3, 2, 1, 2, 2, 2, 3, 2, 1, 2, 3, 3, 1, 1, 2, 1, 3, 3, 2, 3, 3, 2, 2, 3, 3, 2, 3, 2, 1, 1, 2, 1, 2, 3, 2, 2, 1, 3, 2, 1, 1, 3, 2, 2, 3, 1, 3, 2, 3, 2, 2, 3, 3, 2, 1, 2, 1, 1, 3, 3, 3, 1, 2, 2, 2, 2, 2, 3, 2, 3, 2, 1, 2, 1, 1, 3, 3, 2, 2, 3, 1, 1, 2, 3, 1, 3, 3, 3, 3, 3, 3, 1, 2, 1, 2, 3, 3, 2, 2, 1, 3, 2, 1, 3, 3, 1, 3, 2, 3, 2, 3, 1, 1, 3, 2, 1, 2, 2, 2, 3, 2, 1, 1, 3, 1, 2, 3, 1, 3, 3, 3, 2, 3, 1, 2, 1, 2, 2, 2, 1, 1, 1, 1, 1, 3, 1, 3, 3, 1, 3, 3, 3, 3, 1, 3, 3, 3, 1, 1, 2, 3, 3, 1, 1, 1, 2, 3, 3, 3, 2, 2, 3, 3, 1, 1, 3, 2, 1, 3, 2, 2, 1, 2, 2, 2, 1, 1, 1, 1, 3, 3, 1, 3, 2, 3, 3, 2, 1, 2, 3, 3, 2, 2, 2, 3, 2, 1, 1, 2, 2, 3, 2, 2, 3, 1, 2, 1, 2, 1, 3, 1, 3, 2, 3, 2, 1, 2, 1, 1, 2, 1, 2, 3, 2, 3, 1, 3, 1, 3, 2, 3, 2, 3, 3, 2, 1, 3, 1, 3, 3, 1, 1, 1, 2, 2, 2, 3, 2, 3, 3, 3, 2, 3, 3, 1, 3, 1, 3, 2, 1, 3, 3, 2, 2, 3, 1, 2, 3, 2, 2, 3, 1, 1, 1, 2, 1, 2, 1, 3, 1, 1, 2, 2, 3, 1, 2, 2, 3, 3, 2, 2, 3, 1, 1, 1, 2, 1, 2, 1, 1, 1, 2, 1, 2, 3, 2, 2, 3, 3, 3, 3, 3, 1, 2, 3, 1, 3, 1, 2, 1, 1, 2, 2, 2, 1, 3, 2, 3, 3, 1, 1, 1, 3, 3, 2, 3, 1, 1, 2, 3, 3, 2, 2, 1, 1, 1, 2, 2, 2, 1, 3, 1, 3, 3, 3, 2, 2, 1, 3, 2, 2, 3, 3, 2, 3, 2, 3, 1, 2, 3, 1, 3, 3, 3, 2, 2, 1, 3, 1, 2, 1, 3, 1, 2, 2, 3, 1, 3, 3, 3, 3, 2, 2, 3, 3, 1, 2, 3, 2, 2, 3, 3, 2, 3, 3, 2, 3, 2, 3, 3, 3, 3, 3, 3, 2, 3, 3, 3, 1, 1, 2, 1, 1, 2, 3, 2, 1, 1, 1, 3, 3, 3, 2, 3, 3, 1, 3, 3, 1, 3, 1, 2, 2, 3, 2, 2, 2, 1, 2, 3, 1, 2, 2, 1, 1, 1, 3, 1, 3, 1, 1, 1, 3, 2, 3, 3, 1, 3, 2, 1, 1, 1, 3, 3, 2, 3, 2, 2, 3, 2, 3, 1, 3, 1, 2, 1, 1, 3, 2]
02/23/2023 12:50:47:INFO: ---------Evaluated Metrics----------
02/23/2023 12:50:47:INFO: Accuracy: 0.4768.
02/23/2023 12:50:47:INFO: Macro Precision: 0.4759672862917701.
02/23/2023 12:50:47:INFO: Macro Recall: 0.49854856595159475.
02/23/2023 12:50:47:INFO: Macro F1 score: 0.4795050664683462.
02/23/2023 12:50:47:INFO: ---------confusion_matrix----------
02/23/2023 12:50:47:INFO: 
[[ 83  46  29]
 [ 86 111  93]
 [ 20  53 104]]
02/23/2023 12:50:47:INFO: 模型效果验证详情: {'位置第一个显示标签': 153, '其他位置有情感标签': 0, '全句没有情感标签': 0}.
02/23/2023 12:50:47:INFO: ----------------------Evaluate finished.------------------------
02/23/2023 12:50:47:INFO: --------------Epoch. 15.---------------
02/23/2023 12:50:48:INFO: [Epoch. 15.]: 100%|| 15/15 [00:00<00:00, 17.70it/s, avg_loss=0.123]
02/23/2023 12:50:48:INFO: Epoch 15, average loss: 0.12271505172053973
02/23/2023 12:50:48:INFO: --------------Evaluate on Epoch. 15.---------------
02/23/2023 12:50:48:INFO: tensor([28996, 28997, 28998], device='cuda:0')
02/23/2023 12:50:51:INFO: **********Results Comparison**********
02/23/2023 12:50:51:INFO: 真实标签: 
 [2, 1, 3, 1, 2, 1, 3, 2, 3, 1, 1, 3, 1, 1, 3, 1, 2, 1, 1, 2, 2, 3, 2, 1, 2, 2, 2, 2, 3, 1, 2, 2, 2, 2, 2, 2, 2, 1, 2, 1, 1, 2, 2, 2, 3, 2, 2, 3, 2, 2, 3, 3, 3, 3, 3, 2, 2, 1, 2, 3, 1, 2, 3, 1, 1, 3, 3, 1, 2, 3, 2, 2, 2, 1, 3, 2, 1, 1, 2, 1, 3, 1, 2, 1, 1, 2, 3, 3, 1, 2, 2, 2, 3, 2, 3, 2, 1, 2, 1, 1, 1, 2, 1, 2, 3, 1, 1, 2, 2, 3, 3, 2, 3, 2, 3, 2, 2, 2, 1, 2, 2, 3, 2, 2, 3, 2, 3, 3, 2, 1, 2, 3, 1, 1, 1, 2, 3, 3, 1, 2, 1, 1, 3, 2, 2, 3, 3, 2, 2, 2, 1, 2, 2, 1, 2, 1, 1, 1, 2, 3, 2, 1, 1, 3, 2, 2, 1, 2, 3, 1, 3, 2, 3, 2, 2, 2, 2, 3, 1, 2, 2, 3, 1, 2, 3, 3, 3, 3, 2, 3, 3, 2, 1, 3, 3, 1, 2, 2, 3, 1, 1, 3, 3, 2, 2, 3, 2, 1, 3, 1, 1, 3, 1, 2, 2, 3, 2, 3, 1, 1, 2, 2, 3, 3, 1, 2, 2, 1, 2, 1, 3, 2, 1, 3, 3, 2, 1, 1, 2, 3, 2, 2, 2, 2, 1, 3, 3, 2, 3, 3, 1, 2, 3, 2, 1, 3, 2, 2, 1, 2, 2, 1, 3, 2, 2, 2, 1, 2, 2, 2, 3, 2, 3, 3, 2, 2, 2, 3, 2, 2, 3, 3, 3, 1, 2, 1, 2, 3, 2, 2, 1, 2, 3, 3, 3, 2, 1, 2, 3, 3, 1, 3, 3, 1, 2, 2, 3, 3, 1, 2, 1, 3, 2, 2, 1, 3, 2, 1, 2, 2, 3, 2, 3, 2, 3, 2, 3, 3, 1, 1, 1, 2, 2, 1, 2, 1, 3, 3, 3, 3, 1, 2, 3, 2, 2, 2, 1, 3, 2, 3, 2, 1, 2, 2, 1, 2, 2, 3, 1, 3, 2, 2, 3, 1, 2, 2, 3, 2, 3, 2, 2, 2, 2, 1, 2, 1, 2, 1, 1, 2, 2, 1, 3, 3, 2, 2, 2, 2, 3, 3, 2, 2, 1, 2, 2, 2, 2, 2, 3, 3, 1, 1, 2, 2, 2, 3, 2, 1, 2, 2, 1, 2, 2, 3, 3, 2, 3, 2, 1, 3, 1, 2, 1, 1, 3, 2, 1, 2, 1, 2, 1, 2, 2, 2, 2, 2, 2, 3, 2, 3, 3, 2, 1, 2, 3, 2, 3, 3, 2, 2, 2, 2, 3, 1, 2, 3, 1, 2, 2, 2, 2, 3, 2, 3, 2, 1, 1, 2, 3, 1, 3, 2, 1, 2, 3, 2, 2, 2, 1, 3, 1, 1, 1, 2, 3, 1, 3, 1, 3, 3, 2, 2, 3, 1, 3, 2, 1, 3, 3, 2, 2, 3, 2, 2, 2, 2, 2, 1, 2, 2, 2, 2, 2, 2, 2, 3, 2, 2, 1, 2, 3, 3, 1, 3, 3, 3, 3, 2, 2, 2, 2, 1, 3, 2, 3, 2, 2, 2, 3, 2, 3, 3, 3, 2, 3, 1, 2, 3, 3, 1, 2, 3, 2, 1, 2, 1, 2, 1, 3, 3, 3, 1, 1, 2, 2, 2, 2, 2, 2, 2, 2, 1, 3, 2, 1, 1, 2, 2, 2, 2, 3, 1, 2, 1, 2, 2, 1, 3, 1, 2, 1, 2, 2, 1, 3, 2, 1, 2, 2, 2, 2, 1, 3, 1, 2, 1, 2, 1, 2, 2, 1, 3, 2, 2, 3, 2, 3, 1, 2, 2, 1, 1, 3, 2, 3]
02/23/2023 12:50:51:INFO: 预测标签: 
 [2, 2, 3, 2, 2, 1, 2, 1, 1, 1, 1, 3, 1, 2, 3, 1, 2, 1, 3, 3, 1, 3, 2, 2, 2, 2, 2, 3, 3, 1, 1, 3, 3, 3, 2, 1, 3, 2, 1, 1, 2, 3, 2, 1, 3, 3, 1, 1, 3, 2, 2, 3, 1, 3, 2, 2, 1, 2, 3, 3, 2, 2, 1, 1, 3, 3, 2, 1, 1, 1, 3, 2, 2, 1, 3, 2, 1, 3, 2, 3, 3, 2, 3, 1, 1, 1, 2, 2, 3, 1, 1, 2, 1, 1, 2, 3, 1, 3, 1, 1, 2, 2, 2, 3, 1, 1, 1, 3, 1, 3, 3, 1, 3, 2, 3, 1, 2, 2, 2, 3, 2, 2, 3, 1, 3, 2, 3, 2, 1, 2, 2, 2, 3, 2, 1, 2, 3, 3, 1, 1, 2, 1, 3, 3, 2, 3, 3, 2, 2, 3, 3, 2, 3, 2, 1, 1, 2, 1, 2, 3, 2, 2, 1, 3, 3, 1, 1, 3, 2, 2, 3, 1, 3, 2, 3, 2, 2, 3, 3, 2, 1, 2, 1, 1, 3, 3, 3, 1, 2, 2, 2, 2, 2, 3, 2, 3, 2, 1, 2, 1, 1, 3, 3, 2, 2, 3, 1, 1, 2, 3, 1, 3, 3, 3, 3, 3, 3, 1, 2, 1, 2, 3, 3, 2, 2, 1, 3, 2, 1, 3, 3, 1, 3, 2, 3, 2, 3, 1, 1, 3, 1, 1, 2, 2, 2, 3, 2, 1, 1, 3, 1, 2, 3, 1, 3, 3, 3, 2, 3, 1, 2, 1, 2, 2, 2, 1, 1, 1, 1, 1, 3, 1, 3, 3, 1, 3, 3, 3, 3, 1, 3, 3, 3, 1, 1, 2, 3, 3, 1, 1, 1, 2, 3, 3, 3, 2, 2, 3, 3, 1, 1, 3, 2, 1, 3, 2, 2, 1, 2, 2, 2, 1, 1, 1, 1, 3, 3, 1, 3, 2, 3, 3, 2, 1, 2, 3, 3, 2, 2, 2, 3, 2, 1, 1, 2, 2, 3, 2, 2, 3, 1, 2, 1, 1, 1, 3, 1, 3, 2, 3, 2, 1, 2, 1, 1, 2, 1, 2, 3, 2, 3, 1, 3, 1, 3, 2, 3, 2, 3, 3, 2, 1, 3, 1, 3, 3, 1, 1, 1, 2, 2, 2, 3, 2, 3, 3, 3, 2, 3, 3, 1, 3, 1, 3, 2, 1, 3, 3, 2, 2, 3, 1, 2, 3, 2, 2, 3, 1, 1, 1, 2, 1, 2, 1, 3, 1, 1, 2, 2, 3, 1, 2, 2, 3, 3, 2, 2, 3, 1, 1, 1, 2, 1, 2, 1, 1, 1, 2, 1, 2, 3, 2, 2, 3, 3, 3, 3, 3, 1, 2, 3, 1, 3, 1, 2, 1, 1, 2, 2, 2, 1, 3, 2, 3, 3, 1, 1, 1, 3, 3, 1, 3, 1, 1, 2, 3, 3, 2, 2, 1, 1, 1, 2, 2, 2, 1, 3, 1, 3, 3, 3, 2, 2, 1, 3, 2, 2, 3, 3, 2, 3, 2, 3, 1, 2, 3, 1, 3, 3, 3, 2, 2, 1, 3, 1, 2, 1, 3, 1, 2, 2, 3, 1, 3, 3, 3, 3, 2, 2, 3, 3, 1, 2, 3, 2, 2, 3, 3, 2, 3, 3, 3, 3, 2, 3, 3, 3, 3, 3, 3, 2, 3, 3, 3, 1, 1, 2, 1, 1, 2, 3, 2, 1, 1, 1, 3, 3, 3, 2, 3, 3, 1, 3, 3, 3, 3, 1, 2, 2, 3, 2, 2, 2, 1, 2, 3, 1, 2, 3, 1, 1, 1, 3, 1, 3, 1, 1, 1, 3, 2, 3, 3, 1, 3, 2, 1, 1, 1, 3, 3, 2, 3, 1, 2, 3, 2, 3, 1, 3, 1, 2, 1, 1, 3, 2]
02/23/2023 12:50:51:INFO: ---------Evaluated Metrics----------
02/23/2023 12:50:51:INFO: Accuracy: 0.4736.
02/23/2023 12:50:51:INFO: Macro Precision: 0.47390317014028355.
02/23/2023 12:50:51:INFO: Macro Recall: 0.49771734314491906.
02/23/2023 12:50:51:INFO: Macro F1 score: 0.47597781536857164.
02/23/2023 12:50:51:INFO: ---------confusion_matrix----------
02/23/2023 12:50:51:INFO: 
[[ 83  44  31]
 [ 89 107  94]
 [ 22  49 106]]
02/23/2023 12:50:51:INFO: 模型效果验证详情: {'位置第一个显示标签': 163, '其他位置有情感标签': 0, '全句没有情感标签': 0}.
02/23/2023 12:50:51:INFO: ----------------------Evaluate finished.------------------------
02/23/2023 12:50:51:INFO: --------------Epoch. 16.---------------
02/23/2023 12:50:52:INFO: [Epoch. 16.]: 100%|| 15/15 [00:00<00:00, 17.74it/s, avg_loss=0.11]
02/23/2023 12:50:52:INFO: Epoch 16, average loss: 0.11010170479615529
02/23/2023 12:50:52:INFO: --------------Evaluate on Epoch. 16.---------------
02/23/2023 12:50:52:INFO: tensor([28996, 28997, 28998], device='cuda:0')
02/23/2023 12:50:55:INFO: **********Results Comparison**********
02/23/2023 12:50:55:INFO: 真实标签: 
 [2, 1, 3, 1, 2, 1, 3, 2, 3, 1, 1, 3, 1, 1, 3, 1, 2, 1, 1, 2, 2, 3, 2, 1, 2, 2, 2, 2, 3, 1, 2, 2, 2, 2, 2, 2, 2, 1, 2, 1, 1, 2, 2, 2, 3, 2, 2, 3, 2, 2, 3, 3, 3, 3, 3, 2, 2, 1, 2, 3, 1, 2, 3, 1, 1, 3, 3, 1, 2, 3, 2, 2, 2, 1, 3, 2, 1, 1, 2, 1, 3, 1, 2, 1, 1, 2, 3, 3, 1, 2, 2, 2, 3, 2, 3, 2, 1, 2, 1, 1, 1, 2, 1, 2, 3, 1, 1, 2, 2, 3, 3, 2, 3, 2, 3, 2, 2, 2, 1, 2, 2, 3, 2, 2, 3, 2, 3, 3, 2, 1, 2, 3, 1, 1, 1, 2, 3, 3, 1, 2, 1, 1, 3, 2, 2, 3, 3, 2, 2, 2, 1, 2, 2, 1, 2, 1, 1, 1, 2, 3, 2, 1, 1, 3, 2, 2, 1, 2, 3, 1, 3, 2, 3, 2, 2, 2, 2, 3, 1, 2, 2, 3, 1, 2, 3, 3, 3, 3, 2, 3, 3, 2, 1, 3, 3, 1, 2, 2, 3, 1, 1, 3, 3, 2, 2, 3, 2, 1, 3, 1, 1, 3, 1, 2, 2, 3, 2, 3, 1, 1, 2, 2, 3, 3, 1, 2, 2, 1, 2, 1, 3, 2, 1, 3, 3, 2, 1, 1, 2, 3, 2, 2, 2, 2, 1, 3, 3, 2, 3, 3, 1, 2, 3, 2, 1, 3, 2, 2, 1, 2, 2, 1, 3, 2, 2, 2, 1, 2, 2, 2, 3, 2, 3, 3, 2, 2, 2, 3, 2, 2, 3, 3, 3, 1, 2, 1, 2, 3, 2, 2, 1, 2, 3, 3, 3, 2, 1, 2, 3, 3, 1, 3, 3, 1, 2, 2, 3, 3, 1, 2, 1, 3, 2, 2, 1, 3, 2, 1, 2, 2, 3, 2, 3, 2, 3, 2, 3, 3, 1, 1, 1, 2, 2, 1, 2, 1, 3, 3, 3, 3, 1, 2, 3, 2, 2, 2, 1, 3, 2, 3, 2, 1, 2, 2, 1, 2, 2, 3, 1, 3, 2, 2, 3, 1, 2, 2, 3, 2, 3, 2, 2, 2, 2, 1, 2, 1, 2, 1, 1, 2, 2, 1, 3, 3, 2, 2, 2, 2, 3, 3, 2, 2, 1, 2, 2, 2, 2, 2, 3, 3, 1, 1, 2, 2, 2, 3, 2, 1, 2, 2, 1, 2, 2, 3, 3, 2, 3, 2, 1, 3, 1, 2, 1, 1, 3, 2, 1, 2, 1, 2, 1, 2, 2, 2, 2, 2, 2, 3, 2, 3, 3, 2, 1, 2, 3, 2, 3, 3, 2, 2, 2, 2, 3, 1, 2, 3, 1, 2, 2, 2, 2, 3, 2, 3, 2, 1, 1, 2, 3, 1, 3, 2, 1, 2, 3, 2, 2, 2, 1, 3, 1, 1, 1, 2, 3, 1, 3, 1, 3, 3, 2, 2, 3, 1, 3, 2, 1, 3, 3, 2, 2, 3, 2, 2, 2, 2, 2, 1, 2, 2, 2, 2, 2, 2, 2, 3, 2, 2, 1, 2, 3, 3, 1, 3, 3, 3, 3, 2, 2, 2, 2, 1, 3, 2, 3, 2, 2, 2, 3, 2, 3, 3, 3, 2, 3, 1, 2, 3, 3, 1, 2, 3, 2, 1, 2, 1, 2, 1, 3, 3, 3, 1, 1, 2, 2, 2, 2, 2, 2, 2, 2, 1, 3, 2, 1, 1, 2, 2, 2, 2, 3, 1, 2, 1, 2, 2, 1, 3, 1, 2, 1, 2, 2, 1, 3, 2, 1, 2, 2, 2, 2, 1, 3, 1, 2, 1, 2, 1, 2, 2, 1, 3, 2, 2, 3, 2, 3, 1, 2, 2, 1, 1, 3, 2, 3]
02/23/2023 12:50:55:INFO: 预测标签: 
 [2, 2, 3, 2, 2, 1, 2, 1, 1, 1, 1, 3, 1, 2, 3, 1, 2, 1, 3, 3, 1, 3, 2, 2, 2, 2, 2, 3, 3, 1, 1, 3, 3, 3, 2, 1, 3, 2, 1, 1, 2, 3, 2, 1, 3, 3, 1, 1, 3, 2, 2, 3, 1, 3, 2, 2, 1, 2, 3, 3, 2, 2, 1, 1, 3, 3, 2, 1, 1, 1, 3, 2, 2, 1, 3, 2, 1, 3, 2, 3, 3, 2, 3, 1, 1, 1, 2, 2, 3, 1, 1, 2, 1, 1, 2, 3, 1, 3, 1, 1, 2, 2, 2, 3, 1, 1, 1, 3, 1, 3, 3, 1, 3, 2, 3, 1, 2, 2, 2, 3, 2, 2, 3, 1, 3, 2, 3, 2, 1, 2, 2, 2, 3, 2, 1, 2, 3, 3, 1, 1, 2, 1, 3, 3, 2, 3, 3, 2, 2, 3, 3, 2, 3, 2, 1, 1, 2, 1, 2, 3, 2, 2, 1, 3, 3, 1, 1, 3, 2, 2, 3, 1, 3, 2, 3, 2, 2, 3, 3, 2, 1, 2, 1, 1, 3, 3, 3, 1, 2, 2, 2, 2, 2, 3, 2, 3, 2, 1, 2, 1, 1, 3, 3, 2, 2, 3, 1, 1, 2, 3, 1, 3, 3, 3, 3, 3, 3, 1, 2, 1, 2, 3, 3, 2, 2, 1, 3, 2, 1, 3, 3, 1, 3, 2, 3, 2, 3, 1, 1, 3, 1, 1, 2, 2, 2, 3, 2, 1, 1, 3, 1, 2, 3, 1, 3, 3, 3, 2, 3, 1, 2, 1, 2, 2, 2, 1, 1, 1, 1, 1, 3, 1, 3, 3, 1, 3, 3, 3, 3, 1, 3, 3, 3, 1, 1, 2, 3, 3, 1, 1, 1, 2, 3, 3, 3, 2, 2, 3, 3, 1, 1, 3, 2, 1, 3, 2, 2, 1, 2, 2, 2, 1, 1, 1, 1, 3, 3, 1, 3, 2, 3, 3, 2, 1, 2, 3, 3, 2, 2, 2, 3, 2, 1, 1, 2, 2, 3, 2, 2, 3, 1, 2, 1, 1, 1, 3, 1, 3, 2, 3, 2, 1, 2, 1, 1, 2, 1, 2, 3, 2, 3, 1, 3, 1, 3, 2, 3, 2, 3, 3, 2, 1, 3, 1, 3, 3, 1, 1, 1, 2, 2, 2, 3, 2, 3, 3, 3, 2, 3, 3, 1, 3, 1, 3, 2, 1, 3, 3, 2, 2, 3, 1, 2, 3, 2, 2, 3, 1, 1, 1, 2, 1, 2, 1, 3, 1, 1, 2, 2, 3, 1, 2, 2, 3, 3, 2, 2, 3, 1, 1, 1, 2, 1, 2, 1, 1, 1, 2, 1, 2, 3, 2, 2, 3, 3, 3, 3, 3, 1, 2, 3, 1, 3, 1, 2, 1, 1, 2, 2, 2, 1, 3, 2, 3, 3, 1, 1, 1, 3, 3, 1, 3, 1, 1, 2, 3, 3, 2, 2, 1, 1, 1, 2, 2, 2, 1, 3, 1, 3, 3, 3, 2, 2, 1, 3, 2, 2, 3, 3, 2, 3, 2, 3, 1, 2, 3, 1, 3, 3, 3, 2, 2, 1, 3, 1, 2, 1, 3, 1, 2, 2, 3, 1, 3, 3, 3, 3, 2, 2, 3, 3, 1, 2, 3, 2, 2, 3, 3, 2, 3, 3, 3, 3, 2, 3, 3, 3, 3, 3, 3, 2, 3, 3, 3, 1, 1, 2, 1, 1, 3, 3, 2, 1, 1, 1, 3, 3, 3, 2, 3, 3, 1, 3, 3, 3, 3, 1, 2, 2, 3, 2, 2, 2, 1, 2, 3, 1, 2, 3, 1, 1, 1, 3, 1, 3, 1, 1, 1, 3, 2, 3, 3, 1, 3, 2, 1, 1, 1, 3, 3, 2, 3, 1, 2, 3, 2, 3, 1, 3, 1, 2, 1, 1, 3, 2]
02/23/2023 12:50:55:INFO: ---------Evaluated Metrics----------
02/23/2023 12:50:55:INFO: Accuracy: 0.4752.
02/23/2023 12:50:55:INFO: Macro Precision: 0.47557679676972375.
02/23/2023 12:50:55:INFO: Macro Recall: 0.49960058231629373.
02/23/2023 12:50:55:INFO: Macro F1 score: 0.4774820349383102.
02/23/2023 12:50:55:INFO: ---------confusion_matrix----------
02/23/2023 12:50:55:INFO: 
[[ 83  44  31]
 [ 89 107  94]
 [ 22  48 107]]
02/23/2023 12:50:55:INFO: 模型效果验证详情: {'位置第一个显示标签': 174, '其他位置有情感标签': 0, '全句没有情感标签': 0}.
02/23/2023 12:50:55:INFO: ----------------------Evaluate finished.------------------------
02/23/2023 12:50:55:INFO: --------------Epoch. 17.---------------
02/23/2023 12:50:56:INFO: [Epoch. 17.]: 100%|| 15/15 [00:00<00:00, 17.81it/s, avg_loss=0.111]
02/23/2023 12:50:56:INFO: Epoch 17, average loss: 0.11066532358527184
02/23/2023 12:50:56:INFO: --------------Evaluate on Epoch. 17.---------------
02/23/2023 12:50:56:INFO: tensor([28996, 28997, 28998], device='cuda:0')
02/23/2023 12:50:59:INFO: **********Results Comparison**********
02/23/2023 12:50:59:INFO: 真实标签: 
 [2, 1, 3, 1, 2, 1, 3, 2, 3, 1, 1, 3, 1, 1, 3, 1, 2, 1, 1, 2, 2, 3, 2, 1, 2, 2, 2, 2, 3, 1, 2, 2, 2, 2, 2, 2, 2, 1, 2, 1, 1, 2, 2, 2, 3, 2, 2, 3, 2, 2, 3, 3, 3, 3, 3, 2, 2, 1, 2, 3, 1, 2, 3, 1, 1, 3, 3, 1, 2, 3, 2, 2, 2, 1, 3, 2, 1, 1, 2, 1, 3, 1, 2, 1, 1, 2, 3, 3, 1, 2, 2, 2, 3, 2, 3, 2, 1, 2, 1, 1, 1, 2, 1, 2, 3, 1, 1, 2, 2, 3, 3, 2, 3, 2, 3, 2, 2, 2, 1, 2, 2, 3, 2, 2, 3, 2, 3, 3, 2, 1, 2, 3, 1, 1, 1, 2, 3, 3, 1, 2, 1, 1, 3, 2, 2, 3, 3, 2, 2, 2, 1, 2, 2, 1, 2, 1, 1, 1, 2, 3, 2, 1, 1, 3, 2, 2, 1, 2, 3, 1, 3, 2, 3, 2, 2, 2, 2, 3, 1, 2, 2, 3, 1, 2, 3, 3, 3, 3, 2, 3, 3, 2, 1, 3, 3, 1, 2, 2, 3, 1, 1, 3, 3, 2, 2, 3, 2, 1, 3, 1, 1, 3, 1, 2, 2, 3, 2, 3, 1, 1, 2, 2, 3, 3, 1, 2, 2, 1, 2, 1, 3, 2, 1, 3, 3, 2, 1, 1, 2, 3, 2, 2, 2, 2, 1, 3, 3, 2, 3, 3, 1, 2, 3, 2, 1, 3, 2, 2, 1, 2, 2, 1, 3, 2, 2, 2, 1, 2, 2, 2, 3, 2, 3, 3, 2, 2, 2, 3, 2, 2, 3, 3, 3, 1, 2, 1, 2, 3, 2, 2, 1, 2, 3, 3, 3, 2, 1, 2, 3, 3, 1, 3, 3, 1, 2, 2, 3, 3, 1, 2, 1, 3, 2, 2, 1, 3, 2, 1, 2, 2, 3, 2, 3, 2, 3, 2, 3, 3, 1, 1, 1, 2, 2, 1, 2, 1, 3, 3, 3, 3, 1, 2, 3, 2, 2, 2, 1, 3, 2, 3, 2, 1, 2, 2, 1, 2, 2, 3, 1, 3, 2, 2, 3, 1, 2, 2, 3, 2, 3, 2, 2, 2, 2, 1, 2, 1, 2, 1, 1, 2, 2, 1, 3, 3, 2, 2, 2, 2, 3, 3, 2, 2, 1, 2, 2, 2, 2, 2, 3, 3, 1, 1, 2, 2, 2, 3, 2, 1, 2, 2, 1, 2, 2, 3, 3, 2, 3, 2, 1, 3, 1, 2, 1, 1, 3, 2, 1, 2, 1, 2, 1, 2, 2, 2, 2, 2, 2, 3, 2, 3, 3, 2, 1, 2, 3, 2, 3, 3, 2, 2, 2, 2, 3, 1, 2, 3, 1, 2, 2, 2, 2, 3, 2, 3, 2, 1, 1, 2, 3, 1, 3, 2, 1, 2, 3, 2, 2, 2, 1, 3, 1, 1, 1, 2, 3, 1, 3, 1, 3, 3, 2, 2, 3, 1, 3, 2, 1, 3, 3, 2, 2, 3, 2, 2, 2, 2, 2, 1, 2, 2, 2, 2, 2, 2, 2, 3, 2, 2, 1, 2, 3, 3, 1, 3, 3, 3, 3, 2, 2, 2, 2, 1, 3, 2, 3, 2, 2, 2, 3, 2, 3, 3, 3, 2, 3, 1, 2, 3, 3, 1, 2, 3, 2, 1, 2, 1, 2, 1, 3, 3, 3, 1, 1, 2, 2, 2, 2, 2, 2, 2, 2, 1, 3, 2, 1, 1, 2, 2, 2, 2, 3, 1, 2, 1, 2, 2, 1, 3, 1, 2, 1, 2, 2, 1, 3, 2, 1, 2, 2, 2, 2, 1, 3, 1, 2, 1, 2, 1, 2, 2, 1, 3, 2, 2, 3, 2, 3, 1, 2, 2, 1, 1, 3, 2, 3]
02/23/2023 12:50:59:INFO: 预测标签: 
 [2, 2, 3, 2, 2, 1, 2, 1, 1, 1, 1, 3, 1, 2, 3, 1, 2, 1, 3, 3, 1, 3, 2, 2, 2, 2, 2, 3, 3, 1, 1, 3, 3, 3, 2, 1, 3, 2, 1, 1, 2, 3, 2, 1, 3, 3, 1, 1, 3, 2, 2, 3, 1, 3, 2, 2, 1, 2, 3, 3, 2, 2, 1, 1, 3, 3, 2, 1, 1, 1, 3, 2, 2, 1, 3, 2, 1, 3, 2, 3, 3, 2, 3, 1, 1, 1, 2, 2, 3, 1, 1, 2, 1, 1, 2, 3, 1, 3, 1, 1, 2, 2, 2, 3, 1, 1, 1, 3, 1, 3, 3, 1, 3, 2, 2, 1, 2, 2, 2, 3, 2, 2, 3, 1, 3, 2, 3, 2, 1, 2, 2, 2, 3, 2, 1, 2, 3, 3, 1, 1, 2, 1, 3, 3, 2, 3, 3, 2, 2, 3, 3, 2, 3, 2, 1, 1, 2, 1, 2, 3, 2, 2, 1, 3, 2, 1, 1, 3, 2, 2, 3, 1, 3, 2, 3, 2, 2, 3, 3, 2, 1, 2, 1, 1, 3, 3, 3, 1, 2, 2, 2, 2, 2, 3, 2, 3, 2, 1, 2, 1, 1, 3, 3, 2, 2, 3, 1, 1, 2, 3, 1, 3, 3, 3, 3, 3, 3, 1, 2, 1, 2, 3, 3, 2, 2, 1, 3, 2, 1, 3, 3, 1, 3, 2, 3, 2, 3, 1, 1, 3, 1, 1, 2, 2, 2, 3, 2, 1, 1, 3, 1, 2, 3, 1, 3, 3, 3, 2, 3, 1, 2, 1, 2, 2, 2, 1, 1, 1, 1, 1, 3, 1, 3, 3, 1, 3, 3, 3, 3, 1, 3, 3, 3, 1, 1, 2, 3, 3, 1, 1, 1, 2, 3, 3, 3, 2, 2, 3, 3, 1, 1, 3, 2, 1, 3, 2, 2, 1, 2, 2, 2, 1, 1, 1, 1, 3, 3, 1, 3, 2, 3, 3, 2, 1, 2, 3, 3, 2, 2, 2, 3, 2, 1, 1, 2, 2, 3, 2, 2, 3, 1, 2, 1, 2, 1, 3, 1, 3, 2, 3, 2, 1, 2, 1, 1, 2, 1, 2, 3, 2, 3, 1, 3, 1, 3, 2, 3, 2, 3, 3, 2, 1, 3, 1, 3, 3, 1, 1, 1, 2, 2, 2, 3, 2, 3, 3, 3, 2, 3, 3, 1, 3, 1, 3, 2, 1, 3, 3, 2, 2, 3, 1, 2, 3, 2, 2, 3, 1, 1, 1, 2, 1, 2, 1, 3, 1, 1, 2, 2, 3, 1, 2, 2, 3, 3, 2, 2, 3, 1, 1, 1, 2, 1, 2, 1, 1, 1, 2, 1, 2, 3, 2, 2, 3, 3, 3, 3, 3, 1, 2, 3, 1, 3, 1, 2, 1, 1, 2, 2, 2, 1, 3, 2, 3, 3, 1, 1, 1, 3, 3, 1, 3, 1, 1, 2, 3, 3, 2, 2, 1, 1, 1, 2, 2, 2, 1, 3, 1, 3, 3, 3, 2, 2, 1, 3, 2, 2, 3, 3, 2, 3, 2, 3, 1, 2, 3, 1, 3, 3, 3, 2, 2, 1, 3, 1, 2, 1, 3, 1, 2, 2, 3, 1, 3, 3, 3, 3, 2, 2, 3, 3, 1, 2, 3, 2, 2, 3, 3, 2, 3, 3, 3, 3, 2, 3, 3, 3, 3, 3, 3, 2, 3, 3, 3, 1, 1, 2, 1, 1, 2, 3, 2, 1, 1, 1, 3, 3, 3, 2, 3, 3, 1, 3, 3, 3, 3, 1, 2, 2, 3, 2, 2, 2, 1, 2, 3, 1, 2, 3, 1, 1, 1, 3, 1, 3, 1, 1, 1, 3, 2, 3, 3, 1, 3, 2, 1, 1, 1, 3, 3, 2, 3, 1, 2, 3, 2, 3, 1, 3, 1, 2, 1, 1, 3, 2]
02/23/2023 12:50:59:INFO: ---------Evaluated Metrics----------
02/23/2023 12:50:59:INFO: Accuracy: 0.4752.
02/23/2023 12:50:59:INFO: Macro Precision: 0.47517097004072634.
02/23/2023 12:50:59:INFO: Macro Recall: 0.4981329545482569.
02/23/2023 12:50:59:INFO: Macro F1 score: 0.47745550720533814.
02/23/2023 12:50:59:INFO: ---------confusion_matrix----------
02/23/2023 12:50:59:INFO: 
[[ 83  44  31]
 [ 88 109  93]
 [ 22  50 105]]
02/23/2023 12:50:59:INFO: 模型效果验证详情: {'位置第一个显示标签': 176, '其他位置有情感标签': 0, '全句没有情感标签': 0}.
02/23/2023 12:50:59:INFO: ----------------------Evaluate finished.------------------------
02/23/2023 12:50:59:INFO: Based on [12.th Epoch] best_accuracy: 0.4816.
02/23/2023 12:50:59:INFO: latest 5 epochs not seen performance increased, early stop.
02/23/2023 12:50:59:INFO: ********** Best Results on Dev Dataset **********
02/23/2023 12:50:59:INFO: Best Accuracy: 0.4816.
02/23/2023 12:50:59:INFO: Best Macro Precision: 0.48414704553512405.
02/23/2023 12:50:59:INFO: Best Macro Recall: 0.5105217254778175.
02/23/2023 12:50:59:INFO: Best Macro F1 score: 0.48391377870647.
02/23/2023 12:50:59:INFO: ***** Training Over *****
02/23/2023 12:50:59:INFO: --------------Testing ...---------------
02/23/2023 12:50:59:INFO: tensor([28996, 28997, 28998], device='cuda:0')
02/23/2023 12:51:02:INFO: **********Results Comparison**********
02/23/2023 12:51:02:INFO: 真实标签: 
 [3, 1, 2, 2, 3, 1, 2, 2, 3, 1, 2, 2, 3, 1, 2, 2, 3, 1, 2, 2, 3, 1, 2, 2, 3, 1, 2, 2, 3, 1, 2, 2, 3, 1, 2, 2, 3, 1, 2, 2, 3, 1, 2, 2, 3, 1, 2, 2, 3, 1, 2, 2, 3, 1, 2, 2, 3, 1, 2, 2, 3, 1, 2, 2, 3, 1, 2, 2, 3, 1, 2, 2, 3, 1, 2, 2, 3, 1, 2, 2, 3, 1, 2, 2, 3, 1, 2, 2, 3, 1, 2, 2, 3, 1, 2, 2, 3, 1, 2, 2, 3, 1, 2, 2, 3, 1, 2, 2, 3, 1, 2, 2, 3, 1, 2, 2, 3, 1, 2, 2, 3, 1, 2, 2, 3, 1, 2, 2, 3, 1, 2, 2, 3, 1, 2, 2, 3, 1, 2, 2, 3, 1, 2, 2, 3, 1, 2, 2, 3, 1, 2, 2, 3, 1, 2, 2, 3, 1, 2, 2, 3, 1, 2, 2, 3, 1, 2, 2, 3, 1, 2, 2, 3, 1, 2, 2, 3, 1, 2, 2, 3, 1, 2, 2, 3, 1, 2, 2, 3, 1, 2, 2, 3, 1, 2, 2, 3, 1, 2, 2, 3, 1, 2, 2, 3, 1, 2, 2, 3, 1, 2, 2, 3, 1, 2, 2, 3, 1, 2, 2, 3, 1, 2, 2, 3, 1, 2, 2, 3, 1, 2, 2, 3, 1, 2, 2, 3, 1, 2, 2, 3, 1, 2, 2, 3, 1, 2, 2, 3, 1, 2, 2, 3, 1, 2, 2, 3, 1, 2, 2, 3, 1, 2, 2, 3, 1, 2, 2, 3, 1, 2, 2, 3, 1, 2, 2, 3, 1, 2, 2, 3, 1, 2, 2, 3, 1, 2, 2, 3, 1, 2, 2, 3, 1, 2, 2, 3, 1, 2, 2, 3, 1, 2, 2, 3, 1, 2, 2, 3, 1, 2, 2, 3, 1, 2, 2, 3, 1, 2, 2, 3, 1, 2, 2, 3, 1, 2, 2, 3, 1, 2, 2, 3, 1, 2, 2, 3, 1, 2, 2, 3, 1, 2, 2, 3, 1, 2, 2, 3, 1, 2, 2, 3, 1, 2, 2, 3, 1, 2, 2, 3, 1, 2, 2, 3, 1, 2, 2, 3, 1, 2, 2, 3, 1, 2, 2, 3, 1, 2, 2, 3, 1, 2, 2, 3, 1, 2, 2, 3, 1, 2, 2, 3, 1, 2, 2, 3, 1, 2, 2, 3, 1, 2, 2, 3, 1, 2, 2, 3, 1, 2, 2, 3, 1, 2, 2, 3, 1, 2, 2, 3, 1, 2, 2, 3, 1, 2, 2, 3, 1, 2, 2, 3, 1, 2, 2, 3, 1, 2, 2, 3, 1, 2, 2, 3, 1, 2, 2, 3, 1, 2, 2, 3, 1, 2, 2, 3, 1, 2, 2, 3, 1, 2, 2, 3, 1, 2, 2, 3, 1, 2, 2, 3, 1, 2, 2, 3, 1, 2, 2, 3, 1, 2, 2, 3, 1, 2, 2, 3, 1, 2, 2, 3, 1, 2, 2, 3, 1, 2, 2, 3, 1, 2, 2, 3, 1, 2, 2, 3, 1, 2, 2, 3, 1, 2, 2, 3, 1, 2, 2, 3, 1, 2, 2, 3, 1, 2, 2, 3, 1, 2, 2, 3, 1, 2, 2, 3, 1, 2, 2, 3, 1, 2, 2, 3, 1, 2, 2, 3, 1, 2, 2, 3, 1, 2, 2, 3, 1, 2, 2, 3, 1, 2, 2, 3, 1, 2, 2, 3, 1, 2, 2, 3, 1, 2, 2, 3, 1, 2, 2, 3, 1, 2, 2, 3, 1, 2, 2, 3, 1, 2, 2, 3, 1, 2, 2, 3, 1, 2, 2, 3, 1, 2, 2, 3, 1, 2, 2, 3, 1, 2, 2, 3, 1, 2, 2, 3, 1, 2, 2, 3, 1, 2, 2, 3, 1, 2, 2, 3, 1, 2, 2, 3, 1, 2, 2, 3, 1, 2, 2, 3, 1, 2, 2, 3, 1, 2, 2, 3, 1, 2, 2, 3, 1, 2, 2, 3, 1, 2, 2, 3, 1, 2, 2, 3, 1, 2, 2, 3, 1, 2, 2, 3, 1, 2, 2, 3, 1, 2, 2, 3, 1, 2, 2, 3, 1, 2, 2, 3, 1, 2, 2]
02/23/2023 12:51:02:INFO: 预测标签: 
 [2, 2, 1, 1, 2, 2, 2, 2, 2, 1, 3, 1, 2, 2, 2, 2, 3, 1, 3, 2, 2, 1, 1, 3, 2, 3, 1, 1, 3, 1, 1, 3, 2, 2, 3, 2, 3, 3, 2, 2, 3, 3, 3, 2, 2, 1, 2, 1, 3, 3, 3, 2, 3, 1, 1, 3, 1, 1, 2, 2, 3, 1, 1, 1, 2, 2, 1, 2, 3, 2, 2, 2, 3, 2, 3, 2, 1, 1, 2, 2, 3, 2, 1, 2, 3, 1, 1, 1, 2, 1, 1, 2, 3, 1, 3, 2, 3, 1, 2, 3, 2, 2, 3, 1, 3, 1, 2, 3, 3, 3, 3, 2, 3, 1, 3, 3, 3, 1, 2, 2, 3, 2, 2, 2, 3, 1, 2, 1, 2, 1, 2, 3, 2, 3, 1, 2, 2, 1, 3, 2, 3, 1, 3, 1, 3, 3, 1, 2, 2, 1, 1, 2, 3, 3, 2, 1, 3, 1, 2, 3, 3, 3, 2, 3, 1, 2, 2, 3, 3, 3, 3, 2, 3, 3, 2, 1, 2, 1, 2, 2, 1, 2, 1, 1, 3, 1, 2, 2, 3, 1, 2, 1, 3, 1, 3, 2, 2, 3, 2, 1, 3, 2, 3, 1, 2, 2, 1, 3, 3, 1, 2, 2, 3, 1, 3, 2, 1, 1, 2, 2, 3, 2, 3, 2, 1, 1, 2, 1, 3, 2, 2, 1, 3, 2, 3, 2, 2, 1, 1, 1, 3, 1, 1, 2, 3, 3, 2, 3, 3, 2, 2, 3, 1, 3, 2, 2, 2, 1, 2, 3, 3, 1, 3, 2, 3, 2, 1, 3, 3, 3, 1, 1, 3, 3, 1, 1, 1, 2, 1, 2, 3, 3, 2, 2, 1, 1, 1, 2, 3, 1, 1, 1, 2, 2, 2, 3, 3, 3, 2, 3, 3, 3, 3, 1, 3, 2, 1, 2, 3, 3, 2, 3, 2, 1, 1, 2, 3, 1, 2, 2, 3, 2, 3, 3, 2, 1, 2, 2, 3, 1, 1, 1, 3, 1, 1, 2, 3, 3, 3, 1, 3, 1, 3, 3, 3, 2, 2, 3, 1, 1, 3, 2, 3, 2, 3, 2, 3, 1, 2, 2, 3, 2, 2, 2, 3, 3, 3, 2, 3, 1, 1, 2, 3, 2, 2, 3, 1, 3, 3, 2, 3, 1, 1, 3, 3, 3, 1, 2, 3, 1, 3, 2, 3, 2, 2, 1, 3, 1, 3, 2, 1, 2, 3, 1, 2, 3, 1, 3, 3, 3, 2, 2, 3, 1, 2, 1, 3, 1, 3, 1, 3, 1, 2, 2, 3, 3, 1, 1, 2, 2, 1, 1, 3, 3, 2, 1, 3, 2, 3, 3, 2, 2, 3, 2, 3, 1, 2, 3, 1, 3, 2, 1, 1, 3, 2, 1, 3, 3, 1, 3, 2, 2, 2, 1, 1, 1, 2, 1, 1, 1, 2, 3, 3, 2, 1, 2, 2, 1, 2, 2, 3, 2, 3, 2, 3, 3, 3, 2, 3, 3, 3, 1, 1, 1, 2, 2, 3, 3, 3, 2, 3, 2, 2, 2, 2, 1, 1, 3, 3, 1, 2, 3, 3, 2, 2, 3, 3, 1, 2, 3, 3, 1, 2, 3, 1, 3, 2, 3, 1, 2, 3, 3, 3, 1, 3, 3, 2, 3, 3, 1, 3, 2, 1, 2, 3, 2, 3, 2, 3, 2, 2, 3, 3, 2, 2, 2, 2, 3, 3, 3, 3, 1, 2, 2, 3, 3, 1, 2, 3, 2, 2, 2, 3, 3, 2, 3, 3, 1, 1, 3, 1, 1, 2, 2, 2, 1, 3, 1, 1, 1, 3, 1, 3, 3, 1, 2, 3, 1, 1, 3, 3, 3, 2, 2, 3, 2, 2, 1, 1, 2, 2, 3, 3, 1, 2, 1, 3, 2, 1, 2, 3, 2, 2, 3, 1, 2, 3, 1, 1, 1, 2, 2, 3, 1, 2, 2, 3, 1, 3, 1, 3, 1, 2, 3, 2, 3, 3, 3, 3, 1, 2, 2, 2, 1, 2, 2, 3, 1, 1, 3, 3, 1, 1, 1, 3, 1, 2, 1, 3, 1, 2, 1, 2, 2, 2, 2, 3, 1, 2, 2, 3, 1, 1, 2, 3, 1, 3, 3, 3, 2, 2, 3]
02/23/2023 12:51:02:INFO: ---------Evaluated Metrics----------
02/23/2023 12:51:02:INFO: Accuracy: 0.5115606936416185.
02/23/2023 12:51:02:INFO: Macro Precision: 0.5057618675885655.
02/23/2023 12:51:02:INFO: Macro Recall: 0.5289017341040463.
02/23/2023 12:51:02:INFO: Macro F1 score: 0.5048260097755515.
02/23/2023 12:51:02:INFO: ---------confusion_matrix----------
02/23/2023 12:51:02:INFO: 
[[ 81  50  42]
 [ 91 159  96]
 [ 24  35 114]]
02/23/2023 12:51:02:INFO: 模型效果验证详情: {'位置第一个显示标签': 200, '其他位置有情感标签': 0, '全句没有情感标签': 0}.
02/23/2023 12:51:02:INFO: ----------------------Testing finished.------------------------
02/23/2023 12:51:02:INFO: bengio.
