02/23/2023 12:00:06:INFO: start.
02/23/2023 12:00:06:INFO: --------hyper-arguments for this training.--------
02/23/2023 12:00:06:INFO: Namespace(answer_strategy='inter_logits_core_token', batch_size=16, dataset='rest14', eval_pre_epochs=1, few_shot=100, learning_rate=1e-05, log_file=None, model_type='WT2ABSA_Mean', patience=5, pre_trained_model='pretrainedmodels/bert-base-cased', save_best_model=False, seed=985, total_epochs=20)
02/23/2023 12:00:06:INFO: ----------dataset files------------
02/23/2023 12:00:06:INFO: {'train': '../WordTrans2ABSA/dataset/rest14/train.json', 'dev': '../WordTrans2ABSA/dataset/rest14/dev.json', 'test': '../WordTrans2ABSA/dataset/rest14/test.json'}
02/23/2023 12:00:09:WARNING: Using custom data configuration default-60cac04a9729a80a
02/23/2023 12:00:09:WARNING: Reusing dataset json (C:\Users\Super-IdoI\.cache\huggingface\datasets\json\default-60cac04a9729a80a\0.0.0\45636811569ec4a6630521c18235dfbbab83b7ab572e3393c5ba68ccabe98264)
02/23/2023 12:00:09:INFO: -----------------------------------
02/23/2023 12:00:09:INFO: {'I-POS': ['good', 'clever', 'excellent', 'effectual', 'beautiful', 'nice', 'useful', 'well', 'fantastic'], 'I-NEU': ['Michael', 'John', 'David', 'Thomas', 'Martin', 'Paul'], 'I-NEG': ['bad', 'terrible', 'awful', 'badly', 'terrible', 'poor', 'unfortunate', 'harmful', 'dirty', 'sorry']}
02/23/2023 12:00:09:INFO: -----------------------------------
02/23/2023 12:00:09:INFO: {'O': 0, 'I-POS': 1, 'I-NEU': 2, 'I-NEG': 3}
02/23/2023 12:00:09:INFO: {0: 'O', 1: 'I-POS', 2: 'I-NEU', 3: 'I-NEG'}
02/23/2023 12:00:11:INFO: -----------------------------------
02/23/2023 12:00:11:INFO: {'I-POS': 28996, 'I-NEU': 28997, 'I-NEG': 28998}
02/23/2023 12:00:11:INFO: {28996: 'I-POS', 28997: 'I-NEU', 28998: 'I-NEG'}
02/23/2023 12:00:11:INFO: start preprocess dataset.
02/23/2023 12:00:12:INFO: dataset preprocess finished.
02/23/2023 12:00:12:INFO: Train: 300, Dev: 179, Test: 599.
02/23/2023 12:00:12:INFO: dataloader prepare finished.
02/23/2023 12:00:12:INFO: ***** Start Training *****
02/23/2023 12:00:12:INFO: Total Epochs: 20
02/23/2023 12:00:12:INFO: validate on per-1 epochs.
02/23/2023 12:00:12:INFO: Training Samples Count: 300.
02/23/2023 12:00:12:INFO: Batch Size: 16, 每轮 19 Batch.
02/23/2023 12:00:12:INFO: Learning Rate: 1e-05
02/23/2023 12:00:12:INFO: --------------Epoch. 1.---------------
02/23/2023 12:00:15:INFO: [Epoch. 1.]: 100%|| 19/19 [00:02<00:00,  7.58it/s, avg_loss=1.45]
02/23/2023 12:00:15:INFO: Epoch 1, average loss: 1.4457882203553851
02/23/2023 12:00:15:INFO: --------------Evaluate on Epoch. 1.---------------
02/23/2023 12:00:15:INFO: tensor([28996, 28997, 28998], device='cuda:0')
02/23/2023 12:00:15:INFO: **********Results Comparison**********
02/23/2023 12:00:15:INFO: 真实标签: 
 [3, 1, 1, 1, 2, 1, 1, 1, 1, 1, 3, 1, 1, 1, 1, 3, 2, 1, 1, 2, 2, 1, 1, 1, 1, 1, 2, 3, 1, 3, 1, 2, 1, 1, 1, 3, 1, 3, 1, 1, 1, 1, 2, 1, 1, 1, 1, 1, 1, 2, 2, 1, 1, 1, 1, 3, 2, 1, 1, 1, 1, 3, 1, 1, 1, 1, 1, 1, 1, 1, 3, 2, 1, 3, 3, 1, 2, 3, 1, 1, 1, 2, 1, 1, 1, 2, 3, 1, 1, 2, 1, 1, 3, 1, 1, 1, 1, 1, 2, 3, 2, 1, 1, 1, 1, 1, 1, 1, 1, 1, 3, 3, 1, 1, 2, 1, 3, 3, 1, 3, 2, 2, 1, 1, 3, 1, 2, 1, 1, 1, 1, 3, 1, 1, 1, 1, 1, 3, 1, 1, 1, 2, 1, 2, 2, 3, 1, 1, 1, 2, 1, 1, 1, 2, 1, 1, 1, 1, 1, 1, 1, 1, 2, 1, 1, 1, 1, 1, 1, 1, 1, 1, 1, 2, 2, 2, 2, 2, 1]
02/23/2023 12:00:15:INFO: 预测标签: 
 [1, 1, 1, 1, 1, 1, 1, 1, 3, 1, 1, 1, 3, 1, 1, 3, 1, 2, 1, 2, 1, 2, 2, 1, 2, 1, 2, 1, 1, 1, 1, 1, 2, 2, 1, 1, 1, 2, 1, 1, 2, 1, 2, 1, 1, 1, 1, 1, 3, 1, 1, 2, 1, 2, 3, 1, 1, 2, 1, 1, 1, 3, 1, 1, 2, 3, 1, 3, 2, 1, 3, 1, 1, 1, 1, 1, 3, 3, 1, 1, 1, 2, 1, 1, 1, 2, 1, 1, 1, 1, 3, 1, 1, 3, 3, 2, 1, 1, 2, 3, 3, 1, 1, 1, 1, 1, 1, 2, 1, 1, 3, 1, 1, 1, 2, 1, 1, 3, 1, 1, 2, 2, 1, 1, 3, 1, 1, 3, 2, 2, 1, 3, 1, 1, 1, 1, 1, 1, 2, 1, 1, 2, 1, 1, 1, 3, 3, 3, 1, 1, 2, 1, 1, 1, 1, 1, 1, 1, 1, 1, 3, 2, 1, 1, 1, 1, 3, 1, 2, 2, 1, 3, 1, 1, 2, 1, 1, 1, 1]
02/23/2023 12:00:15:INFO: ---------Evaluated Metrics----------
02/23/2023 12:00:15:INFO: Accuracy: 0.5977653631284916.
02/23/2023 12:00:15:INFO: Macro Precision: 0.4754642597779853.
02/23/2023 12:00:15:INFO: Macro Recall: 0.4828893442622951.
02/23/2023 12:00:15:INFO: Macro F1 score: 0.4789232897116715.
02/23/2023 12:00:15:INFO: ---------confusion_matrix----------
02/23/2023 12:00:15:INFO: 
[[86 21 15]
 [19 11  2]
 [14  1 10]]
02/23/2023 12:00:15:INFO: 模型效果验证详情: {'位置第一个显示标签': 0, '其他位置有情感标签': 0, '全句没有情感标签': 0}.
02/23/2023 12:00:15:INFO: ----------------------Evaluate finished.------------------------
02/23/2023 12:00:15:INFO: --------------Epoch. 2.---------------
02/23/2023 12:00:17:INFO: [Epoch. 2.]: 100%|| 19/19 [00:02<00:00,  8.79it/s, avg_loss=0.87]
02/23/2023 12:00:17:INFO: Epoch 2, average loss: 0.869804416832171
02/23/2023 12:00:17:INFO: --------------Evaluate on Epoch. 2.---------------
02/23/2023 12:00:17:INFO: tensor([28996, 28997, 28998], device='cuda:0')
02/23/2023 12:00:17:INFO: **********Results Comparison**********
02/23/2023 12:00:17:INFO: 真实标签: 
 [3, 1, 1, 1, 2, 1, 1, 1, 1, 1, 3, 1, 1, 1, 1, 3, 2, 1, 1, 2, 2, 1, 1, 1, 1, 1, 2, 3, 1, 3, 1, 2, 1, 1, 1, 3, 1, 3, 1, 1, 1, 1, 2, 1, 1, 1, 1, 1, 1, 2, 2, 1, 1, 1, 1, 3, 2, 1, 1, 1, 1, 3, 1, 1, 1, 1, 1, 1, 1, 1, 3, 2, 1, 3, 3, 1, 2, 3, 1, 1, 1, 2, 1, 1, 1, 2, 3, 1, 1, 2, 1, 1, 3, 1, 1, 1, 1, 1, 2, 3, 2, 1, 1, 1, 1, 1, 1, 1, 1, 1, 3, 3, 1, 1, 2, 1, 3, 3, 1, 3, 2, 2, 1, 1, 3, 1, 2, 1, 1, 1, 1, 3, 1, 1, 1, 1, 1, 3, 1, 1, 1, 2, 1, 2, 2, 3, 1, 1, 1, 2, 1, 1, 1, 2, 1, 1, 1, 1, 1, 1, 1, 1, 2, 1, 1, 1, 1, 1, 1, 1, 1, 1, 1, 2, 2, 2, 2, 2, 1]
02/23/2023 12:00:17:INFO: 预测标签: 
 [2, 2, 1, 1, 1, 3, 3, 3, 2, 1, 2, 2, 3, 2, 2, 3, 2, 2, 2, 2, 2, 2, 2, 2, 2, 1, 2, 1, 1, 2, 2, 1, 2, 2, 1, 2, 1, 2, 1, 1, 2, 1, 2, 1, 2, 1, 1, 2, 3, 2, 2, 2, 2, 2, 3, 2, 3, 2, 2, 1, 3, 3, 2, 2, 2, 3, 1, 3, 2, 2, 3, 3, 1, 2, 2, 2, 3, 3, 1, 1, 2, 2, 1, 1, 2, 2, 2, 2, 1, 3, 2, 1, 2, 3, 3, 2, 3, 2, 2, 3, 3, 3, 2, 1, 2, 1, 2, 2, 3, 2, 3, 2, 2, 1, 2, 2, 1, 3, 2, 3, 2, 2, 2, 1, 2, 2, 3, 3, 2, 2, 2, 3, 2, 1, 1, 3, 1, 2, 2, 1, 1, 2, 2, 1, 3, 3, 3, 3, 1, 3, 2, 2, 1, 1, 2, 1, 2, 2, 1, 2, 3, 2, 1, 1, 1, 1, 3, 2, 2, 2, 1, 2, 2, 2, 2, 2, 3, 1, 2]
02/23/2023 12:00:17:INFO: ---------Evaluated Metrics----------
02/23/2023 12:00:17:INFO: Accuracy: 0.3687150837988827.
02/23/2023 12:00:17:INFO: Macro Precision: 0.4229977297925136.
02/23/2023 12:00:17:INFO: Macro Recall: 0.41697404371584695.
02/23/2023 12:00:17:INFO: Macro F1 score: 0.34867948717948716.
02/23/2023 12:00:17:INFO: ---------confusion_matrix----------
02/23/2023 12:00:17:INFO: 
[[39 63 20]
 [ 6 17  9]
 [ 2 13 10]]
02/23/2023 12:00:17:INFO: 模型效果验证详情: {'位置第一个显示标签': 0, '其他位置有情感标签': 0, '全句没有情感标签': 0}.
02/23/2023 12:00:17:INFO: ----------------------Evaluate finished.------------------------
02/23/2023 12:00:17:INFO: --------------Epoch. 3.---------------
02/23/2023 12:00:20:INFO: [Epoch. 3.]: 100%|| 19/19 [00:02<00:00,  8.95it/s, avg_loss=0.655]
02/23/2023 12:00:20:INFO: Epoch 3, average loss: 0.6548565547717246
02/23/2023 12:00:20:INFO: --------------Evaluate on Epoch. 3.---------------
02/23/2023 12:00:20:INFO: tensor([28996, 28997, 28998], device='cuda:0')
02/23/2023 12:00:20:INFO: **********Results Comparison**********
02/23/2023 12:00:20:INFO: 真实标签: 
 [3, 1, 1, 1, 2, 1, 1, 1, 1, 1, 3, 1, 1, 1, 1, 3, 2, 1, 1, 2, 2, 1, 1, 1, 1, 1, 2, 3, 1, 3, 1, 2, 1, 1, 1, 3, 1, 3, 1, 1, 1, 1, 2, 1, 1, 1, 1, 1, 1, 2, 2, 1, 1, 1, 1, 3, 2, 1, 1, 1, 1, 3, 1, 1, 1, 1, 1, 1, 1, 1, 3, 2, 1, 3, 3, 1, 2, 3, 1, 1, 1, 2, 1, 1, 1, 2, 3, 1, 1, 2, 1, 1, 3, 1, 1, 1, 1, 1, 2, 3, 2, 1, 1, 1, 1, 1, 1, 1, 1, 1, 3, 3, 1, 1, 2, 1, 3, 3, 1, 3, 2, 2, 1, 1, 3, 1, 2, 1, 1, 1, 1, 3, 1, 1, 1, 1, 1, 3, 1, 1, 1, 2, 1, 2, 2, 3, 1, 1, 1, 2, 1, 1, 1, 2, 1, 1, 1, 1, 1, 1, 1, 1, 2, 1, 1, 1, 1, 1, 1, 1, 1, 1, 1, 2, 2, 2, 2, 2, 1]
02/23/2023 12:00:20:INFO: 预测标签: 
 [2, 2, 1, 1, 1, 3, 3, 2, 2, 1, 3, 2, 3, 2, 2, 3, 2, 2, 1, 2, 2, 2, 2, 2, 2, 1, 2, 1, 1, 2, 2, 1, 2, 2, 1, 2, 1, 2, 1, 1, 2, 2, 2, 1, 2, 1, 1, 2, 1, 2, 2, 2, 2, 2, 3, 2, 3, 2, 2, 1, 1, 3, 2, 2, 2, 3, 1, 3, 2, 2, 3, 2, 1, 3, 2, 2, 3, 3, 1, 1, 2, 2, 1, 1, 2, 2, 2, 2, 1, 3, 2, 1, 2, 3, 3, 1, 2, 2, 2, 3, 3, 3, 2, 1, 2, 1, 2, 2, 2, 2, 3, 2, 2, 2, 2, 2, 1, 3, 2, 3, 2, 2, 1, 1, 2, 2, 3, 1, 2, 2, 2, 3, 2, 1, 1, 3, 1, 2, 2, 1, 1, 2, 2, 1, 3, 3, 3, 3, 1, 3, 2, 2, 1, 2, 1, 1, 1, 2, 1, 1, 3, 2, 1, 1, 1, 1, 3, 2, 2, 2, 1, 3, 2, 2, 2, 2, 3, 1, 2]
02/23/2023 12:00:20:INFO: ---------Evaluated Metrics----------
02/23/2023 12:00:20:INFO: Accuracy: 0.4301675977653631.
02/23/2023 12:00:20:INFO: Macro Precision: 0.4731909599834128.
02/23/2023 12:00:20:INFO: Macro Recall: 0.48359972677595625.
02/23/2023 12:00:20:INFO: Macro F1 score: 0.41155245838172666.
02/23/2023 12:00:20:INFO: ---------confusion_matrix----------
02/23/2023 12:00:20:INFO: 
[[46 61 15]
 [ 5 19  8]
 [ 2 11 12]]
02/23/2023 12:00:20:INFO: 模型效果验证详情: {'位置第一个显示标签': 0, '其他位置有情感标签': 0, '全句没有情感标签': 0}.
02/23/2023 12:00:20:INFO: ----------------------Evaluate finished.------------------------
02/23/2023 12:00:20:INFO: --------------Epoch. 4.---------------
02/23/2023 12:00:22:INFO: [Epoch. 4.]: 100%|| 19/19 [00:02<00:00,  8.96it/s, avg_loss=0.509]
02/23/2023 12:00:22:INFO: Epoch 4, average loss: 0.5086648354404851
02/23/2023 12:00:22:INFO: --------------Evaluate on Epoch. 4.---------------
02/23/2023 12:00:22:INFO: tensor([28996, 28997, 28998], device='cuda:0')
02/23/2023 12:00:22:INFO: **********Results Comparison**********
02/23/2023 12:00:22:INFO: 真实标签: 
 [3, 1, 1, 1, 2, 1, 1, 1, 1, 1, 3, 1, 1, 1, 1, 3, 2, 1, 1, 2, 2, 1, 1, 1, 1, 1, 2, 3, 1, 3, 1, 2, 1, 1, 1, 3, 1, 3, 1, 1, 1, 1, 2, 1, 1, 1, 1, 1, 1, 2, 2, 1, 1, 1, 1, 3, 2, 1, 1, 1, 1, 3, 1, 1, 1, 1, 1, 1, 1, 1, 3, 2, 1, 3, 3, 1, 2, 3, 1, 1, 1, 2, 1, 1, 1, 2, 3, 1, 1, 2, 1, 1, 3, 1, 1, 1, 1, 1, 2, 3, 2, 1, 1, 1, 1, 1, 1, 1, 1, 1, 3, 3, 1, 1, 2, 1, 3, 3, 1, 3, 2, 2, 1, 1, 3, 1, 2, 1, 1, 1, 1, 3, 1, 1, 1, 1, 1, 3, 1, 1, 1, 2, 1, 2, 2, 3, 1, 1, 1, 2, 1, 1, 1, 2, 1, 1, 1, 1, 1, 1, 1, 1, 2, 1, 1, 1, 1, 1, 1, 1, 1, 1, 1, 2, 2, 2, 2, 2, 1]
02/23/2023 12:00:22:INFO: 预测标签: 
 [2, 1, 1, 1, 1, 3, 3, 2, 2, 1, 3, 2, 3, 2, 2, 3, 2, 2, 1, 2, 2, 2, 2, 2, 2, 1, 2, 1, 1, 2, 1, 1, 2, 2, 1, 3, 1, 2, 1, 1, 2, 2, 2, 1, 2, 1, 1, 2, 1, 2, 2, 2, 2, 2, 3, 2, 3, 2, 2, 1, 1, 2, 1, 2, 2, 3, 1, 3, 2, 2, 3, 2, 1, 3, 2, 2, 3, 3, 1, 1, 1, 2, 1, 1, 2, 2, 2, 2, 1, 2, 2, 1, 2, 3, 3, 1, 2, 2, 2, 3, 3, 3, 2, 1, 2, 1, 1, 2, 2, 2, 3, 2, 2, 2, 2, 2, 1, 3, 2, 3, 2, 2, 1, 1, 2, 2, 1, 1, 2, 2, 2, 3, 2, 1, 1, 3, 1, 2, 2, 1, 1, 2, 2, 1, 3, 3, 1, 3, 1, 3, 2, 1, 1, 2, 1, 1, 1, 2, 1, 1, 3, 2, 1, 1, 1, 1, 3, 2, 2, 2, 1, 3, 1, 2, 2, 1, 3, 1, 1]
02/23/2023 12:00:22:INFO: ---------Evaluated Metrics----------
02/23/2023 12:00:22:INFO: Accuracy: 0.48044692737430167.
02/23/2023 12:00:22:INFO: Macro Precision: 0.48776355421686746.
02/23/2023 12:00:22:INFO: Macro Recall: 0.5081898907103825.
02/23/2023 12:00:22:INFO: Macro F1 score: 0.4476284212166695.
02/23/2023 12:00:22:INFO: ---------confusion_matrix----------
02/23/2023 12:00:22:INFO: 
[[55 53 14]
 [ 7 19  6]
 [ 2 11 12]]
02/23/2023 12:00:22:INFO: 模型效果验证详情: {'位置第一个显示标签': 2, '其他位置有情感标签': 0, '全句没有情感标签': 0}.
02/23/2023 12:00:22:INFO: ----------------------Evaluate finished.------------------------
02/23/2023 12:00:22:INFO: --------------Epoch. 5.---------------
02/23/2023 12:00:25:INFO: [Epoch. 5.]: 100%|| 19/19 [00:02<00:00,  8.83it/s, avg_loss=0.398]
02/23/2023 12:00:25:INFO: Epoch 5, average loss: 0.3979415305350956
02/23/2023 12:00:25:INFO: --------------Evaluate on Epoch. 5.---------------
02/23/2023 12:00:25:INFO: tensor([28996, 28997, 28998], device='cuda:0')
02/23/2023 12:00:25:INFO: **********Results Comparison**********
02/23/2023 12:00:25:INFO: 真实标签: 
 [3, 1, 1, 1, 2, 1, 1, 1, 1, 1, 3, 1, 1, 1, 1, 3, 2, 1, 1, 2, 2, 1, 1, 1, 1, 1, 2, 3, 1, 3, 1, 2, 1, 1, 1, 3, 1, 3, 1, 1, 1, 1, 2, 1, 1, 1, 1, 1, 1, 2, 2, 1, 1, 1, 1, 3, 2, 1, 1, 1, 1, 3, 1, 1, 1, 1, 1, 1, 1, 1, 3, 2, 1, 3, 3, 1, 2, 3, 1, 1, 1, 2, 1, 1, 1, 2, 3, 1, 1, 2, 1, 1, 3, 1, 1, 1, 1, 1, 2, 3, 2, 1, 1, 1, 1, 1, 1, 1, 1, 1, 3, 3, 1, 1, 2, 1, 3, 3, 1, 3, 2, 2, 1, 1, 3, 1, 2, 1, 1, 1, 1, 3, 1, 1, 1, 1, 1, 3, 1, 1, 1, 2, 1, 2, 2, 3, 1, 1, 1, 2, 1, 1, 1, 2, 1, 1, 1, 1, 1, 1, 1, 1, 2, 1, 1, 1, 1, 1, 1, 1, 1, 1, 1, 2, 2, 2, 2, 2, 1]
02/23/2023 12:00:25:INFO: 预测标签: 
 [2, 1, 1, 1, 1, 3, 1, 1, 2, 1, 3, 2, 3, 1, 2, 3, 1, 2, 1, 2, 2, 2, 2, 2, 2, 1, 2, 1, 1, 2, 1, 1, 2, 2, 1, 3, 1, 2, 1, 1, 2, 2, 2, 1, 2, 1, 1, 1, 1, 2, 2, 2, 2, 1, 3, 2, 3, 2, 2, 1, 1, 2, 1, 2, 2, 3, 1, 3, 2, 2, 3, 2, 1, 3, 2, 1, 3, 3, 1, 1, 1, 1, 1, 1, 2, 2, 2, 1, 1, 2, 2, 1, 2, 1, 3, 1, 2, 2, 2, 3, 3, 3, 1, 1, 2, 1, 1, 2, 2, 2, 3, 2, 2, 2, 2, 2, 1, 3, 2, 3, 2, 2, 1, 1, 2, 2, 1, 1, 2, 2, 1, 3, 2, 1, 1, 3, 1, 2, 2, 1, 1, 2, 1, 1, 3, 3, 1, 3, 1, 3, 2, 1, 1, 2, 1, 1, 1, 2, 1, 1, 3, 2, 1, 1, 1, 1, 3, 2, 2, 2, 1, 1, 1, 2, 2, 1, 3, 1, 1]
02/23/2023 12:00:25:INFO: ---------Evaluated Metrics----------
02/23/2023 12:00:25:INFO: Accuracy: 0.5363128491620112.
02/23/2023 12:00:25:INFO: Macro Precision: 0.5029595245112486.
02/23/2023 12:00:25:INFO: Macro Recall: 0.5201434426229509.
02/23/2023 12:00:25:INFO: Macro F1 score: 0.4804558404558405.
02/23/2023 12:00:25:INFO: ---------confusion_matrix----------
02/23/2023 12:00:25:INFO: 
[[67 44 11]
 [ 9 17  6]
 [ 2 11 12]]
02/23/2023 12:00:25:INFO: 模型效果验证详情: {'位置第一个显示标签': 13, '其他位置有情感标签': 0, '全句没有情感标签': 0}.
02/23/2023 12:00:25:INFO: ----------------------Evaluate finished.------------------------
02/23/2023 12:00:25:INFO: --------------Epoch. 6.---------------
02/23/2023 12:00:27:INFO: [Epoch. 6.]: 100%|| 19/19 [00:02<00:00,  8.92it/s, avg_loss=0.318]
02/23/2023 12:00:27:INFO: Epoch 6, average loss: 0.3177328188168375
02/23/2023 12:00:27:INFO: --------------Evaluate on Epoch. 6.---------------
02/23/2023 12:00:27:INFO: tensor([28996, 28997, 28998], device='cuda:0')
02/23/2023 12:00:27:INFO: **********Results Comparison**********
02/23/2023 12:00:27:INFO: 真实标签: 
 [3, 1, 1, 1, 2, 1, 1, 1, 1, 1, 3, 1, 1, 1, 1, 3, 2, 1, 1, 2, 2, 1, 1, 1, 1, 1, 2, 3, 1, 3, 1, 2, 1, 1, 1, 3, 1, 3, 1, 1, 1, 1, 2, 1, 1, 1, 1, 1, 1, 2, 2, 1, 1, 1, 1, 3, 2, 1, 1, 1, 1, 3, 1, 1, 1, 1, 1, 1, 1, 1, 3, 2, 1, 3, 3, 1, 2, 3, 1, 1, 1, 2, 1, 1, 1, 2, 3, 1, 1, 2, 1, 1, 3, 1, 1, 1, 1, 1, 2, 3, 2, 1, 1, 1, 1, 1, 1, 1, 1, 1, 3, 3, 1, 1, 2, 1, 3, 3, 1, 3, 2, 2, 1, 1, 3, 1, 2, 1, 1, 1, 1, 3, 1, 1, 1, 1, 1, 3, 1, 1, 1, 2, 1, 2, 2, 3, 1, 1, 1, 2, 1, 1, 1, 2, 1, 1, 1, 1, 1, 1, 1, 1, 2, 1, 1, 1, 1, 1, 1, 1, 1, 1, 1, 2, 2, 2, 2, 2, 1]
02/23/2023 12:00:27:INFO: 预测标签: 
 [2, 1, 1, 1, 1, 3, 3, 1, 2, 1, 3, 1, 3, 1, 1, 3, 1, 2, 3, 1, 1, 2, 2, 1, 2, 1, 2, 1, 1, 3, 1, 1, 2, 2, 1, 3, 1, 2, 1, 1, 2, 1, 2, 1, 1, 1, 1, 1, 1, 2, 2, 2, 2, 1, 3, 3, 3, 2, 1, 1, 1, 3, 1, 1, 2, 3, 1, 3, 2, 2, 3, 2, 1, 3, 2, 1, 3, 3, 1, 1, 1, 1, 1, 1, 2, 2, 2, 1, 1, 3, 3, 1, 2, 1, 3, 1, 2, 1, 2, 3, 3, 3, 1, 1, 2, 1, 1, 2, 1, 1, 3, 2, 2, 1, 2, 1, 3, 3, 1, 3, 2, 2, 1, 1, 2, 2, 1, 1, 1, 1, 1, 3, 2, 1, 1, 3, 1, 3, 2, 1, 1, 2, 1, 1, 3, 3, 1, 3, 1, 3, 2, 1, 1, 2, 1, 1, 1, 1, 1, 1, 3, 2, 1, 1, 1, 1, 3, 1, 1, 2, 1, 1, 1, 3, 2, 1, 3, 1, 1]
02/23/2023 12:00:27:INFO: ---------Evaluated Metrics----------
02/23/2023 12:00:27:INFO: Accuracy: 0.6312849162011173.
02/23/2023 12:00:27:INFO: Macro Precision: 0.5328235117708802.
02/23/2023 12:00:27:INFO: Macro Recall: 0.5888592896174863.
02/23/2023 12:00:27:INFO: Macro F1 score: 0.5446297653958944.
02/23/2023 12:00:27:INFO: ---------confusion_matrix----------
02/23/2023 12:00:27:INFO: 
[[83 25 14]
 [11 13  8]
 [ 1  7 17]]
02/23/2023 12:00:27:INFO: 模型效果验证详情: {'位置第一个显示标签': 33, '其他位置有情感标签': 0, '全句没有情感标签': 0}.
02/23/2023 12:00:27:INFO: ----------------------Evaluate finished.------------------------
02/23/2023 12:00:27:INFO: --------------Epoch. 7.---------------
02/23/2023 12:00:30:INFO: [Epoch. 7.]: 100%|| 19/19 [00:02<00:00,  8.72it/s, avg_loss=0.251]
02/23/2023 12:00:30:INFO: Epoch 7, average loss: 0.25064952514673533
02/23/2023 12:00:30:INFO: --------------Evaluate on Epoch. 7.---------------
02/23/2023 12:00:30:INFO: tensor([28996, 28997, 28998], device='cuda:0')
02/23/2023 12:00:30:INFO: **********Results Comparison**********
02/23/2023 12:00:30:INFO: 真实标签: 
 [3, 1, 1, 1, 2, 1, 1, 1, 1, 1, 3, 1, 1, 1, 1, 3, 2, 1, 1, 2, 2, 1, 1, 1, 1, 1, 2, 3, 1, 3, 1, 2, 1, 1, 1, 3, 1, 3, 1, 1, 1, 1, 2, 1, 1, 1, 1, 1, 1, 2, 2, 1, 1, 1, 1, 3, 2, 1, 1, 1, 1, 3, 1, 1, 1, 1, 1, 1, 1, 1, 3, 2, 1, 3, 3, 1, 2, 3, 1, 1, 1, 2, 1, 1, 1, 2, 3, 1, 1, 2, 1, 1, 3, 1, 1, 1, 1, 1, 2, 3, 2, 1, 1, 1, 1, 1, 1, 1, 1, 1, 3, 3, 1, 1, 2, 1, 3, 3, 1, 3, 2, 2, 1, 1, 3, 1, 2, 1, 1, 1, 1, 3, 1, 1, 1, 1, 1, 3, 1, 1, 1, 2, 1, 2, 2, 3, 1, 1, 1, 2, 1, 1, 1, 2, 1, 1, 1, 1, 1, 1, 1, 1, 2, 1, 1, 1, 1, 1, 1, 1, 1, 1, 1, 2, 2, 2, 2, 2, 1]
02/23/2023 12:00:30:INFO: 预测标签: 
 [2, 1, 1, 1, 1, 3, 3, 1, 2, 1, 3, 1, 3, 1, 1, 3, 1, 2, 3, 1, 1, 2, 2, 1, 2, 1, 2, 1, 1, 3, 1, 1, 2, 2, 1, 3, 1, 2, 1, 1, 2, 1, 2, 1, 1, 1, 1, 1, 1, 2, 2, 1, 2, 1, 3, 3, 3, 2, 1, 1, 1, 3, 1, 1, 2, 3, 1, 3, 2, 2, 3, 2, 1, 3, 2, 1, 3, 3, 1, 1, 1, 1, 1, 1, 2, 2, 2, 1, 1, 3, 3, 1, 2, 1, 3, 1, 1, 1, 2, 3, 3, 3, 1, 1, 2, 1, 1, 2, 1, 1, 3, 2, 2, 1, 2, 1, 3, 3, 1, 3, 3, 2, 1, 1, 3, 1, 1, 1, 1, 1, 1, 3, 2, 1, 1, 3, 1, 3, 2, 1, 1, 2, 1, 1, 3, 3, 1, 3, 1, 3, 2, 1, 1, 2, 1, 1, 1, 1, 1, 1, 3, 2, 1, 1, 1, 1, 3, 1, 1, 1, 1, 1, 1, 3, 2, 3, 3, 1, 1]
02/23/2023 12:00:30:INFO: ---------Evaluated Metrics----------
02/23/2023 12:00:30:INFO: Accuracy: 0.6536312849162011.
02/23/2023 12:00:30:INFO: Macro Precision: 0.5413396127681842.
02/23/2023 12:00:30:INFO: Macro Recall: 0.6027049180327869.
02/23/2023 12:00:30:INFO: Macro F1 score: 0.5554168975863322.
02/23/2023 12:00:30:INFO: ---------confusion_matrix----------
02/23/2023 12:00:30:INFO: 
[[87 21 14]
 [10 12 10]
 [ 1  6 18]]
02/23/2023 12:00:30:INFO: 模型效果验证详情: {'位置第一个显示标签': 53, '其他位置有情感标签': 0, '全句没有情感标签': 0}.
02/23/2023 12:00:30:INFO: ----------------------Evaluate finished.------------------------
02/23/2023 12:00:30:INFO: --------------Epoch. 8.---------------
02/23/2023 12:00:32:INFO: [Epoch. 8.]: 100%|| 19/19 [00:02<00:00,  8.99it/s, avg_loss=0.205]
02/23/2023 12:00:32:INFO: Epoch 8, average loss: 0.2048649168328235
02/23/2023 12:00:32:INFO: --------------Evaluate on Epoch. 8.---------------
02/23/2023 12:00:32:INFO: tensor([28996, 28997, 28998], device='cuda:0')
02/23/2023 12:00:32:INFO: **********Results Comparison**********
02/23/2023 12:00:32:INFO: 真实标签: 
 [3, 1, 1, 1, 2, 1, 1, 1, 1, 1, 3, 1, 1, 1, 1, 3, 2, 1, 1, 2, 2, 1, 1, 1, 1, 1, 2, 3, 1, 3, 1, 2, 1, 1, 1, 3, 1, 3, 1, 1, 1, 1, 2, 1, 1, 1, 1, 1, 1, 2, 2, 1, 1, 1, 1, 3, 2, 1, 1, 1, 1, 3, 1, 1, 1, 1, 1, 1, 1, 1, 3, 2, 1, 3, 3, 1, 2, 3, 1, 1, 1, 2, 1, 1, 1, 2, 3, 1, 1, 2, 1, 1, 3, 1, 1, 1, 1, 1, 2, 3, 2, 1, 1, 1, 1, 1, 1, 1, 1, 1, 3, 3, 1, 1, 2, 1, 3, 3, 1, 3, 2, 2, 1, 1, 3, 1, 2, 1, 1, 1, 1, 3, 1, 1, 1, 1, 1, 3, 1, 1, 1, 2, 1, 2, 2, 3, 1, 1, 1, 2, 1, 1, 1, 2, 1, 1, 1, 1, 1, 1, 1, 1, 2, 1, 1, 1, 1, 1, 1, 1, 1, 1, 1, 2, 2, 2, 2, 2, 1]
02/23/2023 12:00:32:INFO: 预测标签: 
 [2, 1, 1, 1, 1, 3, 3, 1, 2, 1, 3, 2, 3, 1, 1, 3, 1, 2, 3, 1, 2, 2, 2, 1, 2, 1, 2, 3, 1, 3, 1, 1, 2, 2, 1, 3, 1, 2, 1, 1, 2, 1, 2, 1, 1, 1, 1, 1, 1, 2, 2, 2, 2, 1, 3, 2, 3, 2, 1, 1, 1, 2, 1, 1, 2, 3, 1, 3, 2, 2, 3, 2, 1, 3, 2, 1, 3, 3, 1, 1, 1, 1, 1, 1, 2, 2, 2, 1, 1, 3, 2, 1, 2, 1, 3, 1, 2, 2, 2, 3, 3, 3, 1, 1, 2, 1, 1, 2, 2, 2, 3, 2, 2, 2, 2, 2, 3, 3, 2, 3, 2, 2, 1, 1, 2, 2, 1, 1, 2, 1, 1, 3, 2, 1, 1, 3, 1, 2, 2, 1, 1, 2, 1, 1, 3, 3, 1, 3, 1, 3, 2, 1, 1, 2, 1, 1, 1, 1, 1, 1, 3, 2, 1, 1, 1, 1, 3, 2, 1, 2, 1, 1, 1, 3, 2, 3, 3, 1, 1]
02/23/2023 12:00:32:INFO: ---------Evaluated Metrics----------
02/23/2023 12:00:32:INFO: Accuracy: 0.5754189944134078.
02/23/2023 12:00:32:INFO: Macro Precision: 0.5114199353529556.
02/23/2023 12:00:32:INFO: Macro Recall: 0.5480191256830601.
02/23/2023 12:00:32:INFO: Macro F1 score: 0.5045048316488128.
02/23/2023 12:00:32:INFO: ---------confusion_matrix----------
02/23/2023 12:00:32:INFO: 
[[74 35 13]
 [ 9 14  9]
 [ 0 10 15]]
02/23/2023 12:00:32:INFO: 模型效果验证详情: {'位置第一个显示标签': 57, '其他位置有情感标签': 0, '全句没有情感标签': 0}.
02/23/2023 12:00:32:INFO: ----------------------Evaluate finished.------------------------
02/23/2023 12:00:32:INFO: --------------Epoch. 9.---------------
02/23/2023 12:00:35:INFO: [Epoch. 9.]: 100%|| 19/19 [00:02<00:00,  9.25it/s, avg_loss=0.17]
02/23/2023 12:00:35:INFO: Epoch 9, average loss: 0.17025993764400482
02/23/2023 12:00:35:INFO: --------------Evaluate on Epoch. 9.---------------
02/23/2023 12:00:35:INFO: tensor([28996, 28997, 28998], device='cuda:0')
02/23/2023 12:00:35:INFO: **********Results Comparison**********
02/23/2023 12:00:35:INFO: 真实标签: 
 [3, 1, 1, 1, 2, 1, 1, 1, 1, 1, 3, 1, 1, 1, 1, 3, 2, 1, 1, 2, 2, 1, 1, 1, 1, 1, 2, 3, 1, 3, 1, 2, 1, 1, 1, 3, 1, 3, 1, 1, 1, 1, 2, 1, 1, 1, 1, 1, 1, 2, 2, 1, 1, 1, 1, 3, 2, 1, 1, 1, 1, 3, 1, 1, 1, 1, 1, 1, 1, 1, 3, 2, 1, 3, 3, 1, 2, 3, 1, 1, 1, 2, 1, 1, 1, 2, 3, 1, 1, 2, 1, 1, 3, 1, 1, 1, 1, 1, 2, 3, 2, 1, 1, 1, 1, 1, 1, 1, 1, 1, 3, 3, 1, 1, 2, 1, 3, 3, 1, 3, 2, 2, 1, 1, 3, 1, 2, 1, 1, 1, 1, 3, 1, 1, 1, 1, 1, 3, 1, 1, 1, 2, 1, 2, 2, 3, 1, 1, 1, 2, 1, 1, 1, 2, 1, 1, 1, 1, 1, 1, 1, 1, 2, 1, 1, 1, 1, 1, 1, 1, 1, 1, 1, 2, 2, 2, 2, 2, 1]
02/23/2023 12:00:35:INFO: 预测标签: 
 [2, 1, 1, 1, 1, 3, 3, 1, 2, 1, 3, 1, 3, 1, 1, 3, 1, 2, 3, 1, 2, 2, 2, 1, 2, 1, 2, 3, 1, 3, 1, 1, 2, 2, 1, 3, 1, 2, 1, 1, 2, 1, 2, 1, 1, 1, 1, 1, 1, 2, 2, 2, 2, 1, 1, 2, 3, 2, 1, 1, 1, 2, 1, 1, 2, 1, 1, 3, 2, 2, 3, 2, 1, 3, 2, 1, 3, 3, 1, 1, 1, 1, 1, 1, 2, 2, 2, 1, 1, 3, 3, 1, 2, 1, 3, 1, 2, 1, 2, 3, 3, 3, 1, 1, 2, 1, 1, 2, 2, 1, 3, 2, 2, 2, 2, 1, 3, 3, 1, 3, 2, 2, 1, 1, 2, 2, 1, 1, 1, 1, 1, 3, 2, 1, 1, 3, 1, 2, 2, 1, 1, 2, 1, 1, 3, 3, 1, 3, 1, 3, 2, 1, 1, 2, 1, 1, 1, 1, 1, 1, 3, 2, 1, 1, 1, 1, 3, 2, 1, 2, 1, 1, 1, 3, 2, 3, 3, 1, 1]
02/23/2023 12:00:35:INFO: ---------Evaluated Metrics----------
02/23/2023 12:00:35:INFO: Accuracy: 0.6201117318435754.
02/23/2023 12:00:35:INFO: Macro Precision: 0.528998778998779.
02/23/2023 12:00:35:INFO: Macro Recall: 0.5698770491803279.
02/23/2023 12:00:35:INFO: Macro F1 score: 0.5316965545550169.
02/23/2023 12:00:35:INFO: ---------confusion_matrix----------
02/23/2023 12:00:35:INFO: 
[[82 28 12]
 [ 9 14  9]
 [ 0 10 15]]
02/23/2023 12:00:35:INFO: 模型效果验证详情: {'位置第一个显示标签': 85, '其他位置有情感标签': 0, '全句没有情感标签': 0}.
02/23/2023 12:00:35:INFO: ----------------------Evaluate finished.------------------------
02/23/2023 12:00:35:INFO: --------------Epoch. 10.---------------
02/23/2023 12:00:37:INFO: [Epoch. 10.]: 100%|| 19/19 [00:02<00:00,  8.79it/s, avg_loss=0.14]
02/23/2023 12:00:37:INFO: Epoch 10, average loss: 0.1401084049751884
02/23/2023 12:00:37:INFO: --------------Evaluate on Epoch. 10.---------------
02/23/2023 12:00:37:INFO: tensor([28996, 28997, 28998], device='cuda:0')
02/23/2023 12:00:37:INFO: **********Results Comparison**********
02/23/2023 12:00:37:INFO: 真实标签: 
 [3, 1, 1, 1, 2, 1, 1, 1, 1, 1, 3, 1, 1, 1, 1, 3, 2, 1, 1, 2, 2, 1, 1, 1, 1, 1, 2, 3, 1, 3, 1, 2, 1, 1, 1, 3, 1, 3, 1, 1, 1, 1, 2, 1, 1, 1, 1, 1, 1, 2, 2, 1, 1, 1, 1, 3, 2, 1, 1, 1, 1, 3, 1, 1, 1, 1, 1, 1, 1, 1, 3, 2, 1, 3, 3, 1, 2, 3, 1, 1, 1, 2, 1, 1, 1, 2, 3, 1, 1, 2, 1, 1, 3, 1, 1, 1, 1, 1, 2, 3, 2, 1, 1, 1, 1, 1, 1, 1, 1, 1, 3, 3, 1, 1, 2, 1, 3, 3, 1, 3, 2, 2, 1, 1, 3, 1, 2, 1, 1, 1, 1, 3, 1, 1, 1, 1, 1, 3, 1, 1, 1, 2, 1, 2, 2, 3, 1, 1, 1, 2, 1, 1, 1, 2, 1, 1, 1, 1, 1, 1, 1, 1, 2, 1, 1, 1, 1, 1, 1, 1, 1, 1, 1, 2, 2, 2, 2, 2, 1]
02/23/2023 12:00:37:INFO: 预测标签: 
 [2, 1, 1, 1, 1, 3, 3, 1, 2, 1, 3, 1, 3, 1, 1, 3, 1, 2, 3, 1, 2, 2, 2, 1, 2, 1, 2, 3, 1, 3, 1, 1, 2, 2, 1, 3, 1, 2, 1, 1, 2, 1, 2, 1, 1, 1, 1, 1, 1, 2, 2, 1, 2, 1, 1, 3, 3, 2, 1, 1, 1, 2, 1, 1, 2, 1, 1, 3, 2, 2, 3, 2, 1, 3, 2, 1, 3, 3, 1, 1, 1, 1, 1, 1, 2, 2, 2, 1, 1, 3, 3, 1, 2, 1, 3, 1, 2, 1, 2, 3, 3, 3, 1, 1, 2, 1, 1, 2, 2, 1, 3, 2, 2, 2, 2, 1, 3, 3, 1, 3, 2, 2, 1, 1, 2, 1, 1, 1, 1, 1, 1, 3, 2, 1, 1, 3, 1, 2, 2, 1, 1, 2, 1, 1, 3, 3, 1, 3, 1, 3, 2, 1, 1, 2, 1, 1, 1, 1, 1, 1, 3, 2, 1, 1, 1, 1, 3, 2, 1, 2, 1, 1, 1, 3, 2, 3, 3, 1, 1]
02/23/2023 12:00:37:INFO: ---------Evaluated Metrics----------
02/23/2023 12:00:37:INFO: Accuracy: 0.6368715083798883.
02/23/2023 12:00:37:INFO: Macro Precision: 0.5404575081994437.
02/23/2023 12:00:37:INFO: Macro Recall: 0.5886748633879781.
02/23/2023 12:00:37:INFO: Macro F1 score: 0.5477344644803176.
02/23/2023 12:00:37:INFO: ---------confusion_matrix----------
02/23/2023 12:00:37:INFO: 
[[84 26 12]
 [ 9 14  9]
 [ 0  9 16]]
02/23/2023 12:00:37:INFO: 模型效果验证详情: {'位置第一个显示标签': 77, '其他位置有情感标签': 0, '全句没有情感标签': 0}.
02/23/2023 12:00:37:INFO: ----------------------Evaluate finished.------------------------
02/23/2023 12:00:37:INFO: --------------Epoch. 11.---------------
02/23/2023 12:00:40:INFO: [Epoch. 11.]: 100%|| 19/19 [00:02<00:00,  9.01it/s, avg_loss=0.12]
02/23/2023 12:00:40:INFO: Epoch 11, average loss: 0.12047259039000462
02/23/2023 12:00:40:INFO: --------------Evaluate on Epoch. 11.---------------
02/23/2023 12:00:40:INFO: tensor([28996, 28997, 28998], device='cuda:0')
02/23/2023 12:00:40:INFO: **********Results Comparison**********
02/23/2023 12:00:40:INFO: 真实标签: 
 [3, 1, 1, 1, 2, 1, 1, 1, 1, 1, 3, 1, 1, 1, 1, 3, 2, 1, 1, 2, 2, 1, 1, 1, 1, 1, 2, 3, 1, 3, 1, 2, 1, 1, 1, 3, 1, 3, 1, 1, 1, 1, 2, 1, 1, 1, 1, 1, 1, 2, 2, 1, 1, 1, 1, 3, 2, 1, 1, 1, 1, 3, 1, 1, 1, 1, 1, 1, 1, 1, 3, 2, 1, 3, 3, 1, 2, 3, 1, 1, 1, 2, 1, 1, 1, 2, 3, 1, 1, 2, 1, 1, 3, 1, 1, 1, 1, 1, 2, 3, 2, 1, 1, 1, 1, 1, 1, 1, 1, 1, 3, 3, 1, 1, 2, 1, 3, 3, 1, 3, 2, 2, 1, 1, 3, 1, 2, 1, 1, 1, 1, 3, 1, 1, 1, 1, 1, 3, 1, 1, 1, 2, 1, 2, 2, 3, 1, 1, 1, 2, 1, 1, 1, 2, 1, 1, 1, 1, 1, 1, 1, 1, 2, 1, 1, 1, 1, 1, 1, 1, 1, 1, 1, 2, 2, 2, 2, 2, 1]
02/23/2023 12:00:40:INFO: 预测标签: 
 [2, 1, 1, 1, 1, 3, 3, 1, 2, 1, 3, 1, 3, 1, 1, 3, 1, 2, 3, 1, 2, 2, 2, 1, 2, 1, 2, 3, 1, 3, 1, 1, 2, 2, 1, 3, 1, 2, 1, 1, 2, 1, 2, 1, 1, 1, 1, 1, 1, 2, 2, 1, 2, 1, 1, 3, 3, 2, 1, 1, 1, 2, 1, 1, 2, 1, 1, 3, 2, 2, 3, 2, 1, 3, 2, 1, 3, 3, 1, 1, 1, 1, 1, 1, 2, 2, 2, 1, 1, 2, 3, 1, 2, 1, 3, 1, 2, 1, 2, 3, 3, 3, 1, 1, 2, 1, 1, 2, 2, 1, 3, 2, 2, 2, 2, 1, 3, 3, 1, 3, 2, 2, 1, 1, 2, 1, 1, 1, 1, 1, 1, 3, 2, 1, 1, 1, 1, 2, 2, 1, 1, 2, 1, 1, 3, 3, 1, 3, 1, 3, 2, 1, 1, 2, 1, 1, 1, 1, 1, 1, 3, 2, 1, 1, 1, 1, 3, 2, 1, 2, 1, 1, 1, 2, 2, 3, 3, 1, 1]
02/23/2023 12:00:40:INFO: ---------Evaluated Metrics----------
02/23/2023 12:00:40:INFO: Accuracy: 0.6536312849162011.
02/23/2023 12:00:40:INFO: Macro Precision: 0.5628563482130441.
02/23/2023 12:00:40:INFO: Macro Recall: 0.6122404371584699.
02/23/2023 12:00:40:INFO: Macro F1 score: 0.5716506956892227.
02/23/2023 12:00:40:INFO: ---------confusion_matrix----------
02/23/2023 12:00:40:INFO: 
[[85 26 11]
 [ 9 16  7]
 [ 0  9 16]]
02/23/2023 12:00:40:INFO: 模型效果验证详情: {'位置第一个显示标签': 86, '其他位置有情感标签': 0, '全句没有情感标签': 0}.
02/23/2023 12:00:40:INFO: ----------------------Evaluate finished.------------------------
02/23/2023 12:00:40:INFO: --------------Epoch. 12.---------------
02/23/2023 12:00:42:INFO: [Epoch. 12.]: 100%|| 19/19 [00:02<00:00,  8.84it/s, avg_loss=0.109]
02/23/2023 12:00:42:INFO: Epoch 12, average loss: 0.1091321600895179
02/23/2023 12:00:42:INFO: --------------Evaluate on Epoch. 12.---------------
02/23/2023 12:00:42:INFO: tensor([28996, 28997, 28998], device='cuda:0')
02/23/2023 12:00:42:INFO: **********Results Comparison**********
02/23/2023 12:00:42:INFO: 真实标签: 
 [3, 1, 1, 1, 2, 1, 1, 1, 1, 1, 3, 1, 1, 1, 1, 3, 2, 1, 1, 2, 2, 1, 1, 1, 1, 1, 2, 3, 1, 3, 1, 2, 1, 1, 1, 3, 1, 3, 1, 1, 1, 1, 2, 1, 1, 1, 1, 1, 1, 2, 2, 1, 1, 1, 1, 3, 2, 1, 1, 1, 1, 3, 1, 1, 1, 1, 1, 1, 1, 1, 3, 2, 1, 3, 3, 1, 2, 3, 1, 1, 1, 2, 1, 1, 1, 2, 3, 1, 1, 2, 1, 1, 3, 1, 1, 1, 1, 1, 2, 3, 2, 1, 1, 1, 1, 1, 1, 1, 1, 1, 3, 3, 1, 1, 2, 1, 3, 3, 1, 3, 2, 2, 1, 1, 3, 1, 2, 1, 1, 1, 1, 3, 1, 1, 1, 1, 1, 3, 1, 1, 1, 2, 1, 2, 2, 3, 1, 1, 1, 2, 1, 1, 1, 2, 1, 1, 1, 1, 1, 1, 1, 1, 2, 1, 1, 1, 1, 1, 1, 1, 1, 1, 1, 2, 2, 2, 2, 2, 1]
02/23/2023 12:00:42:INFO: 预测标签: 
 [2, 1, 1, 1, 1, 3, 3, 3, 2, 1, 3, 1, 3, 1, 1, 3, 1, 2, 3, 1, 2, 2, 2, 1, 2, 1, 2, 3, 1, 3, 1, 1, 2, 2, 1, 3, 1, 2, 1, 1, 2, 1, 2, 1, 1, 1, 1, 1, 1, 2, 2, 1, 2, 1, 3, 3, 3, 2, 1, 1, 1, 2, 1, 1, 2, 1, 1, 3, 2, 2, 3, 2, 1, 3, 2, 1, 3, 3, 1, 1, 1, 1, 3, 1, 1, 2, 2, 1, 1, 2, 3, 1, 2, 1, 3, 1, 2, 1, 2, 3, 3, 3, 1, 1, 2, 1, 1, 2, 2, 1, 3, 2, 2, 2, 2, 1, 3, 3, 1, 3, 2, 2, 1, 1, 2, 1, 1, 1, 1, 1, 1, 3, 2, 1, 1, 1, 1, 2, 2, 1, 1, 2, 1, 1, 3, 3, 1, 3, 1, 3, 2, 1, 1, 2, 1, 1, 1, 1, 1, 1, 3, 2, 1, 1, 1, 1, 3, 2, 1, 2, 1, 1, 1, 3, 2, 3, 3, 1, 1]
02/23/2023 12:00:42:INFO: ---------Evaluated Metrics----------
02/23/2023 12:00:42:INFO: Accuracy: 0.6368715083798883.
02/23/2023 12:00:42:INFO: Macro Precision: 0.5431163312006725.
02/23/2023 12:00:42:INFO: Macro Recall: 0.5963592896174864.
02/23/2023 12:00:42:INFO: Macro F1 score: 0.5513359376287725.
02/23/2023 12:00:42:INFO: ---------confusion_matrix----------
02/23/2023 12:00:42:INFO: 
[[83 25 14]
 [ 9 15  8]
 [ 0  9 16]]
02/23/2023 12:00:42:INFO: 模型效果验证详情: {'位置第一个显示标签': 83, '其他位置有情感标签': 0, '全句没有情感标签': 0}.
02/23/2023 12:00:42:INFO: ----------------------Evaluate finished.------------------------
02/23/2023 12:00:42:INFO: --------------Epoch. 13.---------------
02/23/2023 12:00:45:INFO: [Epoch. 13.]: 100%|| 19/19 [00:02<00:00,  8.89it/s, avg_loss=0.0973]
02/23/2023 12:00:45:INFO: Epoch 13, average loss: 0.09734257467483219
02/23/2023 12:00:45:INFO: --------------Evaluate on Epoch. 13.---------------
02/23/2023 12:00:45:INFO: tensor([28996, 28997, 28998], device='cuda:0')
02/23/2023 12:00:45:INFO: **********Results Comparison**********
02/23/2023 12:00:45:INFO: 真实标签: 
 [3, 1, 1, 1, 2, 1, 1, 1, 1, 1, 3, 1, 1, 1, 1, 3, 2, 1, 1, 2, 2, 1, 1, 1, 1, 1, 2, 3, 1, 3, 1, 2, 1, 1, 1, 3, 1, 3, 1, 1, 1, 1, 2, 1, 1, 1, 1, 1, 1, 2, 2, 1, 1, 1, 1, 3, 2, 1, 1, 1, 1, 3, 1, 1, 1, 1, 1, 1, 1, 1, 3, 2, 1, 3, 3, 1, 2, 3, 1, 1, 1, 2, 1, 1, 1, 2, 3, 1, 1, 2, 1, 1, 3, 1, 1, 1, 1, 1, 2, 3, 2, 1, 1, 1, 1, 1, 1, 1, 1, 1, 3, 3, 1, 1, 2, 1, 3, 3, 1, 3, 2, 2, 1, 1, 3, 1, 2, 1, 1, 1, 1, 3, 1, 1, 1, 1, 1, 3, 1, 1, 1, 2, 1, 2, 2, 3, 1, 1, 1, 2, 1, 1, 1, 2, 1, 1, 1, 1, 1, 1, 1, 1, 2, 1, 1, 1, 1, 1, 1, 1, 1, 1, 1, 2, 2, 2, 2, 2, 1]
02/23/2023 12:00:45:INFO: 预测标签: 
 [2, 1, 1, 1, 1, 3, 3, 1, 2, 1, 3, 1, 3, 1, 1, 3, 1, 2, 3, 1, 2, 2, 2, 1, 2, 1, 2, 3, 1, 3, 1, 1, 2, 2, 1, 3, 1, 2, 1, 1, 2, 1, 2, 1, 1, 1, 1, 1, 1, 2, 2, 1, 2, 1, 1, 3, 3, 2, 1, 1, 1, 2, 1, 1, 2, 1, 1, 3, 2, 2, 3, 2, 1, 3, 2, 1, 3, 3, 1, 1, 1, 1, 1, 1, 1, 2, 2, 1, 1, 2, 3, 1, 2, 1, 3, 1, 2, 1, 2, 3, 3, 3, 1, 1, 2, 1, 1, 2, 2, 1, 3, 2, 2, 2, 2, 1, 3, 3, 1, 3, 2, 2, 1, 1, 2, 1, 1, 1, 1, 1, 1, 3, 2, 1, 1, 1, 1, 2, 2, 1, 1, 2, 1, 1, 3, 3, 1, 3, 1, 3, 2, 1, 1, 2, 1, 1, 1, 1, 1, 1, 3, 2, 1, 1, 1, 1, 3, 2, 1, 2, 1, 1, 1, 2, 2, 3, 3, 1, 1]
02/23/2023 12:00:45:INFO: ---------Evaluated Metrics----------
02/23/2023 12:00:45:INFO: Accuracy: 0.659217877094972.
02/23/2023 12:00:45:INFO: Macro Precision: 0.5652837977296182.
02/23/2023 12:00:45:INFO: Macro Recall: 0.6149726775956285.
02/23/2023 12:00:45:INFO: Macro F1 score: 0.5750811706351852.
02/23/2023 12:00:45:INFO: ---------confusion_matrix----------
02/23/2023 12:00:45:INFO: 
[[86 25 11]
 [ 9 16  7]
 [ 0  9 16]]
02/23/2023 12:00:45:INFO: 模型效果验证详情: {'位置第一个显示标签': 87, '其他位置有情感标签': 0, '全句没有情感标签': 0}.
02/23/2023 12:00:45:INFO: ----------------------Evaluate finished.------------------------
02/23/2023 12:00:45:INFO: --------------Epoch. 14.---------------
02/23/2023 12:00:47:INFO: [Epoch. 14.]: 100%|| 19/19 [00:02<00:00,  8.78it/s, avg_loss=0.0898]
02/23/2023 12:00:47:INFO: Epoch 14, average loss: 0.08981658753595854
02/23/2023 12:00:47:INFO: --------------Evaluate on Epoch. 14.---------------
02/23/2023 12:00:47:INFO: tensor([28996, 28997, 28998], device='cuda:0')
02/23/2023 12:00:47:INFO: **********Results Comparison**********
02/23/2023 12:00:47:INFO: 真实标签: 
 [3, 1, 1, 1, 2, 1, 1, 1, 1, 1, 3, 1, 1, 1, 1, 3, 2, 1, 1, 2, 2, 1, 1, 1, 1, 1, 2, 3, 1, 3, 1, 2, 1, 1, 1, 3, 1, 3, 1, 1, 1, 1, 2, 1, 1, 1, 1, 1, 1, 2, 2, 1, 1, 1, 1, 3, 2, 1, 1, 1, 1, 3, 1, 1, 1, 1, 1, 1, 1, 1, 3, 2, 1, 3, 3, 1, 2, 3, 1, 1, 1, 2, 1, 1, 1, 2, 3, 1, 1, 2, 1, 1, 3, 1, 1, 1, 1, 1, 2, 3, 2, 1, 1, 1, 1, 1, 1, 1, 1, 1, 3, 3, 1, 1, 2, 1, 3, 3, 1, 3, 2, 2, 1, 1, 3, 1, 2, 1, 1, 1, 1, 3, 1, 1, 1, 1, 1, 3, 1, 1, 1, 2, 1, 2, 2, 3, 1, 1, 1, 2, 1, 1, 1, 2, 1, 1, 1, 1, 1, 1, 1, 1, 2, 1, 1, 1, 1, 1, 1, 1, 1, 1, 1, 2, 2, 2, 2, 2, 1]
02/23/2023 12:00:47:INFO: 预测标签: 
 [2, 1, 1, 1, 1, 3, 3, 3, 2, 1, 3, 1, 3, 1, 1, 3, 1, 2, 3, 1, 2, 2, 2, 1, 2, 1, 2, 3, 1, 3, 1, 1, 2, 2, 1, 3, 1, 2, 1, 1, 2, 1, 2, 1, 1, 1, 1, 1, 1, 2, 2, 1, 2, 1, 3, 3, 3, 2, 1, 1, 1, 2, 1, 1, 2, 1, 1, 3, 2, 2, 3, 2, 1, 3, 2, 1, 3, 3, 1, 1, 1, 1, 3, 1, 1, 2, 2, 1, 1, 2, 3, 1, 2, 1, 3, 1, 2, 1, 2, 3, 3, 3, 1, 1, 2, 1, 1, 2, 2, 1, 3, 2, 2, 2, 2, 1, 3, 3, 1, 3, 2, 2, 1, 1, 2, 1, 1, 1, 1, 1, 1, 3, 2, 1, 1, 1, 1, 2, 1, 1, 1, 2, 1, 1, 3, 3, 1, 3, 1, 3, 2, 1, 1, 2, 1, 1, 1, 1, 1, 1, 3, 2, 1, 1, 1, 1, 3, 2, 1, 2, 1, 1, 1, 3, 2, 3, 3, 1, 1]
02/23/2023 12:00:47:INFO: ---------Evaluated Metrics----------
02/23/2023 12:00:47:INFO: Accuracy: 0.6424581005586593.
02/23/2023 12:00:47:INFO: Macro Precision: 0.5455928126768534.
02/23/2023 12:00:47:INFO: Macro Recall: 0.5990915300546448.
02/23/2023 12:00:47:INFO: Macro F1 score: 0.5547772855912391.
02/23/2023 12:00:47:INFO: ---------confusion_matrix----------
02/23/2023 12:00:47:INFO: 
[[84 24 14]
 [ 9 15  8]
 [ 0  9 16]]
02/23/2023 12:00:47:INFO: 模型效果验证详情: {'位置第一个显示标签': 86, '其他位置有情感标签': 0, '全句没有情感标签': 0}.
02/23/2023 12:00:47:INFO: ----------------------Evaluate finished.------------------------
02/23/2023 12:00:47:INFO: --------------Epoch. 15.---------------
02/23/2023 12:00:50:INFO: [Epoch. 15.]: 100%|| 19/19 [00:02<00:00,  8.75it/s, avg_loss=0.0857]
02/23/2023 12:00:50:INFO: Epoch 15, average loss: 0.08571898270594447
02/23/2023 12:00:50:INFO: --------------Evaluate on Epoch. 15.---------------
02/23/2023 12:00:50:INFO: tensor([28996, 28997, 28998], device='cuda:0')
02/23/2023 12:00:50:INFO: **********Results Comparison**********
02/23/2023 12:00:50:INFO: 真实标签: 
 [3, 1, 1, 1, 2, 1, 1, 1, 1, 1, 3, 1, 1, 1, 1, 3, 2, 1, 1, 2, 2, 1, 1, 1, 1, 1, 2, 3, 1, 3, 1, 2, 1, 1, 1, 3, 1, 3, 1, 1, 1, 1, 2, 1, 1, 1, 1, 1, 1, 2, 2, 1, 1, 1, 1, 3, 2, 1, 1, 1, 1, 3, 1, 1, 1, 1, 1, 1, 1, 1, 3, 2, 1, 3, 3, 1, 2, 3, 1, 1, 1, 2, 1, 1, 1, 2, 3, 1, 1, 2, 1, 1, 3, 1, 1, 1, 1, 1, 2, 3, 2, 1, 1, 1, 1, 1, 1, 1, 1, 1, 3, 3, 1, 1, 2, 1, 3, 3, 1, 3, 2, 2, 1, 1, 3, 1, 2, 1, 1, 1, 1, 3, 1, 1, 1, 1, 1, 3, 1, 1, 1, 2, 1, 2, 2, 3, 1, 1, 1, 2, 1, 1, 1, 2, 1, 1, 1, 1, 1, 1, 1, 1, 2, 1, 1, 1, 1, 1, 1, 1, 1, 1, 1, 2, 2, 2, 2, 2, 1]
02/23/2023 12:00:50:INFO: 预测标签: 
 [2, 1, 1, 1, 1, 3, 3, 3, 2, 1, 3, 1, 3, 1, 1, 3, 1, 2, 3, 1, 2, 2, 2, 1, 2, 1, 2, 3, 1, 3, 1, 1, 2, 2, 1, 3, 1, 2, 1, 1, 2, 1, 2, 1, 1, 1, 1, 1, 1, 2, 2, 1, 2, 1, 1, 3, 3, 2, 1, 1, 1, 2, 1, 1, 2, 1, 1, 3, 2, 2, 3, 2, 1, 3, 2, 1, 3, 3, 1, 1, 1, 1, 3, 1, 1, 2, 2, 1, 1, 2, 3, 1, 2, 1, 3, 1, 2, 1, 2, 3, 3, 3, 1, 1, 2, 1, 1, 2, 2, 1, 3, 2, 2, 2, 2, 1, 3, 3, 1, 3, 2, 2, 1, 1, 2, 1, 1, 1, 1, 1, 1, 3, 2, 1, 1, 1, 1, 2, 1, 1, 1, 2, 1, 1, 3, 3, 1, 3, 1, 3, 2, 1, 1, 2, 1, 1, 1, 1, 1, 1, 3, 2, 1, 1, 1, 1, 3, 2, 1, 2, 1, 1, 1, 2, 2, 3, 3, 1, 1]
02/23/2023 12:00:50:INFO: ---------Evaluated Metrics----------
02/23/2023 12:00:50:INFO: Accuracy: 0.6536312849162011.
02/23/2023 12:00:50:INFO: Macro Precision: 0.5584101252794261.
02/23/2023 12:00:50:INFO: Macro Recall: 0.6122404371584699.
02/23/2023 12:00:50:INFO: Macro F1 score: 0.5688963097888418.
02/23/2023 12:00:50:INFO: ---------confusion_matrix----------
02/23/2023 12:00:50:INFO: 
[[85 24 13]
 [ 9 16  7]
 [ 0  9 16]]
02/23/2023 12:00:50:INFO: 模型效果验证详情: {'位置第一个显示标签': 87, '其他位置有情感标签': 0, '全句没有情感标签': 0}.
02/23/2023 12:00:50:INFO: ----------------------Evaluate finished.------------------------
02/23/2023 12:00:50:INFO: --------------Epoch. 16.---------------
02/23/2023 12:00:52:INFO: [Epoch. 16.]: 100%|| 19/19 [00:02<00:00,  8.79it/s, avg_loss=0.0838]
02/23/2023 12:00:52:INFO: Epoch 16, average loss: 0.08376393898537285
02/23/2023 12:00:52:INFO: --------------Evaluate on Epoch. 16.---------------
02/23/2023 12:00:52:INFO: tensor([28996, 28997, 28998], device='cuda:0')
02/23/2023 12:00:52:INFO: **********Results Comparison**********
02/23/2023 12:00:52:INFO: 真实标签: 
 [3, 1, 1, 1, 2, 1, 1, 1, 1, 1, 3, 1, 1, 1, 1, 3, 2, 1, 1, 2, 2, 1, 1, 1, 1, 1, 2, 3, 1, 3, 1, 2, 1, 1, 1, 3, 1, 3, 1, 1, 1, 1, 2, 1, 1, 1, 1, 1, 1, 2, 2, 1, 1, 1, 1, 3, 2, 1, 1, 1, 1, 3, 1, 1, 1, 1, 1, 1, 1, 1, 3, 2, 1, 3, 3, 1, 2, 3, 1, 1, 1, 2, 1, 1, 1, 2, 3, 1, 1, 2, 1, 1, 3, 1, 1, 1, 1, 1, 2, 3, 2, 1, 1, 1, 1, 1, 1, 1, 1, 1, 3, 3, 1, 1, 2, 1, 3, 3, 1, 3, 2, 2, 1, 1, 3, 1, 2, 1, 1, 1, 1, 3, 1, 1, 1, 1, 1, 3, 1, 1, 1, 2, 1, 2, 2, 3, 1, 1, 1, 2, 1, 1, 1, 2, 1, 1, 1, 1, 1, 1, 1, 1, 2, 1, 1, 1, 1, 1, 1, 1, 1, 1, 1, 2, 2, 2, 2, 2, 1]
02/23/2023 12:00:52:INFO: 预测标签: 
 [2, 1, 1, 1, 1, 3, 3, 1, 2, 1, 3, 1, 3, 1, 1, 3, 1, 2, 3, 1, 2, 2, 2, 1, 2, 1, 2, 3, 1, 3, 1, 1, 2, 2, 1, 3, 1, 2, 1, 1, 2, 1, 2, 1, 1, 1, 1, 1, 1, 2, 2, 1, 2, 1, 1, 3, 3, 2, 1, 1, 1, 2, 1, 1, 2, 1, 1, 3, 2, 2, 3, 2, 1, 3, 2, 1, 3, 3, 1, 1, 1, 1, 1, 1, 1, 2, 2, 1, 1, 2, 3, 1, 2, 1, 3, 1, 2, 1, 2, 3, 3, 3, 1, 1, 2, 1, 1, 2, 2, 1, 3, 2, 2, 2, 2, 1, 3, 3, 1, 3, 2, 2, 1, 1, 2, 1, 1, 1, 1, 1, 1, 3, 2, 1, 1, 1, 1, 2, 1, 1, 1, 2, 1, 1, 3, 3, 1, 3, 1, 3, 2, 1, 1, 2, 1, 1, 1, 1, 1, 1, 3, 2, 1, 1, 1, 1, 3, 2, 1, 2, 1, 1, 1, 2, 2, 3, 3, 1, 1]
02/23/2023 12:00:52:INFO: ---------Evaluated Metrics----------
02/23/2023 12:00:52:INFO: Accuracy: 0.664804469273743.
02/23/2023 12:00:52:INFO: Macro Precision: 0.5677896158463386.
02/23/2023 12:00:52:INFO: Macro Recall: 0.6177049180327869.
02/23/2023 12:00:52:INFO: Macro F1 score: 0.578533249121891.
02/23/2023 12:00:52:INFO: ---------confusion_matrix----------
02/23/2023 12:00:52:INFO: 
[[87 24 11]
 [ 9 16  7]
 [ 0  9 16]]
02/23/2023 12:00:52:INFO: 模型效果验证详情: {'位置第一个显示标签': 95, '其他位置有情感标签': 0, '全句没有情感标签': 0}.
02/23/2023 12:00:52:INFO: ----------------------Evaluate finished.------------------------
02/23/2023 12:00:52:INFO: --------------Epoch. 17.---------------
02/23/2023 12:00:55:INFO: [Epoch. 17.]: 100%|| 19/19 [00:02<00:00,  8.91it/s, avg_loss=0.0841]
02/23/2023 12:00:55:INFO: Epoch 17, average loss: 0.0840909894751875
02/23/2023 12:00:55:INFO: --------------Evaluate on Epoch. 17.---------------
02/23/2023 12:00:55:INFO: tensor([28996, 28997, 28998], device='cuda:0')
02/23/2023 12:00:55:INFO: **********Results Comparison**********
02/23/2023 12:00:55:INFO: 真实标签: 
 [3, 1, 1, 1, 2, 1, 1, 1, 1, 1, 3, 1, 1, 1, 1, 3, 2, 1, 1, 2, 2, 1, 1, 1, 1, 1, 2, 3, 1, 3, 1, 2, 1, 1, 1, 3, 1, 3, 1, 1, 1, 1, 2, 1, 1, 1, 1, 1, 1, 2, 2, 1, 1, 1, 1, 3, 2, 1, 1, 1, 1, 3, 1, 1, 1, 1, 1, 1, 1, 1, 3, 2, 1, 3, 3, 1, 2, 3, 1, 1, 1, 2, 1, 1, 1, 2, 3, 1, 1, 2, 1, 1, 3, 1, 1, 1, 1, 1, 2, 3, 2, 1, 1, 1, 1, 1, 1, 1, 1, 1, 3, 3, 1, 1, 2, 1, 3, 3, 1, 3, 2, 2, 1, 1, 3, 1, 2, 1, 1, 1, 1, 3, 1, 1, 1, 1, 1, 3, 1, 1, 1, 2, 1, 2, 2, 3, 1, 1, 1, 2, 1, 1, 1, 2, 1, 1, 1, 1, 1, 1, 1, 1, 2, 1, 1, 1, 1, 1, 1, 1, 1, 1, 1, 2, 2, 2, 2, 2, 1]
02/23/2023 12:00:55:INFO: 预测标签: 
 [2, 1, 1, 1, 1, 3, 3, 1, 2, 1, 3, 1, 3, 1, 1, 3, 1, 2, 3, 1, 2, 2, 2, 1, 2, 1, 2, 3, 1, 3, 1, 1, 2, 2, 1, 3, 1, 2, 1, 1, 2, 1, 2, 1, 1, 1, 1, 1, 1, 2, 2, 1, 2, 1, 1, 3, 3, 2, 1, 1, 1, 2, 1, 1, 2, 1, 1, 3, 2, 2, 3, 2, 1, 3, 2, 1, 3, 3, 1, 1, 1, 1, 1, 1, 1, 2, 2, 1, 1, 2, 3, 1, 2, 1, 3, 1, 2, 1, 2, 3, 3, 3, 1, 1, 2, 1, 1, 2, 2, 1, 3, 2, 2, 2, 2, 1, 3, 3, 1, 3, 2, 2, 1, 1, 2, 1, 1, 1, 1, 1, 1, 3, 2, 1, 1, 1, 1, 2, 1, 1, 1, 2, 1, 1, 3, 3, 1, 3, 1, 3, 2, 1, 1, 2, 1, 1, 1, 1, 1, 1, 3, 2, 1, 1, 1, 1, 3, 2, 1, 1, 1, 1, 1, 2, 2, 3, 3, 1, 1]
02/23/2023 12:00:55:INFO: ---------Evaluated Metrics----------
02/23/2023 12:00:55:INFO: Accuracy: 0.6703910614525139.
02/23/2023 12:00:55:INFO: Macro Precision: 0.5703793544909374.
02/23/2023 12:00:55:INFO: Macro Recall: 0.6204371584699454.
02/23/2023 12:00:55:INFO: Macro F1 score: 0.5820086164641539.
02/23/2023 12:00:55:INFO: ---------confusion_matrix----------
02/23/2023 12:00:55:INFO: 
[[88 23 11]
 [ 9 16  7]
 [ 0  9 16]]
02/23/2023 12:00:55:INFO: 模型效果验证详情: {'位置第一个显示标签': 95, '其他位置有情感标签': 0, '全句没有情感标签': 0}.
02/23/2023 12:00:55:INFO: ----------------------Evaluate finished.------------------------
02/23/2023 12:00:55:INFO: --------------Epoch. 18.---------------
02/23/2023 12:00:57:INFO: [Epoch. 18.]: 100%|| 19/19 [00:02<00:00,  8.85it/s, avg_loss=0.0808]
02/23/2023 12:00:57:INFO: Epoch 18, average loss: 0.0807543734186574
02/23/2023 12:00:57:INFO: --------------Evaluate on Epoch. 18.---------------
02/23/2023 12:00:57:INFO: tensor([28996, 28997, 28998], device='cuda:0')
02/23/2023 12:00:57:INFO: **********Results Comparison**********
02/23/2023 12:00:57:INFO: 真实标签: 
 [3, 1, 1, 1, 2, 1, 1, 1, 1, 1, 3, 1, 1, 1, 1, 3, 2, 1, 1, 2, 2, 1, 1, 1, 1, 1, 2, 3, 1, 3, 1, 2, 1, 1, 1, 3, 1, 3, 1, 1, 1, 1, 2, 1, 1, 1, 1, 1, 1, 2, 2, 1, 1, 1, 1, 3, 2, 1, 1, 1, 1, 3, 1, 1, 1, 1, 1, 1, 1, 1, 3, 2, 1, 3, 3, 1, 2, 3, 1, 1, 1, 2, 1, 1, 1, 2, 3, 1, 1, 2, 1, 1, 3, 1, 1, 1, 1, 1, 2, 3, 2, 1, 1, 1, 1, 1, 1, 1, 1, 1, 3, 3, 1, 1, 2, 1, 3, 3, 1, 3, 2, 2, 1, 1, 3, 1, 2, 1, 1, 1, 1, 3, 1, 1, 1, 1, 1, 3, 1, 1, 1, 2, 1, 2, 2, 3, 1, 1, 1, 2, 1, 1, 1, 2, 1, 1, 1, 1, 1, 1, 1, 1, 2, 1, 1, 1, 1, 1, 1, 1, 1, 1, 1, 2, 2, 2, 2, 2, 1]
02/23/2023 12:00:57:INFO: 预测标签: 
 [2, 1, 1, 1, 1, 3, 3, 3, 2, 1, 3, 1, 3, 1, 1, 3, 1, 2, 3, 1, 2, 2, 2, 1, 2, 1, 2, 3, 1, 3, 1, 1, 2, 2, 1, 3, 1, 2, 1, 1, 2, 1, 2, 1, 1, 1, 1, 1, 1, 2, 2, 1, 2, 1, 1, 3, 3, 2, 1, 1, 1, 2, 1, 1, 2, 1, 1, 3, 2, 2, 3, 2, 1, 3, 2, 1, 3, 3, 1, 1, 1, 1, 3, 1, 1, 2, 2, 1, 1, 2, 3, 1, 2, 1, 3, 1, 2, 1, 2, 3, 3, 3, 1, 1, 2, 1, 1, 2, 2, 1, 3, 2, 2, 2, 2, 1, 3, 3, 1, 3, 2, 2, 1, 1, 2, 1, 1, 1, 1, 1, 1, 3, 2, 1, 1, 1, 1, 2, 1, 1, 1, 2, 1, 1, 3, 3, 1, 3, 1, 3, 2, 1, 1, 2, 1, 1, 1, 1, 1, 1, 3, 2, 1, 1, 1, 1, 3, 2, 1, 1, 1, 1, 1, 2, 2, 3, 3, 1, 1]
02/23/2023 12:00:57:INFO: ---------Evaluated Metrics----------
02/23/2023 12:00:57:INFO: Accuracy: 0.659217877094972.
02/23/2023 12:00:57:INFO: Macro Precision: 0.5610136452241715.
02/23/2023 12:00:57:INFO: Macro Recall: 0.6149726775956285.
02/23/2023 12:00:57:INFO: Macro F1 score: 0.5724056306816752.
02/23/2023 12:00:57:INFO: ---------confusion_matrix----------
02/23/2023 12:00:57:INFO: 
[[86 23 13]
 [ 9 16  7]
 [ 0  9 16]]
02/23/2023 12:00:57:INFO: 模型效果验证详情: {'位置第一个显示标签': 95, '其他位置有情感标签': 0, '全句没有情感标签': 0}.
02/23/2023 12:00:57:INFO: ----------------------Evaluate finished.------------------------
02/23/2023 12:00:57:INFO: --------------Epoch. 19.---------------
02/23/2023 12:01:00:INFO: [Epoch. 19.]: 100%|| 19/19 [00:02<00:00,  8.73it/s, avg_loss=0.0833]
02/23/2023 12:01:00:INFO: Epoch 19, average loss: 0.08333553001284599
02/23/2023 12:01:00:INFO: --------------Evaluate on Epoch. 19.---------------
02/23/2023 12:01:00:INFO: tensor([28996, 28997, 28998], device='cuda:0')
02/23/2023 12:01:00:INFO: **********Results Comparison**********
02/23/2023 12:01:00:INFO: 真实标签: 
 [3, 1, 1, 1, 2, 1, 1, 1, 1, 1, 3, 1, 1, 1, 1, 3, 2, 1, 1, 2, 2, 1, 1, 1, 1, 1, 2, 3, 1, 3, 1, 2, 1, 1, 1, 3, 1, 3, 1, 1, 1, 1, 2, 1, 1, 1, 1, 1, 1, 2, 2, 1, 1, 1, 1, 3, 2, 1, 1, 1, 1, 3, 1, 1, 1, 1, 1, 1, 1, 1, 3, 2, 1, 3, 3, 1, 2, 3, 1, 1, 1, 2, 1, 1, 1, 2, 3, 1, 1, 2, 1, 1, 3, 1, 1, 1, 1, 1, 2, 3, 2, 1, 1, 1, 1, 1, 1, 1, 1, 1, 3, 3, 1, 1, 2, 1, 3, 3, 1, 3, 2, 2, 1, 1, 3, 1, 2, 1, 1, 1, 1, 3, 1, 1, 1, 1, 1, 3, 1, 1, 1, 2, 1, 2, 2, 3, 1, 1, 1, 2, 1, 1, 1, 2, 1, 1, 1, 1, 1, 1, 1, 1, 2, 1, 1, 1, 1, 1, 1, 1, 1, 1, 1, 2, 2, 2, 2, 2, 1]
02/23/2023 12:01:00:INFO: 预测标签: 
 [2, 1, 1, 1, 1, 3, 3, 3, 2, 1, 3, 1, 3, 1, 1, 3, 1, 2, 3, 1, 2, 2, 2, 1, 2, 1, 2, 3, 1, 3, 1, 1, 2, 2, 1, 3, 1, 2, 1, 1, 2, 1, 2, 1, 1, 1, 1, 1, 1, 2, 2, 1, 2, 1, 1, 3, 3, 2, 1, 1, 1, 2, 1, 1, 2, 1, 1, 3, 2, 2, 3, 2, 1, 3, 2, 1, 3, 3, 1, 1, 1, 1, 3, 1, 1, 2, 2, 1, 1, 2, 3, 1, 2, 1, 3, 1, 2, 1, 2, 3, 3, 3, 1, 1, 2, 1, 1, 2, 2, 1, 3, 2, 2, 2, 2, 1, 3, 3, 1, 3, 2, 2, 1, 1, 2, 1, 1, 1, 1, 1, 1, 3, 2, 1, 1, 1, 1, 2, 1, 1, 1, 2, 1, 1, 3, 3, 1, 3, 1, 3, 2, 1, 1, 2, 1, 1, 1, 1, 1, 1, 3, 2, 1, 1, 1, 1, 3, 2, 1, 1, 1, 1, 1, 2, 2, 3, 3, 1, 1]
02/23/2023 12:01:00:INFO: ---------Evaluated Metrics----------
02/23/2023 12:01:00:INFO: Accuracy: 0.659217877094972.
02/23/2023 12:01:00:INFO: Macro Precision: 0.5610136452241715.
02/23/2023 12:01:00:INFO: Macro Recall: 0.6149726775956285.
02/23/2023 12:01:00:INFO: Macro F1 score: 0.5724056306816752.
02/23/2023 12:01:00:INFO: ---------confusion_matrix----------
02/23/2023 12:01:00:INFO: 
[[86 23 13]
 [ 9 16  7]
 [ 0  9 16]]
02/23/2023 12:01:00:INFO: 模型效果验证详情: {'位置第一个显示标签': 94, '其他位置有情感标签': 0, '全句没有情感标签': 0}.
02/23/2023 12:01:00:INFO: ----------------------Evaluate finished.------------------------
02/23/2023 12:01:00:INFO: --------------Epoch. 20.---------------
02/23/2023 12:01:02:INFO: [Epoch. 20.]: 100%|| 19/19 [00:02<00:00,  9.06it/s, avg_loss=0.0766]
02/23/2023 12:01:02:INFO: Epoch 20, average loss: 0.07663857270228236
02/23/2023 12:01:02:INFO: --------------Evaluate on Epoch. 20.---------------
02/23/2023 12:01:02:INFO: tensor([28996, 28997, 28998], device='cuda:0')
02/23/2023 12:01:02:INFO: **********Results Comparison**********
02/23/2023 12:01:02:INFO: 真实标签: 
 [3, 1, 1, 1, 2, 1, 1, 1, 1, 1, 3, 1, 1, 1, 1, 3, 2, 1, 1, 2, 2, 1, 1, 1, 1, 1, 2, 3, 1, 3, 1, 2, 1, 1, 1, 3, 1, 3, 1, 1, 1, 1, 2, 1, 1, 1, 1, 1, 1, 2, 2, 1, 1, 1, 1, 3, 2, 1, 1, 1, 1, 3, 1, 1, 1, 1, 1, 1, 1, 1, 3, 2, 1, 3, 3, 1, 2, 3, 1, 1, 1, 2, 1, 1, 1, 2, 3, 1, 1, 2, 1, 1, 3, 1, 1, 1, 1, 1, 2, 3, 2, 1, 1, 1, 1, 1, 1, 1, 1, 1, 3, 3, 1, 1, 2, 1, 3, 3, 1, 3, 2, 2, 1, 1, 3, 1, 2, 1, 1, 1, 1, 3, 1, 1, 1, 1, 1, 3, 1, 1, 1, 2, 1, 2, 2, 3, 1, 1, 1, 2, 1, 1, 1, 2, 1, 1, 1, 1, 1, 1, 1, 1, 2, 1, 1, 1, 1, 1, 1, 1, 1, 1, 1, 2, 2, 2, 2, 2, 1]
02/23/2023 12:01:02:INFO: 预测标签: 
 [2, 1, 1, 1, 1, 3, 3, 3, 2, 1, 3, 1, 3, 1, 1, 3, 1, 2, 3, 1, 2, 2, 2, 1, 2, 1, 2, 3, 1, 3, 1, 1, 2, 2, 1, 3, 1, 2, 1, 1, 2, 1, 2, 1, 1, 1, 1, 1, 1, 2, 2, 1, 2, 1, 1, 3, 3, 2, 1, 1, 1, 2, 1, 1, 2, 1, 1, 3, 2, 2, 3, 2, 1, 3, 2, 1, 3, 3, 1, 1, 1, 1, 3, 1, 1, 2, 2, 1, 1, 2, 3, 1, 2, 1, 3, 1, 2, 1, 2, 3, 3, 3, 1, 1, 2, 1, 1, 2, 2, 1, 3, 2, 2, 2, 2, 1, 3, 3, 1, 3, 2, 2, 1, 1, 2, 1, 1, 1, 1, 1, 1, 3, 2, 1, 1, 1, 1, 2, 1, 1, 1, 2, 1, 1, 3, 3, 1, 3, 1, 3, 2, 1, 1, 2, 1, 1, 1, 1, 1, 1, 3, 2, 1, 1, 1, 1, 3, 2, 1, 1, 1, 1, 1, 2, 2, 3, 3, 1, 1]
02/23/2023 12:01:02:INFO: ---------Evaluated Metrics----------
02/23/2023 12:01:02:INFO: Accuracy: 0.659217877094972.
02/23/2023 12:01:02:INFO: Macro Precision: 0.5610136452241715.
02/23/2023 12:01:02:INFO: Macro Recall: 0.6149726775956285.
02/23/2023 12:01:02:INFO: Macro F1 score: 0.5724056306816752.
02/23/2023 12:01:02:INFO: ---------confusion_matrix----------
02/23/2023 12:01:02:INFO: 
[[86 23 13]
 [ 9 16  7]
 [ 0  9 16]]
02/23/2023 12:01:02:INFO: 模型效果验证详情: {'位置第一个显示标签': 94, '其他位置有情感标签': 0, '全句没有情感标签': 0}.
02/23/2023 12:01:02:INFO: ----------------------Evaluate finished.------------------------
02/23/2023 12:01:02:INFO: ********** Best Results on Dev Dataset **********
02/23/2023 12:01:02:INFO: Best Accuracy: 0.6703910614525139.
02/23/2023 12:01:02:INFO: Best Macro Precision: 0.5703793544909374.
02/23/2023 12:01:02:INFO: Best Macro Recall: 0.6204371584699454.
02/23/2023 12:01:02:INFO: Best Macro F1 score: 0.5820086164641539.
02/23/2023 12:01:02:INFO: ***** Training Over *****
02/23/2023 12:01:02:INFO: --------------Testing ...---------------
02/23/2023 12:01:02:INFO: tensor([28996, 28997, 28998], device='cuda:0')
02/23/2023 12:01:04:INFO: **********Results Comparison**********
02/23/2023 12:01:04:INFO: 真实标签: 
 [1, 1, 1, 1, 1, 1, 1, 1, 1, 1, 3, 1, 1, 3, 3, 3, 1, 1, 2, 3, 1, 1, 1, 1, 1, 1, 1, 1, 1, 1, 1, 3, 3, 3, 1, 1, 1, 1, 1, 1, 2, 1, 3, 1, 1, 1, 1, 1, 1, 1, 3, 1, 1, 1, 3, 1, 3, 3, 1, 1, 1, 1, 1, 3, 1, 1, 1, 2, 1, 3, 3, 1, 1, 1, 1, 1, 1, 1, 3, 3, 1, 1, 1, 1, 1, 1, 1, 3, 1, 3, 1, 3, 1, 1, 1, 1, 1, 1, 3, 1, 1, 1, 3, 1, 1, 1, 1, 1, 1, 1, 2, 3, 3, 3, 3, 1, 1, 1, 1, 1, 3, 2, 1, 1, 1, 1, 1, 1, 1, 1, 1, 1, 1, 1, 1, 1, 1, 1, 3, 2, 2, 1, 3, 1, 1, 1, 1, 3, 1, 1, 1, 1, 1, 1, 3, 3, 1, 1, 1, 1, 1, 1, 3, 1, 1, 1, 1, 1, 1, 1, 1, 1, 3, 3, 1, 2, 1, 3, 2, 2, 1, 1, 1, 2, 1, 3, 3, 1, 3, 3, 3, 1, 1, 2, 3, 1, 1, 3, 1, 3, 1, 1, 2, 1, 2, 1, 1, 1, 1, 1, 1, 1, 2, 3, 1, 1, 1, 1, 1, 1, 1, 1, 1, 1, 1, 2, 1, 1, 1, 1, 1, 1, 1, 1, 1, 1, 3, 1, 2, 1, 1, 1, 2, 1, 3, 1, 3, 2, 1, 3, 3, 2, 1, 1, 1, 1, 1, 1, 1, 1, 1, 1, 1, 1, 1, 3, 1, 1, 1, 2, 1, 1, 1, 1, 2, 3, 3, 3, 1, 1, 1, 1, 2, 1, 1, 3, 1, 1, 3, 1, 3, 1, 1, 1, 1, 1, 1, 1, 2, 2, 2, 3, 2, 1, 3, 1, 2, 1, 1, 1, 1, 2, 3, 1, 1, 2, 3, 2, 2, 2, 1, 1, 1, 2, 1, 1, 1, 1, 2, 3, 1, 1, 1, 1, 1, 1, 3, 3, 1, 1, 1, 1, 2, 2, 1, 2, 1, 2, 1, 1, 1, 3, 3, 3, 3, 1, 1, 1, 1, 1, 1, 3, 3, 1, 1, 3, 3, 1, 1, 1, 1, 1, 1, 1, 3, 1, 1, 3, 1, 2, 2, 1, 1, 1, 2, 2, 1, 1, 1, 3, 1, 2, 1, 2, 1, 1, 2, 1, 1, 1, 2, 2, 1, 1, 1, 2, 2, 2, 1, 2, 2, 1, 1, 2, 1, 1, 1, 2, 3, 1, 1, 1, 2, 1, 1, 1, 1, 1, 2, 1, 1, 1, 1, 1, 1, 1, 1, 1, 3, 2, 3, 2, 1, 3, 1, 1, 1, 1, 1, 3, 2, 1, 1, 2, 1, 3, 1, 2, 1, 1, 1, 1, 2, 1, 1, 3, 1, 1, 1, 1, 1, 1, 1, 2, 1, 1, 1, 1, 1, 1, 1, 1, 1, 1, 1, 1, 1, 1, 1, 1, 1, 1, 1, 3, 1, 1, 1, 1, 1, 1, 1, 1, 1, 1, 2, 1, 1, 1, 1, 1, 3, 1, 1, 1, 2, 3, 2, 2, 1, 2, 3, 2, 1, 1, 2, 3, 1, 1, 2, 2, 1, 1, 2, 1, 1, 2, 2, 1, 1, 1, 1, 1, 1, 1, 1, 1, 1, 1, 1, 2, 2, 3, 1, 1, 1, 1, 2, 2, 1, 3, 1, 3, 3, 1, 1, 1, 1, 1, 1, 2, 1, 2, 1, 2, 1, 3, 1, 2, 1, 1, 2, 1, 1, 1, 2, 2, 2, 2, 1, 2, 2, 2, 1, 2, 3, 1, 3, 3, 1]
02/23/2023 12:01:04:INFO: 预测标签: 
 [1, 3, 2, 2, 1, 2, 1, 1, 1, 1, 2, 1, 1, 3, 2, 3, 1, 3, 3, 2, 3, 2, 1, 1, 2, 1, 1, 1, 1, 1, 1, 2, 3, 2, 1, 1, 1, 1, 1, 1, 2, 1, 2, 1, 1, 1, 1, 1, 1, 1, 3, 1, 1, 2, 3, 1, 3, 3, 1, 1, 1, 1, 1, 1, 3, 3, 1, 2, 1, 3, 3, 1, 1, 2, 2, 1, 1, 1, 3, 1, 2, 1, 1, 2, 3, 1, 1, 3, 2, 3, 1, 3, 1, 3, 2, 3, 1, 3, 2, 2, 1, 1, 3, 1, 2, 2, 2, 1, 1, 1, 2, 3, 3, 3, 3, 1, 3, 2, 1, 1, 3, 2, 1, 1, 2, 1, 1, 2, 1, 2, 1, 1, 1, 1, 1, 1, 1, 1, 1, 2, 2, 1, 3, 1, 1, 1, 1, 3, 1, 2, 1, 1, 1, 1, 1, 3, 2, 2, 1, 2, 1, 1, 3, 1, 1, 1, 1, 1, 1, 1, 2, 1, 2, 3, 1, 3, 1, 3, 3, 2, 2, 1, 1, 2, 1, 3, 3, 1, 3, 3, 3, 2, 1, 1, 1, 1, 1, 3, 1, 3, 3, 1, 2, 1, 2, 1, 1, 1, 1, 1, 2, 1, 1, 3, 1, 1, 1, 1, 1, 1, 1, 1, 2, 1, 1, 2, 2, 1, 1, 2, 1, 1, 2, 1, 1, 1, 3, 2, 2, 1, 1, 1, 2, 1, 3, 3, 3, 2, 1, 3, 3, 1, 1, 1, 1, 1, 1, 2, 2, 1, 1, 2, 2, 2, 1, 2, 1, 3, 1, 1, 1, 2, 1, 1, 1, 2, 1, 3, 1, 1, 3, 1, 1, 2, 1, 2, 3, 1, 3, 1, 2, 3, 1, 1, 1, 3, 1, 1, 1, 2, 2, 3, 3, 1, 3, 2, 2, 1, 1, 1, 2, 3, 1, 1, 1, 2, 3, 2, 2, 1, 1, 1, 1, 2, 1, 1, 1, 1, 1, 1, 1, 3, 3, 1, 1, 3, 3, 3, 1, 1, 3, 1, 1, 2, 2, 2, 1, 3, 1, 1, 1, 3, 3, 2, 1, 1, 1, 1, 1, 2, 2, 3, 3, 1, 1, 3, 3, 1, 1, 1, 1, 1, 1, 1, 3, 2, 2, 3, 1, 2, 2, 1, 3, 1, 3, 1, 1, 1, 1, 1, 1, 2, 1, 2, 1, 3, 1, 3, 1, 2, 2, 3, 1, 1, 2, 1, 2, 3, 1, 1, 3, 2, 1, 2, 1, 2, 1, 1, 2, 2, 1, 2, 2, 2, 1, 1, 1, 1, 2, 1, 1, 1, 1, 1, 1, 1, 1, 1, 3, 1, 3, 3, 3, 2, 2, 1, 1, 2, 1, 2, 2, 1, 1, 2, 1, 3, 2, 2, 2, 3, 2, 1, 3, 2, 1, 2, 1, 1, 1, 1, 2, 1, 1, 3, 1, 1, 1, 1, 2, 2, 1, 1, 1, 1, 2, 1, 1, 1, 2, 1, 1, 1, 1, 3, 2, 3, 1, 1, 3, 1, 3, 1, 1, 1, 2, 3, 1, 1, 1, 1, 3, 2, 1, 1, 2, 3, 1, 1, 1, 3, 3, 3, 1, 3, 3, 2, 3, 1, 2, 2, 2, 1, 2, 1, 2, 1, 2, 1, 1, 1, 1, 2, 1, 2, 2, 1, 2, 1, 1, 2, 3, 3, 1, 1, 1, 1, 2, 2, 3, 1, 1, 3, 3, 1, 2, 2, 1, 2, 1, 2, 1, 3, 2, 1, 1, 3, 1, 1, 1, 2, 1, 1, 2, 1, 1, 1, 3, 3, 1, 1, 2, 2, 1, 2, 3, 1, 2, 3, 1]
02/23/2023 12:01:04:INFO: ---------Evaluated Metrics----------
02/23/2023 12:01:04:INFO: Accuracy: 0.6878130217028381.
02/23/2023 12:01:04:INFO: Macro Precision: 0.5918681802964808.
02/23/2023 12:01:04:INFO: Macro Recall: 0.6434861001835824.
02/23/2023 12:01:04:INFO: Macro F1 score: 0.6055674657855539.
02/23/2023 12:01:04:INFO: ---------confusion_matrix----------
02/23/2023 12:01:04:INFO: 
[[298  79  33]
 [ 25  48  20]
 [ 11  19  66]]
02/23/2023 12:01:04:INFO: 模型效果验证详情: {'位置第一个显示标签': 339, '其他位置有情感标签': 0, '全句没有情感标签': 0}.
02/23/2023 12:01:04:INFO: ----------------------Testing finished.------------------------
02/23/2023 12:01:04:INFO: bengio.
