02/21/2023 22:31:15:INFO: start.
02/21/2023 22:31:15:INFO: --------hyper-arguments for this training.--------
02/21/2023 22:31:15:INFO: Namespace(answer_strategy='inter_logits_core_token', batch_size=16, dataset='ACLShortData', eval_pre_epochs=1, learning_rate=1e-05, log_file=None, model_type='WT2ABSA_Mean', patience=5, pre_trained_model='pretrainedmodels/bert-base-cased', save_best_model=False, seed=985, total_epochs=20)
02/21/2023 22:31:15:INFO: ----------dataset files------------
02/21/2023 22:31:15:INFO: {'train': '../WordTrans2ABSA/dataset/ACLShortData/train.json', 'dev': '../WordTrans2ABSA/dataset/ACLShortData/dev.json', 'test': '../WordTrans2ABSA/dataset/ACLShortData/test.json'}
02/21/2023 22:31:17:WARNING: Using custom data configuration default-101c1e487c2bc74b
02/21/2023 22:31:17:WARNING: Reusing dataset json (C:\Users\Super-IdoI\.cache\huggingface\datasets\json\default-101c1e487c2bc74b\0.0.0\45636811569ec4a6630521c18235dfbbab83b7ab572e3393c5ba68ccabe98264)
02/21/2023 22:31:17:INFO: -----------------------------------
02/21/2023 22:31:17:INFO: {'I-POS': ['good', 'clever', 'excellent', 'effectual', 'beautiful', 'nice', 'useful', 'well', 'fantastic'], 'I-NEU': ['Michael', 'John', 'David', 'Thomas', 'Martin', 'Paul'], 'I-NEG': ['bad', 'terrible', 'awful', 'badly', 'terrible', 'poor', 'unfortunate', 'harmful', 'dirty', 'sorry']}
02/21/2023 22:31:17:INFO: -----------------------------------
02/21/2023 22:31:17:INFO: {'O': 0, 'I-POS': 1, 'I-NEU': 2, 'I-NEG': 3}
02/21/2023 22:31:17:INFO: {0: 'O', 1: 'I-POS', 2: 'I-NEU', 3: 'I-NEG'}
02/21/2023 22:31:21:INFO: -----------------------------------
02/21/2023 22:31:21:INFO: {'I-POS': 28996, 'I-NEU': 28997, 'I-NEG': 28998}
02/21/2023 22:31:21:INFO: {28996: 'I-POS', 28997: 'I-NEU', 28998: 'I-NEG'}
02/21/2023 22:31:21:INFO: start preprocess dataset.
02/21/2023 22:31:22:INFO: dataset preprocess finished.
02/21/2023 22:31:22:INFO: Train: 5623, Dev: 625, Test: 692.
02/21/2023 22:31:22:INFO: dataloader prepare finished.
02/21/2023 22:31:22:INFO: ***** Start Training *****
02/21/2023 22:31:22:INFO: Total Epochs: 20
02/21/2023 22:31:22:INFO: validate on per-1 epochs.
02/21/2023 22:31:22:INFO: Training Samples Count: 5623.
02/21/2023 22:31:22:INFO: Batch Size: 16, 每轮 352 Batch.
02/21/2023 22:31:22:INFO: Learning Rate: 1e-05
02/21/2023 22:31:22:INFO: --------------Epoch. 1.---------------
02/21/2023 22:32:02:INFO: [Epoch. 1.]: 100%|| 352/352 [00:40<00:00,  8.73it/s, avg_loss=0.397]
02/21/2023 22:32:02:INFO: Epoch 1, average loss: 0.39720566249029204
02/21/2023 22:32:02:INFO: --------------Evaluate on Epoch. 1.---------------
02/21/2023 22:32:02:INFO: tensor([28996, 28997, 28998], device='cuda:0')
02/21/2023 22:32:03:INFO: **********Results Comparison**********
02/21/2023 22:32:03:INFO: 真实标签: 
 [2, 1, 3, 1, 2, 1, 3, 2, 3, 1, 1, 3, 1, 1, 3, 1, 2, 1, 1, 2, 2, 3, 2, 1, 2, 2, 2, 2, 3, 1, 2, 2, 2, 2, 2, 2, 2, 1, 2, 1, 1, 2, 2, 2, 3, 2, 2, 3, 2, 2, 3, 3, 3, 3, 3, 2, 2, 1, 2, 3, 1, 2, 3, 1, 1, 3, 3, 1, 2, 3, 2, 2, 2, 1, 3, 2, 1, 1, 2, 1, 3, 1, 2, 1, 1, 2, 3, 3, 1, 2, 2, 2, 3, 2, 3, 2, 1, 2, 1, 1, 1, 2, 1, 2, 3, 1, 1, 2, 2, 3, 3, 2, 3, 2, 3, 2, 2, 2, 1, 2, 2, 3, 2, 2, 3, 2, 3, 3, 2, 1, 2, 3, 1, 1, 1, 2, 3, 3, 1, 2, 1, 1, 3, 2, 2, 3, 3, 2, 2, 2, 1, 2, 2, 1, 2, 1, 1, 1, 2, 3, 2, 1, 1, 3, 2, 2, 1, 2, 3, 1, 3, 2, 3, 2, 2, 2, 2, 3, 1, 2, 2, 3, 1, 2, 3, 3, 3, 3, 2, 3, 3, 2, 1, 3, 3, 1, 2, 2, 3, 1, 1, 3, 3, 2, 2, 3, 2, 1, 3, 1, 1, 3, 1, 2, 2, 3, 2, 3, 1, 1, 2, 2, 3, 3, 1, 2, 2, 1, 2, 1, 3, 2, 1, 3, 3, 2, 1, 1, 2, 3, 2, 2, 2, 2, 1, 3, 3, 2, 3, 3, 1, 2, 3, 2, 1, 3, 2, 2, 1, 2, 2, 1, 3, 2, 2, 2, 1, 2, 2, 2, 3, 2, 3, 3, 2, 2, 2, 3, 2, 2, 3, 3, 3, 1, 2, 1, 2, 3, 2, 2, 1, 2, 3, 3, 3, 2, 1, 2, 3, 3, 1, 3, 3, 1, 2, 2, 3, 3, 1, 2, 1, 3, 2, 2, 1, 3, 2, 1, 2, 2, 3, 2, 3, 2, 3, 2, 3, 3, 1, 1, 1, 2, 2, 1, 2, 1, 3, 3, 3, 3, 1, 2, 3, 2, 2, 2, 1, 3, 2, 3, 2, 1, 2, 2, 1, 2, 2, 3, 1, 3, 2, 2, 3, 1, 2, 2, 3, 2, 3, 2, 2, 2, 2, 1, 2, 1, 2, 1, 1, 2, 2, 1, 3, 3, 2, 2, 2, 2, 3, 3, 2, 2, 1, 2, 2, 2, 2, 2, 3, 3, 1, 1, 2, 2, 2, 3, 2, 1, 2, 2, 1, 2, 2, 3, 3, 2, 3, 2, 1, 3, 1, 2, 1, 1, 3, 2, 1, 2, 1, 2, 1, 2, 2, 2, 2, 2, 2, 3, 2, 3, 3, 2, 1, 2, 3, 2, 3, 3, 2, 2, 2, 2, 3, 1, 2, 3, 1, 2, 2, 2, 2, 3, 2, 3, 2, 1, 1, 2, 3, 1, 3, 2, 1, 2, 3, 2, 2, 2, 1, 3, 1, 1, 1, 2, 3, 1, 3, 1, 3, 3, 2, 2, 3, 1, 3, 2, 1, 3, 3, 2, 2, 3, 2, 2, 2, 2, 2, 1, 2, 2, 2, 2, 2, 2, 2, 3, 2, 2, 1, 2, 3, 3, 1, 3, 3, 3, 3, 2, 2, 2, 2, 1, 3, 2, 3, 2, 2, 2, 3, 2, 3, 3, 3, 2, 3, 1, 2, 3, 3, 1, 2, 3, 2, 1, 2, 1, 2, 1, 3, 3, 3, 1, 1, 2, 2, 2, 2, 2, 2, 2, 2, 1, 3, 2, 1, 1, 2, 2, 2, 2, 3, 1, 2, 1, 2, 2, 1, 3, 1, 2, 1, 2, 2, 1, 3, 2, 1, 2, 2, 2, 2, 1, 3, 1, 2, 1, 2, 1, 2, 2, 1, 3, 2, 2, 3, 2, 3, 1, 2, 2, 1, 1, 3, 2, 3]
02/21/2023 22:32:03:INFO: 预测标签: 
 [2, 3, 3, 2, 2, 2, 2, 3, 2, 1, 1, 3, 1, 2, 3, 1, 2, 1, 1, 2, 2, 3, 2, 2, 2, 2, 2, 1, 3, 2, 2, 2, 1, 3, 2, 2, 2, 2, 2, 2, 2, 3, 2, 2, 3, 2, 2, 2, 3, 2, 3, 3, 1, 2, 3, 2, 2, 1, 2, 3, 1, 2, 3, 1, 2, 3, 3, 2, 1, 1, 3, 2, 2, 1, 3, 2, 1, 3, 2, 3, 3, 1, 2, 1, 3, 1, 3, 1, 3, 2, 3, 2, 2, 2, 2, 2, 1, 3, 1, 1, 1, 2, 3, 3, 3, 1, 1, 3, 2, 3, 1, 2, 2, 2, 3, 2, 2, 2, 1, 2, 3, 3, 2, 2, 3, 2, 3, 3, 1, 1, 3, 3, 2, 2, 1, 2, 3, 3, 2, 3, 1, 1, 3, 2, 2, 3, 3, 2, 2, 2, 3, 2, 3, 2, 2, 1, 2, 1, 2, 3, 1, 2, 1, 1, 3, 3, 2, 2, 2, 1, 2, 2, 3, 2, 2, 2, 3, 2, 3, 2, 2, 1, 1, 2, 3, 3, 3, 3, 2, 3, 3, 2, 2, 3, 2, 2, 2, 2, 3, 1, 1, 3, 3, 3, 2, 2, 2, 2, 2, 1, 1, 2, 3, 2, 2, 3, 2, 3, 2, 2, 2, 2, 3, 2, 2, 2, 2, 1, 2, 3, 3, 2, 3, 3, 3, 2, 3, 1, 2, 3, 2, 2, 2, 1, 2, 2, 3, 2, 3, 3, 2, 2, 3, 3, 2, 3, 2, 2, 3, 2, 2, 2, 3, 2, 1, 1, 2, 2, 2, 2, 3, 3, 2, 3, 2, 2, 3, 3, 2, 2, 3, 3, 3, 2, 2, 1, 2, 2, 2, 2, 2, 2, 2, 3, 3, 2, 2, 2, 3, 1, 3, 3, 2, 1, 1, 1, 2, 3, 1, 2, 2, 1, 2, 2, 1, 3, 2, 2, 2, 2, 3, 3, 3, 2, 2, 2, 3, 2, 2, 2, 3, 2, 2, 1, 2, 3, 3, 3, 3, 3, 1, 2, 2, 2, 1, 1, 1, 3, 2, 3, 2, 1, 2, 2, 3, 2, 2, 3, 3, 3, 2, 2, 2, 2, 2, 2, 3, 2, 3, 2, 3, 2, 2, 1, 2, 3, 2, 2, 1, 2, 2, 2, 3, 2, 3, 2, 2, 2, 3, 2, 2, 2, 1, 2, 2, 2, 2, 3, 3, 2, 1, 1, 3, 2, 2, 2, 2, 2, 2, 2, 1, 2, 2, 1, 3, 2, 2, 2, 2, 3, 1, 2, 2, 2, 2, 2, 2, 2, 2, 2, 2, 2, 2, 2, 1, 1, 2, 2, 2, 2, 2, 2, 2, 3, 2, 3, 3, 3, 2, 2, 2, 2, 3, 2, 2, 2, 1, 2, 2, 2, 2, 3, 2, 3, 2, 1, 1, 2, 2, 2, 2, 3, 1, 2, 1, 3, 2, 2, 2, 3, 1, 1, 2, 2, 3, 2, 3, 2, 3, 3, 2, 2, 2, 3, 3, 2, 2, 3, 2, 2, 2, 2, 2, 1, 3, 3, 2, 2, 3, 2, 2, 2, 2, 2, 2, 3, 3, 2, 2, 2, 2, 1, 3, 3, 2, 3, 3, 3, 2, 3, 2, 2, 3, 2, 3, 2, 3, 2, 2, 2, 3, 2, 3, 2, 2, 1, 2, 3, 3, 3, 2, 3, 2, 1, 1, 2, 2, 1, 2, 3, 3, 2, 1, 2, 1, 2, 2, 2, 2, 3, 2, 2, 3, 3, 3, 1, 2, 2, 2, 2, 2, 2, 2, 1, 2, 2, 1, 2, 1, 3, 1, 2, 3, 2, 3, 3, 2, 2, 3, 2, 2, 1, 2, 2, 2, 1, 1, 2, 2, 2, 2, 3, 2, 2, 3, 3, 1, 2, 2, 2, 2, 2, 3, 3, 2]
02/21/2023 22:32:03:INFO: ---------Evaluated Metrics----------
02/21/2023 22:32:03:INFO: Accuracy: 0.6528.
02/21/2023 22:32:03:INFO: Macro Precision: 0.6565256958977503.
02/21/2023 22:32:03:INFO: Macro Recall: 0.6169590167370723.
02/21/2023 22:32:03:INFO: Macro F1 score: 0.6247151621224365.
02/21/2023 22:32:03:INFO: ---------confusion_matrix----------
02/21/2023 22:32:03:INFO: 
[[ 67  68  23]
 [ 19 227  44]
 [ 12  51 114]]
02/21/2023 22:32:03:INFO: 模型效果验证详情: {'位置第一个显示标签': 506, '其他位置有情感标签': 0, '全句没有情感标签': 0}.
02/21/2023 22:32:03:INFO: ----------------------Evaluate finished.------------------------
02/21/2023 22:32:03:INFO: --------------Epoch. 2.---------------
02/21/2023 22:32:43:INFO: [Epoch. 2.]: 100%|| 352/352 [00:39<00:00,  8.94it/s, avg_loss=0.131]
02/21/2023 22:32:43:INFO: Epoch 2, average loss: 0.13114009495951573
02/21/2023 22:32:43:INFO: --------------Evaluate on Epoch. 2.---------------
02/21/2023 22:32:43:INFO: tensor([28996, 28997, 28998], device='cuda:0')
02/21/2023 22:32:44:INFO: **********Results Comparison**********
02/21/2023 22:32:44:INFO: 真实标签: 
 [2, 1, 3, 1, 2, 1, 3, 2, 3, 1, 1, 3, 1, 1, 3, 1, 2, 1, 1, 2, 2, 3, 2, 1, 2, 2, 2, 2, 3, 1, 2, 2, 2, 2, 2, 2, 2, 1, 2, 1, 1, 2, 2, 2, 3, 2, 2, 3, 2, 2, 3, 3, 3, 3, 3, 2, 2, 1, 2, 3, 1, 2, 3, 1, 1, 3, 3, 1, 2, 3, 2, 2, 2, 1, 3, 2, 1, 1, 2, 1, 3, 1, 2, 1, 1, 2, 3, 3, 1, 2, 2, 2, 3, 2, 3, 2, 1, 2, 1, 1, 1, 2, 1, 2, 3, 1, 1, 2, 2, 3, 3, 2, 3, 2, 3, 2, 2, 2, 1, 2, 2, 3, 2, 2, 3, 2, 3, 3, 2, 1, 2, 3, 1, 1, 1, 2, 3, 3, 1, 2, 1, 1, 3, 2, 2, 3, 3, 2, 2, 2, 1, 2, 2, 1, 2, 1, 1, 1, 2, 3, 2, 1, 1, 3, 2, 2, 1, 2, 3, 1, 3, 2, 3, 2, 2, 2, 2, 3, 1, 2, 2, 3, 1, 2, 3, 3, 3, 3, 2, 3, 3, 2, 1, 3, 3, 1, 2, 2, 3, 1, 1, 3, 3, 2, 2, 3, 2, 1, 3, 1, 1, 3, 1, 2, 2, 3, 2, 3, 1, 1, 2, 2, 3, 3, 1, 2, 2, 1, 2, 1, 3, 2, 1, 3, 3, 2, 1, 1, 2, 3, 2, 2, 2, 2, 1, 3, 3, 2, 3, 3, 1, 2, 3, 2, 1, 3, 2, 2, 1, 2, 2, 1, 3, 2, 2, 2, 1, 2, 2, 2, 3, 2, 3, 3, 2, 2, 2, 3, 2, 2, 3, 3, 3, 1, 2, 1, 2, 3, 2, 2, 1, 2, 3, 3, 3, 2, 1, 2, 3, 3, 1, 3, 3, 1, 2, 2, 3, 3, 1, 2, 1, 3, 2, 2, 1, 3, 2, 1, 2, 2, 3, 2, 3, 2, 3, 2, 3, 3, 1, 1, 1, 2, 2, 1, 2, 1, 3, 3, 3, 3, 1, 2, 3, 2, 2, 2, 1, 3, 2, 3, 2, 1, 2, 2, 1, 2, 2, 3, 1, 3, 2, 2, 3, 1, 2, 2, 3, 2, 3, 2, 2, 2, 2, 1, 2, 1, 2, 1, 1, 2, 2, 1, 3, 3, 2, 2, 2, 2, 3, 3, 2, 2, 1, 2, 2, 2, 2, 2, 3, 3, 1, 1, 2, 2, 2, 3, 2, 1, 2, 2, 1, 2, 2, 3, 3, 2, 3, 2, 1, 3, 1, 2, 1, 1, 3, 2, 1, 2, 1, 2, 1, 2, 2, 2, 2, 2, 2, 3, 2, 3, 3, 2, 1, 2, 3, 2, 3, 3, 2, 2, 2, 2, 3, 1, 2, 3, 1, 2, 2, 2, 2, 3, 2, 3, 2, 1, 1, 2, 3, 1, 3, 2, 1, 2, 3, 2, 2, 2, 1, 3, 1, 1, 1, 2, 3, 1, 3, 1, 3, 3, 2, 2, 3, 1, 3, 2, 1, 3, 3, 2, 2, 3, 2, 2, 2, 2, 2, 1, 2, 2, 2, 2, 2, 2, 2, 3, 2, 2, 1, 2, 3, 3, 1, 3, 3, 3, 3, 2, 2, 2, 2, 1, 3, 2, 3, 2, 2, 2, 3, 2, 3, 3, 3, 2, 3, 1, 2, 3, 3, 1, 2, 3, 2, 1, 2, 1, 2, 1, 3, 3, 3, 1, 1, 2, 2, 2, 2, 2, 2, 2, 2, 1, 3, 2, 1, 1, 2, 2, 2, 2, 3, 1, 2, 1, 2, 2, 1, 3, 1, 2, 1, 2, 2, 1, 3, 2, 1, 2, 2, 2, 2, 1, 3, 1, 2, 1, 2, 1, 2, 2, 1, 3, 2, 2, 3, 2, 3, 1, 2, 2, 1, 1, 3, 2, 3]
02/21/2023 22:32:44:INFO: 预测标签: 
 [2, 1, 3, 2, 2, 2, 2, 2, 2, 1, 1, 3, 1, 2, 2, 1, 2, 1, 1, 2, 2, 3, 2, 2, 2, 2, 2, 2, 3, 2, 2, 2, 1, 2, 2, 2, 2, 2, 2, 2, 2, 2, 2, 2, 3, 2, 2, 2, 3, 2, 3, 3, 2, 2, 3, 2, 2, 2, 2, 3, 1, 2, 3, 1, 2, 3, 2, 2, 1, 2, 2, 2, 2, 1, 3, 2, 1, 3, 2, 3, 3, 1, 2, 1, 1, 2, 3, 2, 3, 2, 2, 2, 2, 2, 2, 2, 1, 2, 2, 1, 1, 2, 2, 3, 3, 2, 2, 2, 2, 3, 2, 2, 3, 2, 3, 2, 2, 2, 1, 2, 2, 2, 2, 2, 3, 2, 3, 3, 1, 1, 2, 3, 2, 2, 2, 2, 3, 3, 2, 2, 1, 2, 3, 2, 2, 2, 3, 2, 2, 2, 3, 2, 3, 2, 2, 1, 2, 1, 2, 3, 2, 2, 1, 3, 2, 2, 2, 2, 2, 2, 2, 2, 3, 2, 2, 2, 2, 2, 3, 2, 2, 3, 2, 2, 3, 3, 3, 2, 2, 3, 3, 2, 2, 3, 2, 2, 2, 2, 3, 2, 2, 3, 3, 2, 2, 2, 2, 2, 2, 1, 2, 2, 3, 2, 2, 3, 2, 2, 2, 2, 2, 2, 3, 2, 2, 2, 2, 2, 2, 2, 3, 2, 3, 3, 3, 2, 2, 2, 2, 3, 2, 2, 2, 2, 2, 2, 2, 2, 2, 3, 3, 2, 2, 3, 2, 3, 2, 2, 2, 2, 2, 2, 3, 2, 1, 2, 2, 2, 2, 2, 3, 3, 2, 2, 2, 2, 3, 3, 2, 2, 3, 3, 3, 2, 2, 3, 2, 2, 2, 2, 2, 2, 2, 3, 2, 2, 2, 2, 2, 3, 3, 2, 2, 1, 2, 2, 2, 3, 2, 2, 2, 3, 2, 2, 1, 3, 2, 2, 2, 2, 3, 3, 2, 2, 2, 2, 2, 2, 2, 2, 3, 2, 2, 1, 2, 2, 2, 2, 3, 3, 1, 2, 2, 2, 2, 1, 1, 3, 2, 3, 2, 1, 2, 2, 3, 2, 2, 3, 2, 3, 2, 2, 2, 2, 2, 2, 3, 2, 3, 2, 3, 2, 2, 1, 2, 2, 2, 2, 1, 2, 2, 2, 2, 2, 2, 2, 2, 2, 3, 2, 2, 2, 2, 2, 2, 2, 2, 2, 3, 2, 2, 1, 2, 2, 2, 2, 2, 2, 2, 2, 1, 2, 2, 2, 3, 2, 2, 2, 2, 2, 1, 2, 2, 2, 2, 2, 2, 2, 2, 2, 2, 2, 2, 2, 2, 1, 2, 2, 2, 2, 2, 2, 2, 3, 2, 2, 3, 3, 2, 2, 2, 2, 3, 2, 2, 2, 2, 2, 2, 2, 2, 3, 2, 2, 2, 2, 1, 2, 2, 2, 2, 2, 1, 2, 1, 3, 2, 2, 2, 3, 1, 2, 2, 2, 3, 2, 3, 2, 3, 3, 2, 2, 2, 3, 3, 2, 2, 3, 2, 2, 2, 2, 2, 2, 2, 3, 2, 2, 2, 2, 2, 2, 2, 3, 2, 3, 2, 2, 2, 2, 2, 3, 3, 3, 2, 2, 3, 3, 2, 2, 2, 2, 2, 2, 3, 2, 2, 2, 2, 2, 3, 2, 3, 2, 2, 3, 2, 3, 2, 2, 2, 3, 2, 2, 2, 2, 2, 1, 2, 3, 3, 1, 1, 2, 2, 2, 2, 2, 2, 2, 2, 2, 3, 3, 2, 1, 2, 2, 2, 2, 2, 2, 2, 1, 2, 2, 1, 2, 1, 2, 2, 2, 2, 2, 3, 2, 2, 2, 3, 2, 2, 1, 2, 2, 2, 1, 2, 2, 2, 2, 2, 3, 2, 2, 2, 2, 1, 2, 2, 2, 2, 2, 3, 2, 2]
02/21/2023 22:32:44:INFO: ---------Evaluated Metrics----------
02/21/2023 22:32:44:INFO: Accuracy: 0.6592.
02/21/2023 22:32:44:INFO: Macro Precision: 0.7407686907686908.
02/21/2023 22:32:44:INFO: Macro Recall: 0.5891424808942879.
02/21/2023 22:32:44:INFO: Macro F1 score: 0.6026493158584002.
02/21/2023 22:32:44:INFO: ---------confusion_matrix----------
02/21/2023 22:32:44:INFO: 
[[ 47  96  15]
 [  6 269  15]
 [  2  79  96]]
02/21/2023 22:32:44:INFO: 模型效果验证详情: {'位置第一个显示标签': 581, '其他位置有情感标签': 0, '全句没有情感标签': 0}.
02/21/2023 22:32:44:INFO: ----------------------Evaluate finished.------------------------
02/21/2023 22:32:44:INFO: --------------Epoch. 3.---------------
02/21/2023 22:33:24:INFO: [Epoch. 3.]: 100%|| 352/352 [00:39<00:00,  8.83it/s, avg_loss=0.095]
02/21/2023 22:33:24:INFO: Epoch 3, average loss: 0.09504308108113367
02/21/2023 22:33:24:INFO: --------------Evaluate on Epoch. 3.---------------
02/21/2023 22:33:24:INFO: tensor([28996, 28997, 28998], device='cuda:0')
02/21/2023 22:33:25:INFO: **********Results Comparison**********
02/21/2023 22:33:25:INFO: 真实标签: 
 [2, 1, 3, 1, 2, 1, 3, 2, 3, 1, 1, 3, 1, 1, 3, 1, 2, 1, 1, 2, 2, 3, 2, 1, 2, 2, 2, 2, 3, 1, 2, 2, 2, 2, 2, 2, 2, 1, 2, 1, 1, 2, 2, 2, 3, 2, 2, 3, 2, 2, 3, 3, 3, 3, 3, 2, 2, 1, 2, 3, 1, 2, 3, 1, 1, 3, 3, 1, 2, 3, 2, 2, 2, 1, 3, 2, 1, 1, 2, 1, 3, 1, 2, 1, 1, 2, 3, 3, 1, 2, 2, 2, 3, 2, 3, 2, 1, 2, 1, 1, 1, 2, 1, 2, 3, 1, 1, 2, 2, 3, 3, 2, 3, 2, 3, 2, 2, 2, 1, 2, 2, 3, 2, 2, 3, 2, 3, 3, 2, 1, 2, 3, 1, 1, 1, 2, 3, 3, 1, 2, 1, 1, 3, 2, 2, 3, 3, 2, 2, 2, 1, 2, 2, 1, 2, 1, 1, 1, 2, 3, 2, 1, 1, 3, 2, 2, 1, 2, 3, 1, 3, 2, 3, 2, 2, 2, 2, 3, 1, 2, 2, 3, 1, 2, 3, 3, 3, 3, 2, 3, 3, 2, 1, 3, 3, 1, 2, 2, 3, 1, 1, 3, 3, 2, 2, 3, 2, 1, 3, 1, 1, 3, 1, 2, 2, 3, 2, 3, 1, 1, 2, 2, 3, 3, 1, 2, 2, 1, 2, 1, 3, 2, 1, 3, 3, 2, 1, 1, 2, 3, 2, 2, 2, 2, 1, 3, 3, 2, 3, 3, 1, 2, 3, 2, 1, 3, 2, 2, 1, 2, 2, 1, 3, 2, 2, 2, 1, 2, 2, 2, 3, 2, 3, 3, 2, 2, 2, 3, 2, 2, 3, 3, 3, 1, 2, 1, 2, 3, 2, 2, 1, 2, 3, 3, 3, 2, 1, 2, 3, 3, 1, 3, 3, 1, 2, 2, 3, 3, 1, 2, 1, 3, 2, 2, 1, 3, 2, 1, 2, 2, 3, 2, 3, 2, 3, 2, 3, 3, 1, 1, 1, 2, 2, 1, 2, 1, 3, 3, 3, 3, 1, 2, 3, 2, 2, 2, 1, 3, 2, 3, 2, 1, 2, 2, 1, 2, 2, 3, 1, 3, 2, 2, 3, 1, 2, 2, 3, 2, 3, 2, 2, 2, 2, 1, 2, 1, 2, 1, 1, 2, 2, 1, 3, 3, 2, 2, 2, 2, 3, 3, 2, 2, 1, 2, 2, 2, 2, 2, 3, 3, 1, 1, 2, 2, 2, 3, 2, 1, 2, 2, 1, 2, 2, 3, 3, 2, 3, 2, 1, 3, 1, 2, 1, 1, 3, 2, 1, 2, 1, 2, 1, 2, 2, 2, 2, 2, 2, 3, 2, 3, 3, 2, 1, 2, 3, 2, 3, 3, 2, 2, 2, 2, 3, 1, 2, 3, 1, 2, 2, 2, 2, 3, 2, 3, 2, 1, 1, 2, 3, 1, 3, 2, 1, 2, 3, 2, 2, 2, 1, 3, 1, 1, 1, 2, 3, 1, 3, 1, 3, 3, 2, 2, 3, 1, 3, 2, 1, 3, 3, 2, 2, 3, 2, 2, 2, 2, 2, 1, 2, 2, 2, 2, 2, 2, 2, 3, 2, 2, 1, 2, 3, 3, 1, 3, 3, 3, 3, 2, 2, 2, 2, 1, 3, 2, 3, 2, 2, 2, 3, 2, 3, 3, 3, 2, 3, 1, 2, 3, 3, 1, 2, 3, 2, 1, 2, 1, 2, 1, 3, 3, 3, 1, 1, 2, 2, 2, 2, 2, 2, 2, 2, 1, 3, 2, 1, 1, 2, 2, 2, 2, 3, 1, 2, 1, 2, 2, 1, 3, 1, 2, 1, 2, 2, 1, 3, 2, 1, 2, 2, 2, 2, 1, 3, 1, 2, 1, 2, 1, 2, 2, 1, 3, 2, 2, 3, 2, 3, 1, 2, 2, 1, 1, 3, 2, 3]
02/21/2023 22:33:25:INFO: 预测标签: 
 [2, 1, 3, 2, 2, 1, 2, 1, 1, 1, 1, 3, 1, 1, 2, 1, 1, 1, 1, 2, 1, 3, 2, 2, 2, 2, 2, 1, 3, 1, 2, 2, 1, 1, 1, 2, 2, 1, 2, 1, 2, 1, 1, 2, 3, 2, 2, 2, 3, 2, 3, 1, 2, 2, 3, 2, 2, 1, 2, 2, 1, 2, 3, 1, 1, 3, 3, 2, 1, 1, 3, 1, 2, 1, 3, 2, 1, 3, 2, 3, 3, 1, 2, 1, 1, 1, 3, 2, 3, 2, 2, 2, 3, 2, 2, 2, 1, 2, 1, 1, 1, 2, 2, 3, 3, 2, 1, 3, 3, 3, 1, 2, 3, 2, 3, 2, 2, 2, 1, 2, 3, 2, 2, 2, 1, 2, 3, 3, 1, 1, 2, 3, 2, 1, 1, 2, 3, 3, 2, 2, 1, 1, 3, 2, 2, 2, 3, 2, 2, 1, 1, 2, 3, 2, 2, 1, 1, 1, 2, 3, 1, 1, 1, 1, 2, 2, 1, 2, 3, 1, 2, 2, 3, 2, 2, 2, 2, 2, 3, 2, 1, 1, 2, 2, 3, 3, 3, 3, 2, 3, 3, 2, 1, 3, 2, 2, 2, 2, 3, 1, 1, 3, 3, 2, 2, 3, 2, 2, 2, 1, 1, 2, 3, 2, 1, 3, 2, 3, 2, 2, 2, 2, 3, 2, 1, 2, 2, 1, 2, 1, 3, 2, 1, 3, 3, 2, 2, 1, 2, 3, 2, 2, 2, 1, 2, 2, 3, 1, 2, 3, 3, 2, 2, 3, 1, 3, 2, 2, 2, 2, 1, 2, 3, 2, 1, 2, 2, 2, 2, 1, 3, 3, 3, 3, 2, 2, 3, 3, 2, 2, 3, 3, 3, 2, 2, 1, 2, 2, 2, 2, 2, 2, 2, 3, 2, 2, 1, 2, 3, 1, 1, 3, 2, 1, 1, 1, 2, 3, 1, 2, 2, 1, 2, 2, 1, 3, 2, 2, 2, 2, 3, 3, 3, 2, 2, 2, 2, 2, 2, 1, 3, 2, 2, 1, 2, 2, 2, 3, 3, 3, 1, 2, 2, 2, 2, 1, 1, 3, 2, 3, 2, 1, 2, 2, 1, 2, 2, 3, 1, 3, 2, 2, 2, 2, 2, 2, 3, 2, 3, 2, 3, 2, 2, 1, 2, 2, 2, 2, 1, 2, 1, 2, 2, 2, 3, 2, 2, 2, 3, 2, 2, 2, 1, 1, 2, 2, 2, 3, 3, 2, 1, 1, 3, 2, 2, 1, 2, 2, 2, 2, 1, 2, 2, 1, 3, 2, 2, 2, 2, 3, 1, 2, 2, 2, 3, 2, 1, 2, 2, 2, 1, 2, 2, 2, 1, 1, 2, 2, 2, 2, 2, 2, 1, 3, 2, 2, 3, 3, 2, 2, 2, 2, 3, 1, 2, 2, 1, 2, 2, 2, 2, 3, 2, 2, 2, 1, 1, 2, 2, 1, 2, 3, 1, 1, 1, 3, 2, 2, 2, 3, 1, 1, 1, 2, 3, 2, 3, 1, 3, 2, 3, 2, 3, 3, 3, 2, 1, 3, 2, 2, 2, 2, 2, 1, 3, 3, 2, 2, 2, 2, 2, 2, 1, 3, 2, 3, 2, 2, 2, 2, 2, 3, 1, 3, 2, 2, 3, 3, 2, 2, 2, 1, 2, 2, 3, 2, 2, 2, 2, 2, 3, 2, 3, 2, 3, 1, 2, 3, 2, 3, 2, 3, 2, 1, 1, 1, 2, 1, 2, 3, 3, 1, 1, 2, 2, 2, 2, 2, 2, 3, 2, 2, 3, 3, 3, 1, 2, 2, 2, 2, 2, 2, 2, 1, 2, 2, 1, 2, 1, 1, 1, 2, 1, 2, 3, 1, 2, 2, 3, 2, 2, 1, 2, 2, 2, 1, 2, 1, 1, 2, 2, 3, 2, 2, 2, 2, 1, 1, 2, 2, 1, 2, 3, 2, 2]
02/21/2023 22:33:25:INFO: ---------Evaluated Metrics----------
02/21/2023 22:33:25:INFO: Accuracy: 0.696.
02/21/2023 22:33:25:INFO: Macro Precision: 0.701228023224174.
02/21/2023 22:33:25:INFO: Macro Recall: 0.675959231283307.
02/21/2023 22:33:25:INFO: Macro F1 score: 0.6846118949014599.
02/21/2023 22:33:25:INFO: ---------confusion_matrix----------
02/21/2023 22:33:25:INFO: 
[[103  45  10]
 [ 37 227  26]
 [ 13  59 105]]
02/21/2023 22:33:25:INFO: 模型效果验证详情: {'位置第一个显示标签': 571, '其他位置有情感标签': 0, '全句没有情感标签': 0}.
02/21/2023 22:33:25:INFO: ----------------------Evaluate finished.------------------------
02/21/2023 22:33:25:INFO: --------------Epoch. 4.---------------
02/21/2023 22:34:05:INFO: [Epoch. 4.]: 100%|| 352/352 [00:39<00:00,  8.84it/s, avg_loss=0.0756]
02/21/2023 22:34:05:INFO: Epoch 4, average loss: 0.07564114046346565
02/21/2023 22:34:05:INFO: --------------Evaluate on Epoch. 4.---------------
02/21/2023 22:34:05:INFO: tensor([28996, 28997, 28998], device='cuda:0')
02/21/2023 22:34:06:INFO: **********Results Comparison**********
02/21/2023 22:34:06:INFO: 真实标签: 
 [2, 1, 3, 1, 2, 1, 3, 2, 3, 1, 1, 3, 1, 1, 3, 1, 2, 1, 1, 2, 2, 3, 2, 1, 2, 2, 2, 2, 3, 1, 2, 2, 2, 2, 2, 2, 2, 1, 2, 1, 1, 2, 2, 2, 3, 2, 2, 3, 2, 2, 3, 3, 3, 3, 3, 2, 2, 1, 2, 3, 1, 2, 3, 1, 1, 3, 3, 1, 2, 3, 2, 2, 2, 1, 3, 2, 1, 1, 2, 1, 3, 1, 2, 1, 1, 2, 3, 3, 1, 2, 2, 2, 3, 2, 3, 2, 1, 2, 1, 1, 1, 2, 1, 2, 3, 1, 1, 2, 2, 3, 3, 2, 3, 2, 3, 2, 2, 2, 1, 2, 2, 3, 2, 2, 3, 2, 3, 3, 2, 1, 2, 3, 1, 1, 1, 2, 3, 3, 1, 2, 1, 1, 3, 2, 2, 3, 3, 2, 2, 2, 1, 2, 2, 1, 2, 1, 1, 1, 2, 3, 2, 1, 1, 3, 2, 2, 1, 2, 3, 1, 3, 2, 3, 2, 2, 2, 2, 3, 1, 2, 2, 3, 1, 2, 3, 3, 3, 3, 2, 3, 3, 2, 1, 3, 3, 1, 2, 2, 3, 1, 1, 3, 3, 2, 2, 3, 2, 1, 3, 1, 1, 3, 1, 2, 2, 3, 2, 3, 1, 1, 2, 2, 3, 3, 1, 2, 2, 1, 2, 1, 3, 2, 1, 3, 3, 2, 1, 1, 2, 3, 2, 2, 2, 2, 1, 3, 3, 2, 3, 3, 1, 2, 3, 2, 1, 3, 2, 2, 1, 2, 2, 1, 3, 2, 2, 2, 1, 2, 2, 2, 3, 2, 3, 3, 2, 2, 2, 3, 2, 2, 3, 3, 3, 1, 2, 1, 2, 3, 2, 2, 1, 2, 3, 3, 3, 2, 1, 2, 3, 3, 1, 3, 3, 1, 2, 2, 3, 3, 1, 2, 1, 3, 2, 2, 1, 3, 2, 1, 2, 2, 3, 2, 3, 2, 3, 2, 3, 3, 1, 1, 1, 2, 2, 1, 2, 1, 3, 3, 3, 3, 1, 2, 3, 2, 2, 2, 1, 3, 2, 3, 2, 1, 2, 2, 1, 2, 2, 3, 1, 3, 2, 2, 3, 1, 2, 2, 3, 2, 3, 2, 2, 2, 2, 1, 2, 1, 2, 1, 1, 2, 2, 1, 3, 3, 2, 2, 2, 2, 3, 3, 2, 2, 1, 2, 2, 2, 2, 2, 3, 3, 1, 1, 2, 2, 2, 3, 2, 1, 2, 2, 1, 2, 2, 3, 3, 2, 3, 2, 1, 3, 1, 2, 1, 1, 3, 2, 1, 2, 1, 2, 1, 2, 2, 2, 2, 2, 2, 3, 2, 3, 3, 2, 1, 2, 3, 2, 3, 3, 2, 2, 2, 2, 3, 1, 2, 3, 1, 2, 2, 2, 2, 3, 2, 3, 2, 1, 1, 2, 3, 1, 3, 2, 1, 2, 3, 2, 2, 2, 1, 3, 1, 1, 1, 2, 3, 1, 3, 1, 3, 3, 2, 2, 3, 1, 3, 2, 1, 3, 3, 2, 2, 3, 2, 2, 2, 2, 2, 1, 2, 2, 2, 2, 2, 2, 2, 3, 2, 2, 1, 2, 3, 3, 1, 3, 3, 3, 3, 2, 2, 2, 2, 1, 3, 2, 3, 2, 2, 2, 3, 2, 3, 3, 3, 2, 3, 1, 2, 3, 3, 1, 2, 3, 2, 1, 2, 1, 2, 1, 3, 3, 3, 1, 1, 2, 2, 2, 2, 2, 2, 2, 2, 1, 3, 2, 1, 1, 2, 2, 2, 2, 3, 1, 2, 1, 2, 2, 1, 3, 1, 2, 1, 2, 2, 1, 3, 2, 1, 2, 2, 2, 2, 1, 3, 1, 2, 1, 2, 1, 2, 2, 1, 3, 2, 2, 3, 2, 3, 1, 2, 2, 1, 1, 3, 2, 3]
02/21/2023 22:34:06:INFO: 预测标签: 
 [2, 1, 3, 2, 2, 1, 2, 1, 2, 1, 1, 2, 1, 2, 2, 1, 1, 1, 1, 2, 2, 3, 2, 2, 2, 2, 2, 1, 3, 1, 2, 2, 1, 2, 2, 2, 2, 1, 2, 1, 2, 2, 1, 2, 3, 2, 2, 3, 3, 2, 3, 1, 2, 2, 3, 2, 2, 1, 2, 3, 1, 2, 3, 1, 2, 3, 3, 2, 1, 3, 2, 1, 2, 1, 3, 2, 1, 3, 2, 3, 3, 1, 2, 1, 1, 1, 3, 3, 3, 2, 2, 2, 3, 2, 2, 2, 1, 2, 1, 1, 1, 2, 2, 3, 3, 2, 1, 3, 3, 3, 1, 2, 3, 2, 3, 2, 2, 2, 1, 2, 3, 2, 2, 2, 1, 2, 3, 3, 1, 1, 2, 3, 2, 1, 1, 2, 3, 3, 1, 2, 1, 1, 3, 2, 2, 3, 3, 2, 2, 1, 3, 2, 3, 2, 2, 1, 1, 1, 2, 3, 2, 1, 1, 3, 2, 2, 1, 2, 2, 1, 2, 2, 3, 2, 2, 2, 2, 2, 3, 2, 2, 3, 1, 1, 3, 3, 3, 2, 2, 3, 3, 2, 2, 3, 2, 2, 2, 2, 3, 1, 1, 3, 3, 2, 2, 2, 2, 2, 2, 1, 1, 2, 3, 2, 2, 3, 2, 3, 2, 2, 2, 2, 3, 3, 2, 2, 2, 1, 2, 1, 3, 2, 3, 3, 3, 2, 3, 1, 2, 3, 2, 2, 2, 1, 2, 2, 3, 2, 2, 3, 3, 2, 2, 3, 1, 3, 2, 2, 2, 2, 2, 2, 3, 2, 1, 2, 2, 2, 2, 1, 3, 3, 3, 3, 2, 2, 3, 3, 2, 2, 3, 3, 3, 2, 2, 1, 2, 2, 2, 2, 2, 2, 2, 3, 2, 2, 1, 2, 3, 3, 1, 3, 2, 1, 1, 2, 2, 3, 1, 2, 2, 3, 2, 2, 1, 3, 2, 2, 2, 2, 3, 3, 2, 2, 2, 2, 3, 3, 2, 1, 3, 2, 2, 1, 2, 2, 2, 3, 3, 3, 1, 2, 2, 2, 2, 1, 1, 3, 2, 3, 2, 1, 2, 2, 1, 2, 2, 3, 1, 3, 2, 2, 2, 2, 2, 2, 3, 2, 3, 2, 3, 2, 2, 1, 2, 2, 2, 2, 1, 2, 1, 2, 2, 2, 3, 2, 2, 2, 3, 2, 2, 2, 1, 2, 2, 2, 2, 3, 3, 2, 2, 1, 3, 2, 2, 1, 2, 2, 2, 2, 1, 2, 2, 2, 3, 2, 2, 2, 2, 2, 1, 2, 2, 2, 3, 2, 1, 2, 2, 2, 1, 2, 2, 2, 1, 1, 2, 2, 2, 2, 2, 2, 2, 3, 2, 2, 3, 3, 2, 2, 2, 2, 3, 2, 2, 2, 1, 2, 2, 2, 2, 3, 2, 3, 2, 1, 1, 2, 2, 2, 2, 3, 1, 1, 1, 3, 2, 2, 2, 3, 1, 1, 2, 2, 3, 2, 3, 2, 3, 2, 3, 2, 3, 3, 3, 2, 1, 3, 3, 2, 2, 2, 2, 1, 2, 3, 2, 2, 2, 2, 2, 2, 2, 3, 2, 3, 2, 2, 3, 2, 2, 3, 3, 3, 2, 2, 3, 3, 2, 2, 2, 2, 2, 2, 3, 2, 2, 2, 2, 2, 3, 2, 3, 2, 3, 1, 2, 3, 2, 3, 2, 3, 2, 1, 2, 1, 2, 1, 2, 3, 3, 1, 1, 2, 2, 2, 2, 2, 2, 3, 3, 2, 3, 3, 3, 1, 2, 2, 2, 2, 2, 2, 2, 1, 2, 2, 1, 2, 1, 2, 1, 2, 2, 2, 3, 2, 2, 2, 3, 2, 2, 1, 2, 2, 2, 1, 2, 1, 2, 2, 2, 3, 2, 2, 2, 2, 1, 2, 2, 2, 1, 2, 3, 3, 2]
02/21/2023 22:34:06:INFO: ---------Evaluated Metrics----------
02/21/2023 22:34:06:INFO: Accuracy: 0.7136.
02/21/2023 22:34:06:INFO: Macro Precision: 0.7298125603210348.
02/21/2023 22:34:06:INFO: Macro Recall: 0.6819897889144535.
02/21/2023 22:34:06:INFO: Macro F1 score: 0.6973277652773252.
02/21/2023 22:34:06:INFO: ---------confusion_matrix----------
02/21/2023 22:34:06:INFO: 
[[ 90  53  15]
 [ 21 243  26]
 [  6  58 113]]
02/21/2023 22:34:06:INFO: 模型效果验证详情: {'位置第一个显示标签': 585, '其他位置有情感标签': 0, '全句没有情感标签': 0}.
02/21/2023 22:34:06:INFO: ----------------------Evaluate finished.------------------------
02/21/2023 22:34:06:INFO: --------------Epoch. 5.---------------
02/21/2023 22:34:46:INFO: [Epoch. 5.]: 100%|| 352/352 [00:39<00:00,  8.84it/s, avg_loss=0.0577]
02/21/2023 22:34:46:INFO: Epoch 5, average loss: 0.05765830485986292
02/21/2023 22:34:46:INFO: --------------Evaluate on Epoch. 5.---------------
02/21/2023 22:34:46:INFO: tensor([28996, 28997, 28998], device='cuda:0')
02/21/2023 22:34:47:INFO: **********Results Comparison**********
02/21/2023 22:34:47:INFO: 真实标签: 
 [2, 1, 3, 1, 2, 1, 3, 2, 3, 1, 1, 3, 1, 1, 3, 1, 2, 1, 1, 2, 2, 3, 2, 1, 2, 2, 2, 2, 3, 1, 2, 2, 2, 2, 2, 2, 2, 1, 2, 1, 1, 2, 2, 2, 3, 2, 2, 3, 2, 2, 3, 3, 3, 3, 3, 2, 2, 1, 2, 3, 1, 2, 3, 1, 1, 3, 3, 1, 2, 3, 2, 2, 2, 1, 3, 2, 1, 1, 2, 1, 3, 1, 2, 1, 1, 2, 3, 3, 1, 2, 2, 2, 3, 2, 3, 2, 1, 2, 1, 1, 1, 2, 1, 2, 3, 1, 1, 2, 2, 3, 3, 2, 3, 2, 3, 2, 2, 2, 1, 2, 2, 3, 2, 2, 3, 2, 3, 3, 2, 1, 2, 3, 1, 1, 1, 2, 3, 3, 1, 2, 1, 1, 3, 2, 2, 3, 3, 2, 2, 2, 1, 2, 2, 1, 2, 1, 1, 1, 2, 3, 2, 1, 1, 3, 2, 2, 1, 2, 3, 1, 3, 2, 3, 2, 2, 2, 2, 3, 1, 2, 2, 3, 1, 2, 3, 3, 3, 3, 2, 3, 3, 2, 1, 3, 3, 1, 2, 2, 3, 1, 1, 3, 3, 2, 2, 3, 2, 1, 3, 1, 1, 3, 1, 2, 2, 3, 2, 3, 1, 1, 2, 2, 3, 3, 1, 2, 2, 1, 2, 1, 3, 2, 1, 3, 3, 2, 1, 1, 2, 3, 2, 2, 2, 2, 1, 3, 3, 2, 3, 3, 1, 2, 3, 2, 1, 3, 2, 2, 1, 2, 2, 1, 3, 2, 2, 2, 1, 2, 2, 2, 3, 2, 3, 3, 2, 2, 2, 3, 2, 2, 3, 3, 3, 1, 2, 1, 2, 3, 2, 2, 1, 2, 3, 3, 3, 2, 1, 2, 3, 3, 1, 3, 3, 1, 2, 2, 3, 3, 1, 2, 1, 3, 2, 2, 1, 3, 2, 1, 2, 2, 3, 2, 3, 2, 3, 2, 3, 3, 1, 1, 1, 2, 2, 1, 2, 1, 3, 3, 3, 3, 1, 2, 3, 2, 2, 2, 1, 3, 2, 3, 2, 1, 2, 2, 1, 2, 2, 3, 1, 3, 2, 2, 3, 1, 2, 2, 3, 2, 3, 2, 2, 2, 2, 1, 2, 1, 2, 1, 1, 2, 2, 1, 3, 3, 2, 2, 2, 2, 3, 3, 2, 2, 1, 2, 2, 2, 2, 2, 3, 3, 1, 1, 2, 2, 2, 3, 2, 1, 2, 2, 1, 2, 2, 3, 3, 2, 3, 2, 1, 3, 1, 2, 1, 1, 3, 2, 1, 2, 1, 2, 1, 2, 2, 2, 2, 2, 2, 3, 2, 3, 3, 2, 1, 2, 3, 2, 3, 3, 2, 2, 2, 2, 3, 1, 2, 3, 1, 2, 2, 2, 2, 3, 2, 3, 2, 1, 1, 2, 3, 1, 3, 2, 1, 2, 3, 2, 2, 2, 1, 3, 1, 1, 1, 2, 3, 1, 3, 1, 3, 3, 2, 2, 3, 1, 3, 2, 1, 3, 3, 2, 2, 3, 2, 2, 2, 2, 2, 1, 2, 2, 2, 2, 2, 2, 2, 3, 2, 2, 1, 2, 3, 3, 1, 3, 3, 3, 3, 2, 2, 2, 2, 1, 3, 2, 3, 2, 2, 2, 3, 2, 3, 3, 3, 2, 3, 1, 2, 3, 3, 1, 2, 3, 2, 1, 2, 1, 2, 1, 3, 3, 3, 1, 1, 2, 2, 2, 2, 2, 2, 2, 2, 1, 3, 2, 1, 1, 2, 2, 2, 2, 3, 1, 2, 1, 2, 2, 1, 3, 1, 2, 1, 2, 2, 1, 3, 2, 1, 2, 2, 2, 2, 1, 3, 1, 2, 1, 2, 1, 2, 2, 1, 3, 2, 2, 3, 2, 3, 1, 2, 2, 1, 1, 3, 2, 3]
02/21/2023 22:34:47:INFO: 预测标签: 
 [2, 1, 3, 2, 2, 1, 3, 3, 2, 1, 1, 3, 1, 1, 3, 1, 1, 1, 1, 2, 2, 3, 2, 2, 2, 2, 2, 1, 3, 1, 2, 1, 1, 3, 2, 2, 3, 1, 2, 1, 3, 2, 1, 2, 3, 2, 2, 3, 3, 2, 3, 3, 3, 2, 3, 3, 2, 1, 3, 3, 1, 2, 3, 1, 1, 3, 3, 2, 1, 3, 3, 1, 2, 1, 3, 3, 1, 3, 2, 3, 3, 1, 2, 1, 1, 1, 3, 3, 3, 2, 3, 2, 3, 2, 3, 2, 1, 2, 1, 1, 1, 2, 2, 3, 3, 1, 1, 3, 3, 3, 1, 2, 3, 2, 3, 2, 2, 2, 1, 2, 3, 2, 2, 1, 3, 2, 3, 3, 1, 1, 3, 3, 1, 1, 1, 2, 3, 3, 2, 2, 1, 1, 3, 3, 2, 3, 3, 3, 2, 1, 3, 2, 3, 3, 2, 1, 1, 1, 2, 3, 1, 1, 1, 3, 3, 2, 1, 2, 3, 1, 2, 2, 3, 2, 2, 2, 3, 2, 3, 2, 1, 3, 1, 1, 3, 3, 3, 3, 2, 3, 3, 2, 1, 3, 3, 2, 2, 2, 3, 1, 1, 3, 3, 3, 2, 3, 3, 2, 3, 1, 1, 3, 3, 2, 1, 3, 2, 3, 2, 2, 2, 2, 3, 3, 1, 2, 3, 1, 3, 1, 3, 2, 3, 3, 3, 2, 3, 1, 2, 3, 2, 2, 2, 1, 1, 2, 3, 1, 2, 3, 3, 2, 3, 3, 1, 3, 2, 2, 3, 2, 2, 2, 3, 2, 1, 2, 2, 2, 1, 1, 3, 3, 3, 3, 2, 2, 3, 3, 2, 1, 3, 3, 3, 1, 2, 1, 2, 3, 2, 2, 1, 2, 2, 3, 2, 2, 1, 3, 3, 3, 1, 3, 2, 1, 1, 1, 3, 3, 1, 2, 2, 3, 2, 2, 1, 3, 2, 2, 2, 3, 3, 3, 3, 2, 2, 3, 3, 3, 2, 1, 3, 2, 2, 1, 2, 2, 3, 3, 3, 3, 1, 2, 1, 2, 2, 1, 1, 3, 3, 3, 2, 1, 2, 2, 3, 2, 2, 3, 1, 3, 3, 2, 2, 1, 3, 2, 3, 2, 3, 1, 3, 2, 2, 1, 2, 3, 2, 2, 1, 1, 1, 1, 3, 2, 3, 3, 2, 2, 3, 3, 2, 2, 1, 1, 2, 2, 2, 3, 3, 3, 1, 1, 3, 2, 2, 1, 2, 2, 3, 2, 1, 2, 1, 1, 3, 2, 2, 2, 2, 3, 1, 2, 2, 3, 3, 2, 1, 2, 2, 2, 1, 2, 2, 2, 1, 1, 2, 2, 2, 3, 2, 2, 1, 3, 2, 2, 3, 3, 2, 2, 2, 2, 3, 1, 2, 2, 1, 2, 2, 1, 2, 3, 2, 3, 2, 1, 1, 2, 3, 2, 2, 3, 1, 1, 3, 3, 2, 1, 1, 3, 1, 1, 1, 3, 3, 1, 3, 1, 3, 3, 3, 2, 3, 3, 3, 2, 1, 3, 3, 2, 2, 2, 2, 1, 3, 3, 2, 2, 2, 2, 2, 1, 1, 3, 2, 3, 2, 2, 3, 3, 2, 3, 3, 3, 3, 3, 3, 3, 2, 3, 3, 1, 2, 2, 3, 2, 3, 2, 3, 2, 3, 3, 3, 2, 3, 1, 2, 3, 3, 3, 3, 3, 3, 1, 1, 1, 2, 1, 2, 3, 3, 1, 1, 2, 1, 3, 3, 2, 2, 3, 3, 2, 3, 3, 3, 1, 2, 2, 3, 3, 2, 1, 3, 1, 2, 2, 1, 2, 1, 3, 1, 2, 3, 2, 3, 1, 2, 2, 3, 2, 2, 1, 2, 2, 2, 1, 2, 1, 3, 2, 2, 3, 2, 2, 3, 3, 1, 1, 2, 2, 1, 2, 3, 3, 3]
02/21/2023 22:34:47:INFO: ---------Evaluated Metrics----------
02/21/2023 22:34:47:INFO: Accuracy: 0.6992.
02/21/2023 22:34:47:INFO: Macro Precision: 0.7000850814049516.
02/21/2023 22:34:47:INFO: Macro Recall: 0.7141061272267392.
02/21/2023 22:34:47:INFO: Macro F1 score: 0.699823673973698.
02/21/2023 22:34:47:INFO: ---------confusion_matrix----------
02/21/2023 22:34:47:INFO: 
[[109  28  21]
 [ 40 182  68]
 [  5  26 146]]
02/21/2023 22:34:47:INFO: 模型效果验证详情: {'位置第一个显示标签': 578, '其他位置有情感标签': 0, '全句没有情感标签': 0}.
02/21/2023 22:34:47:INFO: ----------------------Evaluate finished.------------------------
02/21/2023 22:34:47:INFO: --------------Epoch. 6.---------------
02/21/2023 22:35:27:INFO: [Epoch. 6.]: 100%|| 352/352 [00:39<00:00,  8.86it/s, avg_loss=0.0457]
02/21/2023 22:35:27:INFO: Epoch 6, average loss: 0.045656240939437834
02/21/2023 22:35:27:INFO: --------------Evaluate on Epoch. 6.---------------
02/21/2023 22:35:27:INFO: tensor([28996, 28997, 28998], device='cuda:0')
02/21/2023 22:35:28:INFO: **********Results Comparison**********
02/21/2023 22:35:28:INFO: 真实标签: 
 [2, 1, 3, 1, 2, 1, 3, 2, 3, 1, 1, 3, 1, 1, 3, 1, 2, 1, 1, 2, 2, 3, 2, 1, 2, 2, 2, 2, 3, 1, 2, 2, 2, 2, 2, 2, 2, 1, 2, 1, 1, 2, 2, 2, 3, 2, 2, 3, 2, 2, 3, 3, 3, 3, 3, 2, 2, 1, 2, 3, 1, 2, 3, 1, 1, 3, 3, 1, 2, 3, 2, 2, 2, 1, 3, 2, 1, 1, 2, 1, 3, 1, 2, 1, 1, 2, 3, 3, 1, 2, 2, 2, 3, 2, 3, 2, 1, 2, 1, 1, 1, 2, 1, 2, 3, 1, 1, 2, 2, 3, 3, 2, 3, 2, 3, 2, 2, 2, 1, 2, 2, 3, 2, 2, 3, 2, 3, 3, 2, 1, 2, 3, 1, 1, 1, 2, 3, 3, 1, 2, 1, 1, 3, 2, 2, 3, 3, 2, 2, 2, 1, 2, 2, 1, 2, 1, 1, 1, 2, 3, 2, 1, 1, 3, 2, 2, 1, 2, 3, 1, 3, 2, 3, 2, 2, 2, 2, 3, 1, 2, 2, 3, 1, 2, 3, 3, 3, 3, 2, 3, 3, 2, 1, 3, 3, 1, 2, 2, 3, 1, 1, 3, 3, 2, 2, 3, 2, 1, 3, 1, 1, 3, 1, 2, 2, 3, 2, 3, 1, 1, 2, 2, 3, 3, 1, 2, 2, 1, 2, 1, 3, 2, 1, 3, 3, 2, 1, 1, 2, 3, 2, 2, 2, 2, 1, 3, 3, 2, 3, 3, 1, 2, 3, 2, 1, 3, 2, 2, 1, 2, 2, 1, 3, 2, 2, 2, 1, 2, 2, 2, 3, 2, 3, 3, 2, 2, 2, 3, 2, 2, 3, 3, 3, 1, 2, 1, 2, 3, 2, 2, 1, 2, 3, 3, 3, 2, 1, 2, 3, 3, 1, 3, 3, 1, 2, 2, 3, 3, 1, 2, 1, 3, 2, 2, 1, 3, 2, 1, 2, 2, 3, 2, 3, 2, 3, 2, 3, 3, 1, 1, 1, 2, 2, 1, 2, 1, 3, 3, 3, 3, 1, 2, 3, 2, 2, 2, 1, 3, 2, 3, 2, 1, 2, 2, 1, 2, 2, 3, 1, 3, 2, 2, 3, 1, 2, 2, 3, 2, 3, 2, 2, 2, 2, 1, 2, 1, 2, 1, 1, 2, 2, 1, 3, 3, 2, 2, 2, 2, 3, 3, 2, 2, 1, 2, 2, 2, 2, 2, 3, 3, 1, 1, 2, 2, 2, 3, 2, 1, 2, 2, 1, 2, 2, 3, 3, 2, 3, 2, 1, 3, 1, 2, 1, 1, 3, 2, 1, 2, 1, 2, 1, 2, 2, 2, 2, 2, 2, 3, 2, 3, 3, 2, 1, 2, 3, 2, 3, 3, 2, 2, 2, 2, 3, 1, 2, 3, 1, 2, 2, 2, 2, 3, 2, 3, 2, 1, 1, 2, 3, 1, 3, 2, 1, 2, 3, 2, 2, 2, 1, 3, 1, 1, 1, 2, 3, 1, 3, 1, 3, 3, 2, 2, 3, 1, 3, 2, 1, 3, 3, 2, 2, 3, 2, 2, 2, 2, 2, 1, 2, 2, 2, 2, 2, 2, 2, 3, 2, 2, 1, 2, 3, 3, 1, 3, 3, 3, 3, 2, 2, 2, 2, 1, 3, 2, 3, 2, 2, 2, 3, 2, 3, 3, 3, 2, 3, 1, 2, 3, 3, 1, 2, 3, 2, 1, 2, 1, 2, 1, 3, 3, 3, 1, 1, 2, 2, 2, 2, 2, 2, 2, 2, 1, 3, 2, 1, 1, 2, 2, 2, 2, 3, 1, 2, 1, 2, 2, 1, 3, 1, 2, 1, 2, 2, 1, 3, 2, 1, 2, 2, 2, 2, 1, 3, 1, 2, 1, 2, 1, 2, 2, 1, 3, 2, 2, 3, 2, 3, 1, 2, 2, 1, 1, 3, 2, 3]
02/21/2023 22:35:28:INFO: 预测标签: 
 [2, 1, 3, 2, 2, 1, 3, 1, 1, 1, 1, 3, 1, 1, 3, 1, 1, 1, 1, 2, 2, 3, 2, 1, 2, 2, 2, 1, 3, 1, 2, 1, 1, 3, 2, 2, 3, 1, 2, 1, 3, 1, 1, 2, 3, 2, 2, 3, 3, 2, 3, 1, 3, 3, 3, 2, 2, 1, 3, 3, 1, 2, 3, 1, 1, 3, 3, 1, 1, 3, 3, 1, 2, 1, 3, 3, 1, 3, 2, 3, 3, 1, 2, 1, 1, 1, 3, 3, 3, 2, 2, 2, 3, 2, 3, 1, 1, 2, 1, 1, 1, 2, 2, 3, 3, 1, 1, 3, 3, 3, 1, 2, 3, 2, 3, 2, 2, 2, 1, 2, 3, 2, 2, 1, 1, 2, 3, 3, 1, 1, 3, 3, 1, 1, 1, 2, 3, 3, 1, 2, 1, 1, 3, 3, 2, 3, 3, 3, 2, 1, 3, 2, 3, 2, 2, 1, 1, 1, 2, 3, 1, 1, 1, 3, 2, 2, 1, 2, 3, 1, 2, 2, 3, 2, 2, 2, 2, 3, 3, 2, 1, 3, 1, 1, 3, 3, 3, 3, 2, 3, 3, 2, 1, 3, 3, 1, 2, 2, 3, 1, 1, 3, 3, 3, 2, 3, 3, 2, 3, 1, 1, 3, 3, 1, 1, 3, 2, 3, 2, 2, 2, 2, 3, 3, 1, 2, 2, 1, 3, 1, 3, 2, 3, 3, 3, 2, 3, 1, 2, 3, 2, 2, 2, 1, 1, 3, 3, 1, 3, 3, 3, 2, 3, 3, 1, 3, 2, 2, 3, 2, 1, 2, 3, 2, 1, 2, 2, 1, 1, 1, 3, 3, 3, 3, 2, 2, 3, 3, 1, 1, 3, 3, 3, 2, 2, 3, 2, 2, 2, 2, 1, 2, 2, 3, 3, 2, 1, 3, 3, 3, 1, 3, 2, 1, 1, 1, 3, 3, 1, 2, 1, 3, 2, 2, 1, 3, 2, 1, 2, 3, 3, 3, 3, 2, 3, 3, 3, 3, 2, 1, 3, 2, 2, 1, 2, 3, 3, 3, 3, 3, 1, 2, 3, 2, 2, 1, 1, 3, 3, 3, 2, 1, 2, 2, 3, 2, 2, 3, 1, 3, 2, 2, 2, 2, 2, 2, 3, 2, 3, 1, 3, 2, 2, 1, 2, 1, 2, 2, 1, 1, 1, 1, 3, 2, 3, 3, 2, 2, 3, 3, 2, 2, 1, 1, 2, 2, 2, 3, 3, 3, 1, 1, 3, 2, 1, 1, 2, 2, 3, 2, 1, 2, 1, 1, 3, 2, 2, 2, 2, 3, 1, 2, 2, 3, 3, 2, 1, 3, 2, 2, 1, 2, 2, 2, 1, 1, 2, 2, 2, 3, 2, 2, 1, 3, 2, 3, 3, 3, 2, 2, 2, 2, 3, 1, 2, 1, 1, 2, 2, 1, 2, 3, 2, 3, 2, 1, 1, 2, 3, 2, 2, 3, 1, 1, 1, 3, 2, 1, 1, 3, 1, 1, 1, 2, 3, 1, 3, 1, 3, 3, 3, 1, 3, 3, 3, 2, 1, 3, 3, 2, 2, 2, 2, 1, 3, 3, 2, 2, 2, 2, 2, 1, 1, 3, 2, 3, 2, 2, 3, 3, 3, 3, 3, 3, 3, 3, 3, 3, 2, 3, 3, 1, 2, 2, 3, 2, 3, 3, 3, 2, 3, 3, 3, 2, 3, 1, 2, 3, 3, 3, 3, 3, 3, 1, 1, 1, 2, 1, 3, 3, 3, 1, 1, 2, 1, 2, 3, 2, 2, 3, 3, 2, 3, 3, 3, 1, 2, 2, 3, 3, 2, 1, 2, 1, 2, 2, 1, 2, 1, 1, 1, 2, 2, 2, 3, 1, 2, 1, 3, 2, 2, 1, 2, 2, 2, 1, 2, 1, 3, 2, 1, 3, 2, 2, 3, 3, 1, 1, 2, 2, 1, 2, 3, 3, 2]
02/21/2023 22:35:28:INFO: ---------Evaluated Metrics----------
02/21/2023 22:35:28:INFO: Accuracy: 0.712.
02/21/2023 22:35:28:INFO: Macro Precision: 0.7085031877231848.
02/21/2023 22:35:28:INFO: Macro Recall: 0.731038181831633.
02/21/2023 22:35:28:INFO: Macro F1 score: 0.7108981647031475.
02/21/2023 22:35:28:INFO: ---------confusion_matrix----------
02/21/2023 22:35:28:INFO: 
[[114  23  21]
 [ 51 181  58]
 [  9  18 150]]
02/21/2023 22:35:28:INFO: 模型效果验证详情: {'位置第一个显示标签': 574, '其他位置有情感标签': 0, '全句没有情感标签': 0}.
02/21/2023 22:35:28:INFO: ----------------------Evaluate finished.------------------------
02/21/2023 22:35:28:INFO: --------------Epoch. 7.---------------
02/21/2023 22:36:08:INFO: [Epoch. 7.]: 100%|| 352/352 [00:39<00:00,  8.80it/s, avg_loss=0.0346]
02/21/2023 22:36:08:INFO: Epoch 7, average loss: 0.034565183172658595
02/21/2023 22:36:08:INFO: --------------Evaluate on Epoch. 7.---------------
02/21/2023 22:36:08:INFO: tensor([28996, 28997, 28998], device='cuda:0')
02/21/2023 22:36:09:INFO: **********Results Comparison**********
02/21/2023 22:36:09:INFO: 真实标签: 
 [2, 1, 3, 1, 2, 1, 3, 2, 3, 1, 1, 3, 1, 1, 3, 1, 2, 1, 1, 2, 2, 3, 2, 1, 2, 2, 2, 2, 3, 1, 2, 2, 2, 2, 2, 2, 2, 1, 2, 1, 1, 2, 2, 2, 3, 2, 2, 3, 2, 2, 3, 3, 3, 3, 3, 2, 2, 1, 2, 3, 1, 2, 3, 1, 1, 3, 3, 1, 2, 3, 2, 2, 2, 1, 3, 2, 1, 1, 2, 1, 3, 1, 2, 1, 1, 2, 3, 3, 1, 2, 2, 2, 3, 2, 3, 2, 1, 2, 1, 1, 1, 2, 1, 2, 3, 1, 1, 2, 2, 3, 3, 2, 3, 2, 3, 2, 2, 2, 1, 2, 2, 3, 2, 2, 3, 2, 3, 3, 2, 1, 2, 3, 1, 1, 1, 2, 3, 3, 1, 2, 1, 1, 3, 2, 2, 3, 3, 2, 2, 2, 1, 2, 2, 1, 2, 1, 1, 1, 2, 3, 2, 1, 1, 3, 2, 2, 1, 2, 3, 1, 3, 2, 3, 2, 2, 2, 2, 3, 1, 2, 2, 3, 1, 2, 3, 3, 3, 3, 2, 3, 3, 2, 1, 3, 3, 1, 2, 2, 3, 1, 1, 3, 3, 2, 2, 3, 2, 1, 3, 1, 1, 3, 1, 2, 2, 3, 2, 3, 1, 1, 2, 2, 3, 3, 1, 2, 2, 1, 2, 1, 3, 2, 1, 3, 3, 2, 1, 1, 2, 3, 2, 2, 2, 2, 1, 3, 3, 2, 3, 3, 1, 2, 3, 2, 1, 3, 2, 2, 1, 2, 2, 1, 3, 2, 2, 2, 1, 2, 2, 2, 3, 2, 3, 3, 2, 2, 2, 3, 2, 2, 3, 3, 3, 1, 2, 1, 2, 3, 2, 2, 1, 2, 3, 3, 3, 2, 1, 2, 3, 3, 1, 3, 3, 1, 2, 2, 3, 3, 1, 2, 1, 3, 2, 2, 1, 3, 2, 1, 2, 2, 3, 2, 3, 2, 3, 2, 3, 3, 1, 1, 1, 2, 2, 1, 2, 1, 3, 3, 3, 3, 1, 2, 3, 2, 2, 2, 1, 3, 2, 3, 2, 1, 2, 2, 1, 2, 2, 3, 1, 3, 2, 2, 3, 1, 2, 2, 3, 2, 3, 2, 2, 2, 2, 1, 2, 1, 2, 1, 1, 2, 2, 1, 3, 3, 2, 2, 2, 2, 3, 3, 2, 2, 1, 2, 2, 2, 2, 2, 3, 3, 1, 1, 2, 2, 2, 3, 2, 1, 2, 2, 1, 2, 2, 3, 3, 2, 3, 2, 1, 3, 1, 2, 1, 1, 3, 2, 1, 2, 1, 2, 1, 2, 2, 2, 2, 2, 2, 3, 2, 3, 3, 2, 1, 2, 3, 2, 3, 3, 2, 2, 2, 2, 3, 1, 2, 3, 1, 2, 2, 2, 2, 3, 2, 3, 2, 1, 1, 2, 3, 1, 3, 2, 1, 2, 3, 2, 2, 2, 1, 3, 1, 1, 1, 2, 3, 1, 3, 1, 3, 3, 2, 2, 3, 1, 3, 2, 1, 3, 3, 2, 2, 3, 2, 2, 2, 2, 2, 1, 2, 2, 2, 2, 2, 2, 2, 3, 2, 2, 1, 2, 3, 3, 1, 3, 3, 3, 3, 2, 2, 2, 2, 1, 3, 2, 3, 2, 2, 2, 3, 2, 3, 3, 3, 2, 3, 1, 2, 3, 3, 1, 2, 3, 2, 1, 2, 1, 2, 1, 3, 3, 3, 1, 1, 2, 2, 2, 2, 2, 2, 2, 2, 1, 3, 2, 1, 1, 2, 2, 2, 2, 3, 1, 2, 1, 2, 2, 1, 3, 1, 2, 1, 2, 2, 1, 3, 2, 1, 2, 2, 2, 2, 1, 3, 1, 2, 1, 2, 1, 2, 2, 1, 3, 2, 2, 3, 2, 3, 1, 2, 2, 1, 1, 3, 2, 3]
02/21/2023 22:36:09:INFO: 预测标签: 
 [2, 1, 3, 2, 2, 1, 2, 1, 2, 1, 1, 3, 1, 1, 3, 1, 1, 1, 1, 2, 2, 3, 2, 2, 2, 2, 2, 1, 3, 1, 2, 1, 1, 2, 2, 2, 3, 1, 2, 2, 2, 2, 1, 2, 3, 2, 2, 3, 3, 2, 3, 1, 2, 2, 3, 2, 2, 1, 3, 3, 1, 2, 3, 1, 2, 3, 3, 2, 1, 1, 3, 1, 2, 1, 3, 3, 1, 3, 2, 3, 3, 1, 2, 1, 1, 1, 3, 3, 3, 2, 2, 2, 2, 2, 3, 2, 1, 2, 1, 1, 1, 2, 2, 3, 3, 1, 2, 2, 3, 3, 1, 2, 3, 2, 3, 2, 2, 2, 1, 2, 3, 2, 2, 1, 1, 2, 3, 3, 2, 1, 3, 3, 2, 1, 1, 2, 3, 3, 1, 2, 1, 1, 2, 3, 2, 3, 3, 2, 2, 1, 3, 2, 3, 1, 2, 1, 1, 1, 2, 3, 2, 1, 1, 3, 2, 2, 1, 2, 3, 1, 2, 2, 3, 2, 2, 2, 2, 2, 3, 2, 2, 3, 1, 2, 3, 3, 3, 3, 2, 3, 3, 2, 1, 3, 3, 2, 2, 2, 3, 1, 1, 3, 3, 3, 2, 3, 2, 2, 2, 1, 1, 2, 3, 2, 2, 3, 2, 3, 2, 2, 2, 2, 3, 3, 1, 2, 2, 1, 3, 1, 3, 2, 1, 3, 3, 2, 2, 1, 2, 3, 2, 2, 2, 1, 1, 2, 3, 1, 2, 2, 3, 2, 2, 2, 1, 3, 2, 2, 2, 2, 2, 2, 3, 2, 1, 2, 2, 2, 2, 1, 3, 3, 3, 3, 2, 2, 3, 3, 2, 1, 3, 3, 3, 2, 2, 1, 2, 2, 2, 2, 2, 2, 2, 3, 2, 2, 1, 2, 3, 3, 1, 3, 2, 1, 1, 1, 3, 3, 1, 2, 2, 3, 2, 2, 1, 3, 2, 2, 2, 2, 3, 3, 3, 2, 2, 2, 3, 3, 2, 1, 3, 2, 2, 1, 2, 2, 3, 3, 3, 3, 1, 2, 2, 2, 2, 2, 1, 3, 3, 2, 2, 1, 2, 2, 1, 2, 2, 3, 1, 3, 2, 2, 2, 2, 2, 2, 3, 2, 3, 2, 3, 2, 2, 1, 2, 2, 2, 2, 1, 1, 1, 2, 2, 2, 3, 2, 2, 2, 3, 2, 2, 2, 1, 1, 2, 2, 2, 3, 3, 2, 1, 1, 3, 2, 2, 1, 2, 2, 2, 2, 1, 2, 1, 2, 3, 2, 2, 2, 2, 3, 1, 2, 2, 2, 3, 2, 2, 2, 2, 2, 1, 2, 2, 2, 1, 1, 2, 2, 2, 2, 2, 2, 1, 2, 2, 2, 3, 3, 2, 2, 2, 2, 3, 1, 2, 2, 1, 2, 2, 2, 2, 3, 2, 3, 2, 1, 1, 2, 2, 2, 2, 2, 1, 2, 1, 3, 2, 1, 2, 3, 1, 1, 1, 2, 3, 1, 3, 1, 3, 2, 2, 2, 3, 3, 3, 2, 1, 3, 3, 2, 2, 2, 2, 1, 2, 3, 2, 2, 2, 2, 2, 2, 1, 3, 2, 2, 2, 2, 1, 3, 2, 3, 3, 2, 2, 3, 3, 2, 2, 3, 2, 1, 2, 2, 3, 2, 2, 2, 3, 2, 3, 2, 3, 2, 3, 1, 2, 3, 2, 3, 2, 3, 2, 1, 2, 1, 2, 1, 2, 3, 3, 1, 1, 2, 2, 2, 2, 2, 2, 3, 3, 2, 3, 3, 1, 1, 2, 2, 3, 2, 2, 1, 2, 1, 2, 2, 1, 2, 1, 1, 1, 2, 2, 2, 3, 2, 2, 2, 3, 2, 2, 1, 2, 2, 2, 1, 2, 1, 2, 2, 2, 3, 2, 2, 3, 3, 1, 1, 2, 2, 1, 2, 3, 3, 2]
02/21/2023 22:36:09:INFO: ---------Evaluated Metrics----------
02/21/2023 22:36:09:INFO: Accuracy: 0.7264.
02/21/2023 22:36:09:INFO: Macro Precision: 0.7317009852341515.
02/21/2023 22:36:09:INFO: Macro Recall: 0.7107260787113416.
02/21/2023 22:36:09:INFO: Macro F1 score: 0.719367045996647.
02/21/2023 22:36:09:INFO: ---------confusion_matrix----------
02/21/2023 22:36:09:INFO: 
[[105  42  11]
 [ 28 229  33]
 [  7  50 120]]
02/21/2023 22:36:09:INFO: 模型效果验证详情: {'位置第一个显示标签': 583, '其他位置有情感标签': 0, '全句没有情感标签': 0}.
02/21/2023 22:36:09:INFO: ----------------------Evaluate finished.------------------------
02/21/2023 22:36:09:INFO: --------------Epoch. 8.---------------
02/21/2023 22:36:49:INFO: [Epoch. 8.]: 100%|| 352/352 [00:39<00:00,  8.93it/s, avg_loss=0.0251]
02/21/2023 22:36:49:INFO: Epoch 8, average loss: 0.025100572557262654
02/21/2023 22:36:49:INFO: --------------Evaluate on Epoch. 8.---------------
02/21/2023 22:36:49:INFO: tensor([28996, 28997, 28998], device='cuda:0')
02/21/2023 22:36:50:INFO: **********Results Comparison**********
02/21/2023 22:36:50:INFO: 真实标签: 
 [2, 1, 3, 1, 2, 1, 3, 2, 3, 1, 1, 3, 1, 1, 3, 1, 2, 1, 1, 2, 2, 3, 2, 1, 2, 2, 2, 2, 3, 1, 2, 2, 2, 2, 2, 2, 2, 1, 2, 1, 1, 2, 2, 2, 3, 2, 2, 3, 2, 2, 3, 3, 3, 3, 3, 2, 2, 1, 2, 3, 1, 2, 3, 1, 1, 3, 3, 1, 2, 3, 2, 2, 2, 1, 3, 2, 1, 1, 2, 1, 3, 1, 2, 1, 1, 2, 3, 3, 1, 2, 2, 2, 3, 2, 3, 2, 1, 2, 1, 1, 1, 2, 1, 2, 3, 1, 1, 2, 2, 3, 3, 2, 3, 2, 3, 2, 2, 2, 1, 2, 2, 3, 2, 2, 3, 2, 3, 3, 2, 1, 2, 3, 1, 1, 1, 2, 3, 3, 1, 2, 1, 1, 3, 2, 2, 3, 3, 2, 2, 2, 1, 2, 2, 1, 2, 1, 1, 1, 2, 3, 2, 1, 1, 3, 2, 2, 1, 2, 3, 1, 3, 2, 3, 2, 2, 2, 2, 3, 1, 2, 2, 3, 1, 2, 3, 3, 3, 3, 2, 3, 3, 2, 1, 3, 3, 1, 2, 2, 3, 1, 1, 3, 3, 2, 2, 3, 2, 1, 3, 1, 1, 3, 1, 2, 2, 3, 2, 3, 1, 1, 2, 2, 3, 3, 1, 2, 2, 1, 2, 1, 3, 2, 1, 3, 3, 2, 1, 1, 2, 3, 2, 2, 2, 2, 1, 3, 3, 2, 3, 3, 1, 2, 3, 2, 1, 3, 2, 2, 1, 2, 2, 1, 3, 2, 2, 2, 1, 2, 2, 2, 3, 2, 3, 3, 2, 2, 2, 3, 2, 2, 3, 3, 3, 1, 2, 1, 2, 3, 2, 2, 1, 2, 3, 3, 3, 2, 1, 2, 3, 3, 1, 3, 3, 1, 2, 2, 3, 3, 1, 2, 1, 3, 2, 2, 1, 3, 2, 1, 2, 2, 3, 2, 3, 2, 3, 2, 3, 3, 1, 1, 1, 2, 2, 1, 2, 1, 3, 3, 3, 3, 1, 2, 3, 2, 2, 2, 1, 3, 2, 3, 2, 1, 2, 2, 1, 2, 2, 3, 1, 3, 2, 2, 3, 1, 2, 2, 3, 2, 3, 2, 2, 2, 2, 1, 2, 1, 2, 1, 1, 2, 2, 1, 3, 3, 2, 2, 2, 2, 3, 3, 2, 2, 1, 2, 2, 2, 2, 2, 3, 3, 1, 1, 2, 2, 2, 3, 2, 1, 2, 2, 1, 2, 2, 3, 3, 2, 3, 2, 1, 3, 1, 2, 1, 1, 3, 2, 1, 2, 1, 2, 1, 2, 2, 2, 2, 2, 2, 3, 2, 3, 3, 2, 1, 2, 3, 2, 3, 3, 2, 2, 2, 2, 3, 1, 2, 3, 1, 2, 2, 2, 2, 3, 2, 3, 2, 1, 1, 2, 3, 1, 3, 2, 1, 2, 3, 2, 2, 2, 1, 3, 1, 1, 1, 2, 3, 1, 3, 1, 3, 3, 2, 2, 3, 1, 3, 2, 1, 3, 3, 2, 2, 3, 2, 2, 2, 2, 2, 1, 2, 2, 2, 2, 2, 2, 2, 3, 2, 2, 1, 2, 3, 3, 1, 3, 3, 3, 3, 2, 2, 2, 2, 1, 3, 2, 3, 2, 2, 2, 3, 2, 3, 3, 3, 2, 3, 1, 2, 3, 3, 1, 2, 3, 2, 1, 2, 1, 2, 1, 3, 3, 3, 1, 1, 2, 2, 2, 2, 2, 2, 2, 2, 1, 3, 2, 1, 1, 2, 2, 2, 2, 3, 1, 2, 1, 2, 2, 1, 3, 1, 2, 1, 2, 2, 1, 3, 2, 1, 2, 2, 2, 2, 1, 3, 1, 2, 1, 2, 1, 2, 2, 1, 3, 2, 2, 3, 2, 3, 1, 2, 2, 1, 1, 3, 2, 3]
02/21/2023 22:36:50:INFO: 预测标签: 
 [2, 1, 3, 1, 2, 1, 2, 1, 2, 1, 1, 3, 1, 1, 3, 1, 1, 1, 1, 2, 2, 3, 2, 2, 2, 2, 2, 1, 3, 1, 2, 1, 1, 2, 2, 2, 3, 1, 2, 2, 3, 2, 1, 2, 3, 2, 2, 3, 3, 2, 3, 1, 3, 2, 3, 2, 2, 1, 3, 3, 1, 2, 3, 1, 2, 3, 3, 2, 1, 3, 3, 1, 2, 1, 3, 3, 3, 3, 2, 3, 3, 1, 2, 1, 1, 1, 3, 3, 3, 2, 2, 2, 2, 2, 3, 2, 1, 2, 1, 1, 1, 2, 2, 3, 3, 1, 2, 3, 3, 3, 1, 2, 3, 2, 3, 2, 2, 2, 1, 2, 3, 2, 2, 1, 1, 2, 3, 3, 2, 1, 3, 3, 2, 1, 1, 2, 3, 3, 2, 2, 1, 1, 3, 3, 2, 3, 3, 3, 2, 1, 3, 2, 3, 2, 2, 1, 1, 1, 2, 3, 2, 1, 1, 3, 2, 2, 1, 2, 3, 1, 2, 2, 3, 2, 2, 2, 2, 2, 3, 2, 1, 3, 1, 1, 3, 3, 3, 3, 2, 3, 3, 2, 1, 3, 3, 2, 2, 2, 3, 1, 1, 3, 3, 3, 2, 3, 2, 2, 2, 1, 1, 3, 3, 2, 1, 3, 2, 3, 2, 2, 2, 2, 3, 3, 1, 2, 2, 1, 3, 1, 3, 2, 3, 3, 3, 2, 3, 1, 2, 3, 2, 2, 2, 1, 1, 2, 3, 1, 2, 3, 3, 2, 2, 3, 1, 3, 2, 2, 2, 2, 2, 1, 3, 2, 1, 2, 2, 2, 2, 1, 3, 3, 3, 3, 2, 2, 3, 3, 2, 1, 3, 3, 3, 2, 2, 3, 2, 3, 2, 2, 1, 2, 2, 3, 2, 2, 1, 2, 3, 3, 1, 3, 2, 1, 2, 2, 2, 3, 1, 2, 2, 3, 2, 2, 1, 3, 2, 1, 2, 2, 3, 3, 3, 2, 2, 2, 3, 3, 2, 2, 3, 2, 2, 1, 2, 3, 3, 3, 3, 3, 1, 2, 2, 2, 2, 2, 1, 3, 3, 2, 2, 1, 2, 2, 3, 2, 2, 3, 1, 3, 2, 2, 2, 2, 3, 2, 3, 2, 3, 2, 3, 2, 2, 1, 2, 2, 2, 2, 1, 2, 1, 2, 3, 2, 3, 3, 2, 2, 3, 3, 2, 2, 1, 1, 2, 2, 2, 3, 3, 3, 1, 1, 3, 2, 1, 1, 2, 2, 2, 2, 1, 2, 1, 1, 3, 2, 2, 2, 2, 3, 1, 2, 2, 3, 3, 2, 2, 2, 2, 2, 1, 2, 2, 2, 1, 1, 2, 2, 2, 3, 2, 2, 2, 3, 2, 2, 3, 3, 2, 2, 2, 2, 3, 1, 2, 2, 1, 2, 2, 2, 2, 3, 2, 3, 2, 2, 1, 2, 3, 2, 2, 2, 1, 2, 3, 3, 2, 1, 1, 3, 1, 1, 1, 2, 3, 2, 3, 2, 3, 2, 3, 1, 3, 3, 3, 2, 1, 3, 3, 2, 3, 2, 2, 1, 3, 2, 2, 2, 2, 2, 2, 2, 1, 3, 2, 3, 3, 2, 1, 3, 2, 3, 3, 3, 2, 3, 3, 2, 2, 3, 3, 1, 2, 2, 3, 2, 2, 2, 3, 2, 3, 3, 3, 2, 3, 1, 2, 3, 2, 3, 2, 3, 3, 1, 2, 1, 2, 1, 2, 3, 3, 1, 1, 2, 2, 3, 2, 2, 2, 3, 3, 2, 3, 3, 1, 1, 2, 2, 3, 3, 2, 1, 3, 1, 2, 2, 1, 2, 1, 2, 1, 2, 3, 2, 3, 2, 2, 2, 3, 2, 2, 1, 2, 2, 2, 1, 2, 1, 3, 2, 2, 3, 2, 2, 3, 3, 1, 1, 2, 2, 1, 2, 3, 3, 2]
02/21/2023 22:36:50:INFO: ---------Evaluated Metrics----------
02/21/2023 22:36:50:INFO: Accuracy: 0.712.
02/21/2023 22:36:50:INFO: Macro Precision: 0.7119121068745825.
02/21/2023 22:36:50:INFO: Macro Recall: 0.7048929693774295.
02/21/2023 22:36:50:INFO: Macro F1 score: 0.7058344220793978.
02/21/2023 22:36:50:INFO: ---------confusion_matrix----------
02/21/2023 22:36:50:INFO: 
[[ 99  40  19]
 [ 29 212  49]
 [  6  37 134]]
02/21/2023 22:36:50:INFO: 模型效果验证详情: {'位置第一个显示标签': 585, '其他位置有情感标签': 0, '全句没有情感标签': 0}.
02/21/2023 22:36:50:INFO: ----------------------Evaluate finished.------------------------
02/21/2023 22:36:50:INFO: --------------Epoch. 9.---------------
02/21/2023 22:37:30:INFO: [Epoch. 9.]: 100%|| 352/352 [00:39<00:00,  8.86it/s, avg_loss=0.019]
02/21/2023 22:37:30:INFO: Epoch 9, average loss: 0.018983353521352084
02/21/2023 22:37:30:INFO: --------------Evaluate on Epoch. 9.---------------
02/21/2023 22:37:30:INFO: tensor([28996, 28997, 28998], device='cuda:0')
02/21/2023 22:37:31:INFO: **********Results Comparison**********
02/21/2023 22:37:31:INFO: 真实标签: 
 [2, 1, 3, 1, 2, 1, 3, 2, 3, 1, 1, 3, 1, 1, 3, 1, 2, 1, 1, 2, 2, 3, 2, 1, 2, 2, 2, 2, 3, 1, 2, 2, 2, 2, 2, 2, 2, 1, 2, 1, 1, 2, 2, 2, 3, 2, 2, 3, 2, 2, 3, 3, 3, 3, 3, 2, 2, 1, 2, 3, 1, 2, 3, 1, 1, 3, 3, 1, 2, 3, 2, 2, 2, 1, 3, 2, 1, 1, 2, 1, 3, 1, 2, 1, 1, 2, 3, 3, 1, 2, 2, 2, 3, 2, 3, 2, 1, 2, 1, 1, 1, 2, 1, 2, 3, 1, 1, 2, 2, 3, 3, 2, 3, 2, 3, 2, 2, 2, 1, 2, 2, 3, 2, 2, 3, 2, 3, 3, 2, 1, 2, 3, 1, 1, 1, 2, 3, 3, 1, 2, 1, 1, 3, 2, 2, 3, 3, 2, 2, 2, 1, 2, 2, 1, 2, 1, 1, 1, 2, 3, 2, 1, 1, 3, 2, 2, 1, 2, 3, 1, 3, 2, 3, 2, 2, 2, 2, 3, 1, 2, 2, 3, 1, 2, 3, 3, 3, 3, 2, 3, 3, 2, 1, 3, 3, 1, 2, 2, 3, 1, 1, 3, 3, 2, 2, 3, 2, 1, 3, 1, 1, 3, 1, 2, 2, 3, 2, 3, 1, 1, 2, 2, 3, 3, 1, 2, 2, 1, 2, 1, 3, 2, 1, 3, 3, 2, 1, 1, 2, 3, 2, 2, 2, 2, 1, 3, 3, 2, 3, 3, 1, 2, 3, 2, 1, 3, 2, 2, 1, 2, 2, 1, 3, 2, 2, 2, 1, 2, 2, 2, 3, 2, 3, 3, 2, 2, 2, 3, 2, 2, 3, 3, 3, 1, 2, 1, 2, 3, 2, 2, 1, 2, 3, 3, 3, 2, 1, 2, 3, 3, 1, 3, 3, 1, 2, 2, 3, 3, 1, 2, 1, 3, 2, 2, 1, 3, 2, 1, 2, 2, 3, 2, 3, 2, 3, 2, 3, 3, 1, 1, 1, 2, 2, 1, 2, 1, 3, 3, 3, 3, 1, 2, 3, 2, 2, 2, 1, 3, 2, 3, 2, 1, 2, 2, 1, 2, 2, 3, 1, 3, 2, 2, 3, 1, 2, 2, 3, 2, 3, 2, 2, 2, 2, 1, 2, 1, 2, 1, 1, 2, 2, 1, 3, 3, 2, 2, 2, 2, 3, 3, 2, 2, 1, 2, 2, 2, 2, 2, 3, 3, 1, 1, 2, 2, 2, 3, 2, 1, 2, 2, 1, 2, 2, 3, 3, 2, 3, 2, 1, 3, 1, 2, 1, 1, 3, 2, 1, 2, 1, 2, 1, 2, 2, 2, 2, 2, 2, 3, 2, 3, 3, 2, 1, 2, 3, 2, 3, 3, 2, 2, 2, 2, 3, 1, 2, 3, 1, 2, 2, 2, 2, 3, 2, 3, 2, 1, 1, 2, 3, 1, 3, 2, 1, 2, 3, 2, 2, 2, 1, 3, 1, 1, 1, 2, 3, 1, 3, 1, 3, 3, 2, 2, 3, 1, 3, 2, 1, 3, 3, 2, 2, 3, 2, 2, 2, 2, 2, 1, 2, 2, 2, 2, 2, 2, 2, 3, 2, 2, 1, 2, 3, 3, 1, 3, 3, 3, 3, 2, 2, 2, 2, 1, 3, 2, 3, 2, 2, 2, 3, 2, 3, 3, 3, 2, 3, 1, 2, 3, 3, 1, 2, 3, 2, 1, 2, 1, 2, 1, 3, 3, 3, 1, 1, 2, 2, 2, 2, 2, 2, 2, 2, 1, 3, 2, 1, 1, 2, 2, 2, 2, 3, 1, 2, 1, 2, 2, 1, 3, 1, 2, 1, 2, 2, 1, 3, 2, 1, 2, 2, 2, 2, 1, 3, 1, 2, 1, 2, 1, 2, 2, 1, 3, 2, 2, 3, 2, 3, 1, 2, 2, 1, 1, 3, 2, 3]
02/21/2023 22:37:31:INFO: 预测标签: 
 [2, 1, 3, 1, 2, 1, 2, 1, 2, 1, 1, 3, 1, 1, 3, 1, 1, 1, 1, 2, 2, 3, 2, 1, 2, 2, 2, 1, 3, 1, 2, 1, 1, 2, 2, 2, 3, 1, 2, 2, 2, 2, 1, 2, 3, 2, 2, 3, 3, 2, 3, 1, 3, 2, 3, 2, 2, 1, 3, 3, 1, 2, 3, 1, 2, 3, 3, 2, 1, 1, 3, 1, 2, 1, 3, 3, 1, 3, 2, 3, 3, 1, 2, 2, 1, 1, 3, 3, 3, 2, 2, 2, 2, 2, 3, 2, 1, 2, 1, 1, 1, 2, 2, 3, 3, 1, 2, 3, 3, 3, 1, 2, 3, 2, 3, 2, 2, 2, 1, 2, 3, 2, 2, 1, 1, 2, 3, 3, 2, 1, 3, 3, 2, 1, 1, 2, 3, 3, 1, 2, 1, 1, 3, 3, 2, 3, 3, 2, 2, 1, 3, 2, 3, 1, 2, 1, 1, 1, 2, 3, 2, 1, 1, 3, 2, 2, 1, 1, 3, 1, 2, 2, 3, 2, 2, 2, 2, 2, 3, 2, 1, 3, 1, 1, 3, 3, 3, 3, 2, 3, 3, 2, 1, 3, 3, 2, 2, 2, 3, 1, 1, 3, 3, 3, 2, 3, 3, 2, 2, 1, 1, 3, 3, 2, 2, 3, 2, 3, 2, 2, 2, 2, 3, 3, 2, 2, 2, 1, 3, 1, 3, 2, 1, 3, 3, 2, 3, 1, 2, 3, 2, 2, 1, 1, 1, 2, 3, 1, 2, 3, 3, 2, 2, 2, 1, 3, 2, 2, 2, 2, 1, 2, 3, 2, 1, 2, 2, 1, 1, 1, 3, 2, 3, 3, 2, 2, 3, 3, 2, 1, 3, 3, 3, 2, 2, 3, 2, 3, 2, 2, 2, 2, 2, 3, 2, 2, 1, 2, 3, 3, 1, 3, 2, 1, 1, 2, 3, 3, 1, 2, 2, 3, 2, 2, 1, 3, 2, 1, 2, 2, 3, 3, 3, 2, 2, 2, 3, 3, 2, 1, 3, 2, 2, 1, 2, 3, 3, 3, 3, 3, 1, 2, 2, 2, 2, 1, 1, 3, 3, 2, 2, 1, 2, 2, 1, 2, 2, 3, 1, 3, 2, 2, 2, 2, 3, 2, 3, 2, 3, 2, 3, 2, 2, 1, 2, 2, 2, 2, 1, 1, 1, 2, 2, 2, 3, 2, 2, 2, 3, 3, 2, 2, 1, 1, 2, 2, 2, 3, 3, 3, 1, 1, 3, 2, 1, 1, 2, 2, 3, 2, 1, 2, 1, 1, 3, 2, 2, 2, 2, 3, 1, 2, 2, 3, 3, 2, 2, 2, 2, 2, 1, 2, 2, 2, 1, 1, 2, 2, 2, 3, 2, 2, 2, 2, 2, 2, 3, 3, 2, 2, 2, 2, 3, 1, 2, 2, 1, 2, 2, 2, 2, 3, 2, 3, 2, 2, 1, 2, 3, 2, 2, 2, 1, 1, 1, 3, 2, 1, 1, 3, 1, 1, 1, 2, 3, 1, 3, 1, 3, 2, 3, 2, 3, 3, 3, 2, 1, 3, 3, 2, 2, 2, 2, 1, 2, 3, 2, 2, 2, 2, 2, 1, 2, 3, 2, 3, 2, 2, 1, 3, 2, 3, 3, 3, 2, 3, 3, 2, 2, 3, 3, 1, 2, 2, 3, 2, 2, 2, 3, 2, 3, 2, 3, 2, 3, 1, 2, 3, 2, 3, 2, 3, 2, 1, 2, 1, 2, 1, 2, 3, 2, 1, 1, 2, 2, 2, 2, 2, 2, 3, 3, 2, 3, 3, 1, 1, 2, 2, 3, 2, 2, 1, 1, 1, 2, 2, 1, 2, 1, 1, 1, 2, 2, 2, 3, 2, 2, 2, 3, 2, 2, 1, 2, 2, 2, 1, 2, 1, 2, 2, 1, 3, 2, 2, 3, 3, 1, 1, 2, 2, 1, 2, 3, 3, 2]
02/21/2023 22:37:31:INFO: ---------Evaluated Metrics----------
02/21/2023 22:37:31:INFO: Accuracy: 0.7184.
02/21/2023 22:37:31:INFO: Macro Precision: 0.7137139803584116.
02/21/2023 22:37:31:INFO: Macro Recall: 0.7123170911147444.
02/21/2023 22:37:31:INFO: Macro F1 score: 0.7128316007132244.
02/21/2023 22:37:31:INFO: ---------confusion_matrix----------
02/21/2023 22:37:31:INFO: 
[[105  38  15]
 [ 38 214  38]
 [  8  39 130]]
02/21/2023 22:37:31:INFO: 模型效果验证详情: {'位置第一个显示标签': 583, '其他位置有情感标签': 0, '全句没有情感标签': 0}.
02/21/2023 22:37:31:INFO: ----------------------Evaluate finished.------------------------
02/21/2023 22:37:31:INFO: --------------Epoch. 10.---------------
02/21/2023 22:38:11:INFO: [Epoch. 10.]: 100%|| 352/352 [00:39<00:00,  8.89it/s, avg_loss=0.0139]
02/21/2023 22:38:11:INFO: Epoch 10, average loss: 0.013852047725363676
02/21/2023 22:38:11:INFO: --------------Evaluate on Epoch. 10.---------------
02/21/2023 22:38:11:INFO: tensor([28996, 28997, 28998], device='cuda:0')
02/21/2023 22:38:12:INFO: **********Results Comparison**********
02/21/2023 22:38:12:INFO: 真实标签: 
 [2, 1, 3, 1, 2, 1, 3, 2, 3, 1, 1, 3, 1, 1, 3, 1, 2, 1, 1, 2, 2, 3, 2, 1, 2, 2, 2, 2, 3, 1, 2, 2, 2, 2, 2, 2, 2, 1, 2, 1, 1, 2, 2, 2, 3, 2, 2, 3, 2, 2, 3, 3, 3, 3, 3, 2, 2, 1, 2, 3, 1, 2, 3, 1, 1, 3, 3, 1, 2, 3, 2, 2, 2, 1, 3, 2, 1, 1, 2, 1, 3, 1, 2, 1, 1, 2, 3, 3, 1, 2, 2, 2, 3, 2, 3, 2, 1, 2, 1, 1, 1, 2, 1, 2, 3, 1, 1, 2, 2, 3, 3, 2, 3, 2, 3, 2, 2, 2, 1, 2, 2, 3, 2, 2, 3, 2, 3, 3, 2, 1, 2, 3, 1, 1, 1, 2, 3, 3, 1, 2, 1, 1, 3, 2, 2, 3, 3, 2, 2, 2, 1, 2, 2, 1, 2, 1, 1, 1, 2, 3, 2, 1, 1, 3, 2, 2, 1, 2, 3, 1, 3, 2, 3, 2, 2, 2, 2, 3, 1, 2, 2, 3, 1, 2, 3, 3, 3, 3, 2, 3, 3, 2, 1, 3, 3, 1, 2, 2, 3, 1, 1, 3, 3, 2, 2, 3, 2, 1, 3, 1, 1, 3, 1, 2, 2, 3, 2, 3, 1, 1, 2, 2, 3, 3, 1, 2, 2, 1, 2, 1, 3, 2, 1, 3, 3, 2, 1, 1, 2, 3, 2, 2, 2, 2, 1, 3, 3, 2, 3, 3, 1, 2, 3, 2, 1, 3, 2, 2, 1, 2, 2, 1, 3, 2, 2, 2, 1, 2, 2, 2, 3, 2, 3, 3, 2, 2, 2, 3, 2, 2, 3, 3, 3, 1, 2, 1, 2, 3, 2, 2, 1, 2, 3, 3, 3, 2, 1, 2, 3, 3, 1, 3, 3, 1, 2, 2, 3, 3, 1, 2, 1, 3, 2, 2, 1, 3, 2, 1, 2, 2, 3, 2, 3, 2, 3, 2, 3, 3, 1, 1, 1, 2, 2, 1, 2, 1, 3, 3, 3, 3, 1, 2, 3, 2, 2, 2, 1, 3, 2, 3, 2, 1, 2, 2, 1, 2, 2, 3, 1, 3, 2, 2, 3, 1, 2, 2, 3, 2, 3, 2, 2, 2, 2, 1, 2, 1, 2, 1, 1, 2, 2, 1, 3, 3, 2, 2, 2, 2, 3, 3, 2, 2, 1, 2, 2, 2, 2, 2, 3, 3, 1, 1, 2, 2, 2, 3, 2, 1, 2, 2, 1, 2, 2, 3, 3, 2, 3, 2, 1, 3, 1, 2, 1, 1, 3, 2, 1, 2, 1, 2, 1, 2, 2, 2, 2, 2, 2, 3, 2, 3, 3, 2, 1, 2, 3, 2, 3, 3, 2, 2, 2, 2, 3, 1, 2, 3, 1, 2, 2, 2, 2, 3, 2, 3, 2, 1, 1, 2, 3, 1, 3, 2, 1, 2, 3, 2, 2, 2, 1, 3, 1, 1, 1, 2, 3, 1, 3, 1, 3, 3, 2, 2, 3, 1, 3, 2, 1, 3, 3, 2, 2, 3, 2, 2, 2, 2, 2, 1, 2, 2, 2, 2, 2, 2, 2, 3, 2, 2, 1, 2, 3, 3, 1, 3, 3, 3, 3, 2, 2, 2, 2, 1, 3, 2, 3, 2, 2, 2, 3, 2, 3, 3, 3, 2, 3, 1, 2, 3, 3, 1, 2, 3, 2, 1, 2, 1, 2, 1, 3, 3, 3, 1, 1, 2, 2, 2, 2, 2, 2, 2, 2, 1, 3, 2, 1, 1, 2, 2, 2, 2, 3, 1, 2, 1, 2, 2, 1, 3, 1, 2, 1, 2, 2, 1, 3, 2, 1, 2, 2, 2, 2, 1, 3, 1, 2, 1, 2, 1, 2, 2, 1, 3, 2, 2, 3, 2, 3, 1, 2, 2, 1, 1, 3, 2, 3]
02/21/2023 22:38:12:INFO: 预测标签: 
 [2, 1, 3, 1, 2, 1, 2, 1, 2, 1, 1, 3, 1, 1, 2, 1, 1, 1, 1, 2, 2, 3, 2, 1, 2, 2, 2, 1, 3, 1, 2, 1, 1, 2, 2, 2, 3, 1, 2, 2, 2, 2, 1, 2, 3, 2, 2, 3, 3, 2, 3, 1, 2, 2, 3, 2, 2, 2, 3, 3, 1, 2, 3, 1, 2, 3, 3, 2, 1, 1, 3, 1, 2, 1, 3, 3, 1, 3, 2, 3, 3, 1, 2, 1, 1, 1, 3, 3, 3, 2, 2, 2, 2, 2, 3, 2, 1, 2, 1, 1, 1, 2, 2, 3, 3, 1, 2, 2, 3, 3, 1, 2, 3, 2, 3, 2, 2, 2, 1, 2, 3, 2, 2, 1, 1, 2, 3, 3, 2, 1, 3, 3, 2, 1, 1, 2, 3, 3, 1, 2, 1, 1, 3, 2, 2, 3, 3, 2, 2, 1, 3, 2, 3, 2, 2, 1, 1, 1, 2, 3, 2, 1, 1, 2, 2, 2, 1, 2, 2, 1, 2, 2, 3, 2, 2, 2, 2, 2, 3, 2, 2, 3, 1, 1, 3, 3, 3, 3, 2, 3, 3, 2, 1, 3, 3, 2, 2, 2, 3, 1, 1, 3, 3, 3, 2, 3, 2, 2, 2, 1, 1, 2, 3, 2, 2, 2, 2, 3, 2, 2, 2, 2, 3, 3, 1, 2, 2, 1, 3, 1, 3, 2, 1, 3, 3, 2, 2, 2, 2, 3, 2, 2, 2, 1, 1, 2, 3, 1, 2, 2, 3, 2, 2, 2, 1, 3, 2, 2, 2, 2, 2, 2, 3, 2, 1, 2, 2, 2, 2, 1, 3, 2, 3, 2, 2, 2, 3, 3, 2, 1, 3, 3, 3, 2, 2, 3, 2, 2, 2, 2, 2, 2, 2, 3, 2, 2, 1, 2, 3, 1, 1, 2, 2, 1, 1, 2, 3, 3, 1, 2, 2, 3, 2, 2, 1, 3, 2, 1, 2, 2, 3, 3, 2, 2, 2, 2, 3, 3, 2, 2, 3, 2, 2, 1, 2, 2, 3, 3, 3, 3, 1, 2, 2, 2, 2, 2, 1, 3, 3, 2, 2, 1, 2, 2, 2, 2, 2, 2, 1, 3, 2, 2, 2, 2, 2, 2, 3, 2, 3, 2, 3, 2, 2, 1, 2, 2, 2, 2, 1, 1, 1, 2, 2, 2, 3, 2, 2, 2, 3, 2, 2, 2, 1, 1, 2, 2, 2, 3, 3, 2, 1, 1, 3, 2, 1, 1, 2, 2, 2, 2, 1, 2, 1, 2, 3, 2, 2, 2, 2, 2, 1, 2, 2, 2, 3, 2, 2, 2, 2, 2, 1, 2, 2, 2, 1, 1, 2, 2, 2, 3, 2, 2, 1, 2, 2, 2, 3, 2, 2, 2, 2, 2, 3, 1, 2, 2, 1, 2, 2, 2, 2, 3, 2, 3, 2, 2, 1, 2, 3, 2, 2, 2, 1, 2, 1, 3, 2, 1, 1, 3, 1, 1, 1, 2, 3, 2, 2, 2, 3, 2, 3, 2, 3, 3, 3, 2, 1, 3, 3, 2, 2, 2, 2, 1, 2, 2, 2, 2, 2, 2, 2, 2, 2, 3, 2, 2, 2, 2, 2, 2, 2, 3, 3, 3, 2, 3, 3, 2, 2, 2, 2, 1, 2, 2, 3, 2, 2, 2, 3, 2, 3, 2, 3, 2, 3, 1, 2, 3, 2, 3, 2, 3, 2, 1, 2, 1, 2, 1, 2, 3, 2, 1, 1, 2, 2, 2, 2, 2, 2, 3, 3, 2, 3, 3, 1, 1, 2, 2, 3, 2, 2, 1, 2, 1, 2, 2, 1, 2, 1, 1, 1, 2, 2, 2, 3, 2, 2, 2, 3, 2, 2, 1, 2, 2, 2, 1, 2, 1, 2, 2, 1, 3, 2, 2, 2, 3, 2, 1, 2, 2, 1, 2, 3, 3, 2]
02/21/2023 22:38:12:INFO: ---------Evaluated Metrics----------
02/21/2023 22:38:12:INFO: Accuracy: 0.7088.
02/21/2023 22:38:12:INFO: Macro Precision: 0.7188443987170275.
02/21/2023 22:38:12:INFO: Macro Recall: 0.6859428649402682.
02/21/2023 22:38:12:INFO: Macro F1 score: 0.6980613565122504.
02/21/2023 22:38:12:INFO: ---------confusion_matrix----------
02/21/2023 22:38:12:INFO: 
[[100  46  12]
 [ 28 233  29]
 [  7  60 110]]
02/21/2023 22:38:12:INFO: 模型效果验证详情: {'位置第一个显示标签': 585, '其他位置有情感标签': 0, '全句没有情感标签': 0}.
02/21/2023 22:38:12:INFO: ----------------------Evaluate finished.------------------------
02/21/2023 22:38:12:INFO: --------------Epoch. 11.---------------
02/21/2023 22:38:51:INFO: [Epoch. 11.]: 100%|| 352/352 [00:39<00:00,  8.93it/s, avg_loss=0.0116]
02/21/2023 22:38:51:INFO: Epoch 11, average loss: 0.011570416501027385
02/21/2023 22:38:51:INFO: --------------Evaluate on Epoch. 11.---------------
02/21/2023 22:38:51:INFO: tensor([28996, 28997, 28998], device='cuda:0')
02/21/2023 22:38:53:INFO: **********Results Comparison**********
02/21/2023 22:38:53:INFO: 真实标签: 
 [2, 1, 3, 1, 2, 1, 3, 2, 3, 1, 1, 3, 1, 1, 3, 1, 2, 1, 1, 2, 2, 3, 2, 1, 2, 2, 2, 2, 3, 1, 2, 2, 2, 2, 2, 2, 2, 1, 2, 1, 1, 2, 2, 2, 3, 2, 2, 3, 2, 2, 3, 3, 3, 3, 3, 2, 2, 1, 2, 3, 1, 2, 3, 1, 1, 3, 3, 1, 2, 3, 2, 2, 2, 1, 3, 2, 1, 1, 2, 1, 3, 1, 2, 1, 1, 2, 3, 3, 1, 2, 2, 2, 3, 2, 3, 2, 1, 2, 1, 1, 1, 2, 1, 2, 3, 1, 1, 2, 2, 3, 3, 2, 3, 2, 3, 2, 2, 2, 1, 2, 2, 3, 2, 2, 3, 2, 3, 3, 2, 1, 2, 3, 1, 1, 1, 2, 3, 3, 1, 2, 1, 1, 3, 2, 2, 3, 3, 2, 2, 2, 1, 2, 2, 1, 2, 1, 1, 1, 2, 3, 2, 1, 1, 3, 2, 2, 1, 2, 3, 1, 3, 2, 3, 2, 2, 2, 2, 3, 1, 2, 2, 3, 1, 2, 3, 3, 3, 3, 2, 3, 3, 2, 1, 3, 3, 1, 2, 2, 3, 1, 1, 3, 3, 2, 2, 3, 2, 1, 3, 1, 1, 3, 1, 2, 2, 3, 2, 3, 1, 1, 2, 2, 3, 3, 1, 2, 2, 1, 2, 1, 3, 2, 1, 3, 3, 2, 1, 1, 2, 3, 2, 2, 2, 2, 1, 3, 3, 2, 3, 3, 1, 2, 3, 2, 1, 3, 2, 2, 1, 2, 2, 1, 3, 2, 2, 2, 1, 2, 2, 2, 3, 2, 3, 3, 2, 2, 2, 3, 2, 2, 3, 3, 3, 1, 2, 1, 2, 3, 2, 2, 1, 2, 3, 3, 3, 2, 1, 2, 3, 3, 1, 3, 3, 1, 2, 2, 3, 3, 1, 2, 1, 3, 2, 2, 1, 3, 2, 1, 2, 2, 3, 2, 3, 2, 3, 2, 3, 3, 1, 1, 1, 2, 2, 1, 2, 1, 3, 3, 3, 3, 1, 2, 3, 2, 2, 2, 1, 3, 2, 3, 2, 1, 2, 2, 1, 2, 2, 3, 1, 3, 2, 2, 3, 1, 2, 2, 3, 2, 3, 2, 2, 2, 2, 1, 2, 1, 2, 1, 1, 2, 2, 1, 3, 3, 2, 2, 2, 2, 3, 3, 2, 2, 1, 2, 2, 2, 2, 2, 3, 3, 1, 1, 2, 2, 2, 3, 2, 1, 2, 2, 1, 2, 2, 3, 3, 2, 3, 2, 1, 3, 1, 2, 1, 1, 3, 2, 1, 2, 1, 2, 1, 2, 2, 2, 2, 2, 2, 3, 2, 3, 3, 2, 1, 2, 3, 2, 3, 3, 2, 2, 2, 2, 3, 1, 2, 3, 1, 2, 2, 2, 2, 3, 2, 3, 2, 1, 1, 2, 3, 1, 3, 2, 1, 2, 3, 2, 2, 2, 1, 3, 1, 1, 1, 2, 3, 1, 3, 1, 3, 3, 2, 2, 3, 1, 3, 2, 1, 3, 3, 2, 2, 3, 2, 2, 2, 2, 2, 1, 2, 2, 2, 2, 2, 2, 2, 3, 2, 2, 1, 2, 3, 3, 1, 3, 3, 3, 3, 2, 2, 2, 2, 1, 3, 2, 3, 2, 2, 2, 3, 2, 3, 3, 3, 2, 3, 1, 2, 3, 3, 1, 2, 3, 2, 1, 2, 1, 2, 1, 3, 3, 3, 1, 1, 2, 2, 2, 2, 2, 2, 2, 2, 1, 3, 2, 1, 1, 2, 2, 2, 2, 3, 1, 2, 1, 2, 2, 1, 3, 1, 2, 1, 2, 2, 1, 3, 2, 1, 2, 2, 2, 2, 1, 3, 1, 2, 1, 2, 1, 2, 2, 1, 3, 2, 2, 3, 2, 3, 1, 2, 2, 1, 1, 3, 2, 3]
02/21/2023 22:38:53:INFO: 预测标签: 
 [2, 1, 3, 1, 2, 1, 2, 1, 2, 1, 1, 3, 1, 1, 3, 1, 1, 1, 1, 2, 2, 3, 2, 1, 2, 2, 2, 1, 3, 1, 2, 1, 1, 2, 2, 2, 3, 1, 2, 2, 2, 2, 1, 2, 3, 2, 2, 3, 3, 2, 3, 1, 2, 2, 3, 2, 2, 1, 3, 3, 1, 1, 3, 1, 2, 3, 3, 2, 1, 1, 3, 1, 2, 1, 3, 3, 3, 3, 2, 3, 3, 1, 2, 1, 1, 1, 3, 3, 3, 2, 2, 2, 2, 2, 3, 2, 1, 2, 1, 1, 1, 2, 2, 3, 3, 1, 2, 3, 3, 3, 1, 2, 3, 2, 3, 2, 2, 2, 1, 2, 3, 2, 2, 1, 1, 2, 3, 3, 2, 1, 3, 3, 2, 1, 1, 2, 3, 3, 1, 2, 1, 1, 3, 3, 2, 3, 3, 3, 2, 1, 3, 2, 3, 1, 2, 1, 1, 1, 2, 3, 2, 1, 1, 3, 3, 2, 1, 1, 3, 1, 2, 2, 3, 2, 2, 2, 2, 2, 3, 2, 1, 3, 1, 1, 3, 3, 3, 3, 2, 3, 3, 2, 1, 3, 3, 2, 2, 2, 3, 1, 1, 3, 3, 3, 2, 3, 3, 2, 2, 1, 1, 3, 3, 2, 2, 3, 2, 3, 2, 2, 2, 2, 3, 3, 1, 2, 2, 1, 3, 1, 3, 2, 1, 3, 3, 2, 2, 1, 2, 3, 2, 2, 1, 1, 1, 2, 3, 1, 2, 3, 3, 2, 2, 2, 1, 3, 2, 2, 2, 2, 2, 1, 3, 2, 1, 2, 2, 1, 1, 1, 3, 2, 3, 3, 2, 2, 3, 3, 1, 1, 3, 3, 3, 2, 2, 3, 2, 2, 2, 2, 2, 2, 2, 3, 2, 2, 1, 2, 3, 3, 1, 3, 1, 1, 1, 2, 3, 3, 1, 2, 2, 3, 2, 2, 1, 3, 2, 1, 2, 2, 3, 3, 1, 2, 2, 2, 3, 3, 2, 1, 3, 2, 2, 1, 2, 3, 3, 3, 3, 3, 1, 2, 2, 2, 2, 2, 1, 3, 3, 2, 2, 1, 2, 2, 1, 2, 2, 3, 1, 3, 2, 2, 2, 2, 2, 2, 3, 2, 3, 2, 3, 2, 2, 1, 2, 2, 2, 2, 1, 1, 1, 1, 2, 2, 3, 3, 2, 2, 3, 3, 2, 2, 1, 1, 2, 2, 2, 3, 3, 3, 1, 1, 3, 2, 1, 1, 2, 2, 2, 2, 1, 2, 1, 2, 3, 2, 2, 2, 2, 3, 1, 2, 2, 3, 3, 2, 2, 2, 1, 2, 1, 2, 2, 2, 1, 1, 2, 2, 2, 3, 2, 2, 1, 2, 2, 3, 3, 3, 2, 2, 2, 2, 3, 1, 2, 2, 1, 2, 2, 2, 2, 3, 2, 3, 2, 2, 1, 2, 3, 2, 2, 2, 1, 2, 3, 3, 2, 1, 1, 3, 1, 1, 1, 2, 3, 1, 3, 1, 3, 2, 3, 2, 3, 3, 3, 2, 1, 3, 3, 2, 2, 2, 2, 1, 3, 3, 2, 2, 2, 2, 2, 1, 2, 3, 2, 3, 2, 2, 1, 3, 2, 3, 3, 3, 2, 3, 3, 2, 2, 3, 3, 1, 2, 2, 3, 2, 2, 2, 3, 2, 3, 3, 3, 2, 3, 1, 2, 3, 3, 3, 2, 3, 3, 1, 2, 1, 2, 1, 2, 3, 2, 1, 1, 2, 2, 2, 2, 2, 2, 3, 3, 2, 3, 3, 1, 1, 2, 2, 3, 2, 2, 1, 1, 1, 2, 2, 1, 2, 1, 1, 1, 2, 3, 2, 3, 1, 2, 2, 3, 2, 2, 1, 2, 2, 2, 1, 2, 1, 3, 2, 1, 3, 2, 2, 3, 3, 1, 1, 2, 2, 1, 2, 3, 3, 2]
02/21/2023 22:38:53:INFO: ---------Evaluated Metrics----------
02/21/2023 22:38:53:INFO: Accuracy: 0.7168.
02/21/2023 22:38:53:INFO: Macro Precision: 0.7119386786053453.
02/21/2023 22:38:53:INFO: Macro Recall: 0.7159690625973575.
02/21/2023 22:38:53:INFO: Macro F1 score: 0.7136146725799567.
02/21/2023 22:38:53:INFO: ---------confusion_matrix----------
02/21/2023 22:38:53:INFO: 
[[110  33  15]
 [ 38 208  44]
 [  8  39 130]]
02/21/2023 22:38:53:INFO: 模型效果验证详情: {'位置第一个显示标签': 581, '其他位置有情感标签': 0, '全句没有情感标签': 0}.
02/21/2023 22:38:53:INFO: ----------------------Evaluate finished.------------------------
02/21/2023 22:38:53:INFO: --------------Epoch. 12.---------------
02/21/2023 22:39:32:INFO: [Epoch. 12.]: 100%|| 352/352 [00:39<00:00,  8.94it/s, avg_loss=0.00912]
02/21/2023 22:39:32:INFO: Epoch 12, average loss: 0.009116022900508886
02/21/2023 22:39:32:INFO: --------------Evaluate on Epoch. 12.---------------
02/21/2023 22:39:32:INFO: tensor([28996, 28997, 28998], device='cuda:0')
02/21/2023 22:39:33:INFO: **********Results Comparison**********
02/21/2023 22:39:33:INFO: 真实标签: 
 [2, 1, 3, 1, 2, 1, 3, 2, 3, 1, 1, 3, 1, 1, 3, 1, 2, 1, 1, 2, 2, 3, 2, 1, 2, 2, 2, 2, 3, 1, 2, 2, 2, 2, 2, 2, 2, 1, 2, 1, 1, 2, 2, 2, 3, 2, 2, 3, 2, 2, 3, 3, 3, 3, 3, 2, 2, 1, 2, 3, 1, 2, 3, 1, 1, 3, 3, 1, 2, 3, 2, 2, 2, 1, 3, 2, 1, 1, 2, 1, 3, 1, 2, 1, 1, 2, 3, 3, 1, 2, 2, 2, 3, 2, 3, 2, 1, 2, 1, 1, 1, 2, 1, 2, 3, 1, 1, 2, 2, 3, 3, 2, 3, 2, 3, 2, 2, 2, 1, 2, 2, 3, 2, 2, 3, 2, 3, 3, 2, 1, 2, 3, 1, 1, 1, 2, 3, 3, 1, 2, 1, 1, 3, 2, 2, 3, 3, 2, 2, 2, 1, 2, 2, 1, 2, 1, 1, 1, 2, 3, 2, 1, 1, 3, 2, 2, 1, 2, 3, 1, 3, 2, 3, 2, 2, 2, 2, 3, 1, 2, 2, 3, 1, 2, 3, 3, 3, 3, 2, 3, 3, 2, 1, 3, 3, 1, 2, 2, 3, 1, 1, 3, 3, 2, 2, 3, 2, 1, 3, 1, 1, 3, 1, 2, 2, 3, 2, 3, 1, 1, 2, 2, 3, 3, 1, 2, 2, 1, 2, 1, 3, 2, 1, 3, 3, 2, 1, 1, 2, 3, 2, 2, 2, 2, 1, 3, 3, 2, 3, 3, 1, 2, 3, 2, 1, 3, 2, 2, 1, 2, 2, 1, 3, 2, 2, 2, 1, 2, 2, 2, 3, 2, 3, 3, 2, 2, 2, 3, 2, 2, 3, 3, 3, 1, 2, 1, 2, 3, 2, 2, 1, 2, 3, 3, 3, 2, 1, 2, 3, 3, 1, 3, 3, 1, 2, 2, 3, 3, 1, 2, 1, 3, 2, 2, 1, 3, 2, 1, 2, 2, 3, 2, 3, 2, 3, 2, 3, 3, 1, 1, 1, 2, 2, 1, 2, 1, 3, 3, 3, 3, 1, 2, 3, 2, 2, 2, 1, 3, 2, 3, 2, 1, 2, 2, 1, 2, 2, 3, 1, 3, 2, 2, 3, 1, 2, 2, 3, 2, 3, 2, 2, 2, 2, 1, 2, 1, 2, 1, 1, 2, 2, 1, 3, 3, 2, 2, 2, 2, 3, 3, 2, 2, 1, 2, 2, 2, 2, 2, 3, 3, 1, 1, 2, 2, 2, 3, 2, 1, 2, 2, 1, 2, 2, 3, 3, 2, 3, 2, 1, 3, 1, 2, 1, 1, 3, 2, 1, 2, 1, 2, 1, 2, 2, 2, 2, 2, 2, 3, 2, 3, 3, 2, 1, 2, 3, 2, 3, 3, 2, 2, 2, 2, 3, 1, 2, 3, 1, 2, 2, 2, 2, 3, 2, 3, 2, 1, 1, 2, 3, 1, 3, 2, 1, 2, 3, 2, 2, 2, 1, 3, 1, 1, 1, 2, 3, 1, 3, 1, 3, 3, 2, 2, 3, 1, 3, 2, 1, 3, 3, 2, 2, 3, 2, 2, 2, 2, 2, 1, 2, 2, 2, 2, 2, 2, 2, 3, 2, 2, 1, 2, 3, 3, 1, 3, 3, 3, 3, 2, 2, 2, 2, 1, 3, 2, 3, 2, 2, 2, 3, 2, 3, 3, 3, 2, 3, 1, 2, 3, 3, 1, 2, 3, 2, 1, 2, 1, 2, 1, 3, 3, 3, 1, 1, 2, 2, 2, 2, 2, 2, 2, 2, 1, 3, 2, 1, 1, 2, 2, 2, 2, 3, 1, 2, 1, 2, 2, 1, 3, 1, 2, 1, 2, 2, 1, 3, 2, 1, 2, 2, 2, 2, 1, 3, 1, 2, 1, 2, 1, 2, 2, 1, 3, 2, 2, 3, 2, 3, 1, 2, 2, 1, 1, 3, 2, 3]
02/21/2023 22:39:33:INFO: 预测标签: 
 [2, 1, 3, 2, 2, 1, 2, 1, 2, 1, 1, 3, 1, 1, 2, 1, 1, 1, 1, 2, 2, 3, 2, 1, 2, 2, 2, 1, 3, 1, 2, 1, 1, 2, 2, 2, 3, 1, 2, 2, 2, 2, 1, 2, 3, 2, 2, 3, 3, 2, 3, 1, 2, 2, 3, 2, 2, 2, 3, 3, 1, 2, 3, 1, 2, 3, 3, 2, 1, 1, 3, 1, 2, 1, 3, 3, 3, 3, 2, 3, 3, 1, 2, 1, 1, 1, 3, 3, 3, 2, 2, 2, 2, 2, 3, 2, 1, 2, 1, 1, 1, 2, 2, 3, 3, 1, 2, 3, 3, 3, 1, 2, 3, 2, 3, 2, 2, 2, 1, 2, 3, 2, 2, 1, 1, 2, 3, 3, 2, 1, 3, 3, 2, 1, 1, 2, 3, 3, 1, 2, 1, 1, 3, 2, 2, 3, 3, 3, 2, 1, 3, 2, 3, 1, 2, 1, 1, 1, 2, 3, 2, 1, 1, 3, 2, 2, 1, 2, 3, 1, 2, 2, 3, 2, 2, 2, 2, 2, 3, 2, 1, 3, 1, 2, 3, 3, 3, 3, 2, 3, 3, 2, 1, 3, 3, 2, 2, 2, 3, 1, 1, 3, 3, 3, 2, 3, 3, 2, 2, 1, 1, 2, 3, 2, 2, 3, 2, 3, 2, 2, 2, 2, 3, 3, 1, 2, 2, 1, 3, 1, 3, 2, 3, 3, 3, 2, 2, 1, 2, 3, 2, 2, 2, 1, 1, 2, 3, 1, 2, 2, 3, 2, 2, 2, 1, 3, 2, 2, 2, 2, 2, 2, 3, 2, 1, 2, 2, 2, 2, 1, 3, 2, 3, 3, 2, 2, 3, 3, 2, 1, 3, 3, 3, 1, 2, 3, 2, 2, 2, 2, 2, 2, 2, 3, 2, 2, 1, 2, 3, 1, 1, 3, 1, 1, 1, 2, 3, 3, 1, 2, 2, 3, 2, 2, 1, 3, 2, 2, 2, 2, 3, 3, 2, 2, 2, 2, 3, 3, 2, 2, 3, 2, 2, 1, 2, 3, 3, 3, 3, 3, 1, 2, 2, 2, 2, 2, 1, 3, 3, 2, 2, 1, 2, 2, 1, 2, 2, 3, 1, 3, 2, 2, 2, 2, 2, 2, 3, 2, 3, 2, 3, 2, 2, 1, 2, 2, 2, 2, 1, 1, 1, 2, 2, 2, 3, 3, 2, 2, 3, 3, 2, 2, 1, 1, 2, 2, 2, 3, 3, 2, 1, 1, 3, 2, 2, 2, 2, 2, 2, 2, 1, 2, 1, 2, 3, 2, 2, 2, 2, 3, 1, 2, 2, 3, 3, 2, 2, 2, 2, 2, 1, 2, 2, 2, 1, 1, 2, 2, 2, 2, 2, 2, 2, 2, 2, 3, 3, 3, 2, 2, 2, 2, 3, 1, 2, 2, 1, 2, 2, 2, 2, 3, 2, 3, 2, 2, 1, 2, 3, 2, 2, 2, 1, 2, 3, 3, 2, 1, 2, 3, 1, 1, 1, 2, 3, 2, 1, 1, 3, 2, 3, 2, 3, 3, 3, 2, 1, 3, 3, 2, 2, 2, 2, 1, 2, 2, 2, 2, 2, 2, 2, 1, 2, 3, 2, 2, 2, 2, 1, 3, 2, 3, 3, 3, 2, 3, 3, 2, 2, 3, 3, 1, 2, 2, 3, 2, 2, 2, 3, 2, 3, 2, 3, 2, 3, 1, 2, 3, 2, 3, 2, 3, 2, 1, 2, 1, 2, 1, 2, 2, 2, 1, 1, 2, 2, 2, 2, 2, 2, 3, 3, 2, 3, 3, 1, 1, 2, 2, 3, 2, 2, 1, 1, 1, 2, 2, 1, 2, 1, 1, 1, 2, 2, 2, 3, 1, 2, 2, 3, 2, 2, 1, 2, 2, 2, 1, 2, 1, 3, 2, 2, 3, 2, 2, 2, 3, 1, 1, 2, 2, 1, 2, 3, 3, 2]
02/21/2023 22:39:33:INFO: ---------Evaluated Metrics----------
02/21/2023 22:39:33:INFO: Accuracy: 0.7024.
02/21/2023 22:39:33:INFO: Macro Precision: 0.7037352981412681.
02/21/2023 22:39:33:INFO: Macro Recall: 0.6862553955089966.
02/21/2023 22:39:33:INFO: Macro F1 score: 0.6933591576825595.
02/21/2023 22:39:33:INFO: ---------confusion_matrix----------
02/21/2023 22:39:33:INFO: 
[[ 99  43  16]
 [ 30 222  38]
 [  8  51 118]]
02/21/2023 22:39:33:INFO: 模型效果验证详情: {'位置第一个显示标签': 583, '其他位置有情感标签': 0, '全句没有情感标签': 0}.
02/21/2023 22:39:33:INFO: ----------------------Evaluate finished.------------------------
02/21/2023 22:39:33:INFO: --------------Epoch. 13.---------------
02/21/2023 22:40:13:INFO: [Epoch. 13.]: 100%|| 352/352 [00:39<00:00,  8.94it/s, avg_loss=0.00744]
02/21/2023 22:40:13:INFO: Epoch 13, average loss: 0.007436742148043281
02/21/2023 22:40:13:INFO: --------------Evaluate on Epoch. 13.---------------
02/21/2023 22:40:13:INFO: tensor([28996, 28997, 28998], device='cuda:0')
02/21/2023 22:40:14:INFO: **********Results Comparison**********
02/21/2023 22:40:14:INFO: 真实标签: 
 [2, 1, 3, 1, 2, 1, 3, 2, 3, 1, 1, 3, 1, 1, 3, 1, 2, 1, 1, 2, 2, 3, 2, 1, 2, 2, 2, 2, 3, 1, 2, 2, 2, 2, 2, 2, 2, 1, 2, 1, 1, 2, 2, 2, 3, 2, 2, 3, 2, 2, 3, 3, 3, 3, 3, 2, 2, 1, 2, 3, 1, 2, 3, 1, 1, 3, 3, 1, 2, 3, 2, 2, 2, 1, 3, 2, 1, 1, 2, 1, 3, 1, 2, 1, 1, 2, 3, 3, 1, 2, 2, 2, 3, 2, 3, 2, 1, 2, 1, 1, 1, 2, 1, 2, 3, 1, 1, 2, 2, 3, 3, 2, 3, 2, 3, 2, 2, 2, 1, 2, 2, 3, 2, 2, 3, 2, 3, 3, 2, 1, 2, 3, 1, 1, 1, 2, 3, 3, 1, 2, 1, 1, 3, 2, 2, 3, 3, 2, 2, 2, 1, 2, 2, 1, 2, 1, 1, 1, 2, 3, 2, 1, 1, 3, 2, 2, 1, 2, 3, 1, 3, 2, 3, 2, 2, 2, 2, 3, 1, 2, 2, 3, 1, 2, 3, 3, 3, 3, 2, 3, 3, 2, 1, 3, 3, 1, 2, 2, 3, 1, 1, 3, 3, 2, 2, 3, 2, 1, 3, 1, 1, 3, 1, 2, 2, 3, 2, 3, 1, 1, 2, 2, 3, 3, 1, 2, 2, 1, 2, 1, 3, 2, 1, 3, 3, 2, 1, 1, 2, 3, 2, 2, 2, 2, 1, 3, 3, 2, 3, 3, 1, 2, 3, 2, 1, 3, 2, 2, 1, 2, 2, 1, 3, 2, 2, 2, 1, 2, 2, 2, 3, 2, 3, 3, 2, 2, 2, 3, 2, 2, 3, 3, 3, 1, 2, 1, 2, 3, 2, 2, 1, 2, 3, 3, 3, 2, 1, 2, 3, 3, 1, 3, 3, 1, 2, 2, 3, 3, 1, 2, 1, 3, 2, 2, 1, 3, 2, 1, 2, 2, 3, 2, 3, 2, 3, 2, 3, 3, 1, 1, 1, 2, 2, 1, 2, 1, 3, 3, 3, 3, 1, 2, 3, 2, 2, 2, 1, 3, 2, 3, 2, 1, 2, 2, 1, 2, 2, 3, 1, 3, 2, 2, 3, 1, 2, 2, 3, 2, 3, 2, 2, 2, 2, 1, 2, 1, 2, 1, 1, 2, 2, 1, 3, 3, 2, 2, 2, 2, 3, 3, 2, 2, 1, 2, 2, 2, 2, 2, 3, 3, 1, 1, 2, 2, 2, 3, 2, 1, 2, 2, 1, 2, 2, 3, 3, 2, 3, 2, 1, 3, 1, 2, 1, 1, 3, 2, 1, 2, 1, 2, 1, 2, 2, 2, 2, 2, 2, 3, 2, 3, 3, 2, 1, 2, 3, 2, 3, 3, 2, 2, 2, 2, 3, 1, 2, 3, 1, 2, 2, 2, 2, 3, 2, 3, 2, 1, 1, 2, 3, 1, 3, 2, 1, 2, 3, 2, 2, 2, 1, 3, 1, 1, 1, 2, 3, 1, 3, 1, 3, 3, 2, 2, 3, 1, 3, 2, 1, 3, 3, 2, 2, 3, 2, 2, 2, 2, 2, 1, 2, 2, 2, 2, 2, 2, 2, 3, 2, 2, 1, 2, 3, 3, 1, 3, 3, 3, 3, 2, 2, 2, 2, 1, 3, 2, 3, 2, 2, 2, 3, 2, 3, 3, 3, 2, 3, 1, 2, 3, 3, 1, 2, 3, 2, 1, 2, 1, 2, 1, 3, 3, 3, 1, 1, 2, 2, 2, 2, 2, 2, 2, 2, 1, 3, 2, 1, 1, 2, 2, 2, 2, 3, 1, 2, 1, 2, 2, 1, 3, 1, 2, 1, 2, 2, 1, 3, 2, 1, 2, 2, 2, 2, 1, 3, 1, 2, 1, 2, 1, 2, 2, 1, 3, 2, 2, 3, 2, 3, 1, 2, 2, 1, 1, 3, 2, 3]
02/21/2023 22:40:14:INFO: 预测标签: 
 [2, 1, 3, 2, 2, 1, 2, 1, 2, 1, 1, 3, 1, 1, 3, 1, 1, 1, 1, 2, 2, 3, 2, 1, 2, 2, 2, 1, 3, 1, 2, 1, 1, 2, 2, 2, 3, 1, 2, 2, 2, 2, 1, 2, 3, 2, 2, 3, 3, 2, 3, 1, 2, 2, 3, 2, 2, 1, 3, 3, 1, 2, 3, 1, 2, 3, 3, 2, 1, 1, 3, 1, 2, 1, 3, 3, 3, 3, 2, 3, 3, 1, 2, 1, 1, 1, 3, 3, 3, 2, 2, 2, 2, 2, 3, 2, 1, 2, 1, 1, 1, 2, 2, 3, 3, 1, 2, 3, 3, 3, 1, 2, 3, 2, 3, 2, 2, 2, 1, 2, 3, 2, 2, 2, 1, 2, 3, 3, 2, 1, 3, 3, 2, 1, 1, 2, 3, 3, 1, 2, 1, 1, 3, 3, 2, 3, 3, 3, 2, 1, 3, 2, 3, 1, 2, 1, 1, 1, 2, 3, 1, 2, 1, 3, 3, 2, 1, 1, 3, 1, 2, 2, 3, 2, 2, 2, 2, 2, 3, 2, 1, 3, 1, 1, 3, 3, 3, 3, 2, 3, 3, 2, 1, 3, 3, 2, 2, 2, 3, 1, 1, 3, 3, 3, 2, 3, 3, 2, 2, 1, 1, 3, 3, 2, 2, 3, 2, 3, 2, 2, 2, 2, 3, 3, 1, 2, 2, 1, 3, 1, 3, 2, 1, 3, 3, 2, 2, 1, 2, 3, 2, 2, 1, 1, 1, 2, 3, 1, 2, 2, 3, 2, 2, 2, 1, 3, 2, 2, 2, 2, 2, 1, 3, 2, 1, 2, 2, 1, 1, 1, 3, 2, 3, 3, 2, 2, 3, 3, 2, 1, 3, 3, 3, 2, 2, 1, 2, 2, 2, 2, 2, 2, 2, 3, 2, 2, 1, 2, 3, 1, 1, 3, 1, 1, 1, 2, 3, 3, 1, 2, 2, 3, 2, 2, 1, 3, 2, 1, 2, 2, 3, 3, 3, 2, 2, 2, 3, 3, 2, 1, 3, 2, 2, 1, 2, 3, 3, 3, 3, 3, 1, 2, 2, 2, 2, 2, 1, 3, 3, 2, 2, 1, 2, 2, 1, 2, 2, 3, 1, 3, 2, 2, 2, 2, 2, 2, 3, 2, 3, 2, 3, 2, 2, 1, 2, 2, 2, 2, 1, 1, 1, 2, 2, 2, 3, 3, 2, 2, 3, 3, 2, 2, 1, 1, 2, 2, 2, 3, 3, 3, 1, 1, 3, 2, 2, 2, 2, 2, 2, 2, 1, 2, 1, 2, 3, 2, 2, 2, 2, 3, 1, 2, 2, 3, 3, 2, 2, 2, 2, 2, 1, 2, 2, 2, 1, 1, 2, 2, 2, 2, 2, 2, 2, 2, 2, 3, 3, 3, 2, 2, 2, 2, 3, 1, 2, 2, 1, 2, 2, 2, 2, 3, 2, 3, 2, 2, 1, 2, 3, 2, 2, 2, 1, 2, 3, 3, 2, 1, 1, 3, 1, 1, 1, 2, 3, 2, 3, 1, 3, 2, 3, 1, 3, 3, 3, 2, 1, 3, 3, 2, 2, 2, 2, 1, 3, 2, 2, 2, 2, 2, 2, 1, 1, 3, 2, 3, 2, 2, 1, 3, 2, 3, 3, 2, 2, 3, 3, 2, 2, 3, 3, 1, 2, 2, 3, 2, 2, 2, 3, 2, 3, 2, 3, 2, 3, 1, 2, 3, 2, 3, 2, 3, 3, 1, 2, 1, 2, 1, 2, 2, 2, 1, 1, 2, 2, 2, 2, 2, 2, 3, 3, 2, 3, 3, 1, 1, 2, 2, 3, 3, 2, 1, 1, 1, 2, 2, 1, 2, 1, 3, 1, 2, 2, 2, 3, 2, 2, 2, 3, 2, 2, 1, 2, 2, 2, 1, 2, 1, 3, 2, 2, 3, 2, 2, 2, 3, 1, 1, 2, 2, 1, 2, 3, 3, 2]
02/21/2023 22:40:14:INFO: ---------Evaluated Metrics----------
02/21/2023 22:40:14:INFO: Accuracy: 0.7008.
02/21/2023 22:40:14:INFO: Macro Precision: 0.6999801564827264.
02/21/2023 22:40:14:INFO: Macro Recall: 0.693576436411702.
02/21/2023 22:40:14:INFO: Macro F1 score: 0.6963494797115161.
02/21/2023 22:40:14:INFO: ---------confusion_matrix----------
02/21/2023 22:40:14:INFO: 
[[104  40  14]
 [ 35 211  44]
 [  7  47 123]]
02/21/2023 22:40:14:INFO: 模型效果验证详情: {'位置第一个显示标签': 584, '其他位置有情感标签': 0, '全句没有情感标签': 0}.
02/21/2023 22:40:14:INFO: ----------------------Evaluate finished.------------------------
02/21/2023 22:40:14:INFO: Based on [8.th Epoch] best_accuracy: 0.7264.
02/21/2023 22:40:14:INFO: latest 5 epochs not seen performance increased, early stop.
02/21/2023 22:40:14:INFO: ********** Best Results on Dev Dataset **********
02/21/2023 22:40:14:INFO: Best Accuracy: 0.7264.
02/21/2023 22:40:14:INFO: Best Macro Precision: 0.7317009852341515.
02/21/2023 22:40:14:INFO: Best Macro Recall: 0.7107260787113416.
02/21/2023 22:40:14:INFO: Best Macro F1 score: 0.719367045996647.
02/21/2023 22:40:14:INFO: ***** Training Over *****
02/21/2023 22:40:14:INFO: --------------Testing ...---------------
02/21/2023 22:40:14:INFO: tensor([28996, 28997, 28998], device='cuda:0')
02/21/2023 22:40:15:INFO: **********Results Comparison**********
02/21/2023 22:40:15:INFO: 真实标签: 
 [3, 1, 2, 2, 3, 1, 2, 2, 3, 1, 2, 2, 3, 1, 2, 2, 3, 1, 2, 2, 3, 1, 2, 2, 3, 1, 2, 2, 3, 1, 2, 2, 3, 1, 2, 2, 3, 1, 2, 2, 3, 1, 2, 2, 3, 1, 2, 2, 3, 1, 2, 2, 3, 1, 2, 2, 3, 1, 2, 2, 3, 1, 2, 2, 3, 1, 2, 2, 3, 1, 2, 2, 3, 1, 2, 2, 3, 1, 2, 2, 3, 1, 2, 2, 3, 1, 2, 2, 3, 1, 2, 2, 3, 1, 2, 2, 3, 1, 2, 2, 3, 1, 2, 2, 3, 1, 2, 2, 3, 1, 2, 2, 3, 1, 2, 2, 3, 1, 2, 2, 3, 1, 2, 2, 3, 1, 2, 2, 3, 1, 2, 2, 3, 1, 2, 2, 3, 1, 2, 2, 3, 1, 2, 2, 3, 1, 2, 2, 3, 1, 2, 2, 3, 1, 2, 2, 3, 1, 2, 2, 3, 1, 2, 2, 3, 1, 2, 2, 3, 1, 2, 2, 3, 1, 2, 2, 3, 1, 2, 2, 3, 1, 2, 2, 3, 1, 2, 2, 3, 1, 2, 2, 3, 1, 2, 2, 3, 1, 2, 2, 3, 1, 2, 2, 3, 1, 2, 2, 3, 1, 2, 2, 3, 1, 2, 2, 3, 1, 2, 2, 3, 1, 2, 2, 3, 1, 2, 2, 3, 1, 2, 2, 3, 1, 2, 2, 3, 1, 2, 2, 3, 1, 2, 2, 3, 1, 2, 2, 3, 1, 2, 2, 3, 1, 2, 2, 3, 1, 2, 2, 3, 1, 2, 2, 3, 1, 2, 2, 3, 1, 2, 2, 3, 1, 2, 2, 3, 1, 2, 2, 3, 1, 2, 2, 3, 1, 2, 2, 3, 1, 2, 2, 3, 1, 2, 2, 3, 1, 2, 2, 3, 1, 2, 2, 3, 1, 2, 2, 3, 1, 2, 2, 3, 1, 2, 2, 3, 1, 2, 2, 3, 1, 2, 2, 3, 1, 2, 2, 3, 1, 2, 2, 3, 1, 2, 2, 3, 1, 2, 2, 3, 1, 2, 2, 3, 1, 2, 2, 3, 1, 2, 2, 3, 1, 2, 2, 3, 1, 2, 2, 3, 1, 2, 2, 3, 1, 2, 2, 3, 1, 2, 2, 3, 1, 2, 2, 3, 1, 2, 2, 3, 1, 2, 2, 3, 1, 2, 2, 3, 1, 2, 2, 3, 1, 2, 2, 3, 1, 2, 2, 3, 1, 2, 2, 3, 1, 2, 2, 3, 1, 2, 2, 3, 1, 2, 2, 3, 1, 2, 2, 3, 1, 2, 2, 3, 1, 2, 2, 3, 1, 2, 2, 3, 1, 2, 2, 3, 1, 2, 2, 3, 1, 2, 2, 3, 1, 2, 2, 3, 1, 2, 2, 3, 1, 2, 2, 3, 1, 2, 2, 3, 1, 2, 2, 3, 1, 2, 2, 3, 1, 2, 2, 3, 1, 2, 2, 3, 1, 2, 2, 3, 1, 2, 2, 3, 1, 2, 2, 3, 1, 2, 2, 3, 1, 2, 2, 3, 1, 2, 2, 3, 1, 2, 2, 3, 1, 2, 2, 3, 1, 2, 2, 3, 1, 2, 2, 3, 1, 2, 2, 3, 1, 2, 2, 3, 1, 2, 2, 3, 1, 2, 2, 3, 1, 2, 2, 3, 1, 2, 2, 3, 1, 2, 2, 3, 1, 2, 2, 3, 1, 2, 2, 3, 1, 2, 2, 3, 1, 2, 2, 3, 1, 2, 2, 3, 1, 2, 2, 3, 1, 2, 2, 3, 1, 2, 2, 3, 1, 2, 2, 3, 1, 2, 2, 3, 1, 2, 2, 3, 1, 2, 2, 3, 1, 2, 2, 3, 1, 2, 2, 3, 1, 2, 2, 3, 1, 2, 2, 3, 1, 2, 2, 3, 1, 2, 2, 3, 1, 2, 2, 3, 1, 2, 2, 3, 1, 2, 2, 3, 1, 2, 2, 3, 1, 2, 2, 3, 1, 2, 2, 3, 1, 2, 2, 3, 1, 2, 2, 3, 1, 2, 2, 3, 1, 2, 2, 3, 1, 2, 2, 3, 1, 2, 2, 3, 1, 2, 2, 3, 1, 2, 2, 3, 1, 2, 2, 3, 1, 2, 2, 3, 1, 2, 2, 3, 1, 2, 2, 3, 1, 2, 2]
02/21/2023 22:40:15:INFO: 预测标签: 
 [3, 1, 2, 3, 3, 2, 1, 2, 2, 1, 2, 2, 3, 1, 2, 2, 2, 1, 2, 2, 2, 2, 2, 2, 3, 1, 2, 2, 3, 1, 1, 2, 2, 2, 3, 2, 2, 1, 2, 2, 3, 1, 2, 2, 3, 1, 2, 1, 3, 1, 1, 2, 3, 1, 2, 2, 3, 3, 2, 2, 3, 1, 2, 1, 3, 3, 3, 2, 3, 1, 2, 2, 3, 1, 3, 2, 3, 1, 2, 2, 3, 1, 1, 2, 3, 1, 2, 2, 2, 2, 2, 2, 3, 1, 3, 2, 3, 1, 2, 2, 3, 2, 2, 2, 3, 1, 2, 2, 3, 1, 2, 2, 3, 2, 2, 3, 3, 2, 2, 2, 3, 2, 1, 1, 3, 2, 3, 2, 2, 3, 2, 2, 3, 1, 2, 2, 3, 1, 3, 2, 3, 1, 1, 2, 3, 1, 1, 2, 1, 2, 2, 2, 3, 1, 2, 2, 3, 1, 2, 2, 3, 1, 3, 3, 3, 1, 1, 2, 3, 2, 2, 2, 2, 2, 2, 2, 3, 1, 2, 2, 3, 1, 2, 2, 2, 2, 2, 2, 3, 2, 2, 2, 1, 1, 2, 2, 2, 1, 2, 2, 3, 1, 2, 3, 1, 2, 2, 2, 3, 1, 3, 1, 3, 1, 3, 2, 1, 1, 2, 2, 3, 3, 2, 2, 3, 1, 2, 1, 3, 1, 1, 2, 3, 2, 2, 2, 3, 1, 2, 2, 3, 1, 2, 2, 3, 1, 1, 2, 3, 2, 2, 3, 3, 2, 2, 2, 2, 1, 2, 2, 3, 1, 2, 2, 3, 1, 2, 2, 1, 3, 2, 2, 2, 1, 2, 1, 3, 1, 2, 2, 3, 2, 2, 2, 2, 2, 2, 3, 3, 1, 2, 2, 3, 2, 2, 2, 3, 2, 2, 2, 2, 2, 2, 2, 3, 1, 2, 2, 3, 1, 2, 2, 2, 1, 2, 2, 3, 2, 2, 2, 3, 1, 1, 3, 3, 1, 1, 2, 3, 1, 2, 2, 3, 1, 2, 2, 2, 3, 3, 2, 3, 2, 3, 2, 2, 1, 2, 2, 1, 1, 3, 2, 3, 2, 2, 2, 3, 1, 2, 2, 3, 1, 2, 2, 3, 1, 2, 2, 2, 1, 2, 3, 3, 2, 3, 2, 3, 1, 1, 2, 3, 2, 3, 2, 3, 1, 1, 2, 3, 1, 3, 2, 3, 1, 2, 2, 3, 1, 2, 2, 3, 1, 3, 1, 3, 1, 2, 3, 3, 2, 2, 2, 2, 3, 2, 2, 3, 1, 2, 1, 3, 2, 2, 2, 2, 3, 2, 1, 2, 1, 1, 3, 3, 1, 2, 2, 3, 2, 2, 1, 3, 3, 2, 2, 3, 2, 2, 3, 3, 1, 2, 2, 1, 2, 2, 1, 2, 2, 3, 2, 3, 2, 2, 3, 2, 1, 2, 3, 3, 1, 1, 2, 2, 1, 2, 2, 3, 2, 2, 3, 3, 1, 1, 2, 3, 3, 3, 2, 3, 2, 2, 1, 2, 1, 1, 2, 3, 2, 2, 2, 3, 1, 3, 3, 3, 3, 2, 2, 2, 1, 2, 2, 3, 2, 2, 2, 3, 1, 2, 2, 3, 2, 2, 2, 3, 2, 2, 2, 3, 1, 3, 2, 3, 1, 3, 2, 3, 3, 2, 3, 3, 1, 1, 3, 3, 2, 2, 2, 3, 1, 1, 2, 2, 2, 2, 2, 2, 3, 2, 2, 3, 1, 3, 2, 2, 1, 2, 3, 3, 1, 2, 2, 3, 3, 3, 2, 3, 1, 3, 2, 3, 1, 2, 2, 2, 1, 2, 2, 1, 2, 2, 2, 1, 1, 2, 2, 3, 1, 1, 3, 3, 3, 2, 3, 3, 2, 2, 2, 3, 1, 2, 1, 2, 1, 2, 2, 3, 3, 3, 3, 3, 1, 2, 2, 3, 1, 2, 2, 3, 1, 2, 3, 3, 1, 1, 2, 2, 1, 2, 1, 2, 3, 2, 3, 3, 3, 2, 1, 3, 1, 2, 2, 3, 1, 2, 2, 2, 1, 2, 2, 3, 1, 2, 2, 3, 1, 2, 3, 2, 1, 2, 2, 3, 1, 1, 2, 3, 1, 2, 2, 3, 1, 2, 2, 3, 2, 2, 2, 3, 2, 2, 2]
02/21/2023 22:40:15:INFO: ---------Evaluated Metrics----------
02/21/2023 22:40:15:INFO: Accuracy: 0.7167630057803468.
02/21/2023 22:40:15:INFO: Macro Precision: 0.7048227502144554.
02/21/2023 22:40:15:INFO: Macro Recall: 0.7061657032755299.
02/21/2023 22:40:15:INFO: Macro F1 score: 0.703908829481308.
02/21/2023 22:40:15:INFO: ---------confusion_matrix----------
02/21/2023 22:40:15:INFO: 
[[108  47  18]
 [ 38 259  49]
 [  9  35 129]]
02/21/2023 22:40:15:INFO: 模型效果验证详情: {'位置第一个显示标签': 662, '其他位置有情感标签': 0, '全句没有情感标签': 0}.
02/21/2023 22:40:15:INFO: ----------------------Testing finished.------------------------
02/21/2023 22:40:15:INFO: bengio.
