02/23/2023 13:31:59:INFO: start.
02/23/2023 13:31:59:INFO: --------hyper-arguments for this training.--------
02/23/2023 13:31:59:INFO: Namespace(answer_strategy='inter_logits_core_token', batch_size=2, dataset='twitter', eval_pre_epochs=1, few_shot=50, learning_rate=1e-05, log_file=None, model_type='WT2ABSA_Mean', patience=5, pre_trained_model='pretrainedmodels/bert-base-cased', save_best_model=False, seed=985, total_epochs=20)
02/23/2023 13:31:59:INFO: ----------dataset files------------
02/23/2023 13:31:59:INFO: {'train': '../WordTrans2ABSA/dataset/twitter/train.json', 'dev': '../WordTrans2ABSA/dataset/twitter/dev.json', 'test': '../WordTrans2ABSA/dataset/twitter/test.json'}
02/23/2023 13:32:04:WARNING: Using custom data configuration default-026ef2911f5d5ab7
02/23/2023 13:32:04:WARNING: Reusing dataset json (C:\Users\Super-IdoI\.cache\huggingface\datasets\json\default-026ef2911f5d5ab7\0.0.0\45636811569ec4a6630521c18235dfbbab83b7ab572e3393c5ba68ccabe98264)
02/23/2023 13:32:04:INFO: -----------------------------------
02/23/2023 13:32:04:INFO: {'I-POS': ['good', 'clever', 'excellent', 'effectual', 'beautiful', 'nice', 'useful', 'well', 'fantastic'], 'I-NEU': ['Michael', 'John', 'David', 'Thomas', 'Martin', 'Paul'], 'I-NEG': ['bad', 'terrible', 'awful', 'badly', 'terrible', 'poor', 'unfortunate', 'harmful', 'dirty', 'sorry']}
02/23/2023 13:32:04:INFO: -----------------------------------
02/23/2023 13:32:04:INFO: {'O': 0, 'I-POS': 1, 'I-NEU': 2, 'I-NEG': 3}
02/23/2023 13:32:04:INFO: {0: 'O', 1: 'I-POS', 2: 'I-NEU', 3: 'I-NEG'}
02/23/2023 13:32:06:INFO: -----------------------------------
02/23/2023 13:32:06:INFO: {'I-POS': 28996, 'I-NEU': 28997, 'I-NEG': 28998}
02/23/2023 13:32:06:INFO: {28996: 'I-POS', 28997: 'I-NEU', 28998: 'I-NEG'}
02/23/2023 13:32:06:INFO: start preprocess dataset.
02/23/2023 13:32:06:WARNING: Loading cached processed dataset at C:\Users\Super-IdoI\.cache\huggingface\datasets\json\default-026ef2911f5d5ab7\0.0.0\45636811569ec4a6630521c18235dfbbab83b7ab572e3393c5ba68ccabe98264\cache-79fbe7895184283f.arrow
02/23/2023 13:32:07:WARNING: Loading cached processed dataset at C:\Users\Super-IdoI\.cache\huggingface\datasets\json\default-026ef2911f5d5ab7\0.0.0\45636811569ec4a6630521c18235dfbbab83b7ab572e3393c5ba68ccabe98264\cache-97f2ebde6e107ac0.arrow
02/23/2023 13:32:07:INFO: dataset preprocess finished.
02/23/2023 13:32:07:WARNING: Loading cached processed dataset at C:\Users\Super-IdoI\.cache\huggingface\datasets\json\default-026ef2911f5d5ab7\0.0.0\45636811569ec4a6630521c18235dfbbab83b7ab572e3393c5ba68ccabe98264\cache-ee617a71aa0f15b4.arrow
02/23/2023 13:32:07:INFO: Train: 150, Dev: 422, Test: 232.
02/23/2023 13:32:07:INFO: dataloader prepare finished.
02/23/2023 13:32:07:INFO: ***** Start Training *****
02/23/2023 13:32:07:INFO: Total Epochs: 20
02/23/2023 13:32:07:INFO: validate on per-1 epochs.
02/23/2023 13:32:07:INFO: Training Samples Count: 150.
02/23/2023 13:32:07:INFO: Batch Size: 2, 每轮 75 Batch.
02/23/2023 13:32:07:INFO: Learning Rate: 1e-05
02/23/2023 13:32:07:INFO: --------------Epoch. 1.---------------
02/23/2023 13:32:11:INFO: [Epoch. 1.]: 100%|| 75/75 [00:04<00:00, 15.29it/s, avg_loss=1.18]
02/23/2023 13:32:11:INFO: Epoch 1, average loss: 1.1826785099506378
02/23/2023 13:32:11:INFO: --------------Evaluate on Epoch. 1.---------------
02/23/2023 13:32:11:INFO: tensor([28996, 28997, 28998], device='cuda:0')
02/23/2023 13:32:14:INFO: **********Results Comparison**********
02/23/2023 13:32:14:INFO: 真实标签: 
 [1, 2, 2, 2, 2, 2, 2, 2, 2, 2, 2, 2, 2, 3, 2, 2, 2, 2, 3, 2, 2, 3, 1, 1, 1, 2, 1, 2, 2, 2, 2, 2, 3, 1, 2, 3, 2, 2, 3, 1, 2, 2, 2, 2, 3, 2, 2, 1, 2, 2, 2, 2, 2, 2, 2, 1, 2, 2, 1, 2, 1, 1, 2, 2, 1, 1, 2, 2, 2, 2, 2, 2, 2, 3, 1, 1, 2, 2, 2, 1, 2, 2, 2, 2, 2, 2, 3, 2, 2, 2, 1, 1, 1, 2, 1, 1, 1, 2, 1, 2, 1, 1, 2, 1, 1, 2, 1, 2, 1, 2, 3, 2, 1, 2, 2, 2, 2, 2, 3, 2, 2, 1, 2, 2, 2, 3, 2, 2, 2, 2, 2, 2, 2, 2, 2, 3, 2, 2, 2, 2, 3, 2, 2, 1, 2, 2, 2, 2, 2, 1, 2, 2, 1, 1, 1, 2, 2, 2, 2, 2, 1, 2, 2, 2, 2, 2, 2, 1, 2, 2, 2, 2, 2, 2, 1, 2, 1, 2, 2, 2, 2, 2, 1, 2, 2, 3, 3, 2, 3, 2, 2, 2, 2, 1, 1, 2, 2, 2, 2, 2, 1, 2, 1, 2, 1, 2, 1, 2, 2, 1, 2, 2, 1, 2, 2, 2, 2, 2, 2, 1, 2, 2, 2, 1, 3, 1, 3, 2, 2, 3, 2, 2, 2, 1, 2, 1, 2, 2, 2, 3, 2, 2, 3, 2, 2, 2, 3, 2, 2, 2, 2, 1, 2, 2, 1, 2, 2, 2, 3, 1, 2, 2, 2, 2, 1, 1, 2, 1, 2, 2, 1, 2, 2, 1, 2, 2, 2, 1, 2, 2, 2, 1, 2, 2, 2, 2, 2, 2, 2, 2, 2, 1, 1, 2, 2, 2, 1, 2, 2, 2, 2, 2, 2, 2, 2, 2, 2, 2, 2, 2, 1, 1, 2, 2, 2, 2, 1, 3, 1, 1, 2, 1, 1, 2, 1, 1, 2, 2, 2, 1, 2, 2, 2, 2, 1, 2, 2, 2, 2, 2, 1, 2, 1, 2, 1, 2, 2, 1, 2, 2, 1, 2, 2, 2, 2, 1, 2, 2, 2, 2, 2, 2, 3, 2, 2, 2, 3, 2, 2, 1, 2, 1, 2, 2, 2, 2, 1, 2, 2, 2, 2, 1, 2, 1, 1, 1, 2, 1, 1, 2, 1, 2, 2, 2, 2, 1, 2, 1, 2, 1, 1, 2, 2, 2, 2, 2, 2, 2, 3, 2, 1, 2, 2, 1, 2, 1, 2, 2, 2, 1, 1, 1]
02/23/2023 13:32:14:INFO: 预测标签: 
 [2, 3, 2, 2, 2, 1, 2, 2, 1, 2, 2, 2, 2, 2, 2, 2, 2, 2, 2, 2, 2, 3, 2, 2, 2, 3, 2, 2, 2, 2, 2, 3, 3, 2, 1, 1, 2, 2, 2, 2, 2, 2, 1, 2, 1, 1, 2, 2, 2, 2, 2, 2, 2, 2, 2, 1, 2, 3, 3, 2, 2, 2, 1, 2, 1, 3, 2, 2, 1, 1, 2, 2, 2, 2, 2, 2, 1, 2, 2, 2, 2, 2, 2, 2, 3, 3, 2, 2, 2, 2, 3, 3, 1, 3, 2, 1, 2, 2, 2, 2, 1, 3, 2, 3, 2, 1, 1, 2, 1, 2, 3, 2, 1, 2, 2, 2, 2, 2, 1, 3, 2, 2, 2, 2, 2, 2, 2, 2, 2, 1, 2, 1, 1, 1, 2, 3, 2, 1, 3, 2, 2, 2, 2, 3, 2, 2, 3, 2, 2, 2, 2, 2, 3, 3, 2, 2, 2, 3, 2, 2, 2, 2, 2, 1, 2, 2, 2, 2, 2, 2, 3, 2, 2, 2, 2, 2, 1, 2, 2, 2, 2, 1, 2, 3, 3, 1, 2, 2, 3, 2, 2, 2, 2, 1, 1, 2, 1, 2, 2, 2, 2, 2, 2, 2, 2, 2, 2, 2, 2, 3, 2, 3, 2, 2, 2, 2, 2, 2, 2, 3, 2, 2, 2, 2, 2, 2, 2, 2, 2, 2, 1, 3, 2, 2, 2, 2, 3, 2, 2, 2, 2, 2, 3, 2, 2, 2, 2, 2, 2, 1, 2, 2, 1, 2, 1, 2, 2, 2, 1, 2, 1, 2, 1, 2, 2, 1, 2, 1, 2, 2, 2, 2, 3, 2, 2, 2, 3, 3, 2, 3, 2, 2, 2, 2, 1, 2, 2, 2, 2, 1, 2, 1, 2, 2, 2, 2, 2, 1, 2, 2, 2, 2, 2, 2, 2, 2, 1, 2, 3, 2, 2, 1, 2, 2, 2, 1, 2, 2, 2, 2, 3, 2, 2, 2, 1, 2, 2, 2, 2, 2, 2, 1, 2, 1, 2, 2, 2, 1, 2, 3, 2, 1, 2, 2, 2, 3, 2, 2, 2, 2, 1, 2, 2, 2, 1, 3, 2, 2, 2, 1, 2, 2, 2, 2, 2, 1, 1, 3, 2, 2, 2, 2, 2, 2, 2, 2, 2, 2, 1, 3, 2, 1, 2, 2, 2, 1, 1, 1, 1, 2, 2, 2, 3, 2, 2, 2, 2, 2, 2, 1, 2, 2, 2, 2, 2, 2, 2, 2, 3, 2, 2, 2, 2, 3, 2, 2, 2, 2, 3, 2, 2, 2]
02/23/2023 13:32:14:INFO: ---------Evaluated Metrics----------
02/23/2023 13:32:14:INFO: Accuracy: 0.6018957345971564.
02/23/2023 13:32:14:INFO: Macro Precision: 0.4069945617176887.
02/23/2023 13:32:14:INFO: Macro Recall: 0.4147113747459768.
02/23/2023 13:32:14:INFO: Macro F1 score: 0.40083396070679717.
02/23/2023 13:32:14:INFO: ---------confusion_matrix----------
02/23/2023 13:32:14:INFO: 
[[ 23  68  14]
 [ 37 224  28]
 [  6  15   7]]
02/23/2023 13:32:14:INFO: 模型效果验证详情: {'位置第一个显示标签': 0, '其他位置有情感标签': 0, '全句没有情感标签': 0}.
02/23/2023 13:32:14:INFO: ----------------------Evaluate finished.------------------------
02/23/2023 13:32:14:INFO: --------------Epoch. 2.---------------
02/23/2023 13:32:18:INFO: [Epoch. 2.]: 100%|| 75/75 [00:04<00:00, 16.07it/s, avg_loss=0.627]
02/23/2023 13:32:18:INFO: Epoch 2, average loss: 0.6265247799952824
02/23/2023 13:32:18:INFO: --------------Evaluate on Epoch. 2.---------------
02/23/2023 13:32:18:INFO: tensor([28996, 28997, 28998], device='cuda:0')
02/23/2023 13:32:20:INFO: **********Results Comparison**********
02/23/2023 13:32:20:INFO: 真实标签: 
 [1, 2, 2, 2, 2, 2, 2, 2, 2, 2, 2, 2, 2, 3, 2, 2, 2, 2, 3, 2, 2, 3, 1, 1, 1, 2, 1, 2, 2, 2, 2, 2, 3, 1, 2, 3, 2, 2, 3, 1, 2, 2, 2, 2, 3, 2, 2, 1, 2, 2, 2, 2, 2, 2, 2, 1, 2, 2, 1, 2, 1, 1, 2, 2, 1, 1, 2, 2, 2, 2, 2, 2, 2, 3, 1, 1, 2, 2, 2, 1, 2, 2, 2, 2, 2, 2, 3, 2, 2, 2, 1, 1, 1, 2, 1, 1, 1, 2, 1, 2, 1, 1, 2, 1, 1, 2, 1, 2, 1, 2, 3, 2, 1, 2, 2, 2, 2, 2, 3, 2, 2, 1, 2, 2, 2, 3, 2, 2, 2, 2, 2, 2, 2, 2, 2, 3, 2, 2, 2, 2, 3, 2, 2, 1, 2, 2, 2, 2, 2, 1, 2, 2, 1, 1, 1, 2, 2, 2, 2, 2, 1, 2, 2, 2, 2, 2, 2, 1, 2, 2, 2, 2, 2, 2, 1, 2, 1, 2, 2, 2, 2, 2, 1, 2, 2, 3, 3, 2, 3, 2, 2, 2, 2, 1, 1, 2, 2, 2, 2, 2, 1, 2, 1, 2, 1, 2, 1, 2, 2, 1, 2, 2, 1, 2, 2, 2, 2, 2, 2, 1, 2, 2, 2, 1, 3, 1, 3, 2, 2, 3, 2, 2, 2, 1, 2, 1, 2, 2, 2, 3, 2, 2, 3, 2, 2, 2, 3, 2, 2, 2, 2, 1, 2, 2, 1, 2, 2, 2, 3, 1, 2, 2, 2, 2, 1, 1, 2, 1, 2, 2, 1, 2, 2, 1, 2, 2, 2, 1, 2, 2, 2, 1, 2, 2, 2, 2, 2, 2, 2, 2, 2, 1, 1, 2, 2, 2, 1, 2, 2, 2, 2, 2, 2, 2, 2, 2, 2, 2, 2, 2, 1, 1, 2, 2, 2, 2, 1, 3, 1, 1, 2, 1, 1, 2, 1, 1, 2, 2, 2, 1, 2, 2, 2, 2, 1, 2, 2, 2, 2, 2, 1, 2, 1, 2, 1, 2, 2, 1, 2, 2, 1, 2, 2, 2, 2, 1, 2, 2, 2, 2, 2, 2, 3, 2, 2, 2, 3, 2, 2, 1, 2, 1, 2, 2, 2, 2, 1, 2, 2, 2, 2, 1, 2, 1, 1, 1, 2, 1, 1, 2, 1, 2, 2, 2, 2, 1, 2, 1, 2, 1, 1, 2, 2, 2, 2, 2, 2, 2, 3, 2, 1, 2, 2, 1, 2, 1, 2, 2, 2, 1, 1, 1]
02/23/2023 13:32:20:INFO: 预测标签: 
 [2, 1, 2, 2, 2, 1, 1, 2, 1, 3, 2, 1, 2, 2, 2, 2, 2, 2, 2, 2, 2, 3, 2, 1, 2, 3, 2, 2, 2, 2, 2, 3, 3, 2, 1, 1, 2, 2, 3, 2, 2, 2, 1, 2, 1, 1, 2, 2, 2, 2, 3, 2, 2, 2, 3, 1, 2, 3, 3, 2, 1, 2, 1, 2, 1, 3, 2, 1, 1, 1, 2, 2, 2, 3, 2, 2, 1, 2, 1, 2, 2, 2, 2, 2, 3, 3, 3, 1, 2, 2, 3, 3, 1, 3, 3, 1, 2, 2, 2, 2, 1, 3, 2, 3, 2, 1, 1, 2, 1, 2, 3, 1, 1, 2, 2, 2, 2, 1, 1, 3, 2, 2, 2, 2, 2, 2, 2, 2, 2, 1, 2, 1, 1, 1, 2, 3, 1, 1, 3, 2, 1, 2, 2, 3, 2, 1, 3, 2, 2, 2, 2, 2, 3, 3, 2, 2, 2, 3, 2, 2, 2, 2, 2, 1, 2, 2, 2, 1, 2, 2, 3, 2, 2, 2, 2, 2, 1, 2, 2, 2, 2, 1, 2, 3, 3, 1, 2, 2, 3, 2, 2, 2, 2, 1, 1, 2, 1, 3, 2, 2, 2, 2, 2, 2, 2, 2, 2, 2, 2, 3, 2, 3, 2, 2, 2, 2, 2, 2, 2, 3, 1, 2, 2, 3, 3, 2, 2, 2, 2, 2, 1, 1, 1, 2, 2, 1, 3, 2, 2, 1, 2, 2, 3, 2, 2, 2, 3, 2, 2, 1, 2, 1, 1, 2, 1, 1, 2, 2, 1, 2, 1, 2, 1, 2, 2, 1, 2, 1, 2, 2, 3, 2, 3, 2, 2, 2, 3, 3, 2, 3, 2, 1, 2, 2, 1, 2, 3, 2, 2, 1, 2, 1, 2, 2, 1, 2, 2, 1, 2, 2, 1, 2, 2, 2, 2, 3, 1, 2, 3, 2, 2, 1, 2, 2, 2, 1, 2, 1, 2, 2, 3, 2, 1, 2, 1, 1, 3, 2, 3, 2, 2, 1, 2, 1, 1, 2, 2, 1, 1, 3, 2, 1, 2, 2, 1, 3, 2, 2, 2, 2, 1, 2, 2, 2, 1, 3, 1, 2, 2, 1, 2, 2, 1, 2, 2, 1, 1, 3, 2, 3, 2, 2, 1, 1, 2, 2, 1, 3, 1, 3, 3, 1, 2, 1, 2, 1, 1, 1, 1, 1, 2, 2, 3, 2, 2, 2, 1, 3, 2, 1, 2, 2, 2, 3, 2, 2, 2, 2, 3, 2, 2, 2, 2, 3, 2, 2, 1, 3, 3, 1, 1, 2]
02/23/2023 13:32:20:INFO: ---------Evaluated Metrics----------
02/23/2023 13:32:20:INFO: Accuracy: 0.5687203791469194.
02/23/2023 13:32:20:INFO: Macro Precision: 0.43204340007642256.
02/23/2023 13:32:20:INFO: Macro Recall: 0.4806173449772066.
02/23/2023 13:32:20:INFO: Macro F1 score: 0.4368326585915803.
02/23/2023 13:32:20:INFO: ---------confusion_matrix----------
02/23/2023 13:32:20:INFO: 
[[ 37  49  19]
 [ 60 191  38]
 [ 10   6  12]]
02/23/2023 13:32:20:INFO: 模型效果验证详情: {'位置第一个显示标签': 5, '其他位置有情感标签': 0, '全句没有情感标签': 0}.
02/23/2023 13:32:20:INFO: ----------------------Evaluate finished.------------------------
02/23/2023 13:32:20:INFO: --------------Epoch. 3.---------------
02/23/2023 13:32:25:INFO: [Epoch. 3.]: 100%|| 75/75 [00:04<00:00, 16.09it/s, avg_loss=0.358]
02/23/2023 13:32:25:INFO: Epoch 3, average loss: 0.35780087863405546
02/23/2023 13:32:25:INFO: --------------Evaluate on Epoch. 3.---------------
02/23/2023 13:32:25:INFO: tensor([28996, 28997, 28998], device='cuda:0')
02/23/2023 13:32:27:INFO: **********Results Comparison**********
02/23/2023 13:32:27:INFO: 真实标签: 
 [1, 2, 2, 2, 2, 2, 2, 2, 2, 2, 2, 2, 2, 3, 2, 2, 2, 2, 3, 2, 2, 3, 1, 1, 1, 2, 1, 2, 2, 2, 2, 2, 3, 1, 2, 3, 2, 2, 3, 1, 2, 2, 2, 2, 3, 2, 2, 1, 2, 2, 2, 2, 2, 2, 2, 1, 2, 2, 1, 2, 1, 1, 2, 2, 1, 1, 2, 2, 2, 2, 2, 2, 2, 3, 1, 1, 2, 2, 2, 1, 2, 2, 2, 2, 2, 2, 3, 2, 2, 2, 1, 1, 1, 2, 1, 1, 1, 2, 1, 2, 1, 1, 2, 1, 1, 2, 1, 2, 1, 2, 3, 2, 1, 2, 2, 2, 2, 2, 3, 2, 2, 1, 2, 2, 2, 3, 2, 2, 2, 2, 2, 2, 2, 2, 2, 3, 2, 2, 2, 2, 3, 2, 2, 1, 2, 2, 2, 2, 2, 1, 2, 2, 1, 1, 1, 2, 2, 2, 2, 2, 1, 2, 2, 2, 2, 2, 2, 1, 2, 2, 2, 2, 2, 2, 1, 2, 1, 2, 2, 2, 2, 2, 1, 2, 2, 3, 3, 2, 3, 2, 2, 2, 2, 1, 1, 2, 2, 2, 2, 2, 1, 2, 1, 2, 1, 2, 1, 2, 2, 1, 2, 2, 1, 2, 2, 2, 2, 2, 2, 1, 2, 2, 2, 1, 3, 1, 3, 2, 2, 3, 2, 2, 2, 1, 2, 1, 2, 2, 2, 3, 2, 2, 3, 2, 2, 2, 3, 2, 2, 2, 2, 1, 2, 2, 1, 2, 2, 2, 3, 1, 2, 2, 2, 2, 1, 1, 2, 1, 2, 2, 1, 2, 2, 1, 2, 2, 2, 1, 2, 2, 2, 1, 2, 2, 2, 2, 2, 2, 2, 2, 2, 1, 1, 2, 2, 2, 1, 2, 2, 2, 2, 2, 2, 2, 2, 2, 2, 2, 2, 2, 1, 1, 2, 2, 2, 2, 1, 3, 1, 1, 2, 1, 1, 2, 1, 1, 2, 2, 2, 1, 2, 2, 2, 2, 1, 2, 2, 2, 2, 2, 1, 2, 1, 2, 1, 2, 2, 1, 2, 2, 1, 2, 2, 2, 2, 1, 2, 2, 2, 2, 2, 2, 3, 2, 2, 2, 3, 2, 2, 1, 2, 1, 2, 2, 2, 2, 1, 2, 2, 2, 2, 1, 2, 1, 1, 1, 2, 1, 1, 2, 1, 2, 2, 2, 2, 1, 2, 1, 2, 1, 1, 2, 2, 2, 2, 2, 2, 2, 3, 2, 1, 2, 2, 1, 2, 1, 2, 2, 2, 1, 1, 1]
02/23/2023 13:32:27:INFO: 预测标签: 
 [2, 1, 2, 2, 2, 1, 1, 2, 1, 2, 2, 1, 2, 2, 2, 2, 2, 2, 2, 2, 2, 3, 2, 1, 2, 1, 2, 2, 2, 2, 2, 3, 3, 2, 1, 1, 2, 2, 3, 2, 2, 2, 1, 2, 1, 1, 2, 2, 2, 2, 3, 2, 2, 2, 2, 1, 2, 3, 1, 2, 2, 2, 1, 2, 1, 3, 2, 1, 1, 1, 2, 2, 2, 2, 2, 2, 1, 2, 1, 2, 2, 2, 2, 2, 3, 3, 3, 1, 2, 2, 1, 3, 1, 3, 1, 1, 2, 2, 2, 2, 1, 3, 2, 3, 2, 2, 1, 2, 1, 2, 3, 1, 1, 2, 2, 2, 2, 1, 1, 3, 2, 2, 2, 2, 2, 2, 2, 2, 2, 1, 2, 1, 1, 1, 2, 3, 1, 1, 1, 2, 2, 2, 2, 3, 2, 1, 3, 2, 2, 1, 2, 2, 3, 3, 2, 2, 1, 3, 2, 2, 2, 2, 2, 1, 2, 2, 2, 1, 3, 2, 1, 2, 2, 1, 2, 2, 1, 2, 2, 1, 2, 1, 1, 3, 3, 1, 2, 2, 3, 2, 2, 2, 2, 1, 1, 2, 1, 3, 2, 2, 2, 2, 2, 2, 2, 2, 1, 2, 2, 3, 2, 3, 2, 2, 2, 2, 2, 2, 2, 3, 1, 2, 2, 3, 3, 2, 2, 2, 2, 2, 2, 1, 1, 2, 2, 2, 3, 2, 2, 2, 2, 2, 3, 2, 2, 2, 3, 2, 2, 1, 2, 1, 2, 2, 1, 1, 2, 2, 1, 2, 1, 2, 1, 3, 1, 1, 2, 1, 2, 2, 3, 2, 3, 2, 2, 2, 3, 3, 2, 3, 2, 2, 2, 2, 1, 2, 2, 2, 2, 1, 2, 3, 2, 2, 1, 2, 1, 1, 2, 2, 1, 2, 2, 2, 2, 2, 1, 2, 3, 2, 2, 1, 2, 2, 2, 1, 2, 1, 2, 2, 3, 1, 1, 2, 1, 1, 3, 2, 3, 2, 1, 1, 2, 1, 2, 2, 2, 3, 1, 3, 2, 1, 2, 2, 1, 1, 2, 2, 2, 2, 1, 2, 2, 2, 1, 3, 2, 2, 2, 2, 2, 2, 1, 2, 2, 1, 1, 3, 2, 3, 2, 2, 1, 1, 2, 2, 1, 2, 1, 3, 3, 1, 2, 1, 2, 1, 1, 1, 1, 2, 2, 2, 3, 2, 2, 2, 2, 2, 2, 1, 2, 2, 2, 2, 2, 2, 2, 2, 3, 2, 1, 2, 2, 3, 2, 2, 1, 3, 3, 1, 1, 2]
02/23/2023 13:32:27:INFO: ---------Evaluated Metrics----------
02/23/2023 13:32:27:INFO: Accuracy: 0.5947867298578199.
02/23/2023 13:32:27:INFO: Macro Precision: 0.45033363776236435.
02/23/2023 13:32:27:INFO: Macro Recall: 0.49265941670785957.
02/23/2023 13:32:27:INFO: Macro F1 score: 0.4585977986209259.
02/23/2023 13:32:27:INFO: ---------confusion_matrix----------
02/23/2023 13:32:27:INFO: 
[[ 42  47  16]
 [ 60 198  31]
 [  8   9  11]]
02/23/2023 13:32:27:INFO: 模型效果验证详情: {'位置第一个显示标签': 90, '其他位置有情感标签': 0, '全句没有情感标签': 0}.
02/23/2023 13:32:27:INFO: ----------------------Evaluate finished.------------------------
02/23/2023 13:32:27:INFO: --------------Epoch. 4.---------------
02/23/2023 13:32:32:INFO: [Epoch. 4.]: 100%|| 75/75 [00:04<00:00, 16.18it/s, avg_loss=0.191]
02/23/2023 13:32:32:INFO: Epoch 4, average loss: 0.19103392601013183
02/23/2023 13:32:32:INFO: --------------Evaluate on Epoch. 4.---------------
02/23/2023 13:32:32:INFO: tensor([28996, 28997, 28998], device='cuda:0')
02/23/2023 13:32:34:INFO: **********Results Comparison**********
02/23/2023 13:32:34:INFO: 真实标签: 
 [1, 2, 2, 2, 2, 2, 2, 2, 2, 2, 2, 2, 2, 3, 2, 2, 2, 2, 3, 2, 2, 3, 1, 1, 1, 2, 1, 2, 2, 2, 2, 2, 3, 1, 2, 3, 2, 2, 3, 1, 2, 2, 2, 2, 3, 2, 2, 1, 2, 2, 2, 2, 2, 2, 2, 1, 2, 2, 1, 2, 1, 1, 2, 2, 1, 1, 2, 2, 2, 2, 2, 2, 2, 3, 1, 1, 2, 2, 2, 1, 2, 2, 2, 2, 2, 2, 3, 2, 2, 2, 1, 1, 1, 2, 1, 1, 1, 2, 1, 2, 1, 1, 2, 1, 1, 2, 1, 2, 1, 2, 3, 2, 1, 2, 2, 2, 2, 2, 3, 2, 2, 1, 2, 2, 2, 3, 2, 2, 2, 2, 2, 2, 2, 2, 2, 3, 2, 2, 2, 2, 3, 2, 2, 1, 2, 2, 2, 2, 2, 1, 2, 2, 1, 1, 1, 2, 2, 2, 2, 2, 1, 2, 2, 2, 2, 2, 2, 1, 2, 2, 2, 2, 2, 2, 1, 2, 1, 2, 2, 2, 2, 2, 1, 2, 2, 3, 3, 2, 3, 2, 2, 2, 2, 1, 1, 2, 2, 2, 2, 2, 1, 2, 1, 2, 1, 2, 1, 2, 2, 1, 2, 2, 1, 2, 2, 2, 2, 2, 2, 1, 2, 2, 2, 1, 3, 1, 3, 2, 2, 3, 2, 2, 2, 1, 2, 1, 2, 2, 2, 3, 2, 2, 3, 2, 2, 2, 3, 2, 2, 2, 2, 1, 2, 2, 1, 2, 2, 2, 3, 1, 2, 2, 2, 2, 1, 1, 2, 1, 2, 2, 1, 2, 2, 1, 2, 2, 2, 1, 2, 2, 2, 1, 2, 2, 2, 2, 2, 2, 2, 2, 2, 1, 1, 2, 2, 2, 1, 2, 2, 2, 2, 2, 2, 2, 2, 2, 2, 2, 2, 2, 1, 1, 2, 2, 2, 2, 1, 3, 1, 1, 2, 1, 1, 2, 1, 1, 2, 2, 2, 1, 2, 2, 2, 2, 1, 2, 2, 2, 2, 2, 1, 2, 1, 2, 1, 2, 2, 1, 2, 2, 1, 2, 2, 2, 2, 1, 2, 2, 2, 2, 2, 2, 3, 2, 2, 2, 3, 2, 2, 1, 2, 1, 2, 2, 2, 2, 1, 2, 2, 2, 2, 1, 2, 1, 1, 1, 2, 1, 1, 2, 1, 2, 2, 2, 2, 1, 2, 1, 2, 1, 1, 2, 2, 2, 2, 2, 2, 2, 3, 2, 1, 2, 2, 1, 2, 1, 2, 2, 2, 1, 1, 1]
02/23/2023 13:32:34:INFO: 预测标签: 
 [2, 1, 2, 2, 2, 1, 3, 2, 1, 3, 2, 1, 1, 2, 2, 2, 2, 1, 2, 3, 2, 3, 2, 1, 3, 3, 1, 2, 2, 2, 2, 3, 3, 1, 1, 1, 2, 2, 3, 1, 2, 2, 1, 2, 1, 1, 2, 1, 2, 1, 3, 2, 2, 2, 3, 1, 2, 3, 1, 2, 1, 2, 1, 2, 1, 3, 2, 1, 1, 3, 2, 2, 2, 1, 2, 2, 1, 2, 1, 1, 2, 3, 2, 2, 3, 3, 3, 1, 2, 2, 1, 3, 1, 3, 1, 1, 1, 2, 2, 2, 1, 3, 2, 3, 2, 2, 1, 2, 1, 2, 3, 1, 1, 2, 2, 2, 2, 1, 1, 3, 1, 1, 2, 1, 2, 2, 2, 2, 1, 1, 2, 1, 1, 1, 2, 3, 1, 1, 1, 2, 1, 2, 2, 3, 2, 3, 3, 2, 3, 1, 2, 2, 3, 3, 2, 2, 1, 3, 2, 2, 1, 2, 2, 1, 2, 2, 1, 1, 3, 1, 3, 2, 2, 1, 2, 1, 1, 2, 1, 1, 1, 1, 1, 3, 3, 1, 3, 2, 3, 2, 2, 2, 2, 1, 1, 2, 1, 3, 3, 2, 2, 2, 3, 2, 2, 2, 1, 2, 2, 3, 2, 3, 2, 2, 2, 2, 2, 2, 2, 3, 1, 2, 2, 3, 3, 2, 2, 2, 2, 3, 2, 1, 1, 2, 2, 1, 3, 2, 2, 3, 2, 2, 3, 2, 2, 2, 3, 2, 2, 1, 1, 1, 3, 2, 1, 1, 1, 3, 1, 2, 1, 2, 1, 3, 1, 1, 2, 1, 2, 1, 3, 2, 3, 2, 2, 2, 3, 3, 2, 3, 2, 2, 2, 2, 1, 2, 3, 2, 2, 1, 2, 3, 1, 2, 1, 2, 1, 1, 2, 1, 1, 2, 2, 2, 2, 3, 1, 2, 3, 3, 2, 1, 1, 2, 2, 1, 2, 1, 2, 2, 3, 1, 1, 2, 1, 1, 3, 1, 3, 2, 1, 1, 2, 1, 1, 2, 2, 3, 1, 3, 2, 1, 2, 2, 1, 3, 2, 1, 2, 2, 1, 2, 2, 2, 1, 3, 2, 2, 2, 1, 2, 2, 1, 2, 2, 3, 3, 3, 2, 3, 2, 2, 1, 1, 2, 2, 1, 2, 1, 3, 3, 1, 2, 1, 1, 1, 1, 1, 1, 1, 3, 2, 3, 2, 2, 2, 1, 3, 2, 1, 1, 2, 1, 3, 3, 2, 2, 2, 3, 2, 1, 2, 1, 3, 1, 2, 1, 3, 3, 1, 1, 1]
02/23/2023 13:32:34:INFO: ---------Evaluated Metrics----------
02/23/2023 13:32:34:INFO: Accuracy: 0.556872037914692.
02/23/2023 13:32:34:INFO: Macro Precision: 0.4731304161958458.
02/23/2023 13:32:34:INFO: Macro Recall: 0.549549623771077.
02/23/2023 13:32:34:INFO: Macro F1 score: 0.4676996667817314.
02/23/2023 13:32:34:INFO: ---------confusion_matrix----------
02/23/2023 13:32:34:INFO: 
[[ 58  27  20]
 [ 76 162  51]
 [  9   4  15]]
02/23/2023 13:32:34:INFO: 模型效果验证详情: {'位置第一个显示标签': 126, '其他位置有情感标签': 0, '全句没有情感标签': 0}.
02/23/2023 13:32:34:INFO: ----------------------Evaluate finished.------------------------
02/23/2023 13:32:34:INFO: --------------Epoch. 5.---------------
02/23/2023 13:32:39:INFO: [Epoch. 5.]: 100%|| 75/75 [00:04<00:00, 16.32it/s, avg_loss=0.0972]
02/23/2023 13:32:39:INFO: Epoch 5, average loss: 0.09721032656729221
02/23/2023 13:32:39:INFO: --------------Evaluate on Epoch. 5.---------------
02/23/2023 13:32:39:INFO: tensor([28996, 28997, 28998], device='cuda:0')
02/23/2023 13:32:41:INFO: **********Results Comparison**********
02/23/2023 13:32:41:INFO: 真实标签: 
 [1, 2, 2, 2, 2, 2, 2, 2, 2, 2, 2, 2, 2, 3, 2, 2, 2, 2, 3, 2, 2, 3, 1, 1, 1, 2, 1, 2, 2, 2, 2, 2, 3, 1, 2, 3, 2, 2, 3, 1, 2, 2, 2, 2, 3, 2, 2, 1, 2, 2, 2, 2, 2, 2, 2, 1, 2, 2, 1, 2, 1, 1, 2, 2, 1, 1, 2, 2, 2, 2, 2, 2, 2, 3, 1, 1, 2, 2, 2, 1, 2, 2, 2, 2, 2, 2, 3, 2, 2, 2, 1, 1, 1, 2, 1, 1, 1, 2, 1, 2, 1, 1, 2, 1, 1, 2, 1, 2, 1, 2, 3, 2, 1, 2, 2, 2, 2, 2, 3, 2, 2, 1, 2, 2, 2, 3, 2, 2, 2, 2, 2, 2, 2, 2, 2, 3, 2, 2, 2, 2, 3, 2, 2, 1, 2, 2, 2, 2, 2, 1, 2, 2, 1, 1, 1, 2, 2, 2, 2, 2, 1, 2, 2, 2, 2, 2, 2, 1, 2, 2, 2, 2, 2, 2, 1, 2, 1, 2, 2, 2, 2, 2, 1, 2, 2, 3, 3, 2, 3, 2, 2, 2, 2, 1, 1, 2, 2, 2, 2, 2, 1, 2, 1, 2, 1, 2, 1, 2, 2, 1, 2, 2, 1, 2, 2, 2, 2, 2, 2, 1, 2, 2, 2, 1, 3, 1, 3, 2, 2, 3, 2, 2, 2, 1, 2, 1, 2, 2, 2, 3, 2, 2, 3, 2, 2, 2, 3, 2, 2, 2, 2, 1, 2, 2, 1, 2, 2, 2, 3, 1, 2, 2, 2, 2, 1, 1, 2, 1, 2, 2, 1, 2, 2, 1, 2, 2, 2, 1, 2, 2, 2, 1, 2, 2, 2, 2, 2, 2, 2, 2, 2, 1, 1, 2, 2, 2, 1, 2, 2, 2, 2, 2, 2, 2, 2, 2, 2, 2, 2, 2, 1, 1, 2, 2, 2, 2, 1, 3, 1, 1, 2, 1, 1, 2, 1, 1, 2, 2, 2, 1, 2, 2, 2, 2, 1, 2, 2, 2, 2, 2, 1, 2, 1, 2, 1, 2, 2, 1, 2, 2, 1, 2, 2, 2, 2, 1, 2, 2, 2, 2, 2, 2, 3, 2, 2, 2, 3, 2, 2, 1, 2, 1, 2, 2, 2, 2, 1, 2, 2, 2, 2, 1, 2, 1, 1, 1, 2, 1, 1, 2, 1, 2, 2, 2, 2, 1, 2, 1, 2, 1, 1, 2, 2, 2, 2, 2, 2, 2, 3, 2, 1, 2, 2, 1, 2, 1, 2, 2, 2, 1, 1, 1]
02/23/2023 13:32:41:INFO: 预测标签: 
 [2, 3, 2, 2, 2, 3, 3, 2, 1, 3, 2, 1, 1, 2, 2, 2, 2, 1, 2, 3, 2, 3, 2, 1, 3, 3, 2, 2, 2, 2, 2, 3, 3, 1, 1, 3, 2, 2, 3, 1, 2, 2, 1, 2, 1, 1, 2, 1, 2, 2, 3, 2, 2, 2, 3, 1, 2, 3, 3, 2, 3, 2, 1, 2, 3, 3, 2, 1, 1, 3, 2, 3, 2, 3, 2, 2, 1, 2, 3, 1, 2, 3, 2, 2, 3, 3, 3, 1, 2, 2, 3, 3, 3, 3, 3, 1, 2, 3, 2, 2, 1, 3, 2, 3, 2, 3, 1, 2, 1, 2, 3, 3, 1, 1, 2, 2, 2, 1, 1, 3, 1, 1, 2, 3, 2, 2, 2, 2, 2, 1, 2, 3, 1, 2, 2, 3, 3, 1, 3, 2, 1, 2, 2, 3, 2, 3, 3, 3, 3, 1, 2, 2, 3, 3, 2, 2, 1, 3, 2, 2, 1, 2, 2, 1, 2, 2, 3, 1, 3, 1, 3, 2, 2, 1, 3, 3, 1, 2, 1, 1, 3, 1, 1, 3, 3, 1, 3, 2, 3, 2, 2, 2, 2, 3, 1, 2, 3, 3, 3, 2, 2, 2, 3, 2, 2, 2, 3, 2, 2, 3, 2, 3, 2, 2, 2, 2, 2, 2, 2, 3, 3, 2, 2, 3, 3, 2, 3, 2, 2, 3, 2, 1, 3, 2, 2, 2, 2, 2, 2, 3, 2, 2, 3, 2, 2, 3, 3, 2, 2, 1, 1, 1, 3, 2, 1, 1, 2, 3, 1, 2, 3, 2, 1, 3, 1, 3, 2, 1, 2, 3, 3, 2, 3, 2, 2, 2, 3, 3, 2, 3, 2, 2, 2, 2, 1, 3, 3, 2, 2, 1, 2, 3, 3, 2, 3, 2, 1, 1, 2, 3, 1, 2, 2, 2, 2, 3, 1, 2, 3, 3, 2, 1, 1, 2, 2, 3, 2, 1, 2, 2, 3, 3, 1, 2, 3, 1, 3, 2, 3, 2, 2, 1, 2, 1, 1, 2, 2, 3, 1, 3, 2, 1, 2, 2, 1, 3, 2, 1, 2, 2, 1, 2, 2, 3, 3, 3, 2, 2, 2, 1, 2, 2, 1, 2, 2, 3, 3, 3, 2, 3, 2, 2, 1, 1, 2, 2, 3, 2, 3, 3, 3, 1, 2, 1, 1, 1, 1, 1, 1, 1, 3, 2, 3, 2, 2, 2, 1, 3, 2, 3, 2, 2, 1, 3, 3, 2, 2, 2, 3, 2, 1, 2, 1, 3, 1, 2, 1, 3, 3, 1, 3, 1]
02/23/2023 13:32:41:INFO: ---------Evaluated Metrics----------
02/23/2023 13:32:41:INFO: Accuracy: 0.5165876777251185.
02/23/2023 13:32:41:INFO: Macro Precision: 0.4575035145267104.
02/23/2023 13:32:41:INFO: Macro Recall: 0.5237930466304169.
02/23/2023 13:32:41:INFO: Macro F1 score: 0.42657545605306807.
02/23/2023 13:32:41:INFO: ---------confusion_matrix----------
02/23/2023 13:32:41:INFO: 
[[ 39  30  36]
 [ 50 161  78]
 [  7   3  18]]
02/23/2023 13:32:41:INFO: 模型效果验证详情: {'位置第一个显示标签': 152, '其他位置有情感标签': 0, '全句没有情感标签': 0}.
02/23/2023 13:32:41:INFO: ----------------------Evaluate finished.------------------------
02/23/2023 13:32:41:INFO: --------------Epoch. 6.---------------
02/23/2023 13:32:45:INFO: [Epoch. 6.]: 100%|| 75/75 [00:04<00:00, 16.34it/s, avg_loss=0.0713]
02/23/2023 13:32:45:INFO: Epoch 6, average loss: 0.0713023874287804
02/23/2023 13:32:45:INFO: --------------Evaluate on Epoch. 6.---------------
02/23/2023 13:32:45:INFO: tensor([28996, 28997, 28998], device='cuda:0')
02/23/2023 13:32:47:INFO: **********Results Comparison**********
02/23/2023 13:32:47:INFO: 真实标签: 
 [1, 2, 2, 2, 2, 2, 2, 2, 2, 2, 2, 2, 2, 3, 2, 2, 2, 2, 3, 2, 2, 3, 1, 1, 1, 2, 1, 2, 2, 2, 2, 2, 3, 1, 2, 3, 2, 2, 3, 1, 2, 2, 2, 2, 3, 2, 2, 1, 2, 2, 2, 2, 2, 2, 2, 1, 2, 2, 1, 2, 1, 1, 2, 2, 1, 1, 2, 2, 2, 2, 2, 2, 2, 3, 1, 1, 2, 2, 2, 1, 2, 2, 2, 2, 2, 2, 3, 2, 2, 2, 1, 1, 1, 2, 1, 1, 1, 2, 1, 2, 1, 1, 2, 1, 1, 2, 1, 2, 1, 2, 3, 2, 1, 2, 2, 2, 2, 2, 3, 2, 2, 1, 2, 2, 2, 3, 2, 2, 2, 2, 2, 2, 2, 2, 2, 3, 2, 2, 2, 2, 3, 2, 2, 1, 2, 2, 2, 2, 2, 1, 2, 2, 1, 1, 1, 2, 2, 2, 2, 2, 1, 2, 2, 2, 2, 2, 2, 1, 2, 2, 2, 2, 2, 2, 1, 2, 1, 2, 2, 2, 2, 2, 1, 2, 2, 3, 3, 2, 3, 2, 2, 2, 2, 1, 1, 2, 2, 2, 2, 2, 1, 2, 1, 2, 1, 2, 1, 2, 2, 1, 2, 2, 1, 2, 2, 2, 2, 2, 2, 1, 2, 2, 2, 1, 3, 1, 3, 2, 2, 3, 2, 2, 2, 1, 2, 1, 2, 2, 2, 3, 2, 2, 3, 2, 2, 2, 3, 2, 2, 2, 2, 1, 2, 2, 1, 2, 2, 2, 3, 1, 2, 2, 2, 2, 1, 1, 2, 1, 2, 2, 1, 2, 2, 1, 2, 2, 2, 1, 2, 2, 2, 1, 2, 2, 2, 2, 2, 2, 2, 2, 2, 1, 1, 2, 2, 2, 1, 2, 2, 2, 2, 2, 2, 2, 2, 2, 2, 2, 2, 2, 1, 1, 2, 2, 2, 2, 1, 3, 1, 1, 2, 1, 1, 2, 1, 1, 2, 2, 2, 1, 2, 2, 2, 2, 1, 2, 2, 2, 2, 2, 1, 2, 1, 2, 1, 2, 2, 1, 2, 2, 1, 2, 2, 2, 2, 1, 2, 2, 2, 2, 2, 2, 3, 2, 2, 2, 3, 2, 2, 1, 2, 1, 2, 2, 2, 2, 1, 2, 2, 2, 2, 1, 2, 1, 1, 1, 2, 1, 1, 2, 1, 2, 2, 2, 2, 1, 2, 1, 2, 1, 1, 2, 2, 2, 2, 2, 2, 2, 3, 2, 1, 2, 2, 1, 2, 1, 2, 2, 2, 1, 1, 1]
02/23/2023 13:32:47:INFO: 预测标签: 
 [2, 1, 2, 2, 2, 2, 2, 2, 2, 2, 2, 1, 2, 2, 2, 2, 2, 2, 2, 2, 2, 3, 2, 1, 2, 1, 2, 2, 2, 2, 2, 3, 3, 2, 1, 1, 2, 2, 3, 2, 2, 2, 1, 2, 1, 1, 2, 2, 2, 2, 2, 2, 2, 2, 2, 1, 2, 3, 1, 2, 2, 2, 1, 2, 2, 3, 2, 1, 1, 3, 2, 2, 2, 2, 2, 2, 1, 2, 2, 2, 2, 2, 2, 2, 3, 3, 3, 2, 2, 2, 1, 3, 1, 3, 1, 1, 2, 2, 2, 2, 1, 2, 2, 3, 2, 2, 1, 2, 1, 2, 3, 2, 1, 2, 2, 2, 2, 2, 1, 3, 2, 2, 2, 2, 2, 2, 2, 2, 2, 1, 2, 1, 2, 2, 2, 3, 2, 1, 1, 2, 1, 2, 2, 3, 2, 1, 2, 2, 3, 2, 2, 2, 1, 3, 2, 2, 1, 3, 2, 2, 2, 2, 2, 1, 2, 2, 2, 1, 3, 2, 2, 2, 2, 2, 2, 2, 1, 2, 2, 1, 2, 1, 1, 3, 3, 1, 2, 2, 3, 2, 2, 2, 2, 1, 1, 2, 1, 3, 2, 2, 2, 2, 3, 2, 2, 2, 2, 2, 2, 3, 2, 3, 2, 2, 2, 2, 2, 2, 2, 3, 2, 2, 2, 1, 3, 2, 2, 2, 2, 2, 2, 1, 2, 2, 2, 2, 2, 2, 2, 2, 2, 2, 3, 2, 2, 2, 2, 2, 2, 2, 2, 2, 2, 2, 1, 2, 2, 2, 1, 2, 2, 2, 1, 3, 2, 1, 2, 1, 2, 2, 3, 2, 3, 2, 2, 2, 3, 3, 2, 3, 2, 2, 2, 2, 1, 2, 2, 2, 2, 1, 2, 3, 1, 2, 1, 2, 2, 1, 2, 2, 2, 2, 2, 2, 2, 2, 1, 2, 3, 2, 2, 1, 1, 2, 2, 1, 2, 1, 2, 2, 3, 2, 2, 2, 1, 1, 2, 2, 3, 2, 2, 2, 2, 1, 1, 2, 2, 1, 1, 3, 2, 1, 2, 2, 1, 3, 2, 1, 2, 2, 1, 2, 2, 2, 2, 3, 2, 2, 2, 2, 2, 2, 1, 2, 2, 1, 3, 2, 2, 3, 2, 2, 2, 2, 2, 2, 1, 2, 1, 3, 3, 1, 2, 1, 2, 1, 1, 1, 1, 2, 2, 2, 3, 2, 2, 2, 2, 2, 2, 1, 2, 2, 2, 2, 2, 2, 2, 2, 3, 2, 1, 2, 2, 3, 2, 2, 2, 2, 3, 1, 2, 1]
02/23/2023 13:32:47:INFO: ---------Evaluated Metrics----------
02/23/2023 13:32:47:INFO: Accuracy: 0.6540284360189573.
02/23/2023 13:32:47:INFO: Macro Precision: 0.489624808534594.
02/23/2023 13:32:47:INFO: Macro Recall: 0.5154308782336464.
02/23/2023 13:32:47:INFO: Macro F1 score: 0.49153861308116625.
02/23/2023 13:32:47:INFO: ---------confusion_matrix----------
02/23/2023 13:32:47:INFO: 
[[ 39  52  14]
 [ 36 226  27]
 [  8   9  11]]
02/23/2023 13:32:47:INFO: 模型效果验证详情: {'位置第一个显示标签': 136, '其他位置有情感标签': 0, '全句没有情感标签': 0}.
02/23/2023 13:32:47:INFO: ----------------------Evaluate finished.------------------------
02/23/2023 13:32:47:INFO: --------------Epoch. 7.---------------
02/23/2023 13:32:52:INFO: [Epoch. 7.]: 100%|| 75/75 [00:04<00:00, 16.35it/s, avg_loss=0.0457]
02/23/2023 13:32:52:INFO: Epoch 7, average loss: 0.045691844187676904
02/23/2023 13:32:52:INFO: --------------Evaluate on Epoch. 7.---------------
02/23/2023 13:32:52:INFO: tensor([28996, 28997, 28998], device='cuda:0')
02/23/2023 13:32:54:INFO: **********Results Comparison**********
02/23/2023 13:32:54:INFO: 真实标签: 
 [1, 2, 2, 2, 2, 2, 2, 2, 2, 2, 2, 2, 2, 3, 2, 2, 2, 2, 3, 2, 2, 3, 1, 1, 1, 2, 1, 2, 2, 2, 2, 2, 3, 1, 2, 3, 2, 2, 3, 1, 2, 2, 2, 2, 3, 2, 2, 1, 2, 2, 2, 2, 2, 2, 2, 1, 2, 2, 1, 2, 1, 1, 2, 2, 1, 1, 2, 2, 2, 2, 2, 2, 2, 3, 1, 1, 2, 2, 2, 1, 2, 2, 2, 2, 2, 2, 3, 2, 2, 2, 1, 1, 1, 2, 1, 1, 1, 2, 1, 2, 1, 1, 2, 1, 1, 2, 1, 2, 1, 2, 3, 2, 1, 2, 2, 2, 2, 2, 3, 2, 2, 1, 2, 2, 2, 3, 2, 2, 2, 2, 2, 2, 2, 2, 2, 3, 2, 2, 2, 2, 3, 2, 2, 1, 2, 2, 2, 2, 2, 1, 2, 2, 1, 1, 1, 2, 2, 2, 2, 2, 1, 2, 2, 2, 2, 2, 2, 1, 2, 2, 2, 2, 2, 2, 1, 2, 1, 2, 2, 2, 2, 2, 1, 2, 2, 3, 3, 2, 3, 2, 2, 2, 2, 1, 1, 2, 2, 2, 2, 2, 1, 2, 1, 2, 1, 2, 1, 2, 2, 1, 2, 2, 1, 2, 2, 2, 2, 2, 2, 1, 2, 2, 2, 1, 3, 1, 3, 2, 2, 3, 2, 2, 2, 1, 2, 1, 2, 2, 2, 3, 2, 2, 3, 2, 2, 2, 3, 2, 2, 2, 2, 1, 2, 2, 1, 2, 2, 2, 3, 1, 2, 2, 2, 2, 1, 1, 2, 1, 2, 2, 1, 2, 2, 1, 2, 2, 2, 1, 2, 2, 2, 1, 2, 2, 2, 2, 2, 2, 2, 2, 2, 1, 1, 2, 2, 2, 1, 2, 2, 2, 2, 2, 2, 2, 2, 2, 2, 2, 2, 2, 1, 1, 2, 2, 2, 2, 1, 3, 1, 1, 2, 1, 1, 2, 1, 1, 2, 2, 2, 1, 2, 2, 2, 2, 1, 2, 2, 2, 2, 2, 1, 2, 1, 2, 1, 2, 2, 1, 2, 2, 1, 2, 2, 2, 2, 1, 2, 2, 2, 2, 2, 2, 3, 2, 2, 2, 3, 2, 2, 1, 2, 1, 2, 2, 2, 2, 1, 2, 2, 2, 2, 1, 2, 1, 1, 1, 2, 1, 1, 2, 1, 2, 2, 2, 2, 1, 2, 1, 2, 1, 1, 2, 2, 2, 2, 2, 2, 2, 3, 2, 1, 2, 2, 1, 2, 1, 2, 2, 2, 1, 1, 1]
02/23/2023 13:32:54:INFO: 预测标签: 
 [2, 1, 2, 2, 2, 1, 1, 2, 1, 3, 2, 1, 1, 2, 2, 1, 2, 2, 2, 1, 2, 3, 2, 1, 1, 1, 1, 2, 2, 2, 2, 3, 3, 1, 1, 1, 2, 2, 3, 1, 2, 2, 1, 2, 1, 1, 2, 1, 2, 1, 3, 2, 2, 2, 3, 1, 2, 3, 1, 2, 1, 2, 1, 2, 1, 3, 2, 1, 1, 3, 2, 3, 2, 1, 2, 2, 1, 2, 1, 1, 2, 3, 2, 2, 3, 3, 3, 1, 2, 2, 1, 3, 1, 3, 1, 1, 2, 1, 2, 3, 1, 1, 2, 3, 2, 2, 1, 1, 1, 2, 3, 1, 1, 1, 2, 2, 2, 1, 1, 3, 1, 1, 2, 1, 2, 2, 2, 2, 1, 1, 2, 1, 1, 1, 2, 3, 1, 1, 1, 2, 1, 2, 2, 3, 2, 3, 1, 2, 3, 1, 2, 2, 1, 3, 2, 2, 1, 3, 1, 2, 1, 2, 2, 1, 2, 2, 1, 1, 3, 1, 1, 2, 2, 1, 1, 2, 1, 2, 1, 1, 2, 1, 1, 3, 3, 1, 3, 2, 3, 2, 2, 2, 2, 1, 1, 2, 1, 3, 3, 2, 2, 2, 3, 2, 3, 2, 1, 2, 2, 3, 2, 3, 2, 2, 2, 2, 2, 2, 2, 3, 1, 2, 2, 1, 3, 2, 3, 2, 2, 3, 2, 1, 1, 2, 1, 1, 2, 2, 2, 3, 2, 2, 3, 2, 2, 1, 3, 2, 2, 1, 1, 1, 3, 2, 1, 1, 1, 3, 1, 2, 1, 2, 1, 3, 1, 1, 2, 1, 2, 1, 3, 2, 3, 2, 2, 2, 3, 3, 1, 3, 2, 2, 2, 2, 1, 1, 2, 2, 2, 1, 2, 3, 1, 2, 1, 2, 1, 1, 2, 1, 1, 2, 2, 2, 2, 3, 1, 2, 3, 3, 2, 1, 1, 2, 2, 1, 2, 1, 2, 2, 3, 1, 1, 2, 1, 1, 3, 2, 3, 2, 1, 1, 2, 1, 1, 2, 2, 3, 1, 3, 2, 1, 2, 2, 1, 3, 2, 1, 2, 2, 1, 2, 2, 1, 1, 3, 2, 2, 2, 1, 2, 2, 1, 2, 2, 1, 1, 3, 2, 3, 2, 2, 1, 1, 2, 1, 1, 2, 1, 3, 3, 1, 2, 1, 1, 1, 1, 1, 1, 1, 3, 2, 3, 2, 2, 1, 1, 3, 2, 1, 1, 2, 1, 3, 3, 2, 2, 2, 3, 2, 1, 2, 1, 3, 1, 2, 1, 3, 3, 1, 1, 1]
02/23/2023 13:32:54:INFO: ---------Evaluated Metrics----------
02/23/2023 13:32:54:INFO: Accuracy: 0.5521327014218009.
02/23/2023 13:32:54:INFO: Macro Precision: 0.4768962064044031.
02/23/2023 13:32:54:INFO: Macro Recall: 0.5573488218816939.
02/23/2023 13:32:54:INFO: Macro F1 score: 0.4714680196969285.
02/23/2023 13:32:54:INFO: ---------confusion_matrix----------
02/23/2023 13:32:54:INFO: 
[[ 63  25  17]
 [ 89 155  45]
 [ 10   3  15]]
02/23/2023 13:32:54:INFO: 模型效果验证详情: {'位置第一个显示标签': 161, '其他位置有情感标签': 0, '全句没有情感标签': 0}.
02/23/2023 13:32:54:INFO: ----------------------Evaluate finished.------------------------
02/23/2023 13:32:54:INFO: --------------Epoch. 8.---------------
02/23/2023 13:32:59:INFO: [Epoch. 8.]: 100%|| 75/75 [00:04<00:00, 16.35it/s, avg_loss=0.0312]
02/23/2023 13:32:59:INFO: Epoch 8, average loss: 0.031182844651242096
02/23/2023 13:32:59:INFO: --------------Evaluate on Epoch. 8.---------------
02/23/2023 13:32:59:INFO: tensor([28996, 28997, 28998], device='cuda:0')
02/23/2023 13:33:01:INFO: **********Results Comparison**********
02/23/2023 13:33:01:INFO: 真实标签: 
 [1, 2, 2, 2, 2, 2, 2, 2, 2, 2, 2, 2, 2, 3, 2, 2, 2, 2, 3, 2, 2, 3, 1, 1, 1, 2, 1, 2, 2, 2, 2, 2, 3, 1, 2, 3, 2, 2, 3, 1, 2, 2, 2, 2, 3, 2, 2, 1, 2, 2, 2, 2, 2, 2, 2, 1, 2, 2, 1, 2, 1, 1, 2, 2, 1, 1, 2, 2, 2, 2, 2, 2, 2, 3, 1, 1, 2, 2, 2, 1, 2, 2, 2, 2, 2, 2, 3, 2, 2, 2, 1, 1, 1, 2, 1, 1, 1, 2, 1, 2, 1, 1, 2, 1, 1, 2, 1, 2, 1, 2, 3, 2, 1, 2, 2, 2, 2, 2, 3, 2, 2, 1, 2, 2, 2, 3, 2, 2, 2, 2, 2, 2, 2, 2, 2, 3, 2, 2, 2, 2, 3, 2, 2, 1, 2, 2, 2, 2, 2, 1, 2, 2, 1, 1, 1, 2, 2, 2, 2, 2, 1, 2, 2, 2, 2, 2, 2, 1, 2, 2, 2, 2, 2, 2, 1, 2, 1, 2, 2, 2, 2, 2, 1, 2, 2, 3, 3, 2, 3, 2, 2, 2, 2, 1, 1, 2, 2, 2, 2, 2, 1, 2, 1, 2, 1, 2, 1, 2, 2, 1, 2, 2, 1, 2, 2, 2, 2, 2, 2, 1, 2, 2, 2, 1, 3, 1, 3, 2, 2, 3, 2, 2, 2, 1, 2, 1, 2, 2, 2, 3, 2, 2, 3, 2, 2, 2, 3, 2, 2, 2, 2, 1, 2, 2, 1, 2, 2, 2, 3, 1, 2, 2, 2, 2, 1, 1, 2, 1, 2, 2, 1, 2, 2, 1, 2, 2, 2, 1, 2, 2, 2, 1, 2, 2, 2, 2, 2, 2, 2, 2, 2, 1, 1, 2, 2, 2, 1, 2, 2, 2, 2, 2, 2, 2, 2, 2, 2, 2, 2, 2, 1, 1, 2, 2, 2, 2, 1, 3, 1, 1, 2, 1, 1, 2, 1, 1, 2, 2, 2, 1, 2, 2, 2, 2, 1, 2, 2, 2, 2, 2, 1, 2, 1, 2, 1, 2, 2, 1, 2, 2, 1, 2, 2, 2, 2, 1, 2, 2, 2, 2, 2, 2, 3, 2, 2, 2, 3, 2, 2, 1, 2, 1, 2, 2, 2, 2, 1, 2, 2, 2, 2, 1, 2, 1, 1, 1, 2, 1, 1, 2, 1, 2, 2, 2, 2, 1, 2, 1, 2, 1, 1, 2, 2, 2, 2, 2, 2, 2, 3, 2, 1, 2, 2, 1, 2, 1, 2, 2, 2, 1, 1, 1]
02/23/2023 13:33:01:INFO: 预测标签: 
 [2, 1, 2, 2, 2, 2, 1, 2, 1, 2, 2, 1, 2, 2, 2, 2, 2, 2, 2, 1, 2, 3, 2, 1, 2, 1, 2, 2, 2, 2, 2, 3, 3, 1, 1, 1, 2, 2, 3, 2, 2, 2, 1, 2, 1, 1, 2, 2, 2, 2, 2, 2, 2, 2, 2, 1, 2, 3, 1, 2, 2, 2, 1, 2, 1, 3, 2, 1, 1, 3, 2, 2, 2, 1, 2, 2, 1, 2, 2, 2, 2, 3, 2, 2, 3, 3, 3, 2, 2, 2, 1, 3, 1, 3, 1, 1, 2, 2, 2, 2, 1, 1, 2, 3, 2, 2, 1, 2, 1, 2, 3, 2, 1, 1, 2, 2, 2, 1, 1, 3, 1, 2, 2, 2, 2, 2, 2, 2, 2, 1, 2, 1, 1, 2, 2, 3, 1, 1, 1, 2, 1, 2, 2, 3, 2, 3, 2, 2, 3, 2, 2, 2, 1, 3, 2, 2, 1, 3, 2, 2, 2, 2, 2, 1, 2, 2, 2, 1, 3, 1, 1, 2, 2, 1, 1, 2, 1, 2, 2, 1, 2, 1, 1, 3, 3, 1, 2, 2, 3, 2, 2, 2, 2, 1, 1, 2, 1, 3, 3, 2, 2, 2, 3, 2, 2, 2, 1, 2, 2, 3, 2, 3, 2, 2, 2, 2, 2, 2, 2, 3, 2, 2, 2, 1, 3, 2, 2, 2, 2, 3, 2, 1, 2, 2, 2, 2, 2, 2, 2, 2, 2, 2, 3, 2, 2, 2, 2, 2, 2, 1, 1, 1, 2, 2, 1, 2, 2, 3, 1, 2, 2, 2, 1, 3, 1, 1, 2, 1, 2, 2, 3, 2, 3, 2, 2, 2, 3, 3, 2, 3, 2, 2, 2, 2, 1, 2, 2, 2, 2, 1, 2, 3, 1, 2, 1, 2, 1, 1, 2, 2, 1, 2, 2, 2, 2, 2, 1, 2, 3, 3, 2, 1, 1, 2, 2, 1, 2, 1, 2, 2, 3, 1, 1, 2, 1, 1, 3, 2, 3, 2, 2, 2, 2, 1, 1, 2, 2, 3, 1, 3, 2, 1, 2, 2, 1, 3, 2, 2, 2, 2, 1, 2, 2, 2, 2, 3, 2, 2, 2, 2, 2, 2, 1, 2, 2, 1, 3, 2, 2, 3, 2, 2, 1, 2, 2, 2, 1, 2, 1, 3, 3, 1, 2, 1, 2, 1, 1, 1, 1, 2, 2, 2, 3, 2, 2, 2, 2, 3, 2, 1, 2, 2, 2, 3, 2, 2, 2, 2, 3, 2, 1, 2, 2, 3, 1, 2, 1, 3, 3, 1, 1, 1]
02/23/2023 13:33:01:INFO: ---------Evaluated Metrics----------
02/23/2023 13:33:01:INFO: Accuracy: 0.6232227488151659.
02/23/2023 13:33:01:INFO: Macro Precision: 0.48267249162662007.
02/23/2023 13:33:01:INFO: Macro Recall: 0.5314000109847862.
02/23/2023 13:33:01:INFO: Macro F1 score: 0.49040545569250504.
02/23/2023 13:33:01:INFO: ---------confusion_matrix----------
02/23/2023 13:33:01:INFO: 
[[ 49  41  15]
 [ 51 202  36]
 [  9   7  12]]
02/23/2023 13:33:01:INFO: 模型效果验证详情: {'位置第一个显示标签': 166, '其他位置有情感标签': 0, '全句没有情感标签': 0}.
02/23/2023 13:33:01:INFO: ----------------------Evaluate finished.------------------------
02/23/2023 13:33:01:INFO: --------------Epoch. 9.---------------
02/23/2023 13:33:06:INFO: [Epoch. 9.]: 100%|| 75/75 [00:04<00:00, 16.26it/s, avg_loss=0.0232]
02/23/2023 13:33:06:INFO: Epoch 9, average loss: 0.02319626582786441
02/23/2023 13:33:06:INFO: --------------Evaluate on Epoch. 9.---------------
02/23/2023 13:33:06:INFO: tensor([28996, 28997, 28998], device='cuda:0')
02/23/2023 13:33:08:INFO: **********Results Comparison**********
02/23/2023 13:33:08:INFO: 真实标签: 
 [1, 2, 2, 2, 2, 2, 2, 2, 2, 2, 2, 2, 2, 3, 2, 2, 2, 2, 3, 2, 2, 3, 1, 1, 1, 2, 1, 2, 2, 2, 2, 2, 3, 1, 2, 3, 2, 2, 3, 1, 2, 2, 2, 2, 3, 2, 2, 1, 2, 2, 2, 2, 2, 2, 2, 1, 2, 2, 1, 2, 1, 1, 2, 2, 1, 1, 2, 2, 2, 2, 2, 2, 2, 3, 1, 1, 2, 2, 2, 1, 2, 2, 2, 2, 2, 2, 3, 2, 2, 2, 1, 1, 1, 2, 1, 1, 1, 2, 1, 2, 1, 1, 2, 1, 1, 2, 1, 2, 1, 2, 3, 2, 1, 2, 2, 2, 2, 2, 3, 2, 2, 1, 2, 2, 2, 3, 2, 2, 2, 2, 2, 2, 2, 2, 2, 3, 2, 2, 2, 2, 3, 2, 2, 1, 2, 2, 2, 2, 2, 1, 2, 2, 1, 1, 1, 2, 2, 2, 2, 2, 1, 2, 2, 2, 2, 2, 2, 1, 2, 2, 2, 2, 2, 2, 1, 2, 1, 2, 2, 2, 2, 2, 1, 2, 2, 3, 3, 2, 3, 2, 2, 2, 2, 1, 1, 2, 2, 2, 2, 2, 1, 2, 1, 2, 1, 2, 1, 2, 2, 1, 2, 2, 1, 2, 2, 2, 2, 2, 2, 1, 2, 2, 2, 1, 3, 1, 3, 2, 2, 3, 2, 2, 2, 1, 2, 1, 2, 2, 2, 3, 2, 2, 3, 2, 2, 2, 3, 2, 2, 2, 2, 1, 2, 2, 1, 2, 2, 2, 3, 1, 2, 2, 2, 2, 1, 1, 2, 1, 2, 2, 1, 2, 2, 1, 2, 2, 2, 1, 2, 2, 2, 1, 2, 2, 2, 2, 2, 2, 2, 2, 2, 1, 1, 2, 2, 2, 1, 2, 2, 2, 2, 2, 2, 2, 2, 2, 2, 2, 2, 2, 1, 1, 2, 2, 2, 2, 1, 3, 1, 1, 2, 1, 1, 2, 1, 1, 2, 2, 2, 1, 2, 2, 2, 2, 1, 2, 2, 2, 2, 2, 1, 2, 1, 2, 1, 2, 2, 1, 2, 2, 1, 2, 2, 2, 2, 1, 2, 2, 2, 2, 2, 2, 3, 2, 2, 2, 3, 2, 2, 1, 2, 1, 2, 2, 2, 2, 1, 2, 2, 2, 2, 1, 2, 1, 1, 1, 2, 1, 1, 2, 1, 2, 2, 2, 2, 1, 2, 1, 2, 1, 1, 2, 2, 2, 2, 2, 2, 2, 3, 2, 1, 2, 2, 1, 2, 1, 2, 2, 2, 1, 1, 1]
02/23/2023 13:33:08:INFO: 预测标签: 
 [2, 1, 2, 2, 2, 2, 1, 2, 1, 2, 2, 1, 2, 2, 2, 2, 2, 2, 2, 1, 2, 1, 2, 1, 2, 1, 2, 2, 2, 2, 2, 3, 3, 1, 1, 1, 2, 2, 3, 1, 2, 2, 1, 2, 1, 1, 2, 2, 2, 2, 2, 2, 2, 2, 2, 1, 2, 3, 1, 2, 2, 2, 1, 2, 1, 3, 2, 1, 1, 3, 2, 2, 2, 1, 2, 2, 1, 2, 1, 2, 2, 3, 2, 2, 3, 3, 3, 2, 2, 2, 1, 3, 1, 3, 1, 1, 2, 2, 2, 2, 1, 1, 2, 3, 2, 2, 1, 2, 1, 2, 3, 1, 1, 1, 2, 2, 2, 1, 1, 3, 1, 1, 2, 2, 2, 2, 2, 2, 2, 1, 2, 1, 1, 2, 2, 3, 1, 1, 1, 2, 1, 2, 2, 3, 2, 1, 2, 2, 3, 2, 2, 2, 1, 3, 2, 2, 1, 3, 2, 2, 2, 2, 2, 1, 2, 2, 2, 1, 3, 1, 1, 2, 2, 1, 1, 2, 1, 2, 1, 1, 2, 1, 1, 3, 3, 1, 2, 2, 3, 2, 2, 2, 2, 1, 1, 2, 1, 3, 3, 2, 2, 2, 3, 2, 2, 2, 1, 2, 2, 3, 2, 3, 2, 2, 2, 2, 2, 2, 2, 3, 2, 2, 2, 1, 3, 2, 3, 2, 2, 3, 2, 1, 2, 2, 2, 2, 2, 2, 2, 3, 2, 2, 3, 2, 2, 2, 2, 2, 2, 1, 1, 1, 2, 2, 1, 2, 2, 3, 1, 2, 2, 2, 1, 3, 1, 1, 2, 1, 2, 2, 3, 2, 3, 2, 2, 2, 3, 3, 2, 3, 2, 2, 2, 2, 1, 2, 2, 2, 2, 1, 2, 1, 1, 2, 1, 2, 1, 1, 2, 2, 1, 2, 2, 2, 2, 2, 1, 2, 3, 2, 2, 1, 1, 2, 2, 1, 2, 1, 2, 2, 3, 1, 1, 2, 1, 1, 3, 2, 3, 2, 2, 2, 2, 1, 1, 2, 2, 3, 1, 3, 2, 1, 2, 2, 1, 3, 2, 2, 2, 2, 1, 2, 2, 2, 2, 1, 2, 2, 2, 2, 2, 2, 1, 2, 2, 1, 1, 2, 2, 1, 2, 2, 1, 2, 2, 2, 1, 2, 1, 3, 3, 1, 2, 1, 2, 1, 1, 1, 1, 1, 2, 2, 3, 2, 2, 2, 2, 2, 2, 1, 2, 2, 2, 3, 2, 2, 2, 2, 3, 2, 1, 2, 1, 3, 1, 2, 1, 3, 3, 1, 1, 1]
02/23/2023 13:33:08:INFO: ---------Evaluated Metrics----------
02/23/2023 13:33:08:INFO: Accuracy: 0.6255924170616114.
02/23/2023 13:33:08:INFO: Macro Precision: 0.4893213604746535.
02/23/2023 13:33:08:INFO: Macro Recall: 0.5426594167078596.
02/23/2023 13:33:08:INFO: Macro F1 score: 0.5008282561807472.
02/23/2023 13:33:08:INFO: ---------confusion_matrix----------
02/23/2023 13:33:08:INFO: 
[[ 54  40  11]
 [ 57 198  34]
 [ 11   5  12]]
02/23/2023 13:33:08:INFO: 模型效果验证详情: {'位置第一个显示标签': 166, '其他位置有情感标签': 0, '全句没有情感标签': 0}.
02/23/2023 13:33:08:INFO: ----------------------Evaluate finished.------------------------
02/23/2023 13:33:08:INFO: --------------Epoch. 10.---------------
02/23/2023 13:33:12:INFO: [Epoch. 10.]: 100%|| 75/75 [00:04<00:00, 16.18it/s, avg_loss=0.0202]
02/23/2023 13:33:12:INFO: Epoch 10, average loss: 0.020189632556090752
02/23/2023 13:33:12:INFO: --------------Evaluate on Epoch. 10.---------------
02/23/2023 13:33:12:INFO: tensor([28996, 28997, 28998], device='cuda:0')
02/23/2023 13:33:14:INFO: **********Results Comparison**********
02/23/2023 13:33:14:INFO: 真实标签: 
 [1, 2, 2, 2, 2, 2, 2, 2, 2, 2, 2, 2, 2, 3, 2, 2, 2, 2, 3, 2, 2, 3, 1, 1, 1, 2, 1, 2, 2, 2, 2, 2, 3, 1, 2, 3, 2, 2, 3, 1, 2, 2, 2, 2, 3, 2, 2, 1, 2, 2, 2, 2, 2, 2, 2, 1, 2, 2, 1, 2, 1, 1, 2, 2, 1, 1, 2, 2, 2, 2, 2, 2, 2, 3, 1, 1, 2, 2, 2, 1, 2, 2, 2, 2, 2, 2, 3, 2, 2, 2, 1, 1, 1, 2, 1, 1, 1, 2, 1, 2, 1, 1, 2, 1, 1, 2, 1, 2, 1, 2, 3, 2, 1, 2, 2, 2, 2, 2, 3, 2, 2, 1, 2, 2, 2, 3, 2, 2, 2, 2, 2, 2, 2, 2, 2, 3, 2, 2, 2, 2, 3, 2, 2, 1, 2, 2, 2, 2, 2, 1, 2, 2, 1, 1, 1, 2, 2, 2, 2, 2, 1, 2, 2, 2, 2, 2, 2, 1, 2, 2, 2, 2, 2, 2, 1, 2, 1, 2, 2, 2, 2, 2, 1, 2, 2, 3, 3, 2, 3, 2, 2, 2, 2, 1, 1, 2, 2, 2, 2, 2, 1, 2, 1, 2, 1, 2, 1, 2, 2, 1, 2, 2, 1, 2, 2, 2, 2, 2, 2, 1, 2, 2, 2, 1, 3, 1, 3, 2, 2, 3, 2, 2, 2, 1, 2, 1, 2, 2, 2, 3, 2, 2, 3, 2, 2, 2, 3, 2, 2, 2, 2, 1, 2, 2, 1, 2, 2, 2, 3, 1, 2, 2, 2, 2, 1, 1, 2, 1, 2, 2, 1, 2, 2, 1, 2, 2, 2, 1, 2, 2, 2, 1, 2, 2, 2, 2, 2, 2, 2, 2, 2, 1, 1, 2, 2, 2, 1, 2, 2, 2, 2, 2, 2, 2, 2, 2, 2, 2, 2, 2, 1, 1, 2, 2, 2, 2, 1, 3, 1, 1, 2, 1, 1, 2, 1, 1, 2, 2, 2, 1, 2, 2, 2, 2, 1, 2, 2, 2, 2, 2, 1, 2, 1, 2, 1, 2, 2, 1, 2, 2, 1, 2, 2, 2, 2, 1, 2, 2, 2, 2, 2, 2, 3, 2, 2, 2, 3, 2, 2, 1, 2, 1, 2, 2, 2, 2, 1, 2, 2, 2, 2, 1, 2, 1, 1, 1, 2, 1, 1, 2, 1, 2, 2, 2, 2, 1, 2, 1, 2, 1, 1, 2, 2, 2, 2, 2, 2, 2, 3, 2, 1, 2, 2, 1, 2, 1, 2, 2, 2, 1, 1, 1]
02/23/2023 13:33:14:INFO: 预测标签: 
 [2, 1, 2, 2, 2, 2, 1, 2, 1, 2, 2, 1, 1, 2, 2, 2, 2, 2, 2, 1, 2, 1, 2, 1, 1, 1, 2, 2, 2, 2, 2, 3, 3, 1, 1, 1, 2, 2, 3, 1, 2, 2, 1, 2, 1, 1, 2, 1, 2, 2, 2, 2, 2, 2, 2, 1, 2, 3, 1, 2, 2, 2, 1, 2, 1, 3, 2, 1, 1, 1, 2, 2, 2, 1, 2, 2, 1, 2, 1, 2, 2, 3, 2, 2, 3, 3, 3, 2, 2, 2, 1, 3, 1, 3, 1, 1, 2, 2, 2, 2, 1, 1, 2, 1, 2, 2, 1, 2, 1, 2, 3, 1, 1, 1, 2, 2, 2, 1, 1, 3, 1, 1, 2, 2, 2, 2, 2, 2, 2, 1, 2, 1, 1, 2, 2, 3, 1, 1, 1, 2, 1, 2, 2, 3, 2, 1, 2, 2, 3, 2, 2, 2, 1, 3, 2, 2, 1, 3, 2, 2, 2, 2, 2, 1, 2, 2, 1, 1, 3, 1, 1, 2, 2, 1, 1, 2, 1, 2, 1, 1, 2, 1, 1, 3, 3, 1, 2, 2, 3, 2, 2, 2, 2, 1, 1, 2, 1, 3, 3, 2, 2, 2, 3, 2, 2, 2, 1, 2, 2, 3, 2, 3, 2, 2, 2, 2, 2, 2, 2, 3, 2, 2, 2, 1, 3, 2, 3, 2, 2, 3, 2, 1, 1, 2, 2, 2, 2, 2, 2, 3, 2, 2, 3, 2, 2, 2, 2, 2, 2, 1, 1, 1, 2, 2, 1, 1, 2, 1, 1, 2, 1, 2, 1, 3, 1, 1, 2, 1, 2, 2, 3, 2, 3, 2, 2, 2, 3, 3, 1, 3, 2, 2, 2, 2, 1, 2, 2, 2, 2, 1, 2, 1, 1, 2, 1, 2, 1, 1, 2, 2, 1, 2, 2, 2, 2, 2, 1, 2, 3, 3, 2, 1, 1, 2, 2, 1, 2, 1, 2, 2, 3, 1, 1, 2, 1, 1, 3, 2, 3, 2, 2, 1, 2, 1, 1, 2, 2, 3, 1, 3, 2, 1, 2, 2, 1, 3, 2, 2, 2, 2, 1, 2, 2, 2, 2, 1, 2, 2, 2, 2, 2, 2, 1, 2, 2, 1, 1, 2, 2, 1, 2, 2, 1, 2, 2, 2, 1, 2, 1, 3, 3, 1, 2, 1, 2, 1, 1, 1, 1, 1, 2, 2, 3, 2, 2, 2, 1, 2, 2, 1, 2, 2, 2, 3, 2, 2, 2, 2, 3, 2, 1, 2, 1, 3, 1, 2, 1, 3, 3, 1, 1, 1]
02/23/2023 13:33:14:INFO: ---------Evaluated Metrics----------
02/23/2023 13:33:14:INFO: Accuracy: 0.6113744075829384.
02/23/2023 13:33:14:INFO: Macro Precision: 0.4850197376059446.
02/23/2023 13:33:14:INFO: Macro Recall: 0.5418026033942989.
02/23/2023 13:33:14:INFO: Macro F1 score: 0.49656148586669135.
02/23/2023 13:33:14:INFO: ---------confusion_matrix----------
02/23/2023 13:33:14:INFO: 
[[ 57  38  10]
 [ 67 189  33]
 [ 11   5  12]]
02/23/2023 13:33:14:INFO: 模型效果验证详情: {'位置第一个显示标签': 166, '其他位置有情感标签': 0, '全句没有情感标签': 0}.
02/23/2023 13:33:14:INFO: ----------------------Evaluate finished.------------------------
02/23/2023 13:33:14:INFO: --------------Epoch. 11.---------------
02/23/2023 13:33:19:INFO: [Epoch. 11.]: 100%|| 75/75 [00:04<00:00, 16.32it/s, avg_loss=0.0158]
02/23/2023 13:33:19:INFO: Epoch 11, average loss: 0.0157722594961524
02/23/2023 13:33:19:INFO: --------------Evaluate on Epoch. 11.---------------
02/23/2023 13:33:19:INFO: tensor([28996, 28997, 28998], device='cuda:0')
02/23/2023 13:33:21:INFO: **********Results Comparison**********
02/23/2023 13:33:21:INFO: 真实标签: 
 [1, 2, 2, 2, 2, 2, 2, 2, 2, 2, 2, 2, 2, 3, 2, 2, 2, 2, 3, 2, 2, 3, 1, 1, 1, 2, 1, 2, 2, 2, 2, 2, 3, 1, 2, 3, 2, 2, 3, 1, 2, 2, 2, 2, 3, 2, 2, 1, 2, 2, 2, 2, 2, 2, 2, 1, 2, 2, 1, 2, 1, 1, 2, 2, 1, 1, 2, 2, 2, 2, 2, 2, 2, 3, 1, 1, 2, 2, 2, 1, 2, 2, 2, 2, 2, 2, 3, 2, 2, 2, 1, 1, 1, 2, 1, 1, 1, 2, 1, 2, 1, 1, 2, 1, 1, 2, 1, 2, 1, 2, 3, 2, 1, 2, 2, 2, 2, 2, 3, 2, 2, 1, 2, 2, 2, 3, 2, 2, 2, 2, 2, 2, 2, 2, 2, 3, 2, 2, 2, 2, 3, 2, 2, 1, 2, 2, 2, 2, 2, 1, 2, 2, 1, 1, 1, 2, 2, 2, 2, 2, 1, 2, 2, 2, 2, 2, 2, 1, 2, 2, 2, 2, 2, 2, 1, 2, 1, 2, 2, 2, 2, 2, 1, 2, 2, 3, 3, 2, 3, 2, 2, 2, 2, 1, 1, 2, 2, 2, 2, 2, 1, 2, 1, 2, 1, 2, 1, 2, 2, 1, 2, 2, 1, 2, 2, 2, 2, 2, 2, 1, 2, 2, 2, 1, 3, 1, 3, 2, 2, 3, 2, 2, 2, 1, 2, 1, 2, 2, 2, 3, 2, 2, 3, 2, 2, 2, 3, 2, 2, 2, 2, 1, 2, 2, 1, 2, 2, 2, 3, 1, 2, 2, 2, 2, 1, 1, 2, 1, 2, 2, 1, 2, 2, 1, 2, 2, 2, 1, 2, 2, 2, 1, 2, 2, 2, 2, 2, 2, 2, 2, 2, 1, 1, 2, 2, 2, 1, 2, 2, 2, 2, 2, 2, 2, 2, 2, 2, 2, 2, 2, 1, 1, 2, 2, 2, 2, 1, 3, 1, 1, 2, 1, 1, 2, 1, 1, 2, 2, 2, 1, 2, 2, 2, 2, 1, 2, 2, 2, 2, 2, 1, 2, 1, 2, 1, 2, 2, 1, 2, 2, 1, 2, 2, 2, 2, 1, 2, 2, 2, 2, 2, 2, 3, 2, 2, 2, 3, 2, 2, 1, 2, 1, 2, 2, 2, 2, 1, 2, 2, 2, 2, 1, 2, 1, 1, 1, 2, 1, 1, 2, 1, 2, 2, 2, 2, 1, 2, 1, 2, 1, 1, 2, 2, 2, 2, 2, 2, 2, 3, 2, 1, 2, 2, 1, 2, 1, 2, 2, 2, 1, 1, 1]
02/23/2023 13:33:21:INFO: 预测标签: 
 [2, 1, 2, 2, 2, 2, 1, 2, 1, 2, 2, 1, 1, 2, 2, 2, 2, 2, 2, 1, 2, 3, 2, 1, 1, 1, 2, 2, 2, 2, 2, 3, 3, 1, 1, 1, 2, 2, 3, 1, 2, 2, 1, 2, 1, 1, 2, 1, 2, 2, 2, 2, 2, 2, 3, 1, 2, 3, 1, 2, 2, 2, 1, 2, 3, 3, 2, 1, 1, 3, 2, 2, 2, 1, 2, 2, 1, 2, 1, 2, 2, 3, 2, 2, 3, 3, 3, 2, 2, 2, 1, 3, 1, 3, 1, 1, 2, 2, 2, 2, 1, 1, 2, 3, 2, 2, 1, 2, 1, 2, 3, 1, 1, 1, 2, 2, 2, 1, 1, 3, 1, 1, 2, 2, 2, 2, 2, 2, 2, 1, 2, 1, 1, 2, 2, 3, 1, 1, 1, 2, 1, 2, 2, 3, 2, 3, 2, 2, 3, 1, 2, 2, 1, 3, 2, 2, 1, 3, 2, 2, 2, 2, 2, 1, 2, 2, 1, 1, 3, 1, 1, 2, 2, 1, 1, 2, 1, 2, 1, 1, 2, 1, 1, 3, 3, 1, 3, 2, 3, 2, 2, 2, 2, 1, 1, 2, 1, 3, 3, 2, 2, 2, 3, 2, 2, 2, 1, 2, 2, 3, 2, 3, 2, 2, 2, 2, 2, 2, 2, 3, 2, 2, 2, 1, 3, 2, 3, 2, 2, 3, 2, 1, 3, 2, 2, 2, 2, 2, 2, 2, 2, 2, 3, 2, 2, 2, 2, 2, 2, 1, 1, 1, 2, 2, 1, 1, 2, 3, 1, 2, 1, 2, 1, 3, 1, 1, 2, 1, 2, 2, 3, 2, 3, 2, 2, 2, 3, 3, 2, 3, 2, 2, 2, 2, 1, 2, 2, 2, 2, 1, 2, 3, 1, 2, 1, 2, 1, 1, 2, 1, 1, 2, 2, 2, 2, 2, 1, 2, 3, 3, 2, 1, 1, 2, 2, 1, 2, 1, 2, 2, 3, 1, 1, 2, 1, 1, 3, 2, 3, 2, 2, 1, 2, 1, 1, 2, 2, 3, 1, 3, 2, 1, 2, 2, 1, 3, 2, 2, 2, 2, 1, 2, 2, 1, 2, 1, 2, 2, 2, 2, 2, 2, 1, 2, 2, 1, 3, 2, 2, 3, 2, 2, 1, 2, 2, 2, 1, 2, 1, 3, 3, 1, 2, 1, 1, 1, 1, 1, 1, 1, 2, 2, 3, 2, 2, 2, 1, 2, 2, 1, 2, 2, 2, 3, 2, 2, 2, 2, 3, 2, 1, 2, 1, 3, 1, 2, 1, 3, 3, 1, 1, 1]
02/23/2023 13:33:21:INFO: ---------Evaluated Metrics----------
02/23/2023 13:33:21:INFO: Accuracy: 0.6066350710900474.
02/23/2023 13:33:21:INFO: Macro Precision: 0.4873280502392345.
02/23/2023 13:33:21:INFO: Macro Recall: 0.5569561157796452.
02/23/2023 13:33:21:INFO: Macro F1 score: 0.4977932000121754.
02/23/2023 13:33:21:INFO: ---------confusion_matrix----------
02/23/2023 13:33:21:INFO: 
[[ 55  36  14]
 [ 64 187  38]
 [  9   5  14]]
02/23/2023 13:33:21:INFO: 模型效果验证详情: {'位置第一个显示标签': 152, '其他位置有情感标签': 0, '全句没有情感标签': 0}.
02/23/2023 13:33:21:INFO: ----------------------Evaluate finished.------------------------
02/23/2023 13:33:21:INFO: --------------Epoch. 12.---------------
02/23/2023 13:33:26:INFO: [Epoch. 12.]: 100%|| 75/75 [00:04<00:00, 16.37it/s, avg_loss=0.016]
02/23/2023 13:33:26:INFO: Epoch 12, average loss: 0.01595651694263021
02/23/2023 13:33:26:INFO: --------------Evaluate on Epoch. 12.---------------
02/23/2023 13:33:26:INFO: tensor([28996, 28997, 28998], device='cuda:0')
02/23/2023 13:33:28:INFO: **********Results Comparison**********
02/23/2023 13:33:28:INFO: 真实标签: 
 [1, 2, 2, 2, 2, 2, 2, 2, 2, 2, 2, 2, 2, 3, 2, 2, 2, 2, 3, 2, 2, 3, 1, 1, 1, 2, 1, 2, 2, 2, 2, 2, 3, 1, 2, 3, 2, 2, 3, 1, 2, 2, 2, 2, 3, 2, 2, 1, 2, 2, 2, 2, 2, 2, 2, 1, 2, 2, 1, 2, 1, 1, 2, 2, 1, 1, 2, 2, 2, 2, 2, 2, 2, 3, 1, 1, 2, 2, 2, 1, 2, 2, 2, 2, 2, 2, 3, 2, 2, 2, 1, 1, 1, 2, 1, 1, 1, 2, 1, 2, 1, 1, 2, 1, 1, 2, 1, 2, 1, 2, 3, 2, 1, 2, 2, 2, 2, 2, 3, 2, 2, 1, 2, 2, 2, 3, 2, 2, 2, 2, 2, 2, 2, 2, 2, 3, 2, 2, 2, 2, 3, 2, 2, 1, 2, 2, 2, 2, 2, 1, 2, 2, 1, 1, 1, 2, 2, 2, 2, 2, 1, 2, 2, 2, 2, 2, 2, 1, 2, 2, 2, 2, 2, 2, 1, 2, 1, 2, 2, 2, 2, 2, 1, 2, 2, 3, 3, 2, 3, 2, 2, 2, 2, 1, 1, 2, 2, 2, 2, 2, 1, 2, 1, 2, 1, 2, 1, 2, 2, 1, 2, 2, 1, 2, 2, 2, 2, 2, 2, 1, 2, 2, 2, 1, 3, 1, 3, 2, 2, 3, 2, 2, 2, 1, 2, 1, 2, 2, 2, 3, 2, 2, 3, 2, 2, 2, 3, 2, 2, 2, 2, 1, 2, 2, 1, 2, 2, 2, 3, 1, 2, 2, 2, 2, 1, 1, 2, 1, 2, 2, 1, 2, 2, 1, 2, 2, 2, 1, 2, 2, 2, 1, 2, 2, 2, 2, 2, 2, 2, 2, 2, 1, 1, 2, 2, 2, 1, 2, 2, 2, 2, 2, 2, 2, 2, 2, 2, 2, 2, 2, 1, 1, 2, 2, 2, 2, 1, 3, 1, 1, 2, 1, 1, 2, 1, 1, 2, 2, 2, 1, 2, 2, 2, 2, 1, 2, 2, 2, 2, 2, 1, 2, 1, 2, 1, 2, 2, 1, 2, 2, 1, 2, 2, 2, 2, 1, 2, 2, 2, 2, 2, 2, 3, 2, 2, 2, 3, 2, 2, 1, 2, 1, 2, 2, 2, 2, 1, 2, 2, 2, 2, 1, 2, 1, 1, 1, 2, 1, 1, 2, 1, 2, 2, 2, 2, 1, 2, 1, 2, 1, 1, 2, 2, 2, 2, 2, 2, 2, 3, 2, 1, 2, 2, 1, 2, 1, 2, 2, 2, 1, 1, 1]
02/23/2023 13:33:28:INFO: 预测标签: 
 [2, 1, 2, 2, 2, 2, 1, 2, 1, 2, 2, 1, 2, 2, 2, 2, 2, 2, 2, 1, 2, 3, 2, 1, 2, 1, 2, 2, 2, 2, 2, 3, 3, 1, 1, 1, 2, 2, 3, 1, 2, 2, 1, 2, 1, 1, 2, 2, 2, 2, 2, 2, 2, 2, 2, 1, 2, 3, 1, 2, 2, 2, 1, 2, 1, 3, 2, 1, 1, 3, 2, 2, 2, 1, 2, 2, 1, 2, 2, 2, 2, 3, 2, 2, 3, 3, 3, 2, 2, 2, 1, 3, 1, 3, 1, 1, 2, 2, 2, 2, 1, 1, 2, 1, 2, 2, 1, 2, 1, 2, 3, 2, 1, 1, 2, 2, 2, 2, 1, 3, 1, 1, 2, 2, 2, 2, 2, 2, 2, 1, 2, 1, 1, 2, 2, 3, 1, 1, 1, 2, 2, 2, 2, 3, 2, 3, 2, 2, 3, 2, 2, 2, 1, 3, 2, 2, 1, 3, 2, 2, 2, 2, 2, 1, 2, 2, 2, 1, 3, 1, 2, 2, 2, 1, 1, 2, 1, 2, 1, 1, 2, 1, 1, 3, 3, 1, 2, 2, 3, 2, 2, 2, 2, 1, 1, 2, 1, 3, 3, 2, 2, 2, 3, 2, 2, 2, 1, 2, 2, 3, 2, 3, 2, 2, 2, 2, 2, 2, 2, 3, 2, 2, 2, 1, 3, 2, 3, 2, 2, 3, 2, 1, 2, 2, 2, 2, 2, 2, 2, 2, 2, 2, 3, 2, 2, 2, 2, 2, 2, 1, 1, 1, 2, 2, 1, 1, 2, 2, 1, 2, 2, 2, 1, 3, 1, 1, 2, 1, 2, 2, 3, 2, 3, 2, 2, 2, 3, 3, 2, 3, 2, 2, 2, 2, 1, 2, 2, 2, 2, 1, 2, 1, 1, 2, 1, 2, 1, 1, 2, 2, 1, 2, 2, 2, 2, 2, 1, 2, 3, 3, 2, 1, 1, 2, 2, 1, 2, 1, 2, 2, 3, 1, 1, 2, 1, 1, 3, 2, 3, 2, 2, 2, 2, 1, 1, 2, 2, 3, 1, 3, 2, 1, 2, 2, 1, 3, 2, 2, 2, 2, 1, 2, 2, 2, 2, 1, 2, 2, 2, 2, 2, 2, 1, 2, 2, 1, 3, 2, 2, 3, 2, 2, 1, 2, 2, 2, 1, 2, 1, 3, 3, 1, 2, 1, 2, 1, 1, 1, 1, 2, 2, 2, 3, 2, 2, 2, 1, 2, 2, 1, 2, 2, 2, 3, 2, 2, 2, 2, 3, 2, 1, 2, 1, 3, 1, 2, 1, 2, 3, 1, 1, 1]
02/23/2023 13:33:28:INFO: ---------Evaluated Metrics----------
02/23/2023 13:33:28:INFO: Accuracy: 0.6374407582938388.
02/23/2023 13:33:28:INFO: Macro Precision: 0.5016493761151554.
02/23/2023 13:33:28:INFO: Macro Recall: 0.5591777887625639.
02/23/2023 13:33:28:INFO: Macro F1 score: 0.5147213467780599.
02/23/2023 13:33:28:INFO: ---------confusion_matrix----------
02/23/2023 13:33:28:INFO: 
[[ 54  40  11]
 [ 53 202  34]
 [  8   7  13]]
02/23/2023 13:33:28:INFO: 模型效果验证详情: {'位置第一个显示标签': 161, '其他位置有情感标签': 0, '全句没有情感标签': 0}.
02/23/2023 13:33:28:INFO: ----------------------Evaluate finished.------------------------
02/23/2023 13:33:28:INFO: Based on [7.th Epoch] best_accuracy: 0.6540284360189573.
02/23/2023 13:33:28:INFO: latest 5 epochs not seen performance increased, early stop.
02/23/2023 13:33:28:INFO: ********** Best Results on Dev Dataset **********
02/23/2023 13:33:28:INFO: Best Accuracy: 0.6540284360189573.
02/23/2023 13:33:28:INFO: Best Macro Precision: 0.5016493761151554.
02/23/2023 13:33:28:INFO: Best Macro Recall: 0.5591777887625639.
02/23/2023 13:33:28:INFO: Best Macro F1 score: 0.5147213467780599.
02/23/2023 13:33:28:INFO: ***** Training Over *****
02/23/2023 13:33:28:INFO: --------------Testing ...---------------
02/23/2023 13:33:28:INFO: tensor([28996, 28997, 28998], device='cuda:0')
02/23/2023 13:33:29:INFO: **********Results Comparison**********
02/23/2023 13:33:29:INFO: 真实标签: 
 [1, 2, 3, 2, 2, 2, 2, 2, 1, 1, 2, 2, 1, 2, 2, 2, 2, 2, 1, 2, 1, 2, 2, 2, 3, 3, 2, 2, 1, 2, 2, 2, 1, 1, 1, 2, 1, 1, 2, 2, 2, 2, 2, 1, 1, 2, 1, 2, 2, 2, 2, 2, 2, 2, 2, 2, 3, 2, 2, 2, 2, 1, 1, 1, 2, 1, 1, 2, 1, 3, 2, 2, 2, 2, 2, 2, 2, 2, 2, 3, 2, 2, 2, 1, 2, 1, 1, 2, 1, 2, 1, 2, 2, 2, 1, 2, 1, 2, 1, 3, 1, 2, 2, 2, 2, 2, 2, 2, 2, 2, 2, 2, 2, 2, 2, 1, 3, 2, 2, 1, 2, 2, 2, 2, 2, 1, 2, 2, 2, 3, 2, 2, 1, 2, 2, 2, 3, 2, 1, 2, 2, 2, 2, 2, 2, 2, 2, 1, 2, 1, 2, 1, 2, 2, 2, 2, 2, 1, 2, 1, 1, 2, 2, 2, 2, 2, 2, 1, 2, 2, 1, 3, 2, 2, 1, 2, 1, 2, 2, 2, 2, 1, 1, 1, 2, 2, 1, 1, 2, 2, 3, 1, 1, 1, 1, 2, 2, 2, 1, 1, 2, 2, 1, 1, 2, 1, 1, 2, 1, 2, 1, 2, 3, 1, 2, 2, 2, 2, 2, 2, 1, 2, 2, 2, 2, 2, 2, 2, 1, 2, 1, 2]
02/23/2023 13:33:29:INFO: 预测标签: 
 [2, 1, 2, 2, 3, 1, 3, 2, 2, 2, 2, 3, 2, 2, 2, 1, 1, 2, 1, 2, 1, 2, 2, 2, 3, 3, 3, 2, 3, 2, 3, 2, 2, 2, 2, 3, 1, 2, 2, 2, 2, 2, 2, 2, 1, 2, 2, 2, 1, 3, 2, 3, 2, 2, 2, 2, 2, 1, 2, 2, 2, 2, 2, 2, 2, 2, 2, 2, 2, 3, 2, 2, 1, 2, 2, 2, 2, 1, 2, 2, 1, 2, 3, 2, 2, 2, 1, 2, 1, 2, 1, 1, 1, 1, 2, 2, 1, 2, 3, 2, 1, 1, 2, 2, 1, 2, 2, 2, 2, 2, 2, 3, 2, 1, 2, 2, 3, 2, 3, 2, 2, 3, 1, 2, 3, 1, 2, 1, 2, 2, 1, 1, 3, 1, 2, 2, 2, 2, 1, 2, 2, 2, 2, 2, 2, 2, 3, 3, 3, 2, 2, 1, 2, 2, 2, 2, 1, 1, 2, 1, 1, 2, 2, 3, 2, 1, 2, 2, 2, 2, 2, 3, 3, 2, 3, 3, 1, 1, 2, 2, 2, 2, 2, 1, 2, 2, 2, 1, 2, 1, 2, 2, 2, 1, 2, 2, 2, 1, 2, 3, 2, 2, 3, 1, 2, 2, 2, 2, 2, 2, 1, 2, 3, 1, 2, 1, 1, 2, 2, 2, 2, 2, 2, 1, 2, 3, 2, 2, 2, 2, 1, 2]
02/23/2023 13:33:29:INFO: ---------Evaluated Metrics----------
02/23/2023 13:33:29:INFO: Accuracy: 0.5818965517241379.
02/23/2023 13:33:29:INFO: Macro Precision: 0.4499632627100057.
02/23/2023 13:33:29:INFO: Macro Recall: 0.5009445891798833.
02/23/2023 13:33:29:INFO: Macro F1 score: 0.4539386049319824.
02/23/2023 13:33:29:INFO: ---------confusion_matrix----------
02/23/2023 13:33:29:INFO: 
[[ 23  36   7]
 [ 28 106  19]
 [  0   7   6]]
02/23/2023 13:33:29:INFO: 模型效果验证详情: {'位置第一个显示标签': 82, '其他位置有情感标签': 0, '全句没有情感标签': 0}.
02/23/2023 13:33:29:INFO: ----------------------Testing finished.------------------------
02/23/2023 13:33:29:INFO: bengio.
