02/21/2023 22:41:44:INFO: start.
02/21/2023 22:41:44:INFO: --------hyper-arguments for this training.--------
02/21/2023 22:41:44:INFO: Namespace(answer_strategy='inter_logits_core_token', batch_size=16, dataset='lap14', eval_pre_epochs=1, learning_rate=1e-05, log_file=None, model_type='WT2ABSA_Mean', patience=5, pre_trained_model='pretrainedmodels/bert-base-cased', save_best_model=False, seed=985, total_epochs=20)
02/21/2023 22:41:44:INFO: ----------dataset files------------
02/21/2023 22:41:44:INFO: {'train': '../WordTrans2ABSA/dataset/lap14/train.json', 'dev': '../WordTrans2ABSA/dataset/lap14/dev.json', 'test': '../WordTrans2ABSA/dataset/lap14/test.json'}
02/21/2023 22:41:46:WARNING: Using custom data configuration default-36681205633e2245
02/21/2023 22:41:46:INFO: -----------------------------------
02/21/2023 22:41:46:INFO: {'I-POS': ['good', 'clever', 'excellent', 'effectual', 'beautiful', 'nice', 'useful', 'well', 'fantastic'], 'I-NEU': ['Michael', 'John', 'David', 'Thomas', 'Martin', 'Paul'], 'I-NEG': ['bad', 'terrible', 'awful', 'badly', 'terrible', 'poor', 'unfortunate', 'harmful', 'dirty', 'sorry']}
02/21/2023 22:41:46:INFO: -----------------------------------
02/21/2023 22:41:46:INFO: {'O': 0, 'I-POS': 1, 'I-NEU': 2, 'I-NEG': 3}
02/21/2023 22:41:46:INFO: {0: 'O', 1: 'I-POS', 2: 'I-NEU', 3: 'I-NEG'}
02/21/2023 22:41:48:INFO: -----------------------------------
02/21/2023 22:41:48:INFO: {'I-POS': 28996, 'I-NEU': 28997, 'I-NEG': 28998}
02/21/2023 22:41:48:INFO: {28996: 'I-POS', 28997: 'I-NEU', 28998: 'I-NEG'}
02/21/2023 22:41:48:INFO: start preprocess dataset.
02/21/2023 22:41:49:INFO: dataset preprocess finished.
02/21/2023 22:41:49:INFO: Train: 1305, Dev: 150, Test: 409.
02/21/2023 22:41:49:INFO: dataloader prepare finished.
02/21/2023 22:41:49:INFO: ***** Start Training *****
02/21/2023 22:41:49:INFO: Total Epochs: 20
02/21/2023 22:41:49:INFO: validate on per-1 epochs.
02/21/2023 22:41:49:INFO: Training Samples Count: 1305.
02/21/2023 22:41:49:INFO: Batch Size: 16, 每轮 82 Batch.
02/21/2023 22:41:49:INFO: Learning Rate: 1e-05
02/21/2023 22:41:49:INFO: --------------Epoch. 1.---------------
02/21/2023 22:41:58:INFO: [Epoch. 1.]: 100%|| 82/82 [00:09<00:00,  8.45it/s, avg_loss=0.885]
02/21/2023 22:41:58:INFO: Epoch 1, average loss: 0.8850839014460401
02/21/2023 22:41:58:INFO: --------------Evaluate on Epoch. 1.---------------
02/21/2023 22:41:58:INFO: tensor([28996, 28997, 28998], device='cuda:0')
02/21/2023 22:41:59:INFO: **********Results Comparison**********
02/21/2023 22:41:59:INFO: 真实标签: 
 [2, 1, 1, 1, 2, 1, 1, 2, 3, 1, 3, 1, 1, 3, 3, 3, 3, 3, 3, 2, 1, 1, 2, 3, 3, 1, 1, 3, 1, 1, 1, 3, 1, 1, 1, 3, 3, 1, 1, 1, 3, 3, 3, 3, 2, 2, 2, 3, 3, 1, 3, 1, 2, 1, 2, 1, 1, 1, 3, 1, 3, 3, 1, 1, 3, 1, 1, 3, 1, 1, 3, 2, 3, 3, 2, 3, 1, 3, 1, 1, 3, 1, 3, 1, 1, 1, 1, 1, 1, 1, 2, 3, 1, 3, 2, 1, 3, 3, 1, 1, 2, 3, 3, 2, 3, 3, 1, 3, 3, 2, 2, 2, 1, 2, 1, 3, 3, 1, 1, 3, 2, 1, 3, 2, 3, 1, 3, 3, 1, 1, 3, 2, 1, 1, 3, 1, 1, 3, 1, 3, 1, 3, 3, 3, 2, 1, 1, 3, 2, 1]
02/21/2023 22:41:59:INFO: 预测标签: 
 [3, 1, 3, 3, 3, 1, 3, 3, 3, 1, 3, 1, 1, 1, 1, 3, 3, 3, 3, 3, 2, 2, 3, 3, 3, 1, 3, 3, 1, 1, 1, 3, 1, 1, 1, 3, 3, 1, 1, 1, 2, 3, 3, 3, 1, 3, 1, 2, 3, 2, 3, 2, 3, 2, 3, 1, 1, 3, 3, 2, 3, 3, 1, 3, 3, 1, 1, 3, 1, 3, 2, 2, 3, 3, 2, 2, 3, 3, 1, 3, 3, 1, 3, 1, 1, 2, 1, 1, 1, 1, 3, 2, 1, 3, 3, 1, 3, 2, 1, 1, 2, 3, 3, 3, 3, 3, 2, 2, 3, 3, 1, 2, 1, 1, 1, 3, 3, 1, 1, 3, 3, 1, 3, 3, 3, 2, 3, 3, 1, 1, 3, 2, 3, 1, 2, 1, 1, 3, 1, 3, 3, 3, 3, 2, 3, 1, 1, 2, 3, 3]
02/21/2023 22:41:59:INFO: ---------Evaluated Metrics----------
02/21/2023 22:41:59:INFO: Accuracy: 0.6466666666666666.
02/21/2023 22:41:59:INFO: Macro Precision: 0.5715234465234466.
02/21/2023 22:41:59:INFO: Macro Recall: 0.5598902041516555.
02/21/2023 22:41:59:INFO: Macro F1 score: 0.558053524440079.
02/21/2023 22:41:59:INFO: ---------confusion_matrix----------
02/21/2023 22:41:59:INFO: 
[[46  9 12]
 [ 4  5 16]
 [ 2 10 46]]
02/21/2023 22:41:59:INFO: 模型效果验证详情: {'位置第一个显示标签': 0, '其他位置有情感标签': 0, '全句没有情感标签': 0}.
02/21/2023 22:41:59:INFO: ----------------------Evaluate finished.------------------------
02/21/2023 22:41:59:INFO: --------------Epoch. 2.---------------
02/21/2023 22:42:08:INFO: [Epoch. 2.]: 100%|| 82/82 [00:09<00:00,  8.51it/s, avg_loss=0.402]
02/21/2023 22:42:08:INFO: Epoch 2, average loss: 0.4024318596575318
02/21/2023 22:42:08:INFO: --------------Evaluate on Epoch. 2.---------------
02/21/2023 22:42:08:INFO: tensor([28996, 28997, 28998], device='cuda:0')
02/21/2023 22:42:09:INFO: **********Results Comparison**********
02/21/2023 22:42:09:INFO: 真实标签: 
 [2, 1, 1, 1, 2, 1, 1, 2, 3, 1, 3, 1, 1, 3, 3, 3, 3, 3, 3, 2, 1, 1, 2, 3, 3, 1, 1, 3, 1, 1, 1, 3, 1, 1, 1, 3, 3, 1, 1, 1, 3, 3, 3, 3, 2, 2, 2, 3, 3, 1, 3, 1, 2, 1, 2, 1, 1, 1, 3, 1, 3, 3, 1, 1, 3, 1, 1, 3, 1, 1, 3, 2, 3, 3, 2, 3, 1, 3, 1, 1, 3, 1, 3, 1, 1, 1, 1, 1, 1, 1, 2, 3, 1, 3, 2, 1, 3, 3, 1, 1, 2, 3, 3, 2, 3, 3, 1, 3, 3, 2, 2, 2, 1, 2, 1, 3, 3, 1, 1, 3, 2, 1, 3, 2, 3, 1, 3, 3, 1, 1, 3, 2, 1, 1, 3, 1, 1, 3, 1, 3, 1, 3, 3, 3, 2, 1, 1, 3, 2, 1]
02/21/2023 22:42:09:INFO: 预测标签: 
 [2, 1, 1, 2, 3, 1, 2, 1, 3, 1, 3, 1, 1, 1, 1, 3, 3, 3, 1, 3, 2, 2, 2, 3, 3, 1, 2, 3, 1, 1, 1, 3, 1, 1, 1, 3, 3, 1, 1, 1, 2, 3, 3, 2, 1, 2, 1, 2, 3, 2, 3, 2, 2, 2, 3, 1, 1, 1, 2, 1, 3, 3, 1, 3, 3, 1, 1, 3, 1, 1, 2, 2, 3, 3, 2, 2, 1, 3, 1, 2, 3, 1, 1, 1, 1, 2, 1, 1, 1, 1, 3, 3, 1, 3, 2, 1, 3, 2, 1, 1, 1, 3, 2, 2, 3, 3, 1, 2, 3, 3, 1, 2, 1, 1, 1, 3, 3, 2, 1, 2, 3, 1, 3, 3, 3, 1, 3, 3, 1, 1, 3, 2, 1, 1, 2, 1, 1, 3, 1, 3, 3, 3, 3, 2, 3, 1, 1, 2, 2, 3]
02/21/2023 22:42:09:INFO: ---------Evaluated Metrics----------
02/21/2023 22:42:09:INFO: Accuracy: 0.7.
02/21/2023 22:42:09:INFO: Macro Precision: 0.648005698005698.
02/21/2023 22:42:09:INFO: Macro Recall: 0.6459804426145136.
02/21/2023 22:42:09:INFO: Macro F1 score: 0.6425019425019425.
02/21/2023 22:42:09:INFO: ---------confusion_matrix----------
02/21/2023 22:42:09:INFO: 
[[53 11  3]
 [ 6 11  8]
 [ 4 13 41]]
02/21/2023 22:42:09:INFO: 模型效果验证详情: {'位置第一个显示标签': 55, '其他位置有情感标签': 0, '全句没有情感标签': 0}.
02/21/2023 22:42:09:INFO: ----------------------Evaluate finished.------------------------
02/21/2023 22:42:09:INFO: --------------Epoch. 3.---------------
02/21/2023 22:42:18:INFO: [Epoch. 3.]: 100%|| 82/82 [00:09<00:00,  8.64it/s, avg_loss=0.229]
02/21/2023 22:42:18:INFO: Epoch 3, average loss: 0.22912405722024964
02/21/2023 22:42:18:INFO: --------------Evaluate on Epoch. 3.---------------
02/21/2023 22:42:18:INFO: tensor([28996, 28997, 28998], device='cuda:0')
02/21/2023 22:42:19:INFO: **********Results Comparison**********
02/21/2023 22:42:19:INFO: 真实标签: 
 [2, 1, 1, 1, 2, 1, 1, 2, 3, 1, 3, 1, 1, 3, 3, 3, 3, 3, 3, 2, 1, 1, 2, 3, 3, 1, 1, 3, 1, 1, 1, 3, 1, 1, 1, 3, 3, 1, 1, 1, 3, 3, 3, 3, 2, 2, 2, 3, 3, 1, 3, 1, 2, 1, 2, 1, 1, 1, 3, 1, 3, 3, 1, 1, 3, 1, 1, 3, 1, 1, 3, 2, 3, 3, 2, 3, 1, 3, 1, 1, 3, 1, 3, 1, 1, 1, 1, 1, 1, 1, 2, 3, 1, 3, 2, 1, 3, 3, 1, 1, 2, 3, 3, 2, 3, 3, 1, 3, 3, 2, 2, 2, 1, 2, 1, 3, 3, 1, 1, 3, 2, 1, 3, 2, 3, 1, 3, 3, 1, 1, 3, 2, 1, 1, 3, 1, 1, 3, 1, 3, 1, 3, 3, 3, 2, 1, 1, 3, 2, 1]
02/21/2023 22:42:19:INFO: 预测标签: 
 [2, 1, 1, 2, 3, 1, 2, 3, 3, 1, 3, 1, 1, 1, 1, 3, 3, 3, 3, 3, 2, 2, 2, 3, 3, 1, 2, 3, 1, 1, 1, 3, 1, 1, 1, 3, 3, 1, 1, 1, 2, 3, 3, 3, 1, 1, 1, 2, 3, 1, 3, 1, 3, 2, 3, 1, 1, 1, 3, 1, 3, 3, 1, 3, 3, 1, 1, 3, 1, 1, 3, 2, 3, 3, 2, 3, 1, 3, 1, 1, 3, 1, 3, 1, 1, 2, 1, 1, 1, 1, 3, 3, 1, 3, 2, 1, 3, 2, 1, 1, 1, 3, 2, 2, 3, 3, 1, 2, 3, 3, 1, 2, 1, 1, 1, 3, 3, 1, 1, 2, 3, 1, 3, 3, 3, 1, 3, 3, 1, 1, 3, 2, 1, 1, 2, 1, 1, 3, 1, 3, 3, 3, 3, 2, 3, 1, 1, 2, 2, 3]
02/21/2023 22:42:19:INFO: ---------Evaluated Metrics----------
02/21/2023 22:42:19:INFO: Accuracy: 0.7533333333333333.
02/21/2023 22:42:19:INFO: Macro Precision: 0.6734188034188033.
02/21/2023 22:42:19:INFO: Macro Recall: 0.6736970320809744.
02/21/2023 22:42:19:INFO: Macro F1 score: 0.6734155110426298.
02/21/2023 22:42:19:INFO: ---------confusion_matrix----------
02/21/2023 22:42:19:INFO: 
[[57  7  3]
 [ 6  9 10]
 [ 2  9 47]]
02/21/2023 22:42:19:INFO: 模型效果验证详情: {'位置第一个显示标签': 61, '其他位置有情感标签': 0, '全句没有情感标签': 0}.
02/21/2023 22:42:19:INFO: ----------------------Evaluate finished.------------------------
02/21/2023 22:42:19:INFO: --------------Epoch. 4.---------------
02/21/2023 22:42:28:INFO: [Epoch. 4.]: 100%|| 82/82 [00:09<00:00,  8.43it/s, avg_loss=0.159]
02/21/2023 22:42:28:INFO: Epoch 4, average loss: 0.15872543241556097
02/21/2023 22:42:28:INFO: --------------Evaluate on Epoch. 4.---------------
02/21/2023 22:42:28:INFO: tensor([28996, 28997, 28998], device='cuda:0')
02/21/2023 22:42:29:INFO: **********Results Comparison**********
02/21/2023 22:42:29:INFO: 真实标签: 
 [2, 1, 1, 1, 2, 1, 1, 2, 3, 1, 3, 1, 1, 3, 3, 3, 3, 3, 3, 2, 1, 1, 2, 3, 3, 1, 1, 3, 1, 1, 1, 3, 1, 1, 1, 3, 3, 1, 1, 1, 3, 3, 3, 3, 2, 2, 2, 3, 3, 1, 3, 1, 2, 1, 2, 1, 1, 1, 3, 1, 3, 3, 1, 1, 3, 1, 1, 3, 1, 1, 3, 2, 3, 3, 2, 3, 1, 3, 1, 1, 3, 1, 3, 1, 1, 1, 1, 1, 1, 1, 2, 3, 1, 3, 2, 1, 3, 3, 1, 1, 2, 3, 3, 2, 3, 3, 1, 3, 3, 2, 2, 2, 1, 2, 1, 3, 3, 1, 1, 3, 2, 1, 3, 2, 3, 1, 3, 3, 1, 1, 3, 2, 1, 1, 3, 1, 1, 3, 1, 3, 1, 3, 3, 3, 2, 1, 1, 3, 2, 1]
02/21/2023 22:42:29:INFO: 预测标签: 
 [2, 1, 1, 2, 3, 1, 1, 3, 3, 1, 3, 1, 1, 1, 3, 3, 3, 3, 3, 3, 2, 2, 2, 3, 3, 1, 1, 3, 1, 1, 1, 3, 1, 1, 1, 3, 3, 1, 1, 1, 2, 3, 3, 3, 1, 1, 1, 2, 3, 1, 3, 1, 3, 2, 3, 1, 1, 1, 3, 1, 3, 3, 1, 3, 3, 1, 1, 3, 1, 1, 3, 1, 3, 3, 2, 3, 1, 3, 1, 3, 3, 1, 3, 1, 1, 3, 1, 1, 1, 1, 3, 3, 1, 3, 2, 1, 3, 2, 1, 1, 1, 3, 2, 2, 3, 3, 1, 2, 3, 3, 1, 2, 1, 1, 1, 3, 3, 2, 1, 3, 3, 1, 3, 3, 3, 1, 3, 3, 1, 1, 3, 2, 1, 1, 2, 1, 1, 3, 1, 3, 3, 3, 3, 3, 3, 1, 1, 2, 2, 3]
02/21/2023 22:42:29:INFO: ---------Evaluated Metrics----------
02/21/2023 22:42:29:INFO: Accuracy: 0.7666666666666667.
02/21/2023 22:42:29:INFO: Macro Precision: 0.682051282051282.
02/21/2023 22:42:29:INFO: Macro Recall: 0.677605078057986.
02/21/2023 22:42:29:INFO: Macro F1 score: 0.6774000164244066.
02/21/2023 22:42:29:INFO: ---------confusion_matrix----------
02/21/2023 22:42:29:INFO: 
[[57  5  5]
 [ 7  8 10]
 [ 1  7 50]]
02/21/2023 22:42:29:INFO: 模型效果验证详情: {'位置第一个显示标签': 85, '其他位置有情感标签': 0, '全句没有情感标签': 0}.
02/21/2023 22:42:29:INFO: ----------------------Evaluate finished.------------------------
02/21/2023 22:42:29:INFO: --------------Epoch. 5.---------------
02/21/2023 22:42:38:INFO: [Epoch. 5.]: 100%|| 82/82 [00:09<00:00,  8.41it/s, avg_loss=0.121]
02/21/2023 22:42:38:INFO: Epoch 5, average loss: 0.12097008390034117
02/21/2023 22:42:38:INFO: --------------Evaluate on Epoch. 5.---------------
02/21/2023 22:42:38:INFO: tensor([28996, 28997, 28998], device='cuda:0')
02/21/2023 22:42:39:INFO: **********Results Comparison**********
02/21/2023 22:42:39:INFO: 真实标签: 
 [2, 1, 1, 1, 2, 1, 1, 2, 3, 1, 3, 1, 1, 3, 3, 3, 3, 3, 3, 2, 1, 1, 2, 3, 3, 1, 1, 3, 1, 1, 1, 3, 1, 1, 1, 3, 3, 1, 1, 1, 3, 3, 3, 3, 2, 2, 2, 3, 3, 1, 3, 1, 2, 1, 2, 1, 1, 1, 3, 1, 3, 3, 1, 1, 3, 1, 1, 3, 1, 1, 3, 2, 3, 3, 2, 3, 1, 3, 1, 1, 3, 1, 3, 1, 1, 1, 1, 1, 1, 1, 2, 3, 1, 3, 2, 1, 3, 3, 1, 1, 2, 3, 3, 2, 3, 3, 1, 3, 3, 2, 2, 2, 1, 2, 1, 3, 3, 1, 1, 3, 2, 1, 3, 2, 3, 1, 3, 3, 1, 1, 3, 2, 1, 1, 3, 1, 1, 3, 1, 3, 1, 3, 3, 3, 2, 1, 1, 3, 2, 1]
02/21/2023 22:42:39:INFO: 预测标签: 
 [3, 1, 1, 2, 3, 1, 1, 1, 3, 1, 3, 1, 1, 1, 3, 1, 3, 3, 3, 3, 2, 1, 2, 3, 3, 1, 1, 3, 1, 1, 1, 3, 1, 1, 1, 3, 3, 1, 1, 1, 2, 3, 3, 3, 1, 1, 1, 3, 3, 1, 3, 1, 3, 1, 3, 1, 1, 1, 3, 1, 3, 3, 1, 3, 3, 1, 1, 3, 1, 1, 3, 1, 3, 3, 1, 3, 1, 3, 1, 1, 3, 1, 3, 1, 1, 1, 1, 1, 1, 1, 3, 3, 1, 3, 3, 1, 3, 1, 1, 1, 1, 3, 2, 2, 3, 3, 1, 2, 3, 3, 1, 2, 1, 1, 1, 3, 3, 1, 1, 3, 3, 1, 3, 1, 3, 1, 3, 3, 1, 1, 3, 1, 1, 1, 1, 1, 1, 3, 1, 1, 3, 3, 3, 3, 3, 1, 1, 2, 1, 3]
02/21/2023 22:42:39:INFO: ---------Evaluated Metrics----------
02/21/2023 22:42:39:INFO: Accuracy: 0.76.
02/21/2023 22:42:39:INFO: Macro Precision: 0.636155346853591.
02/21/2023 22:42:39:INFO: Macro Recall: 0.6300669068450849.
02/21/2023 22:42:39:INFO: Macro F1 score: 0.6141507744650372.
02/21/2023 22:42:39:INFO: ---------confusion_matrix----------
02/21/2023 22:42:39:INFO: 
[[62  2  3]
 [12  3 10]
 [ 5  4 49]]
02/21/2023 22:42:39:INFO: 模型效果验证详情: {'位置第一个显示标签': 102, '其他位置有情感标签': 0, '全句没有情感标签': 0}.
02/21/2023 22:42:39:INFO: ----------------------Evaluate finished.------------------------
02/21/2023 22:42:39:INFO: --------------Epoch. 6.---------------
02/21/2023 22:42:49:INFO: [Epoch. 6.]: 100%|| 82/82 [00:09<00:00,  8.47it/s, avg_loss=0.093]
02/21/2023 22:42:49:INFO: Epoch 6, average loss: 0.0929966990994971
02/21/2023 22:42:49:INFO: --------------Evaluate on Epoch. 6.---------------
02/21/2023 22:42:49:INFO: tensor([28996, 28997, 28998], device='cuda:0')
02/21/2023 22:42:49:INFO: **********Results Comparison**********
02/21/2023 22:42:49:INFO: 真实标签: 
 [2, 1, 1, 1, 2, 1, 1, 2, 3, 1, 3, 1, 1, 3, 3, 3, 3, 3, 3, 2, 1, 1, 2, 3, 3, 1, 1, 3, 1, 1, 1, 3, 1, 1, 1, 3, 3, 1, 1, 1, 3, 3, 3, 3, 2, 2, 2, 3, 3, 1, 3, 1, 2, 1, 2, 1, 1, 1, 3, 1, 3, 3, 1, 1, 3, 1, 1, 3, 1, 1, 3, 2, 3, 3, 2, 3, 1, 3, 1, 1, 3, 1, 3, 1, 1, 1, 1, 1, 1, 1, 2, 3, 1, 3, 2, 1, 3, 3, 1, 1, 2, 3, 3, 2, 3, 3, 1, 3, 3, 2, 2, 2, 1, 2, 1, 3, 3, 1, 1, 3, 2, 1, 3, 2, 3, 1, 3, 3, 1, 1, 3, 2, 1, 1, 3, 1, 1, 3, 1, 3, 1, 3, 3, 3, 2, 1, 1, 3, 2, 1]
02/21/2023 22:42:49:INFO: 预测标签: 
 [2, 1, 1, 2, 3, 1, 2, 1, 3, 1, 3, 1, 1, 1, 3, 3, 3, 3, 3, 3, 2, 2, 2, 3, 3, 1, 1, 3, 1, 1, 1, 3, 1, 1, 1, 3, 3, 1, 1, 1, 2, 3, 3, 2, 1, 1, 1, 2, 3, 1, 3, 1, 3, 2, 3, 1, 1, 1, 3, 1, 3, 3, 1, 3, 3, 1, 1, 3, 1, 1, 3, 1, 3, 3, 1, 3, 1, 3, 1, 1, 3, 1, 3, 1, 1, 2, 1, 1, 1, 1, 3, 3, 1, 3, 2, 1, 3, 1, 1, 1, 1, 3, 2, 2, 3, 3, 1, 2, 3, 2, 1, 2, 1, 1, 1, 3, 3, 2, 1, 2, 3, 1, 3, 1, 3, 1, 3, 3, 1, 1, 3, 1, 1, 1, 2, 1, 1, 3, 1, 1, 3, 3, 3, 3, 3, 1, 1, 2, 2, 3]
02/21/2023 22:42:49:INFO: ---------Evaluated Metrics----------
02/21/2023 22:42:49:INFO: Accuracy: 0.74.
02/21/2023 22:42:49:INFO: Macro Precision: 0.6485200410330135.
02/21/2023 22:42:49:INFO: Macro Recall: 0.6470303654143078.
02/21/2023 22:42:49:INFO: Macro F1 score: 0.6471168670983657.
02/21/2023 22:42:49:INFO: ---------confusion_matrix----------
02/21/2023 22:42:49:INFO: 
[[57  7  3]
 [11  7  7]
 [ 3  8 47]]
02/21/2023 22:42:49:INFO: 模型效果验证详情: {'位置第一个显示标签': 90, '其他位置有情感标签': 0, '全句没有情感标签': 0}.
02/21/2023 22:42:49:INFO: ----------------------Evaluate finished.------------------------
02/21/2023 22:42:49:INFO: --------------Epoch. 7.---------------
02/21/2023 22:42:59:INFO: [Epoch. 7.]: 100%|| 82/82 [00:09<00:00,  8.51it/s, avg_loss=0.0732]
02/21/2023 22:42:59:INFO: Epoch 7, average loss: 0.07320164066807526
02/21/2023 22:42:59:INFO: --------------Evaluate on Epoch. 7.---------------
02/21/2023 22:42:59:INFO: tensor([28996, 28997, 28998], device='cuda:0')
02/21/2023 22:42:59:INFO: **********Results Comparison**********
02/21/2023 22:42:59:INFO: 真实标签: 
 [2, 1, 1, 1, 2, 1, 1, 2, 3, 1, 3, 1, 1, 3, 3, 3, 3, 3, 3, 2, 1, 1, 2, 3, 3, 1, 1, 3, 1, 1, 1, 3, 1, 1, 1, 3, 3, 1, 1, 1, 3, 3, 3, 3, 2, 2, 2, 3, 3, 1, 3, 1, 2, 1, 2, 1, 1, 1, 3, 1, 3, 3, 1, 1, 3, 1, 1, 3, 1, 1, 3, 2, 3, 3, 2, 3, 1, 3, 1, 1, 3, 1, 3, 1, 1, 1, 1, 1, 1, 1, 2, 3, 1, 3, 2, 1, 3, 3, 1, 1, 2, 3, 3, 2, 3, 3, 1, 3, 3, 2, 2, 2, 1, 2, 1, 3, 3, 1, 1, 3, 2, 1, 3, 2, 3, 1, 3, 3, 1, 1, 3, 2, 1, 1, 3, 1, 1, 3, 1, 3, 1, 3, 3, 3, 2, 1, 1, 3, 2, 1]
02/21/2023 22:42:59:INFO: 预测标签: 
 [2, 1, 1, 2, 3, 1, 1, 1, 3, 1, 3, 1, 1, 1, 3, 3, 3, 3, 3, 3, 2, 1, 2, 3, 3, 1, 1, 3, 1, 1, 1, 3, 1, 1, 1, 3, 3, 1, 1, 1, 3, 3, 3, 2, 1, 1, 1, 2, 3, 1, 3, 1, 3, 1, 3, 1, 1, 1, 3, 1, 3, 3, 1, 3, 3, 1, 1, 3, 1, 1, 3, 1, 3, 3, 1, 3, 1, 3, 1, 1, 3, 1, 3, 1, 1, 1, 1, 1, 1, 1, 3, 3, 1, 3, 2, 1, 3, 1, 1, 1, 1, 3, 2, 2, 3, 3, 1, 2, 3, 2, 1, 2, 1, 1, 1, 3, 3, 1, 1, 2, 2, 1, 3, 1, 3, 1, 3, 3, 1, 1, 3, 1, 1, 1, 2, 1, 1, 3, 1, 1, 3, 3, 3, 3, 3, 1, 1, 2, 1, 3]
02/21/2023 22:42:59:INFO: ---------Evaluated Metrics----------
02/21/2023 22:42:59:INFO: Accuracy: 0.78.
02/21/2023 22:42:59:INFO: Macro Precision: 0.6949333561175667.
02/21/2023 22:42:59:INFO: Macro Recall: 0.6776531137416367.
02/21/2023 22:42:59:INFO: Macro F1 score: 0.6791190448136367.
02/21/2023 22:42:59:INFO: ---------confusion_matrix----------
02/21/2023 22:42:59:INFO: 
[[62  2  3]
 [12  7  6]
 [ 3  7 48]]
02/21/2023 22:42:59:INFO: 模型效果验证详情: {'位置第一个显示标签': 95, '其他位置有情感标签': 0, '全句没有情感标签': 0}.
02/21/2023 22:42:59:INFO: ----------------------Evaluate finished.------------------------
02/21/2023 22:42:59:INFO: --------------Epoch. 8.---------------
02/21/2023 22:43:08:INFO: [Epoch. 8.]: 100%|| 82/82 [00:09<00:00,  8.60it/s, avg_loss=0.0586]
02/21/2023 22:43:08:INFO: Epoch 8, average loss: 0.058551447715882846
02/21/2023 22:43:08:INFO: --------------Evaluate on Epoch. 8.---------------
02/21/2023 22:43:08:INFO: tensor([28996, 28997, 28998], device='cuda:0')
02/21/2023 22:43:09:INFO: **********Results Comparison**********
02/21/2023 22:43:09:INFO: 真实标签: 
 [2, 1, 1, 1, 2, 1, 1, 2, 3, 1, 3, 1, 1, 3, 3, 3, 3, 3, 3, 2, 1, 1, 2, 3, 3, 1, 1, 3, 1, 1, 1, 3, 1, 1, 1, 3, 3, 1, 1, 1, 3, 3, 3, 3, 2, 2, 2, 3, 3, 1, 3, 1, 2, 1, 2, 1, 1, 1, 3, 1, 3, 3, 1, 1, 3, 1, 1, 3, 1, 1, 3, 2, 3, 3, 2, 3, 1, 3, 1, 1, 3, 1, 3, 1, 1, 1, 1, 1, 1, 1, 2, 3, 1, 3, 2, 1, 3, 3, 1, 1, 2, 3, 3, 2, 3, 3, 1, 3, 3, 2, 2, 2, 1, 2, 1, 3, 3, 1, 1, 3, 2, 1, 3, 2, 3, 1, 3, 3, 1, 1, 3, 2, 1, 1, 3, 1, 1, 3, 1, 3, 1, 3, 3, 3, 2, 1, 1, 3, 2, 1]
02/21/2023 22:43:09:INFO: 预测标签: 
 [2, 1, 1, 2, 3, 1, 2, 3, 3, 1, 3, 1, 1, 1, 3, 3, 3, 3, 3, 3, 2, 2, 2, 3, 3, 1, 1, 3, 1, 1, 1, 3, 1, 1, 1, 3, 3, 1, 1, 1, 2, 3, 3, 2, 2, 1, 1, 2, 3, 1, 3, 1, 3, 2, 3, 1, 1, 1, 3, 1, 3, 3, 1, 3, 3, 1, 1, 3, 1, 1, 3, 1, 3, 3, 2, 3, 1, 3, 1, 1, 2, 1, 3, 1, 1, 2, 1, 1, 1, 1, 3, 3, 1, 3, 2, 1, 3, 2, 1, 1, 1, 3, 2, 2, 3, 3, 1, 2, 3, 2, 1, 2, 1, 1, 1, 3, 3, 2, 1, 2, 2, 1, 3, 1, 3, 1, 3, 3, 1, 1, 3, 1, 1, 1, 2, 1, 1, 3, 1, 1, 3, 3, 3, 3, 3, 1, 1, 2, 2, 3]
02/21/2023 22:43:09:INFO: ---------Evaluated Metrics----------
02/21/2023 22:43:09:INFO: Accuracy: 0.7533333333333333.
02/21/2023 22:43:09:INFO: Macro Precision: 0.6808484034852192.
02/21/2023 22:43:09:INFO: Macro Recall: 0.6812832389775262.
02/21/2023 22:43:09:INFO: Macro F1 score: 0.6807930657105835.
02/21/2023 22:43:09:INFO: ---------confusion_matrix----------
02/21/2023 22:43:09:INFO: 
[[57  7  3]
 [ 8 10  7]
 [ 2 10 46]]
02/21/2023 22:43:09:INFO: 模型效果验证详情: {'位置第一个显示标签': 102, '其他位置有情感标签': 0, '全句没有情感标签': 0}.
02/21/2023 22:43:09:INFO: ----------------------Evaluate finished.------------------------
02/21/2023 22:43:09:INFO: --------------Epoch. 9.---------------
02/21/2023 22:43:19:INFO: [Epoch. 9.]: 100%|| 82/82 [00:09<00:00,  8.47it/s, avg_loss=0.0497]
02/21/2023 22:43:19:INFO: Epoch 9, average loss: 0.049725018509822645
02/21/2023 22:43:19:INFO: --------------Evaluate on Epoch. 9.---------------
02/21/2023 22:43:19:INFO: tensor([28996, 28997, 28998], device='cuda:0')
02/21/2023 22:43:19:INFO: **********Results Comparison**********
02/21/2023 22:43:19:INFO: 真实标签: 
 [2, 1, 1, 1, 2, 1, 1, 2, 3, 1, 3, 1, 1, 3, 3, 3, 3, 3, 3, 2, 1, 1, 2, 3, 3, 1, 1, 3, 1, 1, 1, 3, 1, 1, 1, 3, 3, 1, 1, 1, 3, 3, 3, 3, 2, 2, 2, 3, 3, 1, 3, 1, 2, 1, 2, 1, 1, 1, 3, 1, 3, 3, 1, 1, 3, 1, 1, 3, 1, 1, 3, 2, 3, 3, 2, 3, 1, 3, 1, 1, 3, 1, 3, 1, 1, 1, 1, 1, 1, 1, 2, 3, 1, 3, 2, 1, 3, 3, 1, 1, 2, 3, 3, 2, 3, 3, 1, 3, 3, 2, 2, 2, 1, 2, 1, 3, 3, 1, 1, 3, 2, 1, 3, 2, 3, 1, 3, 3, 1, 1, 3, 2, 1, 1, 3, 1, 1, 3, 1, 3, 1, 3, 3, 3, 2, 1, 1, 3, 2, 1]
02/21/2023 22:43:19:INFO: 预测标签: 
 [2, 1, 1, 2, 2, 1, 2, 2, 3, 1, 3, 1, 1, 1, 3, 3, 3, 3, 3, 3, 2, 2, 2, 3, 3, 1, 1, 3, 1, 1, 1, 3, 1, 1, 1, 2, 2, 1, 1, 1, 2, 3, 3, 2, 1, 1, 1, 2, 3, 1, 3, 1, 3, 2, 3, 1, 1, 1, 2, 1, 3, 3, 1, 3, 3, 1, 1, 3, 1, 1, 3, 1, 3, 2, 2, 3, 1, 3, 1, 1, 2, 1, 2, 1, 1, 2, 1, 1, 1, 1, 3, 3, 1, 3, 2, 1, 3, 2, 1, 1, 1, 2, 2, 2, 3, 3, 1, 2, 3, 2, 1, 2, 1, 1, 1, 3, 3, 2, 1, 2, 2, 1, 3, 1, 2, 1, 3, 2, 1, 1, 2, 1, 1, 1, 2, 1, 1, 3, 1, 1, 3, 3, 3, 3, 3, 1, 1, 2, 2, 3]
02/21/2023 22:43:19:INFO: ---------Evaluated Metrics----------
02/21/2023 22:43:19:INFO: Accuracy: 0.7.
02/21/2023 22:43:19:INFO: Macro Precision: 0.6525849378790555.
02/21/2023 22:43:19:INFO: Macro Recall: 0.642892434379825.
02/21/2023 22:43:19:INFO: Macro F1 score: 0.6392432520212038.
02/21/2023 22:43:19:INFO: ---------confusion_matrix----------
02/21/2023 22:43:19:INFO: 
[[57  7  3]
 [ 9 11  5]
 [ 2 19 37]]
02/21/2023 22:43:19:INFO: 模型效果验证详情: {'位置第一个显示标签': 90, '其他位置有情感标签': 0, '全句没有情感标签': 0}.
02/21/2023 22:43:19:INFO: ----------------------Evaluate finished.------------------------
02/21/2023 22:43:19:INFO: --------------Epoch. 10.---------------
02/21/2023 22:43:28:INFO: [Epoch. 10.]: 100%|| 82/82 [00:09<00:00,  8.60it/s, avg_loss=0.041]
02/21/2023 22:43:28:INFO: Epoch 10, average loss: 0.041030533293761856
02/21/2023 22:43:28:INFO: --------------Evaluate on Epoch. 10.---------------
02/21/2023 22:43:28:INFO: tensor([28996, 28997, 28998], device='cuda:0')
02/21/2023 22:43:29:INFO: **********Results Comparison**********
02/21/2023 22:43:29:INFO: 真实标签: 
 [2, 1, 1, 1, 2, 1, 1, 2, 3, 1, 3, 1, 1, 3, 3, 3, 3, 3, 3, 2, 1, 1, 2, 3, 3, 1, 1, 3, 1, 1, 1, 3, 1, 1, 1, 3, 3, 1, 1, 1, 3, 3, 3, 3, 2, 2, 2, 3, 3, 1, 3, 1, 2, 1, 2, 1, 1, 1, 3, 1, 3, 3, 1, 1, 3, 1, 1, 3, 1, 1, 3, 2, 3, 3, 2, 3, 1, 3, 1, 1, 3, 1, 3, 1, 1, 1, 1, 1, 1, 1, 2, 3, 1, 3, 2, 1, 3, 3, 1, 1, 2, 3, 3, 2, 3, 3, 1, 3, 3, 2, 2, 2, 1, 2, 1, 3, 3, 1, 1, 3, 2, 1, 3, 2, 3, 1, 3, 3, 1, 1, 3, 2, 1, 1, 3, 1, 1, 3, 1, 3, 1, 3, 3, 3, 2, 1, 1, 3, 2, 1]
02/21/2023 22:43:29:INFO: 预测标签: 
 [2, 1, 1, 2, 3, 1, 2, 2, 3, 1, 3, 1, 1, 1, 3, 3, 3, 3, 3, 3, 2, 2, 2, 3, 3, 1, 1, 3, 1, 1, 1, 3, 1, 1, 1, 3, 3, 1, 1, 1, 3, 3, 3, 2, 1, 1, 1, 2, 3, 1, 3, 1, 3, 2, 3, 1, 1, 1, 3, 1, 3, 3, 1, 3, 3, 1, 1, 3, 1, 1, 3, 1, 3, 3, 1, 3, 1, 3, 1, 1, 3, 1, 3, 1, 1, 2, 1, 1, 1, 1, 3, 3, 1, 3, 2, 1, 3, 2, 1, 1, 1, 3, 2, 2, 3, 3, 1, 2, 3, 2, 1, 2, 1, 1, 1, 3, 3, 2, 1, 2, 2, 1, 3, 1, 3, 1, 3, 3, 1, 1, 3, 1, 1, 1, 2, 1, 1, 3, 1, 1, 3, 3, 3, 3, 3, 1, 1, 2, 2, 3]
02/21/2023 22:43:29:INFO: ---------Evaluated Metrics----------
02/21/2023 22:43:29:INFO: Accuracy: 0.76.
02/21/2023 22:43:29:INFO: Macro Precision: 0.6810640732265446.
02/21/2023 22:43:29:INFO: Macro Recall: 0.679444158517756.
02/21/2023 22:43:29:INFO: Macro F1 score: 0.6801216138629366.
02/21/2023 22:43:29:INFO: ---------confusion_matrix----------
02/21/2023 22:43:29:INFO: 
[[57  7  3]
 [10  9  6]
 [ 2  8 48]]
02/21/2023 22:43:29:INFO: 模型效果验证详情: {'位置第一个显示标签': 98, '其他位置有情感标签': 0, '全句没有情感标签': 0}.
02/21/2023 22:43:29:INFO: ----------------------Evaluate finished.------------------------
02/21/2023 22:43:29:INFO: --------------Epoch. 11.---------------
02/21/2023 22:43:39:INFO: [Epoch. 11.]: 100%|| 82/82 [00:10<00:00,  8.03it/s, avg_loss=0.0348]
02/21/2023 22:43:39:INFO: Epoch 11, average loss: 0.03477492761548336
02/21/2023 22:43:39:INFO: --------------Evaluate on Epoch. 11.---------------
02/21/2023 22:43:39:INFO: tensor([28996, 28997, 28998], device='cuda:0')
02/21/2023 22:43:39:INFO: **********Results Comparison**********
02/21/2023 22:43:39:INFO: 真实标签: 
 [2, 1, 1, 1, 2, 1, 1, 2, 3, 1, 3, 1, 1, 3, 3, 3, 3, 3, 3, 2, 1, 1, 2, 3, 3, 1, 1, 3, 1, 1, 1, 3, 1, 1, 1, 3, 3, 1, 1, 1, 3, 3, 3, 3, 2, 2, 2, 3, 3, 1, 3, 1, 2, 1, 2, 1, 1, 1, 3, 1, 3, 3, 1, 1, 3, 1, 1, 3, 1, 1, 3, 2, 3, 3, 2, 3, 1, 3, 1, 1, 3, 1, 3, 1, 1, 1, 1, 1, 1, 1, 2, 3, 1, 3, 2, 1, 3, 3, 1, 1, 2, 3, 3, 2, 3, 3, 1, 3, 3, 2, 2, 2, 1, 2, 1, 3, 3, 1, 1, 3, 2, 1, 3, 2, 3, 1, 3, 3, 1, 1, 3, 2, 1, 1, 3, 1, 1, 3, 1, 3, 1, 3, 3, 3, 2, 1, 1, 3, 2, 1]
02/21/2023 22:43:39:INFO: 预测标签: 
 [2, 1, 1, 2, 3, 1, 2, 2, 3, 1, 3, 1, 1, 1, 3, 3, 3, 3, 3, 3, 2, 2, 2, 3, 3, 1, 1, 3, 1, 1, 1, 3, 1, 1, 1, 3, 3, 1, 1, 1, 2, 3, 3, 2, 2, 1, 1, 2, 3, 1, 3, 1, 3, 2, 3, 1, 1, 1, 3, 1, 3, 3, 1, 3, 3, 1, 1, 3, 1, 1, 3, 1, 3, 3, 2, 3, 1, 3, 1, 1, 2, 1, 3, 1, 1, 2, 1, 1, 1, 1, 3, 3, 1, 3, 2, 1, 3, 2, 1, 1, 1, 3, 2, 2, 3, 3, 1, 2, 3, 2, 1, 2, 1, 1, 1, 3, 3, 2, 1, 2, 2, 1, 3, 1, 3, 1, 3, 3, 1, 1, 3, 1, 1, 1, 2, 1, 1, 3, 1, 1, 3, 3, 3, 3, 3, 1, 1, 2, 2, 3]
02/21/2023 22:43:39:INFO: ---------Evaluated Metrics----------
02/21/2023 22:43:40:INFO: Accuracy: 0.76.
02/21/2023 22:43:40:INFO: Macro Precision: 0.6933223492924986.
02/21/2023 22:43:40:INFO: Macro Recall: 0.6946165723108595.
02/21/2023 22:43:40:INFO: Macro F1 score: 0.6933333001049187.
02/21/2023 22:43:40:INFO: ---------confusion_matrix----------
02/21/2023 22:43:40:INFO: 
[[57  7  3]
 [ 8 11  6]
 [ 2 10 46]]
02/21/2023 22:43:40:INFO: 模型效果验证详情: {'位置第一个显示标签': 99, '其他位置有情感标签': 0, '全句没有情感标签': 0}.
02/21/2023 22:43:40:INFO: ----------------------Evaluate finished.------------------------
02/21/2023 22:43:40:INFO: --------------Epoch. 12.---------------
02/21/2023 22:43:50:INFO: [Epoch. 12.]: 100%|| 82/82 [00:10<00:00,  7.75it/s, avg_loss=0.0302]
02/21/2023 22:43:50:INFO: Epoch 12, average loss: 0.03018174460157752
02/21/2023 22:43:50:INFO: --------------Evaluate on Epoch. 12.---------------
02/21/2023 22:43:50:INFO: tensor([28996, 28997, 28998], device='cuda:0')
02/21/2023 22:43:51:INFO: **********Results Comparison**********
02/21/2023 22:43:51:INFO: 真实标签: 
 [2, 1, 1, 1, 2, 1, 1, 2, 3, 1, 3, 1, 1, 3, 3, 3, 3, 3, 3, 2, 1, 1, 2, 3, 3, 1, 1, 3, 1, 1, 1, 3, 1, 1, 1, 3, 3, 1, 1, 1, 3, 3, 3, 3, 2, 2, 2, 3, 3, 1, 3, 1, 2, 1, 2, 1, 1, 1, 3, 1, 3, 3, 1, 1, 3, 1, 1, 3, 1, 1, 3, 2, 3, 3, 2, 3, 1, 3, 1, 1, 3, 1, 3, 1, 1, 1, 1, 1, 1, 1, 2, 3, 1, 3, 2, 1, 3, 3, 1, 1, 2, 3, 3, 2, 3, 3, 1, 3, 3, 2, 2, 2, 1, 2, 1, 3, 3, 1, 1, 3, 2, 1, 3, 2, 3, 1, 3, 3, 1, 1, 3, 2, 1, 1, 3, 1, 1, 3, 1, 3, 1, 3, 3, 3, 2, 1, 1, 3, 2, 1]
02/21/2023 22:43:51:INFO: 预测标签: 
 [2, 1, 1, 2, 3, 1, 2, 2, 3, 1, 3, 1, 1, 1, 3, 3, 3, 3, 3, 3, 2, 2, 2, 3, 3, 1, 1, 3, 1, 1, 1, 3, 1, 1, 1, 3, 3, 1, 1, 1, 3, 3, 3, 2, 1, 1, 1, 2, 3, 1, 3, 1, 3, 2, 3, 1, 1, 1, 3, 1, 3, 3, 1, 3, 3, 1, 1, 3, 1, 1, 3, 1, 3, 3, 2, 3, 1, 3, 1, 1, 3, 1, 3, 1, 1, 2, 1, 1, 1, 1, 3, 3, 1, 3, 2, 1, 3, 2, 1, 1, 1, 3, 2, 2, 3, 3, 1, 2, 3, 2, 1, 2, 1, 1, 1, 3, 3, 2, 1, 2, 2, 1, 3, 1, 3, 1, 3, 3, 1, 1, 3, 1, 1, 1, 2, 1, 1, 3, 1, 1, 3, 3, 3, 3, 3, 1, 1, 2, 2, 3]
02/21/2023 22:43:51:INFO: ---------Evaluated Metrics----------
02/21/2023 22:43:51:INFO: Accuracy: 0.7666666666666667.
02/21/2023 22:43:51:INFO: Macro Precision: 0.6934468524251806.
02/21/2023 22:43:51:INFO: Macro Recall: 0.6927774918510893.
02/21/2023 22:43:51:INFO: Macro F1 score: 0.6930756843800322.
02/21/2023 22:43:51:INFO: ---------confusion_matrix----------
02/21/2023 22:43:51:INFO: 
[[57  7  3]
 [ 9 10  6]
 [ 2  8 48]]
02/21/2023 22:43:51:INFO: 模型效果验证详情: {'位置第一个显示标签': 100, '其他位置有情感标签': 0, '全句没有情感标签': 0}.
02/21/2023 22:43:51:INFO: ----------------------Evaluate finished.------------------------
02/21/2023 22:43:51:INFO: --------------Epoch. 13.---------------
02/21/2023 22:44:01:INFO: [Epoch. 13.]: 100%|| 82/82 [00:10<00:00,  7.51it/s, avg_loss=0.027]
02/21/2023 22:44:01:INFO: Epoch 13, average loss: 0.026982605116578136
02/21/2023 22:44:01:INFO: --------------Evaluate on Epoch. 13.---------------
02/21/2023 22:44:01:INFO: tensor([28996, 28997, 28998], device='cuda:0')
02/21/2023 22:44:02:INFO: **********Results Comparison**********
02/21/2023 22:44:02:INFO: 真实标签: 
 [2, 1, 1, 1, 2, 1, 1, 2, 3, 1, 3, 1, 1, 3, 3, 3, 3, 3, 3, 2, 1, 1, 2, 3, 3, 1, 1, 3, 1, 1, 1, 3, 1, 1, 1, 3, 3, 1, 1, 1, 3, 3, 3, 3, 2, 2, 2, 3, 3, 1, 3, 1, 2, 1, 2, 1, 1, 1, 3, 1, 3, 3, 1, 1, 3, 1, 1, 3, 1, 1, 3, 2, 3, 3, 2, 3, 1, 3, 1, 1, 3, 1, 3, 1, 1, 1, 1, 1, 1, 1, 2, 3, 1, 3, 2, 1, 3, 3, 1, 1, 2, 3, 3, 2, 3, 3, 1, 3, 3, 2, 2, 2, 1, 2, 1, 3, 3, 1, 1, 3, 2, 1, 3, 2, 3, 1, 3, 3, 1, 1, 3, 2, 1, 1, 3, 1, 1, 3, 1, 3, 1, 3, 3, 3, 2, 1, 1, 3, 2, 1]
02/21/2023 22:44:02:INFO: 预测标签: 
 [2, 1, 1, 2, 3, 1, 1, 3, 3, 1, 3, 1, 1, 1, 3, 3, 3, 3, 3, 3, 2, 2, 2, 3, 3, 1, 1, 3, 1, 1, 1, 3, 1, 1, 1, 3, 3, 1, 1, 1, 3, 3, 3, 2, 1, 1, 1, 2, 3, 1, 3, 1, 3, 2, 3, 1, 1, 1, 3, 1, 3, 3, 1, 3, 3, 1, 1, 3, 1, 1, 3, 1, 3, 3, 1, 3, 1, 3, 1, 1, 3, 1, 3, 1, 1, 1, 1, 1, 1, 1, 3, 3, 1, 3, 2, 1, 3, 2, 1, 1, 1, 3, 2, 2, 3, 3, 1, 2, 3, 2, 1, 2, 1, 1, 1, 3, 3, 2, 1, 2, 2, 1, 3, 1, 3, 1, 3, 3, 1, 1, 3, 1, 1, 1, 2, 1, 1, 3, 1, 1, 3, 3, 3, 3, 3, 1, 1, 2, 2, 3]
02/21/2023 22:44:02:INFO: ---------Evaluated Metrics----------
02/21/2023 22:44:02:INFO: Accuracy: 0.7666666666666667.
02/21/2023 22:44:02:INFO: Macro Precision: 0.6798415011139635.
02/21/2023 22:44:02:INFO: Macro Recall: 0.6760610739406415.
02/21/2023 22:44:02:INFO: Macro F1 score: 0.6768282525403965.
02/21/2023 22:44:02:INFO: ---------confusion_matrix----------
02/21/2023 22:44:02:INFO: 
[[59  5  3]
 [10  8  7]
 [ 2  8 48]]
02/21/2023 22:44:02:INFO: 模型效果验证详情: {'位置第一个显示标签': 96, '其他位置有情感标签': 0, '全句没有情感标签': 0}.
02/21/2023 22:44:02:INFO: ----------------------Evaluate finished.------------------------
02/21/2023 22:44:02:INFO: Based on [8.th Epoch] best_accuracy: 0.78.
02/21/2023 22:44:02:INFO: latest 5 epochs not seen performance increased, early stop.
02/21/2023 22:44:02:INFO: ********** Best Results on Dev Dataset **********
02/21/2023 22:44:02:INFO: Best Accuracy: 0.78.
02/21/2023 22:44:02:INFO: Best Macro Precision: 0.6933223492924986.
02/21/2023 22:44:02:INFO: Best Macro Recall: 0.6946165723108595.
02/21/2023 22:44:02:INFO: Best Macro F1 score: 0.6933333001049187.
02/21/2023 22:44:02:INFO: ***** Training Over *****
02/21/2023 22:44:02:INFO: --------------Testing ...---------------
02/21/2023 22:44:02:INFO: tensor([28996, 28997, 28998], device='cuda:0')
02/21/2023 22:44:03:INFO: **********Results Comparison**********
02/21/2023 22:44:03:INFO: 真实标签: 
 [1, 3, 1, 3, 1, 2, 1, 1, 1, 1, 3, 3, 1, 1, 3, 1, 3, 1, 1, 1, 1, 1, 1, 1, 3, 1, 1, 1, 1, 1, 3, 1, 3, 3, 1, 1, 1, 1, 1, 1, 3, 1, 3, 1, 1, 1, 3, 1, 1, 1, 3, 1, 1, 1, 1, 3, 2, 1, 1, 1, 3, 2, 1, 1, 1, 1, 1, 1, 1, 3, 3, 1, 1, 1, 2, 1, 1, 1, 3, 1, 3, 2, 3, 1, 1, 1, 1, 1, 3, 1, 1, 1, 3, 1, 3, 1, 1, 1, 1, 3, 1, 2, 3, 3, 1, 3, 1, 1, 3, 3, 1, 1, 1, 2, 2, 3, 2, 3, 2, 2, 1, 1, 1, 1, 2, 1, 2, 1, 1, 1, 3, 2, 1, 1, 1, 2, 3, 2, 3, 3, 3, 3, 3, 3, 1, 2, 2, 1, 1, 1, 1, 1, 1, 2, 3, 1, 1, 1, 1, 1, 1, 3, 1, 1, 1, 1, 1, 1, 1, 3, 2, 1, 1, 1, 1, 2, 1, 1, 1, 1, 2, 2, 1, 2, 3, 1, 1, 3, 1, 3, 1, 1, 1, 1, 3, 1, 1, 1, 1, 2, 2, 3, 1, 1, 1, 1, 1, 3, 2, 2, 1, 1, 1, 1, 1, 1, 3, 2, 3, 1, 1, 2, 2, 1, 2, 2, 1, 3, 2, 1, 1, 1, 3, 1, 1, 1, 2, 1, 1, 1, 1, 1, 1, 1, 1, 3, 2, 2, 2, 1, 3, 1, 3, 1, 1, 1, 3, 2, 1, 2, 2, 1, 2, 1, 1, 1, 1, 2, 3, 2, 2, 1, 3, 1, 2, 1, 2, 1, 3, 3, 1, 1, 1, 1, 3, 1, 3, 1, 1, 1, 2, 1, 1, 2, 2, 3, 3, 2, 1, 1, 2, 3, 1, 1, 2, 3, 2, 2, 2, 2, 2, 3, 2, 3, 1, 1, 1, 3, 1, 3, 2, 1, 1, 1, 1, 1, 2, 1, 3, 3, 1, 1, 1, 2, 2, 2, 2, 2, 3, 1, 1, 1, 1, 2, 2, 1, 2, 2, 2, 2, 2, 3, 2, 1, 3, 1, 2, 1, 2, 1, 3, 2, 1, 1, 1, 2, 2, 1, 1, 1, 1, 2, 3, 2, 2, 1, 1, 1, 1, 2, 2, 3, 1, 1, 3, 2, 3, 2, 2, 2, 1, 1, 2, 1, 1, 3, 1, 2, 2, 1, 2, 3, 1, 1, 3, 1, 2, 2, 1]
02/21/2023 22:44:03:INFO: 预测标签: 
 [1, 3, 1, 3, 3, 3, 1, 1, 1, 1, 3, 3, 1, 1, 3, 1, 3, 1, 1, 1, 1, 3, 1, 1, 2, 1, 1, 1, 1, 1, 1, 1, 3, 3, 1, 1, 1, 1, 1, 1, 1, 1, 3, 1, 1, 1, 3, 1, 1, 1, 1, 1, 1, 3, 1, 3, 3, 1, 1, 1, 2, 2, 1, 1, 1, 1, 1, 1, 1, 1, 1, 1, 1, 1, 1, 1, 1, 1, 3, 1, 1, 1, 3, 1, 1, 1, 1, 1, 3, 1, 1, 1, 3, 1, 3, 1, 1, 2, 2, 1, 1, 3, 3, 3, 1, 3, 1, 1, 3, 3, 1, 1, 1, 2, 2, 1, 1, 3, 1, 3, 1, 1, 1, 1, 1, 1, 2, 1, 1, 1, 3, 1, 1, 1, 1, 2, 3, 1, 3, 3, 3, 3, 3, 3, 1, 3, 2, 1, 1, 1, 1, 1, 1, 2, 3, 1, 1, 1, 1, 1, 1, 3, 3, 2, 1, 1, 1, 1, 1, 3, 2, 1, 1, 1, 1, 3, 1, 1, 1, 1, 3, 3, 1, 3, 3, 1, 3, 3, 1, 3, 1, 1, 1, 1, 3, 1, 3, 1, 1, 3, 2, 3, 1, 1, 3, 1, 1, 3, 3, 1, 1, 2, 1, 1, 1, 1, 3, 3, 3, 1, 1, 3, 3, 1, 3, 3, 1, 3, 1, 1, 1, 1, 3, 1, 1, 3, 1, 1, 3, 1, 1, 1, 1, 1, 1, 3, 1, 1, 1, 3, 3, 1, 3, 1, 3, 1, 3, 1, 1, 3, 1, 1, 3, 2, 1, 1, 1, 3, 3, 3, 2, 1, 3, 1, 1, 1, 1, 1, 3, 3, 1, 1, 1, 1, 3, 1, 3, 1, 1, 1, 2, 2, 3, 2, 3, 3, 3, 2, 1, 1, 2, 3, 1, 1, 2, 2, 3, 3, 2, 3, 2, 1, 1, 3, 1, 1, 3, 3, 1, 3, 3, 1, 1, 3, 1, 1, 1, 1, 1, 3, 1, 3, 1, 1, 2, 3, 3, 3, 3, 1, 1, 2, 3, 2, 1, 1, 2, 3, 1, 2, 3, 3, 1, 1, 3, 1, 2, 1, 1, 1, 3, 1, 1, 1, 3, 3, 1, 1, 1, 1, 1, 1, 3, 2, 1, 1, 1, 1, 1, 3, 1, 3, 1, 1, 3, 3, 3, 2, 2, 2, 1, 1, 3, 1, 1, 2, 3, 3, 1, 1, 3, 3, 1, 1, 3, 1, 2, 3, 1]
02/21/2023 22:44:03:INFO: ---------Evaluated Metrics----------
02/21/2023 22:44:03:INFO: Accuracy: 0.7408312958435208.
02/21/2023 22:44:03:INFO: Macro Precision: 0.7026415632577377.
02/21/2023 22:44:03:INFO: Macro Recall: 0.6707807558871389.
02/21/2023 22:44:03:INFO: Macro F1 score: 0.647559674868513.
02/21/2023 22:44:03:INFO: ---------confusion_matrix----------
02/21/2023 22:44:03:INFO: 
[[206   7  18]
 [ 30  27  37]
 [ 10   4  70]]
02/21/2023 22:44:03:INFO: 模型效果验证详情: {'位置第一个显示标签': 286, '其他位置有情感标签': 0, '全句没有情感标签': 0}.
02/21/2023 22:44:03:INFO: ----------------------Testing finished.------------------------
02/21/2023 22:44:03:INFO: bengio.
