02/23/2023 13:22:51:INFO: start.
02/23/2023 13:22:51:INFO: --------hyper-arguments for this training.--------
02/23/2023 13:22:51:INFO: Namespace(answer_strategy='inter_logits_core_token', batch_size=2, dataset='rest16', eval_pre_epochs=1, few_shot=10, learning_rate=1e-05, log_file=None, model_type='WT2ABSA_Mean', patience=5, pre_trained_model='pretrainedmodels/bert-base-cased', save_best_model=False, seed=985, total_epochs=20)
02/23/2023 13:22:51:INFO: ----------dataset files------------
02/23/2023 13:22:51:INFO: {'train': '../WordTrans2ABSA/dataset/rest16/train.json', 'dev': '../WordTrans2ABSA/dataset/rest16/dev.json', 'test': '../WordTrans2ABSA/dataset/rest16/test.json'}
02/23/2023 13:22:54:WARNING: Using custom data configuration default-b3ccb5991d649a97
02/23/2023 13:22:54:WARNING: Reusing dataset json (C:\Users\Super-IdoI\.cache\huggingface\datasets\json\default-b3ccb5991d649a97\0.0.0\45636811569ec4a6630521c18235dfbbab83b7ab572e3393c5ba68ccabe98264)
02/23/2023 13:22:54:INFO: -----------------------------------
02/23/2023 13:22:54:INFO: {'I-POS': ['good', 'clever', 'excellent', 'effectual', 'beautiful', 'nice', 'useful', 'well', 'fantastic'], 'I-NEU': ['Michael', 'John', 'David', 'Thomas', 'Martin', 'Paul'], 'I-NEG': ['bad', 'terrible', 'awful', 'badly', 'terrible', 'poor', 'unfortunate', 'harmful', 'dirty', 'sorry']}
02/23/2023 13:22:54:INFO: -----------------------------------
02/23/2023 13:22:54:INFO: {'O': 0, 'I-POS': 1, 'I-NEU': 2, 'I-NEG': 3}
02/23/2023 13:22:54:INFO: {0: 'O', 1: 'I-POS', 2: 'I-NEU', 3: 'I-NEG'}
02/23/2023 13:22:56:INFO: -----------------------------------
02/23/2023 13:22:56:INFO: {'I-POS': 28996, 'I-NEU': 28997, 'I-NEG': 28998}
02/23/2023 13:22:56:INFO: {28996: 'I-POS', 28997: 'I-NEU', 28998: 'I-NEG'}
02/23/2023 13:22:56:INFO: start preprocess dataset.
02/23/2023 13:22:56:WARNING: Loading cached processed dataset at C:\Users\Super-IdoI\.cache\huggingface\datasets\json\default-b3ccb5991d649a97\0.0.0\45636811569ec4a6630521c18235dfbbab83b7ab572e3393c5ba68ccabe98264\cache-6e6429c220ed400f.arrow
02/23/2023 13:22:56:WARNING: Loading cached processed dataset at C:\Users\Super-IdoI\.cache\huggingface\datasets\json\default-b3ccb5991d649a97\0.0.0\45636811569ec4a6630521c18235dfbbab83b7ab572e3393c5ba68ccabe98264\cache-728d1e4ec647c4bf.arrow
02/23/2023 13:22:56:INFO: dataset preprocess finished.
02/23/2023 13:22:56:WARNING: Loading cached processed dataset at C:\Users\Super-IdoI\.cache\huggingface\datasets\json\default-b3ccb5991d649a97\0.0.0\45636811569ec4a6630521c18235dfbbab83b7ab572e3393c5ba68ccabe98264\cache-da3a861e210d4430.arrow
02/23/2023 13:22:56:INFO: Train: 30, Dev: 118, Test: 418.
02/23/2023 13:22:56:INFO: dataloader prepare finished.
02/23/2023 13:22:56:INFO: ***** Start Training *****
02/23/2023 13:22:56:INFO: Total Epochs: 20
02/23/2023 13:22:56:INFO: validate on per-1 epochs.
02/23/2023 13:22:56:INFO: Training Samples Count: 30.
02/23/2023 13:22:56:INFO: Batch Size: 2, 每轮 15 Batch.
02/23/2023 13:22:56:INFO: Learning Rate: 1e-05
02/23/2023 13:22:56:INFO: --------------Epoch. 1.---------------
02/23/2023 13:22:57:INFO: [Epoch. 1.]: 100%|| 15/15 [00:01<00:00, 13.40it/s, avg_loss=2.01]
02/23/2023 13:22:57:INFO: Epoch 1, average loss: 2.007477792104085
02/23/2023 13:22:57:INFO: --------------Evaluate on Epoch. 1.---------------
02/23/2023 13:22:57:INFO: tensor([28996, 28997, 28998], device='cuda:0')
02/23/2023 13:22:58:INFO: **********Results Comparison**********
02/23/2023 13:22:58:INFO: 真实标签: 
 [1, 3, 3, 1, 1, 1, 1, 1, 1, 1, 1, 1, 1, 1, 2, 3, 1, 1, 1, 3, 1, 1, 3, 2, 1, 1, 1, 3, 1, 3, 3, 3, 1, 2, 3, 1, 1, 1, 1, 3, 3, 1, 1, 1, 1, 3, 1, 3, 1, 1, 1, 1, 2, 3, 1, 1, 1, 1, 1, 1, 1, 1, 1, 3, 1, 1, 1, 1, 1, 1, 1, 1, 1, 3, 3, 1, 1, 1, 1, 3, 2, 2, 1, 1, 1, 3, 3, 1, 1, 1, 1, 1, 1, 1, 3, 1, 1, 1, 1, 1, 1, 3, 1, 1, 2, 1, 1, 1, 1, 1, 3, 1, 1, 1, 3, 1, 1, 1]
02/23/2023 13:22:58:INFO: 预测标签: 
 [1, 1, 1, 1, 1, 1, 2, 1, 2, 1, 2, 1, 1, 1, 1, 1, 2, 1, 1, 1, 1, 1, 1, 3, 1, 1, 1, 1, 1, 1, 1, 1, 1, 2, 1, 1, 1, 3, 1, 1, 2, 1, 2, 2, 1, 1, 1, 1, 1, 1, 1, 1, 2, 1, 1, 1, 1, 1, 1, 1, 2, 1, 1, 1, 2, 1, 2, 2, 1, 2, 1, 1, 1, 2, 1, 1, 1, 1, 1, 2, 1, 2, 1, 2, 2, 2, 3, 1, 1, 1, 1, 1, 1, 1, 2, 1, 3, 1, 1, 2, 1, 1, 1, 1, 1, 2, 1, 1, 1, 1, 1, 2, 1, 1, 1, 2, 1, 1]
02/23/2023 13:22:58:INFO: ---------Evaluated Metrics----------
02/23/2023 13:22:58:INFO: Accuracy: 0.6016949152542372.
02/23/2023 13:22:58:INFO: Macro Precision: 0.3742696629213483.
02/23/2023 13:22:58:INFO: Macro Recall: 0.4158803986710964.
02/23/2023 13:22:58:INFO: Macro F1 score: 0.3407266009852217.
02/23/2023 13:22:58:INFO: ---------confusion_matrix----------
02/23/2023 13:22:58:INFO: 
[[67 17  2]
 [ 3  3  1]
 [19  5  1]]
02/23/2023 13:22:58:INFO: 模型效果验证详情: {'位置第一个显示标签': 0, '其他位置有情感标签': 0, '全句没有情感标签': 0}.
02/23/2023 13:22:58:INFO: ----------------------Evaluate finished.------------------------
02/23/2023 13:22:58:INFO: --------------Epoch. 2.---------------
02/23/2023 13:22:59:INFO: [Epoch. 2.]: 100%|| 15/15 [00:00<00:00, 15.70it/s, avg_loss=1.17]
02/23/2023 13:22:59:INFO: Epoch 2, average loss: 1.166239285469055
02/23/2023 13:22:59:INFO: --------------Evaluate on Epoch. 2.---------------
02/23/2023 13:22:59:INFO: tensor([28996, 28997, 28998], device='cuda:0')
02/23/2023 13:22:59:INFO: **********Results Comparison**********
02/23/2023 13:22:59:INFO: 真实标签: 
 [1, 3, 3, 1, 1, 1, 1, 1, 1, 1, 1, 1, 1, 1, 2, 3, 1, 1, 1, 3, 1, 1, 3, 2, 1, 1, 1, 3, 1, 3, 3, 3, 1, 2, 3, 1, 1, 1, 1, 3, 3, 1, 1, 1, 1, 3, 1, 3, 1, 1, 1, 1, 2, 3, 1, 1, 1, 1, 1, 1, 1, 1, 1, 3, 1, 1, 1, 1, 1, 1, 1, 1, 1, 3, 3, 1, 1, 1, 1, 3, 2, 2, 1, 1, 1, 3, 3, 1, 1, 1, 1, 1, 1, 1, 3, 1, 1, 1, 1, 1, 1, 3, 1, 1, 2, 1, 1, 1, 1, 1, 3, 1, 1, 1, 3, 1, 1, 1]
02/23/2023 13:22:59:INFO: 预测标签: 
 [1, 3, 3, 1, 1, 3, 2, 1, 2, 1, 2, 1, 1, 1, 1, 3, 2, 1, 1, 1, 1, 1, 3, 3, 3, 1, 1, 1, 1, 1, 3, 3, 1, 2, 1, 1, 1, 3, 1, 3, 2, 1, 1, 2, 1, 1, 1, 1, 1, 1, 1, 3, 2, 1, 1, 1, 1, 1, 3, 1, 2, 1, 1, 1, 1, 1, 2, 2, 1, 2, 2, 1, 1, 2, 1, 1, 1, 1, 1, 2, 1, 2, 3, 2, 2, 2, 3, 1, 1, 1, 1, 1, 1, 1, 1, 1, 3, 1, 1, 2, 1, 3, 1, 1, 1, 2, 1, 1, 1, 1, 1, 2, 1, 1, 1, 1, 1, 1]
02/23/2023 13:22:59:INFO: ---------Evaluated Metrics----------
02/23/2023 13:22:59:INFO: Accuracy: 0.6440677966101694.
02/23/2023 13:22:59:INFO: Macro Precision: 0.4919673277826666.
02/23/2023 13:22:59:INFO: Macro Recall: 0.5109191583610189.
02/23/2023 13:22:59:INFO: Macro F1 score: 0.4704085186843807.
02/23/2023 13:22:59:INFO: ---------confusion_matrix----------
02/23/2023 13:22:59:INFO: 
[[64 15  7]
 [ 3  3  1]
 [12  4  9]]
02/23/2023 13:22:59:INFO: 模型效果验证详情: {'位置第一个显示标签': 0, '其他位置有情感标签': 0, '全句没有情感标签': 0}.
02/23/2023 13:22:59:INFO: ----------------------Evaluate finished.------------------------
02/23/2023 13:22:59:INFO: --------------Epoch. 3.---------------
02/23/2023 13:23:00:INFO: [Epoch. 3.]: 100%|| 15/15 [00:00<00:00, 16.57it/s, avg_loss=0.735]
02/23/2023 13:23:00:INFO: Epoch 3, average loss: 0.7346973399321238
02/23/2023 13:23:00:INFO: --------------Evaluate on Epoch. 3.---------------
02/23/2023 13:23:00:INFO: tensor([28996, 28997, 28998], device='cuda:0')
02/23/2023 13:23:01:INFO: **********Results Comparison**********
02/23/2023 13:23:01:INFO: 真实标签: 
 [1, 3, 3, 1, 1, 1, 1, 1, 1, 1, 1, 1, 1, 1, 2, 3, 1, 1, 1, 3, 1, 1, 3, 2, 1, 1, 1, 3, 1, 3, 3, 3, 1, 2, 3, 1, 1, 1, 1, 3, 3, 1, 1, 1, 1, 3, 1, 3, 1, 1, 1, 1, 2, 3, 1, 1, 1, 1, 1, 1, 1, 1, 1, 3, 1, 1, 1, 1, 1, 1, 1, 1, 1, 3, 3, 1, 1, 1, 1, 3, 2, 2, 1, 1, 1, 3, 3, 1, 1, 1, 1, 1, 1, 1, 3, 1, 1, 1, 1, 1, 1, 3, 1, 1, 2, 1, 1, 1, 1, 1, 3, 1, 1, 1, 3, 1, 1, 1]
02/23/2023 13:23:01:INFO: 预测标签: 
 [1, 3, 3, 2, 1, 3, 2, 2, 2, 2, 2, 1, 1, 1, 1, 3, 2, 1, 1, 1, 1, 1, 3, 3, 3, 1, 1, 2, 1, 2, 3, 3, 2, 2, 2, 1, 2, 3, 2, 2, 2, 2, 2, 2, 2, 1, 1, 2, 2, 2, 1, 3, 2, 2, 1, 1, 1, 1, 1, 1, 2, 1, 1, 2, 1, 2, 2, 2, 2, 2, 2, 1, 1, 2, 2, 1, 1, 2, 1, 2, 2, 2, 2, 2, 2, 2, 3, 2, 1, 2, 1, 1, 1, 2, 2, 2, 3, 2, 1, 2, 1, 3, 1, 1, 1, 2, 1, 1, 1, 2, 2, 2, 1, 1, 2, 2, 1, 1]
02/23/2023 13:23:01:INFO: ---------Evaluated Metrics----------
02/23/2023 13:23:01:INFO: Accuracy: 0.4745762711864407.
02/23/2023 13:23:01:INFO: Macro Precision: 0.5198412698412698.
02/23/2023 13:23:01:INFO: Macro Recall: 0.4676854928017719.
02/23/2023 13:23:01:INFO: Macro F1 score: 0.397985651716995.
02/23/2023 13:23:01:INFO: ---------confusion_matrix----------
02/23/2023 13:23:01:INFO: 
[[44 37  5]
 [ 2  4  1]
 [ 2 15  8]]
02/23/2023 13:23:01:INFO: 模型效果验证详情: {'位置第一个显示标签': 0, '其他位置有情感标签': 0, '全句没有情感标签': 0}.
02/23/2023 13:23:01:INFO: ----------------------Evaluate finished.------------------------
02/23/2023 13:23:01:INFO: --------------Epoch. 4.---------------
02/23/2023 13:23:02:INFO: [Epoch. 4.]: 100%|| 15/15 [00:00<00:00, 16.42it/s, avg_loss=0.55]
02/23/2023 13:23:02:INFO: Epoch 4, average loss: 0.5502827743689219
02/23/2023 13:23:02:INFO: --------------Evaluate on Epoch. 4.---------------
02/23/2023 13:23:02:INFO: tensor([28996, 28997, 28998], device='cuda:0')
02/23/2023 13:23:02:INFO: **********Results Comparison**********
02/23/2023 13:23:02:INFO: 真实标签: 
 [1, 3, 3, 1, 1, 1, 1, 1, 1, 1, 1, 1, 1, 1, 2, 3, 1, 1, 1, 3, 1, 1, 3, 2, 1, 1, 1, 3, 1, 3, 3, 3, 1, 2, 3, 1, 1, 1, 1, 3, 3, 1, 1, 1, 1, 3, 1, 3, 1, 1, 1, 1, 2, 3, 1, 1, 1, 1, 1, 1, 1, 1, 1, 3, 1, 1, 1, 1, 1, 1, 1, 1, 1, 3, 3, 1, 1, 1, 1, 3, 2, 2, 1, 1, 1, 3, 3, 1, 1, 1, 1, 1, 1, 1, 3, 1, 1, 1, 1, 1, 1, 3, 1, 1, 2, 1, 1, 1, 1, 1, 3, 1, 1, 1, 3, 1, 1, 1]
02/23/2023 13:23:02:INFO: 预测标签: 
 [1, 2, 2, 2, 1, 1, 2, 2, 2, 2, 2, 2, 1, 1, 2, 2, 2, 1, 2, 2, 1, 2, 3, 3, 2, 2, 2, 2, 1, 2, 3, 2, 2, 2, 2, 1, 2, 2, 2, 2, 2, 2, 2, 2, 1, 2, 1, 2, 2, 2, 1, 1, 2, 2, 1, 2, 1, 1, 2, 1, 2, 2, 1, 2, 2, 2, 2, 2, 2, 2, 2, 2, 2, 2, 2, 1, 2, 2, 2, 2, 2, 2, 2, 2, 2, 2, 2, 2, 1, 2, 2, 1, 2, 2, 2, 2, 3, 2, 2, 2, 1, 3, 1, 2, 1, 2, 1, 2, 1, 2, 2, 2, 1, 1, 2, 2, 1, 2]
02/23/2023 13:23:02:INFO: ---------Evaluated Metrics----------
02/23/2023 13:23:02:INFO: Accuracy: 0.3050847457627119.
02/23/2023 13:23:02:INFO: Macro Precision: 0.54168035030104.
02/23/2023 13:23:02:INFO: Macro Recall: 0.3866223698781838.
02/23/2023 13:23:02:INFO: Macro F1 score: 0.26561554387641345.
02/23/2023 13:23:02:INFO: ---------confusion_matrix----------
02/23/2023 13:23:02:INFO: 
[[28 57  1]
 [ 1  5  1]
 [ 0 22  3]]
02/23/2023 13:23:02:INFO: 模型效果验证详情: {'位置第一个显示标签': 0, '其他位置有情感标签': 0, '全句没有情感标签': 0}.
02/23/2023 13:23:02:INFO: ----------------------Evaluate finished.------------------------
02/23/2023 13:23:02:INFO: --------------Epoch. 5.---------------
02/23/2023 13:23:03:INFO: [Epoch. 5.]: 100%|| 15/15 [00:00<00:00, 16.60it/s, avg_loss=0.43]
02/23/2023 13:23:03:INFO: Epoch 5, average loss: 0.4295233577489853
02/23/2023 13:23:03:INFO: --------------Evaluate on Epoch. 5.---------------
02/23/2023 13:23:03:INFO: tensor([28996, 28997, 28998], device='cuda:0')
02/23/2023 13:23:04:INFO: **********Results Comparison**********
02/23/2023 13:23:04:INFO: 真实标签: 
 [1, 3, 3, 1, 1, 1, 1, 1, 1, 1, 1, 1, 1, 1, 2, 3, 1, 1, 1, 3, 1, 1, 3, 2, 1, 1, 1, 3, 1, 3, 3, 3, 1, 2, 3, 1, 1, 1, 1, 3, 3, 1, 1, 1, 1, 3, 1, 3, 1, 1, 1, 1, 2, 3, 1, 1, 1, 1, 1, 1, 1, 1, 1, 3, 1, 1, 1, 1, 1, 1, 1, 1, 1, 3, 3, 1, 1, 1, 1, 3, 2, 2, 1, 1, 1, 3, 3, 1, 1, 1, 1, 1, 1, 1, 3, 1, 1, 1, 1, 1, 1, 3, 1, 1, 2, 1, 1, 1, 1, 1, 3, 1, 1, 1, 3, 1, 1, 1]
02/23/2023 13:23:04:INFO: 预测标签: 
 [1, 3, 3, 2, 1, 1, 2, 2, 2, 2, 2, 1, 1, 1, 1, 2, 2, 1, 1, 2, 1, 1, 3, 3, 1, 1, 1, 2, 1, 2, 3, 3, 1, 2, 1, 1, 2, 3, 2, 2, 2, 2, 2, 2, 1, 2, 1, 2, 2, 2, 1, 1, 2, 2, 1, 1, 1, 1, 1, 1, 2, 2, 1, 2, 1, 2, 2, 2, 2, 2, 2, 1, 1, 2, 2, 1, 1, 2, 1, 2, 1, 2, 1, 2, 2, 2, 3, 2, 1, 2, 1, 1, 2, 2, 2, 2, 3, 2, 1, 2, 1, 3, 1, 1, 1, 2, 1, 1, 1, 2, 2, 2, 1, 1, 2, 2, 1, 1]
02/23/2023 13:23:04:INFO: ---------Evaluated Metrics----------
02/23/2023 13:23:04:INFO: Accuracy: 0.4915254237288136.
02/23/2023 13:23:04:INFO: Macro Precision: 0.5588827838827839.
02/23/2023 13:23:04:INFO: Macro Recall: 0.42223698781838315.
02/23/2023 13:23:04:INFO: Macro F1 score: 0.39696342305037957.
02/23/2023 13:23:04:INFO: ---------confusion_matrix----------
02/23/2023 13:23:04:INFO: 
[[48 36  2]
 [ 3  3  1]
 [ 1 17  7]]
02/23/2023 13:23:04:INFO: 模型效果验证详情: {'位置第一个显示标签': 0, '其他位置有情感标签': 0, '全句没有情感标签': 0}.
02/23/2023 13:23:04:INFO: ----------------------Evaluate finished.------------------------
02/23/2023 13:23:04:INFO: --------------Epoch. 6.---------------
02/23/2023 13:23:05:INFO: [Epoch. 6.]: 100%|| 15/15 [00:00<00:00, 16.63it/s, avg_loss=0.348]
02/23/2023 13:23:05:INFO: Epoch 6, average loss: 0.34798534015814464
02/23/2023 13:23:05:INFO: --------------Evaluate on Epoch. 6.---------------
02/23/2023 13:23:05:INFO: tensor([28996, 28997, 28998], device='cuda:0')
02/23/2023 13:23:05:INFO: **********Results Comparison**********
02/23/2023 13:23:05:INFO: 真实标签: 
 [1, 3, 3, 1, 1, 1, 1, 1, 1, 1, 1, 1, 1, 1, 2, 3, 1, 1, 1, 3, 1, 1, 3, 2, 1, 1, 1, 3, 1, 3, 3, 3, 1, 2, 3, 1, 1, 1, 1, 3, 3, 1, 1, 1, 1, 3, 1, 3, 1, 1, 1, 1, 2, 3, 1, 1, 1, 1, 1, 1, 1, 1, 1, 3, 1, 1, 1, 1, 1, 1, 1, 1, 1, 3, 3, 1, 1, 1, 1, 3, 2, 2, 1, 1, 1, 3, 3, 1, 1, 1, 1, 1, 1, 1, 3, 1, 1, 1, 1, 1, 1, 3, 1, 1, 2, 1, 1, 1, 1, 1, 3, 1, 1, 1, 3, 1, 1, 1]
02/23/2023 13:23:05:INFO: 预测标签: 
 [1, 2, 2, 2, 1, 1, 2, 2, 2, 2, 2, 2, 1, 1, 2, 2, 2, 1, 2, 2, 1, 2, 3, 2, 2, 2, 2, 2, 1, 2, 2, 2, 2, 2, 2, 1, 2, 2, 2, 2, 2, 2, 2, 2, 1, 2, 1, 2, 2, 2, 1, 1, 2, 2, 1, 1, 1, 1, 2, 1, 2, 2, 1, 2, 1, 2, 2, 2, 2, 2, 2, 2, 2, 2, 2, 1, 1, 2, 1, 2, 2, 2, 2, 2, 2, 2, 1, 2, 1, 2, 1, 1, 2, 2, 2, 2, 3, 2, 2, 2, 1, 1, 1, 2, 1, 2, 1, 2, 1, 2, 2, 2, 1, 1, 2, 2, 1, 1]
02/23/2023 13:23:05:INFO: ---------Evaluated Metrics----------
02/23/2023 13:23:05:INFO: Accuracy: 0.3474576271186441.
02/23/2023 13:23:05:INFO: Macro Precision: 0.49828942866917547.
02/23/2023 13:23:05:INFO: Macro Recall: 0.4308305647840531.
02/23/2023 13:23:05:INFO: Macro F1 score: 0.2554848287500963.
02/23/2023 13:23:05:INFO: ---------confusion_matrix----------
02/23/2023 13:23:05:INFO: 
[[34 51  1]
 [ 1  6  0]
 [ 2 22  1]]
02/23/2023 13:23:05:INFO: 模型效果验证详情: {'位置第一个显示标签': 0, '其他位置有情感标签': 0, '全句没有情感标签': 0}.
02/23/2023 13:23:05:INFO: ----------------------Evaluate finished.------------------------
02/23/2023 13:23:05:INFO: --------------Epoch. 7.---------------
02/23/2023 13:23:06:INFO: [Epoch. 7.]: 100%|| 15/15 [00:00<00:00, 16.65it/s, avg_loss=0.291]
02/23/2023 13:23:06:INFO: Epoch 7, average loss: 0.29148933788140613
02/23/2023 13:23:06:INFO: --------------Evaluate on Epoch. 7.---------------
02/23/2023 13:23:06:INFO: tensor([28996, 28997, 28998], device='cuda:0')
02/23/2023 13:23:07:INFO: **********Results Comparison**********
02/23/2023 13:23:07:INFO: 真实标签: 
 [1, 3, 3, 1, 1, 1, 1, 1, 1, 1, 1, 1, 1, 1, 2, 3, 1, 1, 1, 3, 1, 1, 3, 2, 1, 1, 1, 3, 1, 3, 3, 3, 1, 2, 3, 1, 1, 1, 1, 3, 3, 1, 1, 1, 1, 3, 1, 3, 1, 1, 1, 1, 2, 3, 1, 1, 1, 1, 1, 1, 1, 1, 1, 3, 1, 1, 1, 1, 1, 1, 1, 1, 1, 3, 3, 1, 1, 1, 1, 3, 2, 2, 1, 1, 1, 3, 3, 1, 1, 1, 1, 1, 1, 1, 3, 1, 1, 1, 1, 1, 1, 3, 1, 1, 2, 1, 1, 1, 1, 1, 3, 1, 1, 1, 3, 1, 1, 1]
02/23/2023 13:23:07:INFO: 预测标签: 
 [1, 3, 3, 2, 1, 1, 2, 2, 2, 2, 2, 2, 1, 1, 3, 2, 2, 1, 1, 2, 1, 1, 3, 3, 1, 1, 2, 2, 1, 2, 3, 3, 2, 2, 2, 1, 2, 3, 2, 2, 2, 2, 2, 2, 1, 2, 1, 2, 2, 2, 1, 1, 2, 2, 1, 1, 1, 1, 2, 1, 2, 2, 1, 2, 1, 2, 2, 2, 2, 2, 2, 2, 2, 2, 2, 1, 1, 2, 1, 2, 1, 2, 2, 2, 2, 2, 3, 2, 1, 2, 1, 1, 2, 2, 2, 1, 3, 2, 2, 2, 1, 3, 1, 1, 1, 2, 1, 1, 1, 2, 3, 2, 1, 1, 2, 2, 1, 1]
02/23/2023 13:23:07:INFO: ---------Evaluated Metrics----------
02/23/2023 13:23:07:INFO: Accuracy: 0.4406779661016949.
02/23/2023 13:23:07:INFO: Macro Precision: 0.5559246954595792.
02/23/2023 13:23:07:INFO: Macro Recall: 0.4084385382059801.
02/23/2023 13:23:07:INFO: Macro F1 score: 0.3846018776251334.
02/23/2023 13:23:07:INFO: ---------confusion_matrix----------
02/23/2023 13:23:07:INFO: 
[[41 43  2]
 [ 2  3  2]
 [ 0 17  8]]
02/23/2023 13:23:07:INFO: 模型效果验证详情: {'位置第一个显示标签': 0, '其他位置有情感标签': 0, '全句没有情感标签': 0}.
02/23/2023 13:23:07:INFO: ----------------------Evaluate finished.------------------------
02/23/2023 13:23:07:INFO: --------------Epoch. 8.---------------
02/23/2023 13:23:08:INFO: [Epoch. 8.]: 100%|| 15/15 [00:00<00:00, 16.64it/s, avg_loss=0.244]
02/23/2023 13:23:08:INFO: Epoch 8, average loss: 0.24409950623909632
02/23/2023 13:23:08:INFO: --------------Evaluate on Epoch. 8.---------------
02/23/2023 13:23:08:INFO: tensor([28996, 28997, 28998], device='cuda:0')
02/23/2023 13:23:08:INFO: **********Results Comparison**********
02/23/2023 13:23:08:INFO: 真实标签: 
 [1, 3, 3, 1, 1, 1, 1, 1, 1, 1, 1, 1, 1, 1, 2, 3, 1, 1, 1, 3, 1, 1, 3, 2, 1, 1, 1, 3, 1, 3, 3, 3, 1, 2, 3, 1, 1, 1, 1, 3, 3, 1, 1, 1, 1, 3, 1, 3, 1, 1, 1, 1, 2, 3, 1, 1, 1, 1, 1, 1, 1, 1, 1, 3, 1, 1, 1, 1, 1, 1, 1, 1, 1, 3, 3, 1, 1, 1, 1, 3, 2, 2, 1, 1, 1, 3, 3, 1, 1, 1, 1, 1, 1, 1, 3, 1, 1, 1, 1, 1, 1, 3, 1, 1, 2, 1, 1, 1, 1, 1, 3, 1, 1, 1, 3, 1, 1, 1]
02/23/2023 13:23:08:INFO: 预测标签: 
 [1, 3, 3, 2, 1, 1, 2, 2, 2, 2, 2, 2, 1, 1, 2, 2, 2, 1, 1, 2, 1, 1, 3, 3, 1, 1, 2, 2, 1, 2, 3, 3, 2, 2, 2, 1, 2, 2, 1, 2, 2, 2, 2, 2, 1, 2, 1, 2, 2, 2, 1, 1, 2, 2, 1, 1, 1, 1, 2, 1, 2, 2, 1, 2, 1, 2, 2, 2, 2, 2, 2, 2, 2, 2, 2, 1, 1, 2, 1, 2, 1, 2, 2, 2, 2, 2, 1, 2, 1, 2, 1, 1, 2, 2, 2, 1, 3, 2, 2, 2, 1, 3, 1, 1, 1, 2, 1, 1, 1, 2, 3, 2, 1, 1, 2, 2, 1, 1]
02/23/2023 13:23:08:INFO: ---------Evaluated Metrics----------
02/23/2023 13:23:08:INFO: Accuracy: 0.4491525423728814.
02/23/2023 13:23:08:INFO: Macro Precision: 0.5912037037037038.
02/23/2023 13:23:08:INFO: Macro Recall: 0.4466002214839424.
02/23/2023 13:23:08:INFO: Macro F1 score: 0.38855404542206085.
02/23/2023 13:23:08:INFO: ---------confusion_matrix----------
02/23/2023 13:23:08:INFO: 
[[42 43  1]
 [ 2  4  1]
 [ 1 17  7]]
02/23/2023 13:23:08:INFO: 模型效果验证详情: {'位置第一个显示标签': 3, '其他位置有情感标签': 0, '全句没有情感标签': 0}.
02/23/2023 13:23:08:INFO: ----------------------Evaluate finished.------------------------
02/23/2023 13:23:08:INFO: Based on [3.th Epoch] best_accuracy: 0.6440677966101694.
02/23/2023 13:23:08:INFO: latest 5 epochs not seen performance increased, early stop.
02/23/2023 13:23:08:INFO: ********** Best Results on Dev Dataset **********
02/23/2023 13:23:08:INFO: Best Accuracy: 0.6440677966101694.
02/23/2023 13:23:08:INFO: Best Macro Precision: 0.4919673277826666.
02/23/2023 13:23:08:INFO: Best Macro Recall: 0.5109191583610189.
02/23/2023 13:23:08:INFO: Best Macro F1 score: 0.4704085186843807.
02/23/2023 13:23:08:INFO: ***** Training Over *****
02/23/2023 13:23:08:INFO: --------------Testing ...---------------
02/23/2023 13:23:08:INFO: tensor([28996, 28997, 28998], device='cuda:0')
02/23/2023 13:23:10:INFO: **********Results Comparison**********
02/23/2023 13:23:10:INFO: 真实标签: 
 [1, 2, 1, 1, 1, 1, 1, 3, 1, 1, 1, 1, 3, 3, 1, 1, 3, 3, 3, 1, 1, 1, 1, 1, 1, 1, 1, 1, 1, 1, 1, 1, 1, 1, 1, 3, 3, 1, 3, 1, 3, 3, 1, 1, 1, 1, 3, 1, 3, 1, 1, 1, 1, 1, 1, 3, 1, 1, 1, 1, 1, 1, 1, 1, 1, 1, 1, 1, 1, 1, 1, 1, 3, 2, 2, 1, 2, 2, 3, 3, 2, 1, 1, 1, 1, 1, 1, 1, 1, 1, 1, 1, 1, 1, 1, 1, 1, 1, 1, 3, 1, 1, 1, 1, 1, 1, 1, 1, 1, 1, 1, 1, 1, 1, 1, 1, 1, 1, 1, 1, 1, 1, 1, 1, 1, 1, 3, 1, 1, 3, 3, 1, 1, 1, 1, 1, 1, 1, 1, 1, 3, 3, 3, 3, 3, 3, 3, 1, 1, 1, 1, 1, 1, 1, 1, 1, 1, 1, 1, 1, 3, 1, 1, 1, 1, 1, 1, 1, 1, 1, 1, 1, 1, 1, 1, 1, 1, 1, 1, 1, 1, 1, 1, 1, 1, 1, 1, 1, 1, 2, 1, 3, 3, 3, 3, 1, 1, 1, 1, 1, 1, 1, 1, 1, 1, 1, 1, 1, 1, 3, 2, 2, 1, 1, 1, 1, 1, 1, 1, 3, 3, 3, 1, 1, 1, 2, 1, 1, 1, 1, 1, 1, 2, 3, 3, 3, 1, 3, 3, 3, 3, 1, 1, 1, 1, 1, 1, 1, 3, 3, 1, 1, 1, 1, 1, 1, 1, 1, 1, 1, 1, 1, 1, 1, 1, 1, 1, 3, 1, 3, 2, 3, 2, 1, 1, 1, 1, 1, 1, 1, 2, 3, 1, 1, 3, 3, 3, 1, 1, 1, 1, 1, 1, 1, 1, 1, 1, 1, 1, 1, 1, 1, 1, 1, 1, 1, 1, 2, 1, 1, 2, 2, 1, 1, 1, 2, 3, 1, 1, 1, 1, 1, 1, 3, 3, 1, 2, 3, 1, 1, 1, 1, 1, 1, 1, 1, 1, 1, 1, 2, 1, 1, 1, 1, 1, 1, 1, 3, 3, 3, 3, 3, 1, 1, 1, 1, 1, 1, 1, 1, 1, 1, 2, 1, 1, 1, 1, 1, 1, 1, 1, 1, 2, 2, 1, 1, 1, 1, 3, 3, 1, 1, 1, 1, 2, 1, 3, 3, 1, 1, 1, 1, 1, 2, 1, 3, 3, 1, 1, 3, 3, 3, 3, 3, 1, 1, 1, 1, 1, 1, 1, 1, 1, 1, 1, 1, 1, 1]
02/23/2023 13:23:10:INFO: 预测标签: 
 [1, 1, 1, 3, 1, 2, 3, 2, 2, 1, 2, 1, 3, 1, 2, 2, 3, 2, 3, 1, 2, 1, 1, 1, 1, 1, 3, 2, 2, 2, 1, 1, 1, 1, 2, 1, 2, 1, 1, 1, 1, 2, 2, 3, 1, 1, 3, 1, 3, 2, 2, 3, 2, 2, 1, 1, 2, 1, 2, 1, 2, 1, 1, 2, 2, 2, 2, 1, 1, 1, 1, 2, 2, 2, 2, 2, 2, 1, 3, 1, 2, 2, 2, 2, 1, 2, 2, 2, 1, 1, 1, 1, 1, 1, 1, 1, 1, 2, 2, 3, 1, 2, 1, 1, 1, 1, 2, 2, 1, 2, 2, 2, 1, 1, 1, 3, 1, 1, 2, 2, 2, 1, 2, 1, 1, 2, 2, 3, 2, 3, 3, 2, 1, 1, 3, 1, 1, 1, 1, 1, 2, 1, 3, 2, 1, 2, 2, 2, 1, 1, 2, 1, 2, 2, 2, 2, 2, 2, 2, 2, 2, 1, 2, 2, 2, 1, 1, 3, 2, 3, 1, 2, 1, 3, 2, 2, 1, 1, 2, 2, 2, 1, 1, 1, 1, 2, 2, 1, 1, 2, 2, 1, 2, 3, 2, 2, 1, 2, 2, 1, 3, 2, 1, 2, 1, 2, 1, 1, 2, 3, 2, 1, 1, 1, 2, 1, 2, 1, 1, 2, 1, 2, 2, 3, 2, 3, 2, 1, 2, 2, 2, 2, 2, 2, 2, 2, 2, 2, 1, 1, 2, 2, 1, 1, 1, 2, 1, 2, 3, 2, 3, 1, 2, 1, 3, 2, 1, 1, 1, 2, 2, 1, 1, 2, 2, 2, 1, 1, 1, 1, 3, 1, 2, 1, 2, 1, 1, 1, 2, 2, 2, 2, 2, 2, 3, 2, 1, 1, 2, 1, 1, 2, 1, 1, 1, 1, 1, 1, 2, 2, 1, 1, 2, 1, 2, 2, 2, 3, 1, 2, 2, 2, 2, 2, 1, 1, 2, 1, 2, 2, 1, 2, 2, 2, 1, 1, 3, 2, 2, 2, 2, 1, 1, 2, 1, 3, 1, 2, 1, 2, 3, 2, 2, 1, 1, 2, 2, 1, 3, 1, 1, 1, 2, 2, 2, 2, 1, 1, 2, 2, 2, 1, 1, 1, 1, 1, 2, 2, 2, 2, 2, 2, 2, 1, 2, 2, 1, 1, 1, 2, 2, 2, 1, 2, 1, 1, 3, 3, 1, 1, 2, 1, 2, 2, 2, 1, 2, 1, 1, 1, 1, 3, 2, 1, 1, 2, 2, 2, 2, 2, 1, 2, 1, 1, 2, 2, 2, 2]
02/23/2023 13:23:10:INFO: ---------Evaluated Metrics----------
02/23/2023 13:23:10:INFO: Accuracy: 0.430622009569378.
02/23/2023 13:23:10:INFO: Macro Precision: 0.44997503008552736.
02/23/2023 13:23:10:INFO: Macro Recall: 0.4230251141552512.
02/23/2023 13:23:10:INFO: Macro F1 score: 0.3459358242728722.
02/23/2023 13:23:10:INFO: ---------confusion_matrix----------
02/23/2023 13:23:10:INFO: 
[[148 155  17]
 [  7  14   4]
 [ 26  29  18]]
02/23/2023 13:23:10:INFO: 模型效果验证详情: {'位置第一个显示标签': 10, '其他位置有情感标签': 0, '全句没有情感标签': 0}.
02/23/2023 13:23:10:INFO: ----------------------Testing finished.------------------------
02/23/2023 13:23:10:INFO: bengio.
