02/23/2023 13:11:45:INFO: start.
02/23/2023 13:11:45:INFO: --------hyper-arguments for this training.--------
02/23/2023 13:11:45:INFO: Namespace(answer_strategy='inter_logits_core_token', batch_size=2, dataset='rest15', eval_pre_epochs=1, few_shot=5, learning_rate=1e-05, log_file=None, model_type='WT2ABSA_Mean', patience=5, pre_trained_model='pretrainedmodels/bert-base-cased', save_best_model=False, seed=985, total_epochs=20)
02/23/2023 13:11:45:INFO: ----------dataset files------------
02/23/2023 13:11:45:INFO: {'train': '../WordTrans2ABSA/dataset/rest15/train.json', 'dev': '../WordTrans2ABSA/dataset/rest15/dev.json', 'test': '../WordTrans2ABSA/dataset/rest15/test.json'}
02/23/2023 13:11:50:WARNING: Using custom data configuration default-c3b60632a9f2d90d
02/23/2023 13:11:50:WARNING: Reusing dataset json (C:\Users\Super-IdoI\.cache\huggingface\datasets\json\default-c3b60632a9f2d90d\0.0.0\45636811569ec4a6630521c18235dfbbab83b7ab572e3393c5ba68ccabe98264)
02/23/2023 13:11:50:INFO: -----------------------------------
02/23/2023 13:11:50:INFO: {'I-POS': ['good', 'clever', 'excellent', 'effectual', 'beautiful', 'nice', 'useful', 'well', 'fantastic'], 'I-NEU': ['Michael', 'John', 'David', 'Thomas', 'Martin', 'Paul'], 'I-NEG': ['bad', 'terrible', 'awful', 'badly', 'terrible', 'poor', 'unfortunate', 'harmful', 'dirty', 'sorry']}
02/23/2023 13:11:50:INFO: -----------------------------------
02/23/2023 13:11:50:INFO: {'O': 0, 'I-POS': 1, 'I-NEU': 2, 'I-NEG': 3}
02/23/2023 13:11:50:INFO: {0: 'O', 1: 'I-POS', 2: 'I-NEU', 3: 'I-NEG'}
02/23/2023 13:11:52:INFO: -----------------------------------
02/23/2023 13:11:52:INFO: {'I-POS': 28996, 'I-NEU': 28997, 'I-NEG': 28998}
02/23/2023 13:11:52:INFO: {28996: 'I-POS', 28997: 'I-NEU', 28998: 'I-NEG'}
02/23/2023 13:11:52:INFO: start preprocess dataset.
02/23/2023 13:11:52:WARNING: Loading cached processed dataset at C:\Users\Super-IdoI\.cache\huggingface\datasets\json\default-c3b60632a9f2d90d\0.0.0\45636811569ec4a6630521c18235dfbbab83b7ab572e3393c5ba68ccabe98264\cache-e5b9fa9e422303e4.arrow
02/23/2023 13:11:52:WARNING: Loading cached processed dataset at C:\Users\Super-IdoI\.cache\huggingface\datasets\json\default-c3b60632a9f2d90d\0.0.0\45636811569ec4a6630521c18235dfbbab83b7ab572e3393c5ba68ccabe98264\cache-b683be376024dfd1.arrow
02/23/2023 13:11:52:INFO: dataset preprocess finished.
02/23/2023 13:11:52:WARNING: Loading cached processed dataset at C:\Users\Super-IdoI\.cache\huggingface\datasets\json\default-c3b60632a9f2d90d\0.0.0\45636811569ec4a6630521c18235dfbbab83b7ab572e3393c5ba68ccabe98264\cache-329d600bd29b8549.arrow
02/23/2023 13:11:52:INFO: Train: 15, Dev: 82, Test: 400.
02/23/2023 13:11:52:INFO: dataloader prepare finished.
02/23/2023 13:11:52:INFO: ***** Start Training *****
02/23/2023 13:11:52:INFO: Total Epochs: 20
02/23/2023 13:11:52:INFO: validate on per-1 epochs.
02/23/2023 13:11:52:INFO: Training Samples Count: 15.
02/23/2023 13:11:52:INFO: Batch Size: 2, 每轮 8 Batch.
02/23/2023 13:11:52:INFO: Learning Rate: 1e-05
02/23/2023 13:11:52:INFO: --------------Epoch. 1.---------------
02/23/2023 13:11:53:INFO: [Epoch. 1.]: 100%|| 8/8 [00:00<00:00, 12.23it/s, avg_loss=1.64]
02/23/2023 13:11:53:INFO: Epoch 1, average loss: 1.6420223787426949
02/23/2023 13:11:53:INFO: --------------Evaluate on Epoch. 1.---------------
02/23/2023 13:11:53:INFO: tensor([28996, 28997, 28998], device='cuda:0')
02/23/2023 13:11:53:INFO: **********Results Comparison**********
02/23/2023 13:11:53:INFO: 真实标签: 
 [3, 1, 1, 1, 1, 1, 3, 1, 3, 1, 1, 1, 1, 1, 1, 1, 1, 1, 1, 1, 1, 1, 1, 1, 3, 2, 1, 1, 1, 1, 3, 1, 1, 1, 1, 1, 1, 1, 3, 1, 1, 1, 1, 1, 3, 1, 1, 1, 1, 1, 3, 1, 1, 1, 1, 1, 3, 1, 1, 3, 1, 1, 1, 3, 1, 1, 1, 1, 1, 1, 1, 3, 1, 1, 1, 1, 3, 1, 1, 1, 1, 1]
02/23/2023 13:11:53:INFO: 预测标签: 
 [2, 1, 1, 1, 1, 1, 1, 1, 1, 2, 1, 1, 2, 1, 1, 1, 1, 2, 1, 2, 1, 1, 3, 1, 1, 2, 1, 1, 1, 1, 1, 1, 2, 1, 1, 1, 1, 1, 2, 1, 1, 1, 2, 1, 1, 1, 1, 1, 2, 1, 3, 2, 1, 1, 2, 2, 2, 1, 1, 1, 1, 1, 1, 1, 3, 1, 1, 1, 1, 2, 2, 3, 1, 1, 1, 1, 1, 1, 2, 1, 1, 1]
02/23/2023 13:11:53:INFO: ---------Evaluated Metrics----------
02/23/2023 13:11:53:INFO: Accuracy: 0.6829268292682927.
02/23/2023 13:11:53:INFO: Macro Precision: 0.47589199614271943.
02/23/2023 13:11:53:INFO: Macro Recall: 0.644419306184012.
02/23/2023 13:11:53:INFO: Macro F1 score: 0.38937021837158636.
02/23/2023 13:11:53:INFO: ---------confusion_matrix----------
02/23/2023 13:11:53:INFO: 
[[53 13  2]
 [ 0  1  0]
 [ 8  3  2]]
02/23/2023 13:11:53:INFO: 模型效果验证详情: {'位置第一个显示标签': 0, '其他位置有情感标签': 0, '全句没有情感标签': 0}.
02/23/2023 13:11:53:INFO: ----------------------Evaluate finished.------------------------
02/23/2023 13:11:53:INFO: --------------Epoch. 2.---------------
02/23/2023 13:11:54:INFO: [Epoch. 2.]: 100%|| 8/8 [00:00<00:00, 16.32it/s, avg_loss=0.906]
02/23/2023 13:11:54:INFO: Epoch 2, average loss: 0.9063681066036224
02/23/2023 13:11:54:INFO: --------------Evaluate on Epoch. 2.---------------
02/23/2023 13:11:54:INFO: tensor([28996, 28997, 28998], device='cuda:0')
02/23/2023 13:11:54:INFO: **********Results Comparison**********
02/23/2023 13:11:54:INFO: 真实标签: 
 [3, 1, 1, 1, 1, 1, 3, 1, 3, 1, 1, 1, 1, 1, 1, 1, 1, 1, 1, 1, 1, 1, 1, 1, 3, 2, 1, 1, 1, 1, 3, 1, 1, 1, 1, 1, 1, 1, 3, 1, 1, 1, 1, 1, 3, 1, 1, 1, 1, 1, 3, 1, 1, 1, 1, 1, 3, 1, 1, 3, 1, 1, 1, 3, 1, 1, 1, 1, 1, 1, 1, 3, 1, 1, 1, 1, 3, 1, 1, 1, 1, 1]
02/23/2023 13:11:54:INFO: 预测标签: 
 [2, 1, 1, 1, 1, 1, 3, 1, 1, 2, 1, 1, 2, 1, 1, 1, 1, 2, 1, 2, 1, 1, 3, 1, 1, 2, 1, 1, 1, 3, 1, 3, 2, 1, 1, 1, 1, 1, 2, 1, 3, 1, 2, 1, 1, 1, 3, 1, 2, 1, 3, 1, 1, 1, 2, 2, 2, 1, 1, 1, 1, 1, 1, 1, 3, 1, 1, 1, 1, 2, 1, 3, 1, 1, 1, 1, 1, 1, 2, 1, 1, 1]
02/23/2023 13:11:54:INFO: ---------Evaluated Metrics----------
02/23/2023 13:11:54:INFO: Accuracy: 0.6707317073170732.
02/23/2023 13:11:54:INFO: Macro Precision: 0.4264367816091954.
02/23/2023 13:11:54:INFO: Macro Recall: 0.6602564102564102.
02/23/2023 13:11:54:INFO: Macro F1 score: 0.4024170274170274.
02/23/2023 13:11:54:INFO: ---------confusion_matrix----------
02/23/2023 13:11:54:INFO: 
[[51 11  6]
 [ 0  1  0]
 [ 7  3  3]]
02/23/2023 13:11:54:INFO: 模型效果验证详情: {'位置第一个显示标签': 0, '其他位置有情感标签': 0, '全句没有情感标签': 0}.
02/23/2023 13:11:54:INFO: ----------------------Evaluate finished.------------------------
02/23/2023 13:11:54:INFO: --------------Epoch. 3.---------------
02/23/2023 13:11:54:INFO: [Epoch. 3.]: 100%|| 8/8 [00:00<00:00, 15.61it/s, avg_loss=0.853]
02/23/2023 13:11:54:INFO: Epoch 3, average loss: 0.8527369424700737
02/23/2023 13:11:54:INFO: --------------Evaluate on Epoch. 3.---------------
02/23/2023 13:11:54:INFO: tensor([28996, 28997, 28998], device='cuda:0')
02/23/2023 13:11:55:INFO: **********Results Comparison**********
02/23/2023 13:11:55:INFO: 真实标签: 
 [3, 1, 1, 1, 1, 1, 3, 1, 3, 1, 1, 1, 1, 1, 1, 1, 1, 1, 1, 1, 1, 1, 1, 1, 3, 2, 1, 1, 1, 1, 3, 1, 1, 1, 1, 1, 1, 1, 3, 1, 1, 1, 1, 1, 3, 1, 1, 1, 1, 1, 3, 1, 1, 1, 1, 1, 3, 1, 1, 3, 1, 1, 1, 3, 1, 1, 1, 1, 1, 1, 1, 3, 1, 1, 1, 1, 3, 1, 1, 1, 1, 1]
02/23/2023 13:11:55:INFO: 预测标签: 
 [1, 1, 1, 1, 1, 1, 3, 1, 1, 2, 1, 1, 2, 1, 1, 1, 1, 2, 1, 2, 1, 1, 3, 3, 1, 2, 1, 1, 1, 3, 1, 3, 2, 1, 1, 1, 1, 1, 2, 1, 3, 1, 2, 1, 3, 1, 3, 1, 2, 1, 3, 1, 1, 1, 2, 2, 2, 1, 1, 1, 1, 3, 1, 1, 3, 1, 1, 1, 1, 2, 1, 3, 1, 1, 1, 1, 1, 1, 2, 1, 1, 1]
02/23/2023 13:11:55:INFO: ---------Evaluated Metrics----------
02/23/2023 13:11:55:INFO: Accuracy: 0.6585365853658537.
02/23/2023 13:11:55:INFO: Macro Precision: 0.42658730158730157.
02/23/2023 13:11:55:INFO: Macro Recall: 0.6760935143288084.
02/23/2023 13:11:55:INFO: Macro F1 score: 0.4145519713261649.
02/23/2023 13:11:55:INFO: ---------confusion_matrix----------
02/23/2023 13:11:55:INFO: 
[[49 11  8]
 [ 0  1  0]
 [ 7  2  4]]
02/23/2023 13:11:55:INFO: 模型效果验证详情: {'位置第一个显示标签': 0, '其他位置有情感标签': 0, '全句没有情感标签': 0}.
02/23/2023 13:11:55:INFO: ----------------------Evaluate finished.------------------------
02/23/2023 13:11:55:INFO: --------------Epoch. 4.---------------
02/23/2023 13:11:55:INFO: [Epoch. 4.]: 100%|| 8/8 [00:00<00:00, 16.54it/s, avg_loss=0.655]
02/23/2023 13:11:55:INFO: Epoch 4, average loss: 0.6550225466489792
02/23/2023 13:11:55:INFO: --------------Evaluate on Epoch. 4.---------------
02/23/2023 13:11:55:INFO: tensor([28996, 28997, 28998], device='cuda:0')
02/23/2023 13:11:56:INFO: **********Results Comparison**********
02/23/2023 13:11:56:INFO: 真实标签: 
 [3, 1, 1, 1, 1, 1, 3, 1, 3, 1, 1, 1, 1, 1, 1, 1, 1, 1, 1, 1, 1, 1, 1, 1, 3, 2, 1, 1, 1, 1, 3, 1, 1, 1, 1, 1, 1, 1, 3, 1, 1, 1, 1, 1, 3, 1, 1, 1, 1, 1, 3, 1, 1, 1, 1, 1, 3, 1, 1, 3, 1, 1, 1, 3, 1, 1, 1, 1, 1, 1, 1, 3, 1, 1, 1, 1, 3, 1, 1, 1, 1, 1]
02/23/2023 13:11:56:INFO: 预测标签: 
 [1, 3, 1, 1, 1, 3, 3, 1, 3, 2, 1, 3, 2, 1, 1, 1, 1, 2, 1, 2, 3, 1, 3, 3, 3, 2, 1, 1, 1, 3, 1, 3, 3, 3, 1, 1, 3, 1, 2, 1, 3, 1, 1, 1, 3, 1, 3, 1, 2, 1, 3, 1, 1, 1, 2, 2, 3, 1, 1, 1, 1, 3, 1, 1, 3, 1, 1, 1, 1, 2, 3, 3, 1, 1, 1, 1, 3, 3, 2, 3, 1, 1]
02/23/2023 13:11:56:INFO: ---------Evaluated Metrics----------
02/23/2023 13:11:56:INFO: Accuracy: 0.6097560975609756.
02/23/2023 13:11:56:INFO: Macro Precision: 0.43657083657083656.
02/23/2023 13:11:56:INFO: Macro Recall: 0.7394419306184012.
02/23/2023 13:11:56:INFO: Macro F1 score: 0.4341955979124121.
02/23/2023 13:11:56:INFO: ---------confusion_matrix----------
02/23/2023 13:11:56:INFO: 
[[41  9 18]
 [ 0  1  0]
 [ 4  1  8]]
02/23/2023 13:11:56:INFO: 模型效果验证详情: {'位置第一个显示标签': 0, '其他位置有情感标签': 0, '全句没有情感标签': 0}.
02/23/2023 13:11:56:INFO: ----------------------Evaluate finished.------------------------
02/23/2023 13:11:56:INFO: --------------Epoch. 5.---------------
02/23/2023 13:11:56:INFO: [Epoch. 5.]: 100%|| 8/8 [00:00<00:00, 16.54it/s, avg_loss=0.521]
02/23/2023 13:11:56:INFO: Epoch 5, average loss: 0.5208967048674822
02/23/2023 13:11:56:INFO: --------------Evaluate on Epoch. 5.---------------
02/23/2023 13:11:56:INFO: tensor([28996, 28997, 28998], device='cuda:0')
02/23/2023 13:11:57:INFO: **********Results Comparison**********
02/23/2023 13:11:57:INFO: 真实标签: 
 [3, 1, 1, 1, 1, 1, 3, 1, 3, 1, 1, 1, 1, 1, 1, 1, 1, 1, 1, 1, 1, 1, 1, 1, 3, 2, 1, 1, 1, 1, 3, 1, 1, 1, 1, 1, 1, 1, 3, 1, 1, 1, 1, 1, 3, 1, 1, 1, 1, 1, 3, 1, 1, 1, 1, 1, 3, 1, 1, 3, 1, 1, 1, 3, 1, 1, 1, 1, 1, 1, 1, 3, 1, 1, 1, 1, 3, 1, 1, 1, 1, 1]
02/23/2023 13:11:57:INFO: 预测标签: 
 [2, 3, 1, 1, 1, 3, 3, 2, 3, 2, 2, 3, 2, 1, 1, 1, 1, 2, 2, 2, 3, 1, 3, 2, 3, 2, 1, 1, 2, 3, 3, 3, 2, 3, 1, 2, 3, 3, 2, 2, 3, 1, 2, 3, 3, 1, 3, 2, 2, 1, 3, 1, 1, 2, 2, 2, 2, 1, 2, 1, 2, 3, 1, 3, 3, 1, 2, 1, 1, 2, 3, 3, 2, 1, 1, 1, 3, 3, 2, 3, 1, 3]
02/23/2023 13:11:57:INFO: ---------Evaluated Metrics----------
02/23/2023 13:11:57:INFO: Accuracy: 0.4268292682926829.
02/23/2023 13:11:57:INFO: Macro Precision: 0.43956043956043955.
02/23/2023 13:11:57:INFO: Macro Recall: 0.6866515837104071.
02/23/2023 13:11:57:INFO: Macro F1 score: 0.3466349337007677.
02/23/2023 13:11:57:INFO: ---------confusion_matrix----------
02/23/2023 13:11:57:INFO: 
[[25 24 19]
 [ 0  1  0]
 [ 1  3  9]]
02/23/2023 13:11:57:INFO: 模型效果验证详情: {'位置第一个显示标签': 0, '其他位置有情感标签': 0, '全句没有情感标签': 0}.
02/23/2023 13:11:57:INFO: ----------------------Evaluate finished.------------------------
02/23/2023 13:11:57:INFO: --------------Epoch. 6.---------------
02/23/2023 13:11:57:INFO: [Epoch. 6.]: 100%|| 8/8 [00:00<00:00, 16.74it/s, avg_loss=0.395]
02/23/2023 13:11:57:INFO: Epoch 6, average loss: 0.3946005906909704
02/23/2023 13:11:57:INFO: --------------Evaluate on Epoch. 6.---------------
02/23/2023 13:11:57:INFO: tensor([28996, 28997, 28998], device='cuda:0')
02/23/2023 13:11:58:INFO: **********Results Comparison**********
02/23/2023 13:11:58:INFO: 真实标签: 
 [3, 1, 1, 1, 1, 1, 3, 1, 3, 1, 1, 1, 1, 1, 1, 1, 1, 1, 1, 1, 1, 1, 1, 1, 3, 2, 1, 1, 1, 1, 3, 1, 1, 1, 1, 1, 1, 1, 3, 1, 1, 1, 1, 1, 3, 1, 1, 1, 1, 1, 3, 1, 1, 1, 1, 1, 3, 1, 1, 3, 1, 1, 1, 3, 1, 1, 1, 1, 1, 1, 1, 3, 1, 1, 1, 1, 3, 1, 1, 1, 1, 1]
02/23/2023 13:11:58:INFO: 预测标签: 
 [2, 3, 1, 1, 1, 3, 2, 2, 3, 2, 2, 3, 2, 1, 2, 1, 1, 2, 2, 2, 3, 2, 2, 2, 2, 2, 2, 2, 2, 3, 2, 2, 2, 3, 2, 2, 3, 1, 2, 2, 3, 1, 2, 2, 2, 1, 3, 2, 2, 1, 3, 2, 1, 2, 2, 2, 2, 1, 2, 1, 2, 2, 2, 3, 2, 1, 2, 2, 1, 2, 2, 3, 2, 1, 2, 1, 3, 2, 2, 2, 2, 2]
02/23/2023 13:11:58:INFO: ---------Evaluated Metrics----------
02/23/2023 13:11:58:INFO: Accuracy: 0.2682926829268293.
02/23/2023 13:11:58:INFO: Macro Precision: 0.4393090569561158.
02/23/2023 13:11:58:INFO: Macro Recall: 0.5399698340874811.
02/23/2023 13:11:58:INFO: Macro F1 score: 0.261767499022401.
02/23/2023 13:11:58:INFO: ---------confusion_matrix----------
02/23/2023 13:11:58:INFO: 
[[16 43  9]
 [ 0  1  0]
 [ 1  7  5]]
02/23/2023 13:11:58:INFO: 模型效果验证详情: {'位置第一个显示标签': 0, '其他位置有情感标签': 0, '全句没有情感标签': 0}.
02/23/2023 13:11:58:INFO: ----------------------Evaluate finished.------------------------
02/23/2023 13:11:58:INFO: --------------Epoch. 7.---------------
02/23/2023 13:11:58:INFO: [Epoch. 7.]: 100%|| 8/8 [00:00<00:00, 16.54it/s, avg_loss=0.41]
02/23/2023 13:11:58:INFO: Epoch 7, average loss: 0.4102600496262312
02/23/2023 13:11:58:INFO: --------------Evaluate on Epoch. 7.---------------
02/23/2023 13:11:58:INFO: tensor([28996, 28997, 28998], device='cuda:0')
02/23/2023 13:11:58:INFO: **********Results Comparison**********
02/23/2023 13:11:58:INFO: 真实标签: 
 [3, 1, 1, 1, 1, 1, 3, 1, 3, 1, 1, 1, 1, 1, 1, 1, 1, 1, 1, 1, 1, 1, 1, 1, 3, 2, 1, 1, 1, 1, 3, 1, 1, 1, 1, 1, 1, 1, 3, 1, 1, 1, 1, 1, 3, 1, 1, 1, 1, 1, 3, 1, 1, 1, 1, 1, 3, 1, 1, 3, 1, 1, 1, 3, 1, 1, 1, 1, 1, 1, 1, 3, 1, 1, 1, 1, 3, 1, 1, 1, 1, 1]
02/23/2023 13:11:58:INFO: 预测标签: 
 [2, 3, 1, 1, 1, 3, 2, 2, 3, 2, 2, 2, 2, 2, 2, 1, 1, 2, 2, 2, 3, 2, 2, 2, 2, 2, 2, 2, 2, 3, 2, 2, 2, 1, 2, 2, 2, 1, 2, 2, 3, 1, 2, 2, 2, 2, 3, 2, 2, 2, 3, 2, 1, 2, 2, 2, 2, 1, 2, 2, 2, 2, 2, 2, 2, 2, 2, 2, 1, 2, 2, 2, 2, 1, 2, 1, 3, 2, 2, 2, 2, 2]
02/23/2023 13:11:58:INFO: ---------Evaluated Metrics----------
02/23/2023 13:11:58:INFO: Accuracy: 0.2073170731707317.
02/23/2023 13:11:58:INFO: Macro Precision: 0.44999999999999996.
02/23/2023 13:11:58:INFO: Macro Recall: 0.4739819004524887.
02/23/2023 13:11:58:INFO: Macro F1 score: 0.20883393743138734.
02/23/2023 13:11:58:INFO: ---------confusion_matrix----------
02/23/2023 13:11:58:INFO: 
[[13 49  6]
 [ 0  1  0]
 [ 0 10  3]]
02/23/2023 13:11:58:INFO: 模型效果验证详情: {'位置第一个显示标签': 0, '其他位置有情感标签': 0, '全句没有情感标签': 0}.
02/23/2023 13:11:58:INFO: ----------------------Evaluate finished.------------------------
02/23/2023 13:11:58:INFO: Based on [2.th Epoch] best_accuracy: 0.6829268292682927.
02/23/2023 13:11:58:INFO: latest 5 epochs not seen performance increased, early stop.
02/23/2023 13:11:58:INFO: ********** Best Results on Dev Dataset **********
02/23/2023 13:11:58:INFO: Best Accuracy: 0.6829268292682927.
02/23/2023 13:11:58:INFO: Best Macro Precision: 0.43657083657083656.
02/23/2023 13:11:58:INFO: Best Macro Recall: 0.7394419306184012.
02/23/2023 13:11:58:INFO: Best Macro F1 score: 0.4341955979124121.
02/23/2023 13:11:58:INFO: ***** Training Over *****
02/23/2023 13:11:58:INFO: --------------Testing ...---------------
02/23/2023 13:11:58:INFO: tensor([28996, 28997, 28998], device='cuda:0')
02/23/2023 13:12:00:INFO: **********Results Comparison**********
02/23/2023 13:12:00:INFO: 真实标签: 
 [1, 1, 1, 1, 3, 3, 1, 1, 1, 1, 1, 1, 1, 1, 1, 3, 1, 1, 1, 1, 1, 3, 3, 1, 1, 1, 2, 1, 1, 1, 1, 1, 1, 1, 1, 1, 1, 1, 1, 2, 2, 3, 3, 1, 1, 1, 1, 1, 1, 3, 3, 3, 1, 2, 3, 3, 3, 3, 3, 1, 3, 1, 1, 1, 1, 1, 1, 1, 1, 1, 3, 3, 3, 3, 3, 3, 1, 1, 1, 1, 1, 1, 1, 3, 2, 1, 1, 1, 1, 1, 1, 1, 1, 1, 1, 1, 3, 3, 1, 1, 1, 1, 1, 1, 1, 1, 1, 1, 1, 1, 1, 1, 1, 1, 1, 1, 3, 2, 3, 3, 3, 3, 1, 3, 1, 1, 1, 3, 2, 1, 1, 1, 1, 2, 1, 3, 1, 1, 1, 1, 1, 1, 1, 1, 1, 1, 1, 1, 1, 1, 1, 1, 3, 1, 3, 1, 3, 3, 1, 3, 1, 1, 1, 1, 1, 1, 1, 1, 1, 1, 1, 1, 3, 1, 1, 3, 1, 1, 1, 1, 3, 3, 3, 3, 3, 1, 1, 1, 1, 1, 1, 1, 1, 3, 1, 3, 1, 1, 3, 1, 1, 1, 1, 1, 1, 1, 1, 1, 3, 1, 1, 2, 1, 2, 1, 3, 3, 2, 1, 2, 3, 3, 3, 3, 3, 2, 1, 1, 3, 3, 3, 3, 3, 3, 3, 3, 3, 2, 3, 3, 1, 2, 3, 1, 1, 1, 1, 3, 1, 1, 2, 1, 3, 1, 1, 3, 1, 1, 3, 3, 3, 3, 3, 1, 1, 1, 1, 2, 3, 3, 3, 3, 2, 3, 3, 1, 1, 1, 1, 2, 1, 1, 1, 1, 1, 1, 1, 1, 1, 1, 2, 1, 1, 1, 1, 3, 3, 1, 2, 1, 1, 1, 1, 2, 1, 1, 1, 1, 3, 3, 3, 3, 3, 1, 1, 1, 1, 1, 1, 2, 1, 1, 3, 1, 1, 1, 3, 3, 3, 3, 3, 3, 3, 3, 1, 3, 1, 1, 1, 3, 1, 3, 3, 1, 2, 3, 1, 1, 1, 1, 3, 1, 1, 1, 3, 3, 3, 3, 3, 3, 1, 1, 3, 3, 1, 1, 1, 1, 1, 1, 1, 1, 1, 1, 1, 1, 3, 3, 3, 3, 3, 2, 3, 3, 3, 1, 3, 3, 3, 3, 3, 3, 1, 1, 1, 3, 3, 3, 3, 3]
02/23/2023 13:12:00:INFO: 预测标签: 
 [2, 1, 2, 3, 2, 1, 3, 2, 1, 2, 2, 2, 2, 3, 2, 2, 2, 2, 2, 3, 2, 2, 2, 2, 3, 3, 2, 2, 2, 2, 2, 2, 2, 2, 1, 2, 1, 1, 3, 2, 2, 2, 3, 1, 2, 2, 2, 3, 2, 3, 3, 3, 2, 1, 2, 2, 2, 2, 2, 2, 2, 2, 2, 2, 2, 3, 1, 2, 2, 1, 2, 2, 1, 3, 2, 3, 2, 2, 2, 2, 2, 2, 2, 2, 2, 2, 2, 2, 1, 2, 2, 2, 2, 2, 2, 2, 3, 3, 2, 2, 2, 2, 2, 1, 2, 2, 2, 2, 1, 2, 2, 2, 1, 2, 2, 2, 2, 2, 3, 3, 2, 3, 2, 2, 1, 2, 2, 3, 1, 3, 2, 2, 2, 2, 1, 2, 2, 1, 2, 2, 2, 2, 2, 2, 3, 1, 2, 2, 2, 2, 1, 3, 3, 2, 3, 2, 2, 2, 3, 2, 2, 2, 2, 2, 2, 2, 2, 2, 1, 1, 1, 2, 2, 2, 1, 2, 3, 2, 2, 2, 3, 2, 2, 3, 1, 2, 2, 2, 2, 2, 2, 2, 2, 2, 2, 1, 2, 2, 3, 2, 2, 2, 2, 2, 2, 2, 2, 2, 2, 2, 2, 2, 2, 2, 2, 2, 3, 2, 2, 2, 2, 2, 2, 2, 2, 3, 1, 2, 1, 3, 2, 3, 2, 2, 2, 2, 3, 2, 2, 2, 2, 2, 2, 3, 2, 2, 2, 2, 2, 2, 1, 2, 2, 1, 2, 2, 2, 2, 2, 3, 2, 2, 3, 1, 1, 2, 2, 2, 2, 3, 3, 2, 3, 2, 3, 2, 3, 3, 2, 2, 2, 3, 2, 1, 2, 1, 3, 2, 1, 2, 1, 2, 1, 1, 2, 2, 3, 2, 2, 2, 2, 2, 2, 2, 2, 2, 2, 2, 3, 2, 3, 2, 2, 2, 2, 2, 2, 2, 2, 2, 3, 2, 3, 2, 2, 1, 3, 2, 2, 1, 2, 2, 2, 3, 2, 1, 3, 2, 2, 2, 2, 1, 2, 2, 1, 1, 2, 2, 2, 2, 3, 1, 2, 1, 2, 3, 3, 3, 2, 2, 2, 2, 2, 3, 2, 2, 3, 2, 2, 2, 2, 1, 1, 2, 2, 2, 2, 3, 2, 3, 3, 2, 3, 2, 2, 2, 3, 3, 2, 2, 3, 2, 1, 2, 2, 3, 2, 2, 2, 3]
02/23/2023 13:12:00:INFO: ---------Evaluated Metrics----------
02/23/2023 13:12:00:INFO: Accuracy: 0.25.
02/23/2023 13:12:00:INFO: Macro Precision: 0.48047619047619045.
02/23/2023 13:12:00:INFO: Macro Recall: 0.40622867392483203.
02/23/2023 13:12:00:INFO: Macro F1 score: 0.27354739628499636.
02/23/2023 13:12:00:INFO: ---------confusion_matrix----------
02/23/2023 13:12:00:INFO: 
[[ 36 186  22]
 [  5  18   2]
 [  9  76  46]]
02/23/2023 13:12:00:INFO: 模型效果验证详情: {'位置第一个显示标签': 0, '其他位置有情感标签': 0, '全句没有情感标签': 0}.
02/23/2023 13:12:00:INFO: ----------------------Testing finished.------------------------
02/23/2023 13:12:00:INFO: bengio.
