02/23/2023 13:28:36:INFO: start.
02/23/2023 13:28:36:INFO: --------hyper-arguments for this training.--------
02/23/2023 13:28:36:INFO: Namespace(answer_strategy='inter_logits_core_token', batch_size=2, dataset='twitter', eval_pre_epochs=1, few_shot=20, learning_rate=1e-05, log_file=None, model_type='WT2ABSA_Mean', patience=5, pre_trained_model='pretrainedmodels/bert-base-cased', save_best_model=False, seed=985, total_epochs=20)
02/23/2023 13:28:36:INFO: ----------dataset files------------
02/23/2023 13:28:36:INFO: {'train': '../WordTrans2ABSA/dataset/twitter/train.json', 'dev': '../WordTrans2ABSA/dataset/twitter/dev.json', 'test': '../WordTrans2ABSA/dataset/twitter/test.json'}
02/23/2023 13:28:39:WARNING: Using custom data configuration default-026ef2911f5d5ab7
02/23/2023 13:28:39:WARNING: Reusing dataset json (C:\Users\Super-IdoI\.cache\huggingface\datasets\json\default-026ef2911f5d5ab7\0.0.0\45636811569ec4a6630521c18235dfbbab83b7ab572e3393c5ba68ccabe98264)
02/23/2023 13:28:39:INFO: -----------------------------------
02/23/2023 13:28:39:INFO: {'I-POS': ['good', 'clever', 'excellent', 'effectual', 'beautiful', 'nice', 'useful', 'well', 'fantastic'], 'I-NEU': ['Michael', 'John', 'David', 'Thomas', 'Martin', 'Paul'], 'I-NEG': ['bad', 'terrible', 'awful', 'badly', 'terrible', 'poor', 'unfortunate', 'harmful', 'dirty', 'sorry']}
02/23/2023 13:28:39:INFO: -----------------------------------
02/23/2023 13:28:39:INFO: {'O': 0, 'I-POS': 1, 'I-NEU': 2, 'I-NEG': 3}
02/23/2023 13:28:39:INFO: {0: 'O', 1: 'I-POS', 2: 'I-NEU', 3: 'I-NEG'}
02/23/2023 13:28:41:INFO: -----------------------------------
02/23/2023 13:28:41:INFO: {'I-POS': 28996, 'I-NEU': 28997, 'I-NEG': 28998}
02/23/2023 13:28:41:INFO: {28996: 'I-POS', 28997: 'I-NEU', 28998: 'I-NEG'}
02/23/2023 13:28:41:INFO: start preprocess dataset.
02/23/2023 13:28:42:INFO: dataset preprocess finished.
02/23/2023 13:28:42:INFO: Train: 60, Dev: 422, Test: 232.
02/23/2023 13:28:42:INFO: dataloader prepare finished.
02/23/2023 13:28:42:INFO: ***** Start Training *****
02/23/2023 13:28:42:INFO: Total Epochs: 20
02/23/2023 13:28:42:INFO: validate on per-1 epochs.
02/23/2023 13:28:42:INFO: Training Samples Count: 60.
02/23/2023 13:28:42:INFO: Batch Size: 2, 每轮 30 Batch.
02/23/2023 13:28:42:INFO: Learning Rate: 1e-05
02/23/2023 13:28:42:INFO: --------------Epoch. 1.---------------
02/23/2023 13:28:44:INFO: [Epoch. 1.]: 100%|| 30/30 [00:02<00:00, 14.41it/s, avg_loss=1.69]
02/23/2023 13:28:44:INFO: Epoch 1, average loss: 1.685018594066302
02/23/2023 13:28:44:INFO: --------------Evaluate on Epoch. 1.---------------
02/23/2023 13:28:44:INFO: tensor([28996, 28997, 28998], device='cuda:0')
02/23/2023 13:28:46:INFO: **********Results Comparison**********
02/23/2023 13:28:46:INFO: 真实标签: 
 [1, 2, 2, 2, 2, 2, 2, 2, 2, 2, 2, 2, 2, 3, 2, 2, 2, 2, 3, 2, 2, 3, 1, 1, 1, 2, 1, 2, 2, 2, 2, 2, 3, 1, 2, 3, 2, 2, 3, 1, 2, 2, 2, 2, 3, 2, 2, 1, 2, 2, 2, 2, 2, 2, 2, 1, 2, 2, 1, 2, 1, 1, 2, 2, 1, 1, 2, 2, 2, 2, 2, 2, 2, 3, 1, 1, 2, 2, 2, 1, 2, 2, 2, 2, 2, 2, 3, 2, 2, 2, 1, 1, 1, 2, 1, 1, 1, 2, 1, 2, 1, 1, 2, 1, 1, 2, 1, 2, 1, 2, 3, 2, 1, 2, 2, 2, 2, 2, 3, 2, 2, 1, 2, 2, 2, 3, 2, 2, 2, 2, 2, 2, 2, 2, 2, 3, 2, 2, 2, 2, 3, 2, 2, 1, 2, 2, 2, 2, 2, 1, 2, 2, 1, 1, 1, 2, 2, 2, 2, 2, 1, 2, 2, 2, 2, 2, 2, 1, 2, 2, 2, 2, 2, 2, 1, 2, 1, 2, 2, 2, 2, 2, 1, 2, 2, 3, 3, 2, 3, 2, 2, 2, 2, 1, 1, 2, 2, 2, 2, 2, 1, 2, 1, 2, 1, 2, 1, 2, 2, 1, 2, 2, 1, 2, 2, 2, 2, 2, 2, 1, 2, 2, 2, 1, 3, 1, 3, 2, 2, 3, 2, 2, 2, 1, 2, 1, 2, 2, 2, 3, 2, 2, 3, 2, 2, 2, 3, 2, 2, 2, 2, 1, 2, 2, 1, 2, 2, 2, 3, 1, 2, 2, 2, 2, 1, 1, 2, 1, 2, 2, 1, 2, 2, 1, 2, 2, 2, 1, 2, 2, 2, 1, 2, 2, 2, 2, 2, 2, 2, 2, 2, 1, 1, 2, 2, 2, 1, 2, 2, 2, 2, 2, 2, 2, 2, 2, 2, 2, 2, 2, 1, 1, 2, 2, 2, 2, 1, 3, 1, 1, 2, 1, 1, 2, 1, 1, 2, 2, 2, 1, 2, 2, 2, 2, 1, 2, 2, 2, 2, 2, 1, 2, 1, 2, 1, 2, 2, 1, 2, 2, 1, 2, 2, 2, 2, 1, 2, 2, 2, 2, 2, 2, 3, 2, 2, 2, 3, 2, 2, 1, 2, 1, 2, 2, 2, 2, 1, 2, 2, 2, 2, 1, 2, 1, 1, 1, 2, 1, 1, 2, 1, 2, 2, 2, 2, 1, 2, 1, 2, 1, 1, 2, 2, 2, 2, 2, 2, 2, 3, 2, 1, 2, 2, 1, 2, 1, 2, 2, 2, 1, 1, 1]
02/23/2023 13:28:46:INFO: 预测标签: 
 [2, 3, 2, 2, 2, 1, 2, 2, 2, 2, 2, 2, 2, 2, 2, 2, 2, 2, 2, 2, 2, 2, 2, 2, 2, 1, 2, 2, 2, 2, 2, 3, 3, 2, 1, 1, 2, 2, 2, 2, 2, 2, 1, 2, 1, 1, 2, 2, 2, 2, 2, 2, 2, 2, 2, 1, 2, 2, 2, 2, 2, 2, 1, 2, 2, 2, 2, 2, 1, 1, 2, 2, 2, 2, 2, 2, 1, 2, 2, 2, 2, 2, 2, 2, 3, 2, 2, 2, 2, 2, 1, 1, 1, 1, 2, 2, 2, 2, 2, 2, 2, 2, 2, 2, 2, 1, 1, 2, 1, 2, 3, 2, 1, 2, 2, 2, 2, 2, 2, 3, 2, 2, 2, 2, 2, 2, 2, 2, 2, 1, 2, 1, 1, 1, 2, 3, 2, 1, 1, 2, 1, 2, 2, 2, 2, 2, 2, 2, 2, 2, 2, 2, 3, 3, 2, 2, 2, 3, 2, 2, 2, 2, 2, 1, 2, 2, 2, 2, 2, 2, 2, 2, 2, 2, 2, 2, 1, 2, 2, 2, 2, 1, 2, 3, 2, 1, 2, 1, 3, 2, 2, 2, 2, 1, 1, 2, 1, 2, 2, 2, 2, 2, 2, 2, 2, 2, 2, 2, 2, 3, 2, 3, 2, 2, 2, 2, 2, 2, 2, 3, 2, 2, 2, 2, 2, 2, 2, 2, 2, 2, 2, 2, 2, 2, 2, 2, 2, 2, 2, 2, 2, 2, 3, 2, 2, 2, 2, 2, 2, 1, 2, 2, 2, 2, 1, 2, 2, 2, 1, 2, 2, 2, 2, 2, 2, 1, 2, 1, 2, 2, 2, 2, 3, 2, 2, 2, 3, 3, 2, 2, 2, 2, 2, 2, 1, 2, 2, 2, 2, 1, 2, 2, 2, 2, 2, 2, 2, 1, 2, 2, 2, 2, 2, 2, 2, 2, 1, 2, 3, 2, 2, 1, 2, 2, 2, 1, 2, 2, 2, 2, 3, 2, 2, 2, 1, 2, 2, 2, 2, 2, 2, 2, 2, 1, 1, 2, 2, 1, 2, 2, 2, 2, 2, 2, 1, 3, 2, 2, 2, 2, 1, 2, 2, 2, 2, 3, 1, 2, 2, 2, 2, 2, 2, 2, 2, 2, 1, 2, 2, 2, 2, 2, 2, 2, 2, 2, 2, 2, 1, 3, 2, 1, 2, 2, 2, 1, 2, 1, 1, 2, 2, 2, 2, 2, 2, 2, 2, 2, 2, 1, 2, 2, 2, 2, 2, 2, 2, 2, 1, 2, 2, 2, 2, 1, 2, 2, 2, 2, 3, 2, 2, 2]
02/23/2023 13:28:46:INFO: ---------Evaluated Metrics----------
02/23/2023 13:28:46:INFO: Accuracy: 0.6469194312796208.
02/23/2023 13:28:46:INFO: Macro Precision: 0.4384849943829241.
02/23/2023 13:28:46:INFO: Macro Recall: 0.4171445048607678.
02/23/2023 13:28:46:INFO: Macro F1 score: 0.4193852256782999.
02/23/2023 13:28:46:INFO: ---------confusion_matrix----------
02/23/2023 13:28:46:INFO: 
[[ 24  75   6]
 [ 31 244  14]
 [  7  16   5]]
02/23/2023 13:28:46:INFO: 模型效果验证详情: {'位置第一个显示标签': 0, '其他位置有情感标签': 0, '全句没有情感标签': 0}.
02/23/2023 13:28:46:INFO: ----------------------Evaluate finished.------------------------
02/23/2023 13:28:46:INFO: --------------Epoch. 2.---------------
02/23/2023 13:28:48:INFO: [Epoch. 2.]: 100%|| 30/30 [00:01<00:00, 15.99it/s, avg_loss=0.96]
02/23/2023 13:28:48:INFO: Epoch 2, average loss: 0.9597159862518311
02/23/2023 13:28:48:INFO: --------------Evaluate on Epoch. 2.---------------
02/23/2023 13:28:48:INFO: tensor([28996, 28997, 28998], device='cuda:0')
02/23/2023 13:28:50:INFO: **********Results Comparison**********
02/23/2023 13:28:50:INFO: 真实标签: 
 [1, 2, 2, 2, 2, 2, 2, 2, 2, 2, 2, 2, 2, 3, 2, 2, 2, 2, 3, 2, 2, 3, 1, 1, 1, 2, 1, 2, 2, 2, 2, 2, 3, 1, 2, 3, 2, 2, 3, 1, 2, 2, 2, 2, 3, 2, 2, 1, 2, 2, 2, 2, 2, 2, 2, 1, 2, 2, 1, 2, 1, 1, 2, 2, 1, 1, 2, 2, 2, 2, 2, 2, 2, 3, 1, 1, 2, 2, 2, 1, 2, 2, 2, 2, 2, 2, 3, 2, 2, 2, 1, 1, 1, 2, 1, 1, 1, 2, 1, 2, 1, 1, 2, 1, 1, 2, 1, 2, 1, 2, 3, 2, 1, 2, 2, 2, 2, 2, 3, 2, 2, 1, 2, 2, 2, 3, 2, 2, 2, 2, 2, 2, 2, 2, 2, 3, 2, 2, 2, 2, 3, 2, 2, 1, 2, 2, 2, 2, 2, 1, 2, 2, 1, 1, 1, 2, 2, 2, 2, 2, 1, 2, 2, 2, 2, 2, 2, 1, 2, 2, 2, 2, 2, 2, 1, 2, 1, 2, 2, 2, 2, 2, 1, 2, 2, 3, 3, 2, 3, 2, 2, 2, 2, 1, 1, 2, 2, 2, 2, 2, 1, 2, 1, 2, 1, 2, 1, 2, 2, 1, 2, 2, 1, 2, 2, 2, 2, 2, 2, 1, 2, 2, 2, 1, 3, 1, 3, 2, 2, 3, 2, 2, 2, 1, 2, 1, 2, 2, 2, 3, 2, 2, 3, 2, 2, 2, 3, 2, 2, 2, 2, 1, 2, 2, 1, 2, 2, 2, 3, 1, 2, 2, 2, 2, 1, 1, 2, 1, 2, 2, 1, 2, 2, 1, 2, 2, 2, 1, 2, 2, 2, 1, 2, 2, 2, 2, 2, 2, 2, 2, 2, 1, 1, 2, 2, 2, 1, 2, 2, 2, 2, 2, 2, 2, 2, 2, 2, 2, 2, 2, 1, 1, 2, 2, 2, 2, 1, 3, 1, 1, 2, 1, 1, 2, 1, 1, 2, 2, 2, 1, 2, 2, 2, 2, 1, 2, 2, 2, 2, 2, 1, 2, 1, 2, 1, 2, 2, 1, 2, 2, 1, 2, 2, 2, 2, 1, 2, 2, 2, 2, 2, 2, 3, 2, 2, 2, 3, 2, 2, 1, 2, 1, 2, 2, 2, 2, 1, 2, 2, 2, 2, 1, 2, 1, 1, 1, 2, 1, 1, 2, 1, 2, 2, 2, 2, 1, 2, 1, 2, 1, 1, 2, 2, 2, 2, 2, 2, 2, 3, 2, 1, 2, 2, 1, 2, 1, 2, 2, 2, 1, 1, 1]
02/23/2023 13:28:50:INFO: 预测标签: 
 [2, 3, 2, 2, 2, 1, 2, 2, 1, 2, 2, 2, 2, 2, 2, 2, 2, 2, 2, 2, 2, 3, 2, 2, 2, 3, 2, 2, 2, 2, 2, 3, 3, 2, 1, 1, 2, 2, 3, 2, 2, 2, 1, 2, 1, 1, 2, 2, 2, 2, 3, 2, 2, 2, 2, 1, 2, 3, 3, 2, 2, 2, 1, 2, 1, 3, 2, 2, 1, 3, 2, 2, 2, 2, 2, 2, 3, 2, 2, 2, 2, 2, 2, 2, 3, 3, 2, 2, 2, 2, 3, 3, 1, 3, 2, 1, 2, 2, 2, 2, 2, 3, 2, 3, 2, 1, 1, 2, 1, 2, 3, 2, 1, 2, 2, 2, 2, 2, 1, 3, 2, 2, 2, 2, 2, 2, 2, 2, 2, 1, 2, 1, 1, 1, 2, 3, 2, 1, 3, 2, 1, 2, 2, 3, 2, 2, 3, 2, 2, 2, 2, 2, 3, 3, 2, 2, 2, 3, 2, 2, 2, 2, 2, 1, 2, 2, 2, 2, 2, 2, 2, 2, 2, 1, 2, 2, 1, 2, 2, 2, 3, 1, 2, 3, 3, 1, 2, 2, 3, 2, 2, 2, 2, 1, 1, 2, 1, 2, 2, 2, 2, 2, 2, 2, 2, 2, 2, 2, 2, 3, 2, 3, 2, 2, 2, 2, 2, 2, 2, 3, 2, 2, 2, 2, 2, 2, 2, 2, 2, 2, 1, 3, 2, 2, 2, 1, 3, 2, 2, 2, 2, 2, 3, 2, 2, 2, 3, 2, 2, 1, 2, 2, 2, 2, 1, 1, 2, 2, 1, 2, 1, 2, 1, 2, 2, 1, 2, 1, 2, 2, 2, 2, 3, 2, 2, 2, 3, 3, 2, 3, 2, 2, 2, 2, 1, 2, 2, 2, 2, 1, 2, 3, 2, 2, 2, 2, 2, 1, 2, 2, 1, 2, 2, 2, 2, 2, 1, 2, 3, 2, 2, 1, 2, 2, 2, 1, 2, 2, 2, 2, 3, 2, 1, 2, 1, 2, 2, 2, 2, 2, 2, 2, 2, 1, 1, 2, 2, 1, 2, 3, 2, 2, 2, 2, 1, 3, 2, 2, 2, 2, 1, 2, 2, 2, 1, 3, 1, 2, 2, 1, 2, 2, 2, 2, 2, 3, 1, 3, 2, 2, 2, 2, 2, 2, 2, 2, 2, 2, 1, 3, 3, 1, 2, 2, 2, 1, 2, 1, 1, 2, 2, 2, 3, 2, 2, 2, 1, 2, 2, 1, 2, 2, 2, 2, 2, 2, 2, 2, 3, 2, 2, 2, 2, 3, 2, 2, 2, 3, 3, 2, 2, 2]
02/23/2023 13:28:50:INFO: ---------Evaluated Metrics----------
02/23/2023 13:28:50:INFO: Accuracy: 0.6018957345971564.
02/23/2023 13:28:50:INFO: Macro Precision: 0.42301582763068435.
02/23/2023 13:28:50:INFO: Macro Recall: 0.44025649475476464.
02/23/2023 13:28:50:INFO: Macro F1 score: 0.4169510807736064.
02/23/2023 13:28:50:INFO: ---------confusion_matrix----------
02/23/2023 13:28:50:INFO: 
[[ 25  65  15]
 [ 35 220  34]
 [  7  12   9]]
02/23/2023 13:28:50:INFO: 模型效果验证详情: {'位置第一个显示标签': 0, '其他位置有情感标签': 0, '全句没有情感标签': 0}.
02/23/2023 13:28:50:INFO: ----------------------Evaluate finished.------------------------
02/23/2023 13:28:50:INFO: --------------Epoch. 3.---------------
02/23/2023 13:28:52:INFO: [Epoch. 3.]: 100%|| 30/30 [00:01<00:00, 16.10it/s, avg_loss=0.593]
02/23/2023 13:28:52:INFO: Epoch 3, average loss: 0.5931533058484395
02/23/2023 13:28:52:INFO: --------------Evaluate on Epoch. 3.---------------
02/23/2023 13:28:52:INFO: tensor([28996, 28997, 28998], device='cuda:0')
02/23/2023 13:28:54:INFO: **********Results Comparison**********
02/23/2023 13:28:54:INFO: 真实标签: 
 [1, 2, 2, 2, 2, 2, 2, 2, 2, 2, 2, 2, 2, 3, 2, 2, 2, 2, 3, 2, 2, 3, 1, 1, 1, 2, 1, 2, 2, 2, 2, 2, 3, 1, 2, 3, 2, 2, 3, 1, 2, 2, 2, 2, 3, 2, 2, 1, 2, 2, 2, 2, 2, 2, 2, 1, 2, 2, 1, 2, 1, 1, 2, 2, 1, 1, 2, 2, 2, 2, 2, 2, 2, 3, 1, 1, 2, 2, 2, 1, 2, 2, 2, 2, 2, 2, 3, 2, 2, 2, 1, 1, 1, 2, 1, 1, 1, 2, 1, 2, 1, 1, 2, 1, 1, 2, 1, 2, 1, 2, 3, 2, 1, 2, 2, 2, 2, 2, 3, 2, 2, 1, 2, 2, 2, 3, 2, 2, 2, 2, 2, 2, 2, 2, 2, 3, 2, 2, 2, 2, 3, 2, 2, 1, 2, 2, 2, 2, 2, 1, 2, 2, 1, 1, 1, 2, 2, 2, 2, 2, 1, 2, 2, 2, 2, 2, 2, 1, 2, 2, 2, 2, 2, 2, 1, 2, 1, 2, 2, 2, 2, 2, 1, 2, 2, 3, 3, 2, 3, 2, 2, 2, 2, 1, 1, 2, 2, 2, 2, 2, 1, 2, 1, 2, 1, 2, 1, 2, 2, 1, 2, 2, 1, 2, 2, 2, 2, 2, 2, 1, 2, 2, 2, 1, 3, 1, 3, 2, 2, 3, 2, 2, 2, 1, 2, 1, 2, 2, 2, 3, 2, 2, 3, 2, 2, 2, 3, 2, 2, 2, 2, 1, 2, 2, 1, 2, 2, 2, 3, 1, 2, 2, 2, 2, 1, 1, 2, 1, 2, 2, 1, 2, 2, 1, 2, 2, 2, 1, 2, 2, 2, 1, 2, 2, 2, 2, 2, 2, 2, 2, 2, 1, 1, 2, 2, 2, 1, 2, 2, 2, 2, 2, 2, 2, 2, 2, 2, 2, 2, 2, 1, 1, 2, 2, 2, 2, 1, 3, 1, 1, 2, 1, 1, 2, 1, 1, 2, 2, 2, 1, 2, 2, 2, 2, 1, 2, 2, 2, 2, 2, 1, 2, 1, 2, 1, 2, 2, 1, 2, 2, 1, 2, 2, 2, 2, 1, 2, 2, 2, 2, 2, 2, 3, 2, 2, 2, 3, 2, 2, 1, 2, 1, 2, 2, 2, 2, 1, 2, 2, 2, 2, 1, 2, 1, 1, 1, 2, 1, 1, 2, 1, 2, 2, 2, 2, 1, 2, 1, 2, 1, 1, 2, 2, 2, 2, 2, 2, 2, 3, 2, 1, 2, 2, 1, 2, 1, 2, 2, 2, 1, 1, 1]
02/23/2023 13:28:54:INFO: 预测标签: 
 [2, 3, 2, 2, 2, 3, 2, 2, 1, 2, 2, 1, 2, 2, 2, 2, 2, 2, 2, 2, 2, 3, 2, 2, 2, 3, 2, 2, 2, 2, 2, 3, 3, 2, 1, 1, 2, 2, 3, 2, 2, 2, 1, 2, 1, 1, 2, 2, 2, 2, 3, 2, 2, 2, 2, 2, 2, 3, 3, 2, 2, 2, 1, 2, 1, 3, 2, 2, 1, 3, 2, 2, 2, 2, 2, 2, 3, 2, 2, 2, 2, 2, 2, 2, 3, 3, 3, 2, 2, 2, 3, 3, 1, 3, 2, 1, 2, 2, 2, 2, 2, 3, 2, 3, 2, 2, 1, 2, 1, 2, 3, 2, 1, 2, 2, 2, 2, 2, 1, 3, 2, 2, 2, 2, 2, 2, 2, 2, 2, 1, 2, 1, 1, 2, 2, 3, 2, 1, 3, 2, 1, 2, 2, 3, 2, 2, 3, 2, 2, 2, 2, 2, 3, 3, 2, 2, 2, 3, 2, 2, 2, 2, 2, 2, 2, 2, 2, 2, 2, 2, 2, 2, 2, 2, 2, 2, 1, 2, 2, 2, 2, 1, 2, 3, 3, 1, 2, 2, 3, 2, 2, 2, 2, 2, 1, 2, 1, 2, 2, 2, 2, 2, 2, 2, 2, 2, 3, 2, 2, 3, 2, 3, 2, 2, 2, 2, 2, 2, 2, 3, 2, 2, 2, 2, 2, 2, 2, 2, 2, 2, 2, 3, 2, 2, 2, 2, 3, 2, 2, 2, 2, 2, 3, 2, 2, 2, 3, 2, 2, 1, 2, 2, 2, 2, 1, 2, 2, 2, 1, 2, 2, 2, 1, 2, 2, 1, 2, 1, 2, 2, 2, 2, 3, 2, 2, 2, 3, 3, 2, 3, 2, 2, 2, 2, 1, 2, 2, 2, 2, 1, 2, 3, 2, 2, 2, 2, 2, 1, 2, 2, 1, 2, 2, 2, 2, 2, 1, 2, 3, 3, 2, 1, 2, 2, 2, 2, 2, 2, 2, 2, 3, 2, 1, 2, 1, 2, 2, 2, 2, 2, 2, 2, 2, 1, 2, 2, 2, 1, 2, 3, 2, 2, 2, 2, 2, 3, 2, 2, 2, 2, 1, 2, 2, 2, 2, 3, 2, 2, 2, 1, 2, 2, 2, 2, 2, 3, 1, 3, 2, 3, 2, 2, 2, 2, 2, 2, 2, 2, 3, 3, 3, 1, 2, 2, 2, 1, 2, 1, 1, 2, 2, 2, 3, 2, 2, 2, 1, 2, 2, 1, 2, 2, 2, 2, 2, 2, 2, 2, 3, 2, 2, 2, 2, 3, 2, 2, 2, 3, 3, 2, 2, 2]
02/23/2023 13:28:54:INFO: ---------Evaluated Metrics----------
02/23/2023 13:28:54:INFO: Accuracy: 0.6137440758293838.
02/23/2023 13:28:54:INFO: Macro Precision: 0.4314645049939168.
02/23/2023 13:28:54:INFO: Macro Recall: 0.4466688636238809.
02/23/2023 13:28:54:INFO: Macro F1 score: 0.41445321847331895.
02/23/2023 13:28:54:INFO: ---------confusion_matrix----------
02/23/2023 13:28:54:INFO: 
[[ 20  68  17]
 [ 24 229  36]
 [  7  11  10]]
02/23/2023 13:28:54:INFO: 模型效果验证详情: {'位置第一个显示标签': 0, '其他位置有情感标签': 0, '全句没有情感标签': 0}.
02/23/2023 13:28:54:INFO: ----------------------Evaluate finished.------------------------
02/23/2023 13:28:54:INFO: --------------Epoch. 4.---------------
02/23/2023 13:28:56:INFO: [Epoch. 4.]: 100%|| 30/30 [00:01<00:00, 16.18it/s, avg_loss=0.456]
02/23/2023 13:28:56:INFO: Epoch 4, average loss: 0.45580933640400567
02/23/2023 13:28:56:INFO: --------------Evaluate on Epoch. 4.---------------
02/23/2023 13:28:56:INFO: tensor([28996, 28997, 28998], device='cuda:0')
02/23/2023 13:28:58:INFO: **********Results Comparison**********
02/23/2023 13:28:58:INFO: 真实标签: 
 [1, 2, 2, 2, 2, 2, 2, 2, 2, 2, 2, 2, 2, 3, 2, 2, 2, 2, 3, 2, 2, 3, 1, 1, 1, 2, 1, 2, 2, 2, 2, 2, 3, 1, 2, 3, 2, 2, 3, 1, 2, 2, 2, 2, 3, 2, 2, 1, 2, 2, 2, 2, 2, 2, 2, 1, 2, 2, 1, 2, 1, 1, 2, 2, 1, 1, 2, 2, 2, 2, 2, 2, 2, 3, 1, 1, 2, 2, 2, 1, 2, 2, 2, 2, 2, 2, 3, 2, 2, 2, 1, 1, 1, 2, 1, 1, 1, 2, 1, 2, 1, 1, 2, 1, 1, 2, 1, 2, 1, 2, 3, 2, 1, 2, 2, 2, 2, 2, 3, 2, 2, 1, 2, 2, 2, 3, 2, 2, 2, 2, 2, 2, 2, 2, 2, 3, 2, 2, 2, 2, 3, 2, 2, 1, 2, 2, 2, 2, 2, 1, 2, 2, 1, 1, 1, 2, 2, 2, 2, 2, 1, 2, 2, 2, 2, 2, 2, 1, 2, 2, 2, 2, 2, 2, 1, 2, 1, 2, 2, 2, 2, 2, 1, 2, 2, 3, 3, 2, 3, 2, 2, 2, 2, 1, 1, 2, 2, 2, 2, 2, 1, 2, 1, 2, 1, 2, 1, 2, 2, 1, 2, 2, 1, 2, 2, 2, 2, 2, 2, 1, 2, 2, 2, 1, 3, 1, 3, 2, 2, 3, 2, 2, 2, 1, 2, 1, 2, 2, 2, 3, 2, 2, 3, 2, 2, 2, 3, 2, 2, 2, 2, 1, 2, 2, 1, 2, 2, 2, 3, 1, 2, 2, 2, 2, 1, 1, 2, 1, 2, 2, 1, 2, 2, 1, 2, 2, 2, 1, 2, 2, 2, 1, 2, 2, 2, 2, 2, 2, 2, 2, 2, 1, 1, 2, 2, 2, 1, 2, 2, 2, 2, 2, 2, 2, 2, 2, 2, 2, 2, 2, 1, 1, 2, 2, 2, 2, 1, 3, 1, 1, 2, 1, 1, 2, 1, 1, 2, 2, 2, 1, 2, 2, 2, 2, 1, 2, 2, 2, 2, 2, 1, 2, 1, 2, 1, 2, 2, 1, 2, 2, 1, 2, 2, 2, 2, 1, 2, 2, 2, 2, 2, 2, 3, 2, 2, 2, 3, 2, 2, 1, 2, 1, 2, 2, 2, 2, 1, 2, 2, 2, 2, 1, 2, 1, 1, 1, 2, 1, 1, 2, 1, 2, 2, 2, 2, 1, 2, 1, 2, 1, 1, 2, 2, 2, 2, 2, 2, 2, 3, 2, 1, 2, 2, 1, 2, 1, 2, 2, 2, 1, 1, 1]
02/23/2023 13:28:58:INFO: 预测标签: 
 [2, 3, 2, 2, 2, 1, 2, 2, 1, 2, 2, 1, 2, 2, 2, 2, 2, 2, 2, 2, 2, 3, 2, 2, 2, 3, 2, 2, 2, 2, 2, 3, 3, 2, 1, 1, 2, 2, 3, 2, 2, 2, 1, 2, 1, 1, 2, 2, 2, 1, 3, 2, 2, 2, 3, 1, 2, 3, 3, 2, 1, 2, 1, 2, 1, 3, 2, 2, 1, 3, 2, 2, 2, 2, 2, 2, 1, 2, 1, 2, 2, 2, 2, 2, 3, 3, 3, 2, 2, 2, 1, 3, 1, 3, 2, 1, 2, 2, 2, 2, 2, 3, 2, 3, 2, 2, 1, 2, 1, 2, 3, 2, 1, 2, 2, 2, 2, 1, 1, 3, 2, 1, 2, 2, 2, 2, 2, 2, 2, 1, 2, 1, 1, 1, 2, 3, 2, 1, 3, 2, 1, 2, 2, 3, 2, 2, 3, 2, 2, 2, 2, 2, 3, 3, 2, 2, 2, 3, 2, 2, 2, 2, 2, 1, 2, 2, 2, 2, 2, 2, 2, 1, 2, 1, 2, 2, 1, 2, 2, 2, 3, 1, 2, 3, 3, 1, 3, 2, 3, 2, 2, 2, 2, 1, 1, 2, 1, 3, 2, 2, 2, 2, 2, 2, 2, 2, 3, 2, 2, 3, 2, 3, 2, 2, 2, 2, 2, 2, 2, 3, 2, 2, 2, 2, 2, 2, 2, 2, 2, 2, 2, 3, 2, 2, 2, 1, 3, 2, 2, 2, 2, 2, 3, 2, 2, 2, 3, 1, 2, 1, 2, 2, 2, 2, 1, 1, 2, 2, 1, 2, 1, 2, 1, 2, 2, 1, 2, 1, 2, 2, 2, 2, 3, 2, 2, 2, 3, 3, 2, 3, 2, 2, 2, 2, 1, 2, 3, 2, 2, 1, 2, 3, 2, 2, 3, 2, 2, 1, 2, 2, 1, 2, 2, 2, 2, 2, 1, 2, 3, 3, 2, 1, 2, 2, 2, 1, 2, 1, 2, 2, 3, 2, 1, 2, 1, 1, 2, 2, 2, 2, 2, 1, 2, 1, 1, 2, 2, 1, 2, 3, 2, 2, 2, 2, 1, 3, 2, 2, 2, 2, 1, 2, 2, 2, 1, 3, 2, 2, 2, 1, 2, 2, 2, 2, 2, 3, 1, 3, 2, 3, 2, 2, 2, 1, 2, 2, 1, 3, 3, 3, 3, 1, 2, 1, 2, 1, 2, 1, 1, 2, 2, 2, 3, 2, 2, 2, 1, 2, 2, 1, 2, 2, 2, 2, 2, 2, 2, 2, 3, 2, 1, 2, 2, 3, 2, 2, 2, 3, 3, 1, 2, 2]
02/23/2023 13:28:58:INFO: ---------Evaluated Metrics----------
02/23/2023 13:28:58:INFO: Accuracy: 0.5995260663507109.
02/23/2023 13:28:58:INFO: Macro Precision: 0.4447867448375855.
02/23/2023 13:28:58:INFO: Macro Recall: 0.47677541604877244.
02/23/2023 13:28:58:INFO: Macro F1 score: 0.4429562705250492.
02/23/2023 13:28:58:INFO: ---------confusion_matrix----------
02/23/2023 13:28:58:INFO: 
[[ 33  56  16]
 [ 40 209  40]
 [  8   9  11]]
02/23/2023 13:28:58:INFO: 模型效果验证详情: {'位置第一个显示标签': 0, '其他位置有情感标签': 0, '全句没有情感标签': 0}.
02/23/2023 13:28:58:INFO: ----------------------Evaluate finished.------------------------
02/23/2023 13:28:58:INFO: --------------Epoch. 5.---------------
02/23/2023 13:29:00:INFO: [Epoch. 5.]: 100%|| 30/30 [00:01<00:00, 16.07it/s, avg_loss=0.333]
02/23/2023 13:29:00:INFO: Epoch 5, average loss: 0.3334444890419642
02/23/2023 13:29:00:INFO: --------------Evaluate on Epoch. 5.---------------
02/23/2023 13:29:00:INFO: tensor([28996, 28997, 28998], device='cuda:0')
02/23/2023 13:29:02:INFO: **********Results Comparison**********
02/23/2023 13:29:02:INFO: 真实标签: 
 [1, 2, 2, 2, 2, 2, 2, 2, 2, 2, 2, 2, 2, 3, 2, 2, 2, 2, 3, 2, 2, 3, 1, 1, 1, 2, 1, 2, 2, 2, 2, 2, 3, 1, 2, 3, 2, 2, 3, 1, 2, 2, 2, 2, 3, 2, 2, 1, 2, 2, 2, 2, 2, 2, 2, 1, 2, 2, 1, 2, 1, 1, 2, 2, 1, 1, 2, 2, 2, 2, 2, 2, 2, 3, 1, 1, 2, 2, 2, 1, 2, 2, 2, 2, 2, 2, 3, 2, 2, 2, 1, 1, 1, 2, 1, 1, 1, 2, 1, 2, 1, 1, 2, 1, 1, 2, 1, 2, 1, 2, 3, 2, 1, 2, 2, 2, 2, 2, 3, 2, 2, 1, 2, 2, 2, 3, 2, 2, 2, 2, 2, 2, 2, 2, 2, 3, 2, 2, 2, 2, 3, 2, 2, 1, 2, 2, 2, 2, 2, 1, 2, 2, 1, 1, 1, 2, 2, 2, 2, 2, 1, 2, 2, 2, 2, 2, 2, 1, 2, 2, 2, 2, 2, 2, 1, 2, 1, 2, 2, 2, 2, 2, 1, 2, 2, 3, 3, 2, 3, 2, 2, 2, 2, 1, 1, 2, 2, 2, 2, 2, 1, 2, 1, 2, 1, 2, 1, 2, 2, 1, 2, 2, 1, 2, 2, 2, 2, 2, 2, 1, 2, 2, 2, 1, 3, 1, 3, 2, 2, 3, 2, 2, 2, 1, 2, 1, 2, 2, 2, 3, 2, 2, 3, 2, 2, 2, 3, 2, 2, 2, 2, 1, 2, 2, 1, 2, 2, 2, 3, 1, 2, 2, 2, 2, 1, 1, 2, 1, 2, 2, 1, 2, 2, 1, 2, 2, 2, 1, 2, 2, 2, 1, 2, 2, 2, 2, 2, 2, 2, 2, 2, 1, 1, 2, 2, 2, 1, 2, 2, 2, 2, 2, 2, 2, 2, 2, 2, 2, 2, 2, 1, 1, 2, 2, 2, 2, 1, 3, 1, 1, 2, 1, 1, 2, 1, 1, 2, 2, 2, 1, 2, 2, 2, 2, 1, 2, 2, 2, 2, 2, 1, 2, 1, 2, 1, 2, 2, 1, 2, 2, 1, 2, 2, 2, 2, 1, 2, 2, 2, 2, 2, 2, 3, 2, 2, 2, 3, 2, 2, 1, 2, 1, 2, 2, 2, 2, 1, 2, 2, 2, 2, 1, 2, 1, 1, 1, 2, 1, 1, 2, 1, 2, 2, 2, 2, 1, 2, 1, 2, 1, 1, 2, 2, 2, 2, 2, 2, 2, 3, 2, 1, 2, 2, 1, 2, 1, 2, 2, 2, 1, 1, 1]
02/23/2023 13:29:02:INFO: 预测标签: 
 [2, 1, 2, 2, 2, 1, 3, 2, 1, 3, 2, 1, 2, 2, 2, 2, 2, 1, 2, 2, 2, 3, 2, 1, 3, 3, 2, 3, 1, 2, 1, 3, 3, 2, 1, 1, 2, 2, 3, 2, 2, 2, 1, 2, 1, 1, 2, 2, 2, 1, 3, 2, 2, 2, 3, 1, 1, 3, 3, 2, 1, 2, 1, 2, 1, 3, 2, 1, 1, 3, 2, 2, 2, 2, 1, 2, 1, 2, 1, 1, 3, 2, 2, 2, 3, 3, 3, 2, 2, 2, 1, 3, 1, 3, 3, 1, 2, 2, 2, 2, 1, 3, 2, 3, 2, 3, 1, 3, 1, 2, 3, 1, 1, 2, 2, 1, 2, 1, 1, 3, 1, 1, 2, 2, 2, 2, 2, 2, 2, 1, 2, 1, 1, 1, 2, 3, 1, 1, 1, 2, 1, 2, 2, 3, 2, 3, 3, 2, 1, 1, 2, 2, 3, 3, 2, 2, 1, 3, 2, 2, 1, 2, 2, 1, 2, 2, 2, 1, 3, 1, 3, 1, 2, 1, 2, 1, 1, 1, 1, 1, 1, 1, 1, 3, 3, 1, 3, 1, 3, 2, 2, 2, 2, 1, 1, 2, 1, 3, 2, 2, 2, 2, 2, 2, 2, 2, 1, 2, 2, 3, 2, 3, 2, 2, 2, 1, 1, 2, 2, 3, 1, 2, 2, 1, 3, 2, 2, 2, 2, 2, 1, 1, 2, 2, 2, 1, 3, 1, 2, 3, 3, 2, 3, 1, 2, 2, 3, 1, 2, 1, 1, 1, 1, 2, 1, 1, 1, 2, 1, 3, 1, 2, 1, 2, 1, 1, 2, 1, 2, 2, 3, 2, 3, 1, 2, 1, 3, 3, 2, 3, 2, 1, 2, 2, 1, 3, 3, 2, 2, 1, 2, 3, 2, 2, 3, 2, 2, 1, 2, 2, 1, 2, 2, 2, 2, 3, 1, 2, 3, 3, 1, 1, 2, 2, 2, 1, 2, 1, 2, 2, 3, 1, 1, 2, 1, 1, 1, 1, 3, 2, 2, 1, 2, 1, 1, 2, 2, 1, 1, 3, 2, 2, 2, 2, 1, 3, 1, 1, 2, 2, 1, 2, 2, 2, 1, 3, 1, 2, 2, 1, 2, 2, 1, 2, 2, 3, 1, 3, 2, 3, 2, 2, 1, 1, 2, 2, 1, 3, 3, 3, 3, 1, 2, 1, 1, 1, 2, 1, 1, 2, 2, 2, 3, 2, 2, 2, 1, 3, 2, 1, 1, 1, 2, 3, 3, 1, 2, 1, 3, 2, 1, 2, 1, 1, 1, 2, 1, 3, 3, 1, 1, 2]
02/23/2023 13:29:02:INFO: ---------Evaluated Metrics----------
02/23/2023 13:29:02:INFO: Accuracy: 0.5260663507109005.
02/23/2023 13:29:02:INFO: Macro Precision: 0.4431994426709606.
02/23/2023 13:29:02:INFO: Macro Recall: 0.5049678695007415.
02/23/2023 13:29:02:INFO: Macro F1 score: 0.43588888188911334.
02/23/2023 13:29:02:INFO: ---------confusion_matrix----------
02/23/2023 13:29:02:INFO: 
[[ 54  32  19]
 [ 83 155  51]
 [  9   6  13]]
02/23/2023 13:29:02:INFO: 模型效果验证详情: {'位置第一个显示标签': 0, '其他位置有情感标签': 0, '全句没有情感标签': 0}.
02/23/2023 13:29:02:INFO: ----------------------Evaluate finished.------------------------
02/23/2023 13:29:02:INFO: --------------Epoch. 6.---------------
02/23/2023 13:29:04:INFO: [Epoch. 6.]: 100%|| 30/30 [00:01<00:00, 16.14it/s, avg_loss=0.242]
02/23/2023 13:29:04:INFO: Epoch 6, average loss: 0.24151836236317953
02/23/2023 13:29:04:INFO: --------------Evaluate on Epoch. 6.---------------
02/23/2023 13:29:04:INFO: tensor([28996, 28997, 28998], device='cuda:0')
02/23/2023 13:29:06:INFO: **********Results Comparison**********
02/23/2023 13:29:06:INFO: 真实标签: 
 [1, 2, 2, 2, 2, 2, 2, 2, 2, 2, 2, 2, 2, 3, 2, 2, 2, 2, 3, 2, 2, 3, 1, 1, 1, 2, 1, 2, 2, 2, 2, 2, 3, 1, 2, 3, 2, 2, 3, 1, 2, 2, 2, 2, 3, 2, 2, 1, 2, 2, 2, 2, 2, 2, 2, 1, 2, 2, 1, 2, 1, 1, 2, 2, 1, 1, 2, 2, 2, 2, 2, 2, 2, 3, 1, 1, 2, 2, 2, 1, 2, 2, 2, 2, 2, 2, 3, 2, 2, 2, 1, 1, 1, 2, 1, 1, 1, 2, 1, 2, 1, 1, 2, 1, 1, 2, 1, 2, 1, 2, 3, 2, 1, 2, 2, 2, 2, 2, 3, 2, 2, 1, 2, 2, 2, 3, 2, 2, 2, 2, 2, 2, 2, 2, 2, 3, 2, 2, 2, 2, 3, 2, 2, 1, 2, 2, 2, 2, 2, 1, 2, 2, 1, 1, 1, 2, 2, 2, 2, 2, 1, 2, 2, 2, 2, 2, 2, 1, 2, 2, 2, 2, 2, 2, 1, 2, 1, 2, 2, 2, 2, 2, 1, 2, 2, 3, 3, 2, 3, 2, 2, 2, 2, 1, 1, 2, 2, 2, 2, 2, 1, 2, 1, 2, 1, 2, 1, 2, 2, 1, 2, 2, 1, 2, 2, 2, 2, 2, 2, 1, 2, 2, 2, 1, 3, 1, 3, 2, 2, 3, 2, 2, 2, 1, 2, 1, 2, 2, 2, 3, 2, 2, 3, 2, 2, 2, 3, 2, 2, 2, 2, 1, 2, 2, 1, 2, 2, 2, 3, 1, 2, 2, 2, 2, 1, 1, 2, 1, 2, 2, 1, 2, 2, 1, 2, 2, 2, 1, 2, 2, 2, 1, 2, 2, 2, 2, 2, 2, 2, 2, 2, 1, 1, 2, 2, 2, 1, 2, 2, 2, 2, 2, 2, 2, 2, 2, 2, 2, 2, 2, 1, 1, 2, 2, 2, 2, 1, 3, 1, 1, 2, 1, 1, 2, 1, 1, 2, 2, 2, 1, 2, 2, 2, 2, 1, 2, 2, 2, 2, 2, 1, 2, 1, 2, 1, 2, 2, 1, 2, 2, 1, 2, 2, 2, 2, 1, 2, 2, 2, 2, 2, 2, 3, 2, 2, 2, 3, 2, 2, 1, 2, 1, 2, 2, 2, 2, 1, 2, 2, 2, 2, 1, 2, 1, 1, 1, 2, 1, 1, 2, 1, 2, 2, 2, 2, 1, 2, 1, 2, 1, 1, 2, 2, 2, 2, 2, 2, 2, 3, 2, 1, 2, 2, 1, 2, 1, 2, 2, 2, 1, 1, 1]
02/23/2023 13:29:06:INFO: 预测标签: 
 [2, 1, 2, 2, 2, 1, 2, 2, 1, 2, 2, 1, 2, 2, 2, 2, 2, 1, 2, 2, 2, 1, 2, 1, 2, 1, 2, 2, 2, 2, 2, 3, 3, 2, 1, 1, 2, 2, 3, 2, 2, 2, 1, 2, 1, 1, 2, 2, 2, 1, 3, 2, 2, 2, 2, 1, 2, 3, 1, 2, 1, 2, 1, 2, 1, 3, 2, 2, 1, 1, 2, 2, 2, 2, 2, 2, 1, 2, 1, 1, 2, 2, 2, 2, 3, 3, 3, 2, 2, 2, 1, 3, 1, 3, 2, 1, 2, 2, 2, 2, 1, 3, 2, 3, 2, 2, 1, 2, 1, 2, 3, 2, 1, 2, 2, 2, 2, 1, 1, 3, 2, 1, 2, 2, 2, 2, 2, 2, 2, 1, 2, 1, 1, 2, 2, 3, 2, 1, 1, 2, 1, 2, 2, 3, 2, 2, 1, 2, 1, 2, 2, 2, 1, 3, 2, 2, 1, 1, 2, 2, 2, 2, 2, 1, 2, 2, 2, 1, 2, 2, 2, 1, 2, 1, 2, 1, 1, 2, 2, 2, 2, 1, 1, 3, 3, 1, 3, 2, 3, 2, 2, 2, 2, 1, 1, 2, 1, 3, 2, 2, 2, 2, 2, 2, 2, 2, 1, 2, 2, 3, 2, 3, 2, 2, 2, 2, 2, 2, 2, 3, 2, 2, 2, 2, 2, 2, 2, 2, 2, 2, 2, 1, 2, 2, 2, 1, 2, 2, 2, 2, 2, 2, 3, 2, 2, 2, 3, 1, 2, 1, 2, 1, 2, 2, 1, 1, 2, 2, 1, 2, 1, 2, 1, 2, 2, 1, 2, 1, 2, 2, 3, 2, 3, 2, 2, 2, 1, 3, 2, 3, 2, 2, 2, 2, 1, 2, 2, 2, 2, 1, 2, 1, 2, 2, 1, 2, 2, 1, 2, 2, 1, 2, 2, 2, 2, 2, 1, 2, 3, 3, 1, 1, 2, 2, 2, 1, 2, 1, 2, 2, 3, 2, 1, 2, 1, 1, 2, 2, 2, 2, 2, 1, 2, 1, 1, 2, 2, 1, 1, 3, 2, 2, 2, 2, 1, 1, 2, 1, 2, 2, 1, 2, 2, 2, 1, 3, 2, 2, 2, 1, 2, 2, 1, 2, 2, 1, 1, 2, 2, 3, 2, 2, 1, 1, 2, 2, 1, 2, 1, 3, 3, 1, 2, 1, 1, 1, 2, 1, 1, 2, 2, 2, 3, 2, 2, 2, 1, 2, 2, 1, 2, 2, 2, 2, 2, 2, 2, 2, 3, 2, 1, 2, 2, 1, 2, 2, 2, 3, 3, 1, 2, 2]
02/23/2023 13:29:06:INFO: ---------Evaluated Metrics----------
02/23/2023 13:29:06:INFO: Accuracy: 0.6327014218009479.
02/23/2023 13:29:06:INFO: Macro Precision: 0.4783359914938862.
02/23/2023 13:29:06:INFO: Macro Recall: 0.5104685011259406.
02/23/2023 13:29:06:INFO: Macro F1 score: 0.48883173098536375.
02/23/2023 13:29:06:INFO: ---------confusion_matrix----------
02/23/2023 13:29:06:INFO: 
[[ 47  46  12]
 [ 57 210  22]
 [ 10   8  10]]
02/23/2023 13:29:06:INFO: 模型效果验证详情: {'位置第一个显示标签': 10, '其他位置有情感标签': 0, '全句没有情感标签': 0}.
02/23/2023 13:29:06:INFO: ----------------------Evaluate finished.------------------------
02/23/2023 13:29:06:INFO: --------------Epoch. 7.---------------
02/23/2023 13:29:08:INFO: [Epoch. 7.]: 100%|| 30/30 [00:01<00:00, 16.13it/s, avg_loss=0.172]
02/23/2023 13:29:08:INFO: Epoch 7, average loss: 0.1723287295550108
02/23/2023 13:29:08:INFO: --------------Evaluate on Epoch. 7.---------------
02/23/2023 13:29:08:INFO: tensor([28996, 28997, 28998], device='cuda:0')
02/23/2023 13:29:10:INFO: **********Results Comparison**********
02/23/2023 13:29:10:INFO: 真实标签: 
 [1, 2, 2, 2, 2, 2, 2, 2, 2, 2, 2, 2, 2, 3, 2, 2, 2, 2, 3, 2, 2, 3, 1, 1, 1, 2, 1, 2, 2, 2, 2, 2, 3, 1, 2, 3, 2, 2, 3, 1, 2, 2, 2, 2, 3, 2, 2, 1, 2, 2, 2, 2, 2, 2, 2, 1, 2, 2, 1, 2, 1, 1, 2, 2, 1, 1, 2, 2, 2, 2, 2, 2, 2, 3, 1, 1, 2, 2, 2, 1, 2, 2, 2, 2, 2, 2, 3, 2, 2, 2, 1, 1, 1, 2, 1, 1, 1, 2, 1, 2, 1, 1, 2, 1, 1, 2, 1, 2, 1, 2, 3, 2, 1, 2, 2, 2, 2, 2, 3, 2, 2, 1, 2, 2, 2, 3, 2, 2, 2, 2, 2, 2, 2, 2, 2, 3, 2, 2, 2, 2, 3, 2, 2, 1, 2, 2, 2, 2, 2, 1, 2, 2, 1, 1, 1, 2, 2, 2, 2, 2, 1, 2, 2, 2, 2, 2, 2, 1, 2, 2, 2, 2, 2, 2, 1, 2, 1, 2, 2, 2, 2, 2, 1, 2, 2, 3, 3, 2, 3, 2, 2, 2, 2, 1, 1, 2, 2, 2, 2, 2, 1, 2, 1, 2, 1, 2, 1, 2, 2, 1, 2, 2, 1, 2, 2, 2, 2, 2, 2, 1, 2, 2, 2, 1, 3, 1, 3, 2, 2, 3, 2, 2, 2, 1, 2, 1, 2, 2, 2, 3, 2, 2, 3, 2, 2, 2, 3, 2, 2, 2, 2, 1, 2, 2, 1, 2, 2, 2, 3, 1, 2, 2, 2, 2, 1, 1, 2, 1, 2, 2, 1, 2, 2, 1, 2, 2, 2, 1, 2, 2, 2, 1, 2, 2, 2, 2, 2, 2, 2, 2, 2, 1, 1, 2, 2, 2, 1, 2, 2, 2, 2, 2, 2, 2, 2, 2, 2, 2, 2, 2, 1, 1, 2, 2, 2, 2, 1, 3, 1, 1, 2, 1, 1, 2, 1, 1, 2, 2, 2, 1, 2, 2, 2, 2, 1, 2, 2, 2, 2, 2, 1, 2, 1, 2, 1, 2, 2, 1, 2, 2, 1, 2, 2, 2, 2, 1, 2, 2, 2, 2, 2, 2, 3, 2, 2, 2, 3, 2, 2, 1, 2, 1, 2, 2, 2, 2, 1, 2, 2, 2, 2, 1, 2, 1, 1, 1, 2, 1, 1, 2, 1, 2, 2, 2, 2, 1, 2, 1, 2, 1, 1, 2, 2, 2, 2, 2, 2, 2, 3, 2, 1, 2, 2, 1, 2, 1, 2, 2, 2, 1, 1, 1]
02/23/2023 13:29:10:INFO: 预测标签: 
 [2, 3, 2, 2, 2, 1, 3, 2, 1, 3, 2, 1, 2, 2, 2, 1, 2, 1, 2, 3, 2, 3, 2, 1, 3, 3, 2, 3, 1, 2, 1, 3, 3, 2, 1, 1, 2, 2, 3, 2, 2, 2, 1, 2, 1, 1, 2, 1, 2, 1, 3, 2, 2, 2, 3, 1, 1, 3, 3, 2, 1, 2, 1, 2, 1, 3, 2, 1, 1, 3, 2, 3, 2, 2, 1, 2, 1, 2, 1, 1, 3, 3, 2, 2, 3, 3, 3, 1, 2, 2, 1, 3, 3, 3, 3, 1, 2, 3, 2, 3, 1, 3, 2, 3, 2, 3, 1, 3, 1, 2, 3, 3, 1, 2, 2, 1, 2, 1, 1, 3, 1, 1, 2, 2, 2, 2, 2, 2, 2, 1, 1, 1, 1, 1, 2, 3, 1, 1, 1, 2, 1, 2, 2, 3, 2, 3, 1, 2, 1, 1, 2, 2, 3, 3, 2, 3, 1, 3, 2, 2, 1, 2, 2, 1, 2, 2, 1, 1, 3, 1, 3, 1, 2, 1, 2, 1, 1, 1, 1, 1, 1, 1, 1, 3, 3, 1, 3, 1, 3, 2, 2, 2, 2, 1, 1, 2, 1, 3, 2, 2, 2, 2, 2, 2, 2, 2, 3, 2, 2, 3, 2, 3, 2, 2, 2, 1, 1, 2, 2, 3, 1, 2, 2, 3, 3, 2, 2, 2, 2, 3, 2, 1, 2, 2, 2, 1, 2, 1, 2, 3, 3, 1, 3, 1, 2, 2, 3, 1, 2, 1, 1, 1, 3, 2, 1, 1, 1, 3, 1, 3, 1, 2, 1, 3, 1, 1, 1, 1, 2, 2, 3, 2, 3, 1, 2, 3, 3, 3, 1, 3, 2, 1, 2, 2, 1, 3, 3, 2, 2, 1, 2, 3, 2, 2, 3, 2, 2, 1, 1, 2, 1, 3, 2, 2, 2, 3, 1, 2, 3, 3, 1, 1, 2, 2, 2, 1, 2, 1, 2, 3, 3, 1, 1, 2, 1, 1, 1, 1, 3, 2, 1, 1, 2, 1, 1, 2, 2, 1, 1, 3, 2, 1, 1, 2, 1, 3, 1, 1, 2, 2, 1, 2, 2, 2, 1, 3, 1, 2, 2, 1, 2, 2, 1, 2, 2, 3, 1, 3, 2, 3, 2, 2, 1, 1, 2, 2, 1, 3, 3, 3, 3, 1, 2, 1, 1, 1, 2, 1, 1, 2, 2, 2, 3, 2, 2, 1, 1, 3, 2, 1, 1, 1, 2, 3, 3, 1, 2, 2, 3, 2, 1, 2, 1, 1, 1, 2, 1, 3, 3, 1, 1, 1]
02/23/2023 13:29:10:INFO: ---------Evaluated Metrics----------
02/23/2023 13:29:10:INFO: Accuracy: 0.4928909952606635.
02/23/2023 13:29:10:INFO: Macro Precision: 0.43870724791777427.
02/23/2023 13:29:10:INFO: Macro Recall: 0.5015927939803372.
02/23/2023 13:29:10:INFO: Macro F1 score: 0.4176119437447244.
02/23/2023 13:29:10:INFO: ---------confusion_matrix----------
02/23/2023 13:29:10:INFO: 
[[ 55  27  23]
 [ 88 139  62]
 [  9   5  14]]
02/23/2023 13:29:10:INFO: 模型效果验证详情: {'位置第一个显示标签': 26, '其他位置有情感标签': 0, '全句没有情感标签': 0}.
02/23/2023 13:29:10:INFO: ----------------------Evaluate finished.------------------------
02/23/2023 13:29:10:INFO: Based on [2.th Epoch] best_accuracy: 0.6469194312796208.
02/23/2023 13:29:10:INFO: latest 5 epochs not seen performance increased, early stop.
02/23/2023 13:29:10:INFO: ********** Best Results on Dev Dataset **********
02/23/2023 13:29:10:INFO: Best Accuracy: 0.6469194312796208.
02/23/2023 13:29:10:INFO: Best Macro Precision: 0.4783359914938862.
02/23/2023 13:29:10:INFO: Best Macro Recall: 0.5104685011259406.
02/23/2023 13:29:10:INFO: Best Macro F1 score: 0.48883173098536375.
02/23/2023 13:29:10:INFO: ***** Training Over *****
02/23/2023 13:29:10:INFO: --------------Testing ...---------------
02/23/2023 13:29:10:INFO: tensor([28996, 28997, 28998], device='cuda:0')
02/23/2023 13:29:11:INFO: **********Results Comparison**********
02/23/2023 13:29:11:INFO: 真实标签: 
 [1, 2, 3, 2, 2, 2, 2, 2, 1, 1, 2, 2, 1, 2, 2, 2, 2, 2, 1, 2, 1, 2, 2, 2, 3, 3, 2, 2, 1, 2, 2, 2, 1, 1, 1, 2, 1, 1, 2, 2, 2, 2, 2, 1, 1, 2, 1, 2, 2, 2, 2, 2, 2, 2, 2, 2, 3, 2, 2, 2, 2, 1, 1, 1, 2, 1, 1, 2, 1, 3, 2, 2, 2, 2, 2, 2, 2, 2, 2, 3, 2, 2, 2, 1, 2, 1, 1, 2, 1, 2, 1, 2, 2, 2, 1, 2, 1, 2, 1, 3, 1, 2, 2, 2, 2, 2, 2, 2, 2, 2, 2, 2, 2, 2, 2, 1, 3, 2, 2, 1, 2, 2, 2, 2, 2, 1, 2, 2, 2, 3, 2, 2, 1, 2, 2, 2, 3, 2, 1, 2, 2, 2, 2, 2, 2, 2, 2, 1, 2, 1, 2, 1, 2, 2, 2, 2, 2, 1, 2, 1, 1, 2, 2, 2, 2, 2, 2, 1, 2, 2, 1, 3, 2, 2, 1, 2, 1, 2, 2, 2, 2, 1, 1, 1, 2, 2, 1, 1, 2, 2, 3, 1, 1, 1, 1, 2, 2, 2, 1, 1, 2, 2, 1, 1, 2, 1, 1, 2, 1, 2, 1, 2, 3, 1, 2, 2, 2, 2, 2, 2, 1, 2, 2, 2, 2, 2, 2, 2, 1, 2, 1, 2]
02/23/2023 13:29:11:INFO: 预测标签: 
 [2, 1, 2, 2, 1, 1, 3, 2, 1, 2, 2, 3, 2, 3, 2, 1, 1, 2, 1, 2, 1, 2, 2, 2, 3, 3, 2, 2, 3, 2, 3, 2, 2, 2, 2, 3, 1, 2, 1, 3, 2, 1, 2, 2, 1, 2, 3, 2, 1, 2, 2, 3, 2, 2, 2, 2, 1, 1, 1, 2, 2, 2, 2, 2, 2, 1, 2, 2, 3, 3, 2, 2, 1, 2, 2, 2, 2, 1, 2, 3, 1, 1, 3, 2, 2, 3, 1, 2, 1, 1, 1, 1, 1, 1, 2, 2, 1, 2, 3, 2, 1, 1, 2, 2, 3, 3, 2, 2, 2, 1, 1, 3, 2, 1, 1, 2, 3, 2, 1, 1, 2, 3, 1, 2, 3, 1, 2, 1, 1, 2, 1, 1, 1, 1, 1, 2, 2, 2, 1, 2, 2, 2, 2, 2, 2, 2, 3, 2, 3, 2, 3, 1, 2, 2, 1, 3, 1, 3, 2, 2, 1, 2, 1, 3, 3, 3, 1, 2, 2, 2, 1, 3, 3, 2, 3, 3, 3, 1, 3, 2, 3, 1, 2, 1, 2, 3, 1, 3, 2, 1, 2, 3, 1, 2, 2, 1, 2, 1, 3, 3, 2, 2, 3, 1, 2, 2, 3, 2, 2, 2, 1, 2, 3, 1, 2, 2, 3, 1, 3, 2, 1, 1, 2, 1, 2, 3, 3, 2, 1, 2, 1, 2]
02/23/2023 13:29:11:INFO: ---------Evaluated Metrics----------
02/23/2023 13:29:11:INFO: Accuracy: 0.5043103448275862.
02/23/2023 13:29:11:INFO: Macro Precision: 0.4243683119739458.
02/23/2023 13:29:11:INFO: Macro Recall: 0.49955055837408774.
02/23/2023 13:29:11:INFO: Macro F1 score: 0.41739782250731156.
02/23/2023 13:29:11:INFO: ---------confusion_matrix----------
02/23/2023 13:29:11:INFO: 
[[28 24 14]
 [42 82 29]
 [ 1  5  7]]
02/23/2023 13:29:11:INFO: 模型效果验证详情: {'位置第一个显示标签': 12, '其他位置有情感标签': 0, '全句没有情感标签': 0}.
02/23/2023 13:29:11:INFO: ----------------------Testing finished.------------------------
02/23/2023 13:29:11:INFO: bengio.
