02/23/2023 13:16:08:INFO: start.
02/23/2023 13:16:08:INFO: --------hyper-arguments for this training.--------
02/23/2023 13:16:08:INFO: Namespace(answer_strategy='inter_logits_core_token', batch_size=2, dataset='rest15', eval_pre_epochs=1, few_shot=50, learning_rate=1e-05, log_file=None, model_type='WT2ABSA_Mean', patience=5, pre_trained_model='pretrainedmodels/bert-base-cased', save_best_model=False, seed=985, total_epochs=20)
02/23/2023 13:16:08:INFO: ----------dataset files------------
02/23/2023 13:16:08:INFO: {'train': '../WordTrans2ABSA/dataset/rest15/train.json', 'dev': '../WordTrans2ABSA/dataset/rest15/dev.json', 'test': '../WordTrans2ABSA/dataset/rest15/test.json'}
02/23/2023 13:16:11:WARNING: Using custom data configuration default-c3b60632a9f2d90d
02/23/2023 13:16:11:WARNING: Reusing dataset json (C:\Users\Super-IdoI\.cache\huggingface\datasets\json\default-c3b60632a9f2d90d\0.0.0\45636811569ec4a6630521c18235dfbbab83b7ab572e3393c5ba68ccabe98264)
02/23/2023 13:16:11:INFO: -----------------------------------
02/23/2023 13:16:11:INFO: {'I-POS': ['good', 'clever', 'excellent', 'effectual', 'beautiful', 'nice', 'useful', 'well', 'fantastic'], 'I-NEU': ['Michael', 'John', 'David', 'Thomas', 'Martin', 'Paul'], 'I-NEG': ['bad', 'terrible', 'awful', 'badly', 'terrible', 'poor', 'unfortunate', 'harmful', 'dirty', 'sorry']}
02/23/2023 13:16:11:INFO: -----------------------------------
02/23/2023 13:16:11:INFO: {'O': 0, 'I-POS': 1, 'I-NEU': 2, 'I-NEG': 3}
02/23/2023 13:16:11:INFO: {0: 'O', 1: 'I-POS', 2: 'I-NEU', 3: 'I-NEG'}
02/23/2023 13:16:13:INFO: -----------------------------------
02/23/2023 13:16:13:INFO: {'I-POS': 28996, 'I-NEU': 28997, 'I-NEG': 28998}
02/23/2023 13:16:13:INFO: {28996: 'I-POS', 28997: 'I-NEU', 28998: 'I-NEG'}
02/23/2023 13:16:13:INFO: start preprocess dataset.
02/23/2023 13:16:13:WARNING: Loading cached processed dataset at C:\Users\Super-IdoI\.cache\huggingface\datasets\json\default-c3b60632a9f2d90d\0.0.0\45636811569ec4a6630521c18235dfbbab83b7ab572e3393c5ba68ccabe98264\cache-7fb2d43eeabec1b9.arrow
02/23/2023 13:16:13:WARNING: Loading cached processed dataset at C:\Users\Super-IdoI\.cache\huggingface\datasets\json\default-c3b60632a9f2d90d\0.0.0\45636811569ec4a6630521c18235dfbbab83b7ab572e3393c5ba68ccabe98264\cache-ea18aeaf9dfdf2fd.arrow
02/23/2023 13:16:13:INFO: dataset preprocess finished.
02/23/2023 13:16:13:WARNING: Loading cached processed dataset at C:\Users\Super-IdoI\.cache\huggingface\datasets\json\default-c3b60632a9f2d90d\0.0.0\45636811569ec4a6630521c18235dfbbab83b7ab572e3393c5ba68ccabe98264\cache-1236f03e13f25ec5.arrow
02/23/2023 13:16:13:INFO: Train: 127, Dev: 82, Test: 400.
02/23/2023 13:16:13:INFO: dataloader prepare finished.
02/23/2023 13:16:13:INFO: ***** Start Training *****
02/23/2023 13:16:13:INFO: Total Epochs: 20
02/23/2023 13:16:13:INFO: validate on per-1 epochs.
02/23/2023 13:16:13:INFO: Training Samples Count: 127.
02/23/2023 13:16:13:INFO: Batch Size: 2, 每轮 64 Batch.
02/23/2023 13:16:13:INFO: Learning Rate: 1e-05
02/23/2023 13:16:13:INFO: --------------Epoch. 1.---------------
02/23/2023 13:16:17:INFO: [Epoch. 1.]: 100%|| 64/64 [00:04<00:00, 14.50it/s, avg_loss=1.24]
02/23/2023 13:16:17:INFO: Epoch 1, average loss: 1.2422379865311086
02/23/2023 13:16:17:INFO: --------------Evaluate on Epoch. 1.---------------
02/23/2023 13:16:17:INFO: tensor([28996, 28997, 28998], device='cuda:0')
02/23/2023 13:16:18:INFO: **********Results Comparison**********
02/23/2023 13:16:18:INFO: 真实标签: 
 [3, 1, 1, 1, 1, 1, 3, 1, 3, 1, 1, 1, 1, 1, 1, 1, 1, 1, 1, 1, 1, 1, 1, 1, 3, 2, 1, 1, 1, 1, 3, 1, 1, 1, 1, 1, 1, 1, 3, 1, 1, 1, 1, 1, 3, 1, 1, 1, 1, 1, 3, 1, 1, 1, 1, 1, 3, 1, 1, 3, 1, 1, 1, 3, 1, 1, 1, 1, 1, 1, 1, 3, 1, 1, 1, 1, 3, 1, 1, 1, 1, 1]
02/23/2023 13:16:18:INFO: 预测标签: 
 [1, 3, 1, 1, 1, 3, 3, 1, 3, 3, 1, 3, 2, 1, 3, 1, 1, 3, 1, 2, 3, 1, 3, 3, 3, 2, 1, 1, 1, 3, 1, 3, 3, 1, 1, 1, 3, 1, 2, 1, 3, 1, 1, 1, 3, 1, 3, 1, 3, 1, 3, 1, 1, 1, 2, 1, 3, 1, 3, 1, 1, 3, 1, 3, 3, 1, 1, 1, 1, 1, 3, 3, 1, 1, 1, 1, 3, 3, 2, 3, 1, 3]
02/23/2023 13:16:18:INFO: ---------Evaluated Metrics----------
02/23/2023 13:16:18:INFO: Accuracy: 0.6219512195121951.
02/23/2023 13:16:18:INFO: Macro Precision: 0.45991161616161613.
02/23/2023 13:16:18:INFO: Macro Recall: 0.7650829562594268.
02/23/2023 13:16:18:INFO: Macro F1 score: 0.47261904761904755.
02/23/2023 13:16:18:INFO: ---------confusion_matrix----------
02/23/2023 13:16:18:INFO: 
[[41  4 23]
 [ 0  1  0]
 [ 3  1  9]]
02/23/2023 13:16:18:INFO: 模型效果验证详情: {'位置第一个显示标签': 0, '其他位置有情感标签': 0, '全句没有情感标签': 0}.
02/23/2023 13:16:18:INFO: ----------------------Evaluate finished.------------------------
02/23/2023 13:16:18:INFO: --------------Epoch. 2.---------------
02/23/2023 13:16:22:INFO: [Epoch. 2.]: 100%|| 64/64 [00:04<00:00, 15.95it/s, avg_loss=0.618]
02/23/2023 13:16:22:INFO: Epoch 2, average loss: 0.6180717165116221
02/23/2023 13:16:22:INFO: --------------Evaluate on Epoch. 2.---------------
02/23/2023 13:16:22:INFO: tensor([28996, 28997, 28998], device='cuda:0')
02/23/2023 13:16:22:INFO: **********Results Comparison**********
02/23/2023 13:16:22:INFO: 真实标签: 
 [3, 1, 1, 1, 1, 1, 3, 1, 3, 1, 1, 1, 1, 1, 1, 1, 1, 1, 1, 1, 1, 1, 1, 1, 3, 2, 1, 1, 1, 1, 3, 1, 1, 1, 1, 1, 1, 1, 3, 1, 1, 1, 1, 1, 3, 1, 1, 1, 1, 1, 3, 1, 1, 1, 1, 1, 3, 1, 1, 3, 1, 1, 1, 3, 1, 1, 1, 1, 1, 1, 1, 3, 1, 1, 1, 1, 3, 1, 1, 1, 1, 1]
02/23/2023 13:16:22:INFO: 预测标签: 
 [1, 3, 1, 1, 1, 3, 3, 1, 3, 3, 3, 3, 2, 1, 3, 3, 1, 3, 1, 2, 3, 1, 3, 3, 3, 2, 3, 3, 3, 3, 3, 3, 3, 3, 3, 1, 3, 3, 3, 3, 3, 1, 3, 3, 3, 1, 3, 1, 3, 3, 3, 1, 3, 1, 3, 1, 3, 1, 3, 3, 1, 3, 3, 3, 3, 1, 1, 1, 3, 1, 3, 3, 1, 1, 1, 1, 3, 3, 2, 3, 1, 3]
02/23/2023 13:16:22:INFO: ---------Evaluated Metrics----------
02/23/2023 13:16:22:INFO: Accuracy: 0.47560975609756095.
02/23/2023 13:16:22:INFO: Macro Precision: 0.48275236020334056.
02/23/2023 13:16:22:INFO: Macro Recall: 0.7684766214177978.
02/23/2023 13:16:22:INFO: Macro F1 score: 0.44078947368421056.
02/23/2023 13:16:22:INFO: ---------confusion_matrix----------
02/23/2023 13:16:22:INFO: 
[[26  3 39]
 [ 0  1  0]
 [ 1  0 12]]
02/23/2023 13:16:22:INFO: 模型效果验证详情: {'位置第一个显示标签': 0, '其他位置有情感标签': 0, '全句没有情感标签': 0}.
02/23/2023 13:16:22:INFO: ----------------------Evaluate finished.------------------------
02/23/2023 13:16:22:INFO: --------------Epoch. 3.---------------
02/23/2023 13:16:26:INFO: [Epoch. 3.]: 100%|| 64/64 [00:03<00:00, 16.27it/s, avg_loss=0.381]
02/23/2023 13:16:26:INFO: Epoch 3, average loss: 0.38136063457932323
02/23/2023 13:16:26:INFO: --------------Evaluate on Epoch. 3.---------------
02/23/2023 13:16:26:INFO: tensor([28996, 28997, 28998], device='cuda:0')
02/23/2023 13:16:27:INFO: **********Results Comparison**********
02/23/2023 13:16:27:INFO: 真实标签: 
 [3, 1, 1, 1, 1, 1, 3, 1, 3, 1, 1, 1, 1, 1, 1, 1, 1, 1, 1, 1, 1, 1, 1, 1, 3, 2, 1, 1, 1, 1, 3, 1, 1, 1, 1, 1, 1, 1, 3, 1, 1, 1, 1, 1, 3, 1, 1, 1, 1, 1, 3, 1, 1, 1, 1, 1, 3, 1, 1, 3, 1, 1, 1, 3, 1, 1, 1, 1, 1, 1, 1, 3, 1, 1, 1, 1, 3, 1, 1, 1, 1, 1]
02/23/2023 13:16:27:INFO: 预测标签: 
 [2, 1, 1, 2, 1, 2, 2, 2, 3, 1, 2, 3, 2, 1, 2, 1, 2, 2, 1, 2, 2, 1, 3, 2, 3, 2, 1, 2, 2, 1, 3, 3, 3, 2, 1, 2, 3, 2, 2, 2, 1, 1, 2, 2, 3, 1, 3, 2, 2, 3, 3, 1, 1, 2, 2, 2, 3, 2, 2, 1, 2, 1, 1, 1, 3, 1, 2, 1, 2, 2, 2, 3, 2, 1, 1, 1, 3, 1, 2, 2, 2, 1]
02/23/2023 13:16:27:INFO: ---------Evaluated Metrics----------
02/23/2023 13:16:27:INFO: Accuracy: 0.4146341463414634.
02/23/2023 13:16:27:INFO: Macro Precision: 0.4838556505223172.
02/23/2023 13:16:27:INFO: Macro Recall: 0.6610105580693816.
02/23/2023 13:16:27:INFO: Macro F1 score: 0.3760133091349062.
02/23/2023 13:16:27:INFO: ---------confusion_matrix----------
02/23/2023 13:16:27:INFO: 
[[25 35  8]
 [ 0  1  0]
 [ 2  3  8]]
02/23/2023 13:16:27:INFO: 模型效果验证详情: {'位置第一个显示标签': 16, '其他位置有情感标签': 0, '全句没有情感标签': 0}.
02/23/2023 13:16:27:INFO: ----------------------Evaluate finished.------------------------
02/23/2023 13:16:27:INFO: --------------Epoch. 4.---------------
02/23/2023 13:16:30:INFO: [Epoch. 4.]: 100%|| 64/64 [00:03<00:00, 16.34it/s, avg_loss=0.204]
02/23/2023 13:16:30:INFO: Epoch 4, average loss: 0.20368920895271003
02/23/2023 13:16:30:INFO: --------------Evaluate on Epoch. 4.---------------
02/23/2023 13:16:30:INFO: tensor([28996, 28997, 28998], device='cuda:0')
02/23/2023 13:16:31:INFO: **********Results Comparison**********
02/23/2023 13:16:31:INFO: 真实标签: 
 [3, 1, 1, 1, 1, 1, 3, 1, 3, 1, 1, 1, 1, 1, 1, 1, 1, 1, 1, 1, 1, 1, 1, 1, 3, 2, 1, 1, 1, 1, 3, 1, 1, 1, 1, 1, 1, 1, 3, 1, 1, 1, 1, 1, 3, 1, 1, 1, 1, 1, 3, 1, 1, 1, 1, 1, 3, 1, 1, 3, 1, 1, 1, 3, 1, 1, 1, 1, 1, 1, 1, 3, 1, 1, 1, 1, 3, 1, 1, 1, 1, 1]
02/23/2023 13:16:31:INFO: 预测标签: 
 [2, 1, 1, 1, 1, 1, 3, 1, 3, 1, 1, 1, 2, 1, 1, 1, 1, 1, 1, 2, 1, 1, 3, 3, 1, 2, 1, 1, 1, 1, 3, 1, 1, 1, 1, 1, 1, 1, 3, 1, 1, 1, 1, 1, 3, 1, 3, 1, 1, 3, 3, 1, 1, 2, 1, 1, 3, 1, 1, 1, 1, 1, 1, 1, 1, 1, 1, 1, 1, 1, 2, 3, 1, 1, 1, 1, 3, 1, 2, 1, 1, 1]
02/23/2023 13:16:31:INFO: ---------Evaluated Metrics----------
02/23/2023 13:16:31:INFO: Accuracy: 0.8414634146341463.
02/23/2023 13:16:31:INFO: Macro Precision: 0.5955925794635472.
02/23/2023 13:16:31:INFO: Macro Recall: 0.8533182503770739.
02/23/2023 13:16:31:INFO: Macro F1 score: 0.6166666666666666.
02/23/2023 13:16:31:INFO: ---------confusion_matrix----------
02/23/2023 13:16:31:INFO: 
[[59  5  4]
 [ 0  1  0]
 [ 3  1  9]]
02/23/2023 13:16:31:INFO: 模型效果验证详情: {'位置第一个显示标签': 22, '其他位置有情感标签': 0, '全句没有情感标签': 0}.
02/23/2023 13:16:31:INFO: ----------------------Evaluate finished.------------------------
02/23/2023 13:16:31:INFO: --------------Epoch. 5.---------------
02/23/2023 13:16:35:INFO: [Epoch. 5.]: 100%|| 64/64 [00:03<00:00, 16.36it/s, avg_loss=0.112]
02/23/2023 13:16:35:INFO: Epoch 5, average loss: 0.11236537905642763
02/23/2023 13:16:35:INFO: --------------Evaluate on Epoch. 5.---------------
02/23/2023 13:16:35:INFO: tensor([28996, 28997, 28998], device='cuda:0')
02/23/2023 13:16:35:INFO: **********Results Comparison**********
02/23/2023 13:16:35:INFO: 真实标签: 
 [3, 1, 1, 1, 1, 1, 3, 1, 3, 1, 1, 1, 1, 1, 1, 1, 1, 1, 1, 1, 1, 1, 1, 1, 3, 2, 1, 1, 1, 1, 3, 1, 1, 1, 1, 1, 1, 1, 3, 1, 1, 1, 1, 1, 3, 1, 1, 1, 1, 1, 3, 1, 1, 1, 1, 1, 3, 1, 1, 3, 1, 1, 1, 3, 1, 1, 1, 1, 1, 1, 1, 3, 1, 1, 1, 1, 3, 1, 1, 1, 1, 1]
02/23/2023 13:16:35:INFO: 预测标签: 
 [2, 1, 1, 1, 1, 1, 3, 1, 3, 1, 1, 1, 2, 1, 1, 1, 1, 1, 1, 2, 2, 1, 3, 3, 1, 2, 1, 1, 1, 1, 3, 3, 1, 1, 1, 1, 1, 1, 2, 1, 1, 1, 1, 1, 3, 1, 3, 1, 1, 3, 3, 1, 1, 2, 1, 2, 3, 1, 1, 1, 1, 1, 1, 1, 1, 1, 1, 1, 1, 1, 2, 3, 1, 1, 1, 1, 3, 1, 2, 1, 1, 1]
02/23/2023 13:16:35:INFO: ---------Evaluated Metrics----------
02/23/2023 13:16:35:INFO: Accuracy: 0.7926829268292683.
02/23/2023 13:16:35:INFO: Macro Precision: 0.5548457192524989.
02/23/2023 13:16:35:INFO: Macro Recall: 0.8129713423831072.
02/23/2023 13:16:35:INFO: Macro F1 score: 0.5596975203274416.
02/23/2023 13:16:35:INFO: ---------confusion_matrix----------
02/23/2023 13:16:35:INFO: 
[[56  7  5]
 [ 0  1  0]
 [ 3  2  8]]
02/23/2023 13:16:35:INFO: 模型效果验证详情: {'位置第一个显示标签': 24, '其他位置有情感标签': 0, '全句没有情感标签': 0}.
02/23/2023 13:16:35:INFO: ----------------------Evaluate finished.------------------------
02/23/2023 13:16:35:INFO: --------------Epoch. 6.---------------
02/23/2023 13:16:39:INFO: [Epoch. 6.]: 100%|| 64/64 [00:03<00:00, 16.66it/s, avg_loss=0.0567]
02/23/2023 13:16:39:INFO: Epoch 6, average loss: 0.05674364819424227
02/23/2023 13:16:39:INFO: --------------Evaluate on Epoch. 6.---------------
02/23/2023 13:16:39:INFO: tensor([28996, 28997, 28998], device='cuda:0')
02/23/2023 13:16:39:INFO: **********Results Comparison**********
02/23/2023 13:16:39:INFO: 真实标签: 
 [3, 1, 1, 1, 1, 1, 3, 1, 3, 1, 1, 1, 1, 1, 1, 1, 1, 1, 1, 1, 1, 1, 1, 1, 3, 2, 1, 1, 1, 1, 3, 1, 1, 1, 1, 1, 1, 1, 3, 1, 1, 1, 1, 1, 3, 1, 1, 1, 1, 1, 3, 1, 1, 1, 1, 1, 3, 1, 1, 3, 1, 1, 1, 3, 1, 1, 1, 1, 1, 1, 1, 3, 1, 1, 1, 1, 3, 1, 1, 1, 1, 1]
02/23/2023 13:16:39:INFO: 预测标签: 
 [2, 1, 1, 1, 1, 1, 3, 1, 3, 1, 2, 1, 2, 1, 1, 1, 1, 1, 1, 2, 3, 1, 3, 3, 3, 2, 1, 1, 2, 1, 3, 3, 1, 1, 1, 1, 1, 1, 3, 1, 1, 1, 2, 2, 3, 1, 3, 1, 1, 3, 3, 1, 1, 2, 1, 2, 3, 1, 1, 3, 2, 3, 1, 1, 1, 1, 1, 1, 1, 2, 2, 3, 1, 1, 1, 1, 3, 1, 2, 3, 1, 1]
02/23/2023 13:16:39:INFO: ---------Evaluated Metrics----------
02/23/2023 13:16:39:INFO: Accuracy: 0.7317073170731707.
02/23/2023 13:16:39:INFO: Macro Precision: 0.5433225921947726.
02/23/2023 13:16:39:INFO: Macro Recall: 0.8506787330316743.
02/23/2023 13:16:39:INFO: Macro F1 score: 0.5471153846153847.
02/23/2023 13:16:39:INFO: ---------confusion_matrix----------
02/23/2023 13:16:39:INFO: 
[[48 12  8]
 [ 0  1  0]
 [ 1  1 11]]
02/23/2023 13:16:39:INFO: 模型效果验证详情: {'位置第一个显示标签': 31, '其他位置有情感标签': 0, '全句没有情感标签': 0}.
02/23/2023 13:16:39:INFO: ----------------------Evaluate finished.------------------------
02/23/2023 13:16:39:INFO: --------------Epoch. 7.---------------
02/23/2023 13:16:43:INFO: [Epoch. 7.]: 100%|| 64/64 [00:03<00:00, 16.68it/s, avg_loss=0.0378]
02/23/2023 13:16:43:INFO: Epoch 7, average loss: 0.037784919011755846
02/23/2023 13:16:43:INFO: --------------Evaluate on Epoch. 7.---------------
02/23/2023 13:16:43:INFO: tensor([28996, 28997, 28998], device='cuda:0')
02/23/2023 13:16:44:INFO: **********Results Comparison**********
02/23/2023 13:16:44:INFO: 真实标签: 
 [3, 1, 1, 1, 1, 1, 3, 1, 3, 1, 1, 1, 1, 1, 1, 1, 1, 1, 1, 1, 1, 1, 1, 1, 3, 2, 1, 1, 1, 1, 3, 1, 1, 1, 1, 1, 1, 1, 3, 1, 1, 1, 1, 1, 3, 1, 1, 1, 1, 1, 3, 1, 1, 1, 1, 1, 3, 1, 1, 3, 1, 1, 1, 3, 1, 1, 1, 1, 1, 1, 1, 3, 1, 1, 1, 1, 3, 1, 1, 1, 1, 1]
02/23/2023 13:16:44:INFO: 预测标签: 
 [1, 1, 1, 1, 1, 1, 3, 1, 3, 1, 1, 1, 2, 1, 1, 1, 1, 1, 1, 2, 3, 1, 3, 3, 3, 2, 1, 1, 1, 1, 3, 3, 1, 1, 1, 1, 1, 3, 3, 1, 1, 1, 1, 1, 3, 1, 3, 1, 1, 3, 3, 1, 1, 2, 1, 1, 3, 1, 1, 3, 1, 3, 1, 1, 1, 1, 1, 1, 1, 1, 2, 3, 1, 1, 1, 1, 3, 1, 1, 3, 1, 1]
02/23/2023 13:16:44:INFO: ---------Evaluated Metrics----------
02/23/2023 13:16:44:INFO: Accuracy: 0.8170731707317073.
02/23/2023 13:16:44:INFO: Macro Precision: 0.5716374269005848.
02/23/2023 13:16:44:INFO: Macro Recall: 0.8849924585218703.
02/23/2023 13:16:44:INFO: Macro F1 score: 0.6266666666666667.
02/23/2023 13:16:44:INFO: ---------confusion_matrix----------
02/23/2023 13:16:44:INFO: 
[[55  4  9]
 [ 0  1  0]
 [ 2  0 11]]
02/23/2023 13:16:44:INFO: 模型效果验证详情: {'位置第一个显示标签': 39, '其他位置有情感标签': 0, '全句没有情感标签': 0}.
02/23/2023 13:16:44:INFO: ----------------------Evaluate finished.------------------------
02/23/2023 13:16:44:INFO: --------------Epoch. 8.---------------
02/23/2023 13:16:47:INFO: [Epoch. 8.]: 100%|| 64/64 [00:03<00:00, 16.74it/s, avg_loss=0.0289]
02/23/2023 13:16:47:INFO: Epoch 8, average loss: 0.028879537458124105
02/23/2023 13:16:47:INFO: --------------Evaluate on Epoch. 8.---------------
02/23/2023 13:16:47:INFO: tensor([28996, 28997, 28998], device='cuda:0')
02/23/2023 13:16:48:INFO: **********Results Comparison**********
02/23/2023 13:16:48:INFO: 真实标签: 
 [3, 1, 1, 1, 1, 1, 3, 1, 3, 1, 1, 1, 1, 1, 1, 1, 1, 1, 1, 1, 1, 1, 1, 1, 3, 2, 1, 1, 1, 1, 3, 1, 1, 1, 1, 1, 1, 1, 3, 1, 1, 1, 1, 1, 3, 1, 1, 1, 1, 1, 3, 1, 1, 1, 1, 1, 3, 1, 1, 3, 1, 1, 1, 3, 1, 1, 1, 1, 1, 1, 1, 3, 1, 1, 1, 1, 3, 1, 1, 1, 1, 1]
02/23/2023 13:16:48:INFO: 预测标签: 
 [1, 1, 1, 1, 1, 1, 3, 1, 3, 1, 1, 1, 2, 1, 1, 1, 1, 1, 1, 2, 3, 1, 3, 3, 1, 2, 1, 1, 2, 1, 3, 3, 1, 1, 1, 1, 1, 1, 3, 1, 1, 1, 1, 1, 3, 1, 3, 1, 1, 3, 3, 1, 1, 2, 1, 1, 3, 1, 1, 3, 1, 3, 1, 1, 1, 1, 1, 1, 1, 1, 2, 3, 1, 1, 1, 1, 3, 1, 1, 3, 1, 1]
02/23/2023 13:16:48:INFO: ---------Evaluated Metrics----------
02/23/2023 13:16:48:INFO: Accuracy: 0.8048780487804879.
02/23/2023 13:16:48:INFO: Macro Precision: 0.5568326947637293.
02/23/2023 13:16:48:INFO: Macro Recall: 0.8593514328808447.
02/23/2023 13:16:48:INFO: Macro F1 score: 0.6012971496842464.
02/23/2023 13:16:48:INFO: ---------confusion_matrix----------
02/23/2023 13:16:48:INFO: 
[[55  5  8]
 [ 0  1  0]
 [ 3  0 10]]
02/23/2023 13:16:48:INFO: 模型效果验证详情: {'位置第一个显示标签': 39, '其他位置有情感标签': 0, '全句没有情感标签': 0}.
02/23/2023 13:16:48:INFO: ----------------------Evaluate finished.------------------------
02/23/2023 13:16:48:INFO: --------------Epoch. 9.---------------
02/23/2023 13:16:52:INFO: [Epoch. 9.]: 100%|| 64/64 [00:03<00:00, 16.72it/s, avg_loss=0.0221]
02/23/2023 13:16:52:INFO: Epoch 9, average loss: 0.022140149492770433
02/23/2023 13:16:52:INFO: --------------Evaluate on Epoch. 9.---------------
02/23/2023 13:16:52:INFO: tensor([28996, 28997, 28998], device='cuda:0')
02/23/2023 13:16:52:INFO: **********Results Comparison**********
02/23/2023 13:16:52:INFO: 真实标签: 
 [3, 1, 1, 1, 1, 1, 3, 1, 3, 1, 1, 1, 1, 1, 1, 1, 1, 1, 1, 1, 1, 1, 1, 1, 3, 2, 1, 1, 1, 1, 3, 1, 1, 1, 1, 1, 1, 1, 3, 1, 1, 1, 1, 1, 3, 1, 1, 1, 1, 1, 3, 1, 1, 1, 1, 1, 3, 1, 1, 3, 1, 1, 1, 3, 1, 1, 1, 1, 1, 1, 1, 3, 1, 1, 1, 1, 3, 1, 1, 1, 1, 1]
02/23/2023 13:16:52:INFO: 预测标签: 
 [2, 1, 1, 1, 1, 1, 3, 1, 3, 1, 1, 1, 2, 1, 1, 1, 1, 1, 1, 2, 3, 1, 3, 3, 1, 2, 1, 1, 2, 1, 3, 3, 1, 1, 1, 1, 1, 1, 3, 1, 1, 1, 2, 2, 3, 1, 3, 1, 1, 3, 3, 1, 1, 2, 1, 2, 3, 1, 1, 3, 2, 1, 1, 1, 1, 1, 1, 1, 1, 1, 2, 3, 1, 1, 1, 1, 3, 1, 1, 3, 1, 1]
02/23/2023 13:16:52:INFO: ---------Evaluated Metrics----------
02/23/2023 13:16:52:INFO: Accuracy: 0.7682926829268293.
02/23/2023 13:16:52:INFO: Macro Precision: 0.5473691159965669.
02/23/2023 13:16:52:INFO: Macro Recall: 0.8446455505279035.
02/23/2023 13:16:52:INFO: Macro F1 score: 0.5619307832422586.
02/23/2023 13:16:52:INFO: ---------confusion_matrix----------
02/23/2023 13:16:52:INFO: 
[[52  9  7]
 [ 0  1  0]
 [ 2  1 10]]
02/23/2023 13:16:52:INFO: 模型效果验证详情: {'位置第一个显示标签': 41, '其他位置有情感标签': 0, '全句没有情感标签': 0}.
02/23/2023 13:16:52:INFO: ----------------------Evaluate finished.------------------------
02/23/2023 13:16:52:INFO: --------------Epoch. 10.---------------
02/23/2023 13:16:56:INFO: [Epoch. 10.]: 100%|| 64/64 [00:03<00:00, 16.71it/s, avg_loss=0.02]
02/23/2023 13:16:56:INFO: Epoch 10, average loss: 0.019968001113738865
02/23/2023 13:16:56:INFO: --------------Evaluate on Epoch. 10.---------------
02/23/2023 13:16:56:INFO: tensor([28996, 28997, 28998], device='cuda:0')
02/23/2023 13:16:56:INFO: **********Results Comparison**********
02/23/2023 13:16:56:INFO: 真实标签: 
 [3, 1, 1, 1, 1, 1, 3, 1, 3, 1, 1, 1, 1, 1, 1, 1, 1, 1, 1, 1, 1, 1, 1, 1, 3, 2, 1, 1, 1, 1, 3, 1, 1, 1, 1, 1, 1, 1, 3, 1, 1, 1, 1, 1, 3, 1, 1, 1, 1, 1, 3, 1, 1, 1, 1, 1, 3, 1, 1, 3, 1, 1, 1, 3, 1, 1, 1, 1, 1, 1, 1, 3, 1, 1, 1, 1, 3, 1, 1, 1, 1, 1]
02/23/2023 13:16:56:INFO: 预测标签: 
 [2, 1, 1, 1, 1, 1, 3, 1, 3, 1, 1, 1, 2, 1, 1, 1, 1, 1, 1, 2, 3, 1, 3, 3, 3, 2, 1, 1, 2, 1, 3, 3, 1, 1, 1, 1, 1, 3, 3, 1, 1, 1, 1, 2, 3, 1, 3, 1, 1, 3, 3, 1, 1, 2, 1, 2, 3, 1, 1, 3, 1, 3, 1, 1, 1, 1, 1, 1, 1, 1, 2, 3, 1, 1, 1, 1, 3, 1, 1, 3, 1, 1]
02/23/2023 13:16:56:INFO: ---------Evaluated Metrics----------
02/23/2023 13:16:56:INFO: Accuracy: 0.7804878048780488.
02/23/2023 13:16:56:INFO: Macro Precision: 0.5474143955276031.
02/23/2023 13:16:56:INFO: Macro Recall: 0.8702865761689291.
02/23/2023 13:16:56:INFO: Macro F1 score: 0.5753902662993572.
02/23/2023 13:16:56:INFO: ---------confusion_matrix----------
02/23/2023 13:16:56:INFO: 
[[52  7  9]
 [ 0  1  0]
 [ 1  1 11]]
02/23/2023 13:16:56:INFO: 模型效果验证详情: {'位置第一个显示标签': 32, '其他位置有情感标签': 0, '全句没有情感标签': 0}.
02/23/2023 13:16:56:INFO: ----------------------Evaluate finished.------------------------
02/23/2023 13:16:56:INFO: Based on [5.th Epoch] best_accuracy: 0.8414634146341463.
02/23/2023 13:16:56:INFO: latest 5 epochs not seen performance increased, early stop.
02/23/2023 13:16:56:INFO: ********** Best Results on Dev Dataset **********
02/23/2023 13:16:56:INFO: Best Accuracy: 0.8414634146341463.
02/23/2023 13:16:56:INFO: Best Macro Precision: 0.5716374269005848.
02/23/2023 13:16:56:INFO: Best Macro Recall: 0.8849924585218703.
02/23/2023 13:16:56:INFO: Best Macro F1 score: 0.6266666666666667.
02/23/2023 13:16:56:INFO: ***** Training Over *****
02/23/2023 13:16:56:INFO: --------------Testing ...---------------
02/23/2023 13:16:56:INFO: tensor([28996, 28997, 28998], device='cuda:0')
02/23/2023 13:16:58:INFO: **********Results Comparison**********
02/23/2023 13:16:58:INFO: 真实标签: 
 [1, 1, 1, 1, 3, 3, 1, 1, 1, 1, 1, 1, 1, 1, 1, 3, 1, 1, 1, 1, 1, 3, 3, 1, 1, 1, 2, 1, 1, 1, 1, 1, 1, 1, 1, 1, 1, 1, 1, 2, 2, 3, 3, 1, 1, 1, 1, 1, 1, 3, 3, 3, 1, 2, 3, 3, 3, 3, 3, 1, 3, 1, 1, 1, 1, 1, 1, 1, 1, 1, 3, 3, 3, 3, 3, 3, 1, 1, 1, 1, 1, 1, 1, 3, 2, 1, 1, 1, 1, 1, 1, 1, 1, 1, 1, 1, 3, 3, 1, 1, 1, 1, 1, 1, 1, 1, 1, 1, 1, 1, 1, 1, 1, 1, 1, 1, 3, 2, 3, 3, 3, 3, 1, 3, 1, 1, 1, 3, 2, 1, 1, 1, 1, 2, 1, 3, 1, 1, 1, 1, 1, 1, 1, 1, 1, 1, 1, 1, 1, 1, 1, 1, 3, 1, 3, 1, 3, 3, 1, 3, 1, 1, 1, 1, 1, 1, 1, 1, 1, 1, 1, 1, 3, 1, 1, 3, 1, 1, 1, 1, 3, 3, 3, 3, 3, 1, 1, 1, 1, 1, 1, 1, 1, 3, 1, 3, 1, 1, 3, 1, 1, 1, 1, 1, 1, 1, 1, 1, 3, 1, 1, 2, 1, 2, 1, 3, 3, 2, 1, 2, 3, 3, 3, 3, 3, 2, 1, 1, 3, 3, 3, 3, 3, 3, 3, 3, 3, 2, 3, 3, 1, 2, 3, 1, 1, 1, 1, 3, 1, 1, 2, 1, 3, 1, 1, 3, 1, 1, 3, 3, 3, 3, 3, 1, 1, 1, 1, 2, 3, 3, 3, 3, 2, 3, 3, 1, 1, 1, 1, 2, 1, 1, 1, 1, 1, 1, 1, 1, 1, 1, 2, 1, 1, 1, 1, 3, 3, 1, 2, 1, 1, 1, 1, 2, 1, 1, 1, 1, 3, 3, 3, 3, 3, 1, 1, 1, 1, 1, 1, 2, 1, 1, 3, 1, 1, 1, 3, 3, 3, 3, 3, 3, 3, 3, 1, 3, 1, 1, 1, 3, 1, 3, 3, 1, 2, 3, 1, 1, 1, 1, 3, 1, 1, 1, 3, 3, 3, 3, 3, 3, 1, 1, 3, 3, 1, 1, 1, 1, 1, 1, 1, 1, 1, 1, 1, 1, 3, 3, 3, 3, 3, 2, 3, 3, 3, 1, 3, 3, 3, 3, 3, 3, 1, 1, 1, 3, 3, 3, 3, 3]
02/23/2023 13:16:58:INFO: 预测标签: 
 [2, 1, 1, 1, 3, 1, 1, 1, 1, 1, 2, 1, 1, 1, 1, 1, 3, 1, 1, 1, 3, 2, 2, 1, 3, 1, 3, 3, 1, 1, 1, 2, 1, 1, 1, 1, 1, 1, 3, 2, 1, 3, 3, 1, 1, 2, 1, 2, 3, 1, 3, 3, 1, 1, 1, 2, 3, 3, 2, 1, 3, 1, 2, 1, 1, 3, 1, 1, 1, 1, 1, 3, 1, 3, 3, 3, 1, 2, 1, 1, 2, 1, 1, 2, 2, 1, 1, 1, 1, 1, 1, 1, 1, 1, 2, 1, 3, 3, 2, 2, 2, 1, 1, 1, 1, 1, 2, 1, 1, 1, 1, 2, 1, 1, 2, 2, 3, 1, 1, 3, 3, 3, 1, 3, 1, 1, 1, 3, 3, 1, 2, 2, 1, 2, 1, 3, 2, 1, 2, 1, 1, 1, 2, 1, 1, 1, 1, 1, 1, 2, 1, 3, 3, 1, 3, 1, 3, 3, 3, 3, 1, 1, 1, 1, 1, 1, 2, 1, 1, 1, 1, 1, 1, 1, 1, 3, 3, 1, 2, 1, 3, 3, 3, 3, 1, 1, 1, 3, 1, 1, 1, 1, 1, 3, 1, 1, 1, 2, 3, 1, 1, 3, 1, 1, 1, 1, 1, 1, 1, 1, 1, 3, 3, 2, 2, 3, 3, 2, 1, 2, 3, 3, 2, 1, 1, 3, 1, 1, 3, 3, 3, 3, 3, 1, 1, 3, 3, 3, 3, 3, 1, 2, 1, 1, 1, 1, 1, 2, 1, 1, 1, 2, 2, 1, 2, 1, 1, 2, 3, 3, 3, 3, 3, 1, 1, 1, 1, 1, 3, 3, 3, 3, 1, 3, 3, 1, 1, 1, 1, 1, 2, 3, 2, 1, 1, 1, 3, 1, 1, 1, 1, 1, 1, 1, 1, 3, 3, 2, 3, 1, 1, 1, 1, 1, 1, 1, 1, 1, 3, 1, 3, 2, 3, 2, 1, 1, 2, 1, 2, 3, 3, 1, 3, 3, 1, 1, 3, 3, 3, 1, 1, 3, 2, 3, 3, 1, 3, 1, 2, 3, 1, 1, 1, 1, 1, 1, 1, 2, 1, 2, 3, 1, 1, 1, 3, 3, 3, 3, 1, 1, 3, 1, 3, 3, 1, 2, 1, 1, 2, 1, 1, 1, 1, 2, 1, 1, 2, 3, 3, 3, 3, 1, 3, 3, 3, 2, 3, 3, 3, 3, 3, 2, 1, 1, 1, 3, 3, 2, 2, 1]
02/23/2023 13:16:58:INFO: ---------Evaluated Metrics----------
02/23/2023 13:16:58:INFO: Accuracy: 0.6975.
02/23/2023 13:16:58:INFO: Macro Precision: 0.5692048692048691.
02/23/2023 13:16:58:INFO: Macro Recall: 0.5709748467025404.
02/23/2023 13:16:58:INFO: Macro F1 score: 0.556460039774834.
02/23/2023 13:16:58:INFO: ---------confusion_matrix----------
02/23/2023 13:16:58:INFO: 
[[182  42  20]
 [ 11   7   7]
 [ 27  14  90]]
02/23/2023 13:16:58:INFO: 模型效果验证详情: {'位置第一个显示标签': 180, '其他位置有情感标签': 0, '全句没有情感标签': 0}.
02/23/2023 13:16:58:INFO: ----------------------Testing finished.------------------------
02/23/2023 13:16:58:INFO: bengio.
