02/23/2023 12:18:01:INFO: start.
02/23/2023 12:18:01:INFO: --------hyper-arguments for this training.--------
02/23/2023 12:18:01:INFO: Namespace(answer_strategy='inter_logits_core_token', batch_size=2, dataset='ACLShortData', eval_pre_epochs=1, few_shot=5, learning_rate=1e-05, log_file=None, model_type='WT2ABSA_Mean', patience=5, pre_trained_model='pretrainedmodels/bert-base-cased', save_best_model=False, seed=985, total_epochs=20)
02/23/2023 12:18:01:INFO: ----------dataset files------------
02/23/2023 12:18:01:INFO: {'train': '../WordTrans2ABSA/dataset/ACLShortData/train.json', 'dev': '../WordTrans2ABSA/dataset/ACLShortData/dev.json', 'test': '../WordTrans2ABSA/dataset/ACLShortData/test.json'}
02/23/2023 12:18:04:WARNING: Using custom data configuration default-101c1e487c2bc74b
02/23/2023 12:18:04:WARNING: Reusing dataset json (C:\Users\Super-IdoI\.cache\huggingface\datasets\json\default-101c1e487c2bc74b\0.0.0\45636811569ec4a6630521c18235dfbbab83b7ab572e3393c5ba68ccabe98264)
02/23/2023 12:18:04:INFO: -----------------------------------
02/23/2023 12:18:04:INFO: {'I-POS': ['good', 'clever', 'excellent', 'effectual', 'beautiful', 'nice', 'useful', 'well', 'fantastic'], 'I-NEU': ['Michael', 'John', 'David', 'Thomas', 'Martin', 'Paul'], 'I-NEG': ['bad', 'terrible', 'awful', 'badly', 'terrible', 'poor', 'unfortunate', 'harmful', 'dirty', 'sorry']}
02/23/2023 12:18:04:INFO: -----------------------------------
02/23/2023 12:18:04:INFO: {'O': 0, 'I-POS': 1, 'I-NEU': 2, 'I-NEG': 3}
02/23/2023 12:18:04:INFO: {0: 'O', 1: 'I-POS', 2: 'I-NEU', 3: 'I-NEG'}
02/23/2023 12:18:06:INFO: -----------------------------------
02/23/2023 12:18:06:INFO: {'I-POS': 28996, 'I-NEU': 28997, 'I-NEG': 28998}
02/23/2023 12:18:06:INFO: {28996: 'I-POS', 28997: 'I-NEU', 28998: 'I-NEG'}
02/23/2023 12:18:06:INFO: start preprocess dataset.
02/23/2023 12:18:07:INFO: dataset preprocess finished.
02/23/2023 12:18:07:INFO: Train: 15, Dev: 625, Test: 692.
02/23/2023 12:18:07:INFO: dataloader prepare finished.
02/23/2023 12:18:07:INFO: ***** Start Training *****
02/23/2023 12:18:07:INFO: Total Epochs: 20
02/23/2023 12:18:07:INFO: validate on per-1 epochs.
02/23/2023 12:18:07:INFO: Training Samples Count: 15.
02/23/2023 12:18:07:INFO: Batch Size: 2, 每轮 8 Batch.
02/23/2023 12:18:07:INFO: Learning Rate: 1e-05
02/23/2023 12:18:07:INFO: --------------Epoch. 1.---------------
02/23/2023 12:18:08:INFO: [Epoch. 1.]: 100%|| 8/8 [00:00<00:00, 12.64it/s, avg_loss=1.74]
02/23/2023 12:18:08:INFO: Epoch 1, average loss: 1.7438924312591553
02/23/2023 12:18:08:INFO: --------------Evaluate on Epoch. 1.---------------
02/23/2023 12:18:08:INFO: tensor([28996, 28997, 28998], device='cuda:0')
02/23/2023 12:18:11:INFO: **********Results Comparison**********
02/23/2023 12:18:11:INFO: 真实标签: 
 [2, 1, 3, 1, 2, 1, 3, 2, 3, 1, 1, 3, 1, 1, 3, 1, 2, 1, 1, 2, 2, 3, 2, 1, 2, 2, 2, 2, 3, 1, 2, 2, 2, 2, 2, 2, 2, 1, 2, 1, 1, 2, 2, 2, 3, 2, 2, 3, 2, 2, 3, 3, 3, 3, 3, 2, 2, 1, 2, 3, 1, 2, 3, 1, 1, 3, 3, 1, 2, 3, 2, 2, 2, 1, 3, 2, 1, 1, 2, 1, 3, 1, 2, 1, 1, 2, 3, 3, 1, 2, 2, 2, 3, 2, 3, 2, 1, 2, 1, 1, 1, 2, 1, 2, 3, 1, 1, 2, 2, 3, 3, 2, 3, 2, 3, 2, 2, 2, 1, 2, 2, 3, 2, 2, 3, 2, 3, 3, 2, 1, 2, 3, 1, 1, 1, 2, 3, 3, 1, 2, 1, 1, 3, 2, 2, 3, 3, 2, 2, 2, 1, 2, 2, 1, 2, 1, 1, 1, 2, 3, 2, 1, 1, 3, 2, 2, 1, 2, 3, 1, 3, 2, 3, 2, 2, 2, 2, 3, 1, 2, 2, 3, 1, 2, 3, 3, 3, 3, 2, 3, 3, 2, 1, 3, 3, 1, 2, 2, 3, 1, 1, 3, 3, 2, 2, 3, 2, 1, 3, 1, 1, 3, 1, 2, 2, 3, 2, 3, 1, 1, 2, 2, 3, 3, 1, 2, 2, 1, 2, 1, 3, 2, 1, 3, 3, 2, 1, 1, 2, 3, 2, 2, 2, 2, 1, 3, 3, 2, 3, 3, 1, 2, 3, 2, 1, 3, 2, 2, 1, 2, 2, 1, 3, 2, 2, 2, 1, 2, 2, 2, 3, 2, 3, 3, 2, 2, 2, 3, 2, 2, 3, 3, 3, 1, 2, 1, 2, 3, 2, 2, 1, 2, 3, 3, 3, 2, 1, 2, 3, 3, 1, 3, 3, 1, 2, 2, 3, 3, 1, 2, 1, 3, 2, 2, 1, 3, 2, 1, 2, 2, 3, 2, 3, 2, 3, 2, 3, 3, 1, 1, 1, 2, 2, 1, 2, 1, 3, 3, 3, 3, 1, 2, 3, 2, 2, 2, 1, 3, 2, 3, 2, 1, 2, 2, 1, 2, 2, 3, 1, 3, 2, 2, 3, 1, 2, 2, 3, 2, 3, 2, 2, 2, 2, 1, 2, 1, 2, 1, 1, 2, 2, 1, 3, 3, 2, 2, 2, 2, 3, 3, 2, 2, 1, 2, 2, 2, 2, 2, 3, 3, 1, 1, 2, 2, 2, 3, 2, 1, 2, 2, 1, 2, 2, 3, 3, 2, 3, 2, 1, 3, 1, 2, 1, 1, 3, 2, 1, 2, 1, 2, 1, 2, 2, 2, 2, 2, 2, 3, 2, 3, 3, 2, 1, 2, 3, 2, 3, 3, 2, 2, 2, 2, 3, 1, 2, 3, 1, 2, 2, 2, 2, 3, 2, 3, 2, 1, 1, 2, 3, 1, 3, 2, 1, 2, 3, 2, 2, 2, 1, 3, 1, 1, 1, 2, 3, 1, 3, 1, 3, 3, 2, 2, 3, 1, 3, 2, 1, 3, 3, 2, 2, 3, 2, 2, 2, 2, 2, 1, 2, 2, 2, 2, 2, 2, 2, 3, 2, 2, 1, 2, 3, 3, 1, 3, 3, 3, 3, 2, 2, 2, 2, 1, 3, 2, 3, 2, 2, 2, 3, 2, 3, 3, 3, 2, 3, 1, 2, 3, 3, 1, 2, 3, 2, 1, 2, 1, 2, 1, 3, 3, 3, 1, 1, 2, 2, 2, 2, 2, 2, 2, 2, 1, 3, 2, 1, 1, 2, 2, 2, 2, 3, 1, 2, 1, 2, 2, 1, 3, 1, 2, 1, 2, 2, 1, 3, 2, 1, 2, 2, 2, 2, 1, 3, 1, 2, 1, 2, 1, 2, 2, 1, 3, 2, 2, 3, 2, 3, 1, 2, 2, 1, 1, 3, 2, 3]
02/23/2023 12:18:11:INFO: 预测标签: 
 [1, 1, 1, 1, 1, 1, 2, 1, 1, 1, 1, 1, 1, 1, 3, 1, 1, 1, 1, 3, 1, 1, 1, 2, 1, 2, 1, 2, 3, 1, 1, 1, 1, 1, 2, 1, 1, 2, 1, 1, 2, 1, 2, 1, 1, 3, 1, 2, 1, 2, 1, 1, 2, 1, 1, 1, 1, 1, 3, 1, 1, 2, 1, 2, 1, 3, 2, 1, 1, 1, 1, 1, 1, 1, 1, 2, 1, 3, 2, 3, 1, 1, 1, 1, 1, 2, 3, 1, 3, 1, 1, 1, 2, 1, 1, 1, 1, 1, 1, 1, 2, 1, 3, 1, 1, 1, 1, 1, 1, 1, 1, 1, 2, 2, 2, 2, 1, 1, 1, 3, 2, 2, 1, 1, 3, 2, 1, 2, 1, 2, 1, 2, 1, 2, 1, 1, 1, 1, 1, 1, 2, 1, 3, 1, 2, 3, 1, 2, 2, 1, 1, 1, 3, 2, 1, 1, 1, 1, 1, 3, 2, 2, 1, 2, 1, 1, 1, 1, 2, 1, 3, 1, 1, 2, 3, 2, 1, 1, 2, 2, 1, 1, 2, 1, 1, 2, 3, 1, 1, 1, 1, 1, 1, 1, 2, 3, 1, 1, 2, 1, 1, 3, 1, 2, 2, 2, 1, 1, 1, 1, 1, 1, 2, 1, 1, 1, 1, 1, 2, 1, 3, 1, 3, 2, 2, 1, 3, 2, 1, 1, 3, 2, 1, 2, 3, 2, 1, 1, 1, 2, 2, 2, 1, 2, 2, 1, 2, 1, 2, 2, 2, 2, 2, 1, 1, 1, 1, 2, 1, 1, 2, 1, 2, 2, 1, 1, 2, 1, 1, 3, 1, 1, 1, 3, 3, 1, 1, 2, 1, 1, 1, 3, 3, 1, 1, 1, 3, 3, 1, 1, 1, 2, 1, 1, 3, 2, 2, 3, 3, 1, 1, 3, 1, 1, 1, 2, 2, 1, 2, 3, 2, 1, 1, 1, 1, 3, 3, 1, 3, 2, 1, 2, 2, 1, 2, 1, 1, 2, 2, 1, 1, 2, 1, 2, 2, 1, 3, 2, 2, 1, 1, 2, 1, 1, 1, 1, 1, 1, 2, 1, 2, 1, 1, 1, 2, 2, 1, 2, 1, 2, 3, 1, 1, 1, 1, 2, 3, 2, 1, 1, 2, 2, 1, 1, 1, 1, 1, 1, 2, 2, 1, 2, 3, 2, 1, 3, 1, 2, 2, 3, 1, 1, 1, 1, 2, 1, 1, 1, 2, 2, 2, 1, 2, 1, 1, 2, 1, 1, 1, 1, 1, 1, 2, 1, 3, 1, 2, 2, 2, 2, 1, 2, 2, 3, 2, 2, 1, 1, 1, 2, 1, 1, 1, 1, 1, 1, 1, 1, 1, 2, 3, 2, 2, 3, 3, 1, 1, 1, 1, 1, 1, 1, 1, 1, 2, 1, 1, 1, 2, 2, 1, 3, 2, 2, 1, 1, 1, 3, 3, 2, 1, 3, 1, 1, 2, 3, 3, 1, 1, 1, 2, 1, 1, 2, 1, 2, 1, 1, 1, 3, 3, 2, 2, 2, 3, 2, 1, 1, 1, 2, 3, 2, 3, 1, 2, 1, 2, 1, 3, 1, 1, 2, 1, 1, 1, 3, 1, 1, 1, 2, 2, 1, 2, 1, 1, 1, 3, 2, 2, 1, 3, 1, 2, 1, 2, 2, 1, 3, 2, 1, 1, 1, 1, 1, 1, 1, 1, 3, 3, 2, 2, 2, 3, 1, 1, 1, 1, 1, 1, 1, 1, 1, 1, 2, 1, 1, 1, 3, 2, 3, 1, 1, 2, 3, 1, 1, 1, 1, 2, 3, 1, 1, 2, 1, 1, 1, 1, 3, 2, 1, 1, 1, 3, 1, 3, 1, 1, 1, 1, 2, 1, 1, 1, 1, 2, 1, 1, 1, 1, 2, 2, 3, 1, 1, 1, 2, 1, 1, 3, 1, 2, 1, 1, 3, 1]
02/23/2023 12:18:11:INFO: ---------Evaluated Metrics----------
02/23/2023 12:18:11:INFO: Accuracy: 0.3712.
02/23/2023 12:18:11:INFO: Macro Precision: 0.4182693165237927.
02/23/2023 12:18:11:INFO: Macro Recall: 0.40357050967471997.
02/23/2023 12:18:11:INFO: Macro F1 score: 0.3595470362956185.
02/23/2023 12:18:11:INFO: ---------confusion_matrix----------
02/23/2023 12:18:11:INFO: 
[[112  40   6]
 [174  80  36]
 [ 85  52  40]]
02/23/2023 12:18:11:INFO: 模型效果验证详情: {'位置第一个显示标签': 0, '其他位置有情感标签': 0, '全句没有情感标签': 0}.
02/23/2023 12:18:11:INFO: ----------------------Evaluate finished.------------------------
02/23/2023 12:18:11:INFO: --------------Epoch. 2.---------------
02/23/2023 12:18:11:INFO: [Epoch. 2.]: 100%|| 8/8 [00:00<00:00, 17.04it/s, avg_loss=1.21]
02/23/2023 12:18:11:INFO: Epoch 2, average loss: 1.2071708962321281
02/23/2023 12:18:11:INFO: --------------Evaluate on Epoch. 2.---------------
02/23/2023 12:18:11:INFO: tensor([28996, 28997, 28998], device='cuda:0')
02/23/2023 12:18:14:INFO: **********Results Comparison**********
02/23/2023 12:18:14:INFO: 真实标签: 
 [2, 1, 3, 1, 2, 1, 3, 2, 3, 1, 1, 3, 1, 1, 3, 1, 2, 1, 1, 2, 2, 3, 2, 1, 2, 2, 2, 2, 3, 1, 2, 2, 2, 2, 2, 2, 2, 1, 2, 1, 1, 2, 2, 2, 3, 2, 2, 3, 2, 2, 3, 3, 3, 3, 3, 2, 2, 1, 2, 3, 1, 2, 3, 1, 1, 3, 3, 1, 2, 3, 2, 2, 2, 1, 3, 2, 1, 1, 2, 1, 3, 1, 2, 1, 1, 2, 3, 3, 1, 2, 2, 2, 3, 2, 3, 2, 1, 2, 1, 1, 1, 2, 1, 2, 3, 1, 1, 2, 2, 3, 3, 2, 3, 2, 3, 2, 2, 2, 1, 2, 2, 3, 2, 2, 3, 2, 3, 3, 2, 1, 2, 3, 1, 1, 1, 2, 3, 3, 1, 2, 1, 1, 3, 2, 2, 3, 3, 2, 2, 2, 1, 2, 2, 1, 2, 1, 1, 1, 2, 3, 2, 1, 1, 3, 2, 2, 1, 2, 3, 1, 3, 2, 3, 2, 2, 2, 2, 3, 1, 2, 2, 3, 1, 2, 3, 3, 3, 3, 2, 3, 3, 2, 1, 3, 3, 1, 2, 2, 3, 1, 1, 3, 3, 2, 2, 3, 2, 1, 3, 1, 1, 3, 1, 2, 2, 3, 2, 3, 1, 1, 2, 2, 3, 3, 1, 2, 2, 1, 2, 1, 3, 2, 1, 3, 3, 2, 1, 1, 2, 3, 2, 2, 2, 2, 1, 3, 3, 2, 3, 3, 1, 2, 3, 2, 1, 3, 2, 2, 1, 2, 2, 1, 3, 2, 2, 2, 1, 2, 2, 2, 3, 2, 3, 3, 2, 2, 2, 3, 2, 2, 3, 3, 3, 1, 2, 1, 2, 3, 2, 2, 1, 2, 3, 3, 3, 2, 1, 2, 3, 3, 1, 3, 3, 1, 2, 2, 3, 3, 1, 2, 1, 3, 2, 2, 1, 3, 2, 1, 2, 2, 3, 2, 3, 2, 3, 2, 3, 3, 1, 1, 1, 2, 2, 1, 2, 1, 3, 3, 3, 3, 1, 2, 3, 2, 2, 2, 1, 3, 2, 3, 2, 1, 2, 2, 1, 2, 2, 3, 1, 3, 2, 2, 3, 1, 2, 2, 3, 2, 3, 2, 2, 2, 2, 1, 2, 1, 2, 1, 1, 2, 2, 1, 3, 3, 2, 2, 2, 2, 3, 3, 2, 2, 1, 2, 2, 2, 2, 2, 3, 3, 1, 1, 2, 2, 2, 3, 2, 1, 2, 2, 1, 2, 2, 3, 3, 2, 3, 2, 1, 3, 1, 2, 1, 1, 3, 2, 1, 2, 1, 2, 1, 2, 2, 2, 2, 2, 2, 3, 2, 3, 3, 2, 1, 2, 3, 2, 3, 3, 2, 2, 2, 2, 3, 1, 2, 3, 1, 2, 2, 2, 2, 3, 2, 3, 2, 1, 1, 2, 3, 1, 3, 2, 1, 2, 3, 2, 2, 2, 1, 3, 1, 1, 1, 2, 3, 1, 3, 1, 3, 3, 2, 2, 3, 1, 3, 2, 1, 3, 3, 2, 2, 3, 2, 2, 2, 2, 2, 1, 2, 2, 2, 2, 2, 2, 2, 3, 2, 2, 1, 2, 3, 3, 1, 3, 3, 3, 3, 2, 2, 2, 2, 1, 3, 2, 3, 2, 2, 2, 3, 2, 3, 3, 3, 2, 3, 1, 2, 3, 3, 1, 2, 3, 2, 1, 2, 1, 2, 1, 3, 3, 3, 1, 1, 2, 2, 2, 2, 2, 2, 2, 2, 1, 3, 2, 1, 1, 2, 2, 2, 2, 3, 1, 2, 1, 2, 2, 1, 3, 1, 2, 1, 2, 2, 1, 3, 2, 1, 2, 2, 2, 2, 1, 3, 1, 2, 1, 2, 1, 2, 2, 1, 3, 2, 2, 3, 2, 3, 1, 2, 2, 1, 1, 3, 2, 3]
02/23/2023 12:18:14:INFO: 预测标签: 
 [1, 1, 1, 1, 1, 1, 2, 1, 1, 1, 1, 1, 1, 1, 3, 1, 1, 1, 1, 3, 1, 1, 1, 1, 1, 2, 1, 1, 3, 1, 1, 1, 1, 1, 2, 1, 3, 2, 1, 1, 2, 1, 2, 3, 1, 3, 1, 1, 1, 2, 1, 1, 1, 1, 1, 1, 1, 1, 3, 1, 1, 2, 1, 1, 1, 3, 1, 1, 1, 1, 1, 1, 1, 1, 1, 2, 1, 3, 2, 3, 3, 1, 1, 1, 1, 1, 3, 1, 3, 1, 1, 3, 2, 1, 1, 1, 1, 3, 1, 1, 2, 1, 3, 1, 1, 1, 1, 3, 1, 3, 3, 1, 2, 2, 2, 1, 1, 1, 1, 3, 1, 2, 3, 1, 3, 2, 3, 2, 1, 2, 1, 1, 1, 2, 1, 3, 1, 1, 1, 1, 2, 1, 3, 1, 2, 3, 1, 1, 2, 3, 3, 3, 3, 2, 3, 1, 1, 1, 1, 3, 2, 2, 1, 2, 1, 1, 1, 1, 2, 1, 3, 1, 1, 2, 3, 2, 1, 1, 2, 2, 1, 1, 1, 1, 1, 1, 3, 1, 1, 1, 1, 1, 1, 1, 2, 3, 1, 1, 2, 1, 1, 3, 1, 1, 2, 3, 1, 1, 1, 1, 1, 1, 2, 1, 1, 1, 1, 1, 2, 1, 3, 1, 3, 1, 2, 1, 3, 2, 1, 3, 3, 2, 1, 1, 3, 2, 1, 1, 1, 3, 2, 1, 1, 1, 2, 3, 2, 1, 1, 1, 1, 1, 1, 1, 1, 1, 1, 2, 1, 1, 1, 1, 2, 2, 1, 1, 1, 1, 1, 3, 1, 1, 1, 3, 3, 1, 1, 1, 1, 1, 1, 3, 3, 1, 1, 1, 3, 3, 1, 1, 1, 3, 1, 1, 3, 2, 2, 3, 3, 1, 1, 3, 1, 1, 1, 2, 2, 1, 2, 3, 2, 1, 1, 1, 1, 3, 3, 1, 3, 1, 1, 1, 2, 1, 2, 3, 1, 1, 2, 1, 1, 2, 1, 1, 2, 3, 3, 2, 2, 1, 1, 2, 1, 1, 1, 3, 1, 3, 2, 3, 2, 1, 3, 1, 1, 2, 1, 2, 3, 2, 3, 1, 1, 1, 3, 2, 3, 2, 1, 1, 2, 1, 1, 1, 1, 1, 1, 1, 1, 2, 1, 2, 3, 2, 1, 3, 1, 2, 3, 3, 1, 1, 1, 1, 2, 1, 1, 1, 2, 2, 2, 1, 1, 1, 2, 2, 1, 1, 1, 1, 1, 1, 2, 1, 3, 1, 1, 2, 2, 1, 1, 2, 2, 3, 3, 2, 1, 3, 1, 1, 1, 1, 1, 1, 1, 1, 1, 1, 1, 2, 3, 2, 1, 3, 3, 1, 1, 1, 1, 1, 1, 1, 1, 1, 1, 1, 1, 1, 1, 1, 1, 3, 1, 1, 1, 1, 1, 3, 3, 2, 1, 3, 1, 1, 1, 3, 3, 1, 1, 1, 1, 1, 1, 2, 1, 1, 1, 1, 1, 3, 3, 2, 2, 1, 3, 2, 1, 3, 3, 2, 3, 2, 3, 1, 2, 1, 1, 1, 3, 1, 1, 2, 1, 1, 1, 3, 1, 1, 1, 1, 2, 1, 2, 1, 1, 3, 3, 1, 2, 1, 3, 1, 1, 1, 2, 2, 3, 3, 2, 1, 1, 1, 1, 1, 3, 1, 1, 3, 3, 1, 2, 1, 3, 1, 1, 1, 1, 1, 1, 1, 1, 1, 1, 1, 1, 3, 3, 3, 2, 3, 1, 1, 2, 3, 1, 1, 1, 1, 2, 3, 1, 1, 1, 1, 1, 1, 1, 3, 2, 1, 1, 1, 3, 1, 3, 1, 1, 1, 3, 2, 1, 1, 1, 1, 2, 1, 1, 1, 1, 1, 2, 3, 1, 1, 1, 1, 1, 1, 3, 1, 2, 1, 1, 3, 1]
02/23/2023 12:18:14:INFO: ---------Evaluated Metrics----------
02/23/2023 12:18:14:INFO: Accuracy: 0.368.
02/23/2023 12:18:14:INFO: Macro Precision: 0.41630666058146976.
02/23/2023 12:18:14:INFO: Macro Recall: 0.420921381546229.
02/23/2023 12:18:14:INFO: Macro F1 score: 0.35921855065864006.
02/23/2023 12:18:14:INFO: ---------confusion_matrix----------
02/23/2023 12:18:14:INFO: 
[[121  27  10]
 [180  54  56]
 [ 92  30  55]]
02/23/2023 12:18:14:INFO: 模型效果验证详情: {'位置第一个显示标签': 0, '其他位置有情感标签': 0, '全句没有情感标签': 0}.
02/23/2023 12:18:14:INFO: ----------------------Evaluate finished.------------------------
02/23/2023 12:18:14:INFO: --------------Epoch. 3.---------------
02/23/2023 12:18:15:INFO: [Epoch. 3.]: 100%|| 8/8 [00:00<00:00, 17.10it/s, avg_loss=0.978]
02/23/2023 12:18:15:INFO: Epoch 3, average loss: 0.9781690761446953
02/23/2023 12:18:15:INFO: --------------Evaluate on Epoch. 3.---------------
02/23/2023 12:18:15:INFO: tensor([28996, 28997, 28998], device='cuda:0')
02/23/2023 12:18:18:INFO: **********Results Comparison**********
02/23/2023 12:18:18:INFO: 真实标签: 
 [2, 1, 3, 1, 2, 1, 3, 2, 3, 1, 1, 3, 1, 1, 3, 1, 2, 1, 1, 2, 2, 3, 2, 1, 2, 2, 2, 2, 3, 1, 2, 2, 2, 2, 2, 2, 2, 1, 2, 1, 1, 2, 2, 2, 3, 2, 2, 3, 2, 2, 3, 3, 3, 3, 3, 2, 2, 1, 2, 3, 1, 2, 3, 1, 1, 3, 3, 1, 2, 3, 2, 2, 2, 1, 3, 2, 1, 1, 2, 1, 3, 1, 2, 1, 1, 2, 3, 3, 1, 2, 2, 2, 3, 2, 3, 2, 1, 2, 1, 1, 1, 2, 1, 2, 3, 1, 1, 2, 2, 3, 3, 2, 3, 2, 3, 2, 2, 2, 1, 2, 2, 3, 2, 2, 3, 2, 3, 3, 2, 1, 2, 3, 1, 1, 1, 2, 3, 3, 1, 2, 1, 1, 3, 2, 2, 3, 3, 2, 2, 2, 1, 2, 2, 1, 2, 1, 1, 1, 2, 3, 2, 1, 1, 3, 2, 2, 1, 2, 3, 1, 3, 2, 3, 2, 2, 2, 2, 3, 1, 2, 2, 3, 1, 2, 3, 3, 3, 3, 2, 3, 3, 2, 1, 3, 3, 1, 2, 2, 3, 1, 1, 3, 3, 2, 2, 3, 2, 1, 3, 1, 1, 3, 1, 2, 2, 3, 2, 3, 1, 1, 2, 2, 3, 3, 1, 2, 2, 1, 2, 1, 3, 2, 1, 3, 3, 2, 1, 1, 2, 3, 2, 2, 2, 2, 1, 3, 3, 2, 3, 3, 1, 2, 3, 2, 1, 3, 2, 2, 1, 2, 2, 1, 3, 2, 2, 2, 1, 2, 2, 2, 3, 2, 3, 3, 2, 2, 2, 3, 2, 2, 3, 3, 3, 1, 2, 1, 2, 3, 2, 2, 1, 2, 3, 3, 3, 2, 1, 2, 3, 3, 1, 3, 3, 1, 2, 2, 3, 3, 1, 2, 1, 3, 2, 2, 1, 3, 2, 1, 2, 2, 3, 2, 3, 2, 3, 2, 3, 3, 1, 1, 1, 2, 2, 1, 2, 1, 3, 3, 3, 3, 1, 2, 3, 2, 2, 2, 1, 3, 2, 3, 2, 1, 2, 2, 1, 2, 2, 3, 1, 3, 2, 2, 3, 1, 2, 2, 3, 2, 3, 2, 2, 2, 2, 1, 2, 1, 2, 1, 1, 2, 2, 1, 3, 3, 2, 2, 2, 2, 3, 3, 2, 2, 1, 2, 2, 2, 2, 2, 3, 3, 1, 1, 2, 2, 2, 3, 2, 1, 2, 2, 1, 2, 2, 3, 3, 2, 3, 2, 1, 3, 1, 2, 1, 1, 3, 2, 1, 2, 1, 2, 1, 2, 2, 2, 2, 2, 2, 3, 2, 3, 3, 2, 1, 2, 3, 2, 3, 3, 2, 2, 2, 2, 3, 1, 2, 3, 1, 2, 2, 2, 2, 3, 2, 3, 2, 1, 1, 2, 3, 1, 3, 2, 1, 2, 3, 2, 2, 2, 1, 3, 1, 1, 1, 2, 3, 1, 3, 1, 3, 3, 2, 2, 3, 1, 3, 2, 1, 3, 3, 2, 2, 3, 2, 2, 2, 2, 2, 1, 2, 2, 2, 2, 2, 2, 2, 3, 2, 2, 1, 2, 3, 3, 1, 3, 3, 3, 3, 2, 2, 2, 2, 1, 3, 2, 3, 2, 2, 2, 3, 2, 3, 3, 3, 2, 3, 1, 2, 3, 3, 1, 2, 3, 2, 1, 2, 1, 2, 1, 3, 3, 3, 1, 1, 2, 2, 2, 2, 2, 2, 2, 2, 1, 3, 2, 1, 1, 2, 2, 2, 2, 3, 1, 2, 1, 2, 2, 1, 3, 1, 2, 1, 2, 2, 1, 3, 2, 1, 2, 2, 2, 2, 1, 3, 1, 2, 1, 2, 1, 2, 2, 1, 3, 2, 2, 3, 2, 3, 1, 2, 2, 1, 1, 3, 2, 3]
02/23/2023 12:18:18:INFO: 预测标签: 
 [1, 3, 1, 3, 1, 1, 3, 1, 1, 3, 1, 3, 1, 1, 3, 1, 1, 1, 3, 3, 1, 3, 1, 1, 1, 2, 1, 3, 3, 1, 3, 3, 3, 3, 1, 3, 3, 2, 3, 1, 2, 1, 2, 3, 1, 3, 1, 1, 3, 2, 1, 3, 1, 1, 1, 1, 1, 1, 3, 1, 1, 1, 3, 1, 1, 3, 1, 1, 1, 1, 1, 1, 1, 1, 1, 2, 1, 3, 2, 3, 3, 1, 3, 1, 1, 1, 3, 1, 3, 1, 1, 3, 2, 1, 1, 1, 3, 3, 1, 1, 2, 1, 3, 3, 1, 1, 1, 3, 1, 3, 3, 3, 3, 2, 2, 1, 1, 1, 1, 3, 1, 3, 3, 1, 3, 2, 3, 2, 1, 2, 1, 1, 3, 2, 1, 3, 1, 3, 1, 1, 2, 1, 3, 1, 2, 3, 1, 1, 2, 3, 3, 3, 3, 2, 3, 1, 1, 1, 1, 3, 2, 2, 1, 2, 1, 1, 1, 3, 1, 1, 3, 1, 1, 2, 3, 2, 3, 1, 2, 2, 1, 1, 1, 1, 3, 3, 3, 1, 1, 1, 1, 1, 1, 1, 2, 3, 1, 1, 2, 1, 1, 3, 1, 1, 2, 3, 3, 1, 1, 3, 1, 1, 3, 1, 1, 3, 3, 1, 2, 1, 3, 1, 3, 1, 2, 1, 3, 2, 1, 3, 3, 1, 1, 1, 3, 2, 1, 1, 1, 3, 2, 3, 1, 1, 2, 3, 2, 1, 1, 3, 1, 1, 3, 1, 1, 1, 1, 2, 3, 3, 1, 1, 2, 2, 1, 1, 1, 1, 1, 3, 1, 1, 1, 3, 3, 3, 3, 1, 1, 1, 3, 3, 3, 1, 1, 1, 3, 3, 1, 1, 1, 3, 1, 3, 3, 2, 2, 3, 3, 1, 1, 3, 1, 1, 3, 2, 2, 1, 2, 3, 2, 1, 3, 1, 1, 3, 3, 1, 3, 1, 1, 3, 2, 1, 2, 3, 1, 3, 2, 1, 1, 2, 3, 1, 2, 3, 3, 2, 2, 1, 1, 2, 1, 1, 1, 3, 1, 3, 2, 3, 2, 3, 3, 3, 1, 2, 1, 2, 3, 2, 3, 1, 1, 1, 3, 2, 3, 2, 1, 1, 2, 1, 3, 1, 1, 1, 1, 1, 1, 2, 1, 2, 3, 2, 1, 3, 1, 2, 3, 3, 1, 1, 1, 1, 2, 1, 1, 1, 2, 2, 1, 1, 3, 1, 2, 2, 3, 1, 1, 1, 1, 1, 2, 1, 3, 1, 1, 2, 2, 3, 1, 2, 2, 3, 3, 2, 1, 3, 1, 1, 1, 1, 1, 1, 1, 3, 1, 1, 1, 1, 3, 2, 1, 3, 3, 3, 1, 3, 1, 1, 1, 1, 1, 1, 2, 1, 1, 1, 2, 1, 1, 3, 1, 3, 1, 1, 1, 3, 3, 2, 1, 3, 1, 1, 1, 3, 3, 1, 1, 1, 1, 1, 1, 1, 1, 1, 1, 1, 1, 3, 3, 1, 2, 1, 3, 2, 1, 3, 3, 2, 3, 2, 3, 1, 2, 1, 1, 1, 3, 3, 1, 2, 1, 1, 1, 3, 1, 1, 1, 1, 2, 1, 1, 3, 1, 3, 3, 1, 2, 1, 3, 1, 2, 3, 2, 2, 3, 3, 2, 1, 3, 1, 1, 1, 3, 1, 1, 3, 3, 3, 2, 1, 3, 3, 1, 1, 1, 1, 1, 1, 3, 1, 1, 3, 1, 3, 3, 3, 2, 3, 3, 1, 3, 3, 1, 1, 1, 1, 3, 3, 1, 1, 1, 1, 1, 1, 1, 3, 1, 1, 1, 1, 3, 1, 3, 1, 1, 1, 3, 2, 1, 3, 1, 3, 2, 1, 1, 3, 1, 3, 2, 3, 3, 1, 1, 1, 1, 1, 3, 1, 2, 1, 1, 3, 1]
02/23/2023 12:18:18:INFO: ---------Evaluated Metrics----------
02/23/2023 12:18:18:INFO: Accuracy: 0.3808.
02/23/2023 12:18:18:INFO: Macro Precision: 0.41384312761249076.
02/23/2023 12:18:18:INFO: Macro Recall: 0.43643143028357095.
02/23/2023 12:18:18:INFO: Macro F1 score: 0.3753554631030996.
02/23/2023 12:18:18:INFO: ---------confusion_matrix----------
02/23/2023 12:18:18:INFO: 
[[110  23  25]
 [148  50  92]
 [ 74  25  78]]
02/23/2023 12:18:18:INFO: 模型效果验证详情: {'位置第一个显示标签': 0, '其他位置有情感标签': 0, '全句没有情感标签': 0}.
02/23/2023 12:18:18:INFO: ----------------------Evaluate finished.------------------------
02/23/2023 12:18:18:INFO: --------------Epoch. 4.---------------
02/23/2023 12:18:18:INFO: [Epoch. 4.]: 100%|| 8/8 [00:00<00:00, 17.41it/s, avg_loss=0.679]
02/23/2023 12:18:18:INFO: Epoch 4, average loss: 0.6787342689931393
02/23/2023 12:18:18:INFO: --------------Evaluate on Epoch. 4.---------------
02/23/2023 12:18:18:INFO: tensor([28996, 28997, 28998], device='cuda:0')
02/23/2023 12:18:21:INFO: **********Results Comparison**********
02/23/2023 12:18:21:INFO: 真实标签: 
 [2, 1, 3, 1, 2, 1, 3, 2, 3, 1, 1, 3, 1, 1, 3, 1, 2, 1, 1, 2, 2, 3, 2, 1, 2, 2, 2, 2, 3, 1, 2, 2, 2, 2, 2, 2, 2, 1, 2, 1, 1, 2, 2, 2, 3, 2, 2, 3, 2, 2, 3, 3, 3, 3, 3, 2, 2, 1, 2, 3, 1, 2, 3, 1, 1, 3, 3, 1, 2, 3, 2, 2, 2, 1, 3, 2, 1, 1, 2, 1, 3, 1, 2, 1, 1, 2, 3, 3, 1, 2, 2, 2, 3, 2, 3, 2, 1, 2, 1, 1, 1, 2, 1, 2, 3, 1, 1, 2, 2, 3, 3, 2, 3, 2, 3, 2, 2, 2, 1, 2, 2, 3, 2, 2, 3, 2, 3, 3, 2, 1, 2, 3, 1, 1, 1, 2, 3, 3, 1, 2, 1, 1, 3, 2, 2, 3, 3, 2, 2, 2, 1, 2, 2, 1, 2, 1, 1, 1, 2, 3, 2, 1, 1, 3, 2, 2, 1, 2, 3, 1, 3, 2, 3, 2, 2, 2, 2, 3, 1, 2, 2, 3, 1, 2, 3, 3, 3, 3, 2, 3, 3, 2, 1, 3, 3, 1, 2, 2, 3, 1, 1, 3, 3, 2, 2, 3, 2, 1, 3, 1, 1, 3, 1, 2, 2, 3, 2, 3, 1, 1, 2, 2, 3, 3, 1, 2, 2, 1, 2, 1, 3, 2, 1, 3, 3, 2, 1, 1, 2, 3, 2, 2, 2, 2, 1, 3, 3, 2, 3, 3, 1, 2, 3, 2, 1, 3, 2, 2, 1, 2, 2, 1, 3, 2, 2, 2, 1, 2, 2, 2, 3, 2, 3, 3, 2, 2, 2, 3, 2, 2, 3, 3, 3, 1, 2, 1, 2, 3, 2, 2, 1, 2, 3, 3, 3, 2, 1, 2, 3, 3, 1, 3, 3, 1, 2, 2, 3, 3, 1, 2, 1, 3, 2, 2, 1, 3, 2, 1, 2, 2, 3, 2, 3, 2, 3, 2, 3, 3, 1, 1, 1, 2, 2, 1, 2, 1, 3, 3, 3, 3, 1, 2, 3, 2, 2, 2, 1, 3, 2, 3, 2, 1, 2, 2, 1, 2, 2, 3, 1, 3, 2, 2, 3, 1, 2, 2, 3, 2, 3, 2, 2, 2, 2, 1, 2, 1, 2, 1, 1, 2, 2, 1, 3, 3, 2, 2, 2, 2, 3, 3, 2, 2, 1, 2, 2, 2, 2, 2, 3, 3, 1, 1, 2, 2, 2, 3, 2, 1, 2, 2, 1, 2, 2, 3, 3, 2, 3, 2, 1, 3, 1, 2, 1, 1, 3, 2, 1, 2, 1, 2, 1, 2, 2, 2, 2, 2, 2, 3, 2, 3, 3, 2, 1, 2, 3, 2, 3, 3, 2, 2, 2, 2, 3, 1, 2, 3, 1, 2, 2, 2, 2, 3, 2, 3, 2, 1, 1, 2, 3, 1, 3, 2, 1, 2, 3, 2, 2, 2, 1, 3, 1, 1, 1, 2, 3, 1, 3, 1, 3, 3, 2, 2, 3, 1, 3, 2, 1, 3, 3, 2, 2, 3, 2, 2, 2, 2, 2, 1, 2, 2, 2, 2, 2, 2, 2, 3, 2, 2, 1, 2, 3, 3, 1, 3, 3, 3, 3, 2, 2, 2, 2, 1, 3, 2, 3, 2, 2, 2, 3, 2, 3, 3, 3, 2, 3, 1, 2, 3, 3, 1, 2, 3, 2, 1, 2, 1, 2, 1, 3, 3, 3, 1, 1, 2, 2, 2, 2, 2, 2, 2, 2, 1, 3, 2, 1, 1, 2, 2, 2, 2, 3, 1, 2, 1, 2, 2, 1, 3, 1, 2, 1, 2, 2, 1, 3, 2, 1, 2, 2, 2, 2, 1, 3, 1, 2, 1, 2, 1, 2, 2, 1, 3, 2, 2, 3, 2, 3, 1, 2, 2, 1, 1, 3, 2, 3]
02/23/2023 12:18:21:INFO: 预测标签: 
 [1, 3, 3, 3, 1, 1, 3, 1, 1, 3, 1, 3, 1, 1, 3, 1, 1, 1, 3, 3, 1, 3, 1, 1, 3, 2, 2, 3, 3, 1, 3, 3, 3, 3, 1, 3, 3, 2, 3, 1, 2, 1, 2, 3, 1, 3, 1, 1, 3, 2, 1, 3, 1, 1, 1, 2, 1, 1, 3, 1, 1, 2, 3, 1, 1, 3, 2, 1, 1, 1, 3, 1, 3, 1, 3, 2, 1, 3, 2, 3, 3, 1, 3, 1, 1, 1, 3, 1, 3, 3, 1, 3, 2, 1, 2, 3, 3, 3, 1, 1, 2, 1, 3, 3, 1, 1, 3, 3, 1, 3, 3, 3, 3, 2, 2, 1, 1, 1, 2, 3, 2, 3, 3, 1, 3, 2, 3, 2, 1, 2, 3, 2, 3, 2, 1, 3, 3, 3, 3, 1, 2, 1, 3, 3, 2, 3, 1, 2, 2, 3, 3, 3, 3, 2, 3, 1, 1, 1, 1, 3, 2, 2, 1, 2, 3, 1, 1, 3, 3, 1, 3, 1, 3, 2, 3, 2, 3, 1, 2, 2, 1, 1, 3, 1, 3, 3, 3, 3, 1, 3, 3, 1, 1, 3, 2, 3, 2, 1, 2, 1, 1, 3, 3, 2, 2, 3, 3, 1, 1, 3, 3, 1, 3, 1, 1, 3, 3, 1, 2, 1, 3, 3, 3, 1, 2, 1, 3, 2, 1, 3, 3, 1, 3, 3, 3, 2, 1, 1, 1, 3, 2, 3, 1, 1, 2, 3, 2, 3, 1, 3, 1, 2, 3, 1, 3, 3, 3, 2, 3, 3, 2, 1, 2, 2, 1, 1, 1, 1, 1, 3, 3, 1, 1, 3, 3, 3, 3, 3, 3, 1, 3, 3, 3, 1, 3, 1, 3, 3, 1, 1, 1, 3, 3, 3, 3, 2, 2, 3, 3, 1, 1, 3, 1, 3, 3, 2, 2, 1, 2, 3, 2, 1, 3, 1, 3, 3, 3, 1, 3, 2, 3, 3, 2, 1, 2, 3, 3, 3, 2, 1, 3, 2, 3, 1, 2, 3, 3, 2, 2, 1, 1, 2, 1, 1, 1, 3, 1, 3, 2, 3, 2, 3, 3, 3, 1, 2, 1, 2, 3, 2, 3, 1, 1, 1, 3, 2, 3, 2, 3, 1, 2, 1, 3, 1, 1, 3, 1, 1, 1, 2, 1, 2, 3, 2, 3, 3, 3, 2, 3, 3, 1, 1, 1, 1, 2, 3, 1, 3, 2, 2, 3, 1, 3, 3, 2, 2, 3, 1, 1, 1, 1, 1, 2, 1, 3, 1, 1, 2, 2, 3, 1, 2, 2, 3, 3, 2, 1, 3, 1, 1, 1, 1, 1, 1, 1, 3, 1, 3, 1, 1, 3, 2, 2, 3, 3, 3, 3, 3, 1, 3, 3, 3, 3, 1, 2, 1, 1, 1, 2, 1, 1, 3, 2, 3, 3, 1, 3, 3, 3, 2, 1, 3, 3, 1, 2, 3, 3, 1, 1, 1, 1, 3, 1, 2, 3, 1, 3, 1, 3, 3, 3, 2, 2, 1, 3, 2, 1, 3, 3, 2, 3, 2, 3, 1, 2, 1, 1, 3, 3, 3, 1, 2, 1, 3, 3, 3, 1, 1, 1, 2, 2, 3, 1, 3, 3, 3, 3, 1, 3, 3, 3, 1, 2, 3, 2, 2, 3, 3, 2, 3, 3, 3, 3, 1, 3, 3, 3, 3, 3, 3, 2, 1, 3, 3, 1, 1, 3, 1, 1, 1, 3, 1, 1, 3, 1, 3, 3, 3, 2, 3, 3, 1, 3, 3, 1, 1, 1, 1, 3, 3, 1, 2, 2, 1, 1, 3, 1, 3, 2, 1, 1, 2, 3, 1, 3, 1, 3, 1, 3, 2, 1, 3, 3, 3, 2, 3, 1, 3, 3, 3, 2, 3, 3, 1, 3, 2, 3, 3, 3, 3, 2, 1, 1, 3, 1]
02/23/2023 12:18:21:INFO: ---------Evaluated Metrics----------
02/23/2023 12:18:21:INFO: Accuracy: 0.4192.
02/23/2023 12:18:21:INFO: Macro Precision: 0.43981372127463936.
02/23/2023 12:18:21:INFO: Macro Recall: 0.46467944244283493.
02/23/2023 12:18:21:INFO: Macro F1 score: 0.4178965203227692.
02/23/2023 12:18:21:INFO: ---------confusion_matrix----------
02/23/2023 12:18:21:INFO: 
[[ 87  27  44]
 [100  66 124]
 [ 39  29 109]]
02/23/2023 12:18:21:INFO: 模型效果验证详情: {'位置第一个显示标签': 0, '其他位置有情感标签': 0, '全句没有情感标签': 0}.
02/23/2023 12:18:21:INFO: ----------------------Evaluate finished.------------------------
02/23/2023 12:18:21:INFO: --------------Epoch. 5.---------------
02/23/2023 12:18:22:INFO: [Epoch. 5.]: 100%|| 8/8 [00:00<00:00, 17.62it/s, avg_loss=0.526]
02/23/2023 12:18:22:INFO: Epoch 5, average loss: 0.5259315967559814
02/23/2023 12:18:22:INFO: --------------Evaluate on Epoch. 5.---------------
02/23/2023 12:18:22:INFO: tensor([28996, 28997, 28998], device='cuda:0')
02/23/2023 12:18:25:INFO: **********Results Comparison**********
02/23/2023 12:18:25:INFO: 真实标签: 
 [2, 1, 3, 1, 2, 1, 3, 2, 3, 1, 1, 3, 1, 1, 3, 1, 2, 1, 1, 2, 2, 3, 2, 1, 2, 2, 2, 2, 3, 1, 2, 2, 2, 2, 2, 2, 2, 1, 2, 1, 1, 2, 2, 2, 3, 2, 2, 3, 2, 2, 3, 3, 3, 3, 3, 2, 2, 1, 2, 3, 1, 2, 3, 1, 1, 3, 3, 1, 2, 3, 2, 2, 2, 1, 3, 2, 1, 1, 2, 1, 3, 1, 2, 1, 1, 2, 3, 3, 1, 2, 2, 2, 3, 2, 3, 2, 1, 2, 1, 1, 1, 2, 1, 2, 3, 1, 1, 2, 2, 3, 3, 2, 3, 2, 3, 2, 2, 2, 1, 2, 2, 3, 2, 2, 3, 2, 3, 3, 2, 1, 2, 3, 1, 1, 1, 2, 3, 3, 1, 2, 1, 1, 3, 2, 2, 3, 3, 2, 2, 2, 1, 2, 2, 1, 2, 1, 1, 1, 2, 3, 2, 1, 1, 3, 2, 2, 1, 2, 3, 1, 3, 2, 3, 2, 2, 2, 2, 3, 1, 2, 2, 3, 1, 2, 3, 3, 3, 3, 2, 3, 3, 2, 1, 3, 3, 1, 2, 2, 3, 1, 1, 3, 3, 2, 2, 3, 2, 1, 3, 1, 1, 3, 1, 2, 2, 3, 2, 3, 1, 1, 2, 2, 3, 3, 1, 2, 2, 1, 2, 1, 3, 2, 1, 3, 3, 2, 1, 1, 2, 3, 2, 2, 2, 2, 1, 3, 3, 2, 3, 3, 1, 2, 3, 2, 1, 3, 2, 2, 1, 2, 2, 1, 3, 2, 2, 2, 1, 2, 2, 2, 3, 2, 3, 3, 2, 2, 2, 3, 2, 2, 3, 3, 3, 1, 2, 1, 2, 3, 2, 2, 1, 2, 3, 3, 3, 2, 1, 2, 3, 3, 1, 3, 3, 1, 2, 2, 3, 3, 1, 2, 1, 3, 2, 2, 1, 3, 2, 1, 2, 2, 3, 2, 3, 2, 3, 2, 3, 3, 1, 1, 1, 2, 2, 1, 2, 1, 3, 3, 3, 3, 1, 2, 3, 2, 2, 2, 1, 3, 2, 3, 2, 1, 2, 2, 1, 2, 2, 3, 1, 3, 2, 2, 3, 1, 2, 2, 3, 2, 3, 2, 2, 2, 2, 1, 2, 1, 2, 1, 1, 2, 2, 1, 3, 3, 2, 2, 2, 2, 3, 3, 2, 2, 1, 2, 2, 2, 2, 2, 3, 3, 1, 1, 2, 2, 2, 3, 2, 1, 2, 2, 1, 2, 2, 3, 3, 2, 3, 2, 1, 3, 1, 2, 1, 1, 3, 2, 1, 2, 1, 2, 1, 2, 2, 2, 2, 2, 2, 3, 2, 3, 3, 2, 1, 2, 3, 2, 3, 3, 2, 2, 2, 2, 3, 1, 2, 3, 1, 2, 2, 2, 2, 3, 2, 3, 2, 1, 1, 2, 3, 1, 3, 2, 1, 2, 3, 2, 2, 2, 1, 3, 1, 1, 1, 2, 3, 1, 3, 1, 3, 3, 2, 2, 3, 1, 3, 2, 1, 3, 3, 2, 2, 3, 2, 2, 2, 2, 2, 1, 2, 2, 2, 2, 2, 2, 2, 3, 2, 2, 1, 2, 3, 3, 1, 3, 3, 3, 3, 2, 2, 2, 2, 1, 3, 2, 3, 2, 2, 2, 3, 2, 3, 3, 3, 2, 3, 1, 2, 3, 3, 1, 2, 3, 2, 1, 2, 1, 2, 1, 3, 3, 3, 1, 1, 2, 2, 2, 2, 2, 2, 2, 2, 1, 3, 2, 1, 1, 2, 2, 2, 2, 3, 1, 2, 1, 2, 2, 1, 3, 1, 2, 1, 2, 2, 1, 3, 2, 1, 2, 2, 2, 2, 1, 3, 1, 2, 1, 2, 1, 2, 2, 1, 3, 2, 2, 3, 2, 3, 1, 2, 2, 1, 1, 3, 2, 3]
02/23/2023 12:18:25:INFO: 预测标签: 
 [1, 3, 3, 3, 1, 1, 3, 1, 1, 3, 1, 3, 1, 1, 3, 1, 2, 3, 3, 3, 1, 3, 1, 2, 3, 2, 2, 3, 3, 1, 3, 3, 3, 3, 2, 3, 3, 2, 3, 1, 2, 1, 2, 3, 1, 3, 1, 1, 2, 2, 2, 3, 1, 2, 3, 2, 1, 1, 3, 1, 1, 2, 3, 3, 1, 3, 2, 1, 1, 1, 3, 1, 3, 1, 3, 2, 1, 3, 2, 3, 3, 1, 3, 1, 1, 1, 3, 1, 3, 3, 2, 3, 2, 1, 2, 3, 3, 3, 1, 1, 2, 1, 3, 3, 1, 1, 3, 3, 1, 3, 3, 3, 3, 2, 2, 1, 1, 1, 2, 3, 2, 3, 3, 1, 3, 2, 3, 2, 1, 2, 2, 2, 3, 2, 1, 3, 3, 3, 3, 1, 2, 1, 3, 3, 2, 3, 1, 2, 2, 3, 3, 3, 3, 2, 3, 1, 1, 1, 1, 3, 2, 2, 2, 2, 3, 1, 1, 3, 2, 2, 3, 1, 3, 2, 3, 2, 3, 3, 2, 2, 1, 1, 3, 1, 3, 3, 3, 3, 2, 3, 3, 1, 1, 3, 2, 3, 2, 1, 2, 1, 1, 3, 3, 2, 2, 3, 3, 1, 1, 3, 3, 3, 3, 3, 3, 3, 3, 1, 2, 1, 3, 3, 3, 2, 2, 1, 3, 2, 1, 3, 3, 1, 3, 2, 3, 2, 1, 1, 1, 3, 2, 3, 1, 2, 2, 3, 2, 3, 1, 3, 1, 2, 3, 1, 3, 3, 3, 2, 3, 3, 2, 1, 2, 2, 1, 1, 1, 1, 1, 3, 3, 1, 1, 3, 3, 3, 3, 3, 3, 1, 3, 3, 3, 1, 3, 1, 3, 3, 1, 1, 1, 3, 3, 3, 3, 2, 2, 3, 3, 1, 1, 3, 2, 3, 3, 2, 2, 1, 2, 3, 2, 1, 3, 1, 3, 3, 3, 1, 3, 2, 3, 3, 2, 1, 2, 3, 3, 2, 2, 1, 3, 2, 3, 1, 2, 3, 3, 2, 2, 1, 1, 2, 1, 1, 2, 3, 1, 3, 2, 3, 2, 3, 3, 3, 1, 2, 1, 2, 3, 2, 3, 1, 1, 1, 3, 2, 3, 2, 3, 3, 2, 1, 3, 1, 3, 3, 2, 1, 1, 2, 1, 2, 3, 2, 3, 3, 3, 2, 3, 3, 1, 3, 1, 3, 2, 3, 1, 3, 2, 2, 3, 1, 2, 3, 2, 2, 3, 1, 1, 1, 1, 1, 2, 1, 3, 1, 1, 2, 2, 3, 1, 2, 2, 3, 3, 2, 1, 3, 1, 1, 1, 2, 1, 1, 1, 3, 1, 2, 1, 2, 3, 2, 2, 3, 3, 3, 3, 3, 3, 3, 3, 1, 3, 1, 2, 1, 1, 1, 2, 1, 1, 3, 2, 3, 3, 1, 3, 3, 3, 2, 1, 3, 3, 1, 2, 3, 3, 1, 1, 1, 1, 3, 1, 2, 3, 1, 3, 1, 3, 3, 3, 2, 2, 1, 3, 2, 1, 3, 3, 2, 3, 2, 3, 1, 2, 1, 1, 3, 3, 3, 1, 2, 1, 3, 3, 3, 1, 1, 1, 2, 2, 3, 1, 3, 3, 3, 3, 2, 3, 3, 3, 1, 2, 3, 2, 2, 3, 3, 2, 3, 3, 3, 3, 1, 3, 3, 3, 3, 3, 2, 2, 1, 3, 3, 1, 1, 3, 1, 1, 1, 3, 1, 1, 3, 1, 3, 3, 3, 2, 3, 3, 1, 3, 3, 1, 3, 1, 2, 2, 3, 1, 2, 2, 1, 2, 3, 1, 3, 2, 1, 1, 2, 3, 1, 3, 1, 3, 1, 3, 2, 1, 3, 3, 3, 2, 3, 1, 3, 3, 3, 2, 3, 3, 1, 3, 2, 3, 3, 3, 3, 2, 3, 1, 3, 1]
02/23/2023 12:18:25:INFO: ---------Evaluated Metrics----------
02/23/2023 12:18:25:INFO: Accuracy: 0.4304.
02/23/2023 12:18:25:INFO: Macro Precision: 0.4455709236770982.
02/23/2023 12:18:25:INFO: Macro Recall: 0.4652696500923536.
02/23/2023 12:18:25:INFO: Macro F1 score: 0.43144766441709675.
02/23/2023 12:18:25:INFO: ---------confusion_matrix----------
02/23/2023 12:18:25:INFO: 
[[ 80  31  47]
 [ 83  81 126]
 [ 31  38 108]]
02/23/2023 12:18:25:INFO: 模型效果验证详情: {'位置第一个显示标签': 0, '其他位置有情感标签': 0, '全句没有情感标签': 0}.
02/23/2023 12:18:25:INFO: ----------------------Evaluate finished.------------------------
02/23/2023 12:18:25:INFO: --------------Epoch. 6.---------------
02/23/2023 12:18:25:INFO: [Epoch. 6.]: 100%|| 8/8 [00:00<00:00, 17.65it/s, avg_loss=0.446]
02/23/2023 12:18:25:INFO: Epoch 6, average loss: 0.4456846918910742
02/23/2023 12:18:25:INFO: --------------Evaluate on Epoch. 6.---------------
02/23/2023 12:18:25:INFO: tensor([28996, 28997, 28998], device='cuda:0')
02/23/2023 12:18:28:INFO: **********Results Comparison**********
02/23/2023 12:18:28:INFO: 真实标签: 
 [2, 1, 3, 1, 2, 1, 3, 2, 3, 1, 1, 3, 1, 1, 3, 1, 2, 1, 1, 2, 2, 3, 2, 1, 2, 2, 2, 2, 3, 1, 2, 2, 2, 2, 2, 2, 2, 1, 2, 1, 1, 2, 2, 2, 3, 2, 2, 3, 2, 2, 3, 3, 3, 3, 3, 2, 2, 1, 2, 3, 1, 2, 3, 1, 1, 3, 3, 1, 2, 3, 2, 2, 2, 1, 3, 2, 1, 1, 2, 1, 3, 1, 2, 1, 1, 2, 3, 3, 1, 2, 2, 2, 3, 2, 3, 2, 1, 2, 1, 1, 1, 2, 1, 2, 3, 1, 1, 2, 2, 3, 3, 2, 3, 2, 3, 2, 2, 2, 1, 2, 2, 3, 2, 2, 3, 2, 3, 3, 2, 1, 2, 3, 1, 1, 1, 2, 3, 3, 1, 2, 1, 1, 3, 2, 2, 3, 3, 2, 2, 2, 1, 2, 2, 1, 2, 1, 1, 1, 2, 3, 2, 1, 1, 3, 2, 2, 1, 2, 3, 1, 3, 2, 3, 2, 2, 2, 2, 3, 1, 2, 2, 3, 1, 2, 3, 3, 3, 3, 2, 3, 3, 2, 1, 3, 3, 1, 2, 2, 3, 1, 1, 3, 3, 2, 2, 3, 2, 1, 3, 1, 1, 3, 1, 2, 2, 3, 2, 3, 1, 1, 2, 2, 3, 3, 1, 2, 2, 1, 2, 1, 3, 2, 1, 3, 3, 2, 1, 1, 2, 3, 2, 2, 2, 2, 1, 3, 3, 2, 3, 3, 1, 2, 3, 2, 1, 3, 2, 2, 1, 2, 2, 1, 3, 2, 2, 2, 1, 2, 2, 2, 3, 2, 3, 3, 2, 2, 2, 3, 2, 2, 3, 3, 3, 1, 2, 1, 2, 3, 2, 2, 1, 2, 3, 3, 3, 2, 1, 2, 3, 3, 1, 3, 3, 1, 2, 2, 3, 3, 1, 2, 1, 3, 2, 2, 1, 3, 2, 1, 2, 2, 3, 2, 3, 2, 3, 2, 3, 3, 1, 1, 1, 2, 2, 1, 2, 1, 3, 3, 3, 3, 1, 2, 3, 2, 2, 2, 1, 3, 2, 3, 2, 1, 2, 2, 1, 2, 2, 3, 1, 3, 2, 2, 3, 1, 2, 2, 3, 2, 3, 2, 2, 2, 2, 1, 2, 1, 2, 1, 1, 2, 2, 1, 3, 3, 2, 2, 2, 2, 3, 3, 2, 2, 1, 2, 2, 2, 2, 2, 3, 3, 1, 1, 2, 2, 2, 3, 2, 1, 2, 2, 1, 2, 2, 3, 3, 2, 3, 2, 1, 3, 1, 2, 1, 1, 3, 2, 1, 2, 1, 2, 1, 2, 2, 2, 2, 2, 2, 3, 2, 3, 3, 2, 1, 2, 3, 2, 3, 3, 2, 2, 2, 2, 3, 1, 2, 3, 1, 2, 2, 2, 2, 3, 2, 3, 2, 1, 1, 2, 3, 1, 3, 2, 1, 2, 3, 2, 2, 2, 1, 3, 1, 1, 1, 2, 3, 1, 3, 1, 3, 3, 2, 2, 3, 1, 3, 2, 1, 3, 3, 2, 2, 3, 2, 2, 2, 2, 2, 1, 2, 2, 2, 2, 2, 2, 2, 3, 2, 2, 1, 2, 3, 3, 1, 3, 3, 3, 3, 2, 2, 2, 2, 1, 3, 2, 3, 2, 2, 2, 3, 2, 3, 3, 3, 2, 3, 1, 2, 3, 3, 1, 2, 3, 2, 1, 2, 1, 2, 1, 3, 3, 3, 1, 1, 2, 2, 2, 2, 2, 2, 2, 2, 1, 3, 2, 1, 1, 2, 2, 2, 2, 3, 1, 2, 1, 2, 2, 1, 3, 1, 2, 1, 2, 2, 1, 3, 2, 1, 2, 2, 2, 2, 1, 3, 1, 2, 1, 2, 1, 2, 2, 1, 3, 2, 2, 3, 2, 3, 1, 2, 2, 1, 1, 3, 2, 3]
02/23/2023 12:18:28:INFO: 预测标签: 
 [1, 2, 3, 3, 1, 1, 3, 1, 1, 3, 1, 3, 1, 1, 3, 1, 2, 1, 3, 3, 1, 3, 1, 2, 3, 2, 2, 2, 3, 1, 3, 3, 3, 3, 2, 3, 3, 2, 1, 1, 2, 1, 2, 3, 1, 3, 1, 1, 2, 2, 2, 3, 2, 2, 1, 2, 1, 1, 3, 1, 1, 2, 3, 3, 1, 3, 2, 1, 1, 1, 1, 1, 3, 1, 3, 2, 1, 3, 2, 3, 3, 1, 3, 1, 1, 1, 3, 2, 3, 3, 2, 3, 2, 1, 2, 3, 3, 3, 1, 1, 2, 1, 3, 3, 1, 1, 3, 3, 1, 3, 3, 1, 3, 2, 2, 2, 1, 1, 2, 3, 2, 2, 3, 1, 3, 2, 3, 2, 1, 2, 2, 2, 3, 2, 1, 3, 3, 3, 3, 1, 2, 1, 3, 3, 2, 3, 1, 2, 2, 3, 3, 2, 3, 2, 1, 1, 1, 1, 1, 3, 2, 2, 2, 2, 3, 1, 1, 3, 2, 2, 3, 1, 3, 2, 3, 2, 2, 3, 2, 2, 1, 1, 2, 1, 3, 3, 3, 1, 2, 1, 1, 1, 1, 3, 2, 3, 2, 1, 2, 1, 1, 3, 3, 2, 2, 3, 3, 1, 2, 3, 3, 3, 3, 3, 3, 3, 3, 1, 2, 1, 3, 3, 3, 2, 2, 1, 3, 2, 1, 3, 3, 1, 3, 2, 3, 2, 1, 1, 1, 2, 2, 3, 2, 2, 2, 3, 2, 3, 1, 3, 1, 2, 3, 1, 1, 3, 3, 2, 3, 3, 2, 1, 2, 2, 1, 1, 1, 1, 1, 3, 3, 1, 1, 3, 1, 3, 3, 2, 3, 1, 3, 3, 3, 1, 3, 2, 3, 3, 1, 1, 1, 3, 3, 3, 3, 2, 2, 3, 3, 1, 1, 3, 2, 3, 3, 2, 2, 1, 2, 3, 2, 1, 1, 1, 3, 3, 3, 1, 3, 2, 3, 3, 2, 1, 2, 3, 3, 2, 2, 1, 3, 2, 3, 1, 2, 3, 3, 2, 2, 1, 1, 2, 1, 1, 2, 3, 1, 3, 2, 3, 2, 3, 3, 3, 1, 2, 1, 2, 3, 2, 3, 1, 1, 1, 3, 2, 3, 2, 3, 1, 2, 1, 3, 1, 3, 2, 2, 1, 1, 2, 1, 2, 3, 2, 3, 3, 3, 2, 3, 3, 1, 3, 1, 3, 2, 3, 1, 3, 2, 2, 3, 1, 2, 3, 2, 2, 3, 1, 1, 1, 1, 1, 2, 1, 3, 1, 2, 2, 2, 3, 1, 2, 2, 3, 2, 2, 1, 3, 1, 1, 1, 2, 1, 1, 1, 3, 1, 2, 1, 2, 3, 2, 2, 3, 3, 3, 3, 3, 1, 2, 3, 1, 3, 1, 2, 1, 1, 1, 2, 1, 1, 3, 2, 3, 3, 1, 3, 3, 3, 2, 1, 3, 3, 1, 2, 3, 3, 1, 1, 1, 2, 3, 1, 2, 1, 1, 3, 1, 3, 3, 3, 2, 2, 1, 3, 2, 1, 3, 3, 2, 3, 2, 3, 1, 2, 1, 2, 3, 3, 3, 2, 2, 1, 3, 3, 3, 1, 1, 1, 2, 2, 1, 1, 3, 3, 3, 3, 2, 2, 3, 3, 1, 2, 3, 2, 2, 3, 3, 2, 1, 3, 3, 3, 1, 3, 3, 3, 3, 3, 2, 2, 2, 3, 3, 1, 1, 3, 1, 1, 1, 3, 2, 1, 3, 1, 3, 2, 3, 2, 3, 3, 1, 3, 3, 1, 1, 1, 2, 2, 3, 2, 2, 2, 1, 2, 3, 1, 3, 2, 1, 1, 2, 3, 1, 3, 1, 3, 1, 3, 2, 1, 3, 1, 3, 2, 3, 1, 3, 3, 3, 2, 3, 1, 1, 3, 2, 3, 1, 3, 1, 2, 1, 1, 3, 1]
02/23/2023 12:18:28:INFO: ---------Evaluated Metrics----------
02/23/2023 12:18:28:INFO: Accuracy: 0.432.
02/23/2023 12:18:28:INFO: Macro Precision: 0.4383082020687063.
02/23/2023 12:18:28:INFO: Macro Recall: 0.4602676813634947.
02/23/2023 12:18:28:INFO: Macro F1 score: 0.4344374179192463.
02/23/2023 12:18:28:INFO: ---------confusion_matrix----------
02/23/2023 12:18:28:INFO: 
[[ 82  37  39]
 [ 90  91 109]
 [ 32  48  97]]
02/23/2023 12:18:28:INFO: 模型效果验证详情: {'位置第一个显示标签': 0, '其他位置有情感标签': 0, '全句没有情感标签': 0}.
02/23/2023 12:18:28:INFO: ----------------------Evaluate finished.------------------------
02/23/2023 12:18:28:INFO: --------------Epoch. 7.---------------
02/23/2023 12:18:29:INFO: [Epoch. 7.]: 100%|| 8/8 [00:00<00:00, 17.61it/s, avg_loss=0.403]
02/23/2023 12:18:29:INFO: Epoch 7, average loss: 0.4027528017759323
02/23/2023 12:18:29:INFO: --------------Evaluate on Epoch. 7.---------------
02/23/2023 12:18:29:INFO: tensor([28996, 28997, 28998], device='cuda:0')
02/23/2023 12:18:32:INFO: **********Results Comparison**********
02/23/2023 12:18:32:INFO: 真实标签: 
 [2, 1, 3, 1, 2, 1, 3, 2, 3, 1, 1, 3, 1, 1, 3, 1, 2, 1, 1, 2, 2, 3, 2, 1, 2, 2, 2, 2, 3, 1, 2, 2, 2, 2, 2, 2, 2, 1, 2, 1, 1, 2, 2, 2, 3, 2, 2, 3, 2, 2, 3, 3, 3, 3, 3, 2, 2, 1, 2, 3, 1, 2, 3, 1, 1, 3, 3, 1, 2, 3, 2, 2, 2, 1, 3, 2, 1, 1, 2, 1, 3, 1, 2, 1, 1, 2, 3, 3, 1, 2, 2, 2, 3, 2, 3, 2, 1, 2, 1, 1, 1, 2, 1, 2, 3, 1, 1, 2, 2, 3, 3, 2, 3, 2, 3, 2, 2, 2, 1, 2, 2, 3, 2, 2, 3, 2, 3, 3, 2, 1, 2, 3, 1, 1, 1, 2, 3, 3, 1, 2, 1, 1, 3, 2, 2, 3, 3, 2, 2, 2, 1, 2, 2, 1, 2, 1, 1, 1, 2, 3, 2, 1, 1, 3, 2, 2, 1, 2, 3, 1, 3, 2, 3, 2, 2, 2, 2, 3, 1, 2, 2, 3, 1, 2, 3, 3, 3, 3, 2, 3, 3, 2, 1, 3, 3, 1, 2, 2, 3, 1, 1, 3, 3, 2, 2, 3, 2, 1, 3, 1, 1, 3, 1, 2, 2, 3, 2, 3, 1, 1, 2, 2, 3, 3, 1, 2, 2, 1, 2, 1, 3, 2, 1, 3, 3, 2, 1, 1, 2, 3, 2, 2, 2, 2, 1, 3, 3, 2, 3, 3, 1, 2, 3, 2, 1, 3, 2, 2, 1, 2, 2, 1, 3, 2, 2, 2, 1, 2, 2, 2, 3, 2, 3, 3, 2, 2, 2, 3, 2, 2, 3, 3, 3, 1, 2, 1, 2, 3, 2, 2, 1, 2, 3, 3, 3, 2, 1, 2, 3, 3, 1, 3, 3, 1, 2, 2, 3, 3, 1, 2, 1, 3, 2, 2, 1, 3, 2, 1, 2, 2, 3, 2, 3, 2, 3, 2, 3, 3, 1, 1, 1, 2, 2, 1, 2, 1, 3, 3, 3, 3, 1, 2, 3, 2, 2, 2, 1, 3, 2, 3, 2, 1, 2, 2, 1, 2, 2, 3, 1, 3, 2, 2, 3, 1, 2, 2, 3, 2, 3, 2, 2, 2, 2, 1, 2, 1, 2, 1, 1, 2, 2, 1, 3, 3, 2, 2, 2, 2, 3, 3, 2, 2, 1, 2, 2, 2, 2, 2, 3, 3, 1, 1, 2, 2, 2, 3, 2, 1, 2, 2, 1, 2, 2, 3, 3, 2, 3, 2, 1, 3, 1, 2, 1, 1, 3, 2, 1, 2, 1, 2, 1, 2, 2, 2, 2, 2, 2, 3, 2, 3, 3, 2, 1, 2, 3, 2, 3, 3, 2, 2, 2, 2, 3, 1, 2, 3, 1, 2, 2, 2, 2, 3, 2, 3, 2, 1, 1, 2, 3, 1, 3, 2, 1, 2, 3, 2, 2, 2, 1, 3, 1, 1, 1, 2, 3, 1, 3, 1, 3, 3, 2, 2, 3, 1, 3, 2, 1, 3, 3, 2, 2, 3, 2, 2, 2, 2, 2, 1, 2, 2, 2, 2, 2, 2, 2, 3, 2, 2, 1, 2, 3, 3, 1, 3, 3, 3, 3, 2, 2, 2, 2, 1, 3, 2, 3, 2, 2, 2, 3, 2, 3, 3, 3, 2, 3, 1, 2, 3, 3, 1, 2, 3, 2, 1, 2, 1, 2, 1, 3, 3, 3, 1, 1, 2, 2, 2, 2, 2, 2, 2, 2, 1, 3, 2, 1, 1, 2, 2, 2, 2, 3, 1, 2, 1, 2, 2, 1, 3, 1, 2, 1, 2, 2, 1, 3, 2, 1, 2, 2, 2, 2, 1, 3, 1, 2, 1, 2, 1, 2, 2, 1, 3, 2, 2, 3, 2, 3, 1, 2, 2, 1, 1, 3, 2, 3]
02/23/2023 12:18:32:INFO: 预测标签: 
 [1, 2, 3, 1, 1, 1, 3, 1, 1, 3, 1, 3, 1, 1, 3, 1, 2, 3, 3, 3, 1, 3, 1, 2, 3, 2, 2, 2, 3, 1, 3, 3, 3, 3, 2, 3, 3, 2, 1, 1, 2, 1, 2, 3, 1, 3, 1, 2, 2, 2, 2, 3, 2, 2, 1, 2, 1, 1, 3, 1, 1, 2, 3, 3, 1, 3, 2, 1, 1, 1, 1, 1, 3, 1, 3, 2, 1, 3, 2, 3, 3, 1, 3, 1, 1, 1, 3, 2, 3, 3, 2, 3, 2, 1, 2, 3, 3, 3, 1, 1, 2, 1, 3, 3, 1, 1, 3, 3, 1, 3, 3, 1, 3, 2, 2, 2, 1, 2, 2, 3, 2, 2, 3, 1, 3, 2, 3, 2, 1, 2, 2, 2, 3, 2, 1, 3, 3, 3, 3, 1, 2, 1, 3, 3, 2, 3, 3, 2, 2, 3, 3, 2, 3, 2, 1, 1, 1, 1, 1, 3, 2, 2, 2, 2, 3, 1, 1, 3, 2, 2, 3, 1, 3, 2, 3, 2, 2, 3, 2, 2, 1, 1, 2, 1, 3, 3, 3, 1, 2, 2, 1, 1, 1, 3, 2, 3, 2, 1, 2, 1, 1, 3, 3, 2, 2, 3, 3, 1, 2, 3, 3, 3, 3, 3, 3, 3, 3, 1, 2, 1, 3, 3, 3, 2, 2, 1, 3, 2, 1, 3, 3, 1, 3, 2, 3, 2, 1, 1, 1, 2, 2, 3, 2, 2, 2, 3, 2, 3, 1, 3, 1, 2, 3, 1, 3, 3, 3, 2, 3, 3, 2, 1, 2, 2, 1, 1, 1, 1, 1, 3, 3, 1, 1, 3, 1, 3, 3, 2, 3, 1, 3, 3, 3, 1, 3, 2, 3, 3, 1, 1, 1, 2, 3, 3, 3, 2, 2, 3, 3, 1, 1, 3, 2, 3, 3, 2, 2, 1, 2, 3, 2, 1, 1, 1, 3, 3, 3, 1, 3, 2, 3, 3, 2, 1, 2, 3, 3, 2, 2, 1, 3, 2, 3, 1, 2, 3, 3, 2, 2, 1, 1, 2, 1, 1, 2, 3, 1, 3, 2, 3, 2, 3, 3, 3, 1, 2, 1, 2, 3, 2, 3, 1, 1, 1, 3, 2, 3, 2, 3, 3, 2, 1, 3, 1, 3, 2, 2, 1, 1, 2, 1, 2, 3, 2, 3, 3, 3, 2, 3, 3, 1, 3, 1, 3, 2, 3, 1, 3, 2, 2, 3, 1, 2, 3, 2, 2, 3, 1, 1, 1, 1, 1, 2, 1, 3, 1, 2, 2, 2, 3, 1, 2, 2, 3, 2, 2, 1, 3, 1, 1, 1, 2, 1, 1, 1, 3, 1, 2, 1, 2, 3, 2, 2, 3, 3, 3, 3, 3, 1, 2, 3, 1, 3, 1, 2, 1, 1, 2, 2, 2, 1, 3, 2, 3, 3, 1, 3, 3, 3, 2, 1, 3, 3, 1, 2, 3, 3, 1, 1, 1, 2, 3, 1, 2, 1, 1, 3, 1, 3, 3, 3, 2, 2, 1, 3, 2, 1, 3, 3, 2, 3, 2, 3, 1, 2, 3, 2, 3, 3, 3, 2, 2, 1, 3, 3, 3, 1, 1, 1, 2, 2, 1, 1, 3, 3, 3, 3, 2, 2, 1, 3, 1, 2, 3, 2, 2, 3, 3, 2, 1, 3, 3, 3, 1, 3, 3, 3, 3, 3, 2, 2, 2, 3, 3, 1, 1, 2, 1, 1, 1, 3, 2, 1, 2, 1, 3, 2, 3, 2, 3, 3, 1, 3, 3, 1, 3, 1, 2, 2, 3, 2, 2, 2, 1, 2, 3, 1, 3, 2, 1, 1, 2, 3, 1, 3, 1, 3, 1, 3, 2, 1, 3, 1, 3, 2, 3, 1, 3, 3, 3, 2, 3, 1, 1, 3, 2, 3, 1, 3, 1, 2, 3, 1, 3, 1]
02/23/2023 12:18:32:INFO: ---------Evaluated Metrics----------
02/23/2023 12:18:32:INFO: Accuracy: 0.4384.
02/23/2023 12:18:32:INFO: Macro Precision: 0.44371718049735936.
02/23/2023 12:18:32:INFO: Macro Recall: 0.46271835833495684.
02/23/2023 12:18:32:INFO: Macro F1 score: 0.4401368292429912.
02/23/2023 12:18:32:INFO: ---------confusion_matrix----------
02/23/2023 12:18:32:INFO: 
[[ 79  37  42]
 [ 86  97 107]
 [ 29  50  98]]
02/23/2023 12:18:32:INFO: 模型效果验证详情: {'位置第一个显示标签': 0, '其他位置有情感标签': 0, '全句没有情感标签': 0}.
02/23/2023 12:18:32:INFO: ----------------------Evaluate finished.------------------------
02/23/2023 12:18:32:INFO: --------------Epoch. 8.---------------
02/23/2023 12:18:32:INFO: [Epoch. 8.]: 100%|| 8/8 [00:00<00:00, 17.55it/s, avg_loss=0.369]
02/23/2023 12:18:32:INFO: Epoch 8, average loss: 0.36882668547332287
02/23/2023 12:18:32:INFO: --------------Evaluate on Epoch. 8.---------------
02/23/2023 12:18:32:INFO: tensor([28996, 28997, 28998], device='cuda:0')
02/23/2023 12:18:35:INFO: **********Results Comparison**********
02/23/2023 12:18:35:INFO: 真实标签: 
 [2, 1, 3, 1, 2, 1, 3, 2, 3, 1, 1, 3, 1, 1, 3, 1, 2, 1, 1, 2, 2, 3, 2, 1, 2, 2, 2, 2, 3, 1, 2, 2, 2, 2, 2, 2, 2, 1, 2, 1, 1, 2, 2, 2, 3, 2, 2, 3, 2, 2, 3, 3, 3, 3, 3, 2, 2, 1, 2, 3, 1, 2, 3, 1, 1, 3, 3, 1, 2, 3, 2, 2, 2, 1, 3, 2, 1, 1, 2, 1, 3, 1, 2, 1, 1, 2, 3, 3, 1, 2, 2, 2, 3, 2, 3, 2, 1, 2, 1, 1, 1, 2, 1, 2, 3, 1, 1, 2, 2, 3, 3, 2, 3, 2, 3, 2, 2, 2, 1, 2, 2, 3, 2, 2, 3, 2, 3, 3, 2, 1, 2, 3, 1, 1, 1, 2, 3, 3, 1, 2, 1, 1, 3, 2, 2, 3, 3, 2, 2, 2, 1, 2, 2, 1, 2, 1, 1, 1, 2, 3, 2, 1, 1, 3, 2, 2, 1, 2, 3, 1, 3, 2, 3, 2, 2, 2, 2, 3, 1, 2, 2, 3, 1, 2, 3, 3, 3, 3, 2, 3, 3, 2, 1, 3, 3, 1, 2, 2, 3, 1, 1, 3, 3, 2, 2, 3, 2, 1, 3, 1, 1, 3, 1, 2, 2, 3, 2, 3, 1, 1, 2, 2, 3, 3, 1, 2, 2, 1, 2, 1, 3, 2, 1, 3, 3, 2, 1, 1, 2, 3, 2, 2, 2, 2, 1, 3, 3, 2, 3, 3, 1, 2, 3, 2, 1, 3, 2, 2, 1, 2, 2, 1, 3, 2, 2, 2, 1, 2, 2, 2, 3, 2, 3, 3, 2, 2, 2, 3, 2, 2, 3, 3, 3, 1, 2, 1, 2, 3, 2, 2, 1, 2, 3, 3, 3, 2, 1, 2, 3, 3, 1, 3, 3, 1, 2, 2, 3, 3, 1, 2, 1, 3, 2, 2, 1, 3, 2, 1, 2, 2, 3, 2, 3, 2, 3, 2, 3, 3, 1, 1, 1, 2, 2, 1, 2, 1, 3, 3, 3, 3, 1, 2, 3, 2, 2, 2, 1, 3, 2, 3, 2, 1, 2, 2, 1, 2, 2, 3, 1, 3, 2, 2, 3, 1, 2, 2, 3, 2, 3, 2, 2, 2, 2, 1, 2, 1, 2, 1, 1, 2, 2, 1, 3, 3, 2, 2, 2, 2, 3, 3, 2, 2, 1, 2, 2, 2, 2, 2, 3, 3, 1, 1, 2, 2, 2, 3, 2, 1, 2, 2, 1, 2, 2, 3, 3, 2, 3, 2, 1, 3, 1, 2, 1, 1, 3, 2, 1, 2, 1, 2, 1, 2, 2, 2, 2, 2, 2, 3, 2, 3, 3, 2, 1, 2, 3, 2, 3, 3, 2, 2, 2, 2, 3, 1, 2, 3, 1, 2, 2, 2, 2, 3, 2, 3, 2, 1, 1, 2, 3, 1, 3, 2, 1, 2, 3, 2, 2, 2, 1, 3, 1, 1, 1, 2, 3, 1, 3, 1, 3, 3, 2, 2, 3, 1, 3, 2, 1, 3, 3, 2, 2, 3, 2, 2, 2, 2, 2, 1, 2, 2, 2, 2, 2, 2, 2, 3, 2, 2, 1, 2, 3, 3, 1, 3, 3, 3, 3, 2, 2, 2, 2, 1, 3, 2, 3, 2, 2, 2, 3, 2, 3, 3, 3, 2, 3, 1, 2, 3, 3, 1, 2, 3, 2, 1, 2, 1, 2, 1, 3, 3, 3, 1, 1, 2, 2, 2, 2, 2, 2, 2, 2, 1, 3, 2, 1, 1, 2, 2, 2, 2, 3, 1, 2, 1, 2, 2, 1, 3, 1, 2, 1, 2, 2, 1, 3, 2, 1, 2, 2, 2, 2, 1, 3, 1, 2, 1, 2, 1, 2, 2, 1, 3, 2, 2, 3, 2, 3, 1, 2, 2, 1, 1, 3, 2, 3]
02/23/2023 12:18:35:INFO: 预测标签: 
 [1, 2, 3, 1, 1, 1, 3, 1, 1, 3, 1, 3, 1, 1, 3, 1, 2, 3, 3, 3, 1, 3, 1, 1, 3, 2, 2, 3, 3, 1, 3, 3, 3, 3, 2, 3, 3, 2, 1, 1, 2, 1, 2, 3, 3, 3, 1, 1, 2, 2, 2, 3, 1, 2, 1, 2, 1, 1, 3, 3, 1, 2, 3, 3, 1, 3, 2, 1, 1, 1, 1, 1, 3, 1, 3, 2, 1, 3, 2, 3, 3, 1, 3, 3, 1, 1, 3, 2, 3, 3, 2, 3, 2, 1, 2, 3, 3, 3, 1, 1, 2, 1, 3, 3, 1, 1, 3, 3, 1, 3, 3, 1, 3, 2, 2, 2, 1, 1, 2, 3, 2, 3, 3, 1, 3, 2, 3, 2, 1, 2, 2, 2, 3, 2, 1, 3, 3, 3, 3, 1, 2, 1, 3, 3, 2, 3, 3, 2, 2, 3, 3, 3, 3, 2, 3, 1, 1, 1, 1, 3, 2, 2, 2, 2, 3, 1, 1, 3, 1, 1, 3, 1, 3, 2, 3, 2, 3, 3, 3, 2, 1, 1, 3, 3, 3, 3, 3, 1, 2, 3, 3, 1, 1, 3, 2, 3, 2, 1, 3, 1, 1, 3, 3, 2, 2, 3, 3, 1, 2, 3, 3, 3, 3, 3, 3, 3, 3, 1, 2, 1, 3, 3, 3, 2, 2, 1, 3, 2, 1, 3, 3, 1, 3, 2, 3, 2, 1, 1, 1, 3, 2, 3, 1, 2, 2, 3, 2, 3, 1, 3, 1, 2, 3, 1, 3, 3, 3, 2, 3, 3, 2, 1, 2, 2, 1, 1, 1, 1, 1, 3, 3, 1, 1, 3, 1, 3, 3, 3, 3, 1, 3, 3, 3, 1, 3, 1, 3, 3, 1, 1, 1, 3, 3, 3, 3, 2, 2, 3, 3, 1, 1, 3, 2, 3, 3, 2, 2, 3, 2, 3, 2, 1, 1, 1, 3, 3, 3, 1, 3, 2, 3, 3, 2, 1, 2, 3, 3, 2, 2, 1, 3, 2, 3, 1, 2, 3, 3, 3, 2, 3, 1, 2, 1, 1, 1, 3, 1, 3, 2, 3, 2, 3, 3, 3, 1, 2, 1, 2, 3, 2, 3, 1, 1, 1, 3, 2, 3, 2, 3, 3, 2, 1, 3, 1, 3, 3, 2, 1, 1, 2, 1, 2, 3, 2, 3, 3, 3, 2, 3, 3, 1, 3, 3, 3, 2, 3, 1, 3, 2, 2, 3, 1, 2, 3, 2, 2, 3, 1, 3, 1, 1, 1, 2, 1, 3, 1, 2, 2, 2, 3, 1, 2, 2, 3, 3, 2, 1, 3, 1, 1, 1, 2, 1, 1, 1, 3, 1, 2, 1, 2, 3, 2, 2, 3, 3, 3, 3, 3, 3, 2, 3, 1, 3, 1, 2, 1, 1, 1, 2, 1, 1, 3, 2, 3, 3, 1, 3, 3, 3, 2, 1, 3, 3, 1, 2, 3, 3, 1, 1, 1, 2, 3, 1, 2, 1, 1, 3, 1, 3, 3, 3, 2, 2, 1, 3, 2, 1, 3, 3, 2, 3, 2, 3, 1, 2, 3, 1, 3, 3, 3, 1, 2, 1, 3, 3, 3, 1, 1, 1, 2, 2, 3, 1, 3, 3, 3, 3, 2, 3, 3, 3, 1, 2, 3, 2, 2, 3, 3, 2, 1, 3, 3, 3, 1, 3, 3, 3, 3, 3, 2, 2, 1, 3, 3, 1, 1, 3, 1, 1, 1, 3, 1, 1, 3, 1, 3, 3, 3, 2, 3, 3, 1, 3, 3, 1, 3, 1, 1, 2, 3, 1, 2, 2, 1, 2, 3, 1, 3, 2, 1, 1, 2, 3, 1, 3, 1, 3, 1, 3, 2, 1, 3, 1, 3, 2, 3, 1, 3, 3, 3, 2, 3, 1, 1, 3, 2, 3, 1, 3, 1, 2, 3, 1, 3, 1]
02/23/2023 12:18:35:INFO: ---------Evaluated Metrics----------
02/23/2023 12:18:35:INFO: Accuracy: 0.4368.
02/23/2023 12:18:35:INFO: Macro Precision: 0.45066521523476766.
02/23/2023 12:18:35:INFO: Macro Recall: 0.47302907224782803.
02/23/2023 12:18:35:INFO: Macro F1 score: 0.43732958960877366.
02/23/2023 12:18:35:INFO: ---------confusion_matrix----------
02/23/2023 12:18:35:INFO: 
[[ 81  30  47]
 [ 89  81 120]
 [ 28  38 111]]
02/23/2023 12:18:35:INFO: 模型效果验证详情: {'位置第一个显示标签': 0, '其他位置有情感标签': 0, '全句没有情感标签': 0}.
02/23/2023 12:18:35:INFO: ----------------------Evaluate finished.------------------------
02/23/2023 12:18:35:INFO: --------------Epoch. 9.---------------
02/23/2023 12:18:36:INFO: [Epoch. 9.]: 100%|| 8/8 [00:00<00:00, 17.75it/s, avg_loss=0.323]
02/23/2023 12:18:36:INFO: Epoch 9, average loss: 0.32287342846393585
02/23/2023 12:18:36:INFO: --------------Evaluate on Epoch. 9.---------------
02/23/2023 12:18:36:INFO: tensor([28996, 28997, 28998], device='cuda:0')
02/23/2023 12:18:39:INFO: **********Results Comparison**********
02/23/2023 12:18:39:INFO: 真实标签: 
 [2, 1, 3, 1, 2, 1, 3, 2, 3, 1, 1, 3, 1, 1, 3, 1, 2, 1, 1, 2, 2, 3, 2, 1, 2, 2, 2, 2, 3, 1, 2, 2, 2, 2, 2, 2, 2, 1, 2, 1, 1, 2, 2, 2, 3, 2, 2, 3, 2, 2, 3, 3, 3, 3, 3, 2, 2, 1, 2, 3, 1, 2, 3, 1, 1, 3, 3, 1, 2, 3, 2, 2, 2, 1, 3, 2, 1, 1, 2, 1, 3, 1, 2, 1, 1, 2, 3, 3, 1, 2, 2, 2, 3, 2, 3, 2, 1, 2, 1, 1, 1, 2, 1, 2, 3, 1, 1, 2, 2, 3, 3, 2, 3, 2, 3, 2, 2, 2, 1, 2, 2, 3, 2, 2, 3, 2, 3, 3, 2, 1, 2, 3, 1, 1, 1, 2, 3, 3, 1, 2, 1, 1, 3, 2, 2, 3, 3, 2, 2, 2, 1, 2, 2, 1, 2, 1, 1, 1, 2, 3, 2, 1, 1, 3, 2, 2, 1, 2, 3, 1, 3, 2, 3, 2, 2, 2, 2, 3, 1, 2, 2, 3, 1, 2, 3, 3, 3, 3, 2, 3, 3, 2, 1, 3, 3, 1, 2, 2, 3, 1, 1, 3, 3, 2, 2, 3, 2, 1, 3, 1, 1, 3, 1, 2, 2, 3, 2, 3, 1, 1, 2, 2, 3, 3, 1, 2, 2, 1, 2, 1, 3, 2, 1, 3, 3, 2, 1, 1, 2, 3, 2, 2, 2, 2, 1, 3, 3, 2, 3, 3, 1, 2, 3, 2, 1, 3, 2, 2, 1, 2, 2, 1, 3, 2, 2, 2, 1, 2, 2, 2, 3, 2, 3, 3, 2, 2, 2, 3, 2, 2, 3, 3, 3, 1, 2, 1, 2, 3, 2, 2, 1, 2, 3, 3, 3, 2, 1, 2, 3, 3, 1, 3, 3, 1, 2, 2, 3, 3, 1, 2, 1, 3, 2, 2, 1, 3, 2, 1, 2, 2, 3, 2, 3, 2, 3, 2, 3, 3, 1, 1, 1, 2, 2, 1, 2, 1, 3, 3, 3, 3, 1, 2, 3, 2, 2, 2, 1, 3, 2, 3, 2, 1, 2, 2, 1, 2, 2, 3, 1, 3, 2, 2, 3, 1, 2, 2, 3, 2, 3, 2, 2, 2, 2, 1, 2, 1, 2, 1, 1, 2, 2, 1, 3, 3, 2, 2, 2, 2, 3, 3, 2, 2, 1, 2, 2, 2, 2, 2, 3, 3, 1, 1, 2, 2, 2, 3, 2, 1, 2, 2, 1, 2, 2, 3, 3, 2, 3, 2, 1, 3, 1, 2, 1, 1, 3, 2, 1, 2, 1, 2, 1, 2, 2, 2, 2, 2, 2, 3, 2, 3, 3, 2, 1, 2, 3, 2, 3, 3, 2, 2, 2, 2, 3, 1, 2, 3, 1, 2, 2, 2, 2, 3, 2, 3, 2, 1, 1, 2, 3, 1, 3, 2, 1, 2, 3, 2, 2, 2, 1, 3, 1, 1, 1, 2, 3, 1, 3, 1, 3, 3, 2, 2, 3, 1, 3, 2, 1, 3, 3, 2, 2, 3, 2, 2, 2, 2, 2, 1, 2, 2, 2, 2, 2, 2, 2, 3, 2, 2, 1, 2, 3, 3, 1, 3, 3, 3, 3, 2, 2, 2, 2, 1, 3, 2, 3, 2, 2, 2, 3, 2, 3, 3, 3, 2, 3, 1, 2, 3, 3, 1, 2, 3, 2, 1, 2, 1, 2, 1, 3, 3, 3, 1, 1, 2, 2, 2, 2, 2, 2, 2, 2, 1, 3, 2, 1, 1, 2, 2, 2, 2, 3, 1, 2, 1, 2, 2, 1, 3, 1, 2, 1, 2, 2, 1, 3, 2, 1, 2, 2, 2, 2, 1, 3, 1, 2, 1, 2, 1, 2, 2, 1, 3, 2, 2, 3, 2, 3, 1, 2, 2, 1, 1, 3, 2, 3]
02/23/2023 12:18:39:INFO: 预测标签: 
 [1, 3, 3, 1, 1, 1, 3, 1, 1, 3, 1, 3, 1, 1, 3, 1, 2, 3, 3, 3, 1, 3, 1, 1, 3, 2, 2, 3, 3, 1, 3, 3, 3, 3, 2, 3, 3, 2, 1, 1, 2, 1, 2, 1, 3, 3, 1, 2, 2, 2, 2, 3, 1, 2, 1, 2, 1, 1, 3, 3, 1, 2, 3, 3, 1, 3, 2, 1, 1, 1, 3, 1, 3, 1, 3, 2, 1, 3, 2, 3, 3, 1, 3, 3, 1, 1, 3, 2, 3, 3, 1, 3, 2, 1, 2, 3, 3, 3, 1, 1, 2, 1, 3, 3, 1, 1, 3, 3, 1, 3, 3, 1, 3, 2, 2, 2, 1, 1, 2, 3, 2, 3, 3, 1, 3, 2, 3, 2, 1, 2, 2, 2, 3, 2, 1, 3, 3, 3, 3, 1, 2, 1, 3, 3, 2, 3, 3, 2, 2, 3, 3, 3, 3, 2, 3, 1, 1, 1, 1, 3, 2, 2, 1, 2, 3, 1, 1, 3, 1, 1, 3, 1, 3, 2, 3, 2, 3, 3, 3, 2, 1, 1, 1, 3, 3, 3, 3, 1, 2, 3, 3, 1, 1, 3, 2, 3, 2, 1, 3, 1, 1, 3, 3, 2, 2, 3, 3, 1, 2, 3, 3, 3, 3, 3, 3, 3, 3, 1, 2, 1, 3, 3, 3, 1, 2, 1, 3, 2, 1, 3, 3, 1, 3, 2, 3, 2, 1, 1, 3, 3, 2, 3, 1, 2, 2, 3, 2, 3, 1, 3, 1, 1, 3, 1, 3, 3, 3, 3, 3, 3, 2, 1, 2, 2, 1, 1, 2, 1, 1, 3, 3, 1, 1, 3, 1, 3, 3, 3, 3, 1, 3, 3, 3, 1, 3, 1, 3, 3, 1, 1, 1, 3, 3, 3, 3, 2, 2, 3, 3, 1, 1, 3, 1, 3, 3, 2, 2, 3, 2, 3, 2, 1, 1, 1, 3, 3, 3, 1, 3, 2, 3, 3, 2, 1, 2, 3, 3, 2, 2, 1, 3, 2, 3, 1, 2, 3, 3, 3, 2, 3, 1, 2, 1, 1, 1, 3, 1, 3, 3, 3, 2, 3, 3, 3, 1, 2, 1, 2, 3, 2, 3, 1, 1, 1, 3, 2, 3, 2, 3, 3, 2, 1, 3, 1, 3, 3, 2, 1, 1, 2, 1, 2, 3, 2, 3, 3, 3, 2, 3, 3, 1, 3, 3, 3, 2, 3, 1, 3, 2, 2, 3, 1, 3, 3, 2, 2, 3, 1, 3, 1, 1, 1, 2, 1, 3, 1, 1, 2, 2, 3, 1, 2, 2, 3, 3, 2, 1, 3, 1, 1, 1, 2, 1, 1, 1, 3, 1, 2, 1, 2, 3, 2, 2, 3, 3, 3, 3, 3, 3, 3, 3, 1, 3, 1, 2, 1, 1, 1, 2, 1, 1, 3, 1, 3, 3, 1, 3, 3, 3, 2, 3, 3, 1, 1, 2, 3, 3, 1, 1, 1, 1, 3, 1, 2, 1, 1, 3, 1, 3, 3, 3, 2, 1, 1, 3, 2, 1, 3, 3, 2, 3, 2, 3, 1, 2, 3, 1, 3, 3, 3, 1, 2, 1, 3, 3, 3, 1, 3, 1, 2, 2, 1, 1, 3, 3, 3, 3, 2, 3, 3, 3, 1, 2, 3, 2, 2, 3, 3, 2, 1, 3, 3, 3, 1, 3, 3, 3, 3, 3, 2, 2, 3, 3, 3, 1, 1, 3, 1, 1, 1, 3, 1, 1, 2, 1, 3, 3, 3, 2, 3, 3, 1, 3, 3, 1, 3, 1, 1, 3, 3, 1, 2, 2, 1, 2, 3, 1, 3, 2, 1, 1, 2, 3, 3, 3, 1, 3, 1, 3, 2, 1, 3, 1, 3, 2, 3, 1, 3, 3, 3, 2, 3, 1, 1, 3, 2, 3, 1, 3, 1, 2, 3, 1, 3, 1]
02/23/2023 12:18:39:INFO: ---------Evaluated Metrics----------
02/23/2023 12:18:39:INFO: Accuracy: 0.4304.
02/23/2023 12:18:39:INFO: Macro Precision: 0.44733181220523416.
02/23/2023 12:18:39:INFO: Macro Recall: 0.47108574369040895.
02/23/2023 12:18:39:INFO: Macro F1 score: 0.43042883177300323.
02/23/2023 12:18:39:INFO: ---------confusion_matrix----------
02/23/2023 12:18:39:INFO: 
[[ 83  28  47]
 [ 90  74 126]
 [ 30  35 112]]
02/23/2023 12:18:39:INFO: 模型效果验证详情: {'位置第一个显示标签': 0, '其他位置有情感标签': 0, '全句没有情感标签': 0}.
02/23/2023 12:18:39:INFO: ----------------------Evaluate finished.------------------------
02/23/2023 12:18:39:INFO: --------------Epoch. 10.---------------
02/23/2023 12:18:39:INFO: [Epoch. 10.]: 100%|| 8/8 [00:00<00:00, 17.78it/s, avg_loss=0.304]
02/23/2023 12:18:39:INFO: Epoch 10, average loss: 0.303670983761549
02/23/2023 12:18:39:INFO: --------------Evaluate on Epoch. 10.---------------
02/23/2023 12:18:39:INFO: tensor([28996, 28997, 28998], device='cuda:0')
02/23/2023 12:18:42:INFO: **********Results Comparison**********
02/23/2023 12:18:42:INFO: 真实标签: 
 [2, 1, 3, 1, 2, 1, 3, 2, 3, 1, 1, 3, 1, 1, 3, 1, 2, 1, 1, 2, 2, 3, 2, 1, 2, 2, 2, 2, 3, 1, 2, 2, 2, 2, 2, 2, 2, 1, 2, 1, 1, 2, 2, 2, 3, 2, 2, 3, 2, 2, 3, 3, 3, 3, 3, 2, 2, 1, 2, 3, 1, 2, 3, 1, 1, 3, 3, 1, 2, 3, 2, 2, 2, 1, 3, 2, 1, 1, 2, 1, 3, 1, 2, 1, 1, 2, 3, 3, 1, 2, 2, 2, 3, 2, 3, 2, 1, 2, 1, 1, 1, 2, 1, 2, 3, 1, 1, 2, 2, 3, 3, 2, 3, 2, 3, 2, 2, 2, 1, 2, 2, 3, 2, 2, 3, 2, 3, 3, 2, 1, 2, 3, 1, 1, 1, 2, 3, 3, 1, 2, 1, 1, 3, 2, 2, 3, 3, 2, 2, 2, 1, 2, 2, 1, 2, 1, 1, 1, 2, 3, 2, 1, 1, 3, 2, 2, 1, 2, 3, 1, 3, 2, 3, 2, 2, 2, 2, 3, 1, 2, 2, 3, 1, 2, 3, 3, 3, 3, 2, 3, 3, 2, 1, 3, 3, 1, 2, 2, 3, 1, 1, 3, 3, 2, 2, 3, 2, 1, 3, 1, 1, 3, 1, 2, 2, 3, 2, 3, 1, 1, 2, 2, 3, 3, 1, 2, 2, 1, 2, 1, 3, 2, 1, 3, 3, 2, 1, 1, 2, 3, 2, 2, 2, 2, 1, 3, 3, 2, 3, 3, 1, 2, 3, 2, 1, 3, 2, 2, 1, 2, 2, 1, 3, 2, 2, 2, 1, 2, 2, 2, 3, 2, 3, 3, 2, 2, 2, 3, 2, 2, 3, 3, 3, 1, 2, 1, 2, 3, 2, 2, 1, 2, 3, 3, 3, 2, 1, 2, 3, 3, 1, 3, 3, 1, 2, 2, 3, 3, 1, 2, 1, 3, 2, 2, 1, 3, 2, 1, 2, 2, 3, 2, 3, 2, 3, 2, 3, 3, 1, 1, 1, 2, 2, 1, 2, 1, 3, 3, 3, 3, 1, 2, 3, 2, 2, 2, 1, 3, 2, 3, 2, 1, 2, 2, 1, 2, 2, 3, 1, 3, 2, 2, 3, 1, 2, 2, 3, 2, 3, 2, 2, 2, 2, 1, 2, 1, 2, 1, 1, 2, 2, 1, 3, 3, 2, 2, 2, 2, 3, 3, 2, 2, 1, 2, 2, 2, 2, 2, 3, 3, 1, 1, 2, 2, 2, 3, 2, 1, 2, 2, 1, 2, 2, 3, 3, 2, 3, 2, 1, 3, 1, 2, 1, 1, 3, 2, 1, 2, 1, 2, 1, 2, 2, 2, 2, 2, 2, 3, 2, 3, 3, 2, 1, 2, 3, 2, 3, 3, 2, 2, 2, 2, 3, 1, 2, 3, 1, 2, 2, 2, 2, 3, 2, 3, 2, 1, 1, 2, 3, 1, 3, 2, 1, 2, 3, 2, 2, 2, 1, 3, 1, 1, 1, 2, 3, 1, 3, 1, 3, 3, 2, 2, 3, 1, 3, 2, 1, 3, 3, 2, 2, 3, 2, 2, 2, 2, 2, 1, 2, 2, 2, 2, 2, 2, 2, 3, 2, 2, 1, 2, 3, 3, 1, 3, 3, 3, 3, 2, 2, 2, 2, 1, 3, 2, 3, 2, 2, 2, 3, 2, 3, 3, 3, 2, 3, 1, 2, 3, 3, 1, 2, 3, 2, 1, 2, 1, 2, 1, 3, 3, 3, 1, 1, 2, 2, 2, 2, 2, 2, 2, 2, 1, 3, 2, 1, 1, 2, 2, 2, 2, 3, 1, 2, 1, 2, 2, 1, 3, 1, 2, 1, 2, 2, 1, 3, 2, 1, 2, 2, 2, 2, 1, 3, 1, 2, 1, 2, 1, 2, 2, 1, 3, 2, 2, 3, 2, 3, 1, 2, 2, 1, 1, 3, 2, 3]
02/23/2023 12:18:42:INFO: 预测标签: 
 [1, 3, 3, 1, 1, 1, 3, 1, 1, 3, 1, 3, 1, 1, 3, 1, 2, 3, 3, 3, 1, 3, 1, 1, 3, 2, 2, 3, 3, 1, 3, 3, 3, 3, 2, 3, 3, 2, 1, 1, 2, 1, 2, 1, 3, 3, 1, 2, 2, 2, 2, 3, 1, 2, 3, 2, 1, 1, 3, 3, 1, 2, 3, 3, 1, 3, 2, 1, 1, 1, 3, 1, 3, 1, 3, 2, 1, 3, 2, 3, 3, 1, 3, 3, 1, 1, 3, 2, 3, 3, 1, 3, 2, 1, 2, 3, 3, 3, 1, 3, 2, 1, 3, 3, 1, 1, 3, 3, 1, 3, 3, 1, 3, 2, 2, 2, 1, 1, 2, 3, 2, 3, 3, 1, 3, 2, 3, 2, 1, 2, 2, 2, 3, 2, 1, 3, 3, 3, 3, 1, 2, 1, 3, 3, 2, 3, 3, 2, 2, 3, 3, 3, 3, 2, 3, 1, 1, 1, 1, 3, 2, 2, 2, 2, 3, 1, 1, 3, 1, 1, 3, 1, 3, 2, 3, 2, 3, 3, 3, 2, 1, 1, 2, 3, 3, 3, 3, 3, 2, 3, 3, 1, 1, 3, 2, 3, 2, 1, 3, 1, 1, 3, 3, 2, 2, 3, 3, 1, 2, 3, 3, 3, 3, 3, 3, 3, 3, 1, 2, 1, 3, 3, 3, 1, 2, 1, 3, 2, 2, 3, 3, 3, 3, 2, 3, 2, 1, 1, 3, 3, 2, 3, 1, 2, 2, 3, 2, 3, 3, 3, 1, 1, 3, 1, 3, 3, 3, 3, 3, 3, 2, 1, 2, 2, 1, 1, 2, 1, 1, 3, 3, 1, 3, 3, 1, 3, 3, 3, 3, 1, 3, 3, 3, 1, 3, 1, 3, 3, 1, 1, 1, 3, 3, 3, 3, 2, 2, 3, 3, 1, 1, 3, 2, 3, 3, 2, 2, 3, 2, 3, 2, 1, 1, 1, 3, 3, 3, 1, 3, 2, 3, 3, 2, 1, 2, 3, 3, 2, 2, 1, 3, 2, 3, 1, 2, 3, 3, 3, 2, 3, 1, 2, 1, 1, 1, 3, 1, 3, 2, 3, 2, 3, 3, 3, 1, 2, 1, 2, 3, 2, 3, 1, 3, 1, 3, 2, 3, 2, 3, 3, 2, 1, 3, 1, 3, 3, 2, 1, 1, 2, 3, 2, 3, 2, 3, 3, 3, 2, 3, 3, 1, 3, 3, 3, 2, 1, 1, 3, 2, 2, 3, 1, 3, 3, 2, 2, 3, 1, 3, 1, 1, 1, 2, 1, 3, 1, 2, 2, 2, 3, 1, 2, 2, 3, 3, 2, 1, 3, 1, 1, 1, 2, 1, 1, 3, 3, 1, 2, 1, 2, 3, 2, 2, 3, 3, 3, 3, 3, 3, 2, 3, 1, 3, 1, 2, 1, 1, 1, 2, 1, 1, 3, 1, 3, 3, 1, 3, 3, 3, 2, 3, 3, 1, 1, 2, 3, 3, 1, 1, 1, 2, 3, 1, 2, 1, 1, 3, 1, 3, 3, 3, 2, 1, 1, 3, 2, 1, 3, 3, 2, 3, 2, 3, 1, 2, 3, 2, 3, 3, 3, 2, 2, 1, 3, 3, 3, 1, 3, 1, 2, 2, 3, 1, 3, 3, 3, 3, 2, 3, 3, 3, 1, 2, 3, 2, 2, 3, 3, 2, 1, 3, 3, 3, 1, 3, 3, 3, 3, 3, 2, 2, 2, 3, 3, 1, 1, 3, 1, 1, 1, 3, 1, 1, 2, 1, 3, 3, 3, 2, 3, 3, 1, 3, 3, 1, 3, 1, 1, 3, 3, 1, 2, 2, 1, 2, 3, 1, 3, 2, 1, 1, 2, 3, 3, 3, 1, 3, 1, 3, 2, 3, 3, 1, 3, 2, 3, 1, 3, 3, 3, 2, 3, 1, 1, 3, 2, 3, 1, 3, 1, 2, 3, 1, 3, 1]
02/23/2023 12:18:42:INFO: ---------Evaluated Metrics----------
02/23/2023 12:18:42:INFO: Accuracy: 0.44.
02/23/2023 12:18:42:INFO: Macro Precision: 0.4538319141058867.
02/23/2023 12:18:42:INFO: Macro Recall: 0.47781024741866357.
02/23/2023 12:18:42:INFO: Macro F1 score: 0.440101964981064.
02/23/2023 12:18:42:INFO: ---------confusion_matrix----------
02/23/2023 12:18:42:INFO: 
[[ 79  31  48]
 [ 84  79 127]
 [ 22  38 117]]
02/23/2023 12:18:42:INFO: 模型效果验证详情: {'位置第一个显示标签': 0, '其他位置有情感标签': 0, '全句没有情感标签': 0}.
02/23/2023 12:18:42:INFO: ----------------------Evaluate finished.------------------------
02/23/2023 12:18:42:INFO: --------------Epoch. 11.---------------
02/23/2023 12:18:43:INFO: [Epoch. 11.]: 100%|| 8/8 [00:00<00:00, 17.41it/s, avg_loss=0.268]
02/23/2023 12:18:43:INFO: Epoch 11, average loss: 0.2683958150446415
02/23/2023 12:18:43:INFO: --------------Evaluate on Epoch. 11.---------------
02/23/2023 12:18:43:INFO: tensor([28996, 28997, 28998], device='cuda:0')
02/23/2023 12:18:46:INFO: **********Results Comparison**********
02/23/2023 12:18:46:INFO: 真实标签: 
 [2, 1, 3, 1, 2, 1, 3, 2, 3, 1, 1, 3, 1, 1, 3, 1, 2, 1, 1, 2, 2, 3, 2, 1, 2, 2, 2, 2, 3, 1, 2, 2, 2, 2, 2, 2, 2, 1, 2, 1, 1, 2, 2, 2, 3, 2, 2, 3, 2, 2, 3, 3, 3, 3, 3, 2, 2, 1, 2, 3, 1, 2, 3, 1, 1, 3, 3, 1, 2, 3, 2, 2, 2, 1, 3, 2, 1, 1, 2, 1, 3, 1, 2, 1, 1, 2, 3, 3, 1, 2, 2, 2, 3, 2, 3, 2, 1, 2, 1, 1, 1, 2, 1, 2, 3, 1, 1, 2, 2, 3, 3, 2, 3, 2, 3, 2, 2, 2, 1, 2, 2, 3, 2, 2, 3, 2, 3, 3, 2, 1, 2, 3, 1, 1, 1, 2, 3, 3, 1, 2, 1, 1, 3, 2, 2, 3, 3, 2, 2, 2, 1, 2, 2, 1, 2, 1, 1, 1, 2, 3, 2, 1, 1, 3, 2, 2, 1, 2, 3, 1, 3, 2, 3, 2, 2, 2, 2, 3, 1, 2, 2, 3, 1, 2, 3, 3, 3, 3, 2, 3, 3, 2, 1, 3, 3, 1, 2, 2, 3, 1, 1, 3, 3, 2, 2, 3, 2, 1, 3, 1, 1, 3, 1, 2, 2, 3, 2, 3, 1, 1, 2, 2, 3, 3, 1, 2, 2, 1, 2, 1, 3, 2, 1, 3, 3, 2, 1, 1, 2, 3, 2, 2, 2, 2, 1, 3, 3, 2, 3, 3, 1, 2, 3, 2, 1, 3, 2, 2, 1, 2, 2, 1, 3, 2, 2, 2, 1, 2, 2, 2, 3, 2, 3, 3, 2, 2, 2, 3, 2, 2, 3, 3, 3, 1, 2, 1, 2, 3, 2, 2, 1, 2, 3, 3, 3, 2, 1, 2, 3, 3, 1, 3, 3, 1, 2, 2, 3, 3, 1, 2, 1, 3, 2, 2, 1, 3, 2, 1, 2, 2, 3, 2, 3, 2, 3, 2, 3, 3, 1, 1, 1, 2, 2, 1, 2, 1, 3, 3, 3, 3, 1, 2, 3, 2, 2, 2, 1, 3, 2, 3, 2, 1, 2, 2, 1, 2, 2, 3, 1, 3, 2, 2, 3, 1, 2, 2, 3, 2, 3, 2, 2, 2, 2, 1, 2, 1, 2, 1, 1, 2, 2, 1, 3, 3, 2, 2, 2, 2, 3, 3, 2, 2, 1, 2, 2, 2, 2, 2, 3, 3, 1, 1, 2, 2, 2, 3, 2, 1, 2, 2, 1, 2, 2, 3, 3, 2, 3, 2, 1, 3, 1, 2, 1, 1, 3, 2, 1, 2, 1, 2, 1, 2, 2, 2, 2, 2, 2, 3, 2, 3, 3, 2, 1, 2, 3, 2, 3, 3, 2, 2, 2, 2, 3, 1, 2, 3, 1, 2, 2, 2, 2, 3, 2, 3, 2, 1, 1, 2, 3, 1, 3, 2, 1, 2, 3, 2, 2, 2, 1, 3, 1, 1, 1, 2, 3, 1, 3, 1, 3, 3, 2, 2, 3, 1, 3, 2, 1, 3, 3, 2, 2, 3, 2, 2, 2, 2, 2, 1, 2, 2, 2, 2, 2, 2, 2, 3, 2, 2, 1, 2, 3, 3, 1, 3, 3, 3, 3, 2, 2, 2, 2, 1, 3, 2, 3, 2, 2, 2, 3, 2, 3, 3, 3, 2, 3, 1, 2, 3, 3, 1, 2, 3, 2, 1, 2, 1, 2, 1, 3, 3, 3, 1, 1, 2, 2, 2, 2, 2, 2, 2, 2, 1, 3, 2, 1, 1, 2, 2, 2, 2, 3, 1, 2, 1, 2, 2, 1, 3, 1, 2, 1, 2, 2, 1, 3, 2, 1, 2, 2, 2, 2, 1, 3, 1, 2, 1, 2, 1, 2, 2, 1, 3, 2, 2, 3, 2, 3, 1, 2, 2, 1, 1, 3, 2, 3]
02/23/2023 12:18:46:INFO: 预测标签: 
 [1, 2, 3, 1, 1, 1, 2, 1, 1, 3, 1, 3, 1, 1, 3, 1, 2, 3, 3, 3, 1, 3, 1, 1, 2, 2, 2, 2, 3, 1, 3, 3, 3, 3, 2, 3, 3, 2, 1, 1, 2, 1, 2, 1, 3, 3, 1, 2, 2, 2, 2, 3, 2, 2, 1, 2, 1, 1, 3, 3, 1, 2, 1, 3, 1, 3, 2, 1, 1, 1, 3, 1, 3, 1, 3, 2, 1, 3, 2, 3, 3, 1, 3, 3, 1, 1, 3, 2, 3, 3, 1, 3, 2, 1, 2, 3, 3, 3, 1, 1, 2, 1, 3, 3, 1, 1, 3, 3, 1, 3, 3, 1, 3, 2, 2, 2, 1, 1, 2, 3, 2, 3, 3, 1, 3, 2, 3, 2, 1, 2, 2, 2, 3, 2, 1, 3, 3, 3, 3, 1, 2, 1, 3, 3, 2, 3, 3, 2, 2, 3, 3, 2, 3, 2, 3, 1, 1, 1, 1, 3, 2, 2, 2, 2, 3, 1, 1, 3, 1, 1, 3, 1, 3, 2, 3, 2, 3, 3, 3, 2, 1, 2, 2, 3, 3, 3, 3, 1, 2, 2, 3, 1, 1, 3, 2, 3, 2, 1, 3, 1, 1, 3, 3, 2, 2, 3, 3, 1, 2, 3, 3, 3, 3, 3, 3, 3, 3, 1, 2, 1, 2, 3, 3, 2, 2, 1, 3, 2, 2, 3, 3, 1, 3, 2, 3, 2, 1, 1, 3, 2, 2, 1, 1, 2, 2, 3, 2, 3, 1, 3, 1, 2, 3, 1, 3, 3, 3, 2, 3, 3, 2, 1, 2, 2, 1, 1, 2, 1, 1, 3, 3, 1, 1, 3, 1, 3, 3, 3, 3, 1, 3, 3, 3, 1, 3, 1, 3, 3, 1, 1, 1, 2, 3, 3, 3, 2, 2, 3, 3, 1, 1, 3, 2, 3, 3, 2, 2, 3, 2, 3, 2, 1, 1, 1, 3, 3, 3, 1, 3, 2, 3, 3, 2, 1, 2, 3, 3, 2, 2, 1, 3, 2, 3, 1, 2, 3, 3, 3, 2, 3, 1, 2, 1, 1, 1, 3, 1, 3, 2, 3, 2, 3, 3, 1, 1, 2, 1, 2, 3, 2, 3, 1, 1, 1, 3, 2, 3, 2, 3, 3, 2, 1, 3, 1, 3, 3, 2, 1, 1, 2, 1, 2, 3, 2, 3, 3, 3, 2, 3, 3, 1, 3, 3, 3, 2, 1, 1, 3, 2, 2, 3, 1, 2, 3, 2, 2, 3, 1, 3, 1, 1, 1, 2, 1, 3, 1, 2, 2, 2, 3, 1, 2, 2, 3, 3, 2, 1, 3, 1, 1, 1, 2, 1, 1, 1, 3, 1, 2, 1, 2, 3, 2, 2, 3, 3, 3, 3, 3, 3, 2, 3, 1, 3, 1, 2, 1, 1, 2, 2, 1, 1, 3, 1, 3, 3, 1, 3, 3, 3, 2, 3, 3, 1, 1, 2, 3, 3, 1, 1, 1, 2, 3, 1, 2, 1, 1, 3, 1, 3, 3, 3, 2, 1, 1, 3, 2, 1, 3, 3, 2, 3, 2, 3, 1, 2, 3, 2, 3, 3, 3, 2, 2, 1, 3, 3, 3, 1, 3, 1, 2, 2, 1, 1, 3, 3, 3, 3, 2, 3, 3, 3, 1, 2, 3, 2, 2, 3, 3, 2, 1, 3, 3, 3, 1, 3, 3, 3, 3, 3, 2, 2, 2, 3, 3, 1, 1, 2, 1, 1, 1, 3, 1, 1, 2, 1, 3, 3, 3, 2, 3, 3, 1, 3, 3, 1, 3, 1, 1, 2, 3, 1, 2, 2, 1, 2, 3, 1, 3, 2, 1, 1, 2, 3, 3, 3, 1, 3, 1, 3, 2, 1, 3, 1, 3, 2, 3, 1, 3, 3, 3, 2, 3, 1, 1, 3, 2, 3, 1, 3, 1, 2, 3, 1, 3, 1]
02/23/2023 12:18:46:INFO: ---------Evaluated Metrics----------
02/23/2023 12:18:46:INFO: Accuracy: 0.4432.
02/23/2023 12:18:46:INFO: Macro Precision: 0.45277113120835805.
02/23/2023 12:18:46:INFO: Macro Recall: 0.4737312385071856.
02/23/2023 12:18:46:INFO: Macro F1 score: 0.4444817308594398.
02/23/2023 12:18:46:INFO: ---------confusion_matrix----------
02/23/2023 12:18:46:INFO: 
[[ 80  32  46]
 [ 88  90 112]
 [ 26  44 107]]
02/23/2023 12:18:46:INFO: 模型效果验证详情: {'位置第一个显示标签': 0, '其他位置有情感标签': 0, '全句没有情感标签': 0}.
02/23/2023 12:18:46:INFO: ----------------------Evaluate finished.------------------------
02/23/2023 12:18:46:INFO: --------------Epoch. 12.---------------
02/23/2023 12:18:46:INFO: [Epoch. 12.]: 100%|| 8/8 [00:00<00:00, 17.76it/s, avg_loss=0.25]
02/23/2023 12:18:46:INFO: Epoch 12, average loss: 0.250491950660944
02/23/2023 12:18:46:INFO: --------------Evaluate on Epoch. 12.---------------
02/23/2023 12:18:46:INFO: tensor([28996, 28997, 28998], device='cuda:0')
02/23/2023 12:18:49:INFO: **********Results Comparison**********
02/23/2023 12:18:49:INFO: 真实标签: 
 [2, 1, 3, 1, 2, 1, 3, 2, 3, 1, 1, 3, 1, 1, 3, 1, 2, 1, 1, 2, 2, 3, 2, 1, 2, 2, 2, 2, 3, 1, 2, 2, 2, 2, 2, 2, 2, 1, 2, 1, 1, 2, 2, 2, 3, 2, 2, 3, 2, 2, 3, 3, 3, 3, 3, 2, 2, 1, 2, 3, 1, 2, 3, 1, 1, 3, 3, 1, 2, 3, 2, 2, 2, 1, 3, 2, 1, 1, 2, 1, 3, 1, 2, 1, 1, 2, 3, 3, 1, 2, 2, 2, 3, 2, 3, 2, 1, 2, 1, 1, 1, 2, 1, 2, 3, 1, 1, 2, 2, 3, 3, 2, 3, 2, 3, 2, 2, 2, 1, 2, 2, 3, 2, 2, 3, 2, 3, 3, 2, 1, 2, 3, 1, 1, 1, 2, 3, 3, 1, 2, 1, 1, 3, 2, 2, 3, 3, 2, 2, 2, 1, 2, 2, 1, 2, 1, 1, 1, 2, 3, 2, 1, 1, 3, 2, 2, 1, 2, 3, 1, 3, 2, 3, 2, 2, 2, 2, 3, 1, 2, 2, 3, 1, 2, 3, 3, 3, 3, 2, 3, 3, 2, 1, 3, 3, 1, 2, 2, 3, 1, 1, 3, 3, 2, 2, 3, 2, 1, 3, 1, 1, 3, 1, 2, 2, 3, 2, 3, 1, 1, 2, 2, 3, 3, 1, 2, 2, 1, 2, 1, 3, 2, 1, 3, 3, 2, 1, 1, 2, 3, 2, 2, 2, 2, 1, 3, 3, 2, 3, 3, 1, 2, 3, 2, 1, 3, 2, 2, 1, 2, 2, 1, 3, 2, 2, 2, 1, 2, 2, 2, 3, 2, 3, 3, 2, 2, 2, 3, 2, 2, 3, 3, 3, 1, 2, 1, 2, 3, 2, 2, 1, 2, 3, 3, 3, 2, 1, 2, 3, 3, 1, 3, 3, 1, 2, 2, 3, 3, 1, 2, 1, 3, 2, 2, 1, 3, 2, 1, 2, 2, 3, 2, 3, 2, 3, 2, 3, 3, 1, 1, 1, 2, 2, 1, 2, 1, 3, 3, 3, 3, 1, 2, 3, 2, 2, 2, 1, 3, 2, 3, 2, 1, 2, 2, 1, 2, 2, 3, 1, 3, 2, 2, 3, 1, 2, 2, 3, 2, 3, 2, 2, 2, 2, 1, 2, 1, 2, 1, 1, 2, 2, 1, 3, 3, 2, 2, 2, 2, 3, 3, 2, 2, 1, 2, 2, 2, 2, 2, 3, 3, 1, 1, 2, 2, 2, 3, 2, 1, 2, 2, 1, 2, 2, 3, 3, 2, 3, 2, 1, 3, 1, 2, 1, 1, 3, 2, 1, 2, 1, 2, 1, 2, 2, 2, 2, 2, 2, 3, 2, 3, 3, 2, 1, 2, 3, 2, 3, 3, 2, 2, 2, 2, 3, 1, 2, 3, 1, 2, 2, 2, 2, 3, 2, 3, 2, 1, 1, 2, 3, 1, 3, 2, 1, 2, 3, 2, 2, 2, 1, 3, 1, 1, 1, 2, 3, 1, 3, 1, 3, 3, 2, 2, 3, 1, 3, 2, 1, 3, 3, 2, 2, 3, 2, 2, 2, 2, 2, 1, 2, 2, 2, 2, 2, 2, 2, 3, 2, 2, 1, 2, 3, 3, 1, 3, 3, 3, 3, 2, 2, 2, 2, 1, 3, 2, 3, 2, 2, 2, 3, 2, 3, 3, 3, 2, 3, 1, 2, 3, 3, 1, 2, 3, 2, 1, 2, 1, 2, 1, 3, 3, 3, 1, 1, 2, 2, 2, 2, 2, 2, 2, 2, 1, 3, 2, 1, 1, 2, 2, 2, 2, 3, 1, 2, 1, 2, 2, 1, 3, 1, 2, 1, 2, 2, 1, 3, 2, 1, 2, 2, 2, 2, 1, 3, 1, 2, 1, 2, 1, 2, 2, 1, 3, 2, 2, 3, 2, 3, 1, 2, 2, 1, 1, 3, 2, 3]
02/23/2023 12:18:49:INFO: 预测标签: 
 [1, 2, 3, 1, 1, 1, 2, 1, 1, 3, 1, 3, 1, 1, 3, 1, 2, 3, 3, 3, 1, 3, 1, 1, 2, 2, 2, 2, 3, 1, 3, 3, 3, 3, 2, 3, 3, 2, 1, 1, 2, 1, 2, 1, 3, 3, 1, 2, 2, 2, 2, 3, 2, 2, 1, 2, 1, 1, 3, 3, 1, 2, 1, 3, 1, 3, 2, 1, 1, 1, 1, 1, 3, 1, 3, 2, 1, 3, 2, 3, 3, 1, 3, 3, 1, 1, 3, 2, 3, 3, 1, 3, 2, 1, 2, 3, 3, 3, 1, 1, 2, 1, 3, 3, 1, 1, 3, 3, 1, 3, 3, 1, 3, 2, 2, 2, 1, 1, 2, 3, 2, 3, 3, 1, 3, 2, 3, 2, 1, 2, 2, 2, 3, 2, 1, 3, 3, 3, 3, 1, 2, 1, 3, 3, 2, 3, 3, 2, 2, 3, 3, 2, 3, 2, 3, 1, 1, 1, 1, 3, 2, 2, 2, 2, 3, 1, 1, 3, 1, 1, 3, 1, 3, 2, 3, 2, 3, 3, 3, 2, 1, 2, 2, 3, 3, 3, 3, 1, 2, 2, 3, 1, 1, 3, 2, 3, 2, 1, 3, 1, 1, 3, 3, 2, 2, 3, 3, 1, 2, 3, 3, 3, 3, 3, 3, 3, 3, 1, 2, 1, 2, 3, 3, 2, 2, 1, 3, 2, 2, 3, 3, 1, 3, 2, 3, 2, 1, 1, 1, 2, 2, 1, 1, 2, 2, 3, 2, 3, 1, 3, 2, 2, 3, 1, 3, 3, 3, 2, 3, 1, 2, 1, 2, 2, 1, 1, 2, 1, 1, 1, 3, 1, 1, 3, 1, 3, 3, 3, 3, 1, 3, 3, 3, 1, 3, 1, 3, 3, 1, 1, 1, 2, 3, 3, 3, 2, 2, 3, 3, 1, 1, 3, 2, 3, 3, 2, 2, 1, 2, 3, 2, 1, 1, 1, 3, 3, 3, 1, 3, 2, 3, 3, 2, 1, 2, 3, 3, 2, 2, 1, 3, 2, 3, 1, 2, 3, 3, 1, 2, 3, 1, 2, 1, 1, 1, 3, 1, 3, 2, 3, 2, 3, 1, 1, 1, 2, 1, 2, 3, 2, 1, 1, 1, 1, 3, 2, 3, 2, 3, 3, 2, 1, 3, 1, 3, 3, 2, 1, 1, 2, 1, 2, 3, 2, 3, 3, 1, 2, 3, 3, 1, 3, 3, 3, 2, 1, 1, 3, 2, 2, 3, 1, 2, 3, 2, 2, 3, 1, 3, 1, 1, 1, 2, 1, 3, 1, 2, 2, 2, 3, 1, 2, 2, 3, 3, 2, 1, 3, 1, 1, 1, 2, 1, 1, 1, 3, 1, 2, 1, 2, 1, 2, 2, 3, 3, 3, 3, 3, 3, 2, 3, 1, 3, 1, 2, 1, 1, 2, 2, 2, 1, 3, 1, 3, 3, 1, 3, 1, 3, 2, 1, 3, 1, 1, 2, 3, 3, 1, 1, 1, 2, 1, 1, 2, 1, 1, 3, 1, 3, 3, 3, 2, 2, 1, 3, 2, 1, 3, 3, 2, 3, 2, 3, 1, 2, 3, 2, 3, 3, 3, 2, 2, 1, 3, 1, 3, 1, 1, 1, 2, 2, 1, 1, 3, 3, 3, 3, 2, 3, 3, 3, 1, 2, 3, 2, 2, 3, 3, 2, 1, 3, 3, 3, 1, 3, 3, 3, 3, 3, 2, 2, 2, 3, 3, 1, 1, 2, 1, 1, 1, 3, 1, 1, 2, 1, 3, 3, 3, 2, 3, 3, 1, 3, 3, 1, 3, 1, 1, 2, 3, 1, 2, 2, 1, 2, 3, 1, 3, 2, 1, 1, 2, 3, 3, 3, 1, 3, 1, 3, 2, 1, 3, 1, 3, 2, 3, 1, 3, 3, 3, 2, 3, 1, 1, 3, 2, 3, 1, 3, 1, 2, 3, 1, 3, 1]
02/23/2023 12:18:49:INFO: ---------Evaluated Metrics----------
02/23/2023 12:18:49:INFO: Accuracy: 0.4384.
02/23/2023 12:18:49:INFO: Macro Precision: 0.44627035100821505.
02/23/2023 12:18:49:INFO: Macro Recall: 0.4673477071090429.
02/23/2023 12:18:49:INFO: Macro F1 score: 0.43950339932339283.
02/23/2023 12:18:49:INFO: ---------confusion_matrix----------
02/23/2023 12:18:49:INFO: 
[[ 80  33  45]
 [ 97  91 102]
 [ 29  45 103]]
02/23/2023 12:18:49:INFO: 模型效果验证详情: {'位置第一个显示标签': 1, '其他位置有情感标签': 0, '全句没有情感标签': 0}.
02/23/2023 12:18:49:INFO: ----------------------Evaluate finished.------------------------
02/23/2023 12:18:49:INFO: --------------Epoch. 13.---------------
02/23/2023 12:18:50:INFO: [Epoch. 13.]: 100%|| 8/8 [00:00<00:00, 17.69it/s, avg_loss=0.237]
02/23/2023 12:18:50:INFO: Epoch 13, average loss: 0.2374886078760028
02/23/2023 12:18:50:INFO: --------------Evaluate on Epoch. 13.---------------
02/23/2023 12:18:50:INFO: tensor([28996, 28997, 28998], device='cuda:0')
02/23/2023 12:18:53:INFO: **********Results Comparison**********
02/23/2023 12:18:53:INFO: 真实标签: 
 [2, 1, 3, 1, 2, 1, 3, 2, 3, 1, 1, 3, 1, 1, 3, 1, 2, 1, 1, 2, 2, 3, 2, 1, 2, 2, 2, 2, 3, 1, 2, 2, 2, 2, 2, 2, 2, 1, 2, 1, 1, 2, 2, 2, 3, 2, 2, 3, 2, 2, 3, 3, 3, 3, 3, 2, 2, 1, 2, 3, 1, 2, 3, 1, 1, 3, 3, 1, 2, 3, 2, 2, 2, 1, 3, 2, 1, 1, 2, 1, 3, 1, 2, 1, 1, 2, 3, 3, 1, 2, 2, 2, 3, 2, 3, 2, 1, 2, 1, 1, 1, 2, 1, 2, 3, 1, 1, 2, 2, 3, 3, 2, 3, 2, 3, 2, 2, 2, 1, 2, 2, 3, 2, 2, 3, 2, 3, 3, 2, 1, 2, 3, 1, 1, 1, 2, 3, 3, 1, 2, 1, 1, 3, 2, 2, 3, 3, 2, 2, 2, 1, 2, 2, 1, 2, 1, 1, 1, 2, 3, 2, 1, 1, 3, 2, 2, 1, 2, 3, 1, 3, 2, 3, 2, 2, 2, 2, 3, 1, 2, 2, 3, 1, 2, 3, 3, 3, 3, 2, 3, 3, 2, 1, 3, 3, 1, 2, 2, 3, 1, 1, 3, 3, 2, 2, 3, 2, 1, 3, 1, 1, 3, 1, 2, 2, 3, 2, 3, 1, 1, 2, 2, 3, 3, 1, 2, 2, 1, 2, 1, 3, 2, 1, 3, 3, 2, 1, 1, 2, 3, 2, 2, 2, 2, 1, 3, 3, 2, 3, 3, 1, 2, 3, 2, 1, 3, 2, 2, 1, 2, 2, 1, 3, 2, 2, 2, 1, 2, 2, 2, 3, 2, 3, 3, 2, 2, 2, 3, 2, 2, 3, 3, 3, 1, 2, 1, 2, 3, 2, 2, 1, 2, 3, 3, 3, 2, 1, 2, 3, 3, 1, 3, 3, 1, 2, 2, 3, 3, 1, 2, 1, 3, 2, 2, 1, 3, 2, 1, 2, 2, 3, 2, 3, 2, 3, 2, 3, 3, 1, 1, 1, 2, 2, 1, 2, 1, 3, 3, 3, 3, 1, 2, 3, 2, 2, 2, 1, 3, 2, 3, 2, 1, 2, 2, 1, 2, 2, 3, 1, 3, 2, 2, 3, 1, 2, 2, 3, 2, 3, 2, 2, 2, 2, 1, 2, 1, 2, 1, 1, 2, 2, 1, 3, 3, 2, 2, 2, 2, 3, 3, 2, 2, 1, 2, 2, 2, 2, 2, 3, 3, 1, 1, 2, 2, 2, 3, 2, 1, 2, 2, 1, 2, 2, 3, 3, 2, 3, 2, 1, 3, 1, 2, 1, 1, 3, 2, 1, 2, 1, 2, 1, 2, 2, 2, 2, 2, 2, 3, 2, 3, 3, 2, 1, 2, 3, 2, 3, 3, 2, 2, 2, 2, 3, 1, 2, 3, 1, 2, 2, 2, 2, 3, 2, 3, 2, 1, 1, 2, 3, 1, 3, 2, 1, 2, 3, 2, 2, 2, 1, 3, 1, 1, 1, 2, 3, 1, 3, 1, 3, 3, 2, 2, 3, 1, 3, 2, 1, 3, 3, 2, 2, 3, 2, 2, 2, 2, 2, 1, 2, 2, 2, 2, 2, 2, 2, 3, 2, 2, 1, 2, 3, 3, 1, 3, 3, 3, 3, 2, 2, 2, 2, 1, 3, 2, 3, 2, 2, 2, 3, 2, 3, 3, 3, 2, 3, 1, 2, 3, 3, 1, 2, 3, 2, 1, 2, 1, 2, 1, 3, 3, 3, 1, 1, 2, 2, 2, 2, 2, 2, 2, 2, 1, 3, 2, 1, 1, 2, 2, 2, 2, 3, 1, 2, 1, 2, 2, 1, 3, 1, 2, 1, 2, 2, 1, 3, 2, 1, 2, 2, 2, 2, 1, 3, 1, 2, 1, 2, 1, 2, 2, 1, 3, 2, 2, 3, 2, 3, 1, 2, 2, 1, 1, 3, 2, 3]
02/23/2023 12:18:53:INFO: 预测标签: 
 [1, 2, 3, 1, 1, 1, 2, 1, 1, 3, 1, 3, 1, 1, 3, 1, 2, 3, 3, 3, 1, 3, 1, 1, 2, 2, 2, 3, 3, 1, 3, 3, 3, 3, 2, 3, 3, 2, 1, 1, 2, 1, 2, 1, 3, 3, 1, 2, 2, 2, 2, 3, 2, 2, 1, 2, 1, 1, 3, 3, 1, 2, 1, 3, 1, 3, 2, 1, 1, 1, 1, 1, 3, 1, 3, 2, 1, 3, 2, 3, 3, 1, 3, 3, 1, 1, 3, 2, 3, 3, 1, 3, 2, 1, 2, 3, 3, 3, 1, 1, 2, 1, 3, 3, 1, 1, 3, 3, 1, 3, 3, 1, 3, 2, 2, 2, 1, 1, 2, 3, 2, 3, 3, 1, 3, 2, 3, 2, 1, 2, 2, 2, 3, 2, 1, 3, 3, 3, 3, 1, 2, 1, 3, 3, 2, 3, 3, 2, 2, 3, 3, 2, 3, 2, 3, 1, 1, 1, 1, 3, 2, 2, 2, 2, 3, 1, 1, 3, 1, 1, 3, 1, 3, 2, 3, 2, 3, 3, 3, 2, 1, 1, 1, 3, 3, 3, 3, 1, 2, 2, 3, 1, 1, 3, 2, 3, 2, 1, 3, 1, 1, 3, 3, 2, 2, 3, 3, 1, 2, 3, 3, 3, 3, 3, 3, 3, 3, 1, 2, 1, 2, 3, 3, 2, 2, 1, 3, 2, 1, 3, 3, 1, 3, 2, 3, 2, 1, 1, 3, 2, 2, 1, 1, 2, 2, 3, 2, 3, 1, 3, 1, 1, 3, 1, 3, 3, 3, 2, 3, 1, 2, 1, 2, 2, 1, 1, 2, 1, 1, 1, 3, 1, 1, 3, 1, 3, 3, 3, 3, 1, 3, 3, 3, 1, 3, 1, 3, 3, 1, 1, 1, 2, 3, 3, 3, 2, 2, 3, 3, 1, 1, 3, 2, 3, 3, 2, 2, 1, 2, 3, 2, 1, 1, 1, 3, 3, 3, 1, 3, 2, 3, 3, 2, 1, 2, 3, 3, 2, 2, 1, 3, 2, 3, 1, 2, 3, 3, 1, 2, 3, 1, 2, 1, 1, 1, 3, 1, 3, 2, 3, 2, 3, 1, 1, 1, 2, 1, 2, 3, 2, 1, 1, 1, 1, 3, 2, 3, 2, 3, 3, 2, 1, 3, 1, 3, 3, 2, 1, 1, 2, 1, 2, 3, 2, 3, 3, 1, 2, 3, 3, 1, 3, 3, 3, 2, 1, 1, 3, 2, 2, 3, 1, 2, 3, 2, 2, 3, 1, 3, 1, 1, 1, 2, 1, 3, 1, 2, 2, 2, 3, 1, 2, 2, 3, 3, 2, 1, 3, 1, 1, 1, 2, 1, 1, 1, 3, 1, 2, 1, 2, 3, 2, 2, 3, 3, 3, 3, 3, 3, 2, 3, 1, 3, 1, 2, 1, 1, 2, 2, 2, 1, 3, 1, 3, 3, 1, 3, 1, 3, 2, 3, 3, 1, 1, 2, 3, 3, 1, 1, 1, 2, 1, 1, 2, 1, 1, 3, 1, 3, 3, 3, 2, 1, 1, 3, 2, 1, 3, 3, 2, 3, 2, 3, 1, 2, 3, 2, 3, 3, 3, 2, 2, 1, 3, 1, 3, 1, 3, 1, 2, 2, 1, 1, 3, 3, 3, 3, 2, 3, 3, 3, 1, 2, 3, 2, 2, 3, 3, 2, 1, 3, 3, 3, 1, 3, 3, 3, 3, 3, 2, 2, 2, 3, 3, 1, 1, 2, 1, 1, 1, 3, 1, 1, 2, 1, 3, 3, 3, 2, 3, 3, 1, 3, 3, 1, 3, 1, 1, 2, 3, 1, 2, 2, 1, 2, 3, 1, 3, 2, 1, 1, 2, 3, 3, 3, 1, 3, 1, 3, 2, 1, 3, 1, 3, 2, 3, 1, 3, 3, 3, 2, 3, 1, 1, 3, 2, 3, 1, 3, 1, 2, 3, 1, 3, 1]
02/23/2023 12:18:53:INFO: ---------Evaluated Metrics----------
02/23/2023 12:18:53:INFO: Accuracy: 0.44.
02/23/2023 12:18:53:INFO: Macro Precision: 0.44973511721877735.
02/23/2023 12:18:53:INFO: Macro Recall: 0.4718853188724239.
02/23/2023 12:18:53:INFO: Macro F1 score: 0.4411930245928504.
02/23/2023 12:18:53:INFO: ---------confusion_matrix----------
02/23/2023 12:18:53:INFO: 
[[ 82  31  45]
 [ 97  88 105]
 [ 29  43 105]]
02/23/2023 12:18:53:INFO: 模型效果验证详情: {'位置第一个显示标签': 1, '其他位置有情感标签': 0, '全句没有情感标签': 0}.
02/23/2023 12:18:53:INFO: ----------------------Evaluate finished.------------------------
02/23/2023 12:18:53:INFO: --------------Epoch. 14.---------------
02/23/2023 12:18:53:INFO: [Epoch. 14.]: 100%|| 8/8 [00:00<00:00, 17.86it/s, avg_loss=0.228]
02/23/2023 12:18:53:INFO: Epoch 14, average loss: 0.2275355737656355
02/23/2023 12:18:53:INFO: --------------Evaluate on Epoch. 14.---------------
02/23/2023 12:18:53:INFO: tensor([28996, 28997, 28998], device='cuda:0')
02/23/2023 12:18:56:INFO: **********Results Comparison**********
02/23/2023 12:18:56:INFO: 真实标签: 
 [2, 1, 3, 1, 2, 1, 3, 2, 3, 1, 1, 3, 1, 1, 3, 1, 2, 1, 1, 2, 2, 3, 2, 1, 2, 2, 2, 2, 3, 1, 2, 2, 2, 2, 2, 2, 2, 1, 2, 1, 1, 2, 2, 2, 3, 2, 2, 3, 2, 2, 3, 3, 3, 3, 3, 2, 2, 1, 2, 3, 1, 2, 3, 1, 1, 3, 3, 1, 2, 3, 2, 2, 2, 1, 3, 2, 1, 1, 2, 1, 3, 1, 2, 1, 1, 2, 3, 3, 1, 2, 2, 2, 3, 2, 3, 2, 1, 2, 1, 1, 1, 2, 1, 2, 3, 1, 1, 2, 2, 3, 3, 2, 3, 2, 3, 2, 2, 2, 1, 2, 2, 3, 2, 2, 3, 2, 3, 3, 2, 1, 2, 3, 1, 1, 1, 2, 3, 3, 1, 2, 1, 1, 3, 2, 2, 3, 3, 2, 2, 2, 1, 2, 2, 1, 2, 1, 1, 1, 2, 3, 2, 1, 1, 3, 2, 2, 1, 2, 3, 1, 3, 2, 3, 2, 2, 2, 2, 3, 1, 2, 2, 3, 1, 2, 3, 3, 3, 3, 2, 3, 3, 2, 1, 3, 3, 1, 2, 2, 3, 1, 1, 3, 3, 2, 2, 3, 2, 1, 3, 1, 1, 3, 1, 2, 2, 3, 2, 3, 1, 1, 2, 2, 3, 3, 1, 2, 2, 1, 2, 1, 3, 2, 1, 3, 3, 2, 1, 1, 2, 3, 2, 2, 2, 2, 1, 3, 3, 2, 3, 3, 1, 2, 3, 2, 1, 3, 2, 2, 1, 2, 2, 1, 3, 2, 2, 2, 1, 2, 2, 2, 3, 2, 3, 3, 2, 2, 2, 3, 2, 2, 3, 3, 3, 1, 2, 1, 2, 3, 2, 2, 1, 2, 3, 3, 3, 2, 1, 2, 3, 3, 1, 3, 3, 1, 2, 2, 3, 3, 1, 2, 1, 3, 2, 2, 1, 3, 2, 1, 2, 2, 3, 2, 3, 2, 3, 2, 3, 3, 1, 1, 1, 2, 2, 1, 2, 1, 3, 3, 3, 3, 1, 2, 3, 2, 2, 2, 1, 3, 2, 3, 2, 1, 2, 2, 1, 2, 2, 3, 1, 3, 2, 2, 3, 1, 2, 2, 3, 2, 3, 2, 2, 2, 2, 1, 2, 1, 2, 1, 1, 2, 2, 1, 3, 3, 2, 2, 2, 2, 3, 3, 2, 2, 1, 2, 2, 2, 2, 2, 3, 3, 1, 1, 2, 2, 2, 3, 2, 1, 2, 2, 1, 2, 2, 3, 3, 2, 3, 2, 1, 3, 1, 2, 1, 1, 3, 2, 1, 2, 1, 2, 1, 2, 2, 2, 2, 2, 2, 3, 2, 3, 3, 2, 1, 2, 3, 2, 3, 3, 2, 2, 2, 2, 3, 1, 2, 3, 1, 2, 2, 2, 2, 3, 2, 3, 2, 1, 1, 2, 3, 1, 3, 2, 1, 2, 3, 2, 2, 2, 1, 3, 1, 1, 1, 2, 3, 1, 3, 1, 3, 3, 2, 2, 3, 1, 3, 2, 1, 3, 3, 2, 2, 3, 2, 2, 2, 2, 2, 1, 2, 2, 2, 2, 2, 2, 2, 3, 2, 2, 1, 2, 3, 3, 1, 3, 3, 3, 3, 2, 2, 2, 2, 1, 3, 2, 3, 2, 2, 2, 3, 2, 3, 3, 3, 2, 3, 1, 2, 3, 3, 1, 2, 3, 2, 1, 2, 1, 2, 1, 3, 3, 3, 1, 1, 2, 2, 2, 2, 2, 2, 2, 2, 1, 3, 2, 1, 1, 2, 2, 2, 2, 3, 1, 2, 1, 2, 2, 1, 3, 1, 2, 1, 2, 2, 1, 3, 2, 1, 2, 2, 2, 2, 1, 3, 1, 2, 1, 2, 1, 2, 2, 1, 3, 2, 2, 3, 2, 3, 1, 2, 2, 1, 1, 3, 2, 3]
02/23/2023 12:18:56:INFO: 预测标签: 
 [1, 2, 3, 1, 1, 1, 2, 1, 1, 3, 1, 3, 1, 1, 3, 1, 2, 3, 3, 3, 1, 3, 1, 1, 2, 2, 2, 3, 3, 1, 3, 3, 3, 3, 2, 3, 3, 2, 1, 1, 2, 1, 2, 1, 3, 3, 1, 2, 2, 2, 2, 3, 2, 2, 1, 2, 1, 1, 3, 3, 1, 2, 1, 3, 1, 3, 2, 1, 1, 1, 1, 1, 3, 1, 3, 2, 1, 3, 2, 3, 3, 1, 3, 3, 1, 1, 3, 2, 3, 3, 1, 3, 2, 1, 2, 3, 3, 3, 1, 1, 2, 1, 3, 3, 1, 1, 3, 3, 1, 3, 3, 1, 3, 2, 2, 2, 1, 1, 2, 3, 2, 3, 3, 1, 3, 2, 3, 2, 1, 2, 2, 2, 3, 2, 1, 3, 3, 3, 3, 1, 2, 1, 3, 3, 2, 3, 3, 2, 2, 3, 3, 2, 3, 2, 3, 1, 1, 1, 1, 3, 2, 2, 2, 2, 3, 1, 1, 3, 1, 1, 3, 1, 3, 2, 3, 2, 3, 3, 3, 2, 1, 2, 1, 3, 3, 3, 3, 1, 2, 2, 3, 1, 1, 3, 2, 3, 2, 1, 3, 1, 1, 3, 3, 2, 2, 3, 3, 1, 2, 3, 3, 3, 3, 3, 3, 3, 3, 1, 2, 1, 2, 3, 3, 2, 2, 1, 3, 2, 1, 3, 3, 1, 3, 2, 3, 2, 1, 1, 3, 2, 2, 1, 1, 2, 2, 3, 2, 3, 1, 3, 2, 1, 3, 1, 3, 3, 3, 2, 3, 1, 2, 1, 2, 2, 1, 1, 2, 1, 1, 1, 3, 1, 1, 3, 1, 3, 3, 3, 3, 1, 3, 3, 3, 1, 3, 1, 3, 3, 1, 1, 1, 3, 3, 3, 3, 2, 2, 3, 3, 1, 1, 3, 2, 3, 3, 2, 2, 1, 2, 3, 2, 1, 1, 1, 3, 3, 3, 1, 3, 2, 3, 3, 2, 1, 2, 3, 3, 2, 2, 1, 3, 2, 3, 1, 2, 3, 3, 1, 2, 3, 1, 2, 1, 1, 1, 3, 1, 3, 2, 3, 2, 3, 1, 1, 1, 2, 1, 2, 3, 2, 1, 1, 1, 1, 3, 2, 3, 2, 3, 3, 2, 1, 3, 1, 3, 3, 2, 1, 1, 2, 1, 2, 3, 2, 3, 3, 1, 2, 3, 3, 1, 3, 3, 3, 2, 1, 1, 3, 2, 2, 3, 1, 2, 3, 2, 2, 3, 1, 3, 1, 1, 1, 2, 1, 3, 1, 2, 2, 2, 3, 1, 2, 2, 3, 3, 2, 1, 3, 1, 1, 1, 2, 1, 1, 1, 3, 1, 2, 1, 2, 3, 2, 2, 3, 3, 3, 3, 3, 3, 2, 3, 1, 3, 1, 2, 1, 1, 2, 2, 2, 1, 3, 1, 3, 3, 1, 3, 1, 3, 2, 3, 3, 1, 1, 2, 3, 3, 1, 1, 1, 2, 3, 1, 2, 1, 1, 3, 1, 3, 3, 3, 2, 1, 1, 3, 2, 1, 3, 3, 2, 3, 2, 3, 1, 2, 3, 2, 3, 3, 3, 2, 2, 1, 3, 1, 3, 1, 3, 1, 2, 2, 1, 1, 3, 3, 3, 3, 2, 3, 3, 3, 1, 2, 3, 2, 2, 3, 3, 2, 1, 3, 3, 3, 1, 3, 3, 3, 3, 3, 2, 2, 2, 3, 3, 1, 1, 2, 1, 1, 1, 3, 1, 1, 2, 1, 3, 3, 3, 2, 3, 3, 1, 3, 3, 1, 3, 1, 1, 2, 3, 1, 2, 2, 1, 2, 3, 1, 3, 2, 1, 1, 2, 3, 3, 3, 1, 3, 1, 3, 2, 1, 3, 1, 3, 2, 3, 1, 3, 3, 3, 2, 3, 1, 1, 3, 2, 3, 1, 3, 1, 2, 3, 1, 3, 1]
02/23/2023 12:18:56:INFO: ---------Evaluated Metrics----------
02/23/2023 12:18:56:INFO: Accuracy: 0.4352.
02/23/2023 12:18:56:INFO: Macro Precision: 0.4441821816704716.
02/23/2023 12:18:56:INFO: Macro Recall: 0.4665164843023672.
02/23/2023 12:18:56:INFO: Macro F1 score: 0.436249425956365.
02/23/2023 12:18:56:INFO: ---------confusion_matrix----------
02/23/2023 12:18:56:INFO: 
[[ 80  32  46]
 [ 97  87 106]
 [ 28  44 105]]
02/23/2023 12:18:56:INFO: 模型效果验证详情: {'位置第一个显示标签': 1, '其他位置有情感标签': 0, '全句没有情感标签': 0}.
02/23/2023 12:18:56:INFO: ----------------------Evaluate finished.------------------------
02/23/2023 12:18:56:INFO: --------------Epoch. 15.---------------
02/23/2023 12:18:57:INFO: [Epoch. 15.]: 100%|| 8/8 [00:00<00:00, 17.48it/s, avg_loss=0.249]
02/23/2023 12:18:57:INFO: Epoch 15, average loss: 0.2492590993642807
02/23/2023 12:18:57:INFO: --------------Evaluate on Epoch. 15.---------------
02/23/2023 12:18:57:INFO: tensor([28996, 28997, 28998], device='cuda:0')
02/23/2023 12:19:00:INFO: **********Results Comparison**********
02/23/2023 12:19:00:INFO: 真实标签: 
 [2, 1, 3, 1, 2, 1, 3, 2, 3, 1, 1, 3, 1, 1, 3, 1, 2, 1, 1, 2, 2, 3, 2, 1, 2, 2, 2, 2, 3, 1, 2, 2, 2, 2, 2, 2, 2, 1, 2, 1, 1, 2, 2, 2, 3, 2, 2, 3, 2, 2, 3, 3, 3, 3, 3, 2, 2, 1, 2, 3, 1, 2, 3, 1, 1, 3, 3, 1, 2, 3, 2, 2, 2, 1, 3, 2, 1, 1, 2, 1, 3, 1, 2, 1, 1, 2, 3, 3, 1, 2, 2, 2, 3, 2, 3, 2, 1, 2, 1, 1, 1, 2, 1, 2, 3, 1, 1, 2, 2, 3, 3, 2, 3, 2, 3, 2, 2, 2, 1, 2, 2, 3, 2, 2, 3, 2, 3, 3, 2, 1, 2, 3, 1, 1, 1, 2, 3, 3, 1, 2, 1, 1, 3, 2, 2, 3, 3, 2, 2, 2, 1, 2, 2, 1, 2, 1, 1, 1, 2, 3, 2, 1, 1, 3, 2, 2, 1, 2, 3, 1, 3, 2, 3, 2, 2, 2, 2, 3, 1, 2, 2, 3, 1, 2, 3, 3, 3, 3, 2, 3, 3, 2, 1, 3, 3, 1, 2, 2, 3, 1, 1, 3, 3, 2, 2, 3, 2, 1, 3, 1, 1, 3, 1, 2, 2, 3, 2, 3, 1, 1, 2, 2, 3, 3, 1, 2, 2, 1, 2, 1, 3, 2, 1, 3, 3, 2, 1, 1, 2, 3, 2, 2, 2, 2, 1, 3, 3, 2, 3, 3, 1, 2, 3, 2, 1, 3, 2, 2, 1, 2, 2, 1, 3, 2, 2, 2, 1, 2, 2, 2, 3, 2, 3, 3, 2, 2, 2, 3, 2, 2, 3, 3, 3, 1, 2, 1, 2, 3, 2, 2, 1, 2, 3, 3, 3, 2, 1, 2, 3, 3, 1, 3, 3, 1, 2, 2, 3, 3, 1, 2, 1, 3, 2, 2, 1, 3, 2, 1, 2, 2, 3, 2, 3, 2, 3, 2, 3, 3, 1, 1, 1, 2, 2, 1, 2, 1, 3, 3, 3, 3, 1, 2, 3, 2, 2, 2, 1, 3, 2, 3, 2, 1, 2, 2, 1, 2, 2, 3, 1, 3, 2, 2, 3, 1, 2, 2, 3, 2, 3, 2, 2, 2, 2, 1, 2, 1, 2, 1, 1, 2, 2, 1, 3, 3, 2, 2, 2, 2, 3, 3, 2, 2, 1, 2, 2, 2, 2, 2, 3, 3, 1, 1, 2, 2, 2, 3, 2, 1, 2, 2, 1, 2, 2, 3, 3, 2, 3, 2, 1, 3, 1, 2, 1, 1, 3, 2, 1, 2, 1, 2, 1, 2, 2, 2, 2, 2, 2, 3, 2, 3, 3, 2, 1, 2, 3, 2, 3, 3, 2, 2, 2, 2, 3, 1, 2, 3, 1, 2, 2, 2, 2, 3, 2, 3, 2, 1, 1, 2, 3, 1, 3, 2, 1, 2, 3, 2, 2, 2, 1, 3, 1, 1, 1, 2, 3, 1, 3, 1, 3, 3, 2, 2, 3, 1, 3, 2, 1, 3, 3, 2, 2, 3, 2, 2, 2, 2, 2, 1, 2, 2, 2, 2, 2, 2, 2, 3, 2, 2, 1, 2, 3, 3, 1, 3, 3, 3, 3, 2, 2, 2, 2, 1, 3, 2, 3, 2, 2, 2, 3, 2, 3, 3, 3, 2, 3, 1, 2, 3, 3, 1, 2, 3, 2, 1, 2, 1, 2, 1, 3, 3, 3, 1, 1, 2, 2, 2, 2, 2, 2, 2, 2, 1, 3, 2, 1, 1, 2, 2, 2, 2, 3, 1, 2, 1, 2, 2, 1, 3, 1, 2, 1, 2, 2, 1, 3, 2, 1, 2, 2, 2, 2, 1, 3, 1, 2, 1, 2, 1, 2, 2, 1, 3, 2, 2, 3, 2, 3, 1, 2, 2, 1, 1, 3, 2, 3]
02/23/2023 12:19:00:INFO: 预测标签: 
 [1, 2, 3, 1, 1, 1, 2, 1, 1, 3, 1, 3, 1, 1, 3, 1, 2, 3, 3, 3, 1, 3, 1, 1, 2, 2, 2, 3, 3, 1, 3, 3, 3, 3, 2, 3, 3, 2, 1, 1, 2, 1, 2, 1, 3, 3, 1, 2, 2, 2, 2, 3, 2, 2, 1, 2, 1, 1, 3, 3, 1, 2, 1, 3, 1, 3, 2, 1, 1, 1, 1, 1, 3, 1, 3, 2, 1, 3, 2, 3, 3, 1, 3, 3, 1, 1, 3, 2, 3, 3, 1, 3, 2, 1, 2, 3, 3, 3, 1, 1, 2, 1, 3, 3, 1, 1, 3, 3, 1, 3, 3, 1, 3, 2, 2, 2, 1, 1, 2, 3, 2, 3, 3, 1, 3, 2, 3, 2, 1, 2, 2, 2, 3, 2, 1, 3, 3, 3, 3, 1, 2, 1, 3, 3, 2, 3, 3, 2, 2, 3, 3, 2, 3, 2, 3, 1, 1, 1, 1, 3, 2, 2, 2, 2, 3, 1, 1, 3, 1, 1, 3, 1, 3, 2, 3, 2, 3, 3, 3, 2, 1, 2, 1, 3, 3, 3, 3, 1, 2, 2, 3, 1, 1, 3, 2, 3, 2, 1, 3, 1, 1, 3, 3, 2, 2, 3, 3, 1, 2, 3, 3, 3, 3, 3, 3, 3, 3, 1, 2, 1, 2, 3, 3, 2, 2, 1, 3, 2, 1, 3, 3, 1, 3, 2, 3, 2, 1, 1, 3, 2, 2, 1, 1, 2, 2, 3, 2, 3, 1, 3, 2, 1, 3, 1, 3, 3, 3, 2, 3, 1, 2, 1, 2, 2, 1, 1, 2, 1, 1, 1, 3, 1, 1, 3, 1, 3, 3, 3, 3, 1, 3, 3, 3, 1, 3, 1, 3, 3, 1, 1, 1, 3, 3, 3, 3, 2, 2, 3, 3, 1, 1, 3, 2, 3, 3, 2, 2, 1, 2, 3, 2, 1, 1, 1, 3, 3, 3, 1, 3, 2, 3, 3, 2, 1, 2, 3, 3, 2, 2, 1, 3, 2, 3, 1, 2, 3, 3, 1, 2, 3, 1, 2, 1, 1, 1, 3, 1, 3, 2, 3, 2, 3, 1, 1, 1, 2, 1, 2, 3, 2, 1, 1, 1, 1, 3, 2, 3, 2, 3, 3, 2, 1, 3, 1, 3, 3, 2, 1, 1, 2, 1, 2, 3, 2, 3, 3, 1, 2, 3, 3, 1, 3, 3, 3, 2, 1, 1, 3, 2, 2, 3, 1, 2, 3, 2, 2, 3, 1, 3, 1, 1, 1, 2, 1, 3, 1, 2, 2, 2, 3, 1, 2, 2, 3, 3, 2, 1, 3, 1, 1, 1, 2, 1, 1, 1, 3, 1, 2, 1, 2, 1, 2, 2, 3, 3, 3, 3, 3, 3, 2, 3, 1, 3, 1, 2, 1, 1, 2, 2, 2, 1, 3, 1, 3, 3, 1, 3, 1, 3, 2, 3, 3, 1, 1, 2, 3, 3, 1, 1, 1, 2, 3, 1, 2, 1, 1, 3, 1, 3, 3, 3, 2, 1, 1, 3, 2, 1, 3, 3, 2, 3, 2, 3, 1, 2, 3, 2, 3, 3, 3, 2, 2, 1, 3, 1, 3, 1, 3, 1, 2, 2, 1, 1, 3, 3, 3, 3, 2, 3, 3, 3, 1, 2, 3, 2, 2, 3, 3, 2, 1, 3, 3, 3, 1, 3, 3, 3, 3, 3, 2, 2, 2, 3, 3, 1, 1, 2, 1, 1, 1, 3, 1, 1, 2, 1, 3, 3, 3, 2, 3, 3, 1, 3, 3, 1, 3, 1, 1, 2, 3, 1, 2, 2, 1, 2, 3, 1, 3, 2, 1, 1, 2, 3, 3, 3, 1, 3, 1, 3, 2, 1, 3, 1, 3, 2, 3, 1, 3, 3, 3, 2, 3, 1, 1, 3, 2, 3, 1, 3, 1, 2, 3, 1, 3, 1]
02/23/2023 12:19:00:INFO: ---------Evaluated Metrics----------
02/23/2023 12:19:00:INFO: Accuracy: 0.4336.
02/23/2023 12:19:00:INFO: Macro Precision: 0.4427806152838168.
02/23/2023 12:19:00:INFO: Macro Recall: 0.46463324513099247.
02/23/2023 12:19:00:INFO: Macro F1 score: 0.4346786382789625.
02/23/2023 12:19:00:INFO: ---------confusion_matrix----------
02/23/2023 12:19:00:INFO: 
[[ 80  32  46]
 [ 97  87 106]
 [ 29  44 104]]
02/23/2023 12:19:00:INFO: 模型效果验证详情: {'位置第一个显示标签': 1, '其他位置有情感标签': 0, '全句没有情感标签': 0}.
02/23/2023 12:19:00:INFO: ----------------------Evaluate finished.------------------------
02/23/2023 12:19:00:INFO: --------------Epoch. 16.---------------
02/23/2023 12:19:00:INFO: [Epoch. 16.]: 100%|| 8/8 [00:00<00:00, 17.44it/s, avg_loss=0.253]
02/23/2023 12:19:00:INFO: Epoch 16, average loss: 0.2533786427229643
02/23/2023 12:19:00:INFO: --------------Evaluate on Epoch. 16.---------------
02/23/2023 12:19:00:INFO: tensor([28996, 28997, 28998], device='cuda:0')
02/23/2023 12:19:03:INFO: **********Results Comparison**********
02/23/2023 12:19:03:INFO: 真实标签: 
 [2, 1, 3, 1, 2, 1, 3, 2, 3, 1, 1, 3, 1, 1, 3, 1, 2, 1, 1, 2, 2, 3, 2, 1, 2, 2, 2, 2, 3, 1, 2, 2, 2, 2, 2, 2, 2, 1, 2, 1, 1, 2, 2, 2, 3, 2, 2, 3, 2, 2, 3, 3, 3, 3, 3, 2, 2, 1, 2, 3, 1, 2, 3, 1, 1, 3, 3, 1, 2, 3, 2, 2, 2, 1, 3, 2, 1, 1, 2, 1, 3, 1, 2, 1, 1, 2, 3, 3, 1, 2, 2, 2, 3, 2, 3, 2, 1, 2, 1, 1, 1, 2, 1, 2, 3, 1, 1, 2, 2, 3, 3, 2, 3, 2, 3, 2, 2, 2, 1, 2, 2, 3, 2, 2, 3, 2, 3, 3, 2, 1, 2, 3, 1, 1, 1, 2, 3, 3, 1, 2, 1, 1, 3, 2, 2, 3, 3, 2, 2, 2, 1, 2, 2, 1, 2, 1, 1, 1, 2, 3, 2, 1, 1, 3, 2, 2, 1, 2, 3, 1, 3, 2, 3, 2, 2, 2, 2, 3, 1, 2, 2, 3, 1, 2, 3, 3, 3, 3, 2, 3, 3, 2, 1, 3, 3, 1, 2, 2, 3, 1, 1, 3, 3, 2, 2, 3, 2, 1, 3, 1, 1, 3, 1, 2, 2, 3, 2, 3, 1, 1, 2, 2, 3, 3, 1, 2, 2, 1, 2, 1, 3, 2, 1, 3, 3, 2, 1, 1, 2, 3, 2, 2, 2, 2, 1, 3, 3, 2, 3, 3, 1, 2, 3, 2, 1, 3, 2, 2, 1, 2, 2, 1, 3, 2, 2, 2, 1, 2, 2, 2, 3, 2, 3, 3, 2, 2, 2, 3, 2, 2, 3, 3, 3, 1, 2, 1, 2, 3, 2, 2, 1, 2, 3, 3, 3, 2, 1, 2, 3, 3, 1, 3, 3, 1, 2, 2, 3, 3, 1, 2, 1, 3, 2, 2, 1, 3, 2, 1, 2, 2, 3, 2, 3, 2, 3, 2, 3, 3, 1, 1, 1, 2, 2, 1, 2, 1, 3, 3, 3, 3, 1, 2, 3, 2, 2, 2, 1, 3, 2, 3, 2, 1, 2, 2, 1, 2, 2, 3, 1, 3, 2, 2, 3, 1, 2, 2, 3, 2, 3, 2, 2, 2, 2, 1, 2, 1, 2, 1, 1, 2, 2, 1, 3, 3, 2, 2, 2, 2, 3, 3, 2, 2, 1, 2, 2, 2, 2, 2, 3, 3, 1, 1, 2, 2, 2, 3, 2, 1, 2, 2, 1, 2, 2, 3, 3, 2, 3, 2, 1, 3, 1, 2, 1, 1, 3, 2, 1, 2, 1, 2, 1, 2, 2, 2, 2, 2, 2, 3, 2, 3, 3, 2, 1, 2, 3, 2, 3, 3, 2, 2, 2, 2, 3, 1, 2, 3, 1, 2, 2, 2, 2, 3, 2, 3, 2, 1, 1, 2, 3, 1, 3, 2, 1, 2, 3, 2, 2, 2, 1, 3, 1, 1, 1, 2, 3, 1, 3, 1, 3, 3, 2, 2, 3, 1, 3, 2, 1, 3, 3, 2, 2, 3, 2, 2, 2, 2, 2, 1, 2, 2, 2, 2, 2, 2, 2, 3, 2, 2, 1, 2, 3, 3, 1, 3, 3, 3, 3, 2, 2, 2, 2, 1, 3, 2, 3, 2, 2, 2, 3, 2, 3, 3, 3, 2, 3, 1, 2, 3, 3, 1, 2, 3, 2, 1, 2, 1, 2, 1, 3, 3, 3, 1, 1, 2, 2, 2, 2, 2, 2, 2, 2, 1, 3, 2, 1, 1, 2, 2, 2, 2, 3, 1, 2, 1, 2, 2, 1, 3, 1, 2, 1, 2, 2, 1, 3, 2, 1, 2, 2, 2, 2, 1, 3, 1, 2, 1, 2, 1, 2, 2, 1, 3, 2, 2, 3, 2, 3, 1, 2, 2, 1, 1, 3, 2, 3]
02/23/2023 12:19:03:INFO: 预测标签: 
 [1, 2, 3, 1, 1, 1, 2, 1, 1, 3, 1, 3, 1, 1, 3, 1, 2, 3, 3, 3, 1, 3, 1, 1, 2, 2, 2, 3, 3, 1, 3, 3, 3, 3, 2, 3, 3, 2, 1, 1, 2, 1, 2, 1, 3, 3, 1, 2, 2, 2, 2, 3, 2, 2, 1, 2, 1, 1, 3, 3, 1, 2, 1, 3, 1, 3, 2, 1, 1, 1, 3, 1, 3, 1, 3, 2, 1, 3, 2, 3, 3, 1, 3, 3, 1, 1, 3, 2, 3, 3, 1, 3, 2, 1, 2, 3, 3, 3, 1, 1, 2, 1, 3, 3, 1, 1, 3, 3, 1, 3, 3, 1, 3, 2, 2, 2, 1, 1, 2, 3, 2, 3, 3, 1, 3, 2, 3, 2, 1, 2, 2, 2, 3, 2, 1, 3, 3, 3, 3, 1, 2, 1, 3, 3, 2, 3, 3, 2, 2, 3, 3, 2, 3, 2, 3, 1, 1, 1, 1, 3, 2, 2, 2, 2, 3, 1, 1, 3, 1, 1, 3, 1, 3, 2, 3, 2, 3, 3, 3, 2, 1, 2, 1, 3, 3, 3, 3, 1, 2, 2, 3, 1, 1, 3, 2, 3, 2, 1, 3, 1, 1, 3, 3, 2, 2, 3, 3, 1, 2, 3, 3, 3, 3, 3, 3, 3, 3, 1, 2, 1, 2, 3, 3, 2, 2, 1, 3, 2, 1, 3, 3, 3, 3, 2, 3, 2, 1, 1, 3, 2, 2, 1, 1, 2, 2, 3, 2, 3, 1, 3, 2, 2, 3, 1, 3, 3, 3, 2, 3, 1, 2, 1, 2, 2, 1, 1, 2, 1, 1, 1, 3, 1, 1, 3, 1, 3, 3, 3, 3, 1, 3, 3, 3, 1, 3, 1, 3, 3, 1, 1, 1, 3, 3, 3, 3, 2, 2, 3, 3, 1, 1, 3, 2, 3, 3, 2, 2, 1, 2, 3, 2, 1, 1, 1, 3, 3, 3, 1, 3, 2, 3, 3, 2, 1, 2, 3, 3, 2, 2, 1, 3, 2, 3, 1, 2, 3, 3, 1, 2, 3, 1, 2, 1, 1, 1, 3, 1, 3, 2, 3, 2, 3, 1, 1, 1, 2, 1, 2, 3, 2, 1, 1, 1, 1, 3, 2, 3, 2, 3, 3, 2, 1, 3, 1, 3, 3, 2, 1, 1, 2, 1, 2, 3, 2, 3, 3, 1, 2, 3, 3, 1, 3, 3, 3, 2, 1, 1, 3, 2, 2, 3, 1, 2, 3, 2, 2, 3, 1, 3, 1, 1, 1, 2, 1, 3, 1, 2, 2, 2, 3, 1, 2, 2, 3, 3, 2, 1, 3, 1, 1, 1, 2, 1, 1, 1, 3, 1, 2, 1, 2, 1, 2, 2, 3, 3, 3, 3, 3, 3, 2, 3, 1, 3, 1, 2, 1, 1, 2, 2, 2, 1, 3, 1, 3, 3, 1, 3, 1, 3, 2, 3, 3, 1, 1, 2, 3, 3, 1, 1, 1, 2, 3, 1, 2, 1, 1, 3, 1, 3, 3, 3, 2, 1, 1, 3, 2, 1, 3, 3, 2, 3, 2, 3, 1, 2, 3, 2, 3, 3, 3, 2, 2, 1, 3, 1, 3, 1, 3, 1, 2, 2, 1, 1, 3, 3, 3, 3, 2, 3, 3, 3, 1, 2, 3, 2, 2, 3, 3, 2, 1, 3, 3, 3, 1, 3, 3, 3, 3, 3, 2, 2, 2, 3, 3, 1, 1, 2, 1, 1, 1, 3, 1, 1, 2, 1, 3, 3, 3, 2, 3, 3, 1, 3, 3, 1, 3, 1, 1, 2, 3, 1, 2, 2, 1, 2, 3, 1, 3, 2, 1, 1, 2, 3, 3, 3, 1, 3, 1, 3, 2, 3, 3, 1, 3, 2, 3, 1, 3, 3, 3, 2, 3, 1, 1, 3, 2, 3, 1, 3, 1, 2, 3, 1, 3, 1]
02/23/2023 12:19:03:INFO: ---------Evaluated Metrics----------
02/23/2023 12:19:03:INFO: Accuracy: 0.4352.
02/23/2023 12:19:03:INFO: Macro Precision: 0.44472312378615203.
02/23/2023 12:19:03:INFO: Macro Recall: 0.46578267041834875.
02/23/2023 12:19:03:INFO: Macro F1 score: 0.43639128762193874.
02/23/2023 12:19:03:INFO: ---------confusion_matrix----------
02/23/2023 12:19:03:INFO: 
[[ 80  32  46]
 [ 93  88 109]
 [ 29  44 104]]
02/23/2023 12:19:03:INFO: 模型效果验证详情: {'位置第一个显示标签': 1, '其他位置有情感标签': 0, '全句没有情感标签': 0}.
02/23/2023 12:19:03:INFO: ----------------------Evaluate finished.------------------------
02/23/2023 12:19:03:INFO: --------------Epoch. 17.---------------
02/23/2023 12:19:04:INFO: [Epoch. 17.]: 100%|| 8/8 [00:00<00:00, 17.49it/s, avg_loss=0.212]
02/23/2023 12:19:04:INFO: Epoch 17, average loss: 0.21196761168539524
02/23/2023 12:19:04:INFO: --------------Evaluate on Epoch. 17.---------------
02/23/2023 12:19:04:INFO: tensor([28996, 28997, 28998], device='cuda:0')
02/23/2023 12:19:07:INFO: **********Results Comparison**********
02/23/2023 12:19:07:INFO: 真实标签: 
 [2, 1, 3, 1, 2, 1, 3, 2, 3, 1, 1, 3, 1, 1, 3, 1, 2, 1, 1, 2, 2, 3, 2, 1, 2, 2, 2, 2, 3, 1, 2, 2, 2, 2, 2, 2, 2, 1, 2, 1, 1, 2, 2, 2, 3, 2, 2, 3, 2, 2, 3, 3, 3, 3, 3, 2, 2, 1, 2, 3, 1, 2, 3, 1, 1, 3, 3, 1, 2, 3, 2, 2, 2, 1, 3, 2, 1, 1, 2, 1, 3, 1, 2, 1, 1, 2, 3, 3, 1, 2, 2, 2, 3, 2, 3, 2, 1, 2, 1, 1, 1, 2, 1, 2, 3, 1, 1, 2, 2, 3, 3, 2, 3, 2, 3, 2, 2, 2, 1, 2, 2, 3, 2, 2, 3, 2, 3, 3, 2, 1, 2, 3, 1, 1, 1, 2, 3, 3, 1, 2, 1, 1, 3, 2, 2, 3, 3, 2, 2, 2, 1, 2, 2, 1, 2, 1, 1, 1, 2, 3, 2, 1, 1, 3, 2, 2, 1, 2, 3, 1, 3, 2, 3, 2, 2, 2, 2, 3, 1, 2, 2, 3, 1, 2, 3, 3, 3, 3, 2, 3, 3, 2, 1, 3, 3, 1, 2, 2, 3, 1, 1, 3, 3, 2, 2, 3, 2, 1, 3, 1, 1, 3, 1, 2, 2, 3, 2, 3, 1, 1, 2, 2, 3, 3, 1, 2, 2, 1, 2, 1, 3, 2, 1, 3, 3, 2, 1, 1, 2, 3, 2, 2, 2, 2, 1, 3, 3, 2, 3, 3, 1, 2, 3, 2, 1, 3, 2, 2, 1, 2, 2, 1, 3, 2, 2, 2, 1, 2, 2, 2, 3, 2, 3, 3, 2, 2, 2, 3, 2, 2, 3, 3, 3, 1, 2, 1, 2, 3, 2, 2, 1, 2, 3, 3, 3, 2, 1, 2, 3, 3, 1, 3, 3, 1, 2, 2, 3, 3, 1, 2, 1, 3, 2, 2, 1, 3, 2, 1, 2, 2, 3, 2, 3, 2, 3, 2, 3, 3, 1, 1, 1, 2, 2, 1, 2, 1, 3, 3, 3, 3, 1, 2, 3, 2, 2, 2, 1, 3, 2, 3, 2, 1, 2, 2, 1, 2, 2, 3, 1, 3, 2, 2, 3, 1, 2, 2, 3, 2, 3, 2, 2, 2, 2, 1, 2, 1, 2, 1, 1, 2, 2, 1, 3, 3, 2, 2, 2, 2, 3, 3, 2, 2, 1, 2, 2, 2, 2, 2, 3, 3, 1, 1, 2, 2, 2, 3, 2, 1, 2, 2, 1, 2, 2, 3, 3, 2, 3, 2, 1, 3, 1, 2, 1, 1, 3, 2, 1, 2, 1, 2, 1, 2, 2, 2, 2, 2, 2, 3, 2, 3, 3, 2, 1, 2, 3, 2, 3, 3, 2, 2, 2, 2, 3, 1, 2, 3, 1, 2, 2, 2, 2, 3, 2, 3, 2, 1, 1, 2, 3, 1, 3, 2, 1, 2, 3, 2, 2, 2, 1, 3, 1, 1, 1, 2, 3, 1, 3, 1, 3, 3, 2, 2, 3, 1, 3, 2, 1, 3, 3, 2, 2, 3, 2, 2, 2, 2, 2, 1, 2, 2, 2, 2, 2, 2, 2, 3, 2, 2, 1, 2, 3, 3, 1, 3, 3, 3, 3, 2, 2, 2, 2, 1, 3, 2, 3, 2, 2, 2, 3, 2, 3, 3, 3, 2, 3, 1, 2, 3, 3, 1, 2, 3, 2, 1, 2, 1, 2, 1, 3, 3, 3, 1, 1, 2, 2, 2, 2, 2, 2, 2, 2, 1, 3, 2, 1, 1, 2, 2, 2, 2, 3, 1, 2, 1, 2, 2, 1, 3, 1, 2, 1, 2, 2, 1, 3, 2, 1, 2, 2, 2, 2, 1, 3, 1, 2, 1, 2, 1, 2, 2, 1, 3, 2, 2, 3, 2, 3, 1, 2, 2, 1, 1, 3, 2, 3]
02/23/2023 12:19:07:INFO: 预测标签: 
 [1, 2, 3, 1, 1, 1, 2, 1, 1, 3, 1, 3, 1, 1, 3, 1, 2, 3, 3, 3, 1, 3, 1, 1, 2, 2, 2, 3, 3, 1, 3, 3, 3, 3, 2, 3, 3, 2, 1, 1, 2, 1, 2, 1, 3, 3, 1, 2, 2, 2, 2, 3, 2, 2, 1, 2, 1, 1, 3, 3, 1, 2, 1, 3, 1, 3, 2, 1, 1, 1, 3, 1, 3, 1, 3, 2, 1, 3, 2, 3, 3, 1, 3, 3, 1, 1, 3, 2, 3, 3, 1, 3, 2, 1, 2, 3, 3, 3, 1, 1, 2, 1, 3, 3, 1, 1, 3, 3, 1, 3, 3, 1, 3, 2, 2, 2, 1, 1, 2, 3, 2, 3, 3, 1, 3, 2, 3, 2, 1, 2, 2, 2, 3, 2, 1, 3, 3, 3, 3, 1, 2, 1, 3, 3, 2, 3, 3, 2, 2, 3, 3, 2, 3, 2, 3, 1, 1, 1, 1, 3, 2, 2, 2, 2, 3, 1, 1, 3, 1, 1, 3, 1, 3, 2, 3, 2, 3, 3, 3, 2, 1, 2, 1, 3, 3, 3, 3, 1, 2, 2, 3, 1, 1, 3, 2, 3, 2, 1, 3, 1, 1, 3, 3, 2, 2, 3, 3, 1, 2, 3, 3, 3, 3, 3, 3, 3, 3, 1, 2, 1, 2, 3, 3, 2, 2, 1, 3, 2, 1, 3, 3, 3, 3, 2, 3, 2, 1, 1, 3, 2, 2, 1, 1, 2, 2, 3, 2, 3, 1, 3, 2, 2, 3, 1, 3, 3, 3, 2, 3, 1, 2, 1, 2, 2, 1, 1, 2, 1, 1, 1, 3, 1, 1, 3, 1, 3, 3, 3, 3, 1, 3, 3, 3, 1, 3, 1, 3, 3, 1, 1, 1, 3, 3, 3, 3, 2, 2, 3, 3, 1, 1, 3, 2, 3, 3, 2, 2, 1, 2, 3, 2, 1, 1, 1, 3, 3, 3, 1, 3, 2, 3, 3, 2, 1, 2, 3, 3, 2, 2, 1, 3, 2, 3, 1, 2, 3, 3, 1, 2, 3, 1, 2, 1, 1, 1, 3, 1, 3, 2, 3, 2, 3, 1, 1, 1, 2, 1, 2, 3, 2, 1, 1, 1, 1, 3, 2, 3, 2, 3, 3, 2, 1, 3, 1, 3, 3, 2, 1, 1, 2, 1, 2, 3, 2, 3, 3, 1, 2, 3, 3, 1, 3, 3, 3, 2, 1, 1, 3, 2, 2, 3, 1, 2, 3, 2, 2, 3, 1, 3, 1, 1, 1, 2, 1, 3, 1, 2, 2, 2, 3, 1, 2, 2, 3, 3, 2, 1, 3, 1, 1, 1, 2, 1, 1, 1, 3, 1, 2, 1, 2, 1, 2, 2, 3, 3, 3, 3, 3, 3, 2, 3, 1, 3, 1, 2, 1, 1, 2, 2, 2, 1, 3, 1, 3, 3, 1, 3, 1, 3, 2, 3, 3, 1, 1, 2, 3, 3, 1, 1, 1, 2, 3, 1, 2, 1, 1, 3, 1, 3, 3, 3, 2, 1, 1, 3, 2, 1, 3, 3, 2, 3, 2, 3, 1, 2, 3, 2, 3, 3, 3, 2, 2, 1, 3, 1, 3, 1, 3, 1, 2, 2, 1, 1, 3, 3, 3, 3, 2, 3, 3, 3, 1, 2, 3, 2, 2, 3, 3, 2, 1, 3, 3, 3, 1, 3, 3, 3, 3, 3, 2, 2, 2, 3, 3, 1, 1, 2, 1, 1, 1, 3, 1, 1, 2, 1, 3, 3, 3, 2, 3, 3, 1, 3, 3, 1, 3, 1, 1, 2, 3, 1, 2, 2, 1, 2, 3, 1, 3, 2, 1, 1, 2, 3, 3, 3, 1, 3, 1, 3, 2, 3, 3, 1, 3, 2, 3, 1, 3, 3, 3, 2, 3, 1, 1, 3, 2, 3, 1, 3, 1, 2, 3, 1, 3, 1]
02/23/2023 12:19:07:INFO: ---------Evaluated Metrics----------
02/23/2023 12:19:07:INFO: Accuracy: 0.4352.
02/23/2023 12:19:07:INFO: Macro Precision: 0.44472312378615203.
02/23/2023 12:19:07:INFO: Macro Recall: 0.46578267041834875.
02/23/2023 12:19:07:INFO: Macro F1 score: 0.43639128762193874.
02/23/2023 12:19:07:INFO: ---------confusion_matrix----------
02/23/2023 12:19:07:INFO: 
[[ 80  32  46]
 [ 93  88 109]
 [ 29  44 104]]
02/23/2023 12:19:07:INFO: 模型效果验证详情: {'位置第一个显示标签': 1, '其他位置有情感标签': 0, '全句没有情感标签': 0}.
02/23/2023 12:19:07:INFO: ----------------------Evaluate finished.------------------------
02/23/2023 12:19:07:INFO: Based on [12.th Epoch] best_accuracy: 0.4432.
02/23/2023 12:19:07:INFO: latest 5 epochs not seen performance increased, early stop.
02/23/2023 12:19:07:INFO: ********** Best Results on Dev Dataset **********
02/23/2023 12:19:07:INFO: Best Accuracy: 0.4432.
02/23/2023 12:19:07:INFO: Best Macro Precision: 0.45277113120835805.
02/23/2023 12:19:07:INFO: Best Macro Recall: 0.4737312385071856.
02/23/2023 12:19:07:INFO: Best Macro F1 score: 0.4444817308594398.
02/23/2023 12:19:07:INFO: ***** Training Over *****
02/23/2023 12:19:07:INFO: --------------Testing ...---------------
02/23/2023 12:19:07:INFO: tensor([28996, 28997, 28998], device='cuda:0')
02/23/2023 12:19:10:INFO: **********Results Comparison**********
02/23/2023 12:19:10:INFO: 真实标签: 
 [3, 1, 2, 2, 3, 1, 2, 2, 3, 1, 2, 2, 3, 1, 2, 2, 3, 1, 2, 2, 3, 1, 2, 2, 3, 1, 2, 2, 3, 1, 2, 2, 3, 1, 2, 2, 3, 1, 2, 2, 3, 1, 2, 2, 3, 1, 2, 2, 3, 1, 2, 2, 3, 1, 2, 2, 3, 1, 2, 2, 3, 1, 2, 2, 3, 1, 2, 2, 3, 1, 2, 2, 3, 1, 2, 2, 3, 1, 2, 2, 3, 1, 2, 2, 3, 1, 2, 2, 3, 1, 2, 2, 3, 1, 2, 2, 3, 1, 2, 2, 3, 1, 2, 2, 3, 1, 2, 2, 3, 1, 2, 2, 3, 1, 2, 2, 3, 1, 2, 2, 3, 1, 2, 2, 3, 1, 2, 2, 3, 1, 2, 2, 3, 1, 2, 2, 3, 1, 2, 2, 3, 1, 2, 2, 3, 1, 2, 2, 3, 1, 2, 2, 3, 1, 2, 2, 3, 1, 2, 2, 3, 1, 2, 2, 3, 1, 2, 2, 3, 1, 2, 2, 3, 1, 2, 2, 3, 1, 2, 2, 3, 1, 2, 2, 3, 1, 2, 2, 3, 1, 2, 2, 3, 1, 2, 2, 3, 1, 2, 2, 3, 1, 2, 2, 3, 1, 2, 2, 3, 1, 2, 2, 3, 1, 2, 2, 3, 1, 2, 2, 3, 1, 2, 2, 3, 1, 2, 2, 3, 1, 2, 2, 3, 1, 2, 2, 3, 1, 2, 2, 3, 1, 2, 2, 3, 1, 2, 2, 3, 1, 2, 2, 3, 1, 2, 2, 3, 1, 2, 2, 3, 1, 2, 2, 3, 1, 2, 2, 3, 1, 2, 2, 3, 1, 2, 2, 3, 1, 2, 2, 3, 1, 2, 2, 3, 1, 2, 2, 3, 1, 2, 2, 3, 1, 2, 2, 3, 1, 2, 2, 3, 1, 2, 2, 3, 1, 2, 2, 3, 1, 2, 2, 3, 1, 2, 2, 3, 1, 2, 2, 3, 1, 2, 2, 3, 1, 2, 2, 3, 1, 2, 2, 3, 1, 2, 2, 3, 1, 2, 2, 3, 1, 2, 2, 3, 1, 2, 2, 3, 1, 2, 2, 3, 1, 2, 2, 3, 1, 2, 2, 3, 1, 2, 2, 3, 1, 2, 2, 3, 1, 2, 2, 3, 1, 2, 2, 3, 1, 2, 2, 3, 1, 2, 2, 3, 1, 2, 2, 3, 1, 2, 2, 3, 1, 2, 2, 3, 1, 2, 2, 3, 1, 2, 2, 3, 1, 2, 2, 3, 1, 2, 2, 3, 1, 2, 2, 3, 1, 2, 2, 3, 1, 2, 2, 3, 1, 2, 2, 3, 1, 2, 2, 3, 1, 2, 2, 3, 1, 2, 2, 3, 1, 2, 2, 3, 1, 2, 2, 3, 1, 2, 2, 3, 1, 2, 2, 3, 1, 2, 2, 3, 1, 2, 2, 3, 1, 2, 2, 3, 1, 2, 2, 3, 1, 2, 2, 3, 1, 2, 2, 3, 1, 2, 2, 3, 1, 2, 2, 3, 1, 2, 2, 3, 1, 2, 2, 3, 1, 2, 2, 3, 1, 2, 2, 3, 1, 2, 2, 3, 1, 2, 2, 3, 1, 2, 2, 3, 1, 2, 2, 3, 1, 2, 2, 3, 1, 2, 2, 3, 1, 2, 2, 3, 1, 2, 2, 3, 1, 2, 2, 3, 1, 2, 2, 3, 1, 2, 2, 3, 1, 2, 2, 3, 1, 2, 2, 3, 1, 2, 2, 3, 1, 2, 2, 3, 1, 2, 2, 3, 1, 2, 2, 3, 1, 2, 2, 3, 1, 2, 2, 3, 1, 2, 2, 3, 1, 2, 2, 3, 1, 2, 2, 3, 1, 2, 2, 3, 1, 2, 2, 3, 1, 2, 2, 3, 1, 2, 2, 3, 1, 2, 2, 3, 1, 2, 2, 3, 1, 2, 2, 3, 1, 2, 2, 3, 1, 2, 2, 3, 1, 2, 2, 3, 1, 2, 2, 3, 1, 2, 2, 3, 1, 2, 2, 3, 1, 2, 2, 3, 1, 2, 2, 3, 1, 2, 2, 3, 1, 2, 2, 3, 1, 2, 2, 3, 1, 2, 2, 3, 1, 2, 2, 3, 1, 2, 2, 3, 1, 2, 2, 3, 1, 2, 2, 3, 1, 2, 2, 3, 1, 2, 2]
02/23/2023 12:19:10:INFO: 预测标签: 
 [2, 2, 1, 1, 2, 2, 2, 2, 2, 3, 3, 1, 2, 2, 2, 2, 3, 1, 3, 2, 2, 1, 3, 3, 2, 3, 1, 1, 3, 1, 1, 3, 2, 2, 1, 3, 3, 3, 2, 2, 3, 3, 3, 2, 2, 1, 1, 3, 2, 3, 3, 1, 3, 1, 1, 3, 1, 1, 1, 2, 2, 1, 1, 3, 2, 1, 1, 1, 3, 3, 2, 3, 3, 3, 3, 1, 1, 1, 1, 2, 3, 2, 1, 2, 3, 3, 1, 1, 2, 1, 1, 2, 3, 2, 1, 3, 3, 1, 1, 3, 1, 2, 3, 3, 3, 1, 2, 3, 3, 3, 3, 1, 3, 1, 3, 3, 3, 1, 1, 2, 3, 1, 2, 2, 3, 1, 3, 3, 1, 1, 2, 1, 2, 3, 3, 3, 2, 3, 3, 2, 3, 1, 3, 1, 3, 3, 1, 3, 2, 1, 1, 2, 3, 3, 2, 2, 3, 1, 2, 3, 2, 1, 2, 3, 1, 1, 2, 3, 3, 3, 1, 1, 3, 3, 2, 1, 2, 3, 1, 3, 1, 2, 1, 1, 3, 1, 1, 2, 3, 1, 2, 3, 1, 1, 3, 2, 2, 3, 1, 3, 3, 2, 2, 1, 2, 2, 3, 3, 3, 1, 2, 3, 3, 1, 3, 2, 1, 1, 2, 2, 3, 2, 1, 2, 1, 3, 1, 1, 3, 2, 1, 1, 1, 2, 3, 2, 2, 3, 1, 1, 3, 1, 2, 2, 3, 3, 2, 3, 1, 3, 3, 3, 1, 1, 1, 2, 2, 1, 1, 2, 3, 1, 3, 2, 3, 2, 1, 3, 3, 3, 1, 1, 3, 3, 2, 3, 1, 1, 1, 2, 3, 2, 1, 1, 1, 1, 1, 3, 3, 3, 1, 1, 2, 2, 1, 3, 3, 3, 2, 3, 1, 3, 3, 1, 3, 2, 1, 2, 3, 3, 2, 3, 2, 1, 1, 1, 2, 1, 2, 1, 3, 3, 3, 3, 2, 1, 1, 2, 3, 3, 2, 1, 3, 1, 1, 3, 3, 3, 3, 2, 3, 2, 3, 3, 3, 2, 1, 1, 1, 1, 3, 3, 3, 2, 3, 1, 3, 3, 3, 2, 3, 2, 3, 2, 3, 3, 3, 2, 3, 1, 1, 2, 3, 2, 2, 3, 1, 3, 3, 2, 3, 1, 2, 3, 3, 3, 1, 2, 3, 3, 3, 2, 1, 1, 2, 2, 2, 3, 1, 2, 1, 2, 3, 1, 1, 3, 3, 3, 3, 3, 1, 1, 3, 1, 2, 1, 3, 1, 1, 1, 3, 1, 1, 2, 3, 3, 3, 1, 2, 2, 1, 3, 3, 3, 2, 1, 1, 2, 3, 3, 2, 2, 3, 2, 3, 1, 3, 2, 3, 3, 2, 3, 1, 3, 2, 3, 3, 3, 1, 3, 1, 3, 2, 1, 1, 1, 2, 3, 1, 2, 2, 3, 3, 2, 1, 2, 1, 1, 2, 2, 3, 2, 3, 1, 3, 3, 3, 2, 3, 3, 3, 1, 1, 1, 1, 2, 1, 3, 3, 1, 3, 3, 2, 2, 2, 1, 2, 3, 3, 1, 2, 3, 3, 3, 2, 3, 3, 3, 1, 1, 3, 1, 2, 3, 1, 3, 2, 3, 3, 3, 1, 3, 3, 1, 3, 3, 3, 3, 3, 1, 3, 1, 1, 2, 3, 2, 3, 3, 1, 2, 1, 3, 3, 2, 1, 1, 2, 3, 3, 3, 1, 1, 2, 2, 3, 3, 1, 2, 2, 2, 2, 1, 3, 3, 2, 3, 3, 3, 1, 3, 1, 3, 2, 2, 3, 1, 3, 1, 1, 1, 3, 1, 3, 3, 1, 2, 3, 1, 1, 3, 3, 3, 2, 3, 3, 2, 2, 1, 1, 2, 3, 3, 3, 1, 3, 1, 1, 1, 2, 3, 3, 2, 1, 3, 1, 1, 3, 3, 1, 1, 1, 2, 3, 3, 2, 2, 3, 3, 3, 1, 3, 1, 2, 3, 2, 3, 3, 3, 3, 1, 1, 3, 1, 1, 1, 2, 2, 1, 1, 3, 3, 2, 1, 3, 3, 2, 2, 1, 3, 1, 2, 1, 3, 2, 2, 2, 3, 1, 2, 2, 3, 1, 3, 2, 3, 1, 3, 3, 3, 2, 2, 3]
02/23/2023 12:19:10:INFO: ---------Evaluated Metrics----------
02/23/2023 12:19:10:INFO: Accuracy: 0.407514450867052.
02/23/2023 12:19:10:INFO: Macro Precision: 0.42400054809649795.
02/23/2023 12:19:10:INFO: Macro Recall: 0.43737957610789985.
02/23/2023 12:19:10:INFO: Macro F1 score: 0.40457507841076273.
02/23/2023 12:19:10:INFO: ---------confusion_matrix----------
02/23/2023 12:19:10:INFO: 
[[ 70  40  63]
 [113 110 123]
 [ 38  33 102]]
02/23/2023 12:19:10:INFO: 模型效果验证详情: {'位置第一个显示标签': 0, '其他位置有情感标签': 0, '全句没有情感标签': 0}.
02/23/2023 12:19:10:INFO: ----------------------Testing finished.------------------------
02/23/2023 12:19:10:INFO: bengio.
