02/23/2023 13:14:26:INFO: start.
02/23/2023 13:14:26:INFO: --------hyper-arguments for this training.--------
02/23/2023 13:14:26:INFO: Namespace(answer_strategy='inter_logits_core_token', batch_size=2, dataset='rest15', eval_pre_epochs=1, few_shot=20, learning_rate=1e-05, log_file=None, model_type='WT2ABSA_Mean', patience=5, pre_trained_model='pretrainedmodels/bert-base-cased', save_best_model=False, seed=985, total_epochs=20)
02/23/2023 13:14:26:INFO: ----------dataset files------------
02/23/2023 13:14:26:INFO: {'train': '../WordTrans2ABSA/dataset/rest15/train.json', 'dev': '../WordTrans2ABSA/dataset/rest15/dev.json', 'test': '../WordTrans2ABSA/dataset/rest15/test.json'}
02/23/2023 13:14:32:WARNING: Using custom data configuration default-c3b60632a9f2d90d
02/23/2023 13:14:32:WARNING: Reusing dataset json (C:\Users\Super-IdoI\.cache\huggingface\datasets\json\default-c3b60632a9f2d90d\0.0.0\45636811569ec4a6630521c18235dfbbab83b7ab572e3393c5ba68ccabe98264)
02/23/2023 13:14:32:INFO: -----------------------------------
02/23/2023 13:14:32:INFO: {'I-POS': ['good', 'clever', 'excellent', 'effectual', 'beautiful', 'nice', 'useful', 'well', 'fantastic'], 'I-NEU': ['Michael', 'John', 'David', 'Thomas', 'Martin', 'Paul'], 'I-NEG': ['bad', 'terrible', 'awful', 'badly', 'terrible', 'poor', 'unfortunate', 'harmful', 'dirty', 'sorry']}
02/23/2023 13:14:32:INFO: -----------------------------------
02/23/2023 13:14:32:INFO: {'O': 0, 'I-POS': 1, 'I-NEU': 2, 'I-NEG': 3}
02/23/2023 13:14:32:INFO: {0: 'O', 1: 'I-POS', 2: 'I-NEU', 3: 'I-NEG'}
02/23/2023 13:14:34:INFO: -----------------------------------
02/23/2023 13:14:34:INFO: {'I-POS': 28996, 'I-NEU': 28997, 'I-NEG': 28998}
02/23/2023 13:14:34:INFO: {28996: 'I-POS', 28997: 'I-NEU', 28998: 'I-NEG'}
02/23/2023 13:14:34:INFO: start preprocess dataset.
02/23/2023 13:14:34:WARNING: Loading cached processed dataset at C:\Users\Super-IdoI\.cache\huggingface\datasets\json\default-c3b60632a9f2d90d\0.0.0\45636811569ec4a6630521c18235dfbbab83b7ab572e3393c5ba68ccabe98264\cache-589a3113579e659a.arrow
02/23/2023 13:14:34:WARNING: Loading cached processed dataset at C:\Users\Super-IdoI\.cache\huggingface\datasets\json\default-c3b60632a9f2d90d\0.0.0\45636811569ec4a6630521c18235dfbbab83b7ab572e3393c5ba68ccabe98264\cache-b6069c7cc8b213a5.arrow
02/23/2023 13:14:34:INFO: dataset preprocess finished.
02/23/2023 13:14:34:WARNING: Loading cached processed dataset at C:\Users\Super-IdoI\.cache\huggingface\datasets\json\default-c3b60632a9f2d90d\0.0.0\45636811569ec4a6630521c18235dfbbab83b7ab572e3393c5ba68ccabe98264\cache-4de69ee3b957cf09.arrow
02/23/2023 13:14:34:INFO: Train: 60, Dev: 82, Test: 400.
02/23/2023 13:14:34:INFO: dataloader prepare finished.
02/23/2023 13:14:34:INFO: ***** Start Training *****
02/23/2023 13:14:34:INFO: Total Epochs: 20
02/23/2023 13:14:34:INFO: validate on per-1 epochs.
02/23/2023 13:14:34:INFO: Training Samples Count: 60.
02/23/2023 13:14:34:INFO: Batch Size: 2, 每轮 30 Batch.
02/23/2023 13:14:34:INFO: Learning Rate: 1e-05
02/23/2023 13:14:34:INFO: --------------Epoch. 1.---------------
02/23/2023 13:14:36:INFO: [Epoch. 1.]: 100%|| 30/30 [00:02<00:00, 14.71it/s, avg_loss=1.55]
02/23/2023 13:14:36:INFO: Epoch 1, average loss: 1.550379259387652
02/23/2023 13:14:36:INFO: --------------Evaluate on Epoch. 1.---------------
02/23/2023 13:14:36:INFO: tensor([28996, 28997, 28998], device='cuda:0')
02/23/2023 13:14:36:INFO: **********Results Comparison**********
02/23/2023 13:14:36:INFO: 真实标签: 
 [3, 1, 1, 1, 1, 1, 3, 1, 3, 1, 1, 1, 1, 1, 1, 1, 1, 1, 1, 1, 1, 1, 1, 1, 3, 2, 1, 1, 1, 1, 3, 1, 1, 1, 1, 1, 1, 1, 3, 1, 1, 1, 1, 1, 3, 1, 1, 1, 1, 1, 3, 1, 1, 1, 1, 1, 3, 1, 1, 3, 1, 1, 1, 3, 1, 1, 1, 1, 1, 1, 1, 3, 1, 1, 1, 1, 3, 1, 1, 1, 1, 1]
02/23/2023 13:14:36:INFO: 预测标签: 
 [2, 3, 1, 1, 1, 1, 3, 1, 1, 2, 1, 1, 2, 1, 1, 1, 1, 2, 1, 2, 3, 1, 3, 3, 3, 2, 1, 1, 1, 3, 1, 3, 3, 1, 1, 1, 3, 1, 2, 1, 3, 1, 2, 1, 3, 1, 3, 1, 2, 1, 3, 1, 1, 2, 2, 2, 3, 1, 1, 1, 2, 1, 1, 1, 3, 1, 1, 1, 1, 2, 3, 3, 1, 1, 1, 1, 3, 1, 2, 3, 1, 1]
02/23/2023 13:14:36:INFO: ---------Evaluated Metrics----------
02/23/2023 13:14:36:INFO: Accuracy: 0.6219512195121951.
02/23/2023 13:14:36:INFO: Macro Precision: 0.4438534278959811.
02/23/2023 13:14:36:INFO: Macro Recall: 0.723604826546003.
02/23/2023 13:14:36:INFO: Macro F1 score: 0.43235617039964863.
02/23/2023 13:14:36:INFO: ---------confusion_matrix----------
02/23/2023 13:14:36:INFO: 
[[43 12 13]
 [ 0  1  0]
 [ 4  2  7]]
02/23/2023 13:14:36:INFO: 模型效果验证详情: {'位置第一个显示标签': 0, '其他位置有情感标签': 0, '全句没有情感标签': 0}.
02/23/2023 13:14:36:INFO: ----------------------Evaluate finished.------------------------
02/23/2023 13:14:36:INFO: --------------Epoch. 2.---------------
02/23/2023 13:14:38:INFO: [Epoch. 2.]: 100%|| 30/30 [00:01<00:00, 16.40it/s, avg_loss=0.811]
02/23/2023 13:14:38:INFO: Epoch 2, average loss: 0.8105932255585988
02/23/2023 13:14:38:INFO: --------------Evaluate on Epoch. 2.---------------
02/23/2023 13:14:38:INFO: tensor([28996, 28997, 28998], device='cuda:0')
02/23/2023 13:14:38:INFO: **********Results Comparison**********
02/23/2023 13:14:38:INFO: 真实标签: 
 [3, 1, 1, 1, 1, 1, 3, 1, 3, 1, 1, 1, 1, 1, 1, 1, 1, 1, 1, 1, 1, 1, 1, 1, 3, 2, 1, 1, 1, 1, 3, 1, 1, 1, 1, 1, 1, 1, 3, 1, 1, 1, 1, 1, 3, 1, 1, 1, 1, 1, 3, 1, 1, 1, 1, 1, 3, 1, 1, 3, 1, 1, 1, 3, 1, 1, 1, 1, 1, 1, 1, 3, 1, 1, 1, 1, 3, 1, 1, 1, 1, 1]
02/23/2023 13:14:38:INFO: 预测标签: 
 [2, 1, 1, 2, 1, 2, 2, 2, 3, 2, 2, 1, 2, 1, 2, 1, 2, 2, 2, 2, 2, 2, 3, 2, 3, 2, 2, 2, 2, 2, 2, 2, 2, 1, 1, 2, 2, 2, 2, 2, 1, 2, 2, 2, 2, 1, 2, 2, 2, 1, 3, 1, 1, 2, 2, 2, 2, 2, 2, 1, 2, 2, 1, 2, 2, 1, 2, 2, 2, 2, 2, 2, 2, 1, 2, 1, 3, 2, 2, 2, 2, 2]
02/23/2023 13:14:38:INFO: ---------Evaluated Metrics----------
02/23/2023 13:14:38:INFO: Accuracy: 0.2682926829268293.
02/23/2023 13:14:38:INFO: Macro Precision: 0.5871311989956057.
02/23/2023 13:14:38:INFO: Macro Recall: 0.5192307692307693.
02/23/2023 13:14:38:INFO: Macro F1 score: 0.29104220499569333.
02/23/2023 13:14:38:INFO: ---------confusion_matrix----------
02/23/2023 13:14:38:INFO: 
[[17 50  1]
 [ 0  1  0]
 [ 1  8  4]]
02/23/2023 13:14:38:INFO: 模型效果验证详情: {'位置第一个显示标签': 0, '其他位置有情感标签': 0, '全句没有情感标签': 0}.
02/23/2023 13:14:38:INFO: ----------------------Evaluate finished.------------------------
02/23/2023 13:14:38:INFO: --------------Epoch. 3.---------------
02/23/2023 13:14:40:INFO: [Epoch. 3.]: 100%|| 30/30 [00:01<00:00, 16.36it/s, avg_loss=0.556]
02/23/2023 13:14:40:INFO: Epoch 3, average loss: 0.5560259600480397
02/23/2023 13:14:40:INFO: --------------Evaluate on Epoch. 3.---------------
02/23/2023 13:14:40:INFO: tensor([28996, 28997, 28998], device='cuda:0')
02/23/2023 13:14:41:INFO: **********Results Comparison**********
02/23/2023 13:14:41:INFO: 真实标签: 
 [3, 1, 1, 1, 1, 1, 3, 1, 3, 1, 1, 1, 1, 1, 1, 1, 1, 1, 1, 1, 1, 1, 1, 1, 3, 2, 1, 1, 1, 1, 3, 1, 1, 1, 1, 1, 1, 1, 3, 1, 1, 1, 1, 1, 3, 1, 1, 1, 1, 1, 3, 1, 1, 1, 1, 1, 3, 1, 1, 3, 1, 1, 1, 3, 1, 1, 1, 1, 1, 1, 1, 3, 1, 1, 1, 1, 3, 1, 1, 1, 1, 1]
02/23/2023 13:14:41:INFO: 预测标签: 
 [2, 3, 1, 2, 1, 3, 3, 2, 3, 2, 2, 3, 2, 1, 2, 1, 2, 2, 2, 2, 2, 2, 3, 2, 3, 2, 2, 2, 2, 2, 2, 2, 2, 1, 1, 2, 3, 2, 2, 2, 1, 2, 2, 2, 2, 1, 3, 2, 2, 2, 3, 1, 1, 2, 2, 2, 2, 2, 2, 1, 2, 2, 1, 2, 2, 1, 2, 2, 2, 2, 2, 2, 2, 1, 2, 2, 3, 2, 2, 2, 2, 2]
02/23/2023 13:14:41:INFO: ---------Evaluated Metrics----------
02/23/2023 13:14:41:INFO: Accuracy: 0.23170731707317074.
02/23/2023 13:14:41:INFO: Macro Precision: 0.46688691425533535.
02/23/2023 13:14:41:INFO: Macro Recall: 0.52526395173454.
02/23/2023 13:14:41:INFO: Macro F1 score: 0.2560741986730212.
02/23/2023 13:14:41:INFO: ---------confusion_matrix----------
02/23/2023 13:14:41:INFO: 
[[13 49  6]
 [ 0  1  0]
 [ 1  7  5]]
02/23/2023 13:14:41:INFO: 模型效果验证详情: {'位置第一个显示标签': 0, '其他位置有情感标签': 0, '全句没有情感标签': 0}.
02/23/2023 13:14:41:INFO: ----------------------Evaluate finished.------------------------
02/23/2023 13:14:41:INFO: --------------Epoch. 4.---------------
02/23/2023 13:14:42:INFO: [Epoch. 4.]: 100%|| 30/30 [00:01<00:00, 16.47it/s, avg_loss=0.39]
02/23/2023 13:14:42:INFO: Epoch 4, average loss: 0.3901897308727105
02/23/2023 13:14:42:INFO: --------------Evaluate on Epoch. 4.---------------
02/23/2023 13:14:42:INFO: tensor([28996, 28997, 28998], device='cuda:0')
02/23/2023 13:14:43:INFO: **********Results Comparison**********
02/23/2023 13:14:43:INFO: 真实标签: 
 [3, 1, 1, 1, 1, 1, 3, 1, 3, 1, 1, 1, 1, 1, 1, 1, 1, 1, 1, 1, 1, 1, 1, 1, 3, 2, 1, 1, 1, 1, 3, 1, 1, 1, 1, 1, 1, 1, 3, 1, 1, 1, 1, 1, 3, 1, 1, 1, 1, 1, 3, 1, 1, 1, 1, 1, 3, 1, 1, 3, 1, 1, 1, 3, 1, 1, 1, 1, 1, 1, 1, 3, 1, 1, 1, 1, 3, 1, 1, 1, 1, 1]
02/23/2023 13:14:43:INFO: 预测标签: 
 [2, 1, 1, 2, 1, 1, 3, 2, 3, 2, 2, 1, 2, 1, 1, 1, 2, 2, 2, 2, 2, 2, 2, 3, 3, 2, 2, 2, 2, 2, 2, 2, 2, 1, 1, 2, 3, 2, 2, 2, 1, 1, 2, 1, 2, 1, 3, 2, 2, 2, 3, 1, 1, 2, 2, 2, 2, 2, 2, 2, 2, 2, 1, 2, 2, 1, 2, 2, 2, 2, 2, 2, 2, 1, 2, 2, 3, 2, 2, 2, 2, 2]
02/23/2023 13:14:43:INFO: ---------Evaluated Metrics----------
02/23/2023 13:14:43:INFO: Accuracy: 0.3048780487804878.
02/23/2023 13:14:43:INFO: Macro Precision: 0.5477272727272727.
02/23/2023 13:14:43:INFO: Macro Recall: 0.5546757164404222.
02/23/2023 13:14:43:INFO: Macro F1 score: 0.3162287903667214.
02/23/2023 13:14:43:INFO: ---------confusion_matrix----------
02/23/2023 13:14:43:INFO: 
[[19 46  3]
 [ 0  1  0]
 [ 0  8  5]]
02/23/2023 13:14:43:INFO: 模型效果验证详情: {'位置第一个显示标签': 1, '其他位置有情感标签': 0, '全句没有情感标签': 0}.
02/23/2023 13:14:43:INFO: ----------------------Evaluate finished.------------------------
02/23/2023 13:14:43:INFO: --------------Epoch. 5.---------------
02/23/2023 13:14:45:INFO: [Epoch. 5.]: 100%|| 30/30 [00:01<00:00, 16.57it/s, avg_loss=0.291]
02/23/2023 13:14:45:INFO: Epoch 5, average loss: 0.29076709449291227
02/23/2023 13:14:45:INFO: --------------Evaluate on Epoch. 5.---------------
02/23/2023 13:14:45:INFO: tensor([28996, 28997, 28998], device='cuda:0')
02/23/2023 13:14:45:INFO: **********Results Comparison**********
02/23/2023 13:14:45:INFO: 真实标签: 
 [3, 1, 1, 1, 1, 1, 3, 1, 3, 1, 1, 1, 1, 1, 1, 1, 1, 1, 1, 1, 1, 1, 1, 1, 3, 2, 1, 1, 1, 1, 3, 1, 1, 1, 1, 1, 1, 1, 3, 1, 1, 1, 1, 1, 3, 1, 1, 1, 1, 1, 3, 1, 1, 1, 1, 1, 3, 1, 1, 3, 1, 1, 1, 3, 1, 1, 1, 1, 1, 1, 1, 3, 1, 1, 1, 1, 3, 1, 1, 1, 1, 1]
02/23/2023 13:14:45:INFO: 预测标签: 
 [2, 1, 1, 2, 1, 2, 2, 2, 3, 2, 2, 2, 2, 1, 2, 2, 2, 2, 2, 2, 2, 2, 2, 2, 1, 2, 2, 2, 2, 2, 2, 2, 2, 2, 2, 2, 2, 2, 2, 2, 1, 2, 2, 2, 2, 1, 2, 2, 2, 2, 2, 1, 1, 2, 2, 2, 2, 2, 2, 2, 2, 2, 1, 2, 2, 2, 2, 2, 2, 2, 2, 2, 2, 1, 2, 2, 1, 2, 2, 2, 2, 2]
02/23/2023 13:14:45:INFO: ---------Evaluated Metrics----------
02/23/2023 13:14:45:INFO: Accuracy: 0.14634146341463414.
02/23/2023 13:14:45:INFO: Macro Precision: 0.6159420289855072.
02/23/2023 13:14:45:INFO: Macro Recall: 0.40799396681749617.
02/23/2023 13:14:45:INFO: Macro F1 score: 0.1404761904761905.
02/23/2023 13:14:45:INFO: ---------confusion_matrix----------
02/23/2023 13:14:45:INFO: 
[[10 58  0]
 [ 0  1  0]
 [ 2 10  1]]
02/23/2023 13:14:45:INFO: 模型效果验证详情: {'位置第一个显示标签': 17, '其他位置有情感标签': 0, '全句没有情感标签': 0}.
02/23/2023 13:14:45:INFO: ----------------------Evaluate finished.------------------------
02/23/2023 13:14:45:INFO: --------------Epoch. 6.---------------
02/23/2023 13:14:47:INFO: [Epoch. 6.]: 100%|| 30/30 [00:01<00:00, 16.59it/s, avg_loss=0.184]
02/23/2023 13:14:47:INFO: Epoch 6, average loss: 0.1841782915095488
02/23/2023 13:14:47:INFO: --------------Evaluate on Epoch. 6.---------------
02/23/2023 13:14:47:INFO: tensor([28996, 28997, 28998], device='cuda:0')
02/23/2023 13:14:47:INFO: **********Results Comparison**********
02/23/2023 13:14:47:INFO: 真实标签: 
 [3, 1, 1, 1, 1, 1, 3, 1, 3, 1, 1, 1, 1, 1, 1, 1, 1, 1, 1, 1, 1, 1, 1, 1, 3, 2, 1, 1, 1, 1, 3, 1, 1, 1, 1, 1, 1, 1, 3, 1, 1, 1, 1, 1, 3, 1, 1, 1, 1, 1, 3, 1, 1, 1, 1, 1, 3, 1, 1, 3, 1, 1, 1, 3, 1, 1, 1, 1, 1, 1, 1, 3, 1, 1, 1, 1, 3, 1, 1, 1, 1, 1]
02/23/2023 13:14:47:INFO: 预测标签: 
 [2, 1, 1, 2, 1, 2, 2, 2, 3, 1, 2, 1, 2, 1, 1, 1, 2, 2, 2, 2, 2, 2, 2, 3, 3, 2, 1, 2, 2, 2, 2, 2, 2, 2, 2, 2, 2, 2, 2, 2, 1, 1, 2, 2, 2, 1, 3, 2, 2, 2, 3, 1, 1, 2, 2, 2, 2, 2, 1, 2, 2, 2, 1, 2, 2, 1, 2, 2, 2, 2, 2, 2, 2, 1, 1, 2, 3, 2, 2, 2, 2, 2]
02/23/2023 13:14:47:INFO: ---------Evaluated Metrics----------
02/23/2023 13:14:47:INFO: Accuracy: 0.2926829268292683.
02/23/2023 13:14:47:INFO: Macro Precision: 0.5614035087719298.
02/23/2023 13:14:47:INFO: Macro Recall: 0.5290346907993967.
02/23/2023 13:14:47:INFO: Macro F1 score: 0.2974389997983464.
02/23/2023 13:14:47:INFO: ---------confusion_matrix----------
02/23/2023 13:14:47:INFO: 
[[19 47  2]
 [ 0  1  0]
 [ 0  9  4]]
02/23/2023 13:14:47:INFO: 模型效果验证详情: {'位置第一个显示标签': 13, '其他位置有情感标签': 0, '全句没有情感标签': 0}.
02/23/2023 13:14:47:INFO: ----------------------Evaluate finished.------------------------
02/23/2023 13:14:47:INFO: --------------Epoch. 7.---------------
02/23/2023 13:14:49:INFO: [Epoch. 7.]: 100%|| 30/30 [00:01<00:00, 16.60it/s, avg_loss=0.136]
02/23/2023 13:14:49:INFO: Epoch 7, average loss: 0.13591078196962675
02/23/2023 13:14:49:INFO: --------------Evaluate on Epoch. 7.---------------
02/23/2023 13:14:49:INFO: tensor([28996, 28997, 28998], device='cuda:0')
02/23/2023 13:14:49:INFO: **********Results Comparison**********
02/23/2023 13:14:49:INFO: 真实标签: 
 [3, 1, 1, 1, 1, 1, 3, 1, 3, 1, 1, 1, 1, 1, 1, 1, 1, 1, 1, 1, 1, 1, 1, 1, 3, 2, 1, 1, 1, 1, 3, 1, 1, 1, 1, 1, 1, 1, 3, 1, 1, 1, 1, 1, 3, 1, 1, 1, 1, 1, 3, 1, 1, 1, 1, 1, 3, 1, 1, 3, 1, 1, 1, 3, 1, 1, 1, 1, 1, 1, 1, 3, 1, 1, 1, 1, 3, 1, 1, 1, 1, 1]
02/23/2023 13:14:49:INFO: 预测标签: 
 [2, 1, 1, 2, 1, 1, 3, 2, 3, 1, 2, 1, 2, 1, 1, 2, 2, 2, 2, 2, 3, 2, 3, 3, 3, 2, 2, 2, 2, 2, 2, 2, 1, 2, 1, 2, 3, 2, 2, 1, 1, 1, 2, 2, 2, 1, 3, 2, 2, 2, 3, 1, 1, 2, 2, 2, 2, 2, 1, 2, 2, 2, 1, 2, 2, 1, 2, 2, 2, 2, 2, 2, 1, 1, 1, 2, 3, 2, 2, 2, 2, 2]
02/23/2023 13:14:49:INFO: ---------Evaluated Metrics----------
02/23/2023 13:14:49:INFO: Accuracy: 0.34146341463414637.
02/23/2023 13:14:49:INFO: Macro Precision: 0.5066666666666667.
02/23/2023 13:14:49:INFO: Macro Recall: 0.5693815987933635.
02/23/2023 13:14:49:INFO: Macro F1 score: 0.3209623946196836.
02/23/2023 13:14:49:INFO: ---------confusion_matrix----------
02/23/2023 13:14:49:INFO: 
[[22 41  5]
 [ 0  1  0]
 [ 0  8  5]]
02/23/2023 13:14:49:INFO: 模型效果验证详情: {'位置第一个显示标签': 23, '其他位置有情感标签': 0, '全句没有情感标签': 0}.
02/23/2023 13:14:49:INFO: ----------------------Evaluate finished.------------------------
02/23/2023 13:14:49:INFO: Based on [2.th Epoch] best_accuracy: 0.6219512195121951.
02/23/2023 13:14:49:INFO: latest 5 epochs not seen performance increased, early stop.
02/23/2023 13:14:49:INFO: ********** Best Results on Dev Dataset **********
02/23/2023 13:14:49:INFO: Best Accuracy: 0.6219512195121951.
02/23/2023 13:14:49:INFO: Best Macro Precision: 0.4438534278959811.
02/23/2023 13:14:49:INFO: Best Macro Recall: 0.723604826546003.
02/23/2023 13:14:49:INFO: Best Macro F1 score: 0.43235617039964863.
02/23/2023 13:14:49:INFO: ***** Training Over *****
02/23/2023 13:14:49:INFO: --------------Testing ...---------------
02/23/2023 13:14:49:INFO: tensor([28996, 28997, 28998], device='cuda:0')
02/23/2023 13:14:51:INFO: **********Results Comparison**********
02/23/2023 13:14:51:INFO: 真实标签: 
 [1, 1, 1, 1, 3, 3, 1, 1, 1, 1, 1, 1, 1, 1, 1, 3, 1, 1, 1, 1, 1, 3, 3, 1, 1, 1, 2, 1, 1, 1, 1, 1, 1, 1, 1, 1, 1, 1, 1, 2, 2, 3, 3, 1, 1, 1, 1, 1, 1, 3, 3, 3, 1, 2, 3, 3, 3, 3, 3, 1, 3, 1, 1, 1, 1, 1, 1, 1, 1, 1, 3, 3, 3, 3, 3, 3, 1, 1, 1, 1, 1, 1, 1, 3, 2, 1, 1, 1, 1, 1, 1, 1, 1, 1, 1, 1, 3, 3, 1, 1, 1, 1, 1, 1, 1, 1, 1, 1, 1, 1, 1, 1, 1, 1, 1, 1, 3, 2, 3, 3, 3, 3, 1, 3, 1, 1, 1, 3, 2, 1, 1, 1, 1, 2, 1, 3, 1, 1, 1, 1, 1, 1, 1, 1, 1, 1, 1, 1, 1, 1, 1, 1, 3, 1, 3, 1, 3, 3, 1, 3, 1, 1, 1, 1, 1, 1, 1, 1, 1, 1, 1, 1, 3, 1, 1, 3, 1, 1, 1, 1, 3, 3, 3, 3, 3, 1, 1, 1, 1, 1, 1, 1, 1, 3, 1, 3, 1, 1, 3, 1, 1, 1, 1, 1, 1, 1, 1, 1, 3, 1, 1, 2, 1, 2, 1, 3, 3, 2, 1, 2, 3, 3, 3, 3, 3, 2, 1, 1, 3, 3, 3, 3, 3, 3, 3, 3, 3, 2, 3, 3, 1, 2, 3, 1, 1, 1, 1, 3, 1, 1, 2, 1, 3, 1, 1, 3, 1, 1, 3, 3, 3, 3, 3, 1, 1, 1, 1, 2, 3, 3, 3, 3, 2, 3, 3, 1, 1, 1, 1, 2, 1, 1, 1, 1, 1, 1, 1, 1, 1, 1, 2, 1, 1, 1, 1, 3, 3, 1, 2, 1, 1, 1, 1, 2, 1, 1, 1, 1, 3, 3, 3, 3, 3, 1, 1, 1, 1, 1, 1, 2, 1, 1, 3, 1, 1, 1, 3, 3, 3, 3, 3, 3, 3, 3, 1, 3, 1, 1, 1, 3, 1, 3, 3, 1, 2, 3, 1, 1, 1, 1, 3, 1, 1, 1, 3, 3, 3, 3, 3, 3, 1, 1, 3, 3, 1, 1, 1, 1, 1, 1, 1, 1, 1, 1, 1, 1, 3, 3, 3, 3, 3, 2, 3, 3, 3, 1, 3, 3, 3, 3, 3, 3, 1, 1, 1, 3, 3, 3, 3, 3]
02/23/2023 13:14:51:INFO: 预测标签: 
 [2, 1, 1, 2, 3, 1, 1, 1, 1, 1, 2, 1, 2, 1, 2, 2, 2, 1, 2, 1, 2, 2, 2, 2, 3, 1, 2, 2, 2, 2, 1, 2, 2, 1, 1, 1, 1, 1, 3, 2, 1, 3, 3, 1, 2, 2, 2, 2, 2, 2, 2, 3, 2, 1, 2, 2, 3, 2, 2, 2, 2, 1, 2, 1, 2, 3, 1, 2, 2, 1, 3, 3, 2, 3, 2, 3, 2, 2, 2, 1, 2, 1, 1, 2, 2, 2, 1, 2, 1, 2, 2, 2, 2, 2, 2, 2, 3, 2, 2, 2, 2, 2, 1, 1, 2, 1, 2, 2, 2, 2, 2, 2, 1, 2, 2, 2, 2, 2, 2, 3, 3, 2, 1, 2, 1, 2, 2, 3, 1, 1, 2, 2, 2, 2, 1, 3, 2, 1, 2, 1, 2, 2, 2, 1, 1, 1, 1, 2, 1, 2, 1, 3, 3, 2, 1, 2, 2, 2, 3, 3, 1, 1, 2, 2, 2, 2, 2, 2, 1, 1, 1, 1, 2, 1, 1, 3, 3, 1, 2, 1, 3, 3, 3, 1, 1, 2, 1, 3, 1, 2, 1, 1, 2, 2, 2, 1, 1, 2, 3, 2, 1, 3, 2, 2, 2, 1, 1, 1, 1, 1, 2, 3, 3, 2, 2, 2, 3, 2, 1, 2, 3, 2, 2, 1, 2, 3, 2, 1, 1, 3, 2, 3, 2, 2, 2, 3, 3, 1, 2, 2, 2, 2, 2, 1, 2, 2, 1, 2, 2, 1, 1, 2, 2, 1, 2, 1, 1, 2, 3, 3, 3, 2, 3, 1, 1, 1, 1, 2, 1, 3, 3, 2, 2, 2, 3, 2, 1, 2, 2, 2, 2, 2, 2, 1, 2, 1, 3, 2, 1, 1, 2, 1, 1, 1, 2, 3, 3, 2, 2, 2, 1, 1, 1, 2, 2, 2, 2, 2, 3, 2, 3, 2, 3, 2, 3, 2, 2, 3, 2, 2, 3, 1, 3, 2, 1, 1, 3, 2, 3, 1, 1, 2, 2, 3, 2, 1, 2, 3, 2, 2, 2, 1, 2, 1, 2, 1, 2, 2, 1, 2, 3, 1, 1, 1, 2, 1, 3, 3, 2, 2, 2, 2, 2, 3, 1, 2, 1, 2, 2, 1, 2, 1, 1, 2, 2, 2, 2, 3, 2, 3, 3, 1, 3, 3, 2, 2, 3, 3, 2, 2, 3, 2, 3, 2, 1, 1, 2, 2, 2, 3]
02/23/2023 13:14:51:INFO: ---------Evaluated Metrics----------
02/23/2023 13:14:51:INFO: Accuracy: 0.43.
02/23/2023 13:14:51:INFO: Macro Precision: 0.5538418422585304.
02/23/2023 13:14:51:INFO: Macro Recall: 0.5044062069828558.
02/23/2023 13:14:51:INFO: Macro F1 score: 0.41260976711901204.
02/23/2023 13:14:51:INFO: ---------confusion_matrix----------
02/23/2023 13:14:51:INFO: 
[[ 99 130  15]
 [  6  17   2]
 [ 17  58  56]]
02/23/2023 13:14:51:INFO: 模型效果验证详情: {'位置第一个显示标签': 111, '其他位置有情感标签': 0, '全句没有情感标签': 0}.
02/23/2023 13:14:51:INFO: ----------------------Testing finished.------------------------
02/23/2023 13:14:51:INFO: bengio.
